











    <url>
      <loc>https://www.pagalsongs.online/4-g-ka-jamana-mp3-song-download</loc>
    </url>
    <url>
      <loc>https://www.pagalsongs.online/dug-dug-mp3-song-download</loc>
    </url>
    <url>
      <loc>https://www.pagalsongs.online/haan-ke-haan-mp3-song-download</loc>
    </url>
    <url>
      <loc>https://www.pagalsongs.online/kaathu-mela-mp3-song-download</loc>
    </url>
    <url>
      <loc>https://www.pagalsongs.online/cheli-aale-shok-kade-na-paale-baba-ne-mp3-song-download</loc>
    </url>
    <url>
      <loc>https://www.pagalsongs.online/balamuwa-ke-ballam-mp3-song-download</loc>
    </url>
    <url>
      <loc>https://www.pagalsongs.online/choudhar-mp3-song-download</loc>
    </url>
    <url>
      <loc>https://www.pagalsongs.online/pinhan-mp3-song-download</loc>
    </url>
    <url>
      <loc>https://www.pagalsongs.online/raksha-bandhan-2024-special-mashup-mp3-song-download</loc>
    </url>
    <url>
      <loc>https://www.pagalsongs.online/meri-rakhi-ki-dor-kabhi-hona-kamjor-mp3-song-download</loc>
    </url>
    <url>
      <loc>https://www.pagalsongs.online/phoolon-ka-taron-ka-sabka-kehna-hai-mp3-song-download</loc>
    </url>
    <url>
      <loc>https://www.pagalsongs.online/behna-ne-bhai-ki-kalai-pe-pyar-bandha-hai-mp3-song-download</loc>
    </url>
    <url>
      <loc>https://www.pagalsongs.online/ek-hazaaron-mein-meri-behna-hai-mp3-song-download</loc>
    </url>
    <url>
      <loc>https://www.pagalsongs.online/bhai-bahen-ka-pyar-mp3-song-download</loc>
    </url>
    <url>
      <loc>https://www.pagalsongs.online/bhaiya-mere-rakhi-ke-bandhan-ko-nibhana-mp3-song-download</loc>
    </url>
    <url>
      <loc>https://www.pagalsongs.online/meri-bahena-mp3-song-download</loc>
    </url>
    <url>
      <loc>https://www.pagalsongs.online/yeh-bandhan-dilo-ke-bandhan-mp3-song-download</loc>
    </url>
    <url>
      <loc>https://www.pagalsongs.online/monsoon-romantic-love-mashup-2024-mp3-song-download</loc>
    </url>
    <url>
      <loc>https://www.pagalsongs.online/best-of-arijit-singh-2024-mp3-song-download</loc>
    </url>
    <url>
      <loc>https://www.pagalsongs.online/damn-daddy-mp3-song-download</loc>
    </url>
    <url>
      <loc>https://www.pagalsongs.online/mukke-paye-si-mp3-song-download-0</loc>
    </url>
    <url>
      <loc>https://www.pagalsongs.online/man-mandir-mein-saje-bihari-mp3-song-download</loc>
    </url>
    <url>
      <loc>https://www.pagalsongs.online/mann-mandir-mein-saje-bihari-female-version-ringtone-mp3-song-download</loc>
    </url>
    <url>
      <loc>https://www.pagalsongs.online/navv-inder-surma-mp3-song-download</loc>
    </url>
    <url>
      <loc>https://www.pagalsongs.online/mera-khayal-mp3-song-download</loc>
    </url>
    <url>
      <loc>https://www.pagalsongs.online/panghat-mp3-song-download</loc>
    </url>
    <url>
      <loc>https://www.pagalsongs.online/govinda-gopala-mp3-song-download</loc>
    </url>
    <url>
      <loc>https://www.pagalsongs.online/tu-juliet-jatt-di-remix-dj-volcanik-mp3-song-download</loc>
    </url>
    <url>
      <loc>https://www.pagalsongs.online/natkhat-krishna-mp3-song-download</loc>
    </url>
    <url>
      <loc>https://www.pagalsongs.online/doorbell-mp3-song-download</loc>
    </url>
    <url>
      <loc>https://www.pagalsongs.online/lahore-dikhade-mp3-song-download</loc>
    </url>
    <url>
      <loc>https://www.pagalsongs.online/dil-tu-jaan-tu-mp3-song-download</loc>
    </url>
    <url>
      <loc>https://www.pagalsongs.online/jiyra-ke-jari-raha-mp3-song-download</loc>
    </url>
    <url>
      <loc>https://www.pagalsongs.online/o-pilaga-venkatesh-mp3-song-download</loc>
    </url>
    <url>
      <loc>https://www.pagalsongs.online/shri-krishna-govind-mp3-song-download</loc>
    </url>
    <url>
      <loc>https://www.pagalsongs.online/aha-tamatar-bade-mazedaar-mp3-song-download</loc>
    </url>
    <url>
      <loc>https://www.pagalsongs.online/jalwa-jalwa-mp3-song-download</loc>
    </url>
    <url>
      <loc>https://www.pagalsongs.online/sare-jahan-se-achha-hindustan-hamara-mp3-song-download</loc>
    </url>
    <url>
      <loc>https://www.pagalsongs.online/independence-day-mashup-2024-nonstop-mp3-song-download</loc>
    </url>
    <url>
      <loc>https://www.pagalsongs.online/independence-day-mashup-2024-15-august-special-mp3-song-download</loc>
    </url>
    <url>
      <loc>https://www.pagalsongs.online/independence-day-mashup-2024-visual-galaxy-mp3-song-download</loc>
    </url>
    <url>
      <loc>https://www.pagalsongs.online/trump-mp3-song-download</loc>
    </url>
    <url>
      <loc>https://www.pagalsongs.online/des-rangila-mp3-song-download</loc>
    </url>
    <url>
      <loc>https://www.pagalsongs.online/tere-ho-ke-mp3-song-download</loc>
    </url>
    <url>
      <loc>https://www.pagalsongs.online/lobby-talk-mp3-song-download</loc>
    </url>
    <url>
      <loc>https://www.pagalsongs.online/baari-barsi-mp3-song-download</loc>
    </url>
    <url>
      <loc>https://www.pagalsongs.online/chal-ve-dilaa-mp3-song-download</loc>
    </url>
    <url>
      <loc>https://www.pagalsongs.online/we-comin-mp3-song-download</loc>
    </url>
    <url>
      <loc>https://www.pagalsongs.online/ranjha-mirza-mp3-song-download</loc>
    </url>
    <url>
      <loc>https://www.pagalsongs.online/independence-day-2024-special-mp3-song-download</loc>
    </url>
    <url>
      <loc>https://www.pagalsongs.online/desh-bhakti-songs-2024-mp3-song-download</loc>
    </url>
    <url>
      <loc>https://www.pagalsongs.online/15-august-2024-special-mp3-song-download</loc>
    </url>
    <url>
      <loc>https://www.pagalsongs.online/aye-watan-tere-liye-mp3-song-download</loc>
    </url>
    <url>
      <loc>https://www.pagalsongs.online/indian-national-anthem-mp3-song-download</loc>
    </url>
    <url>
      <loc>https://www.pagalsongs.online/indian-national-anthem-instrumental-mp3-song-download</loc>
    </url>
    <url>
      <loc>https://www.pagalsongs.online/a-r-rahman-vande-mataram-mp3-song-download</loc>
    </url>
    <url>
      <loc>https://www.pagalsongs.online/lata-mangeshkar-vande-mataram-mp3-song-download</loc>
    </url>
    <url>
      <loc>https://www.pagalsongs.online/a-r-rahman-maa-tujhe-salaam-mp3-song-download</loc>
    </url>
    <url>
      <loc>https://www.pagalsongs.online/radha-krishna-mashup-2024-mp3-song-download</loc>
    </url>
    <url>
      <loc>https://www.pagalsongs.online/-govind-bolo-mp3-song-download</loc>
    </url>
    <url>
      <loc>https://www.pagalsongs.online/bawrey-mp3-song-download</loc>
    </url>
    <url>
      <loc>https://www.pagalsongs.online/bharat-mata-ki-jai-mp3-song-download</loc>
    </url>
    <url>
      <loc>https://www.pagalsongs.online/shambhu-re-mp3-song-download</loc>
    </url>
    <url>
      <loc>https://www.pagalsongs.online/nadiya-kinare-mp3-song-download</loc>
    </url>
    <url>
      <loc>https://www.pagalsongs.online/zindagi-ban-gaye-mp3-song-download</loc>
    </url>
    <url>
      <loc>https://www.pagalsongs.online/saanwre-shyam-mp3-song-download</loc>
    </url>
    <url>
      <loc>https://www.pagalsongs.online/krishna-deewani-mp3-song-download</loc>
    </url>
    <url>
      <loc>https://www.pagalsongs.online/mahadev-shiv-shambhu-mashup-2024-dip-sr-mp3-song-download</loc>
    </url>
    <url>
      <loc>https://www.pagalsongs.online/suniyan-suniyan-remix-debb-mp3-song-download</loc>
    </url>
    <url>
      <loc>https://www.pagalsongs.online/sadiya-mp3-song-download</loc>
    </url>
    <url>
      <loc>https://www.pagalsongs.online/laareyan-mp3-song-download</loc>
    </url>
    <url>
      <loc>https://www.pagalsongs.online/independence-day-mashup-2024-mp3-song-download</loc>
    </url>
    <url>
      <loc>https://www.pagalsongs.online/bhala-mp3-song-download</loc>
    </url>
    <url>
      <loc>https://www.pagalsongs.online/kabhi-jo-badal-monsoon-mashup-2024-mp3-song-download</loc>
    </url>
    <url>
      <loc>https://www.pagalsongs.online/ranjha-beimaan-mp3-song-download</loc>
    </url>
    <url>
      <loc>https://www.pagalsongs.online/khushi-pandher-gurlez-akhtar-warning-mp3-song-download</loc>
    </url>
    <url>
      <loc>https://www.pagalsongs.online/sau-khake-mp3-song-download</loc>
    </url>
    <url>
      <loc>https://www.pagalsongs.online/khoobsurat-mp3-song-download</loc>
    </url>
    <url>
      <loc>https://www.pagalsongs.online/suniyan-suniyan-feel-love-mashup-mp3-song-download</loc>
    </url>
    <url>
      <loc>https://www.pagalsongs.online/old-money-mp3-song-download</loc>
    </url>
    <url>
      <loc>https://www.pagalsongs.online/death-way-mp3-song-download</loc>
    </url>
    <url>
      <loc>https://www.pagalsongs.online/infinity-mp3-song-download</loc>
    </url>
    <url>
      <loc>https://www.pagalsongs.online/gandhi-3-yarran-da-yaar-chann-mp3-song-download</loc>
    </url>
    <url>
      <loc>https://www.pagalsongs.online/shikari-mp3-song-download</loc>
    </url>
    <url>
      <loc>https://www.pagalsongs.online/umraan-lameriyan-mp3-song-download</loc>
    </url>
    <url>
      <loc>https://www.pagalsongs.online/do-u-know-mp3-song-download</loc>
    </url>
    <url>
      <loc>https://www.pagalsongs.online/dhola-mp3-song-download</loc>
    </url>
    <url>
      <loc>https://www.pagalsongs.online/dam-rakh-di-mp3-song-download</loc>
    </url>
    <url>
      <loc>https://www.pagalsongs.online/rang-de-basanti-mp3-song-download</loc>
    </url>
    <url>
      <loc>https://www.pagalsongs.online/dheere-dheere-mp3-song-download</loc>
    </url>
    <url>
      <loc>https://www.pagalsongs.online/ve-ranjheya-mp3-song-download</loc>
    </url>
    <url>
      <loc>https://www.pagalsongs.online/chalge-chalge-mp3-song-download</loc>
    </url>
    <url>
      <loc>https://www.pagalsongs.online/chuttamalle-mp3-song-download</loc>
    </url>
    <url>
      <loc>https://www.pagalsongs.online/tumhare-hi-rahenge-hum-mp3-song-download</loc>
    </url>
    <url>
      <loc>https://www.pagalsongs.online/nagri-nagri-mp3-song-download</loc>
    </url>
    <url>
      <loc>https://www.pagalsongs.online/mehndi-mp3-song-download</loc>
    </url>
    <url>
      <loc>https://www.pagalsongs.online/dil-vasda-mp3-song-download</loc>
    </url>
    <url>
      <loc>https://www.pagalsongs.online/kale-kale-mp3-song-download</loc>
    </url>
    <url>
      <loc>https://www.pagalsongs.online/ay-watan-mp3-song-download</loc>
    </url>
    <url>
      <loc>https://www.pagalsongs.online/mombattiye-mp3-song-download</loc>
    </url>
    <url>
      <loc>https://www.pagalsongs.online/kya-haal-hai-mp3-song-download</loc>
    </url>
    <url>
      <loc>https://www.pagalsongs.online/masle-mp3-song-download</loc>
    </url>
    <url>
      <loc>https://www.pagalsongs.online/chalda-ae-naa-mp3-song-download</loc>
    </url>
    <url>
      <loc>https://www.pagalsongs.online/oscar-mp3-song-download</loc>
    </url>
    <url>
      <loc>https://www.pagalsongs.online/nadaaniyan-mashup-harshal-music-mp3-song-download</loc>
    </url>
    <url>
      <loc>https://www.pagalsongs.online/aayi-nahi-mp3-song-download</loc>
    </url>
    <url>
      <loc>https://www.pagalsongs.online/spark-mp3-song-download</loc>
    </url>
    <url>
      <loc>https://www.pagalsongs.online/yaari-hai-mp3-song-download</loc>
    </url>
    <url>
      <loc>https://www.pagalsongs.online/best-friendship-day-2024-special-mp3-song-download</loc>
    </url>
    <url>
      <loc>https://www.pagalsongs.online/tere-jaisa-yaar-kahan-mp3-song-download</loc>
    </url>
    <url>
      <loc>https://www.pagalsongs.online/yaara-teri-yaari-mp3-song-download</loc>
    </url>
    <url>
      <loc>https://www.pagalsongs.online/friendship-day-mashup-2024-mp3-song-download</loc>
    </url>
    <url>
      <loc>https://www.pagalsongs.online/yaaro-ki-mehfi-mp3-song-download</loc>
    </url>
    <url>
      <loc>https://www.pagalsongs.online/jo-tum-mere-ho-mp3-song-download</loc>
    </url>
    <url>
      <loc>https://www.pagalsongs.online/seva-me-bani-bhole-baba-ke-mp3-song-download</loc>
    </url>
    <url>
      <loc>https://www.pagalsongs.online/trp-mp3-song-download</loc>
    </url>
    <url>
      <loc>https://www.pagalsongs.online/good-news-mp3-song-download</loc>
    </url>
    <url>
      <loc>https://www.pagalsongs.online/aaj-ki-raat-maza-husn-ka-aankhon-se-lijiye-mp3-song-download</loc>
    </url>
    <url>
      <loc>https://www.pagalsongs.online/bhole-mp3-song-download</loc>
    </url>
    <url>
      <loc>https://www.pagalsongs.online/aayi-nai-mp3-song-download</loc>
    </url>
    <url>
      <loc>https://www.pagalsongs.online/ishaq-rangtaari-mp3-song-download</loc>
    </url>
    <url>
      <loc>https://www.pagalsongs.online/saaj-bhatt-teri-meri-yaari-mp3-song-download</loc>
    </url>
    <url>
      <loc>https://www.pagalsongs.online/pyaar-meri-jholi-main-mp3-song-download</loc>
    </url>
    <url>
      <loc>https://www.pagalsongs.online/blood-report-mp3-song-download</loc>
    </url>
    <url>
      <loc>https://www.pagalsongs.online/i-am-blessed-mp3-song-download</loc>
    </url>
    <url>
      <loc>https://www.pagalsongs.online/ghund-mp3-song-download</loc>
    </url>
    <url>
      <loc>https://www.pagalsongs.online/tedi-medi-tumse-milke-mp3-song-download</loc>
    </url>
    <url>
      <loc>https://www.pagalsongs.online/haste-haste-mp3-song-download</loc>
    </url>
    <url>
      <loc>https://www.pagalsongs.online/haryane-ka-jaat-mp3-song-download</loc>
    </url>
    <url>
      <loc>https://www.pagalsongs.online/hook-raja-ji-mp3-song-download</loc>
    </url>
    <url>
      <loc>https://www.pagalsongs.online/o-pilaga-venkati-mp3-song-download</loc>
    </url>
    <url>
      <loc>https://www.pagalsongs.online/cheli-mp3-song-download</loc>
    </url>
    <url>
      <loc>https://www.pagalsongs.online/mere-mehboob-mere-sanam-bad-newz-mp3-song-download</loc>
    </url>
    <url>
      <loc>https://www.pagalsongs.online/talwiinder-tu-mp3-song-download</loc>
    </url>
    <url>
      <loc>https://www.pagalsongs.online/hawa-mohabbat-mp3-song-download</loc>
    </url>
    <url>
      <loc>https://www.pagalsongs.online/mahadev-tera-naam-mp3-song-download</loc>
    </url>
    <url>
      <loc>https://www.pagalsongs.online/dur-na-karin-mp3-song-download</loc>
    </url>
    <url>
      <loc>https://www.pagalsongs.online/punjabi-munde-mp3-song-download</loc>
    </url>
    <url>
      <loc>https://www.pagalsongs.online/o-biba-mainu-dur-na-karin-mp3-song-download</loc>
    </url>
    <url>
      <loc>https://www.pagalsongs.online/whats-up-mp3-song-download</loc>
    </url>
    <url>
      <loc>https://www.pagalsongs.online/duur-na-karin-mp3-song-download</loc>
    </url>
    <url>
      <loc>https://www.pagalsongs.online/party-fever-mp3-song-download</loc>
    </url>
    <url>
      <loc>https://www.pagalsongs.online/baby-kaise-maanogi-mp3-song-download</loc>
    </url>
    <url>
      <loc>https://www.pagalsongs.online/vass-chalda-mp3-song-download</loc>
    </url>
    <url>
      <loc>https://www.pagalsongs.online/mattoo-bros-koka-mp3-song-download</loc>
    </url>
    <url>
      <loc>https://www.pagalsongs.online/najare-mp3-song-download</loc>
    </url>
    <url>
      <loc>https://www.pagalsongs.online/best-of-shravan-shiv-bhajans-lofi-mp3-song-download</loc>
    </url>
    <url>
      <loc>https://www.pagalsongs.online/shiva-choudhary-hanji-hanji-mp3-song-download</loc>
    </url>
    <url>
      <loc>https://www.pagalsongs.online/joban-sandhu-supna-mp3-song-download</loc>
    </url>
    <url>
      <loc>https://www.pagalsongs.online/chalis-mp3-song-download</loc>
    </url>
    <url>
      <loc>https://www.pagalsongs.online/mere-mehboob-mere-sanam-remix-dj-dharak-mp3-song-download</loc>
    </url>
    <url>
      <loc>https://www.pagalsongs.online/saajna-mp3-song-download</loc>
    </url>
    <url>
      <loc>https://www.pagalsongs.online/chale-hai-shankar-mp3-song-download</loc>
    </url>
    <url>
      <loc>https://www.pagalsongs.online/give-it-all-away-jaane-jaana-mp3-song-download</loc>
    </url>
    <url>
      <loc>https://www.pagalsongs.online/monsoon-special-mashup-2024-mp3-song-download</loc>
    </url>
    <url>
      <loc>https://www.pagalsongs.online/kider-manzil-mp3-song-download</loc>
    </url>
    <url>
      <loc>https://www.pagalsongs.online/thats-the-one-mp3-song-download</loc>
    </url>
    <url>
      <loc>https://www.pagalsongs.online/bihure-logon-2-0-mp3-song-download</loc>
    </url>
    <url>
      <loc>https://www.pagalsongs.online/muhammad-ali-mp3-song-download</loc>
    </url>
    <url>
      <loc>https://www.pagalsongs.online/tera-main-intezaar-mp3-song-download</loc>
    </url>
    <url>
      <loc>https://www.pagalsongs.online/barks-mp3-song-download</loc>
    </url>
    <url>
      <loc>https://www.pagalsongs.online/gentleman-mp3-song-download</loc>
    </url>
    <url>
      <loc>https://www.pagalsongs.online/shiva-the-damru-ala-mp3-song-download</loc>
    </url>
    <url>
      <loc>https://www.pagalsongs.online/dekhha-tenu-pehli-pehli-baar-ve-remix-dj-shadow-dubai-mp3-song-download</loc>
    </url>
    <url>
      <loc>https://www.pagalsongs.online/hauli-hauli-mp3-song-download</loc>
    </url>
    <url>
      <loc>https://www.pagalsongs.online/punjab-mp3-song-download</loc>
    </url>
    <url>
      <loc>https://www.pagalsongs.online/suit-mp3-song-download</loc>
    </url>
    <url>
      <loc>https://www.pagalsongs.online/baarishein-aa-gayi-mp3-song-download</loc>
    </url>
    <url>
      <loc>https://www.pagalsongs.online/chhoti-chhoti-aankhen-mp3-song-download</loc>
    </url>
    <url>
      <loc>https://www.pagalsongs.online/aaj-ki-raat-mp3-song-download</loc>
    </url>
    <url>
      <loc>https://www.pagalsongs.online/tere-bin-x-o-sajni-re-mp3-song-download</loc>
    </url>
    <url>
      <loc>https://www.pagalsongs.online/sifat-mp3-song-download</loc>
    </url>
    <url>
      <loc>https://www.pagalsongs.online/love-route-mp3-song-download</loc>
    </url>
    <url>
      <loc>https://www.pagalsongs.online/pari-mp3-song-download</loc>
    </url>
    <url>
      <loc>https://www.pagalsongs.online/gurpreet-marwah-suit-mp3-song-download</loc>
    </url>
    <url>
      <loc>https://www.pagalsongs.online/raj-mawar-balle-balle-mp3-song-download</loc>
    </url>
    <url>
      <loc>https://www.pagalsongs.online/inni-soni-mp3-song-download</loc>
    </url>
    <url>
      <loc>https://www.pagalsongs.online/mind-relax-lofi-mp3-song-download</loc>
    </url>
    <url>
      <loc>https://www.pagalsongs.online/aaj-phir-jeene-ki-tamanna-hai-mp3-song-download</loc>
    </url>
    <url>
      <loc>https://www.pagalsongs.online/hum-tum-milte-hai-mp3-song-download</loc>
    </url>
    <url>
      <loc>https://www.pagalsongs.online/aunty-ji-mp3-song-download</loc>
    </url>
    <url>
      <loc>https://www.pagalsongs.online/kyu-mp3-song-download</loc>
    </url>
    <url>
      <loc>https://www.pagalsongs.online/envy-mp3-song-download</loc>
    </url>
    <url>
      <loc>https://www.pagalsongs.online/kanguva-fire-mp3-song-download</loc>
    </url>
    <url>
      <loc>https://www.pagalsongs.online/trending-hindi-love-instagram-lofi-mp3-song-download</loc>
    </url>
    <url>
      <loc>https://www.pagalsongs.online/mind-relax-lofi-meshup-mp3-song-download</loc>
    </url>
    <url>
      <loc>https://www.pagalsongs.online/udaarian-mp3-song-download</loc>
    </url>
    <url>
      <loc>https://www.pagalsongs.online/tich-button-mp3-song-download</loc>
    </url>
    <url>
      <loc>https://www.pagalsongs.online/criminal-mp3-song-download</loc>
    </url>
    <url>
      <loc>https://www.pagalsongs.online/a-message-for-you-mp3-song-download</loc>
    </url>
    <url>
      <loc>https://www.pagalsongs.online/preacher-mp3-song-download</loc>
    </url>
    <url>
      <loc>https://www.pagalsongs.online/tujhe-dekha-toh-mp3-song-download</loc>
    </url>
    <url>
      <loc>https://www.pagalsongs.online/eid-ban-jaa-mp3-song-download</loc>
    </url>
    <url>
      <loc>https://www.pagalsongs.online/shaukan-mp3-song-download</loc>
    </url>
    <url>
      <loc>https://www.pagalsongs.online/mahadev-mp3-song-download</loc>
    </url>
    <url>
      <loc>https://www.pagalsongs.online/mera-bhola-mp3-song-download</loc>
    </url>
    <url>
      <loc>https://www.pagalsongs.online/the-mahadev-mashup-2024-mp3-song-download</loc>
    </url>
    <url>
      <loc>https://www.pagalsongs.online/vohi-hai-damru-wala-mp3-song-download</loc>
    </url>
    <url>
      <loc>https://www.pagalsongs.online/nonstop-shiv-ji-ke-bhajan-sawan-special-2024-mp3-song-download</loc>
    </url>
    <url>
      <loc>https://www.pagalsongs.online/nonstop-shiv-ji-ke-bhajan-mp3-song-download</loc>
    </url>
    <url>
      <loc>https://www.pagalsongs.online/sawan-2024-special-bhajan-mp3-song-download</loc>
    </url>
    <url>
      <loc>https://www.pagalsongs.online/rabb-warga-slowed-reverb-mp3-song-download</loc>
    </url>
    <url>
      <loc>https://www.pagalsongs.online/jaanam-remix-aftermorning-mp3-song-download</loc>
    </url>
    <url>
      <loc>https://www.pagalsongs.online/umraan-tak-mp3-song-download</loc>
    </url>
    <url>
      <loc>https://www.pagalsongs.online/palang-tutela-mp3-song-download</loc>
    </url>
    <url>
      <loc>https://www.pagalsongs.online/chela-bhole-ka-mp3-song-download</loc>
    </url>
    <url>
      <loc>https://www.pagalsongs.online/kal-ki-baat-mp3-song-download</loc>
    </url>
    <url>
      <loc>https://www.pagalsongs.online/bati-kat-gaya-re-mp3-song-download</loc>
    </url>
    <url>
      <loc>https://www.pagalsongs.online/lofar-mp3-song-download</loc>
    </url>
    <url>
      <loc>https://www.pagalsongs.online/nisha-bhatt-iski-bhen-ki-maje-maje-mp3-song-download</loc>
    </url>
    <url>
      <loc>https://www.pagalsongs.online/jaan-mare-jhulaniya-na-mp3-song-download</loc>
    </url>
    <url>
      <loc>https://www.pagalsongs.online/chulha-alage-jari-mp3-song-download</loc>
    </url>
    <url>
      <loc>https://www.pagalsongs.online/akshath-nadaaniyaan-mp3-song-download</loc>
    </url>
    <url>
      <loc>https://www.pagalsongs.online/juss-suniyan-suniyan-mp3-song-download</loc>
    </url>
    <url>
      <loc>https://www.pagalsongs.online/husn-tera-tauba-tauba-song-download</loc>
    </url>
    <url>
      <loc>https://www.pagalsongs.online/bollywood-party-mega-mashup-2024-dj-avi-mp3-song-download</loc>
    </url>
    <url>
      <loc>https://www.pagalsongs.online/pyaar-humara-mp3-song-download</loc>
    </url>
    <url>
      <loc>https://www.pagalsongs.online/punjabi-mega-mashup-2024-dip-sr-x-pritz-mp3-song-download</loc>
    </url>
    <url>
      <loc>https://www.pagalsongs.online/mystic-eyes-mp3-song-download</loc>
    </url>
    <url>
      <loc>https://www.pagalsongs.online/bach-bach-mp3-song-download</loc>
    </url>
    <url>
      <loc>https://www.pagalsongs.online/karan-aujla-husn-tera-tauba-tauba-mp3-song-download</loc>
    </url>
    <url>
      <loc>https://www.pagalsongs.online/heater-mp3-song-download</loc>
    </url>
    <url>
      <loc>https://www.pagalsongs.online/dhokha-degya-mp3-song-download</loc>
    </url>
    <url>
      <loc>https://www.pagalsongs.online/nikk-jealous-mp3-song-download</loc>
    </url>
    <url>
      <loc>https://www.pagalsongs.online/one-up-mp3-song-download</loc>
    </url>
    <url>
      <loc>https://www.pagalsongs.online/y-d-g-mp3-song-download</loc>
    </url>
    <url>
      <loc>https://www.pagalsongs.online/karan-aujla-antidote-mp3-song-download</loc>
    </url>
    <url>
      <loc>https://www.pagalsongs.online/who-they-mp3-song-download</loc>
    </url>
    <url>
      <loc>https://www.pagalsongs.online/tikka-mp3-song-download</loc>
    </url>
    <url>
      <loc>https://www.pagalsongs.online/jeeja-mp3-song-download</loc>
    </url>
    <url>
      <loc>https://www.pagalsongs.online/pitbull-mp3-song-download</loc>
    </url>
    <url>
      <loc>https://www.pagalsongs.online/love-you-bhole-mp3-song-download</loc>
    </url>
    <url>
      <loc>https://www.pagalsongs.online/tere-warga-ishq-mp3-song-download</loc>
    </url>
    <url>
      <loc>https://www.pagalsongs.online/mahadev-mil-jayenge-mp3-song-download</loc>
    </url>
    <url>
      <loc>https://www.pagalsongs.online/neeti-mohan-rabb-warga-mp3-song-download</loc>
    </url>
    <url>
      <loc>https://www.pagalsongs.online/haule-sajna-mp3-song-download</loc>
    </url>
    <url>
      <loc>https://www.pagalsongs.online/raula-raula-mp3-song-download</loc>
    </url>
    <url>
      <loc>https://www.pagalsongs.online/haule-haule-mp3-song-download</loc>
    </url>
    <url>
      <loc>https://www.pagalsongs.online/rabb-warga-mp3-song-download</loc>
    </url>
    <url>
      <loc>https://www.pagalsongs.online/sajan-more-mp3-song-download</loc>
    </url>
    <url>
      <loc>https://www.pagalsongs.online/ncr-aale-mp3-song-download</loc>
    </url>
    <url>
      <loc>https://www.pagalsongs.online/thar-wich-mp3-song-download</loc>
    </url>
    <url>
      <loc>https://www.pagalsongs.online/gandasa-mp3-song-download</loc>
    </url>
    <url>
      <loc>https://www.pagalsongs.online/dynex-patli-kamar-mp3-song-download</loc>
    </url>
    <url>
      <loc>https://www.pagalsongs.online/meethi-boliyaan-mp3-song-download</loc>
    </url>
    <url>
      <loc>https://www.pagalsongs.online/you-will-regret-mashup-bicky-official-mp3-song-download</loc>
    </url>
    <url>
      <loc>https://www.pagalsongs.online/suniya-suniya-mashup-naresh-parmar-mp3-song-download</loc>
    </url>
    <url>
      <loc>https://www.pagalsongs.online/mera-ladoo-mp3-song-download</loc>
    </url>
    <url>
      <loc>https://www.pagalsongs.online/ye-baarish-alag-hai-mp3-song-download</loc>
    </url>
    <url>
      <loc>https://www.pagalsongs.online/baar-baar-mp3-song-download</loc>
    </url>
    <url>
      <loc>https://www.pagalsongs.online/amanraj-gill-current-mp3-song-download</loc>
    </url>
    <url>
      <loc>https://www.pagalsongs.online/another-love-song-mp3-song-download</loc>
    </url>
    <url>
      <loc>https://www.pagalsongs.online/zor-ki-barsaat-hui-slowed-reverb-mp3-song-download</loc>
    </url>
    <url>
      <loc>https://www.pagalsongs.online/wo-shri-radha-rani-hai-mp3-song-download</loc>
    </url>
    <url>
      <loc>https://www.pagalsongs.online/husn-tera-tauba-tauba-tauba-tauba-mp3-song-download</loc>
    </url>
    <url>
      <loc>https://www.pagalsongs.online/ankhiyon-da-noor-mp3-song-download</loc>
    </url>
    <url>
      <loc>https://www.pagalsongs.online/oh-please-mp3-song-download</loc>
    </url>
    <url>
      <loc>https://www.pagalsongs.online/iss-barsaat-mp3-song-download</loc>
    </url>
    <url>
      <loc>https://www.pagalsongs.online/tauba-tauba-remix-dj-ravish-dj-chico-mp3-song-download</loc>
    </url>
    <url>
      <loc>https://www.pagalsongs.online/dil-tuteya-mp3-song-download</loc>
    </url>
    <url>
      <loc>https://www.pagalsongs.online/shivay-anthem-mp3-song-download</loc>
    </url>
    <url>
      <loc>https://www.pagalsongs.online/aghori-3-mp3-song-download</loc>
    </url>
    <url>
      <loc>https://www.pagalsongs.online/zor-ki-barsaat-hui-mp3-song-download</loc>
    </url>
    <url>
      <loc>https://www.pagalsongs.online/garry-sandhu-addiction-mp3-song-download</loc>
    </url>
    <url>
      <loc>https://www.pagalsongs.online/mere-mehboob-mere-sanam-mp3-song-download</loc>
    </url>
    <url>
      <loc>https://www.pagalsongs.online/the-end-mp3-song-download</loc>
    </url>
    <url>
      <loc>https://www.pagalsongs.online/saiyaara-remix-aftermorning-mp3-song-download</loc>
    </url>
    <url>
      <loc>https://www.pagalsongs.online/bhole-bhandari-mp3-song-download</loc>
    </url>
    <url>
      <loc>https://www.pagalsongs.online/jhooth-keha-mp3-song-download</loc>
    </url>
    <url>
      <loc>https://www.pagalsongs.online/raniye-mp3-song-download</loc>
    </url>
    <url>
      <loc>https://www.pagalsongs.online/husn-irani-mp3-song-download</loc>
    </url>
    <url>
      <loc>https://www.pagalsongs.online/suttebaaz-haseena-mp3-song-download</loc>
    </url>
    <url>
      <loc>https://www.pagalsongs.online/hawai-fire-mp3-song-download</loc>
    </url>
    <url>
      <loc>https://www.pagalsongs.online/king-saza-mp3-song-download</loc>
    </url>
    <url>
      <loc>https://www.pagalsongs.online/danish-alfaaz-mubarak-ho-mp3-song-download</loc>
    </url>
    <url>
      <loc>https://www.pagalsongs.online/kaise-tu-gungunaye-muskuraye-mp3-song-download</loc>
    </url>
    <url>
      <loc>https://www.pagalsongs.online/kaale-braati-mp3-song-download</loc>
    </url>
    <url>
      <loc>https://www.pagalsongs.online/tauba-tauba-remix-dj-aaditya-mp3-song-download</loc>
    </url>
    <url>
      <loc>https://www.pagalsongs.online/bombay-moves-mp3-song-download</loc>
    </url>
    <url>
      <loc>https://www.pagalsongs.online/boro-eka-eka-lage-amar-cover-mp3-song-download</loc>
    </url>
    <url>
      <loc>https://www.pagalsongs.online/siyappa-mp3-song-download</loc>
    </url>
    <url>
      <loc>https://www.pagalsongs.online/flying-bird-mp3-song-download</loc>
    </url>
    <url>
      <loc>https://www.pagalsongs.online/3-things-mp3-song-download</loc>
    </url>
    <url>
      <loc>https://www.pagalsongs.online/husn-tera-tauba-tauba-mp3-song-download</loc>
    </url>
    <url>
      <loc>https://www.pagalsongs.online/animal-x-kabir-singh-mashup-mp3-song-download</loc>
    </url>
    <url>
      <loc>https://www.pagalsongs.online/shooter-returns-mp3-song-download</loc>
    </url>
    <url>
      <loc>https://www.pagalsongs.online/meri-heer-mp3-song-download</loc>
    </url>
    <url>
      <loc>https://www.pagalsongs.online/saade-waleya-mp3-song-download</loc>
    </url>
    <url>
      <loc>https://www.pagalsongs.online/neend-mp3-song-download</loc>
    </url>
    <url>
      <loc>https://www.pagalsongs.online/jane-jana-give-it-all-away-mp3-song-download</loc>
    </url>
    <url>
      <loc>https://www.pagalsongs.online/tum-se-x-soulmate-mp3-song-download</loc>
    </url>
    <url>
      <loc>https://www.pagalsongs.online/choli-ke-peeche-kya-hai-old-vs-new-mashup-dj-piyush-bajaj-mp3-song-download</loc>
    </url>
    <url>
      <loc>https://www.pagalsongs.online/ishq-mp3-song-download</loc>
    </url>
    <url>
      <loc>https://www.pagalsongs.online/lathi-charge-mp3-song-download</loc>
    </url>
    <url>
      <loc>https://www.pagalsongs.online/sabba-jutti-mp3-song-download</loc>
    </url>
    <url>
      <loc>https://www.pagalsongs.online/knight-rider-mp3-song-download</loc>
    </url>
    <url>
      <loc>https://www.pagalsongs.online/tu-mere-layi-mp3-song-download</loc>
    </url>
    <url>
      <loc>https://www.pagalsongs.online/shambu-mp3-song-download</loc>
    </url>
    <url>
      <loc>https://www.pagalsongs.online/jatti-malwe-di-mp3-song-download</loc>
    </url>
    <url>
      <loc>https://www.pagalsongs.online/jeene-ki-tamanna-mp3-song-download</loc>
    </url>
    <url>
      <loc>https://www.pagalsongs.online/jaanam-mp3-song-download</loc>
    </url>
    <url>
      <loc>https://www.pagalsongs.online/reh-ja-mp3-song-download</loc>
    </url>
    <url>
      <loc>https://www.pagalsongs.online/phir-kabhi-slowed-reverb-mp3-song-download</loc>
    </url>
    <url>
      <loc>https://www.pagalsongs.online/pehle-bhi-main-lo-fi-mix-dj-moody-mp3-song-download</loc>
    </url>
    <url>
      <loc>https://www.pagalsongs.online/higher-mp3-song-download</loc>
    </url>
    <url>
      <loc>https://www.pagalsongs.online/wafadari-mp3-song-download</loc>
    </url>
    <url>
      <loc>https://www.pagalsongs.online/laal-peeli-akhiyaan-remix-dj-piyush-bajaj-mp3-song-download</loc>
    </url>
    <url>
      <loc>https://www.pagalsongs.online/thakya-ni-mp3-song-download</loc>
    </url>
    <url>
      <loc>https://www.pagalsongs.online/suthra-chhora-mp3-song-download</loc>
    </url>
    <url>
      <loc>https://www.pagalsongs.online/suniya-suniya-rata-mp3-song-download</loc>
    </url>
    <url>
      <loc>https://www.pagalsongs.online/bekhayali-remix-dj-rik-x-dj-jits-mp3-song-download</loc>
    </url>
    <url>
      <loc>https://www.pagalsongs.online/the-tapori-anthem-2024-dj-avi-mp3-song-download</loc>
    </url>
    <url>
      <loc>https://www.pagalsongs.online/suniya-suniya-mp3-song-download</loc>
    </url>
    <url>
      <loc>https://www.pagalsongs.online/joota-japani-x-up-to-you-remix-dj-piyush-bajaj-mp3-song-download</loc>
    </url>
    <url>
      <loc>https://www.pagalsongs.online/baba-bhola-mp3-song-download</loc>
    </url>
    <url>
      <loc>https://www.pagalsongs.online/chori-maar-dalegi-mp3-song-download</loc>
    </url>
    <url>
      <loc>https://www.pagalsongs.online/madhur-dhir-beparwah-mp3-song-download</loc>
    </url>
    <url>
      <loc>https://www.pagalsongs.online/meri-baggi-mera-ghoda-mp3-song-download</loc>
    </url>
    <url>
      <loc>https://www.pagalsongs.online/preet-sandhu-iski-bhen-ki-maje-maje-mp3-song-download</loc>
    </url>
    <url>
      <loc>https://www.pagalsongs.online/suniya-suniya-raatan-te-rata-de-vich-tu-mp3-song-download</loc>
    </url>
    <url>
      <loc>https://www.pagalsongs.online/inder-chahal-phulkari-mp3-song-download</loc>
    </url>
    <url>
      <loc>https://www.pagalsongs.online/paon-ki-jutti-remix-dj-ravish-dj-chico-mp3-song-download</loc>
    </url>
    <url>
      <loc>https://www.pagalsongs.online/tere-bin-x-sajni-re-mp3-song-download</loc>
    </url>
    <url>
      <loc>https://www.pagalsongs.online/rang-mohabbat-da-mp3-song-download</loc>
    </url>
    <url>
      <loc>https://www.pagalsongs.online/chan-kithan-mp3-song-download</loc>
    </url>
    <url>
      <loc>https://www.pagalsongs.online/dhani-tohar-dhan-mp3-song-download</loc>
    </url>
    <url>
      <loc>https://www.pagalsongs.online/daaku-remix-dj-pasha-doll-mp3-song-download</loc>
    </url>
    <url>
      <loc>https://www.pagalsongs.online/whistle-podu-mp3-song-download</loc>
    </url>
    <url>
      <loc>https://www.pagalsongs.online/chinna-chinna-kangal-mp3-song-download</loc>
    </url>
    <url>
      <loc>https://www.pagalsongs.online/iski-bhen-ki-maje-maje-mp3-song-download</loc>
    </url>
    <url>
      <loc>https://www.pagalsongs.online/sadia-bulukiya-mp3-song-download</loc>
    </url>
    <url>
      <loc>https://www.pagalsongs.online/raja-ja-tara-landan-mp3-song-download</loc>
    </url>
    <url>
      <loc>https://www.pagalsongs.online/kodak-mp3-song-download</loc>
    </url>
    <url>
      <loc>https://www.pagalsongs.online/tujhe-bhula-diya-remix-dj-yogii-mp3-song-download</loc>
    </url>
    <url>
      <loc>https://www.pagalsongs.online/suhagan-mp3-song-download</loc>
    </url>
    <url>
      <loc>https://www.pagalsongs.online/shubh-be-mine-mp3-song-download</loc>
    </url>
    <url>
      <loc>https://www.pagalsongs.online/ambran-de-haani-mp3-song-download</loc>
    </url>
    <url>
      <loc>https://www.pagalsongs.online/shut-up-mp3-song-download</loc>
    </url>
    <url>
      <loc>https://www.pagalsongs.online/matakti-dolungi-mp3-song-download</loc>
    </url>
    <url>
      <loc>https://www.pagalsongs.online/i-am-over-you-mp3-song-download</loc>
    </url>
    <url>
      <loc>https://www.pagalsongs.online/bholi-ke-lyana-se-mp3-song-download</loc>
    </url>
    <url>
      <loc>https://www.pagalsongs.online/60-pound-mp3-song-download</loc>
    </url>
    <url>
      <loc>https://www.pagalsongs.online/tera-shehar-mp3-song-download</loc>
    </url>
    <url>
      <loc>https://www.pagalsongs.online/mitran-nu-mp3-song-download</loc>
    </url>
    <url>
      <loc>https://www.pagalsongs.online/gold-heart-mp3-song-download</loc>
    </url>
    <url>
      <loc>https://www.pagalsongs.online/ye-kahani-mp3-song-download</loc>
    </url>
    <url>
      <loc>https://www.pagalsongs.online/sarfira-dhokha-mp3-song-download</loc>
    </url>
    <url>
      <loc>https://www.pagalsongs.online/chaawat-mp3-song-download</loc>
    </url>
    <url>
      <loc>https://www.pagalsongs.online/sarfira-de-taali-mp3-song-download</loc>
    </url>
    <url>
      <loc>https://www.pagalsongs.online/sarfira-saare-ki-mp3-song-download</loc>
    </url>
    <url>
      <loc>https://www.pagalsongs.online/khokhe-mp3-song-download</loc>
    </url>
    <url>
      <loc>https://www.pagalsongs.online/akasa-barsaat-mp3-song-download</loc>
    </url>
    <url>
      <loc>https://www.pagalsongs.online/teri-muskurahat-mp3-song-download</loc>
    </url>
    <url>
      <loc>https://www.pagalsongs.online/jida-da-tu-mp3-song-download</loc>
    </url>
    <url>
      <loc>https://www.pagalsongs.online/krishna-drill-mp3-song-download</loc>
    </url>
    <url>
      <loc>https://www.pagalsongs.online/sargi-maan-jodi-mp3-song-download</loc>
    </url>
    <url>
      <loc>https://www.pagalsongs.online/tujhe-bhula-diya-lofi-mix-mp3-song-download</loc>
    </url>
    <url>
      <loc>https://www.pagalsongs.online/bad-newz-tauba-tauba-mp3-song-download</loc>
    </url>
    <url>
      <loc>https://www.pagalsongs.online/dil-ton-yaari-mp3-song-download</loc>
    </url>
    <url>
      <loc>https://www.pagalsongs.online/no-soul-mp3-song-download</loc>
    </url>
    <url>
      <loc>https://www.pagalsongs.online/it-s-over-mp3-song-download</loc>
    </url>
    <url>
      <loc>https://www.pagalsongs.online/mera-aapki-kripa-se-mp3-song-download</loc>
    </url>
    <url>
      <loc>https://www.pagalsongs.online/lootke-mp3-song-download</loc>
    </url>
    <url>
      <loc>https://www.pagalsongs.online/faasley-mp3-song-download</loc>
    </url>
    <url>
      <loc>https://www.pagalsongs.online/sippy-gill-broken-heart-mp3-song-download</loc>
    </url>
    <url>
      <loc>https://www.pagalsongs.online/khudaya-mp3-song-download</loc>
    </url>
    <url>
      <loc>https://www.pagalsongs.online/nadaaniyan-mp3-song-download</loc>
    </url>
    <url>
      <loc>https://www.pagalsongs.online/ki-hoya-mp3-song-download</loc>
    </url>
    <url>
      <loc>https://www.pagalsongs.online/pehli-pehli-baar-mohabbat-ki-hai-rap-mix-mp3-song-download</loc>
    </url>
    <url>
      <loc>https://www.pagalsongs.online/aaj-ki-raat-remix-mp3-song-download</loc>
    </url>
    <url>
      <loc>https://www.pagalsongs.online/ta-takkara-mp3-song-download</loc>
    </url>
    <url>
      <loc>https://www.pagalsongs.online/pmcm-mp3-song-download</loc>
    </url>
    <url>
      <loc>https://www.pagalsongs.online/piya-piya-calling-mp3-song-download</loc>
    </url>
    <url>
      <loc>https://www.pagalsongs.online/ride-it-kya-yehi-pyaar-hai-mp3-song-download</loc>
    </url>
    <url>
      <loc>https://www.pagalsongs.online/og-scene-mp3-song-download</loc>
    </url>
    <url>
      <loc>https://www.pagalsongs.online/misfit-mp3-song-download</loc>
    </url>
    <url>
      <loc>https://www.pagalsongs.online/azad-flow-mp3-song-download</loc>
    </url>
    <url>
      <loc>https://www.pagalsongs.online/kaise-bhool-jaun-mp3-song-download</loc>
    </url>
    <url>
      <loc>https://www.pagalsongs.online/baarish-hoti-hai-mp3-song-download</loc>
    </url>
    <url>
      <loc>https://www.pagalsongs.online/suniyan-suniyan-raatan-mp3-song-download</loc>
    </url>
    <url>
      <loc>https://www.pagalsongs.online/suniyan-suniyan-ringtone-mp3-song-download</loc>
    </url>
    <url>
      <loc>https://www.pagalsongs.online/idk-how-mp3-song-download</loc>
    </url>
    <url>
      <loc>https://www.pagalsongs.online/deep-jandu-sardar-ali-daaru-mp3-song-download</loc>
    </url>
    <url>
      <loc>https://www.pagalsongs.online/lifetime-mp3-song-download</loc>
    </url>
    <url>
      <loc>https://www.pagalsongs.online/kolijar-tukra-mp3-song-download</loc>
    </url>
    <url>
      <loc>https://www.pagalsongs.online/jana-nai-mp3-song-download</loc>
    </url>
    <url>
      <loc>https://www.pagalsongs.online/gurujan-mp3-song-download</loc>
    </url>
    <url>
      <loc>https://www.pagalsongs.online/holi-ke-rang-ma-mp3-song-download</loc>
    </url>
    <url>
      <loc>https://www.pagalsongs.online/achutam-keshavam-mp3-song-download</loc>
    </url>
    <url>
      <loc>https://www.pagalsongs.online/suniyan-suniyan-mp3-song-download</loc>
    </url>
    <url>
      <loc>https://www.pagalsongs.online/maar-udi-mp3-song-download</loc>
    </url>
    <url>
      <loc>https://www.pagalsongs.online/ghodi-mp3-song-download</loc>
    </url>
    <url>
      <loc>https://www.pagalsongs.online/leta-jaijo-re-mp3-song-download</loc>
    </url>
    <url>
      <loc>https://www.pagalsongs.online/ibadatein-mp3-song-download</loc>
    </url>
    <url>
      <loc>https://www.pagalsongs.online/film-mp3-song-download</loc>
    </url>
    <url>
      <loc>https://www.pagalsongs.online/angaaron-remix-dj-ravish-mp3-song-download</loc>
    </url>
    <url>
      <loc>https://www.pagalsongs.online/savera-mp3-song-download</loc>
    </url>
    <url>
      <loc>https://www.pagalsongs.online/theme-of-kalki-mp3-song-download</loc>
    </url>
    <url>
      <loc>https://www.pagalsongs.online/phir-aur-kya-chahiye-lofi-mp3-song-download</loc>
    </url>
    <url>
      <loc>https://www.pagalsongs.online/o-maahi-remix-dj-basque-mp3-song-download</loc>
    </url>
    <url>
      <loc>https://www.pagalsongs.online/chahun-mp3-song-download</loc>
    </url>
    <url>
      <loc>https://www.pagalsongs.online/just-like-that-mp3-song-download</loc>
    </url>
    <url>
      <loc>https://www.pagalsongs.online/wake-up-call-mp3-song-download</loc>
    </url>
    <url>
      <loc>https://www.pagalsongs.online/thank-god-mp3-song-download</loc>
    </url>
    <url>
      <loc>https://www.pagalsongs.online/illegal-hathiyar-mp3-song-download</loc>
    </url>
    <url>
      <loc>https://www.pagalsongs.online/kaki-mp3-song-download</loc>
    </url>
    <url>
      <loc>https://www.pagalsongs.online/trend-mp3-song-download</loc>
    </url>
    <url>
      <loc>https://www.pagalsongs.online/drum-mp3-song-download</loc>
    </url>
    <url>
      <loc>https://www.pagalsongs.online/name-mp3-song-download</loc>
    </url>
    <url>
      <loc>https://www.pagalsongs.online/das-kyu-mp3-song-download</loc>
    </url>
    <url>
      <loc>https://www.pagalsongs.online/cannabis-mp3-song-download</loc>
    </url>
    <url>
      <loc>https://www.pagalsongs.online/jatt-bina-mp3-song-download</loc>
    </url>
    <url>
      <loc>https://www.pagalsongs.online/kneel-mp3-song-download</loc>
    </url>
    <url>
      <loc>https://www.pagalsongs.online/na-goriye-mp3-song-download</loc>
    </url>
    <url>
      <loc>https://www.pagalsongs.online/akhiyaan-gulaab-remix-dj-nyk-mp3-song-download</loc>
    </url>
    <url>
      <loc>https://www.pagalsongs.online/big-khan-raule-mp3-song-download</loc>
    </url>
    <url>
      <loc>https://www.pagalsongs.online/swaalina-dooriyan-mp3-song-download</loc>
    </url>
    <url>
      <loc>https://www.pagalsongs.online/soni-soni-slowed-reverb-mp3-song-download</loc>
    </url>
    <url>
      <loc>https://www.pagalsongs.online/kaal-bhairav-mp3-song-download</loc>
    </url>
    <url>
      <loc>https://www.pagalsongs.online/rich-flex-mp3-song-download</loc>
    </url>
    <url>
      <loc>https://www.pagalsongs.online/luv-u-aa-tere-naal-mp3-song-download</loc>
    </url>
    <url>
      <loc>https://www.pagalsongs.online/sheraan-da-mp3-song-download</loc>
    </url>
    <url>
      <loc>https://www.pagalsongs.online/dushtu-kokil-mp3-song-download</loc>
    </url>
    <url>
      <loc>https://www.pagalsongs.online/chann-taare-mp3-song-download</loc>
    </url>
    <url>
      <loc>https://www.pagalsongs.online/dheeth-jatta-mp3-song-download</loc>
    </url>
    <url>
      <loc>https://www.pagalsongs.online/bairagi-mp3-song-download</loc>
    </url>
    <url>
      <loc>https://www.pagalsongs.online/tu-hain-toh-mp3-song-download</loc>
    </url>
    <url>
      <loc>https://www.pagalsongs.online/harsh-kargeti-kohinoor-mp3-song-download</loc>
    </url>
    <url>
      <loc>https://www.pagalsongs.online/you-know-mp3-song-download</loc>
    </url>
    <url>
      <loc>https://www.pagalsongs.online/oi-tor-mayabi-chokh-cover-mp3-song-download</loc>
    </url>
    <url>
      <loc>https://www.pagalsongs.online/accounts-mp3-song-download</loc>
    </url>
    <url>
      <loc>https://www.pagalsongs.online/i-know-mp3-song-download</loc>
    </url>
    <url>
      <loc>https://www.pagalsongs.online/tony-kakkar-shikayat-mp3-song-download</loc>
    </url>
    <url>
      <loc>https://www.pagalsongs.online/hokhe-da-anhar-piya-mp3-song-download</loc>
    </url>
    <url>
      <loc>https://www.pagalsongs.online/sandhur-mp3-song-download</loc>
    </url>
    <url>
      <loc>https://www.pagalsongs.online/diljit-dosanjh-lehnga-mp3-song-download</loc>
    </url>
    <url>
      <loc>https://www.pagalsongs.online/chora-tha-sidha-sadha-ishq-me-ho-gaya-aadha-mp3-song-download</loc>
    </url>
    <url>
      <loc>https://www.pagalsongs.online/ashwani-machal-tera-hua-mp3-song-download</loc>
    </url>
    <url>
      <loc>https://www.pagalsongs.online/akhiyaan-gulaab-remix-dj-abhi-mp3-song-download</loc>
    </url>
    <url>
      <loc>https://www.pagalsongs.online/rehmat-mp3-song-download</loc>
    </url>
    <url>
      <loc>https://www.pagalsongs.online/parth-srivastava-sahiba-mp3-song-download</loc>
    </url>
    <url>
      <loc>https://www.pagalsongs.online/fouji-balma-mp3-song-download</loc>
    </url>
    <url>
      <loc>https://www.pagalsongs.online/bheede-bheede-suit-mp3-song-download</loc>
    </url>
    <url>
      <loc>https://www.pagalsongs.online/car-culture-mp3-song-download</loc>
    </url>
    <url>
      <loc>https://www.pagalsongs.online/janta-darbar-mp3-song-download</loc>
    </url>
    <url>
      <loc>https://www.pagalsongs.online/vida-karo-melodic-techno-dj-akhil-talreja-mp3-song-download</loc>
    </url>
    <url>
      <loc>https://www.pagalsongs.online/adnan-ahmad-betabiyaan-mp3-song-download</loc>
    </url>
    <url>
      <loc>https://www.pagalsongs.online/bhairava-anthem-mp3-song-download</loc>
    </url>
    <url>
      <loc>https://www.pagalsongs.online/love-you-papa-mp3-song-download</loc>
    </url>
    <url>
      <loc>https://www.pagalsongs.online/papa-mummy-mp3-song-download</loc>
    </url>
    <url>
      <loc>https://www.pagalsongs.online/tujhko-na-dekhun-mp3-song-download</loc>
    </url>
    <url>
      <loc>https://www.pagalsongs.online/papa-mere-papa-mp3-song-download</loc>
    </url>
    <url>
      <loc>https://www.pagalsongs.online/fathers-day-mashup-2024-hs-visual-music-mp3-song-download</loc>
    </url>
    <url>
      <loc>https://www.pagalsongs.online/kalki-aur-kali-mp3-song-download</loc>
    </url>
    <url>
      <loc>https://www.pagalsongs.online/babu-shona-mona-mp3-song-download</loc>
    </url>
    <url>
      <loc>https://www.pagalsongs.online/lagta-hai-dil-teri-shaamat-aayi-hai-mp3-songs-download</loc>
    </url>
    <url>
      <loc>https://www.pagalsongs.online/shaamat-mp3-song-download</loc>
    </url>
    <url>
      <loc>https://www.pagalsongs.online/sarphira-climax-version-mp3-song-download</loc>
    </url>
    <url>
      <loc>https://www.pagalsongs.online/jeet-ka-geet-mp3-song-download</loc>
    </url>
    <url>
      <loc>https://www.pagalsongs.online/jamoore-mp3-song-download</loc>
    </url>
    <url>
      <loc>https://www.pagalsongs.online/na-door-hai-na-paas-hai-mp3-song-download</loc>
    </url>
    <url>
      <loc>https://www.pagalsongs.online/kafka-mp3-song-download</loc>
    </url>
    <url>
      <loc>https://www.pagalsongs.online/geeta-zaildar-sip-sip-mp3-song-download</loc>
    </url>
    <url>
      <loc>https://www.pagalsongs.online/chambal-k-dakku-mp3-song-download</loc>
    </url>
    <url>
      <loc>https://www.pagalsongs.online/haye-juliet-mp3-song-download</loc>
    </url>
    <url>
      <loc>https://www.pagalsongs.online/gore-gore-mukhde-pe-mp3-song-download</loc>
    </url>
    <url>
      <loc>https://www.pagalsongs.online/king-way-bigger-mp3-song-download</loc>
    </url>
    <url>
      <loc>https://www.pagalsongs.online/ishq-jaisa-mashup-2024-dj-akhil-talreja-mp3-song-download</loc>
    </url>
    <url>
      <loc>https://www.pagalsongs.online/sarbonash-mp3-song-download</loc>
    </url>
    <url>
      <loc>https://www.pagalsongs.online/gulabi-gaal-mp3-song-download</loc>
    </url>
    <url>
      <loc>https://www.pagalsongs.online/teri-aakhya-ka-yo-kajal-circuit-mix-dj-ravish-mp3-song-download</loc>
    </url>
    <url>
      <loc>https://www.pagalsongs.online/nicotin-mp3-song-download</loc>
    </url>
    <url>
      <loc>https://www.pagalsongs.online/gusse-me-pyari-laage-mp3-song-download</loc>
    </url>
    <url>
      <loc>https://www.pagalsongs.online/18-saal-ki-toh-hon-de-mp3-song-download</loc>
    </url>
    <url>
      <loc>https://www.pagalsongs.online/who-s-next-mp3-song-download</loc>
    </url>
    <url>
      <loc>https://www.pagalsongs.online/ittefaq-mp3-song-download</loc>
    </url>
    <url>
      <loc>https://www.pagalsongs.online/lottery-mp3-song-download</loc>
    </url>
    <url>
      <loc>https://www.pagalsongs.online/morni-mp3-song-download</loc>
    </url>
    <url>
      <loc>https://www.pagalsongs.online/challe-jaenge-mp3-song-download</loc>
    </url>
    <url>
      <loc>https://www.pagalsongs.online/khol-pinjra-mp3-song-download</loc>
    </url>
    <url>
      <loc>https://www.pagalsongs.online/o-yaarum-mp3-song-download</loc>
    </url>
    <url>
      <loc>https://www.pagalsongs.online/paas-tere-main-mp3-song-download</loc>
    </url>
    <url>
      <loc>https://www.pagalsongs.online/baby-don-t-ditch-me-mp3-song-download</loc>
    </url>
    <url>
      <loc>https://www.pagalsongs.online/soseki-mp3-song-download</loc>
    </url>
    <url>
      <loc>https://www.pagalsongs.online/yaar-tera-khalnayak-mp3-song-download</loc>
    </url>
    <url>
      <loc>https://www.pagalsongs.online/bam-lagatar-mp3-song-download</loc>
    </url>
    <url>
      <loc>https://www.pagalsongs.online/chuwe-mor-jawani-mp3-song-download</loc>
    </url>
    <url>
      <loc>https://www.pagalsongs.online/sooseki-mp3-song-download</loc>
    </url>
    <url>
      <loc>https://www.pagalsongs.online/chot-dil-pe-lagi-mp3-song-download</loc>
    </url>
    <url>
      <loc>https://www.pagalsongs.online/kaa-majra-mp3-song-download</loc>
    </url>
    <url>
      <loc>https://www.pagalsongs.online/afsana-khan-ilzaam-mp3-song-download</loc>
    </url>
    <url>
      <loc>https://www.pagalsongs.online/koi-na-koi-chahiye-remix-dj-kunal-mp3-song-download</loc>
    </url>
    <url>
      <loc>https://www.pagalsongs.online/o-sajna-x-punjabi-mashup-2024-sunny-hassan-mp3-song-download</loc>
    </url>
    <url>
      <loc>https://www.pagalsongs.online/mere-mahadev-mp3-song-download</loc>
    </url>
    <url>
      <loc>https://www.pagalsongs.online/kareena-mp3-song-download</loc>
    </url>
    <url>
      <loc>https://www.pagalsongs.online/goliyan-mp3-song-download</loc>
    </url>
    <url>
      <loc>https://www.pagalsongs.online/talks-mp3-song-download</loc>
    </url>
    <url>
      <loc>https://www.pagalsongs.online/ragde-mp3-song-download</loc>
    </url>
    <url>
      <loc>https://www.pagalsongs.online/sarphira-mp3-song-download</loc>
    </url>
    <url>
      <loc>https://www.pagalsongs.online/makhmali-raahan-mp3-song-download</loc>
    </url>
    <url>
      <loc>https://www.pagalsongs.online/leonardo-mp3-song-download</loc>
    </url>
    <url>
      <loc>https://www.pagalsongs.online/i-really-mean-it-mp3-song-download</loc>
    </url>
    <url>
      <loc>https://www.pagalsongs.online/lush-jawani-mp3-song-download</loc>
    </url>
    <url>
      <loc>https://www.pagalsongs.online/baba-mp3-song-download</loc>
    </url>
    <url>
      <loc>https://www.pagalsongs.online/akhir-mile-kyu-mp3-song-download</loc>
    </url>
    <url>
      <loc>https://www.pagalsongs.online/akaal-pyaar-mp3-song-download</loc>
    </url>
    <url>
      <loc>https://www.pagalsongs.online/still-the-same-mp3-song-download</loc>
    </url>
    <url>
      <loc>https://www.pagalsongs.online/jab-bhi-naachey-mp3-song-download</loc>
    </url>
    <url>
      <loc>https://www.pagalsongs.online/pratyush-dhiman-guzara-mp3-song-download</loc>
    </url>
    <url>
      <loc>https://www.pagalsongs.online/gone-mp3-song-download</loc>
    </url>
    <url>
      <loc>https://www.pagalsongs.online/one-heart-mp3-song-download</loc>
    </url>
    <url>
      <loc>https://www.pagalsongs.online/mickey-singh-noor-mp3-song-download</loc>
    </url>
    <url>
      <loc>https://www.pagalsongs.online/june-te-july-mp3-song-download</loc>
    </url>
    <url>
      <loc>https://www.pagalsongs.online/pareshan-mp3-song-download</loc>
    </url>
    <url>
      <loc>https://www.pagalsongs.online/panghatwa-mp3-song-download</loc>
    </url>
    <url>
      <loc>https://www.pagalsongs.online/kuch-yaadein-mp3-song-download</loc>
    </url>
    <url>
      <loc>https://www.pagalsongs.online/kudi-ve-kuwari-mp3-song-download</loc>
    </url>
    <url>
      <loc>https://www.pagalsongs.online/sajni-x-tere-bin-mashup-dj-harsh-sharma-mp3-song-download</loc>
    </url>
    <url>
      <loc>https://www.pagalsongs.online/fer-shayad-mp3-song-download</loc>
    </url>
    <url>
      <loc>https://www.pagalsongs.online/maahi-ve-mp3-song-download</loc>
    </url>
    <url>
      <loc>https://www.pagalsongs.online/tauran-mp3-song-download</loc>
    </url>
    <url>
      <loc>https://www.pagalsongs.online/12-saal-mp3-song-download</loc>
    </url>
    <url>
      <loc>https://www.pagalsongs.online/kabhi-shaam-dhale-heartbreak-version-mp3-song-download</loc>
    </url>
    <url>
      <loc>https://www.pagalsongs.online/bhari-mehfil-mp3-song-download</loc>
    </url>
    <url>
      <loc>https://www.pagalsongs.online/the-daaku-star-mashup-2024-sunny-hassan-mp3-song-download</loc>
    </url>
    <url>
      <loc>https://www.pagalsongs.online/who-s-that-girl-mp3-song-download</loc>
    </url>
    <url>
      <loc>https://www.pagalsongs.online/tumi-kon-shohorer-maiya-go-lage-uradhura-mp3-song-download</loc>
    </url>
    <url>
      <loc>https://www.pagalsongs.online/d-mp3-song-download</loc>
    </url>
    <url>
      <loc>https://www.pagalsongs.online/dekhha-tenu-mashup-o2srk-mp3-song-download</loc>
    </url>
    <url>
      <loc>https://www.pagalsongs.online/sajni-lo-fi-mix-mp3-song-download</loc>
    </url>
    <url>
      <loc>https://www.pagalsongs.online/ishq-ki-chhav-tale-mp3-song-download</loc>
    </url>
    <url>
      <loc>https://www.pagalsongs.online/o-sajna-mega-mashup-harshal-music-mp3-song-download</loc>
    </url>
    <url>
      <loc>https://www.pagalsongs.online/zid-mp3-song-download</loc>
    </url>
    <url>
      <loc>https://www.pagalsongs.online/bon-bon-mp3-song-download</loc>
    </url>
    <url>
      <loc>https://www.pagalsongs.online/zidd-na-karo-mp3-song-download</loc>
    </url>
    <url>
      <loc>https://www.pagalsongs.online/dedh-bigha-zameen-musafir-mp3-song-download</loc>
    </url>
    <url>
      <loc>https://www.pagalsongs.online/chupke-se-remix-debb-mp3-song-download</loc>
    </url>
    <url>
      <loc>https://www.pagalsongs.online/zaalima-mp3-song-download</loc>
    </url>
    <url>
      <loc>https://www.pagalsongs.online/goat-shit-mp3-song-download</loc>
    </url>
    <url>
      <loc>https://www.pagalsongs.online/psk-heer-mp3-song-download</loc>
    </url>
    <url>
      <loc>https://www.pagalsongs.online/arsa-mp3-song-download</loc>
    </url>
    <url>
      <loc>https://www.pagalsongs.online/jagga-jatt-mp3-song-download</loc>
    </url>
    <url>
      <loc>https://www.pagalsongs.online/u-dnt-even-knw-mp3-song-download</loc>
    </url>
    <url>
      <loc>https://www.pagalsongs.online/tu-hai-champion-mp3-song-download</loc>
    </url>
    <url>
      <loc>https://www.pagalsongs.online/khuda-ke-bande-mp3-song-download</loc>
    </url>
    <url>
      <loc>https://www.pagalsongs.online/kho-jaana-mp3-song-download</loc>
    </url>
    <url>
      <loc>https://www.pagalsongs.online/satyanaas-mp3-song-download</loc>
    </url>
    <url>
      <loc>https://www.pagalsongs.online/havaa-mp3-song-download</loc>
    </url>
    <url>
      <loc>https://www.pagalsongs.online/angaaron-mp3-song-download</loc>
    </url>
    <url>
      <loc>https://www.pagalsongs.online/dost-yaad-aate-hai-mp3-song-download</loc>
    </url>
    <url>
      <loc>https://www.pagalsongs.online/harjeet-deewana-moye-moye-mp3-song-download</loc>
    </url>
    <url>
      <loc>https://www.pagalsongs.online/roya-jab-tu-mp3-song-download</loc>
    </url>
    <url>
      <loc>https://www.pagalsongs.online/same-mp3-song-download</loc>
    </url>
    <url>
      <loc>https://www.pagalsongs.online/o-sajni-re-remix-dj-shadow-dubai-mp3-song-download</loc>
    </url>
    <url>
      <loc>https://www.pagalsongs.online/inipu-mp3-song-download</loc>
    </url>
    <url>
      <loc>https://www.pagalsongs.online/aadat-lagi-hai-teri-mp3-song-download</loc>
    </url>
    <url>
      <loc>https://www.pagalsongs.online/jutti-jharh-ke-mp3-song-download</loc>
    </url>
    <url>
      <loc>https://www.pagalsongs.online/senorita-mp3-song-download</loc>
    </url>
    <url>
      <loc>https://www.pagalsongs.online/le-gayi-le-gayi-mashup-dj-anshul-makhija-mp3-song-download</loc>
    </url>
    <url>
      <loc>https://www.pagalsongs.online/babbu-maan-guru-randhawa-pagal-mp3-song-download</loc>
    </url>
    <url>
      <loc>https://www.pagalsongs.online/bado-badi-x-maar-daala-x-silsila-mashup-dip-sr-mp3-song-download</loc>
    </url>
    <url>
      <loc>https://www.pagalsongs.online/chal-khada-ho-mp3-song-download</loc>
    </url>
    <url>
      <loc>https://www.pagalsongs.online/aisa-hoga-kalyug-mp3-song-download</loc>
    </url>
    <url>
      <loc>https://www.pagalsongs.online/tu-juliet-jatt-di-mp3-song-download</loc>
    </url>
    <url>
      <loc>https://www.pagalsongs.online/chatti-pe-goli-mp3-song-download</loc>
    </url>
    <url>
      <loc>https://www.pagalsongs.online/govinda-mashup-2024-dj-spyder-psk-mp3-song-download</loc>
    </url>
    <url>
      <loc>https://www.pagalsongs.online/dupatta-drill-mp3-song-download</loc>
    </url>
    <url>
      <loc>https://www.pagalsongs.online/vada-humse-karo-mp3-song-download</loc>
    </url>
    <url>
      <loc>https://www.pagalsongs.online/yaadan-de-dhage-mp3-song-download</loc>
    </url>
    <url>
      <loc>https://www.pagalsongs.online/gxcci-mp3-song-download</loc>
    </url>
    <url>
      <loc>https://www.pagalsongs.online/kate-nahin-katte-x-saat-samundar-paar-remix-dj-ankur-mp3-song-download</loc>
    </url>
    <url>
      <loc>https://www.pagalsongs.online/achacho-remix-dj-kunal-mp3-song-download</loc>
    </url>
    <url>
      <loc>https://www.pagalsongs.online/amrinder-gill-that-girl-mp3-song-download</loc>
    </url>
    <url>
      <loc>https://www.pagalsongs.online/tareyan-di-loh-mp3-song-download</loc>
    </url>
    <url>
      <loc>https://www.pagalsongs.online/destiny-mp3-song-download</loc>
    </url>
    <url>
      <loc>https://www.pagalsongs.online/chitralekha-mp3-song-download</loc>
    </url>
    <url>
      <loc>https://www.pagalsongs.online/soni-soni-mp3-song-download</loc>
    </url>
    <url>
      <loc>https://www.pagalsongs.online/house-of-lies-mp3-song-download</loc>
    </url>
    <url>
      <loc>https://www.pagalsongs.online/ek-baar-dekh-lijiye-mp3-song-download</loc>
    </url>
    <url>
      <loc>https://www.pagalsongs.online/matha-garam-mp3-song-download</loc>
    </url>
    <url>
      <loc>https://www.pagalsongs.online/ding-dong-x-love-dose-mp3-song-download</loc>
    </url>
    <url>
      <loc>https://www.pagalsongs.online/ghagra-sara-rara-mp3-song-download</loc>
    </url>
    <url>
      <loc>https://www.pagalsongs.online/wooden-baby-mp3-song-download</loc>
    </url>
    <url>
      <loc>https://www.pagalsongs.online/nawa-daur-mp3-song-download</loc>
    </url>
    <url>
      <loc>https://www.pagalsongs.online/dhol-sipahiya-mp3-song-download</loc>
    </url>
    <url>
      <loc>https://www.pagalsongs.online/dil-todya-mp3-song-download</loc>
    </url>
    <url>
      <loc>https://www.pagalsongs.online/piya-mp3-song-download</loc>
    </url>
    <url>
      <loc>https://www.pagalsongs.online/prabh-gill-kashmir-mp3-song-download</loc>
    </url>
    <url>
      <loc>https://www.pagalsongs.online/phone-cover-mp3-song-download</loc>
    </url>
    <url>
      <loc>https://www.pagalsongs.online/lifelines-mp3-song-download</loc>
    </url>
    <url>
      <loc>https://www.pagalsongs.online/vasu-kainth-bahane-mp3-song-download</loc>
    </url>
    <url>
      <loc>https://www.pagalsongs.online/amit-garhi-never-again-mp3-song-download</loc>
    </url>
    <url>
      <loc>https://www.pagalsongs.online/ndee-kundu-nakhro-mp3-song-download</loc>
    </url>
    <url>
      <loc>https://www.pagalsongs.online/o-sajni-re-slowed-reverb-mp3-song-download</loc>
    </url>
    <url>
      <loc>https://www.pagalsongs.online/ishq-vishk-pyaar-vyaar-mp3-song-download</loc>
    </url>
    <url>
      <loc>https://www.pagalsongs.online/vertigo-mp3-song-download</loc>
    </url>
    <url>
      <loc>https://www.pagalsongs.online/achacho-mp3-song-download</loc>
    </url>
    <url>
      <loc>https://www.pagalsongs.online/dekha-tenu-pehli-pehli-baar-ve-mp3-song-download</loc>
    </url>
    <url>
      <loc>https://www.pagalsongs.online/gal-vadh-gyi-ae-mp3-song-download</loc>
    </url>
    <url>
      <loc>https://www.pagalsongs.online/main-aawara-hun-tera-mp3-song-download</loc>
    </url>
    <url>
      <loc>https://www.pagalsongs.online/agar-ho-tum-mp3-song-download</loc>
    </url>
    <url>
      <loc>https://www.pagalsongs.online/sabar-mp3-song-download</loc>
    </url>
    <url>
      <loc>https://www.pagalsongs.online/breakup-mashup-2024-parth-dodiya-mp3-song-download</loc>
    </url>
    <url>
      <loc>https://www.pagalsongs.online/sajni-mashup-parth-dodiya-mp3-song-download</loc>
    </url>
    <url>
      <loc>https://www.pagalsongs.online/do-naino-ke-pechida-sa-galiyare-mp3-song-download</loc>
    </url>
    <url>
      <loc>https://www.pagalsongs.online/fear-mp3-song-download</loc>
    </url>
    <url>
      <loc>https://www.pagalsongs.online/tu-muskura-remix-debb-mp3-song-download</loc>
    </url>
    <url>
      <loc>https://www.pagalsongs.online/teri-aayi-main-mar-jawan-mp3-song-download</loc>
    </url>
    <url>
      <loc>https://www.pagalsongs.online/coffee-with-byah-mp3-song-download</loc>
    </url>
    <url>
      <loc>https://www.pagalsongs.online/i-m-countin-mp3-song-download</loc>
    </url>
    <url>
      <loc>https://www.pagalsongs.online/hollywood-mp3-song-download</loc>
    </url>
    <url>
      <loc>https://www.pagalsongs.online/dabzee-illuminati-mp3-song-download</loc>
    </url>
    <url>
      <loc>https://www.pagalsongs.online/tu-roshni-mp3-song-download</loc>
    </url>
    <url>
      <loc>https://www.pagalsongs.online/independent-mp3-song-download</loc>
    </url>
    <url>
      <loc>https://www.pagalsongs.online/o-sajni-re-mp3-song-download</loc>
    </url>
    <url>
      <loc>https://www.pagalsongs.online/killer-killer-mp3-song-download</loc>
    </url>
    <url>
      <loc>https://www.pagalsongs.online/pahalwani-mp3-song-download</loc>
    </url>
    <url>
      <loc>https://www.pagalsongs.online/sunakhi-mp3-song-download</loc>
    </url>
    <url>
      <loc>https://www.pagalsongs.online/garry-sandhu-tere-bina-mp3-song-download</loc>
    </url>
    <url>
      <loc>https://www.pagalsongs.online/kurta-pajama-mp3-song-download</loc>
    </url>
    <url>
      <loc>https://www.pagalsongs.online/jaat-ni-honde-mp3-song-download</loc>
    </url>
    <url>
      <loc>https://www.pagalsongs.online/shut-up-snakes-mp3-song-download</loc>
    </url>
    <url>
      <loc>https://www.pagalsongs.online/illuminati-mp3-song-download</loc>
    </url>
    <url>
      <loc>https://www.pagalsongs.online/soulmate-x-heeriye-mashup-aftermorning-mp3-song-download</loc>
    </url>
    <url>
      <loc>https://www.pagalsongs.online/sadqay-mp3-song-download-0</loc>
    </url>
    <url>
      <loc>https://www.pagalsongs.online/badshah-phir-mp3-song-download</loc>
    </url>
    <url>
      <loc>https://www.pagalsongs.online/vigdya-jatt-mp3-song-download</loc>
    </url>
    <url>
      <loc>https://www.pagalsongs.online/masoom-dil-hai-mera-mp3-song-download</loc>
    </url>
    <url>
      <loc>https://www.pagalsongs.online/pasoori-mp3--song-download-2024</loc>
    </url>
    <url>
      <loc>https://www.pagalsongs.online/aawara-shaam-hai-mp3-song-download</loc>
    </url>
    <url>
      <loc>https://www.pagalsongs.online/tu-aake-dekhle-songs-download-2024-king</loc>
    </url>
    <url>
      <loc>https://www.pagalsongs.online/jannat-ve-songs-download--pagalworld</loc>
    </url>
    <url>
      <loc>https://www.pagalsongs.online/tarasti-hai-nigahen-songs-download-asim-azhar</loc>
    </url>
    <url>
      <loc>https://www.pagalsongs.online/finance-mp3-song-download</loc>
    </url>
    <url>
      <loc>https://www.pagalsongs.online/tui-amar-priyo-gaan-er-moto-mp3-song-download</loc>
    </url>
    <url>
      <loc>https://www.pagalsongs.online/saware-mp3-song-download</loc>
    </url>
    <url>
      <loc>https://www.pagalsongs.online/hass-hass-mp3---0s-download-2024</loc>
    </url>
    <url>
      <loc>https://www.pagalsongs.online/still-rollin-mp3-songs-download-20</loc>
    </url>
    <url>
      <loc>https://www.pagalsongs.online/soulmate-mashup-2024-dip-sr-mp3-song-download</loc>
    </url>
    <url>
      <loc>https://www.pagalsongs.online/winning-speech-mp3-song-download</loc>
    </url>
    <url>
      <loc>https://www.pagalsongs.online/guzarne-do-mp3-song-download</loc>
    </url>
    <url>
      <loc>https://www.pagalsongs.online/kaka-aukaat-mp3-song-download</loc>
    </url>
    <url>
      <loc>https://www.pagalsongs.online/arijit-singh-heeriye-heeriye-aa-mp3-song-download</loc>
    </url>
    <url>
      <loc>https://www.pagalsongs.online/harjeet-deewana-lucky-mp3-song-download</loc>
    </url>
    <url>
      <loc>https://www.pagalsongs.online/doriye-mp3-song-download</loc>
    </url>
    <url>
      <loc>https://www.pagalsongs.online/gulabi-sadi-mp3-song-download</loc>
    </url>
    <url>
      <loc>https://www.pagalsongs.online/nightmare-mp3-song-download</loc>
    </url>
    <url>
      <loc>https://www.pagalsongs.online/yimmy-yimmy-mp3-song-download-000</loc>
    </url>
    <url>
      <loc>https://www.pagalsongs.online/dekhha-tenu-slowed-reverb-mp3-song-download</loc>
    </url>
    <url>
      <loc>https://www.pagalsongs.online/tu-hi-chahiye-mp3-song-download</loc>
    </url>
    <url>
      <loc>https://www.pagalsongs.online/garam-masala-ada-mashup-mp3-song-download</loc>
    </url>
    <url>
      <loc>https://www.pagalsongs.online/dekhha-tenu-mp3-song-download</loc>
    </url>
    <url>
      <loc>https://www.pagalsongs.online/ghungroo-mp3-song-download</loc>
    </url>
    <url>
      <loc>https://www.pagalsongs.online/gulab-sidhu-raule-mp3-song-download</loc>
    </url>
    <url>
      <loc>https://www.pagalsongs.online/bhaj-hare-krishna-krishna-bhajans-nonstop-mp3-song-download</loc>
    </url>
    <url>
      <loc>https://www.pagalsongs.online/thank-you-god-mp3--song-download</loc>
    </url>
    <url>
      <loc>https://www.pagalsongs.online/harsh-likhari-bebe-bapu-mp3-song-download</loc>
    </url>
    <url>
      <loc>https://www.pagalsongs.online/aditya-rikhari-humdum-mp3-song-download</loc>
    </url>
    <url>
      <loc>https://www.pagalsongs.online/merc-mp3-song-download</loc>
    </url>
    <url>
      <loc>https://www.pagalsongs.online/davinder-gumti-aadat-mp3-song-download</loc>
    </url>
    <url>
      <loc>https://www.pagalsongs.online/hr-gaadi-mp3-song-download</loc>
    </url>
    <url>
      <loc>https://www.pagalsongs.online/system-2-mp3-song-download</loc>
    </url>
    <url>
      <loc>https://www.pagalsongs.online/je-jatt-vigad-geya-mp3-song-download</loc>
    </url>
    <url>
      <loc>https://www.pagalsongs.online/punjab-di-gal-mp3-song-download</loc>
    </url>
    <url>
      <loc>https://www.pagalsongs.online/dil-ton-mp3-song-download</loc>
    </url>
    <url>
      <loc>https://www.pagalsongs.online/qatil-surma-mp3-song-download</loc>
    </url>
    <url>
      <loc>https://www.pagalsongs.online/ve-yaara-mp3-song-download</loc>
    </url>
    <url>
      <loc>https://www.pagalsongs.online/o-sajni-re-kaise-kate-din-raat-mp3-song-download</loc>
    </url>
    <url>
      <loc>https://www.pagalsongs.online/crew-naina-mp3--song-download-</loc>
    </url>
    <url>
      <loc>https://www.pagalsongs.online/raani-mp3-song-download</loc>
    </url>
    <url>
      <loc>https://www.pagalsongs.online/mann-nahi-jeena-ka-mp3-song-download</loc>
    </url>
    <url>
      <loc>https://www.pagalsongs.online/surkhaab-taara-mp3-song-download</loc>
    </url>
    <url>
      <loc>https://www.pagalsongs.online/maai-meri-mp3-song-download</loc>
    </url>
    <url>
      <loc>https://www.pagalsongs.online/dheere-dheere-bol-hip-hop-trap-mix-mp3-song-download</loc>
    </url>
    <url>
      <loc>https://www.pagalsongs.online/pyaar-hota-kayi-baar-hai-mp3-songs-download</loc>
    </url>
    <url>
      <loc>https://www.pagalsongs.online/chaarde-aan-chand-mp3-song-download</loc>
    </url>
    <url>
      <loc>https://www.pagalsongs.online/dollar-wargia-mp3-song-download</loc>
    </url>
    <url>
      <loc>https://www.pagalsongs.online/jordan-sandhu-vailpuna-mp3-song-download</loc>
    </url>
    <url>
      <loc>https://www.pagalsongs.online/how-much-mp3-song-download</loc>
    </url>
    <url>
      <loc>https://www.pagalsongs.online/dil-de-de-dil-mp3-song-download</loc>
    </url>
    <url>
      <loc>https://www.pagalsongs.online/hulaare-mp3-song-download</loc>
    </url>
    <url>
      <loc>https://www.pagalsongs.online/aye-haye-oye-hoye-bado-badi-mp3-song-download</loc>
    </url>
    <url>
      <loc>https://www.pagalsongs.online/sundari-mp3-song-download</loc>
    </url>
    <url>
      <loc>https://www.pagalsongs.online/addict-mp3-song-download</loc>
    </url>
    <url>
      <loc>https://www.pagalsongs.online/mvp-mp3-song-download</loc>
    </url>
    <url>
      <loc>https://www.pagalsongs.online/trending-reels-mp3-song-download</loc>
    </url>
    <url>
      <loc>https://www.pagalsongs.online/savi-humdum-mp3-song-download</loc>
    </url>
    <url>
      <loc>https://www.pagalsongs.online/khamma-ghani-mp3-song-download</loc>
    </url>
    <url>
      <loc>https://www.pagalsongs.online/rabb-rakhe-sukh-mp3-song-download</loc>
    </url>
    <url>
      <loc>https://www.pagalsongs.online/r-nait-maa-mp3-song-download</loc>
    </url>
    <url>
      <loc>https://www.pagalsongs.online/falak-tu-garaj-tu-kgf-2-hindi-song-download-1x0</loc>
    </url>
    <url>
      <loc>https://www.pagalsongs.online/dear-mama-mp3-song-download</loc>
    </url>
    <url>
      <loc>https://www.pagalsongs.online/sidhu-moose-wala-meri-maa-mera-rab-mp3-song-download</loc>
    </url>
    <url>
      <loc>https://www.pagalsongs.online/just-listen-mp3-song-download</loc>
    </url>
    <url>
      <loc>https://www.pagalsongs.online/sajni-re-mp3-song-download</loc>
    </url>
    <url>
      <loc>https://www.pagalsongs.online/ve-paagla-mp3--song-download</loc>
    </url>
    <url>
      <loc>https://www.pagalsongs.online/arijit-singh-mann-jogiya-mp3-song-download-2024</loc>
    </url>
    <url>
      <loc>https://www.pagalsongs.online/shubh-no-love-mp3-songs-download</loc>
    </url>
    <url>
      <loc>https://www.pagalsongs.online/kamar-teri-left-right-mp3--song-download-0</loc>
    </url>
    <url>
      <loc>https://www.pagalsongs.online/jubin-nautiyal-dil-galti-kar-baitha-hai-songs-download</loc>
    </url>
    <url>
      <loc>https://www.pagalsongs.online/bado-badi-mp3-song-download</loc>
    </url>
    <url>
      <loc>https://www.pagalsongs.online/hay-hay-hoy-hoy-mp3-song-download</loc>
    </url>
    <url>
      <loc>https://www.pagalsongs.online/saade-pind-mp3-song-download</loc>
    </url>
    <url>
      <loc>https://www.pagalsongs.online/goin-off-mp3-song-download</loc>
    </url>
    <url>
      <loc>https://www.pagalsongs.online/tere-vaaste-mp3-songs-download</loc>
    </url>
    <url>
      <loc>https://www.pagalsongs.online/born-to-shine-mp3-song-download</loc>
    </url>
    <url>
      <loc>https://www.pagalsongs.online/muqaddar-mp3-song-download</loc>
    </url>
    <url>
      <loc>https://www.pagalsongs.online/horse-stick-mp3-song-download</loc>
    </url>
    <url>
      <loc>https://www.pagalsongs.online/tease-mp3-song-download</loc>
    </url>
    <url>
      <loc>https://www.pagalsongs.online/panchi-retro-mp3-song-download</loc>
    </url>
    <url>
      <loc>https://www.pagalsongs.online/mothers-day-special-2024-mp3-song-download</loc>
    </url>
    <url>
      <loc>https://www.pagalsongs.online/tu-kitni-achhi-hai-tu-kitni-bholi-hai-mp3-song-download</loc>
    </url>
    <url>
      <loc>https://www.pagalsongs.online/tu-kitni-achhi-hai-mp3-song-download</loc>
    </url>
    <url>
      <loc>https://www.pagalsongs.online/mothers-day-mashup-2024-mp3-song-download</loc>
    </url>
    <url>
      <loc>https://www.pagalsongs.online/gollu-aur-pappu-maa-mp3-song-download</loc>
    </url>
    <url>
      <loc>https://www.pagalsongs.online/yaariyan-meri-maa-mp3-song-download</loc>
    </url>
    <url>
      <loc>https://www.pagalsongs.online/aisa-kyun-maa-mp3-song-download</loc>
    </url>
    <url>
      <loc>https://www.pagalsongs.online/mother-mp3-song-download</loc>
    </url>
    <url>
      <loc>https://www.pagalsongs.online/taare-zameen-par-maa-mp3-song-download</loc>
    </url>
    <url>
      <loc>https://www.pagalsongs.online/kokh-ke-rath-mein-mp3-song-download</loc>
    </url>
    <url>
      <loc>https://www.pagalsongs.online/mera-rabb-meri-maa-mp3-song-download</loc>
    </url>
    <url>
      <loc>https://www.pagalsongs.online/in-love-mp3-song-download</loc>
    </url>
    <url>
      <loc>https://www.pagalsongs.online/family-first-mp3-song-download</loc>
    </url>
    <url>
      <loc>https://www.pagalsongs.online/ego-killer-mp3-song-download</loc>
    </url>
    <url>
      <loc>https://www.pagalsongs.online/ladki-tu-kamaal-ki-mp3-song-download</loc>
    </url>
    <url>
      <loc>https://www.pagalsongs.online/jeena-sikha-de-slowed-reverb-mp3-song-download</loc>
    </url>
    <url>
      <loc>https://www.pagalsongs.online/tu-hai-to-mujhe-phir-aur-kya-chahiye-mp3-songs-download</loc>
    </url>
    <url>
      <loc>https://www.pagalsongs.online/haske-mp3-song-download</loc>
    </url>
    <url>
      <loc>https://www.pagalsongs.online/snap-mp3-song-download</loc>
    </url>
    <url>
      <loc>https://www.pagalsongs.online/cheema-y-cloud-9-mp3-song-download</loc>
    </url>
    <url>
      <loc>https://www.pagalsongs.online/mascara-mp3-song-download</loc>
    </url>
    <url>
      <loc>https://www.pagalsongs.online/jadugar-mp3-song-download</loc>
    </url>
    <url>
      <loc>https://www.pagalsongs.online/sonchadi-mp3-song-download</loc>
    </url>
    <url>
      <loc>https://www.pagalsongs.online/inderpal-daku-mp3--song-download</loc>
    </url>
    <url>
      <loc>https://www.pagalsongs.online/meri-zindagi-hai-tu-song-download-2024</loc>
    </url>
    <url>
      <loc>https://www.pagalsongs.online/samjho-na-mp3-song-download</loc>
    </url>
    <url>
      <loc>https://www.pagalsongs.online/goriya-gallan-mp3-song-download</loc>
    </url>
    <url>
      <loc>https://www.pagalsongs.online/jeena-sikha-de-mp3-song-download</loc>
    </url>
    <url>
      <loc>https://www.pagalsongs.online/ami-tomar-moner-vitor-mp3-song-download</loc>
    </url>
    <url>
      <loc>https://www.pagalsongs.online/maghron-la-mp3-song-download</loc>
    </url>
    <url>
      <loc>https://www.pagalsongs.online/kohl-break-it-up-mp3-song-download</loc>
    </url>
    <url>
      <loc>https://www.pagalsongs.online/drip-mp3-song-download</loc>
    </url>
    <url>
      <loc>https://www.pagalsongs.online/pahadi-mp3-song-download</loc>
    </url>
    <url>
      <loc>https://www.pagalsongs.online/samarth-swarup-dholna-mp3-song-download</loc>
    </url>
    <url>
      <loc>https://www.pagalsongs.online/sau-sau-sorriyan-mp3-song-download</loc>
    </url>
    <url>
      <loc>https://www.pagalsongs.online/safar-mp3-song-download-0</loc>
    </url>
    <url>
      <loc>https://www.pagalsongs.online/ishq-likhun-main-mp3-song-download</loc>
    </url>
    <url>
      <loc>https://www.pagalsongs.online/je-jatt-vigarh-gya-mp3-song-download</loc>
    </url>
    <url>
      <loc>https://www.pagalsongs.online/laara-mp3-song-download</loc>
    </url>
    <url>
      <loc>https://www.pagalsongs.online/terian-mohabbtan-mp3-song-download</loc>
    </url>
    <url>
      <loc>https://www.pagalsongs.online/heart-less-mp3-song-download</loc>
    </url>
    <url>
      <loc>https://www.pagalsongs.online/paon-ki-jutti-mp3-song-download</loc>
    </url>
    <url>
      <loc>https://www.pagalsongs.online/gal-dil-te-mp3-song-download</loc>
    </url>
    <url>
      <loc>https://www.pagalsongs.online/koi-si-slowed-reverb-mp3-song-download</loc>
    </url>
    <url>
      <loc>https://www.pagalsongs.online/bairan-begani-mp3-song-download</loc>
    </url>
    <url>
      <loc>https://www.pagalsongs.online/koka-mundeya-mp3-song-download</loc>
    </url>
    <url>
      <loc>https://www.pagalsongs.online/bichhoo-mp3-song-download</loc>
    </url>
    <url>
      <loc>https://www.pagalsongs.online/arjan-dhillon-fly-mp3-song-download</loc>
    </url>
    <url>
      <loc>https://www.pagalsongs.online/addicted-mp3-song-download</loc>
    </url>
    <url>
      <loc>https://www.pagalsongs.online/ghum-ghagre-wali-tere-mote-mote-nain-mp3-song-download</loc>
    </url>
    <url>
      <loc>https://www.pagalsongs.online/harkalay-mp3-song-download</loc>
    </url>
    <url>
      <loc>https://www.pagalsongs.online/darshan-mp3-song-download</loc>
    </url>
    <url>
      <loc>https://www.pagalsongs.online/gagan-likhari-shadow-mp3-song-download</loc>
    </url>
    <url>
      <loc>https://www.pagalsongs.online/you-and-me-song-download-shubh-00</loc>
    </url>
    <url>
      <loc>https://www.pagalsongs.online/one-love-mp3-songs-download-0</loc>
    </url>
    <url>
      <loc>https://www.pagalsongs.online/anarkali-lacha-mp3-song-download</loc>
    </url>
    <url>
      <loc>https://www.pagalsongs.online/bhay-pragat-kripala-mp3-song-download</loc>
    </url>
    <url>
      <loc>https://www.pagalsongs.online/kiss-me-baby-x-ada-mp3-song-download</loc>
    </url>
    <url>
      <loc>https://www.pagalsongs.online/baitha-reh-mp3-song-download</loc>
    </url>
    <url>
      <loc>https://www.pagalsongs.online/facetime-mp3-song-download</loc>
    </url>
    <url>
      <loc>https://www.pagalsongs.online/tu-jo-mila-mp3-song-download</loc>
    </url>
    <url>
      <loc>https://www.pagalsongs.online/tere-bina-main-mp3-song-download</loc>
    </url>
    <url>
      <loc>https://www.pagalsongs.online/gal-pyaar-di-mp3-song-download</loc>
    </url>
    <url>
      <loc>https://www.pagalsongs.online/hero-handa-mp3-song-download</loc>
    </url>
    <url>
      <loc>https://www.pagalsongs.online/dr-zeus-woah-mp3-song-download</loc>
    </url>
    <url>
      <loc>https://www.pagalsongs.online/aedi-niche-mp3-song-download</loc>
    </url>
    <url>
      <loc>https://www.pagalsongs.online/born-to-shine-mega-mashup-dj-sumit-rajwanshi-mp3-song-download</loc>
    </url>
    <url>
      <loc>https://www.pagalsongs.online/satranga-x-pehle-bhi-main-mashup-dj-sunny-singh-uk-mp3-song-download</loc>
    </url>
    <url>
      <loc>https://www.pagalsongs.online/pyaar-ki-khaani-mp3-song-download</loc>
    </url>
    <url>
      <loc>https://www.pagalsongs.online/talwar-fan-mp3-song-download</loc>
    </url>
    <url>
      <loc>https://www.pagalsongs.online/love-you-jaat-mp3-song-download</loc>
    </url>
    <url>
      <loc>https://www.pagalsongs.online/naina-reprised-mp3-song-download</loc>
    </url>
    <url>
      <loc>https://www.pagalsongs.online/powerstar-mashup-2024-mp3-song-download</loc>
    </url>
    <url>
      <loc>https://www.pagalsongs.online/karan-aujla-hip-hop-mashup-2024-sunny-hassa-mp3-song-download</loc>
    </url>
    <url>
      <loc>https://www.pagalsongs.online/d-a-d-mp3-song-download</loc>
    </url>
    <url>
      <loc>https://www.pagalsongs.online/bujh-patlo-mp3-song-download</loc>
    </url>
    <url>
      <loc>https://www.pagalsongs.online/chappal-chappal-mp3-song-download</loc>
    </url>
    <url>
      <loc>https://www.pagalsongs.online/jaat-ki-pasand-mp3-song-download</loc>
    </url>
    <url>
      <loc>https://www.pagalsongs.online/kamar-kare-lach-lach-lach-mp3-song-download</loc>
    </url>
    <url>
      <loc>https://www.pagalsongs.online/fouji-foujan-2-lofi-mp3-song-download</loc>
    </url>
    <url>
      <loc>https://www.pagalsongs.online/laad-kaur-mp3-song-download</loc>
    </url>
    <url>
      <loc>https://www.pagalsongs.online/naina-mashup-dj-shadow-dubai-mp3-song-download</loc>
    </url>
    <url>
      <loc>https://www.pagalsongs.online/suno-na-mp3-song-download</loc>
    </url>
    <url>
      <loc>https://www.pagalsongs.online/heer-di-ammi-mp3-song-download</loc>
    </url>
    <url>
      <loc>https://www.pagalsongs.online/trending-hollybolly-summer-mashup-2024-dip-sr-mp3-song-download</loc>
    </url>
    <url>
      <loc>https://www.pagalsongs.online/pushpa-2-title-track-mp3-song-download</loc>
    </url>
    <url>
      <loc>https://www.pagalsongs.online/pushpa-pushpa-mp3-song-download</loc>
    </url>
    <url>
      <loc>https://www.pagalsongs.online/aayi-aayi-remix-dj-lemon-mp3-song-download</loc>
    </url>
    <url>
      <loc>https://www.pagalsongs.online/satranga-remix-dj-basque-mp3-song-download</loc>
    </url>
    <url>
      <loc>https://www.pagalsongs.online/gulabi-sadi-remix-dj-ravish-dj-chico-mp3-song-download</loc>
    </url>
    <url>
      <loc>https://www.pagalsongs.online/laut-aao-naa-mp3-song-download</loc>
    </url>
    <url>
      <loc>https://www.pagalsongs.online/pistol-pe-loan-mp3-song-download</loc>
    </url>
    <url>
      <loc>https://www.pagalsongs.online/chase-mp3-song-download</loc>
    </url>
    <url>
      <loc>https://www.pagalsongs.online/unblinked-eyes-mp3-song-download</loc>
    </url>
    <url>
      <loc>https://www.pagalsongs.online/gulabi-sadi-ani-lali-mp3-song-download</loc>
    </url>
    <url>
      <loc>https://www.pagalsongs.online/bhauji-lenge-lenge-mp3-song-download</loc>
    </url>
    <url>
      <loc>https://www.pagalsongs.online/maroon-color-sadiya-mp3-song-download</loc>
    </url>
    <url>
      <loc>https://www.pagalsongs.online/gulab-mp3-song-download</loc>
    </url>
    <url>
      <loc>https://www.pagalsongs.online/kaun-tujhe-unplugged-mp3-song-download</loc>
    </url>
    <url>
      <loc>https://www.pagalsongs.online/bottle-mp3-song-download</loc>
    </url>
    <url>
      <loc>https://www.pagalsongs.online/thaa-thaa-mp3-song-download</loc>
    </url>
    <url>
      <loc>https://www.pagalsongs.online/ek-nazar-mp3-song-download</loc>
    </url>
    <url>
      <loc>https://www.pagalsongs.online/bol-mohabbat-mp3-song-download</loc>
    </url>
    <url>
      <loc>https://www.pagalsongs.online/baaja-mp3-song-download</loc>
    </url>
    <url>
      <loc>https://www.pagalsongs.online/ye-honsla-reprise-mp3-song-download</loc>
    </url>
    <url>
      <loc>https://www.pagalsongs.online/tumhe-hi-apna-maana-hai-mp3-song-download</loc>
    </url>
    <url>
      <loc>https://www.pagalsongs.online/kahani-meri-feel-mashup-sunny-visual-mp3-song-download</loc>
    </url>
    <url>
      <loc>https://www.pagalsongs.online/suno-krishna-pyaare-mp3-song-download</loc>
    </url>
    <url>
      <loc>https://www.pagalsongs.online/kaliyaan-rattan-mp3-song-download</loc>
    </url>
    <url>
      <loc>https://www.pagalsongs.online/bolo-zara-mp3-song-download</loc>
    </url>
    <url>
      <loc>https://www.pagalsongs.online/fire-je-jatt-vigarh-gya-mp3-song-download</loc>
    </url>
    <url>
      <loc>https://www.pagalsongs.online/aakhri-mulakat-mp3-song-download</loc>
    </url>
    <url>
      <loc>https://www.pagalsongs.online/tere-nal-viahi-mp3-song-download</loc>
    </url>
    <url>
      <loc>https://www.pagalsongs.online/disco-mp3-song-download</loc>
    </url>
    <url>
      <loc>https://www.pagalsongs.online/mujhe-ishq-hua-hai-mp3-song-download</loc>
    </url>
    <url>
      <loc>https://www.pagalsongs.online/heeramandi-azadi-mp3-song-download</loc>
    </url>
    <url>
      <loc>https://www.pagalsongs.online/el-amor-mp3-song-download</loc>
    </url>
    <url>
      <loc>https://www.pagalsongs.online/punjabi-attraction-mashup-2024-sunny-hassan-mp3-song-download</loc>
    </url>
    <url>
      <loc>https://www.pagalsongs.online/gulab-sidhu-reason-mp3-song-download</loc>
    </url>
    <url>
      <loc>https://www.pagalsongs.online/novan-garari-mp3-song-download</loc>
    </url>
    <url>
      <loc>https://www.pagalsongs.online/achha-lag-raha-hai-mp3-song-download</loc>
    </url>
    <url>
      <loc>https://www.pagalsongs.online/phir-aur-kya-chahiye-x-tu-mile-dil-khile-mashup-mp3-song-download</loc>
    </url>
    <url>
      <loc>https://www.pagalsongs.online/kali-hoodie-mp3-song-download</loc>
    </url>
    <url>
      <loc>https://www.pagalsongs.online/bumpa-mp3-song-download</loc>
    </url>
    <url>
      <loc>https://www.pagalsongs.online/mera-saaya-mp3-song-download</loc>
    </url>
    <url>
      <loc>https://www.pagalsongs.online/jiya-laage-na-mp3-song-download</loc>
    </url>
    <url>
      <loc>https://www.pagalsongs.online/pyar-ishq-mohabbat-mp3-song-download</loc>
    </url>
    <url>
      <loc>https://www.pagalsongs.online/unskippable-mp3-song-download</loc>
    </url>
    <url>
      <loc>https://www.pagalsongs.online/imtehan-mp3-song-download</loc>
    </url>
    <url>
      <loc>https://www.pagalsongs.online/back-bite-mp3-song-download</loc>
    </url>
    <url>
      <loc>https://www.pagalsongs.online/curl-girl-mp3-song-download</loc>
    </url>
    <url>
      <loc>https://www.pagalsongs.online/kaali-chunni-mp3-song-download</loc>
    </url>
    <url>
      <loc>https://www.pagalsongs.online/sumit-parta-teri-meri-jodi-mp3-song-download</loc>
    </url>
    <url>
      <loc>https://www.pagalsongs.online/korala-maan-charcha-mp3-song-download</loc>
    </url>
    <url>
      <loc>https://www.pagalsongs.online/kahani-meri-mp3-song-download</loc>
    </url>
    <url>
      <loc>https://www.pagalsongs.online/o-sajna-mp3-song-download</loc>
    </url>
    <url>
      <loc>https://www.pagalsongs.online/hoya-re-diwana-mp3-song-download</loc>
    </url>
    <url>
      <loc>https://www.pagalsongs.online/vitamin-u-mp3-song-download</loc>
    </url>
    <url>
      <loc>https://www.pagalsongs.online/papa-kehte-hain-mp3-song-download</loc>
    </url>
    <url>
      <loc>https://www.pagalsongs.online/lakhwinder-wadali-nasha-mp3-song-download</loc>
    </url>
    <url>
      <loc>https://www.pagalsongs.online/jodi-jachdi-mp3-song-download</loc>
    </url>
    <url>
      <loc>https://www.pagalsongs.online/kareena-vs-katrina-mega-mashup-2024-dj-avi-mp3-song-download</loc>
    </url>
    <url>
      <loc>https://www.pagalsongs.online/yimmy-yimmy-x-naina-mashup-chillout-vibes-mp3-song-download</loc>
    </url>
    <url>
      <loc>https://www.pagalsongs.online/daler-mp3-song-download</loc>
    </url>
    <url>
      <loc>https://www.pagalsongs.online/akhiyaan-gulaab-remix-dj-scoob-mp3-song-download</loc>
    </url>
    <url>
      <loc>https://www.pagalsongs.online/pawansut-hanuman-mp3-song-download</loc>
    </url>
    <url>
      <loc>https://www.pagalsongs.online/magic-remix-dj-ravish-mp3-song-download</loc>
    </url>
    <url>
      <loc>https://www.pagalsongs.online/tough-mp3-song-download</loc>
    </url>
    <url>
      <loc>https://www.pagalsongs.online/gal-hundi-si-mp3-song-download</loc>
    </url>
    <url>
      <loc>https://www.pagalsongs.online/2am-mp3-song-download</loc>
    </url>
    <url>
      <loc>https://www.pagalsongs.online/god-damn-punjabi-medley-mashup-dj-harsh-sharma-mp3-song-download</loc>
    </url>
    <url>
      <loc>https://www.pagalsongs.online/tu-hai-mp3-song-download</loc>
    </url>
    <url>
      <loc>https://www.pagalsongs.online/hanuman-karenge-kalyan-mp3-song-download</loc>
    </url>
    <url>
      <loc>https://www.pagalsongs.online/yimmy-yimmy-mashup-2024-sunny-hassan-mp3-song-download</loc>
    </url>
    <url>
      <loc>https://www.pagalsongs.online/abhinav-shekhar-channa-ve-mp3-song-download</loc>
    </url>
    <url>
      <loc>https://www.pagalsongs.online/bajrang-baan-mp3-song-download</loc>
    </url>
    <url>
      <loc>https://www.pagalsongs.online/powerful-hanuman-chalisa-mp3-song-download</loc>
    </url>
    <url>
      <loc>https://www.pagalsongs.online/hanuman-jayanthi-2024-special-mp3-song-download</loc>
    </url>
    <url>
      <loc>https://www.pagalsongs.online/hanuman-jayanti-bhajan-2024-mp3-song-download</loc>
    </url>
    <url>
      <loc>https://www.pagalsongs.online/piya-o-piya-mp3-song-download</loc>
    </url>
    <url>
      <loc>https://www.pagalsongs.online/khairiyat-remix-dj-baddiee-mp3-song-download</loc>
    </url>
    <url>
      <loc>https://www.pagalsongs.online/vida-karo-mp3-song-download</loc>
    </url>
    <url>
      <loc>https://www.pagalsongs.online/soulmate-solo-version-slowed-reverb-mp3-song-download</loc>
    </url>
    <url>
      <loc>https://www.pagalsongs.online/busy-doin-nothin-mp3-song-download</loc>
    </url>
    <url>
      <loc>https://www.pagalsongs.online/main-na-jaanu-kyun-mp3-song-download</loc>
    </url>
    <url>
      <loc>https://www.pagalsongs.online/khwabon-wali-raat-mp3-song-download</loc>
    </url>
    <url>
      <loc>https://www.pagalsongs.online/dil-lena-khel-mp3-song-download</loc>
    </url>
    <url>
      <loc>https://www.pagalsongs.online/lead-mp3-song-download</loc>
    </url>
    <url>
      <loc>https://www.pagalsongs.online/nursing-mp3-song-download</loc>
    </url>
    <url>
      <loc>https://www.pagalsongs.online/paper-before-money-mp3-song-download</loc>
    </url>
    <url>
      <loc>https://www.pagalsongs.online/bharat-ka-baccha-baccha-jai-shri-ram-bolega-dj-akhil-talreja-mp3-song-download</loc>
    </url>
    <url>
      <loc>https://www.pagalsongs.online/aayi-aayi-mp3-song-download</loc>
    </url>
    <url>
      <loc>https://www.pagalsongs.online/kabhi-jo-baadal-barse-remix-dj-abhi-india-mp3-song-download</loc>
    </url>
    <url>
      <loc>https://www.pagalsongs.online/bhalobashi-bole-jao-mp3-song-download</loc>
    </url>
    <url>
      <loc>https://www.pagalsongs.online/ram-navami-special-2024-ram-bhajan-mp3-song-download</loc>
    </url>
    <url>
      <loc>https://www.pagalsongs.online/ram-navami-2024-special-dj-mp3-song-download</loc>
    </url>
    <url>
      <loc>https://www.pagalsongs.online/dil-phisal-gaya-mp3-song-download</loc>
    </url>
    <url>
      <loc>https://www.pagalsongs.online/khaali-botal-mp3-song-download</loc>
    </url>
    <url>
      <loc>https://www.pagalsongs.online/duvidha-mp3-song-download</loc>
    </url>
    <url>
      <loc>https://www.pagalsongs.online/aaya-na-tu-mashup-2024-bicky-official-mp3-song-download</loc>
    </url>
    <url>
      <loc>https://www.pagalsongs.online/no-fear-mp3-song-download</loc>
    </url>
    <url>
      <loc>https://www.pagalsongs.online/tu-mil-gaya-mp3-song-download</loc>
    </url>
    <url>
      <loc>https://www.pagalsongs.online/ayodhya-ke-ram-mp3-song-download</loc>
    </url>
    <url>
      <loc>https://www.pagalsongs.online/mere-ram-mp3-song-download</loc>
    </url>
    <url>
      <loc>https://www.pagalsongs.online/mere-ramji-mp3-song-download</loc>
    </url>
    <url>
      <loc>https://www.pagalsongs.online/soulmate-mashup-2024-viniick-mp3-song-download</loc>
    </url>
    <url>
      <loc>https://www.pagalsongs.online/piya-ho-mp3-song-download</loc>
    </url>
    <url>
      <loc>https://www.pagalsongs.online/charno-main-raghuvar-ke-mp3-song-download</loc>
    </url>
    <url>
      <loc>https://www.pagalsongs.online/baaj-te-ghoda-mp3-song-download</loc>
    </url>
    <url>
      <loc>https://www.pagalsongs.online/gabru-gulab-warga-mp3-song-download</loc>
    </url>
    <url>
      <loc>https://www.pagalsongs.online/radioactive-mp3-song-download</loc>
    </url>
    <url>
      <loc>https://www.pagalsongs.online/agar-tum-mil-jao-mp3-song-download</loc>
    </url>
    <url>
      <loc>https://www.pagalsongs.online/always-mp3-song-download</loc>
    </url>
    <url>
      <loc>https://www.pagalsongs.online/aadat-remix-dj-dharak-x-dj-aaditya-mp3-song-download</loc>
    </url>
    <url>
      <loc>https://www.pagalsongs.online/ap-dhillon-real-talk-mp3-song-download</loc>
    </url>
    <url>
      <loc>https://www.pagalsongs.online/something-about-you-mp3-song-download</loc>
    </url>
    <url>
      <loc>https://www.pagalsongs.online/bling-bang-bang-born-mp3-song-download</loc>
    </url>
    <url>
      <loc>https://www.pagalsongs.online/forever-mp3-song-download</loc>
    </url>
    <url>
      <loc>https://www.pagalsongs.online/pindan-di-soh-mp3-song-download</loc>
    </url>
    <url>
      <loc>https://www.pagalsongs.online/saukhi-aen-mp3-song-download</loc>
    </url>
    <url>
      <loc>https://www.pagalsongs.online/mon-re-mp3-song-download</loc>
    </url>
    <url>
      <loc>https://www.pagalsongs.online/payoji-maine-ram-ratan-dhan-payo-mp3-song-download</loc>
    </url>
    <url>
      <loc>https://www.pagalsongs.online/home-sick-mp3-song-download</loc>
    </url>
    <url>
      <loc>https://www.pagalsongs.online/one-hai-re-bhai-mp3-song-download</loc>
    </url>
    <url>
      <loc>https://www.pagalsongs.online/tayc-shreya-ghoshal-yimmy-yimmy-mp3-song-download</loc>
    </url>
    <url>
      <loc>https://www.pagalsongs.online/raat-baaki-remix-dj-hardik-mp3-song-download</loc>
    </url>
    <url>
      <loc>https://www.pagalsongs.online/ve-haniya-slowed-and-reverb-mp3-song-download</loc>
    </url>
    <url>
      <loc>https://www.pagalsongs.online/koi-si-no-love-feeling-mashup-2024-mp3-song-download</loc>
    </url>
    <url>
      <loc>https://www.pagalsongs.online/tere-hawaale-slowed-reverb-mp3-song-download</loc>
    </url>
    <url>
      <loc>https://www.pagalsongs.online/maine-tera-naam-dil-rakh-diya-slowed-reverb-mp3-song-download</loc>
    </url>
    <url>
      <loc>https://www.pagalsongs.online/bhauji-ke-laika-bole-tenge-tenge-mp3-song-download</loc>
    </url>
    <url>
      <loc>https://www.pagalsongs.online/main-gira-hua-banda-jama-nich-baliye-mp3-song-download</loc>
    </url>
    <url>
      <loc>https://www.pagalsongs.online/long-time-mp3-song-download</loc>
    </url>
    <url>
      <loc>https://www.pagalsongs.online/khelan-do-gangor-mp3-song-download</loc>
    </url>
    <url>
      <loc>https://www.pagalsongs.online/gangor-mashup-2024-mp3-song-download</loc>
    </url>
    <url>
      <loc>https://www.pagalsongs.online/gangor-2024-special-mp3-song-download</loc>
    </url>
    <url>
      <loc>https://www.pagalsongs.online/ta-ra-ta-ra-ta-mp3-song-download</loc>
    </url>
    <url>
      <loc>https://www.pagalsongs.online/khwabida-mp3-song-download</loc>
    </url>
    <url>
      <loc>https://www.pagalsongs.online/darbadar-mp3-song-download</loc>
    </url>
    <url>
      <loc>https://www.pagalsongs.online/sona-kitna-sona-hai-mp3-song-download</loc>
    </url>
    <url>
      <loc>https://www.pagalsongs.online/roop-robdaar-mp3-song-download</loc>
    </url>
    <url>
      <loc>https://www.pagalsongs.online/shehzaada-mp3-song-download</loc>
    </url>
    <url>
      <loc>https://www.pagalsongs.online/paap-naashak-mp3-song-download</loc>
    </url>
    <url>
      <loc>https://www.pagalsongs.online/gulabi-sadi-ani-mp3-song-download</loc>
    </url>
    <url>
      <loc>https://www.pagalsongs.online/410-mp3-song-download</loc>
    </url>
    <url>
      <loc>https://www.pagalsongs.online/moyna-pakhi-mp3-song-download</loc>
    </url>
    <url>
      <loc>https://www.pagalsongs.online/gulabi-ankhiyan-mp3-song-download</loc>
    </url>
    <url>
      <loc>https://www.pagalsongs.online/garage-mp3-song-download</loc>
    </url>
    <url>
      <loc>https://www.pagalsongs.online/eid-abhi-toh-shuru-hui-hai-mp3-song-download</loc>
    </url>
    <url>
      <loc>https://www.pagalsongs.online/aayat-arif-eid-mubarak-mp3-song-download</loc>
    </url>
    <url>
      <loc>https://www.pagalsongs.online/kiddan-zaalima-mp3-song-download</loc>
    </url>
    <url>
      <loc>https://www.pagalsongs.online/fighter-mashup-dj-basque-mp3-song-download</loc>
    </url>
    <url>
      <loc>https://www.pagalsongs.online/gur-sidhu-mutiyaar-mp3-song-download</loc>
    </url>
    <url>
      <loc>https://www.pagalsongs.online/amar-singh-chamkila-tu-kya-jaane-mp3-song-download</loc>
    </url>
    <url>
      <loc>https://www.pagalsongs.online/naam-kar-mere-mp3-song-download</loc>
    </url>
    <url>
      <loc>https://www.pagalsongs.online/massle-create-mp3-song-download</loc>
    </url>
    <url>
      <loc>https://www.pagalsongs.online/bawli-mp3-song-download</loc>
    </url>
    <url>
      <loc>https://www.pagalsongs.online/sath-mp3-song-download</loc>
    </url>
    <url>
      <loc>https://www.pagalsongs.online/smug-mp3-song-download</loc>
    </url>
    <url>
      <loc>https://www.pagalsongs.online/o-mere-humnava-mp3-song-download</loc>
    </url>
    <url>
      <loc>https://www.pagalsongs.online/piya-ji-ke-muski-mp3-song-download</loc>
    </url>
    <url>
      <loc>https://www.pagalsongs.online/soda-water-mp3-song-download</loc>
    </url>
    <url>
      <loc>https://www.pagalsongs.online/bollywood-90-s-wedding-mashup-visual-galaxy-mp3-song-download</loc>
    </url>
    <url>
      <loc>https://www.pagalsongs.online/hathi-lebe-ghoda-lebe-mp3-song-download</loc>
    </url>
    <url>
      <loc>https://www.pagalsongs.online/akh-da-taara-mp3-song-download</loc>
    </url>
    <url>
      <loc>https://www.pagalsongs.online/mubarak-eid-mubarak-bengali-mp3-song-download</loc>
    </url>
    <url>
      <loc>https://www.pagalsongs.online/mubarak-eid-mubarak-mp3-song-download</loc>
    </url>
    <url>
      <loc>https://www.pagalsongs.online/eid-ul-fitr-mubarak-mp3-song-download</loc>
    </url>
    <url>
      <loc>https://www.pagalsongs.online/mubarak-eid-mubarak-jukebox-mp3-song-download</loc>
    </url>
    <url>
      <loc>https://www.pagalsongs.online/eid-hai-bhae-eid-hai-mp3-song-download</loc>
    </url>
    <url>
      <loc>https://www.pagalsongs.online/mubarak-ho-eid-aayi-hai-2024-mp3-song-download</loc>
    </url>
    <url>
      <loc>https://www.pagalsongs.online/shaarib-eid-mubarak-mp3-song-download</loc>
    </url>
    <url>
      <loc>https://www.pagalsongs.online/eid-mubarak-mp3-song-download</loc>
    </url>
    <url>
      <loc>https://www.pagalsongs.online/eid-special-mashup-2024-vdj-jakaria-mp3-song-download</loc>
    </url>
    <url>
      <loc>https://www.pagalsongs.online/balo-batiyan-mp3-song-download</loc>
    </url>
    <url>
      <loc>https://www.pagalsongs.online/musahib-jaal-mp3-song-download</loc>
    </url>
    <url>
      <loc>https://www.pagalsongs.online/dost-banke-mp3-song-download</loc>
    </url>
    <url>
      <loc>https://www.pagalsongs.online/yimmy-yimmy-summer-mushup-dip-sr-mp3-song-download</loc>
    </url>
    <url>
      <loc>https://www.pagalsongs.online/ke-janam-pyar-tumse-hai-mp3-song-download</loc>
    </url>
    <url>
      <loc>https://www.pagalsongs.online/navratri-special-2024-bhajan-mp3-song-download</loc>
    </url>
    <url>
      <loc>https://www.pagalsongs.online/gudi-padwa-2024-special-mp3-song-download</loc>
    </url>
    <url>
      <loc>https://www.pagalsongs.online/jiya-mera-mp3-song-download</loc>
    </url>
    <url>
      <loc>https://www.pagalsongs.online/kaala-dora-2-mp3-song-download</loc>
    </url>
    <url>
      <loc>https://www.pagalsongs.online/mujhe-maa-se-mila-de-mp3-song-download</loc>
    </url>
    <url>
      <loc>https://www.pagalsongs.online/mirza-mp3-song-download</loc>
    </url>
    <url>
      <loc>https://www.pagalsongs.online/gudi-padwa-special-2024-mp3-song-download</loc>
    </url>
    <url>
      <loc>https://www.pagalsongs.online/bhor-bhai-din-chadh-gaya-meri-ambe-mp3-song-download</loc>
    </url>
    <url>
      <loc>https://www.pagalsongs.online/pushpa-2-the-rule-teaser-mp3-song-download</loc>
    </url>
    <url>
      <loc>https://www.pagalsongs.online/aarhi-mp3-song-download</loc>
    </url>
    <url>
      <loc>https://www.pagalsongs.online/adhi-jaan-mp3-song-download</loc>
    </url>
    <url>
      <loc>https://www.pagalsongs.online/gedi-mp3-song-download</loc>
    </url>
    <url>
      <loc>https://www.pagalsongs.online/sannki-mp3-song-download</loc>
    </url>
    <url>
      <loc>https://www.pagalsongs.online/ve-kamleya-chillout-mix-knockwell-mp3-song-download</loc>
    </url>
    <url>
      <loc>https://www.pagalsongs.online/feel-the-punjabi-mashup-2024-mp3-song-download</loc>
    </url>
    <url>
      <loc>https://www.pagalsongs.online/manga-uppal-afsana-khan-akh-47-mp3-song-download</loc>
    </url>
    <url>
      <loc>https://www.pagalsongs.online/dhup-lagdi-mp3-song-download</loc>
    </url>
    <url>
      <loc>https://www.pagalsongs.online/mouja-hi-mouja-mp3-song-download</loc>
    </url>
    <url>
      <loc>https://www.pagalsongs.online/hulare-mp3-song-download</loc>
    </url>
    <url>
      <loc>https://www.pagalsongs.online/moh-ey-purana-mp3-song-download</loc>
    </url>
    <url>
      <loc>https://www.pagalsongs.online/parcha-302-mp3-song-download</loc>
    </url>
    <url>
      <loc>https://www.pagalsongs.online/jija-mp3-song-download</loc>
    </url>
    <url>
      <loc>https://www.pagalsongs.online/tu-hai-gentleman-hum-hai-balak-desi-mp3-song-download</loc>
    </url>
    <url>
      <loc>https://www.pagalsongs.online/gulabi-sadi-slowed-reverb-mp3-song-download</loc>
    </url>
    <url>
      <loc>https://www.pagalsongs.online/gulabi-sadi-ani-lali-lal-lal-mp3-song-download</loc>
    </url>
    <url>
      <loc>https://www.pagalsongs.online/gulabi-saree-mp3-song-download</loc>
    </url>
    <url>
      <loc>https://www.pagalsongs.online/jadaai-mp3-song-download</loc>
    </url>
    <url>
      <loc>https://www.pagalsongs.online/new-bgm-ringtone-2024-mp3-song-download</loc>
    </url>
    <url>
      <loc>https://www.pagalsongs.online/flute-ringtone-new-2024-mp3-song-download</loc>
    </url>
    <url>
      <loc>https://www.pagalsongs.online/love-dose-2-0-remix-dj-shadow-dubai-mp3-song-download</loc>
    </url>
    <url>
      <loc>https://www.pagalsongs.online/gulabi-sadi-ani-lali-lali-lali-mp3-song-download</loc>
    </url>
    <url>
      <loc>https://www.pagalsongs.online/love-dose-remix-kedrock-sd-style-mp3-song-download</loc>
    </url>
    <url>
      <loc>https://www.pagalsongs.online/khatu-shyam-mp3-song-download</loc>
    </url>
    <url>
      <loc>https://www.pagalsongs.online/mera-nada-jubedar-se-mp3-song-download</loc>
    </url>
    <url>
      <loc>https://www.pagalsongs.online/phull-te-khushbo-mp3-song-download</loc>
    </url>
    <url>
      <loc>https://www.pagalsongs.online/khadi-jatt-naal-mp3-song-download</loc>
    </url>
    <url>
      <loc>https://www.pagalsongs.online/chail-chabila-mp3-song-download-</loc>
    </url>
    <url>
      <loc>https://www.pagalsongs.online/chheti-de-drivari-sikha-mp3-song-download</loc>
    </url>
    <url>
      <loc>https://www.pagalsongs.online/patange-mp3-song-download</loc>
    </url>
    <url>
      <loc>https://www.pagalsongs.online/yaad-aave-mp3-song-download</loc>
    </url>
    <url>
      <loc>https://www.pagalsongs.online/maa-ka-bulawa-aaya-hai-mp3-song-download</loc>
    </url>
    <url>
      <loc>https://www.pagalsongs.online/meetha-meetha-bathela-mp3-song-download</loc>
    </url>
    <url>
      <loc>https://www.pagalsongs.online/dil-jeha-nahi-manda-mp3-song-download</loc>
    </url>
    <url>
      <loc>https://www.pagalsongs.online/defender-mp3-song-download</loc>
    </url>
    <url>
      <loc>https://www.pagalsongs.online/kala-chashma-laga-lijiye-mp3-song-download</loc>
    </url>
    <url>
      <loc>https://www.pagalsongs.online/raamam-raaghavam-mp3-song-download</loc>
    </url>
    <url>
      <loc>https://www.pagalsongs.online/jai-shree-hanuman-mp3-song-download</loc>
    </url>
    <url>
      <loc>https://www.pagalsongs.online/ro-lain-de-mp3-song-download</loc>
    </url>
    <url>
      <loc>https://www.pagalsongs.online/kudmayi-mp3-song-download</loc>
    </url>
    <url>
      <loc>https://www.pagalsongs.online/aaj-sajeya-x-kudmayi-mashup-knockwell-mp3-song-download</loc>
    </url>
    <url>
      <loc>https://www.pagalsongs.online/himesh-reshammiya-x-emran-hashmi-mashup-dj-bhav-london-x-sunix-thakor-mp3-song-download</loc>
    </url>
    <url>
      <loc>https://www.pagalsongs.online/saibo-remix-mp3-song-download</loc>
    </url>
    <url>
      <loc>https://www.pagalsongs.online/reelan-di-rani-mp3-song-download</loc>
    </url>
    <url>
      <loc>https://www.pagalsongs.online/angreji-pk-mp3-song-download</loc>
    </url>
    <url>
      <loc>https://www.pagalsongs.online/ranga-ranga-mp3-song-download-</loc>
    </url>
    <url>
      <loc>https://www.pagalsongs.online/kyun-mp3-song-download</loc>
    </url>
    <url>
      <loc>https://www.pagalsongs.online/chand-sitare-cover-mp3-song-download</loc>
    </url>
    <url>
      <loc>https://www.pagalsongs.online/mubarak-eid-hai-mp3-song-download</loc>
    </url>
    <url>
      <loc>https://www.pagalsongs.online/laa-pila-de-sharaab-mp3-song-download</loc>
    </url>
    <url>
      <loc>https://www.pagalsongs.online/kamsin-kali-mp3-song-download-</loc>
    </url>
    <url>
      <loc>https://www.pagalsongs.online/mahashakti-durga-mp3-song-download</loc>
    </url>
    <url>
      <loc>https://www.pagalsongs.online/love-song-mp3-song-download</loc>
    </url>
    <url>
      <loc>https://www.pagalsongs.online/khesi-mp3-song-download</loc>
    </url>
    <url>
      <loc>https://www.pagalsongs.online/rano-mp3-song-download</loc>
    </url>
    <url>
      <loc>https://www.pagalsongs.online/mithe-bol-mp3-song-download</loc>
    </url>
    <url>
      <loc>https://www.pagalsongs.online/jija-gaon-main-thare-aayi-mp3-song-download</loc>
    </url>
    <url>
      <loc>https://www.pagalsongs.online/naina-x-sajda-karaan-acv-mp3-song-download</loc>
    </url>
    <url>
      <loc>https://www.pagalsongs.online/sajda-karaan-mp3-song-download</loc>
    </url>
    <url>
      <loc>https://www.pagalsongs.online/mujhe-is-lamho-ko-aas-teri-mp3-song-download</loc>
    </url>
    <url>
      <loc>https://www.pagalsongs.online/noor-e-khuda-mp3-song-download</loc>
    </url>
    <url>
      <loc>https://www.pagalsongs.online/nahin-milta-mp3-song-download</loc>
    </url>
    <url>
      <loc>https://www.pagalsongs.online/jhak-maar-ke-x-billo-rani-dj-infeels-mp3-song-download</loc>
    </url>
    <url>
      <loc>https://www.pagalsongs.online/hmm-mp3-song-download</loc>
    </url>
    <url>
      <loc>https://www.pagalsongs.online/suthri-si-chori-mp3-song-download</loc>
    </url>
    <url>
      <loc>https://www.pagalsongs.online/kabhi-na-kabhi-mp3-song-download</loc>
    </url>
    <url>
      <loc>https://www.pagalsongs.online/angels-in-tibet-mp3-song-download</loc>
    </url>
    <url>
      <loc>https://www.pagalsongs.online/sajde-mp3-song-download-</loc>
    </url>
    <url>
      <loc>https://www.pagalsongs.online/dil-mere-mp3-song-download-</loc>
    </url>
    <url>
      <loc>https://www.pagalsongs.online/choo-lo-mp3-song-download</loc>
    </url>
    <url>
      <loc>https://www.pagalsongs.online/brown-rang-slowed-reverb-mp3-song-download</loc>
    </url>
    <url>
      <loc>https://www.pagalsongs.online/angreji-beat-mp3-song-download</loc>
    </url>
    <url>
      <loc>https://www.pagalsongs.online/tinku-jiya-mp3-song-download</loc>
    </url>
    <url>
      <loc>https://www.pagalsongs.online/ve-pagla-mp3-song-download</loc>
    </url>
    <url>
      <loc>https://www.pagalsongs.online/tera-mera-hai-pyar-amar-mp3-song-download</loc>
    </url>
    <url>
      <loc>https://www.pagalsongs.online/qayamat-na-dhao-mp3-song-download</loc>
    </url>
    <url>
      <loc>https://www.pagalsongs.online/dubidubidu-mp3-song-download</loc>
    </url>
    <url>
      <loc>https://www.pagalsongs.online/silsila-ye-chahat-ka-remix-mp3-song-download</loc>
    </url>
    <url>
      <loc>https://www.pagalsongs.online/choliya-ke-hook-raja-ji-mp3-song-download</loc>
    </url>
    <url>
      <loc>https://www.pagalsongs.online/premika-ne-pyar-se-mp3-song-download</loc>
    </url>
    <url>
      <loc>https://www.pagalsongs.online/katchi-sera-mp3-song-download</loc>
    </url>
    <url>
      <loc>https://www.pagalsongs.online/dont-go-insane-mp3-song-download-</loc>
    </url>
    <url>
      <loc>https://www.pagalsongs.online/shik-shak-shok-mp3-song-download</loc>
    </url>
    <url>
      <loc>https://www.pagalsongs.online/janam-pyar-tumse-hai-mp3-song-download</loc>
    </url>
    <url>
      <loc>https://www.pagalsongs.online/keejo-kesari-ke-laal-dj-karan-kahar-dj-dakshraj-mp3-song-download</loc>
    </url>
    <url>
      <loc>https://www.pagalsongs.online/hanuman-jab-chale-mp3-song-download</loc>
    </url>
    <url>
      <loc>https://www.pagalsongs.online/keejo-kesari-ke-laal-mp3-song-download-</loc>
    </url>
    <url>
      <loc>https://www.pagalsongs.online/tora-kad-di-rehndi-hai-mp3-song-download</loc>
    </url>
    <url>
      <loc>https://www.pagalsongs.online/admirin-you-mp3-song-download</loc>
    </url>
    <url>
      <loc>https://www.pagalsongs.online/ek-ka-nam-sinu-or-ektha-junnu-mp3-song-download</loc>
    </url>
    <url>
      <loc>https://www.pagalsongs.online/maharani-mp3-song-download</loc>
    </url>
    <url>
      <loc>https://www.pagalsongs.online/sem-sem-but-different-no-money-no-honey-mp3-song-download</loc>
    </url>
    <url>
      <loc>https://www.pagalsongs.online/bang-bang-bangkok-mp3-song-download</loc>
    </url>
    <url>
      <loc>https://www.pagalsongs.online/wishes-mp3-song-download</loc>
    </url>
    <url>
      <loc>https://www.pagalsongs.online/en-mi-cuarto-mp3-song-download</loc>
    </url>
    <url>
      <loc>https://www.pagalsongs.online/oye-hoye-tu-soni-bali-mp3-song-download</loc>
    </url>
    <url>
      <loc>https://www.pagalsongs.online/9-45-mp3-song-download</loc>
    </url>
    <url>
      <loc>https://www.pagalsongs.online/vaadi-vaadi-naattu-katta-mp3-song-download</loc>
    </url>
    <url>
      <loc>https://www.pagalsongs.online/unakku-thaan-mp3-song-download-</loc>
    </url>
    <url>
      <loc>https://www.pagalsongs.online/fireball-mp3-song-download-</loc>
    </url>
    <url>
      <loc>https://www.pagalsongs.online/useless-bhawra-mp3-song-download</loc>
    </url>
    <url>
      <loc>https://www.pagalsongs.online/nauvari-mp3-song-download</loc>
    </url>
    <url>
      <loc>https://www.pagalsongs.online/gulabi-sadi-remix-dj-shubham-mumbai-mp3-song-download</loc>
    </url>
    <url>
      <loc>https://www.pagalsongs.online/tilasmi-bahein-mp3-song-download</loc>
    </url>
    <url>
      <loc>https://www.pagalsongs.online/sunny-deol-si-body-slowed-reverb-mp3-song-download</loc>
    </url>
    <url>
      <loc>https://www.pagalsongs.online/din-ko-raat-kahegi-to-main-raat-kahun-mp3-song-download</loc>
    </url>
    <url>
      <loc>https://www.pagalsongs.online/nowadays-mp3-song-download</loc>
    </url>
    <url>
      <loc>https://www.pagalsongs.online/me-vs-me-mp3-song-download</loc>
    </url>
    <url>
      <loc>https://www.pagalsongs.online/grateful-mp3-song-download</loc>
    </url>
    <url>
      <loc>https://www.pagalsongs.online/gaddi-de-sheeshe-mp3-song-download</loc>
    </url>
    <url>
      <loc>https://www.pagalsongs.online/sanam-aa-gaya-lofi-mp3-song-download</loc>
    </url>
    <url>
      <loc>https://www.pagalsongs.online/davi-singh-no-chance-mp3-song-download</loc>
    </url>
    <url>
      <loc>https://www.pagalsongs.online/ex-calling-me-mp3-song-download</loc>
    </url>
    <url>
      <loc>https://www.pagalsongs.online/raavi-gill-guess-mp3-song-download</loc>
    </url>
    <url>
      <loc>https://www.pagalsongs.online/ranbir-kapoor-mashup-2024-amtee-mp3-song-download</loc>
    </url>
    <url>
      <loc>https://www.pagalsongs.online/teri-maa-mp3-song-download</loc>
    </url>
    <url>
      <loc>https://www.pagalsongs.online/sun-sajni-remix-dj-hardik-mp3-song-download</loc>
    </url>
    <url>
      <loc>https://www.pagalsongs.online/lovestruck-latest-2024-bollywood-mashup-dj-harsh-sharma-mp3-song-download</loc>
    </url>
    <url>
      <loc>https://www.pagalsongs.online/bunny-johal-balcony-mp3-song-download</loc>
    </url>
    <url>
      <loc>https://www.pagalsongs.online/taj-mahal-si-heli-mp3-song-download</loc>
    </url>
    <url>
      <loc>https://www.pagalsongs.online/talent-mp3-song-download</loc>
    </url>
    <url>
      <loc>https://www.pagalsongs.online/gam-mein-soye-hain-gam-mein-jage-mp3-song-download</loc>
    </url>
    <url>
      <loc>https://www.pagalsongs.online/nirvair-pannu-nazran-mp3-song-download</loc>
    </url>
    <url>
      <loc>https://www.pagalsongs.online/rabba-mereya-mp3-song-download</loc>
    </url>
    <url>
      <loc>https://www.pagalsongs.online/papa-tu-hai-na-mp3--song-download</loc>
    </url>
    <url>
      <loc>https://www.pagalsongs.online/100-vari-mp3-song-download</loc>
    </url>
    <url>
      <loc>https://www.pagalsongs.online/sohna-ho-geya-mp3-song-download</loc>
    </url>
    <url>
      <loc>https://www.pagalsongs.online/do-aur-do-pyaar-tu-hai-kahaan-mp3-song-download</loc>
    </url>
    <url>
      <loc>https://www.pagalsongs.online/jhaanjar-remix-dj-sunny-singh-uk-mp3-song-download</loc>
    </url>
    <url>
      <loc>https://www.pagalsongs.online/mafia-famiy-mp3-song-download</loc>
    </url>
    <url>
      <loc>https://www.pagalsongs.online/surname-mp3--song-download</loc>
    </url>
    <url>
      <loc>https://www.pagalsongs.online/black-magic-mp3-song-download</loc>
    </url>
    <url>
      <loc>https://www.pagalsongs.online/truth-on-the-wall-mp3-song-download</loc>
    </url>
    <url>
      <loc>https://www.pagalsongs.online/ya-ali-mashup-dj-shadow-dubai-x-dhyan-mashup-mp3-song-download</loc>
    </url>
    <url>
      <loc>https://www.pagalsongs.online/sadhu-badmash-mp3-song-download</loc>
    </url>
    <url>
      <loc>https://www.pagalsongs.online/tippu-sultan-sakoon-mp3-song-download</loc>
    </url>
    <url>
      <loc>https://www.pagalsongs.online/prem-kahaani-mein-mp3-song-download</loc>
    </url>
    <url>
      <loc>https://www.pagalsongs.online/yaar-haryanvi-mp3-song-download</loc>
    </url>
    <url>
      <loc>https://www.pagalsongs.online/pehla-ishq-mp3-song-download</loc>
    </url>
    <url>
      <loc>https://www.pagalsongs.online/haye-ni-mp3-song-download</loc>
    </url>
    <url>
      <loc>https://www.pagalsongs.online/fouji-fojan-2-mp3-song-download</loc>
    </url>
    <url>
      <loc>https://www.pagalsongs.online/chudi-payal-mp3--song-download</loc>
    </url>
    <url>
      <loc>https://www.pagalsongs.online/khadi-matke-mp3-song-download</loc>
    </url>
    <url>
      <loc>https://www.pagalsongs.online/chand-wala-mukhda-leke-chalo-na-bajar-mein-mp3-song-download</loc>
    </url>
    <url>
      <loc>https://www.pagalsongs.online/rao-sahab-rollin-mp3-song-download</loc>
    </url>
    <url>
      <loc>https://www.pagalsongs.online/pittal-mp3-song-download</loc>
    </url>
    <url>
      <loc>https://www.pagalsongs.online/kareja-ho-2-mp3-song-download</loc>
    </url>
    <url>
      <loc>https://www.pagalsongs.online/ondu-malebillu-mp3-song-download</loc>
    </url>
    <url>
      <loc>https://www.pagalsongs.online/g-yaan-mp3--song-download</loc>
    </url>
    <url>
      <loc>https://www.pagalsongs.online/alag-hai-mp3--song-download</loc>
    </url>
    <url>
      <loc>https://www.pagalsongs.online/kalashnikova-mp3--song-download</loc>
    </url>
    <url>
      <loc>https://www.pagalsongs.online/naraaz-mp3--song-download</loc>
    </url>
    <url>
      <loc>https://www.pagalsongs.online/amg-mp3-song-download</loc>
    </url>
    <url>
      <loc>https://www.pagalsongs.online/body-on-me-mp3--song-download</loc>
    </url>
    <url>
      <loc>https://www.pagalsongs.online/badshah-arijit-singh-soulmate-mp3-song-download</loc>
    </url>
    <url>
      <loc>https://www.pagalsongs.online/drinks-on-me-mp3--song-download</loc>
    </url>
    <url>
      <loc>https://www.pagalsongs.online/red-and-blue-mp3-song-download</loc>
    </url>
    <url>
      <loc>https://www.pagalsongs.online/badshah-surma-mp3-song-download</loc>
    </url>
    <url>
      <loc>https://www.pagalsongs.online/hola-at-your-boy-mp3-song-download</loc>
    </url>
    <url>
      <loc>https://www.pagalsongs.online/bajenge-mp3-song-download-</loc>
    </url>
    <url>
      <loc>https://www.pagalsongs.online/like-a-snake-mp3-song-download</loc>
    </url>
    <url>
      <loc>https://www.pagalsongs.online/chale-jaana-phir-mp3-song-download</loc>
    </url>
    <url>
      <loc>https://www.pagalsongs.online/mega-love-mashup-ht-music-mp3-song-download</loc>
    </url>
    <url>
      <loc>https://www.pagalsongs.online/hansraj-raghuwanshi-kabira-mp3-song-download</loc>
    </url>
    <url>
      <loc>https://www.pagalsongs.online/badri-ki-dulhania-mp3-song-download</loc>
    </url>
    <url>
      <loc>https://www.pagalsongs.online/ninja-dhokha-mp3-song-download</loc>
    </url>
    <url>
      <loc>https://www.pagalsongs.online/love-mashup-2024-dj-yogii-mp3-song-download</loc>
    </url>
    <url>
      <loc>https://www.pagalsongs.online/not-allowed-mp3-song-download</loc>
    </url>
    <url>
      <loc>https://www.pagalsongs.online/naagni-fadi-gayi-mp3-song-download</loc>
    </url>
    <url>
      <loc>https://www.pagalsongs.online/velly-laane-mp3-song-download</loc>
    </url>
    <url>
      <loc>https://www.pagalsongs.online/billo-kehndi-mp3-song-download</loc>
    </url>
    <url>
      <loc>https://www.pagalsongs.online/daang-jatt-di-mp3-song-download</loc>
    </url>
    <url>
      <loc>https://www.pagalsongs.online/team-side-mp3-song-download</loc>
    </url>
    <url>
      <loc>https://www.pagalsongs.online/bollywood-x-south-2023-dj-bks-sunix-thakor-mp3-song-download</loc>
    </url>
    <url>
      <loc>https://www.pagalsongs.online/koi-si-remix-dj-shadow-dubai-x-hasnain-music-mp3-song-download</loc>
    </url>
    <url>
      <loc>https://www.pagalsongs.online/you-and-me-mashup-naresh-parmar-mp3-song-download</loc>
    </url>
    <url>
      <loc>https://www.pagalsongs.online/suniranj-chann-ve-mp3-song-download</loc>
    </url>
    <url>
      <loc>https://www.pagalsongs.online/bandana-mp3-song-download</loc>
    </url>
    <url>
      <loc>https://www.pagalsongs.online/r-nait-tere-bin-mp3-song-download</loc>
    </url>
    <url>
      <loc>https://www.pagalsongs.online/babbu-maan-kirdaar-mp3-song-download</loc>
    </url>
    <url>
      <loc>https://www.pagalsongs.online/meri-awargi-dj-s-f-m-dj-shivam-mp3-song-download</loc>
    </url>
    <url>
      <loc>https://www.pagalsongs.online/animal-park-dj-bks-mp3-song-download</loc>
    </url>
    <url>
      <loc>https://www.pagalsongs.online/tere-liye-x-eternity-dj-shadow-dubai-mashup-2024-mp3-song-download</loc>
    </url>
    <url>
      <loc>https://www.pagalsongs.online/betabiyaan-mp3-song-download</loc>
    </url>
    <url>
      <loc>https://www.pagalsongs.online/ramji-gulati-pehli-dafa-mp3--song-download</loc>
    </url>
    <url>
      <loc>https://www.pagalsongs.online/naseeb-se-remix-dj-hardik-mp3-song-download</loc>
    </url>
    <url>
      <loc>https://www.pagalsongs.online/aana-padega-mp3-song-download</loc>
    </url>
    <url>
      <loc>https://www.pagalsongs.online/tenge-tenge-dj-mp3-song-download</loc>
    </url>
    <url>
      <loc>https://www.pagalsongs.online/billa-sonipat-ala-yaariyan-mp3-song-download</loc>
    </url>
    <url>
      <loc>https://www.pagalsongs.online/adhoora-ishq-mp3-song-download</loc>
    </url>
    <url>
      <loc>https://www.pagalsongs.online/saaj-bhatt-meri-maa-mp3-song-download</loc>
    </url>
    <url>
      <loc>https://www.pagalsongs.online/gadi-100-pe-mp3--song-download</loc>
    </url>
    <url>
      <loc>https://www.pagalsongs.online/sang-lagdi-mp3-song-download</loc>
    </url>
    <url>
      <loc>https://www.pagalsongs.online/scenario-mp3-song-download-2024</loc>
    </url>
    <url>
      <loc>https://www.pagalsongs.online/jazbaati-hai-dil-mp3--song-download</loc>
    </url>
    <url>
      <loc>https://www.pagalsongs.online/pagal-tujhe-main-kar-dungi-mp3-song-download</loc>
    </url>
    <url>
      <loc>https://www.pagalsongs.online/gajra-mp3-song-download</loc>
    </url>
    <url>
      <loc>https://www.pagalsongs.online/pagal-tujhe-main-kar-dunga-mp3-song-download</loc>
    </url>
    <url>
      <loc>https://www.pagalsongs.online/vrindavan-mein-mp3-song-download</loc>
    </url>
    <url>
      <loc>https://www.pagalsongs.online/khutti-mp3-song-download-2024</loc>
    </url>
    <url>
      <loc>https://www.pagalsongs.online/do-naino-ke-pechida-mp3-song-download</loc>
    </url>
    <url>
      <loc>https://www.pagalsongs.online/balam-pichkari-remix-dj-chetas-mp3-song-download</loc>
    </url>
    <url>
      <loc>https://www.pagalsongs.online/holi-special-mix-2024-dj-udai-mp3-song-download</loc>
    </url>
    <url>
      <loc>https://www.pagalsongs.online/holi-me-dilwa-kare-dhak-dhak-mp3-song-download</loc>
    </url>
    <url>
      <loc>https://www.pagalsongs.online/holi-me-hala-kar-deba-mp3-song-download</loc>
    </url>
    <url>
      <loc>https://www.pagalsongs.online/holiya-mein-ude-re-gulal-carnival-mix-mp3-song-download</loc>
    </url>
    <url>
      <loc>https://www.pagalsongs.online/rang-barse-bash-the-ultimate-holi-mashup-mp3-song-download</loc>
    </url>
    <url>
      <loc>https://www.pagalsongs.online/enna-akhiyan-mp3-song-download</loc>
    </url>
    <url>
      <loc>https://www.pagalsongs.online/holi-2-0-dip-sr-mp3-song-download</loc>
    </url>
    <url>
      <loc>https://www.pagalsongs.online/ankit-tiwari-pehli-dafa-mp3-song-download</loc>
    </url>
    <url>
      <loc>https://www.pagalsongs.online/moh-na-laage-mp3--song-download-</loc>
    </url>
    <url>
      <loc>https://www.pagalsongs.online/the-holi-bash-2024-dj-avi-mp3-song-download</loc>
    </url>
    <url>
      <loc>https://www.pagalsongs.online/yasser-desai-heartbreak-mashup-bicky-official-mp3-song-download</loc>
    </url>
    <url>
      <loc>https://www.pagalsongs.online/arjan-vailly-remix-dj-hardik-mp3-song-download</loc>
    </url>
    <url>
      <loc>https://www.pagalsongs.online/baat-ishq-di-mp3-song-download</loc>
    </url>
    <url>
      <loc>https://www.pagalsongs.online/sachha-ishq-mp3-song-download</loc>
    </url>
    <url>
      <loc>https://www.pagalsongs.online/choli-ke-peeche-mp3-song-download</loc>
    </url>
    <url>
      <loc>https://www.pagalsongs.online/kurti-mp3-song-download-2024</loc>
    </url>
    <url>
      <loc>https://www.pagalsongs.online/velly-ranjha-mp3-song-download</loc>
    </url>
    <url>
      <loc>https://www.pagalsongs.online/aaj-biraj-mein-holi-re-rasiya-mp3-song-download</loc>
    </url>
    <url>
      <loc>https://www.pagalsongs.online/gall-mukdi-aa-mp3-song-download</loc>
    </url>
    <url>
      <loc>https://www.pagalsongs.online/pehle-bhi-main-remix-dj-chetas-x-dj-nyk-mp3-song-download</loc>
    </url>
    <url>
      <loc>https://www.pagalsongs.online/sector-15-mp3-song-download-</loc>
    </url>
    <url>
      <loc>https://www.pagalsongs.online/taade-mp3--song-download</loc>
    </url>
    <url>
      <loc>https://www.pagalsongs.online/badshah-karan-aujla-god-damn-mp3-song-download</loc>
    </url>
    <url>
      <loc>https://www.pagalsongs.online/main-yaad-aaunga-mp3-song-download</loc>
    </url>
    <url>
      <loc>https://www.pagalsongs.online/sadqay-remix-dj-rhea-mp3-song-download</loc>
    </url>
    <url>
      <loc>https://www.pagalsongs.online/satranga-tulsi-kumar-version-mp3-song-download</loc>
    </url>
    <url>
      <loc>https://www.pagalsongs.online/coffee-shade-mp3-song-download</loc>
    </url>
    <url>
      <loc>https://www.pagalsongs.online/block-mp3--song-download</loc>
    </url>
    <url>
      <loc>https://www.pagalsongs.online/tora-2-mp3--song-download</loc>
    </url>
    <url>
      <loc>https://www.pagalsongs.online/first-round-mp3-song-download</loc>
    </url>
    <url>
      <loc>https://www.pagalsongs.online/kashinath-mp3-song-download-0</loc>
    </url>
    <url>
      <loc>https://www.pagalsongs.online/balam-pichkari-remix-dj-ravish-dj-chico-mp3-song-download</loc>
    </url>
    <url>
      <loc>https://www.pagalsongs.online/my-queen-mp3-song-download</loc>
    </url>
    <url>
      <loc>https://www.pagalsongs.online/bhartaar-mp3-song-download</loc>
    </url>
    <url>
      <loc>https://www.pagalsongs.online/negative-vibe-mp3-song-download</loc>
    </url>
    <url>
      <loc>https://www.pagalsongs.online/gusse-nal-mp3-song-download</loc>
    </url>
    <url>
      <loc>https://www.pagalsongs.online/lakk-mp3--song-download</loc>
    </url>
    <url>
      <loc>https://www.pagalsongs.online/mann-ki-baats-mp3-song-download</loc>
    </url>
    <url>
      <loc>https://www.pagalsongs.online/pehle-bhi-main-remix-dj-aqeel-mp3-song-download</loc>
    </url>
    <url>
      <loc>https://www.pagalsongs.online/jay-jay-bholenath-ki-chinta-kis-baat-ki-mp3-song-download</loc>
    </url>
    <url>
      <loc>https://www.pagalsongs.online/chinta-kis-baat-ki-mp3--song-download</loc>
    </url>
    <url>
      <loc>https://www.pagalsongs.online/qismat-badal-di-mp3-song-download</loc>
    </url>
    <url>
      <loc>https://www.pagalsongs.online/kal-raat-mere-ghar-aaya-ek-chor-mp3-song-download</loc>
    </url>
    <url>
      <loc>https://www.pagalsongs.online/love-dose-2-0-mp3-song-download</loc>
    </url>
    <url>
      <loc>https://www.pagalsongs.online/naram-kaalja-mp3-song-download</loc>
    </url>
    <url>
      <loc>https://www.pagalsongs.online/sadqay-remix-dj-dharak-mp3-song-download</loc>
    </url>
    <url>
      <loc>https://www.pagalsongs.online/jee-bhar-ke-tum-lofi-mp3-song-download</loc>
    </url>
    <url>
      <loc>https://www.pagalsongs.online/haye-oye-mp3-song-download</loc>
    </url>
    <url>
      <loc>https://www.pagalsongs.online/nanhe-nanhe-ghungroo-mp3-song-download</loc>
    </url>
    <url>
      <loc>https://www.pagalsongs.online/jatt-jatt-hundi-aa-mp3--song-download</loc>
    </url>
    <url>
      <loc>https://www.pagalsongs.online/rao-sahab-drill-mp3-song-download</loc>
    </url>
    <url>
      <loc>https://www.pagalsongs.online/olha-2-mp3-song-download-</loc>
    </url>
    <url>
      <loc>https://www.pagalsongs.online/laal-peeli-akhiyaan-remix-dj-ravish-dj-chico-mp3-song-download</loc>
    </url>
    <url>
      <loc>https://www.pagalsongs.online/first-sight-love-punjabi-mashup-2024-sunny-hassan-mp3-song-download</loc>
    </url>
    <url>
      <loc>https://www.pagalsongs.online/holi-khele-aawatare-mp3-song-download</loc>
    </url>
    <url>
      <loc>https://www.pagalsongs.online/kandhe-pe-dunali-leke-mp3-song-download</loc>
    </url>
    <url>
      <loc>https://www.pagalsongs.online/ghagra-mp3-song-download</loc>
    </url>
    <url>
      <loc>https://www.pagalsongs.online/vijay-the-master-ringtone-mp3--song-download</loc>
    </url>
    <url>
      <loc>https://www.pagalsongs.online/husn-x-choo-lo-remix-dj-shadow-dubai-mp3-song-download</loc>
    </url>
    <url>
      <loc>https://www.pagalsongs.online/holi-party-mix-2024-nonstop-mp3-song-download</loc>
    </url>
    <url>
      <loc>https://www.pagalsongs.online/holi-mix-2024-dj-z3ddi-mp3-song-download</loc>
    </url>
    <url>
      <loc>https://www.pagalsongs.online/holi-mashup-2024-dj-z3ddi-mp3-song-download</loc>
    </url>
    <url>
      <loc>https://www.pagalsongs.online/saali-sange-jija-mp3-song-download</loc>
    </url>
    <url>
      <loc>https://www.pagalsongs.online/dale-ke-ba-mp3-song-download</loc>
    </url>
    <url>
      <loc>https://www.pagalsongs.online/devar-pe-rahab-holi-me-mp3-song-download</loc>
    </url>
    <url>
      <loc>https://www.pagalsongs.online/bewafa-tera-masoom-chehra-lofi-mix-mp3-song-download</loc>
    </url>
    <url>
      <loc>https://www.pagalsongs.online/rata-lambiya-mp3--song-download</loc>
    </url>
    <url>
      <loc>https://www.pagalsongs.online/yaadaan-mp3-song-download</loc>
    </url>
    <url>
      <loc>https://www.pagalsongs.online/sadi-par-pichkari-mp3-song-download</loc>
    </url>
    <url>
      <loc>https://www.pagalsongs.online/khalnayak-mp3-song-download</loc>
    </url>
    <url>
      <loc>https://www.pagalsongs.online/khore-kado-pind-geda-lona-maaye-meriye-mp3-song-download</loc>
    </url>
    <url>
      <loc>https://www.pagalsongs.online/laada-naal-mp3-song-download</loc>
    </url>
    <url>
      <loc>https://www.pagalsongs.online/harvy-sandhu-talk-mp3-song-download</loc>
    </url>
    <url>
      <loc>https://www.pagalsongs.online/ke-rang-laggeya-ishq-da-mp3-song-download</loc>
    </url>
    <url>
      <loc>https://www.pagalsongs.online/tum-mile-instrumental-ringtone-mp3-song-download</loc>
    </url>
    <url>
      <loc>https://www.pagalsongs.online/best-flute-ringtone-2024-mp3-song-download</loc>
    </url>
    <url>
      <loc>https://www.pagalsongs.online/maa-ringtone-mp3-song-download</loc>
    </url>
    <url>
      <loc>https://www.pagalsongs.online/chal-diya-instrumental-ringtone-mp3-song-download</loc>
    </url>
    <url>
      <loc>https://www.pagalsongs.online/mobile-ringtone-instrumental-2024-mp3--song-download</loc>
    </url>
    <url>
      <loc>https://www.pagalsongs.online/english-sad-ringtone-2024-mp3-song-download</loc>
    </url>
    <url>
      <loc>https://www.pagalsongs.online/new-mobile-ringtone-2024-mp3-song-download</loc>
    </url>
    <url>
      <loc>https://www.pagalsongs.online/new-flute-instrumental-ringtone-2024-mp3-song-download</loc>
    </url>
    <url>
      <loc>https://www.pagalsongs.online/meri-aashiqui-instrumental-ringtone-mp3-song-download</loc>
    </url>
    <url>
      <loc>https://www.pagalsongs.online/kul-arabic-ringtone-mp3-song-download</loc>
    </url>
    <url>
      <loc>https://www.pagalsongs.online/best-instrumental-ringtone-mp3-song-download</loc>
    </url>
    <url>
      <loc>https://www.pagalsongs.online/new-ringtone-2024-mp3-song-download</loc>
    </url>
    <url>
      <loc>https://www.pagalsongs.online/new-flute-ringtone-2024-mp3-song-download</loc>
    </url>
    <url>
      <loc>https://www.pagalsongs.online/instrumental-ringtone-mp3-song-download</loc>
    </url>
    <url>
      <loc>https://www.pagalsongs.online/new-instrumental-ringtone-mp3-song-download</loc>
    </url>
    <url>
      <loc>https://www.pagalsongs.online/guitar-ringtone-mp3--song-download</loc>
    </url>
    <url>
      <loc>https://www.pagalsongs.online/new-flute-ringtone-mp3-song-download</loc>
    </url>
    <url>
      <loc>https://www.pagalsongs.online/rab-na-kare-ke-ye-zindagi-kabhi-kisi-ko-daga-de-mp3-song-download</loc>
    </url>
    <url>
      <loc>https://www.pagalsongs.online/khushi-ke-pal-kahan-dhundu-mp3-song-download</loc>
    </url>
    <url>
      <loc>https://www.pagalsongs.online/teri-duniya-mere-rabba-mp3-song-download</loc>
    </url>
    <url>
      <loc>https://www.pagalsongs.online/mana-ki-sath-nahi-ho-tum-mp3-song-download</loc>
    </url>
    <url>
      <loc>https://www.pagalsongs.online/yodha-tiranga-mp3-song-download-</loc>
    </url>
    <url>
      <loc>https://www.pagalsongs.online/ho-na-juda-mp3-song-download</loc>
    </url>
    <url>
      <loc>https://www.pagalsongs.online/siffar-suit-mp3-song-download</loc>
    </url>
    <url>
      <loc>https://www.pagalsongs.online/naam-teraa-mp3-song-download</loc>
    </url>
    <url>
      <loc>https://www.pagalsongs.online/aman-bhatt-tera-pyaar-mp3-song-download</loc>
    </url>
    <url>
      <loc>https://www.pagalsongs.online/jordan-sandhu-enemy-mp3-song-download</loc>
    </url>
    <url>
      <loc>https://www.pagalsongs.online/saware-mashup-2024-best-of-arijit-singh-mp3-song-download</loc>
    </url>
    <url>
      <loc>https://www.pagalsongs.online/tumsa-koi-pyaara-cover-mp3-song-download</loc>
    </url>
    <url>
      <loc>https://www.pagalsongs.online/roaming-me-sharir-ba-2-mp3-song-download</loc>
    </url>
    <url>
      <loc>https://www.pagalsongs.online/aadhi-si-raat-mp3-song-download</loc>
    </url>
    <url>
      <loc>https://www.pagalsongs.online/madak-shakeena-di-mp3--song-download</loc>
    </url>
    <url>
      <loc>https://www.pagalsongs.online/o-maahi-remix-mp3-song-download</loc>
    </url>
    <url>
      <loc>https://www.pagalsongs.online/aa-tenu-moj-karawa-aa-tenu-sair-karawan-mp3-song-download</loc>
    </url>
    <url>
      <loc>https://www.pagalsongs.online/aa-tenu-moj-karawa-remix-dj-ravish-dj-chico-mp3-song-download</loc>
    </url>
    <url>
      <loc>https://www.pagalsongs.online/ravneet-lehnga-mp3-song-download</loc>
    </url>
    <url>
      <loc>https://www.pagalsongs.online/liar-mp3-song-download</loc>
    </url>
    <url>
      <loc>https://www.pagalsongs.online/dabke-na-chale-mp3-song-download</loc>
    </url>
    <url>
      <loc>https://www.pagalsongs.online/tere-sang-ishq-hua-slowed-reverb-mp3-song-download-0</loc>
    </url>
    <url>
      <loc>https://www.pagalsongs.online/ae-watan-mere-watan-title-track-female-version-mp3-song-download</loc>
    </url>
    <url>
      <loc>https://www.pagalsongs.online/dua-e-azaadi-mp3-song-download</loc>
    </url>
    <url>
      <loc>https://www.pagalsongs.online/julia-mp3-song-download</loc>
    </url>
    <url>
      <loc>https://www.pagalsongs.online/qatra-qatra-mp3-song-download</loc>
    </url>
    <url>
      <loc>https://www.pagalsongs.online/mc-stan-numb-mp3---song-download-0</loc>
    </url>
    <url>
      <loc>https://www.pagalsongs.online/shaitaan-theme-mp3-song-download</loc>
    </url>
    <url>
      <loc>https://www.pagalsongs.online/jay-jay-kedara-mp3-song-download</loc>
    </url>
    <url>
      <loc>https://www.pagalsongs.online/tu-he-tu-mp3-song-download</loc>
    </url>
    <url>
      <loc>https://www.pagalsongs.online/ravan-ke-mahadev-mp3-song-download</loc>
    </url>
    <url>
      <loc>https://www.pagalsongs.online/har-har-mahadev-maha-shivratri-special-2024-mp3-song-download</loc>
    </url>
    <url>
      <loc>https://www.pagalsongs.online/shiv-tandav-trance-mp3-song-download</loc>
    </url>
    <url>
      <loc>https://www.pagalsongs.online/tere-sang-ishq-hua-mp3-song-download-1</loc>
    </url>
    <url>
      <loc>https://www.pagalsongs.online/bhakt-vatsal-namah-mp3-song-download</loc>
    </url>
    <url>
      <loc>https://www.pagalsongs.online/mera-mehboob-mp3-song-download</loc>
    </url>
    <url>
      <loc>https://www.pagalsongs.online/tere-aali-gal-kithe-mp3-song-download</loc>
    </url>
    <url>
      <loc>https://www.pagalsongs.online/sharab-sasti-mp3-song-download</loc>
    </url>
    <url>
      <loc>https://www.pagalsongs.online/khuli-jeep-mp3-song-download</loc>
    </url>
    <url>
      <loc>https://www.pagalsongs.online/aag-laan-ka-theka-mp3-song-download</loc>
    </url>
    <url>
      <loc>https://www.pagalsongs.online/hoodie-mp3-song-download-</loc>
    </url>
    <url>
      <loc>https://www.pagalsongs.online/yasser-desai-tere-bin-mp3-song-download</loc>
    </url>
    <url>
      <loc>https://www.pagalsongs.online/babam-bam-mp3--song-download-0</loc>
    </url>
    <url>
      <loc>https://www.pagalsongs.online/bam-lahiri-mp3--song-download-0</loc>
    </url>
    <url>
      <loc>https://www.pagalsongs.online/bolo-har-har-har-mp3-song-download</loc>
    </url>
    <url>
      <loc>https://www.pagalsongs.online/uma-mohan-shiva-tandava-stotram-mp3-song-download-0</loc>
    </url>
    <url>
      <loc>https://www.pagalsongs.online/shiva-trance-mp3-song-download-0-0</loc>
    </url>
    <url>
      <loc>https://www.pagalsongs.online/shiva-panchakshara-stotram-mp3-song-download-0</loc>
    </url>
    <url>
      <loc>https://www.pagalsongs.online/abby-v-shiv-tandav-stotram-mp3-song-download</loc>
    </url>
    <url>
      <loc>https://www.pagalsongs.online/neha-kakkar-tony-kakkar-bholenath-mp3-song-download</loc>
    </url>
    <url>
      <loc>https://www.pagalsongs.online/lal-joda-pahne-aana-mp3-song-download</loc>
    </url>
    <url>
      <loc>https://www.pagalsongs.online/aur-tu-hai-kahan-mp3-song-download</loc>
    </url>
    <url>
      <loc>https://www.pagalsongs.online/teri-baaton-mein-aisa-uljha-jiya-remix-dj-ravish-dj-chico-mp3-song-download</loc>
    </url>
    <url>
      <loc>https://www.pagalsongs.online/showtime-class-mp3-song-download</loc>
    </url>
    <url>
      <loc>https://www.pagalsongs.online/ishq-mitaye-mp3-song-download-</loc>
    </url>
    <url>
      <loc>https://www.pagalsongs.online/satranga-remix-dj-chetas-mp3-song-download</loc>
    </url>
    <url>
      <loc>https://www.pagalsongs.online/dekho-dekho-kaise-baatein-yaha-ki-mp3-song-download</loc>
    </url>
    <url>
      <loc>https://www.pagalsongs.online/meri-jeet-bhi-leja-meri-haar-bhi-leja-mp3-song-download</loc>
    </url>
    <url>
      <loc>https://www.pagalsongs.online/gehrai-mein-mp3-song-download</loc>
    </url>
    <url>
      <loc>https://www.pagalsongs.online/shiva-spirit-mp3--song-download</loc>
    </url>
    <url>
      <loc>https://www.pagalsongs.online/ae-watan-mere-watan-title-track-mp3-song-download</loc>
    </url>
    <url>
      <loc>https://www.pagalsongs.online/utkarsh-saxena-mere-ranjhana-mp3-song-download</loc>
    </url>
    <url>
      <loc>https://www.pagalsongs.online/addy-nagar-power-mp3-song-download</loc>
    </url>
    <url>
      <loc>https://www.pagalsongs.online/red-lipstick-mp3-song-download</loc>
    </url>
    <url>
      <loc>https://www.pagalsongs.online/ishq-main-tere-mp3-song-download</loc>
    </url>
    <url>
      <loc>https://www.pagalsongs.online/the-pain-of-koi-si-mashup-sunny-hassan-mp3-song-download</loc>
    </url>
    <url>
      <loc>https://www.pagalsongs.online/manmarziyan-mp3-song-download</loc>
    </url>
    <url>
      <loc>https://www.pagalsongs.online/tum-mp3-song-download</loc>
    </url>
    <url>
      <loc>https://www.pagalsongs.online/rv-singh-gulabo-mp3-song-download</loc>
    </url>
    <url>
      <loc>https://www.pagalsongs.online/shonki-jatt-mp3-song-download</loc>
    </url>
    <url>
      <loc>https://www.pagalsongs.online/lc-mp3--song-download</loc>
    </url>
    <url>
      <loc>https://www.pagalsongs.online/bodyguard-mp3-song-download</loc>
    </url>
    <url>
      <loc>https://www.pagalsongs.online/tu-hi-din-tu-hi-meri-raat-mp3-song-download</loc>
    </url>
    <url>
      <loc>https://www.pagalsongs.online/kaisi-ye-lagdi-kamal-mp3-song-download</loc>
    </url>
    <url>
      <loc>https://www.pagalsongs.online/dil-darian-mp3-song-download</loc>
    </url>
    <url>
      <loc>https://www.pagalsongs.online/shankaraay-mp3-song-download-0</loc>
    </url>
    <url>
      <loc>https://www.pagalsongs.online/aisa-main-shaitaan-mp3-song-download</loc>
    </url>
    <url>
      <loc>https://www.pagalsongs.online/heer-aasmani-remix-dj-aqeel-mp3-song-download</loc>
    </url>
    <url>
      <loc>https://www.pagalsongs.online/aksar-unplugged-mp3-song-download</loc>
    </url>
    <url>
      <loc>https://www.pagalsongs.online/meri-zindagi-rap-se-pan-deep-hai-mp3-song-download</loc>
    </url>
    <url>
      <loc>https://www.pagalsongs.online/aatma-jaag-gai-mp3-song-download</loc>
    </url>
    <url>
      <loc>https://www.pagalsongs.online/memories-mashup-2024-bicky-official-mp3-song-download</loc>
    </url>
    <url>
      <loc>https://www.pagalsongs.online/jeda-nasha-remix-dj-shadow-dubai-x-dj-aroone-mp3-song-download</loc>
    </url>
    <url>
      <loc>https://www.pagalsongs.online/kende-ne-naina-mp3-song-download</loc>
    </url>
    <url>
      <loc>https://www.pagalsongs.online/gift-mp3-song-download-0</loc>
    </url>
    <url>
      <loc>https://www.pagalsongs.online/gulzaar-chhaniwala-daur-mp3-song-download</loc>
    </url>
    <url>
      <loc>https://www.pagalsongs.online/hallu-mandiaala-gede-mp3-song-download</loc>
    </url>
    <url>
      <loc>https://www.pagalsongs.online/1234-mp3-song-download</loc>
    </url>
    <url>
      <loc>https://www.pagalsongs.online/phuljhadi-mp3-song-download</loc>
    </url>
    <url>
      <loc>https://www.pagalsongs.online/pyaar-mera-mp3-song-download</loc>
    </url>
    <url>
      <loc>https://www.pagalsongs.online/you-the-one-mp3--song-download</loc>
    </url>
    <url>
      <loc>https://www.pagalsongs.online/maya-teri-ram-mp3-song-download</loc>
    </url>
    <url>
      <loc>https://www.pagalsongs.online/dange-theme-mp3-song-download</loc>
    </url>
    <url>
      <loc>https://www.pagalsongs.online/aa-bhid-jaa-re-mp3-song-download</loc>
    </url>
    <url>
      <loc>https://www.pagalsongs.online/aao-na-mp3-song-download</loc>
    </url>
    <url>
      <loc>https://www.pagalsongs.online/show-off-mp3-song-download</loc>
    </url>
    <url>
      <loc>https://www.pagalsongs.online/dil-paagal-mp3-song-download</loc>
    </url>
    <url>
      <loc>https://www.pagalsongs.online/kadran-v-na-mp3-song-download</loc>
    </url>
    <url>
      <loc>https://www.pagalsongs.online/criminal-picture-mp3-song-download</loc>
    </url>
    <url>
      <loc>https://www.pagalsongs.online/short-name-jatt-da-blackia-mp3-song-download</loc>
    </url>
    <url>
      <loc>https://www.pagalsongs.online/koi-si-remix-aftermorning-mp3-song-download</loc>
    </url>
    <url>
      <loc>https://www.pagalsongs.online/its-not-love-mp3-song-download</loc>
    </url>
    <url>
      <loc>https://www.pagalsongs.online/shiv-shiv-bole-ja-mp3-song-download</loc>
    </url>
    <url>
      <loc>https://www.pagalsongs.online/koi-si-x-rattle-mashup-dj-dharak-mp3-song-download</loc>
    </url>
    <url>
      <loc>https://www.pagalsongs.online/ja-ye-kareja-2-mp3--song-download</loc>
    </url>
    <url>
      <loc>https://www.pagalsongs.online/waaliyaa-mp3-song-download</loc>
    </url>
    <url>
      <loc>https://www.pagalsongs.online/chhodunga-na-mp3-song-download</loc>
    </url>
    <url>
      <loc>https://www.pagalsongs.online/barood-mp3-song-download</loc>
    </url>
    <url>
      <loc>https://www.pagalsongs.online/satranga-remix-dj-rik-mp3-song-download</loc>
    </url>
    <url>
      <loc>https://www.pagalsongs.online/ye-tune-kya-kiya-mp3-song-download</loc>
    </url>
    <url>
      <loc>https://www.pagalsongs.online/koi-pooche-mere-dil-se-mp3-song-download</loc>
    </url>
    <url>
      <loc>https://www.pagalsongs.online/jubin-nautiyal-har-har-shambhu-mp3-song-download</loc>
    </url>
    <url>
      <loc>https://www.pagalsongs.online/labon-ko-remix-dj-rik-mp3-song-download</loc>
    </url>
    <url>
      <loc>https://www.pagalsongs.online/akhiyaan-gulaab-remix-mp3-song-download-dj-sfm</loc>
    </url>
    <url>
      <loc>https://www.pagalsongs.online/pehle-bhi-main-future-bass-remix-dj-basque-mp3-song-download</loc>
    </url>
    <url>
      <loc>https://www.pagalsongs.online/jatt-di-class-mp3-song-download</loc>
    </url>
    <url>
      <loc>https://www.pagalsongs.online/zindagi-tere-naam-slowed-reverb-mp3-song-download</loc>
    </url>
    <url>
      <loc>https://www.pagalsongs.online/theekh-hu-mei-mp3-song-download</loc>
    </url>
    <url>
      <loc>https://www.pagalsongs.online/luv-letter-slowed-reverb-mp3-song-download</loc>
    </url>
    <url>
      <loc>https://www.pagalsongs.online/jalebi-sa-juda-mp3-song-download</loc>
    </url>
    <url>
      <loc>https://www.pagalsongs.online/gunaah-heartbreak-mashup-2024-bicky-official-mp3-song-download</loc>
    </url>
    <url>
      <loc>https://www.pagalsongs.online/miss-your-love-mashup-arijit-singh-viniick-mp3-song-download</loc>
    </url>
    <url>
      <loc>https://www.pagalsongs.online/zindagi-tere-naam-mp3--song-download</loc>
    </url>
    <url>
      <loc>https://www.pagalsongs.online/bewafa-x-simulation-dj-shadow-dubai-mashup-2024-mp3-song-download</loc>
    </url>
    <url>
      <loc>https://www.pagalsongs.online/janiye-mashup-2024-jay-guldekar-mp3-song-download</loc>
    </url>
    <url>
      <loc>https://www.pagalsongs.online/dhunga-mp3-song-download-0</loc>
    </url>
    <url>
      <loc>https://www.pagalsongs.online/kehta-hai-pal-pal-cover-mp3-song-download</loc>
    </url>
    <url>
      <loc>https://www.pagalsongs.online/zaalim-mp3-song-download-0</loc>
    </url>
    <url>
      <loc>https://www.pagalsongs.online/khumaar-mp3-song-download-0</loc>
    </url>
    <url>
      <loc>https://www.pagalsongs.online/trending-mega-mashup-2024-dip-sr-mp3-song-download</loc>
    </url>
    <url>
      <loc>https://www.pagalsongs.online/kangan-le-ana-shiv-ji-mp3-song-download</loc>
    </url>
    <url>
      <loc>https://www.pagalsongs.online/jai-jagannath-hindi-version-mp3-song-download</loc>
    </url>
    <url>
      <loc>https://www.pagalsongs.online/koi-si-mashup-mp3-song-download</loc>
    </url>
    <url>
      <loc>https://www.pagalsongs.online/arjan-vailly-mashup-dj-kawal-mp3-song-download</loc>
    </url>
    <url>
      <loc>https://www.pagalsongs.online/yeh-pal-hain-apne-mp3-song-download</loc>
    </url>
    <url>
      <loc>https://www.pagalsongs.online/halki-halki-si-slowed-reverb-mp3-song-download</loc>
    </url>
    <url>
      <loc>https://www.pagalsongs.online/shaamo-subah-mp3-song-download</loc>
    </url>
    <url>
      <loc>https://www.pagalsongs.online/naina-kamaal-mp3-song-download</loc>
    </url>
    <url>
      <loc>https://www.pagalsongs.online/regret-mp3-song-download</loc>
    </url>
    <url>
      <loc>https://www.pagalsongs.online/halki-halki-si-mp3-song-download</loc>
    </url>
    <url>
      <loc>https://www.pagalsongs.online/tedhe-chaalak-mp3-song-download</loc>
    </url>
    <url>
      <loc>https://www.pagalsongs.online/bhole-ke-mandir-mein-mp3--song-download-</loc>
    </url>
    <url>
      <loc>https://www.pagalsongs.online/baarish-ke-aane-se-tere-bheeg-jane-se-mp3-song-download</loc>
    </url>
    <url>
      <loc>https://www.pagalsongs.online/oh-sajna-ve-mp3-song-download</loc>
    </url>
    <url>
      <loc>https://www.pagalsongs.online/singham-mp3--song-download</loc>
    </url>
    <url>
      <loc>https://www.pagalsongs.online/shoulder-mp3-song-download</loc>
    </url>
    <url>
      <loc>https://www.pagalsongs.online/badshah-daaku-mp3--song-download</loc>
    </url>
    <url>
      <loc>https://www.pagalsongs.online/galti-kar-di-maine-na-hoga-ishq-dobara-mp3-song-download</loc>
    </url>
    <url>
      <loc>https://www.pagalsongs.online/vishal-mishra-galti-mp3-song-download</loc>
    </url>
    <url>
      <loc>https://www.pagalsongs.online/shambhu-akshay-kumar-mp3-song-download</loc>
    </url>
    <url>
      <loc>https://www.pagalsongs.online/tu-ban-ja-mera-saanware-lutt-jaane-de-mujhe-mp3-song-download</loc>
    </url>
    <url>
      <loc>https://www.pagalsongs.online/arijit-sigh-mashup-2024-nonstop-mp3-song-download</loc>
    </url>
    <url>
      <loc>https://www.pagalsongs.online/ud-jaiye-re-kabootar-mp3-song-download</loc>
    </url>
    <url>
      <loc>https://www.pagalsongs.online/jale-mp3--song-download</loc>
    </url>
    <url>
      <loc>https://www.pagalsongs.online/bhai-tera-gunda-mp3-song-download</loc>
    </url>
    <url>
      <loc>https://www.pagalsongs.online/choudhar-jaat-ki-mp3--song-download</loc>
    </url>
    <url>
      <loc>https://www.pagalsongs.online/bahu-chaudhariya-ki-mp3-song-download</loc>
    </url>
    <url>
      <loc>https://www.pagalsongs.online/ishq-jaisa-kuch-remix-dj-dharak-mp3-song-download</loc>
    </url>
    <url>
      <loc>https://www.pagalsongs.online/raund-mp3-song-download</loc>
    </url>
    <url>
      <loc>https://www.pagalsongs.online/pegg-ch-burf-mp3-song-download</loc>
    </url>
    <url>
      <loc>https://www.pagalsongs.online/sufna-ae-mera-mp3-song-download</loc>
    </url>
    <url>
      <loc>https://www.pagalsongs.online/nainon-kaa-toofaan-mp3-song-download</loc>
    </url>
    <url>
      <loc>https://www.pagalsongs.online/engine-mp3-song-download</loc>
    </url>
    <url>
      <loc>https://www.pagalsongs.online/news-mp3-song-download</loc>
    </url>
    <url>
      <loc>https://www.pagalsongs.online/new-order-mp3-song-download</loc>
    </url>
    <url>
      <loc>https://www.pagalsongs.online/tenu-tn-ni-pta-mp3-song-download</loc>
    </url>
    <url>
      <loc>https://www.pagalsongs.online/nwa-nwa-mp3-song-download</loc>
    </url>
    <url>
      <loc>https://www.pagalsongs.online/khetan-di-khushboo-mp3-song-download</loc>
    </url>
    <url>
      <loc>https://www.pagalsongs.online/ghode-nasli-mp3-song-download</loc>
    </url>
    <url>
      <loc>https://www.pagalsongs.online/balliyan-kanak-dian-mp3-song-download</loc>
    </url>
    <url>
      <loc>https://www.pagalsongs.online/kingpin-the-next-episode-mp3-song-download</loc>
    </url>
    <url>
      <loc>https://www.pagalsongs.online/big-hearted-mp3-song-download</loc>
    </url>
    <url>
      <loc>https://www.pagalsongs.online/yaar-purane-mp3-song-download</loc>
    </url>
    <url>
      <loc>https://www.pagalsongs.online/main-tujhe-phir-miloongi-mp3-song-download</loc>
    </url>
    <url>
      <loc>https://www.pagalsongs.online/article-370-dua-mp3-song-download</loc>
    </url>
    <url>
      <loc>https://www.pagalsongs.online/aandhi-mp3-song-download</loc>
    </url>
    <url>
      <loc>https://www.pagalsongs.online/main-hoon-mp3-song-download</loc>
    </url>
    <url>
      <loc>https://www.pagalsongs.online/ishq-tera-mp3-song-download</loc>
    </url>
    <url>
      <loc>https://www.pagalsongs.online/ezu-shareef-mp3-song-download</loc>
    </url>
    <url>
      <loc>https://www.pagalsongs.online/90-90-nabbe-nabbe-mp3-song-download</loc>
    </url>
    <url>
      <loc>https://www.pagalsongs.online/sarkar-mp3-song-download-0</loc>
    </url>
    <url>
      <loc>https://www.pagalsongs.online/gyanvapi-mp3-song-download-2024</loc>
    </url>
    <url>
      <loc>https://www.pagalsongs.online/bottley-kholo-remix-dj-s-f-m-mp3-song-download</loc>
    </url>
    <url>
      <loc>https://www.pagalsongs.online/khel-mp3-song-download</loc>
    </url>
    <url>
      <loc>https://www.pagalsongs.online/khayal-rakhna-mp3-song-download</loc>
    </url>
    <url>
      <loc>https://www.pagalsongs.online/crakk-title-track-mp3-song-download</loc>
    </url>
    <url>
      <loc>https://www.pagalsongs.online/bajrang-baan-hindi-version-mp3-song-download</loc>
    </url>
    <url>
      <loc>https://www.pagalsongs.online/mere-yaar-ke-aage-mp3-song-download</loc>
    </url>
    <url>
      <loc>https://www.pagalsongs.online/khwabeeda-mp3-song-download-</loc>
    </url>
    <url>
      <loc>https://www.pagalsongs.online/teri-meri-yaari-mp3-song-download</loc>
    </url>
    <url>
      <loc>https://www.pagalsongs.online/heeriye-remix-dj-magic-mike-mp3-song-download</loc>
    </url>
    <url>
      <loc>https://www.pagalsongs.online/urdu-mp3-song-download-2024</loc>
    </url>
    <url>
      <loc>https://www.pagalsongs.online/justh-chor-mp3--song-download-</loc>
    </url>
    <url>
      <loc>https://www.pagalsongs.online/boo-thang-x-malwa-block-mp3-song-download</loc>
    </url>
    <url>
      <loc>https://www.pagalsongs.online/koi-si-haan-mera-koi-si-mp3-song-download</loc>
    </url>
    <url>
      <loc>https://www.pagalsongs.online/enhi-maadi-mp3-song-download</loc>
    </url>
    <url>
      <loc>https://www.pagalsongs.online/janam-janam-ka-saath-apna-mp3-song-download</loc>
    </url>
    <url>
      <loc>https://www.pagalsongs.online/sehra-mp3-song-download</loc>
    </url>
    <url>
      <loc>https://www.pagalsongs.online/raagini-mp3-song-download-</loc>
    </url>
    <url>
      <loc>https://www.pagalsongs.online/akhil-nazar-mp3-song-download</loc>
    </url>
    <url>
      <loc>https://www.pagalsongs.online/yaara-dildaara-mp3---song-download</loc>
    </url>
    <url>
      <loc>https://www.pagalsongs.online/raj-barman-jaan-mp3-song-download</loc>
    </url>
    <url>
      <loc>https://www.pagalsongs.online/halka-halka-sa-mp3-song-download</loc>
    </url>
    <url>
      <loc>https://www.pagalsongs.online/choro-mp3-song-download</loc>
    </url>
    <url>
      <loc>https://www.pagalsongs.online/divine-hisaab-mp3-song-download-</loc>
    </url>
    <url>
      <loc>https://www.pagalsongs.online/divine-tareefan-mp3--song-download</loc>
    </url>
    <url>
      <loc>https://www.pagalsongs.online/divine-yaad-mp3-song-download</loc>
    </url>
    <url>
      <loc>https://www.pagalsongs.online/straight-ballin-mp3--song-download</loc>
    </url>
    <url>
      <loc>https://www.pagalsongs.online/top-class-overseas-mp3-song-download</loc>
    </url>
    <url>
      <loc>https://www.pagalsongs.online/nothing-lasts-mp3-song-download-0</loc>
    </url>
    <url>
      <loc>https://www.pagalsongs.online/runbir-miss-you-mp3--song-download</loc>
    </url>
    <url>
      <loc>https://www.pagalsongs.online/ninja-bijli-mp3-song-download</loc>
    </url>
    <url>
      <loc>https://www.pagalsongs.online/zaruri-ae-mp3-song-download</loc>
    </url>
    <url>
      <loc>https://www.pagalsongs.online/jee-ve-sohneya-jee-title-track-mp3-song-download</loc>
    </url>
    <url>
      <loc>https://www.pagalsongs.online/wafa-jee-ve-sohneya-jee-mp3-song-download</loc>
    </url>
    <url>
      <loc>https://www.pagalsongs.online/one-night-mp3-song-download</loc>
    </url>
    <url>
      <loc>https://www.pagalsongs.online/jung-mp3--song-download-0</loc>
    </url>
    <url>
      <loc>https://www.pagalsongs.online/raat-akeli-thi-mp3-song-download</loc>
    </url>
    <url>
      <loc>https://www.pagalsongs.online/magic-mp3--song-download-00</loc>
    </url>
    <url>
      <loc>https://www.pagalsongs.online/iss-baar-jo-chale-gaye-mp3-song-download</loc>
    </url>
    <url>
      <loc>https://www.pagalsongs.online/happy-birthday-mp3-song-download</loc>
    </url>
    <url>
      <loc>https://www.pagalsongs.online/jhol-jhal-mp3-song-download</loc>
    </url>
    <url>
      <loc>https://www.pagalsongs.online/guru-randhawa-raja-rani-mp3-song-download</loc>
    </url>
    <url>
      <loc>https://www.pagalsongs.online/meri-sab-subah-meri-tumse-hai-mp3-song-download</loc>
    </url>
    <url>
      <loc>https://www.pagalsongs.online/imaan-tu-mp3-song-download</loc>
    </url>
    <url>
      <loc>https://www.pagalsongs.online/model-mp3-song-download</loc>
    </url>
    <url>
      <loc>https://www.pagalsongs.online/harjeet-deewana-tokk-mp3-song-download</loc>
    </url>
    <url>
      <loc>https://www.pagalsongs.online/kuch-is-tarah-remix-debb-mp3-song-download</loc>
    </url>
    <url>
      <loc>https://www.pagalsongs.online/gangster-love-mashup-2024-sunny-hassan-mp3-song-download</loc>
    </url>
    <url>
      <loc>https://www.pagalsongs.online/o-maahi-mashup-ht-music-mp3-song-download</loc>
    </url>
    <url>
      <loc>https://www.pagalsongs.online/husn-mashup-aftermorning-mp3-song-download</loc>
    </url>
    <url>
      <loc>https://www.pagalsongs.online/shoorveer-3-mp3--song-download</loc>
    </url>
    <url>
      <loc>https://www.pagalsongs.online/shivaji-maharaj-nonstop-song-dj-remix-2024-mp3-song-download</loc>
    </url>
    <url>
      <loc>https://www.pagalsongs.online/chhatrapati-shivaji-maharaj-audio-jukebox-mp3-song-download</loc>
    </url>
    <url>
      <loc>https://www.pagalsongs.online/shivaji-jayanti-special-dj-mp3-song-download</loc>
    </url>
    <url>
      <loc>https://www.pagalsongs.online/jai-sree-ram-chathrapathi-shivaji-maharaj-mp3-song-download</loc>
    </url>
    <url>
      <loc>https://www.pagalsongs.online/boht-kuch-mp3-song-download</loc>
    </url>
    <url>
      <loc>https://www.pagalsongs.online/ve-haniya-ve-dil-janiya-mp3-song-download</loc>
    </url>
    <url>
      <loc>https://www.pagalsongs.online/arjan-vailly-remix-dj-chetas-mp3-song-download</loc>
    </url>
    <url>
      <loc>https://www.pagalsongs.online/meri-sau-mp3-song-download</loc>
    </url>
    <url>
      <loc>https://www.pagalsongs.online/husn-mashup-amtee-mp3-song-download</loc>
    </url>
    <url>
      <loc>https://www.pagalsongs.online/tutte-dil-wali-mp3-song-download</loc>
    </url>
    <url>
      <loc>https://www.pagalsongs.online/rahat-fateh-ali-khan-dilruba-mp3-song-download</loc>
    </url>
    <url>
      <loc>https://www.pagalsongs.online/main-sutti-raiyaan-mp3-song-download</loc>
    </url>
    <url>
      <loc>https://www.pagalsongs.online/jaane-mp3-song-download</loc>
    </url>
    <url>
      <loc>https://www.pagalsongs.online/saanware-abhishek-kumar-mp3-song-download</loc>
    </url>
    <url>
      <loc>https://www.pagalsongs.online/zack-knight-pyaar-mein-acoustic-mp3-song-download</loc>
    </url>
    <url>
      <loc>https://www.pagalsongs.online/pehle-bhi-main-lofi-mp3-song-download</loc>
    </url>
    <url>
      <loc>https://www.pagalsongs.online/valentine-mashup-2024-nonstop-lofi-mp3-song-download</loc>
    </url>
    <url>
      <loc>https://www.pagalsongs.online/saanware-slowed-reverb-mp3-song-download</loc>
    </url>
    <url>
      <loc>https://www.pagalsongs.online/valentines-mashup-2024-dj-shadow-dubai-x-dj-ansh-mp3-song-download</loc>
    </url>
    <url>
      <loc>https://www.pagalsongs.online/tui-ele-tum-mile-bengali-x-hindi-version-mp3-song-download</loc>
    </url>
    <url>
      <loc>https://www.pagalsongs.online/love-mashup-2024-dj-danissh-mp3-song-download</loc>
    </url>
    <url>
      <loc>https://www.pagalsongs.online/katchi-sera-mp3--song-download</loc>
    </url>
    <url>
      <loc>https://www.pagalsongs.online/rangili-pichhodi-mp3-song-download</loc>
    </url>
    <url>
      <loc>https://www.pagalsongs.online/nain-tere-chain-mere-dj-sumit-rajwanshi-mp3-song-download</loc>
    </url>
    <url>
      <loc>https://www.pagalsongs.online/chori-chori-dil-tera-churayenge-male-cover-mp3-song-download</loc>
    </url>
    <url>
      <loc>https://www.pagalsongs.online/apa-fer-milange-mp3--song-download</loc>
    </url>
    <url>
      <loc>https://www.pagalsongs.online/bheegi-si-bhaagi-si-lofi-flip-mp3-song-download</loc>
    </url>
    <url>
      <loc>https://www.pagalsongs.online/khushiyaan-bator-lo-mp3-song-download</loc>
    </url>
    <url>
      <loc>https://www.pagalsongs.online/lamha-mp3-song-download-</loc>
    </url>
    <url>
      <loc>https://www.pagalsongs.online/parmish-verma-yaar-mere-mp3-song-download</loc>
    </url>
    <url>
      <loc>https://www.pagalsongs.online/valentine-love-mashup-2024-dj-sue-project-mp3-song-download</loc>
    </url>
    <url>
      <loc>https://www.pagalsongs.online/tikuliya-ae-raja-mp3-song-download</loc>
    </url>
    <url>
      <loc>https://www.pagalsongs.online/happy-raikoti-mohabbat-mp3-song-download</loc>
    </url>
    <url>
      <loc>https://www.pagalsongs.online/koi-farak-nahi-mp3-song-download</loc>
    </url>
    <url>
      <loc>https://www.pagalsongs.online/tanzeel-khan-pehla-pyaar-mp3-song-download</loc>
    </url>
    <url>
      <loc>https://www.pagalsongs.online/kalakar-mp3--song-download</loc>
    </url>
    <url>
      <loc>https://www.pagalsongs.online/harf-cheema-veham-mp3-song-download</loc>
    </url>
    <url>
      <loc>https://www.pagalsongs.online/gandi-baat-circuit-mix-dj-ravish-mp3-song-download</loc>
    </url>
    <url>
      <loc>https://www.pagalsongs.online/laapataa-ladies-dheeme-dheeme-mp3-song-download</loc>
    </url>
    <url>
      <loc>https://www.pagalsongs.online/beda-paar-mp3-song-download</loc>
    </url>
    <url>
      <loc>https://www.pagalsongs.online/doubtwa-mp3-song-download</loc>
    </url>
    <url>
      <loc>https://www.pagalsongs.online/valentine-mashup-2024-nonstop-amtee-mp3-song-download</loc>
    </url>
    <url>
      <loc>https://www.pagalsongs.online/talwiinder-gallan-mp3-song-download</loc>
    </url>
    <url>
      <loc>https://www.pagalsongs.online/sajni-mp3-song-download</loc>
    </url>
    <url>
      <loc>https://www.pagalsongs.online/saiyaan-dheere-dheere-mp3-song-download</loc>
    </url>
    <url>
      <loc>https://www.pagalsongs.online/jai-hanumant-mp3-song-download</loc>
    </url>
    <url>
      <loc>https://www.pagalsongs.online/jaz-sandhu-bolero-mp3-song-download</loc>
    </url>
    <url>
      <loc>https://www.pagalsongs.online/pyar-na-kar-mp3-song-download</loc>
    </url>
    <url>
      <loc>https://www.pagalsongs.online/chori-mp3-song-download</loc>
    </url>
    <url>
      <loc>https://www.pagalsongs.online/mehboob-ji-mp3--song-download</loc>
    </url>
    <url>
      <loc>https://www.pagalsongs.online/byah-karke-mp3---song-download</loc>
    </url>
    <url>
      <loc>https://www.pagalsongs.online/teri-aashiqui-kaa-saawan-mp3-song-download</loc>
    </url>
    <url>
      <loc>https://www.pagalsongs.online/nimbu-mp3-song-download</loc>
    </url>
    <url>
      <loc>https://www.pagalsongs.online/safayian-mp3-song-download</loc>
    </url>
    <url>
      <loc>https://www.pagalsongs.online/kurte-pathani-mp3-song-download</loc>
    </url>
    <url>
      <loc>https://www.pagalsongs.online/rahul-vaidya-moonlight-mp3-song-download</loc>
    </url>
    <url>
      <loc>https://www.pagalsongs.online/saanware-mp3-song-download-0</loc>
    </url>
    <url>
      <loc>https://www.pagalsongs.online/valentine-mashup-2024-nonstop-mp3-song-download</loc>
    </url>
    <url>
      <loc>https://www.pagalsongs.online/mano-kal-ki-baat-mp3-song-download</loc>
    </url>
    <url>
      <loc>https://www.pagalsongs.online/valentine-love-mashup-2024-dip-sr-mp3-song-download</loc>
    </url>
    <url>
      <loc>https://www.pagalsongs.online/nonstop-love-mashup-valentine-day-2024-mp3-song-download</loc>
    </url>
    <url>
      <loc>https://www.pagalsongs.online/tumse-milke-dil-ka-cover-mp3-song-download</loc>
    </url>
    <url>
      <loc>https://www.pagalsongs.online/mera-raja-mp3-song-download</loc>
    </url>
    <url>
      <loc>https://www.pagalsongs.online/gurneet-dosanjh-kadar-mp3-song-download</loc>
    </url>
    <url>
      <loc>https://www.pagalsongs.online/koi-si-remix-debb-mp3-song-download</loc>
    </url>
    <url>
      <loc>https://www.pagalsongs.online/udte-teer-jamaiya-ke-mp3-song-download</loc>
    </url>
    <url>
      <loc>https://www.pagalsongs.online/gippy-grewal-parindey-mp3-song-download</loc>
    </url>
    <url>
      <loc>https://www.pagalsongs.online/memories-valentines-mashup-2024-aftermorning-mp3-song-download</loc>
    </url>
    <url>
      <loc>https://www.pagalsongs.online/khalasi-remix-dj-tejas-mp3-song-download</loc>
    </url>
    <url>
      <loc>https://www.pagalsongs.online/hua-main-future-sound-remix-dj-aaditya-mp3--song-download</loc>
    </url>
    <url>
      <loc>https://www.pagalsongs.online/jeena-sikhaya-mp3--song-download</loc>
    </url>
    <url>
      <loc>https://www.pagalsongs.online/teri-galliyon-se-lofi-mix-dj-sunny-singh-uk-mp3-song-download</loc>
    </url>
    <url>
      <loc>https://www.pagalsongs.online/o-mahiya-mp3-song-download</loc>
    </url>
    <url>
      <loc>https://www.pagalsongs.online/kusanaskar-mp3-song-download</loc>
    </url>
    <url>
      <loc>https://www.pagalsongs.online/wajah-mp3-song-download</loc>
    </url>
    <url>
      <loc>https://www.pagalsongs.online/putt-jattan-de-mp3--song-download</loc>
    </url>
    <url>
      <loc>https://www.pagalsongs.online/ego-baat-batai-mp3--song-download</loc>
    </url>
    <url>
      <loc>https://www.pagalsongs.online/daane-baame-mp3-song-download</loc>
    </url>
    <url>
      <loc>https://www.pagalsongs.online/awaaz-mp3-song-download</loc>
    </url>
    <url>
      <loc>https://www.pagalsongs.online/le-le-pangey-mp3-song-download</loc>
    </url>
    <url>
      <loc>https://www.pagalsongs.online/shaan-beh-ja-mp3-song-download</loc>
    </url>
    <url>
      <loc>https://www.pagalsongs.online/erratic-mp3-song-download</loc>
    </url>
    <url>
      <loc>https://www.pagalsongs.online/jaan-jaan-ke-mp3-song-download</loc>
    </url>
    <url>
      <loc>https://www.pagalsongs.online/tumhari-mohabbat-mp3-song-download</loc>
    </url>
    <url>
      <loc>https://www.pagalsongs.online/akhiyan-gulab-mp3-song-download-</loc>
    </url>
    <url>
      <loc>https://www.pagalsongs.online/kya-baatan-mp3-song-download</loc>
    </url>
    <url>
      <loc>https://www.pagalsongs.online/bakamaal-mp3-song-download</loc>
    </url>
    <url>
      <loc>https://www.pagalsongs.online/jadugarriya-mp3-song-download</loc>
    </url>
    <url>
      <loc>https://www.pagalsongs.online/jassie-gill-nain-tere-mp3-song-download</loc>
    </url>
    <url>
      <loc>https://www.pagalsongs.online/ehna-sohna-jatt-mp3-song-download</loc>
    </url>
    <url>
      <loc>https://www.pagalsongs.online/ik-tera-pyar-mp3-song-download</loc>
    </url>
    <url>
      <loc>https://www.pagalsongs.online/amrit-maan-hype-mp3-song-download</loc>
    </url>
    <url>
      <loc>https://www.pagalsongs.online/laqshay-kapoor-barbaad-mp3-song-download</loc>
    </url>
    <url>
      <loc>https://www.pagalsongs.online/tinted-mp3-song-download</loc>
    </url>
    <url>
      <loc>https://www.pagalsongs.online/the-ultimate-valentine-mashup-2024-dj-basque-mp3-song-download</loc>
    </url>
    <url>
      <loc>https://www.pagalsongs.online/sajjna-ve-mp3---song-download</loc>
    </url>
    <url>
      <loc>https://www.pagalsongs.online/khasa-aala-chahar-tabahi-mp3-song-download</loc>
    </url>
    <url>
      <loc>https://www.pagalsongs.online/the-thalapathy-mashup-2024-dj-avi-mp3-song-download</loc>
    </url>
    <url>
      <loc>https://www.pagalsongs.online/aa-remix-dj-purvish-mp3-song-download</loc>
    </url>
    <url>
      <loc>https://www.pagalsongs.online/jee-ve-sohneya-jee-mp3-song-download-0</loc>
    </url>
    <url>
      <loc>https://www.pagalsongs.online/bewafa-hunde-ne-mp3-song-download</loc>
    </url>
    <url>
      <loc>https://www.pagalsongs.online/shukar-alhamdulillah-mp3-song-download</loc>
    </url>
    <url>
      <loc>https://www.pagalsongs.online/theke-aali-gali-mp3-song-download</loc>
    </url>
    <url>
      <loc>https://www.pagalsongs.online/yeh-baby-mp3-song-download</loc>
    </url>
    <url>
      <loc>https://www.pagalsongs.online/saiyaan-pranjal-dahiya-mp3-song-download</loc>
    </url>
    <url>
      <loc>https://www.pagalsongs.online/saiya-ke-badai-mp3-0-download</loc>
    </url>
    <url>
      <loc>https://www.pagalsongs.online/how-mp3-song-download</loc>
    </url>
    <url>
      <loc>https://www.pagalsongs.online/bawli-tared-lofi-mp3--song-download</loc>
    </url>
    <url>
      <loc>https://www.pagalsongs.online/jab-bhi-teri-yaad-mp3-song-download</loc>
    </url>
    <url>
      <loc>https://www.pagalsongs.online/hot-shit-mp3-song-download</loc>
    </url>
    <url>
      <loc>https://www.pagalsongs.online/way-bigger-mp3-song-download</loc>
    </url>
    <url>
      <loc>https://www.pagalsongs.online/suits-you-mp3--song-download</loc>
    </url>
    <url>
      <loc>https://www.pagalsongs.online/youth-flow-mp3-song-download</loc>
    </url>
    <url>
      <loc>https://www.pagalsongs.online/arjan-dhillon-biography-mp3-song-download</loc>
    </url>
    <url>
      <loc>https://www.pagalsongs.online/parallel-thoughts-mp3--song-download</loc>
    </url>
    <url>
      <loc>https://www.pagalsongs.online/kuz-saal-mp3-song-download</loc>
    </url>
    <url>
      <loc>https://www.pagalsongs.online/vigde-mp3-song-download-0</loc>
    </url>
    <url>
      <loc>https://www.pagalsongs.online/back-to-sikhi-mp3-song-download</loc>
    </url>
    <url>
      <loc>https://www.pagalsongs.online/tyaar-mp3--song-download</loc>
    </url>
    <url>
      <loc>https://www.pagalsongs.online/woah-mp3-song-download</loc>
    </url>
    <url>
      <loc>https://www.pagalsongs.online/maavan-mp3-song-download-0</loc>
    </url>
    <url>
      <loc>https://www.pagalsongs.online/sandalbar-mp3-song-download</loc>
    </url>
    <url>
      <loc>https://www.pagalsongs.online/woh-mulaqat-mp3-song-download</loc>
    </url>
    <url>
      <loc>https://www.pagalsongs.online/koi-si-mp3-song-download</loc>
    </url>
    <url>
      <loc>https://www.pagalsongs.online/bandookk-mp3-0-download</loc>
    </url>
    <url>
      <loc>https://www.pagalsongs.online/dafli-wale-dafli-baja-jhankar-beats-mp3-song-download</loc>
    </url>
    <url>
      <loc>https://www.pagalsongs.online/mere-yaar-mp3-song-download</loc>
    </url>
    <url>
      <loc>https://www.pagalsongs.online/dark-light-mp3-song-download</loc>
    </url>
    <url>
      <loc>https://www.pagalsongs.online/tere-naal-pyaar-maaye-mp3-song-download</loc>
    </url>
    <url>
      <loc>https://www.pagalsongs.online/tu-mera-hai-sanam-mp3-song-download</loc>
    </url>
    <url>
      <loc>https://www.pagalsongs.online/albele-tange-wale-mp3--song-download</loc>
    </url>
    <url>
      <loc>https://www.pagalsongs.online/la-bebe-remix-mp3-song-download</loc>
    </url>
    <url>
      <loc>https://www.pagalsongs.online/ando-mp3-song-download</loc>
    </url>
    <url>
      <loc>https://www.pagalsongs.online/super-lady-mp3-song-download</loc>
    </url>
    <url>
      <loc>https://www.pagalsongs.online/una-foto-remix-mp3-song-download</loc>
    </url>
    <url>
      <loc>https://www.pagalsongs.online/love-wins-all-mp3-song-download</loc>
    </url>
    <url>
      <loc>https://www.pagalsongs.online/la-diabla-mp3-song-download</loc>
    </url>
    <url>
      <loc>https://www.pagalsongs.online/jeena-haram-kar-diya-mp3-song-download</loc>
    </url>
    <url>
      <loc>https://www.pagalsongs.online/jeena-haram-mp3--song-download</loc>
    </url>
    <url>
      <loc>https://www.pagalsongs.online/gullak-fod-ke-mp3-song-download</loc>
    </url>
    <url>
      <loc>https://www.pagalsongs.online/college-papa-mp3-song-download</loc>
    </url>
    <url>
      <loc>https://www.pagalsongs.online/ki-nimbu-kharbuja-bhaiel-mp3-song-download</loc>
    </url>
    <url>
      <loc>https://www.pagalsongs.online/kamar-ke-kamai-mp3-song-download</loc>
    </url>
    <url>
      <loc>https://www.pagalsongs.online/rajaji-ke-dilwa-mp3-song-download</loc>
    </url>
    <url>
      <loc>https://www.pagalsongs.online/aapne-labher-ko-dhoka-do-mp3-song-download</loc>
    </url>
    <url>
      <loc>https://www.pagalsongs.online/me-angreji-padi-likhi-mp3-song-download</loc>
    </url>
    <url>
      <loc>https://www.pagalsongs.online/aego-baat-batai-mp3-0-download</loc>
    </url>
    <url>
      <loc>https://www.pagalsongs.online/matak-matak-chalungi-mp3-song-download</loc>
    </url>
    <url>
      <loc>https://www.pagalsongs.online/by-birth-mp3-song-download</loc>
    </url>
    <url>
      <loc>https://www.pagalsongs.online/sarka-da-odhaniya-mp3-song-download</loc>
    </url>
    <url>
      <loc>https://www.pagalsongs.online/jeena-haraam-mp3-song-download</loc>
    </url>
    <url>
      <loc>https://www.pagalsongs.online/ishare-tere-mp3-song-download-</loc>
    </url>
    <url>
      <loc>https://www.pagalsongs.online/bekaar-dil-mp3-song-download</loc>
    </url>
    <url>
      <loc>https://www.pagalsongs.online/gaadi-me-mp3-song-download</loc>
    </url>
    <url>
      <loc>https://www.pagalsongs.online/bana-hi-nahi-tha-jana-mp3-song-download</loc>
    </url>
    <url>
      <loc>https://www.pagalsongs.online/progress-mp3-song-download</loc>
    </url>
    <url>
      <loc>https://www.pagalsongs.online/shambhu-mp3-song-download</loc>
    </url>
    <url>
      <loc>https://www.pagalsongs.online/aa-mil-mp3-song-download</loc>
    </url>
    <url>
      <loc>https://www.pagalsongs.online/ek-tha-raja-mp3-song-download</loc>
    </url>
    <url>
      <loc>https://www.pagalsongs.online/killing-jeeja-mp3-song-download-00</loc>
    </url>
    <url>
      <loc>https://www.pagalsongs.online/let-her-go-x-husn-version-2-gravero-mashup-mp3-songs-download</loc>
    </url>
    <url>
      <loc>https://www.pagalsongs.online/alag-aasmaan-mp3-song-download-</loc>
    </url>
    <url>
      <loc>https://www.pagalsongs.online/savneet-singh-khoya-tha-mp3-song-download</loc>
    </url>
    <url>
      <loc>https://www.pagalsongs.online/deep-jandu-kohinoor-mp3-song-download</loc>
    </url>
    <url>
      <loc>https://www.pagalsongs.online/pyaar-ban-gaye-mp3-song-download</loc>
    </url>
    <url>
      <loc>https://www.pagalsongs.online/tere-haan-mp3-song-download</loc>
    </url>
    <url>
      <loc>https://www.pagalsongs.online/kaash-tu-meri-ho-jaaye-mp3-song-download</loc>
    </url>
    <url>
      <loc>https://www.pagalsongs.online/chali-gai-mp3-song-download</loc>
    </url>
    <url>
      <loc>https://www.pagalsongs.online/kaash-tu-mila-hota-mp3-song-download</loc>
    </url>
    <url>
      <loc>https://www.pagalsongs.online/kaash-tu-mila-hota-slowed-reverb-mp3-song-download</loc>
    </url>
    <url>
      <loc>https://www.pagalsongs.online/ve-haniya-mp3--song-download</loc>
    </url>
    <url>
      <loc>https://www.pagalsongs.online/ve-haaniyaan-mp3-song-download-</loc>
    </url>
    <url>
      <loc>https://www.pagalsongs.online/glorious-mp3-0-download</loc>
    </url>
    <url>
      <loc>https://www.pagalsongs.online/fake-ones-mp3-song-download</loc>
    </url>
    <url>
      <loc>https://www.pagalsongs.online/main-tane-se-pyari-tu-pyara-mera-mp3-song-download</loc>
    </url>
    <url>
      <loc>https://www.pagalsongs.online/deewani-mastani-mp3--song-download</loc>
    </url>
    <url>
      <loc>https://www.pagalsongs.online/dil-jhoom-remix-dj-roady-mp3-song-download</loc>
    </url>
    <url>
      <loc>https://www.pagalsongs.online/lakshadweep-mp3-song-download</loc>
    </url>
    <url>
      <loc>https://www.pagalsongs.online/insecure-mp3-song-download-0</loc>
    </url>
    <url>
      <loc>https://www.pagalsongs.online/rom-rom-mp3-song-download</loc>
    </url>
    <url>
      <loc>https://www.pagalsongs.online/zack-knight-pyaar-mein-mp3-song-download</loc>
    </url>
    <url>
      <loc>https://www.pagalsongs.online/goriyan-ch-jatt-mp3-song-download</loc>
    </url>
    <url>
      <loc>https://www.pagalsongs.online/janaabe-jaaniya-mp3--song-download</loc>
    </url>
    <url>
      <loc>https://www.pagalsongs.online/tum-se-mp3--song-download</loc>
    </url>
    <url>
      <loc>https://www.pagalsongs.online/drippy-mp3-song-download</loc>
    </url>
    <url>
      <loc>https://www.pagalsongs.online/ankaha-mp3--song-download</loc>
    </url>
    <url>
      <loc>https://www.pagalsongs.online/unmask-mp3-song-download</loc>
    </url>
    <url>
      <loc>https://www.pagalsongs.online/tinku-jiya-remix-dj-ravish-mp3-song-download</loc>
    </url>
    <url>
      <loc>https://www.pagalsongs.online/statement-mp3-song-download</loc>
    </url>
    <url>
      <loc>https://www.pagalsongs.online/peg-marke-mp3-song-download</loc>
    </url>
    <url>
      <loc>https://www.pagalsongs.online/happiness-mp3-song-download</loc>
    </url>
    <url>
      <loc>https://www.pagalsongs.online/ruchika-jangid-tere-karke-mp3--songs-download</loc>
    </url>
    <url>
      <loc>https://www.pagalsongs.online/lakk-tunoo-tunoo-mp3-song-download</loc>
    </url>
    <url>
      <loc>https://www.pagalsongs.online/saari-duniya-jalaa-denge-remix-dj-chetas-mp3-song-download</loc>
    </url>
    <url>
      <loc>https://www.pagalsongs.online/qadar-mp3-song-download</loc>
    </url>
    <url>
      <loc>https://www.pagalsongs.online/thandi-hawa-mp3-song-download</loc>
    </url>
    <url>
      <loc>https://www.pagalsongs.online/mohabbat-bula-rahi-hai-mp3-songs-download</loc>
    </url>
    <url>
      <loc>https://www.pagalsongs.online/scorpio-kali-mp3-song-download</loc>
    </url>
    <url>
      <loc>https://www.pagalsongs.online/eyes-44-mp3-song-download</loc>
    </url>
    <url>
      <loc>https://www.pagalsongs.online/tu-jo-mileya-mp3-song-download</loc>
    </url>
    <url>
      <loc>https://www.pagalsongs.online/shubh-x-punjabi-mashup-2024-sunny-hassan-mp3--0---download</loc>
    </url>
    <url>
      <loc>https://www.pagalsongs.online/nashe-diya-purhiyan-mp3-song-download</loc>
    </url>
    <url>
      <loc>https://www.pagalsongs.online/teri-baaton-mein-aisa-uljha-jiya-mp3-song-download</loc>
    </url>
    <url>
      <loc>https://www.pagalsongs.online/tulsi-kumar-vishal-mishra-meri-zindagi-mp3-song-download</loc>
    </url>
    <url>
      <loc>https://www.pagalsongs.online/tujhse-milne-ke-baad-mp3-song-download</loc>
    </url>
    <url>
      <loc>https://www.pagalsongs.online/ikko-jehe-mp3-song-download</loc>
    </url>
    <url>
      <loc>https://www.pagalsongs.online/prettyish-mp3-song-download</loc>
    </url>
    <url>
      <loc>https://www.pagalsongs.online/lila-mp3-song-download</loc>
    </url>
    <url>
      <loc>https://www.pagalsongs.online/pehle-bhi-main-remix-dj-dharak-mp3-song-download</loc>
    </url>
    <url>
      <loc>https://www.pagalsongs.online/aksar-mp3-song-download-0</loc>
    </url>
    <url>
      <loc>https://www.pagalsongs.online/bhallagchena-mp3-song-download</loc>
    </url>
    <url>
      <loc>https://www.pagalsongs.online/8-asle-mega-drill-mashup-sunny-hassan-mp3-song-download</loc>
    </url>
    <url>
      <loc>https://www.pagalsongs.online/ranjhna-mp3-song-download</loc>
    </url>
    <url>
      <loc>https://www.pagalsongs.online/paseena-mp3-song-download</loc>
    </url>
    <url>
      <loc>https://www.pagalsongs.online/pehle-bhi-main-mashup-aftermorning-chillout-mp3-song-download</loc>
    </url>
    <url>
      <loc>https://www.pagalsongs.online/sher-khul-gaye-remix-dj-kawal-mp3-song-download</loc>
    </url>
    <url>
      <loc>https://www.pagalsongs.online/vibe-check-mp3-song-download</loc>
    </url>
    <url>
      <loc>https://www.pagalsongs.online/banna-sanwla-mp3-song-download</loc>
    </url>
    <url>
      <loc>https://www.pagalsongs.online/fer-ki-hojuga-mp3-song-download</loc>
    </url>
    <url>
      <loc>https://www.pagalsongs.online/status-mp3-song-download</loc>
    </url>
    <url>
      <loc>https://www.pagalsongs.online/amit-dhull-balma-mp3---songs-download</loc>
    </url>
    <url>
      <loc>https://www.pagalsongs.online/mand-my-turn-mp3-song-download</loc>
    </url>
    <url>
      <loc>https://www.pagalsongs.online/26-january-republic-day-songs-2024-mp3-song-download</loc>
    </url>
    <url>
      <loc>https://www.pagalsongs.online/26-january-2024-republic-day-special-mp3-song-download</loc>
    </url>
    <url>
      <loc>https://www.pagalsongs.online/chapa-dhan-ho-mp3--song-download</loc>
    </url>
    <url>
      <loc>https://www.pagalsongs.online/meri-fariyad-mp3-song-download</loc>
    </url>
    <url>
      <loc>https://www.pagalsongs.online/patriotic-mashup-2024-dj-raahul-pai-mp3-song-download</loc>
    </url>
    <url>
      <loc>https://www.pagalsongs.online/poonian-mp3-song-download</loc>
    </url>
    <url>
      <loc>https://www.pagalsongs.online/apna-dil-mp3-song-download</loc>
    </url>
    <url>
      <loc>https://www.pagalsongs.online/dholi-gaadi-mp3-song-download</loc>
    </url>
    <url>
      <loc>https://www.pagalsongs.online/roko-na-mp3-song-download</loc>
    </url>
    <url>
      <loc>https://www.pagalsongs.online/sabki-baaratein-aayi-2-mp3-song-download</loc>
    </url>
    <url>
      <loc>https://www.pagalsongs.online/love-lies-mp3--song-download</loc>
    </url>
    <url>
      <loc>https://www.pagalsongs.online/sapna-choudhary-jale-2-mp3-song-download-1</loc>
    </url>
    <url>
      <loc>https://www.pagalsongs.online/heeriye-remix-dj-rv-mp3-songs-download</loc>
    </url>
    <url>
      <loc>https://www.pagalsongs.online/indian-army-mashup-tribute-2024-naresh-parmar-mp3-song-download</loc>
    </url>
    <url>
      <loc>https://www.pagalsongs.online/peshi-pe-takrunga-mp3-song-download</loc>
    </url>
    <url>
      <loc>https://www.pagalsongs.online/jamal-kudu-remix-dj-ravish-dj-chico-mp3-song-download-0</loc>
    </url>
    <url>
      <loc>https://www.pagalsongs.online/akhiyaan-gulaab-mp3----song-download-00</loc>
    </url>
    <url>
      <loc>https://www.pagalsongs.online/katal-hai-mp3-song-download</loc>
    </url>
    <url>
      <loc>https://www.pagalsongs.online/maa-tujhe-salaam-remix-vande-mataram-dj-rv-mp3-song-download</loc>
    </url>
    <url>
      <loc>https://www.pagalsongs.online/teri-meri-mohabbat-mp3-song-download</loc>
    </url>
    <url>
      <loc>https://www.pagalsongs.online/love-you-so-much-baby-mp3--0-download</loc>
    </url>
    <url>
      <loc>https://www.pagalsongs.online/saari-duniya-jalaa-denge-mashup-dj-tripty-mp3-song-download</loc>
    </url>
    <url>
      <loc>https://www.pagalsongs.online/dil-chah-raha-hai-mp3-song-download</loc>
    </url>
    <url>
      <loc>https://www.pagalsongs.online/mitti-mp3--song-download</loc>
    </url>
    <url>
      <loc>https://www.pagalsongs.online/dil-banaane-waaleya-mp3-song-download</loc>
    </url>
    <url>
      <loc>https://www.pagalsongs.online/aaj-gali-gali-avadh-sajayenge-mp3-song-download</loc>
    </url>
    <url>
      <loc>https://www.pagalsongs.online/jagmag-hui-ayodhya-nagri-mp3-song-download</loc>
    </url>
    <url>
      <loc>https://www.pagalsongs.online/ram-hain-aaye-mp3-song-download</loc>
    </url>
    <url>
      <loc>https://www.pagalsongs.online/sita-ram-kahiye-mp3-song-download</loc>
    </url>
    <url>
      <loc>https://www.pagalsongs.online/ram-ji-mp3-song-download</loc>
    </url>
    <url>
      <loc>https://www.pagalsongs.online/ayodhya-mein-shree-ram-mp3-song-download</loc>
    </url>
    <url>
      <loc>https://www.pagalsongs.online/tu-tera-dekh-mp3-song-download</loc>
    </url>
    <url>
      <loc>https://www.pagalsongs.online/shiva-choudhary-matko-mp3-song-download</loc>
    </url>
    <url>
      <loc>https://www.pagalsongs.online/o-mahi-mere-mp3-song-download</loc>
    </url>
    <url>
      <loc>https://www.pagalsongs.online/tulsi-kumar-raghupati-raghav-raja-ram-mp3-song-download</loc>
    </url>
    <url>
      <loc>https://www.pagalsongs.online/husn-remix-dj-lemon-mp3-song-download</loc>
    </url>
    <url>
      <loc>https://www.pagalsongs.online/ram-rang-mp3-song-download</loc>
    </url>
    <url>
      <loc>https://www.pagalsongs.online/sanatani-kattar-mp3-song-download</loc>
    </url>
    <url>
      <loc>https://www.pagalsongs.online/nakhra-2-mp3--song-download</loc>
    </url>
    <url>
      <loc>https://www.pagalsongs.online/falling-in-love-mp3-song-download</loc>
    </url>
    <url>
      <loc>https://www.pagalsongs.online/ram-aayein-hain-mp3-song-download</loc>
    </url>
    <url>
      <loc>https://www.pagalsongs.online/tu-meri-hai-mp3-song-download</loc>
    </url>
    <url>
      <loc>https://www.pagalsongs.online/ram-ji-ka-naam-mp3-song-download</loc>
    </url>
    <url>
      <loc>https://www.pagalsongs.online/bhulekha-mp3-song-download</loc>
    </url>
    <url>
      <loc>https://www.pagalsongs.online/wang-mp3-song-download</loc>
    </url>
    <url>
      <loc>https://www.pagalsongs.online/ram-aa-gaye-mp3-song-download</loc>
    </url>
    <url>
      <loc>https://www.pagalsongs.online/raghupati-raghav-raja-ram-mp3-song-download</loc>
    </url>
    <url>
      <loc>https://www.pagalsongs.online/aa-tenu-moj-karawan-mp3-song-download</loc>
    </url>
    <url>
      <loc>https://www.pagalsongs.online/ram-ke-hriday-mein-mp3--song-download-</loc>
    </url>
    <url>
      <loc>https://www.pagalsongs.online/dil-kya-kare-mp3--song-download</loc>
    </url>
    <url>
      <loc>https://www.pagalsongs.online/dastaan-mp3-song-download</loc>
    </url>
    <url>
      <loc>https://www.pagalsongs.online/harvi-sukoon-mp3-song-download-2024-0</loc>
    </url>
    <url>
      <loc>https://www.pagalsongs.online/raina-mp3-song-download</loc>
    </url>
    <url>
      <loc>https://www.pagalsongs.online/ramji-aaye-mp3-song-download</loc>
    </url>
    <url>
      <loc>https://www.pagalsongs.online/bolo-ram-mp3-song-download</loc>
    </url>
    <url>
      <loc>https://www.pagalsongs.online/guzarish-mp3-song-download</loc>
    </url>
    <url>
      <loc>https://www.pagalsongs.online/soda-mp3-song-download-0</loc>
    </url>
    <url>
      <loc>https://www.pagalsongs.online/sooraj-dooba-hai-club-mix-dj-ravish-dj-chico-mp3-song-download</loc>
    </url>
    <url>
      <loc>https://www.pagalsongs.online/ram-ka-rat-jaga-mp3-song-download</loc>
    </url>
    <url>
      <loc>https://www.pagalsongs.online/khoya-tha-mp3-song-download</loc>
    </url>
    <url>
      <loc>https://www.pagalsongs.online/yaar-velliya-mp3-song-download</loc>
    </url>
    <url>
      <loc>https://www.pagalsongs.online/sukoon-mil-gaya-mp3--song-download-0</loc>
    </url>
    <url>
      <loc>https://www.pagalsongs.online/ram-lala-mp3-song-download</loc>
    </url>
    <url>
      <loc>https://www.pagalsongs.online/100-million-mp3-song-download</loc>
    </url>
    <url>
      <loc>https://www.pagalsongs.online/r-maan-been-mp3-song-download</loc>
    </url>
    <url>
      <loc>https://www.pagalsongs.online/woh-shri-ram-hain-mp3-song-download</loc>
    </url>
    <url>
      <loc>https://www.pagalsongs.online/gunjega-ek-hi-naam-jai-shree-ram-mp3-song-download</loc>
    </url>
    <url>
      <loc>https://www.pagalsongs.online/operation-valentine-vande-mataram-mp3-song-download</loc>
    </url>
    <url>
      <loc>https://www.pagalsongs.online/akh-jehreeli-mp3--songs-download</loc>
    </url>
    <url>
      <loc>https://www.pagalsongs.online/wo-hai-ram-bhajan-mp3-song-download</loc>
    </url>
    <url>
      <loc>https://www.pagalsongs.online/ankhan-mp3-song-download</loc>
    </url>
    <url>
      <loc>https://www.pagalsongs.online/village-earth-mp3-song-download</loc>
    </url>
    <url>
      <loc>https://www.pagalsongs.online/kaka-gol-mol-mp3-song-download</loc>
    </url>
    <url>
      <loc>https://www.pagalsongs.online/heel-kaka-mp3-song-download</loc>
    </url>
    <url>
      <loc>https://www.pagalsongs.online/naqaab-mp3-song-download</loc>
    </url>
    <url>
      <loc>https://www.pagalsongs.online/joota-japani-mp3-song-download</loc>
    </url>
    <url>
      <loc>https://www.pagalsongs.online/ram-jyoti-jag-gayi-mp3-song-download</loc>
    </url>
    <url>
      <loc>https://www.pagalsongs.online/pahadon-mein-mp3-song-download-</loc>
    </url>
    <url>
      <loc>https://www.pagalsongs.online/bairiyaa-re-slowed-reverb-mp3-song-download</loc>
    </url>
    <url>
      <loc>https://www.pagalsongs.online/the-jatts-mp3-song-download</loc>
    </url>
    <url>
      <loc>https://www.pagalsongs.online/bateu-mp3--song-download</loc>
    </url>
    <url>
      <loc>https://www.pagalsongs.online/nye-2024-dance-mashup-dj-avi-mp3-song-download</loc>
    </url>
    <url>
      <loc>https://www.pagalsongs.online/baap-tera-kaun-hai-mp3-song-download</loc>
    </url>
    <url>
      <loc>https://www.pagalsongs.online/avadh-mein-laute-hai-shri-ram-mp3-songs-download</loc>
    </url>
    <url>
      <loc>https://www.pagalsongs.online/lehnga-bhara-mp3-song-download</loc>
    </url>
    <url>
      <loc>https://www.pagalsongs.online/ram-naam-mp3-song-download</loc>
    </url>
    <url>
      <loc>https://www.pagalsongs.online/early-2000-s-mp3-song-download</loc>
    </url>
    <url>
      <loc>https://www.pagalsongs.online/first-sight-mp3-song-download</loc>
    </url>
    <url>
      <loc>https://www.pagalsongs.online/not-ok-mp3-song-download</loc>
    </url>
    <url>
      <loc>https://www.pagalsongs.online/money-shit-mp3-song-download</loc>
    </url>
    <url>
      <loc>https://www.pagalsongs.online/eiffel-tower-mp3-songs-download</loc>
    </url>
    <url>
      <loc>https://www.pagalsongs.online/on-my-own-mp3-song-download</loc>
    </url>
    <url>
      <loc>https://www.pagalsongs.online/boys-punjabi-mashup-dj-bks-sunix-thakor-mp3-song-download</loc>
    </url>
    <url>
      <loc>https://www.pagalsongs.online/ehsaas-bheege-bheege-mp3-song-download</loc>
    </url>
    <url>
      <loc>https://www.pagalsongs.online/jai-jagannatha-mp3-song-download</loc>
    </url>
    <url>
      <loc>https://www.pagalsongs.online/dil-jhoom-slowed-reverb-mp3-song-download</loc>
    </url>
    <url>
      <loc>https://www.pagalsongs.online/ram-anthem-mp3--song-download</loc>
    </url>
    <url>
      <loc>https://www.pagalsongs.online/aathma-raama-mp3-song-download</loc>
    </url>
    <url>
      <loc>https://www.pagalsongs.online/rama-ashtakam-mp3-song-download</loc>
    </url>
    <url>
      <loc>https://www.pagalsongs.online/ram-ki-diwani-mp3-song-download</loc>
    </url>
    <url>
      <loc>https://www.pagalsongs.online/bairiyaa-re-mp3-song-download</loc>
    </url>
    <url>
      <loc>https://www.pagalsongs.online/broken-hearted-mashup-2024-bicky-official-mp3-song-download</loc>
    </url>
    <url>
      <loc>https://www.pagalsongs.online/avadh-mein-raghurai-mp3-song-download</loc>
    </url>
    <url>
      <loc>https://www.pagalsongs.online/like-me-mp3-song-download</loc>
    </url>
    <url>
      <loc>https://www.pagalsongs.online/mene-tujhe-dekha-crakk-mp3-song-download</loc>
    </url>
    <url>
      <loc>https://www.pagalsongs.online/dil-jhoom-mp3-song-download</loc>
    </url>
    <url>
      <loc>https://www.pagalsongs.online/kavishri-mp3-song-download</loc>
    </url>
    <url>
      <loc>https://www.pagalsongs.online/badmaashi-mp3-song-download</loc>
    </url>
    <url>
      <loc>https://www.pagalsongs.online/palak-muchhal-jai-shri-ram-mp3-song-download</loc>
    </url>
    <url>
      <loc>https://www.pagalsongs.online/aao-avadh-bihari-mp3--song-download-</loc>
    </url>
    <url>
      <loc>https://www.pagalsongs.online/mind-map-mp3-song-download</loc>
    </url>
    <url>
      <loc>https://www.pagalsongs.online/anklets-mp3-song-download</loc>
    </url>
    <url>
      <loc>https://www.pagalsongs.online/alhad-mast-jawani-remix-dj-dalal-mp3-song-download-0</loc>
    </url>
    <url>
      <loc>https://www.pagalsongs.online/ram-padhaare-mp3-song-download</loc>
    </url>
    <url>
      <loc>https://www.pagalsongs.online/mere-prabhu-ram-aye-hain-mp3-song-download</loc>
    </url>
    <url>
      <loc>https://www.pagalsongs.online/love-theory-mashup-mp3-song-download</loc>
    </url>
    <url>
      <loc>https://www.pagalsongs.online/suit-kala-mp3-song-download</loc>
    </url>
    <url>
      <loc>https://www.pagalsongs.online/indian-police-force-title-track-mp3-song-download</loc>
    </url>
    <url>
      <loc>https://www.pagalsongs.online/tum-dill-meinn-ho-mere-mp3-song-download</loc>
    </url>
    <url>
      <loc>https://www.pagalsongs.online/rangili-family-mp3-songs-download</loc>
    </url>
    <url>
      <loc>https://www.pagalsongs.online/gulabi-nagari-mp3-song-download</loc>
    </url>
    <url>
      <loc>https://www.pagalsongs.online/shree-ram-mashup-mp3-song-download</loc>
    </url>
    <url>
      <loc>https://www.pagalsongs.online/emotional-love-mashup-mp3-song-download</loc>
    </url>
    <url>
      <loc>https://www.pagalsongs.online/viah-de-din-mp3-song-download</loc>
    </url>
    <url>
      <loc>https://www.pagalsongs.online/theek-hai-na-tu-mp3-song-download</loc>
    </url>
    <url>
      <loc>https://www.pagalsongs.online/rishtedar-mp3--song-download</loc>
    </url>
    <url>
      <loc>https://www.pagalsongs.online/pardesiya-yeh-sach-hai-piya-circuit-mix-dj-ash-mp3-song-download</loc>
    </url>
    <url>
      <loc>https://www.pagalsongs.online/sunday-remix-mp3-song-download</loc>
    </url>
    <url>
      <loc>https://www.pagalsongs.online/saade-aale-mp3-song-download</loc>
    </url>
    <url>
      <loc>https://www.pagalsongs.online/le-aaunga-remix-dj-basque-mp3-song-download</loc>
    </url>
    <url>
      <loc>https://www.pagalsongs.online/pogaadhe-mp3-song-download</loc>
    </url>
    <url>
      <loc>https://www.pagalsongs.online/ney-veyrey-mp3-song-download</loc>
    </url>
    <url>
      <loc>https://www.pagalsongs.online/kaise-hua-x-timro-pratiksha-chillout-flip-mashup-mp3--song-download</loc>
    </url>
    <url>
      <loc>https://www.pagalsongs.online/khuda-jaane-mp3-song-download</loc>
    </url>
    <url>
      <loc>https://www.pagalsongs.online/rangdar-hawa-ka-mp3-song-download</loc>
    </url>
    <url>
      <loc>https://www.pagalsongs.online/e-bihar-ha-pagli-mp3-song-download</loc>
    </url>
    <url>
      <loc>https://www.pagalsongs.online/bollywood-remix-nonstop-blast-12-tapori-remix-dj-mohit-mk-mp3-song-download</loc>
    </url>
    <url>
      <loc>https://www.pagalsongs.online/idhe-idhe-mp3-song-download</loc>
    </url>
    <url>
      <loc>https://www.pagalsongs.online/anjani-x-mp3-song-download-2024</loc>
    </url>
    <url>
      <loc>https://www.pagalsongs.online/alavato-porapato-mp3-song-download</loc>
    </url>
    <url>
      <loc>https://www.pagalsongs.online/feeling-dard-mashup-2024-mp3-song-download</loc>
    </url>
    <url>
      <loc>https://www.pagalsongs.online/duniya-xxx-mp3-song-download</loc>
    </url>
    <url>
      <loc>https://www.pagalsongs.online/ghum-ase-na-rate-mp3-song-download</loc>
    </url>
    <url>
      <loc>https://www.pagalsongs.online/kalaya-nijama-mp3-song-download</loc>
    </url>
    <url>
      <loc>https://www.pagalsongs.online/bir-rass-mp3-song-download</loc>
    </url>
    <url>
      <loc>https://www.pagalsongs.online/maa-ooru-ambajipeta-mp3-song-download</loc>
    </url>
    <url>
      <loc>https://www.pagalsongs.online/broken-heart-3-mp3-song-download-2024</loc>
    </url>
    <url>
      <loc>https://www.pagalsongs.online/ram-aayenge-swasti-mehul-mp3-song-download</loc>
    </url>
    <url>
      <loc>https://www.pagalsongs.online/defaulter-mp3-song-download</loc>
    </url>
    <url>
      <loc>https://www.pagalsongs.online/gaj-ka-ghunghat-mp3-song-download</loc>
    </url>
    <url>
      <loc>https://www.pagalsongs.online/koi-sehri-babu-male-version-cover-mp3-song-download</loc>
    </url>
    <url>
      <loc>https://www.pagalsongs.online/chann-warning-2-mp3-song-download</loc>
    </url>
    <url>
      <loc>https://www.pagalsongs.online/jbl-e-gaan-bajabo-remix-keshab-dey-mp3-song-download</loc>
    </url>
    <url>
      <loc>https://www.pagalsongs.online/lokiverse-2-0-leo-mp3-song-download</loc>
    </url>
    <url>
      <loc>https://www.pagalsongs.online/ik-tere-wargi-mp3-song-download</loc>
    </url>
    <url>
      <loc>https://www.pagalsongs.online/besharam-rang-future-sound-remix-dj-aaditya-mp3-song-download</loc>
    </url>
    <url>
      <loc>https://www.pagalsongs.online/tu-hai-kahaan-mp3-song-download</loc>
    </url>
    <url>
      <loc>https://www.pagalsongs.online/game-over-2024-mp3-song-download</loc>
    </url>
    <url>
      <loc>https://www.pagalsongs.online/mahi-apar-majkane-dj-remix-dj-abinash-mp3-song-download</loc>
    </url>
    <url>
      <loc>https://www.pagalsongs.online/tohar-nili-nili-ankhiya-mp3-song-download</loc>
    </url>
    <url>
      <loc>https://www.pagalsongs.online/ram-rajya-hi-chahiye-dj-remix-dj-karan-krn-pagalworld-com-tw-mp3-song-download</loc>
    </url>
    <url>
      <loc>https://www.pagalsongs.online/2024-new-year-mashup-visual-galaxy-mp3-song-download</loc>
    </url>
    <url>
      <loc>https://www.pagalsongs.online/nye-countdown-to-2024-party-songs-mashup-dj-dalal-mp3--song-download</loc>
    </url>
    <url>
      <loc>https://www.pagalsongs.online/bass-baraiya-de-dj-remix-mp3-song-download</loc>
    </url>
    <url>
      <loc>https://www.pagalsongs.online/o-saki-saki-remix-dj-kapil-mp3-song-download</loc>
    </url>
    <url>
      <loc>https://www.pagalsongs.online/tuktukir-maa-2-o-dj-mix-keshab-dey-mp3-song-download</loc>
    </url>
    <url>
      <loc>https://www.pagalsongs.online/ek-do-teen-mashup-mr-swappy-mp3---0s-download</loc>
    </url>
    <url>
      <loc>https://www.pagalsongs.online/year-end-mega-mashup-2023-mp3-song-download</loc>
    </url>
    <url>
      <loc>https://www.pagalsongs.online/kalachan-2-remix-dj-prince-mp3-song-download</loc>
    </url>
    <url>
      <loc>https://www.pagalsongs.online/legeche-maton-mp3-song-download</loc>
    </url>
    <url>
      <loc>https://www.pagalsongs.online/sher-khul-gaye-slowed-reverb-mp3-song-download</loc>
    </url>
    <url>
      <loc>https://www.pagalsongs.online/multiple-love-mashup-2023-mp3-song-download</loc>
    </url>
    <url>
      <loc>https://www.pagalsongs.online/o-maahi-x-dil-diya-gallan-mashup-mp3-song-download</loc>
    </url>
    <url>
      <loc>https://www.pagalsongs.online/w-emiway-bantai-mp3-song-download</loc>
    </url>
    <url>
      <loc>https://www.pagalsongs.online/meri-aawargi-meri-deewangi-mp3-song-download</loc>
    </url>
    <url>
      <loc>https://www.pagalsongs.online/bengali-item-bold-song-mashup-mp3-song-download</loc>
    </url>
    <url>
      <loc>https://www.pagalsongs.online/best-of-2023-mega-mashup-mp3---songs-download</loc>
    </url>
    <url>
      <loc>https://www.pagalsongs.online/no-debts-mp3-song-download</loc>
    </url>
    <url>
      <loc>https://www.pagalsongs.online/last-night-x-pehla-pyar-remix-dj-bennii-mp3-song-download</loc>
    </url>
    <url>
      <loc>https://www.pagalsongs.online/new-year-special-punjabi-bhangra-mashup-2024-mp3-song-download</loc>
    </url>
    <url>
      <loc>https://www.pagalsongs.online/sara-zamana-remix-dj-reme-mp3-song-download</loc>
    </url>
    <url>
      <loc>https://www.pagalsongs.online/bhaavein-jaane-ya-na-jaane-mp3-song-download</loc>
    </url>
    <url>
      <loc>https://www.pagalsongs.online/gaadi-tere-yaar-ki-mp3--song-download</loc>
    </url>
    <url>
      <loc>https://www.pagalsongs.online/du-haat-tule-nach-remix-keshab-dey-mp3-song-download</loc>
    </url>
    <url>
      <loc>https://www.pagalsongs.online/best-of-2023-mashup-anik8-mp3-song-download</loc>
    </url>
    <url>
      <loc>https://www.pagalsongs.online/jai-jai-shivshankar-banger-sound-mashup-kavisha-loiwal-mp3-song-download</loc>
    </url>
    <url>
      <loc>https://www.pagalsongs.online/end-of-year-2023-mega-10-min-mashup-dj-dalal-mp3---song-download</loc>
    </url>
    <url>
      <loc>https://www.pagalsongs.online/arjan-vailly-gangsta-mashup-2023-amtee-mp3-song-download</loc>
    </url>
    <url>
      <loc>https://www.pagalsongs.online/ex-wedding-mashup-parth-dodiya-mp3-song-download</loc>
    </url>
    <url>
      <loc>https://www.pagalsongs.online/izaazt-mp3-song-download</loc>
    </url>
    <url>
      <loc>https://www.pagalsongs.online/sag-khote-awa-mp3-song-download</loc>
    </url>
    <url>
      <loc>https://www.pagalsongs.online/sunny-sunny-remix-dj-aaditya-mp3-song-download</loc>
    </url>
    <url>
      <loc>https://www.pagalsongs.online/misaal-mp3--song-download</loc>
    </url>
    <url>
      <loc>https://www.pagalsongs.online/recap-2023-year-end-mashup-mp3-song-download</loc>
    </url>
    <url>
      <loc>https://www.pagalsongs.online/chah-pindan-di-mp3-song-download</loc>
    </url>
    <url>
      <loc>https://www.pagalsongs.online/arjan-vailly-remix-dj-aaditya-mp3-song-download</loc>
    </url>
    <url>
      <loc>https://www.pagalsongs.online/pehle-bhi-main-mashup-2023-mp3-song-download</loc>
    </url>
    <url>
      <loc>https://www.pagalsongs.online/chal-koi-na-let-it-be-mp3-song-download</loc>
    </url>
    <url>
      <loc>https://www.pagalsongs.online/yeh-ek-zindagi-future-sound-remix-dj-aaditya-mp3-song-download</loc>
    </url>
    <url>
      <loc>https://www.pagalsongs.online/ishq-di-gali-vich-no-entry-mp3--song-download-</loc>
    </url>
    <url>
      <loc>https://www.pagalsongs.online/side-chick-mp3-song-download</loc>
    </url>
    <url>
      <loc>https://www.pagalsongs.online/saware-slowed-reverb-mp3-song-download</loc>
    </url>
    <url>
      <loc>https://www.pagalsongs.online/dunks-mp3-song-download</loc>
    </url>
    <url>
      <loc>https://www.pagalsongs.online/tu-pachhtawega-mp3-song-download</loc>
    </url>
    <url>
      <loc>https://www.pagalsongs.online/o-bhabhi-mp3-song-download</loc>
    </url>
    <url>
      <loc>https://www.pagalsongs.online/chand-ke-paar-chaliye-mp3-song-download</loc>
    </url>
    <url>
      <loc>https://www.pagalsongs.online/sej-pa-chala-mp3-song-download</loc>
    </url>
    <url>
      <loc>https://www.pagalsongs.online/best-of-2023-mashup-dj-shadow-dubai-mp3-song-download</loc>
    </url>
    <url>
      <loc>https://www.pagalsongs.online/mubarak-mubarak-yeh-shaadi-tumhari-lofi-mix-mp3-song-download</loc>
    </url>
    <url>
      <loc>https://www.pagalsongs.online/jamal-jamalo-circuit-in-the-mix-mp3--song-download</loc>
    </url>
    <url>
      <loc>https://www.pagalsongs.online/set-ho-gia-mp3--songs-download</loc>
    </url>
    <url>
      <loc>https://www.pagalsongs.online/winter-vacation-mp3-song-download</loc>
    </url>
    <url>
      <loc>https://www.pagalsongs.online/aa-mp3-song-download-0</loc>
    </url>
    <url>
      <loc>https://www.pagalsongs.online/animal-heartbreak-mashup-bicky-mp3-song-download</loc>
    </url>
    <url>
      <loc>https://www.pagalsongs.online/the-haryanvi-mashup-15-mp3-song-download</loc>
    </url>
    <url>
      <loc>https://www.pagalsongs.online/pehle-bhi-main-x-kaise-hua-acv-mashup-mp3--song-download</loc>
    </url>
    <url>
      <loc>https://www.pagalsongs.online/tum-kahan-chale-mp3-song-download</loc>
    </url>
    <url>
      <loc>https://www.pagalsongs.online/2023-year-end-mashup-visual-galaxy-mp3-song-download</loc>
    </url>
    <url>
      <loc>https://www.pagalsongs.online/maninder-mp3-song-download</loc>
    </url>
    <url>
      <loc>https://www.pagalsongs.online/kaint-kaint-mp3-song-download</loc>
    </url>
    <url>
      <loc>https://www.pagalsongs.online/angel-mp3-song-download</loc>
    </url>
    <url>
      <loc>https://www.pagalsongs.online/white-brown-black-club-mix-dj-ravish-mp3-songs-download-2024</loc>
    </url>
    <url>
      <loc>https://www.pagalsongs.online/zamidar-mp3-song-download</loc>
    </url>
    <url>
      <loc>https://www.pagalsongs.online/mera-ishq-vi-tu-mp3-song-download</loc>
    </url>
    <url>
      <loc>https://www.pagalsongs.online/dard-hua-mp3--0-download</loc>
    </url>
    <url>
      <loc>https://www.pagalsongs.online/haanji-remix-dj-harshit%25C2%25A0shah-mp3-song-download</loc>
    </url>
    <url>
      <loc>https://www.pagalsongs.online/ami-valo-nai-mp3-song-download</loc>
    </url>
    <url>
      <loc>https://www.pagalsongs.online/alto-choyate-mp3-song-download</loc>
    </url>
    <url>
      <loc>https://www.pagalsongs.online/ek-fali-golpo-de-mp3-song-download</loc>
    </url>
    <url>
      <loc>https://www.pagalsongs.online/dulhania-mp3-song-download</loc>
    </url>
    <url>
      <loc>https://www.pagalsongs.online/rootha-yaar-mp3-song-download</loc>
    </url>
    <url>
      <loc>https://www.pagalsongs.online/aabchaya-jwalo-mp3-song-download</loc>
    </url>
    <url>
      <loc>https://www.pagalsongs.online/toke-pabo-bole-mp3-song-download</loc>
    </url>
    <url>
      <loc>https://www.pagalsongs.online/submarine-mp3--0s-download-2024</loc>
    </url>
    <url>
      <loc>https://www.pagalsongs.online/meghpiyon-mp3-song-download</loc>
    </url>
    <url>
      <loc>https://www.pagalsongs.online/churhe-aali-baanh-mp3-song-download</loc>
    </url>
    <url>
      <loc>https://www.pagalsongs.online/maan-meri-jaan-remix-dj-vishal-mp3-songs-download-2024</loc>
    </url>
    <url>
      <loc>https://www.pagalsongs.online/the-battle-of-bluetooth-era-mashup-mp3-song-download</loc>
    </url>
    <url>
      <loc>https://www.pagalsongs.online/kaala-doreya-mp3-song-download</loc>
    </url>
    <url>
      <loc>https://www.pagalsongs.online/animal-mashup-mp3-song-download</loc>
    </url>
    <url>
      <loc>https://www.pagalsongs.online/langar-mp3-song-download</loc>
    </url>
    <url>
      <loc>https://www.pagalsongs.online/peedh-mp3-song-download</loc>
    </url>
    <url>
      <loc>https://www.pagalsongs.online/gulabi-sharara-dj-ravish-mp3-song-download</loc>
    </url>
    <url>
      <loc>https://www.pagalsongs.online/haye-haye-yeh-majboori-x-saiyaan-dil-mein-aana-re-mp3-song-download-2024</loc>
    </url>
    <url>
      <loc>https://www.pagalsongs.online/hawaon-ne-ye-kaha-remix-dj-anil-thakur-mp3-song-download</loc>
    </url>
    <url>
      <loc>https://www.pagalsongs.online/yeh-kaali-kaali-aankhen-dj-aadesh-sitamarhi-mp3-song-download</loc>
    </url>
    <url>
      <loc>https://www.pagalsongs.online/tanha-mp3-song-download</loc>
    </url>
    <url>
      <loc>https://www.pagalsongs.online/arjan-vailly-remix-dj-paroma-mp3-song-download</loc>
    </url>
    <url>
      <loc>https://www.pagalsongs.online/evergreen-romantic-mashup-2023-ananya-singh-mp3-song-download</loc>
    </url>
    <url>
      <loc>https://www.pagalsongs.online/dastoor-mp3-songs-download</loc>
    </url>
    <url>
      <loc>https://www.pagalsongs.online/biodata-mp3-song-download</loc>
    </url>
    <url>
      <loc>https://www.pagalsongs.online/uch-da-peer-mp3-song-download</loc>
    </url>
    <url>
      <loc>https://www.pagalsongs.online/mera-apki-kripa-se-mp3-song-download</loc>
    </url>
    <url>
      <loc>https://www.pagalsongs.online/seva-karda-ja-mp3-song-download</loc>
    </url>
    <url>
      <loc>https://www.pagalsongs.online/memories-of-love-mashup-mashup-mp3-song-download</loc>
    </url>
    <url>
      <loc>https://www.pagalsongs.online/hold-me-mp3-song-download</loc>
    </url>
    <url>
      <loc>https://www.pagalsongs.online/baah-mp3-song-download</loc>
    </url>
    <url>
      <loc>https://www.pagalsongs.online/chail-geliya-jangi-mp3-song-download</loc>
    </url>
    <url>
      <loc>https://www.pagalsongs.online/haryanvi-dj-song-mashup-dj-hardik-mp3-song-download</loc>
    </url>
    <url>
      <loc>https://www.pagalsongs.online/naye-armaan-mp3-song-download</loc>
    </url>
    <url>
      <loc>https://www.pagalsongs.online/peekaboo-mp3-song-download</loc>
    </url>
    <url>
      <loc>https://www.pagalsongs.online/mann-ki-lagan-mp3-songs-download</loc>
    </url>
    <url>
      <loc>https://www.pagalsongs.online/lover-girl-mp3-song-download</loc>
    </url>
    <url>
      <loc>https://www.pagalsongs.online/laado-mashup-dj-prince-mp3-song-download</loc>
    </url>
    <url>
      <loc>https://www.pagalsongs.online/rangilo-maro-dholna-mix-dj-roady-mp3-song-download</loc>
    </url>
    <url>
      <loc>https://www.pagalsongs.online/mere-ranjhana-mp3-song-download</loc>
    </url>
    <url>
      <loc>https://www.pagalsongs.online/phire-esho-mp3-song-download</loc>
    </url>
    <url>
      <loc>https://www.pagalsongs.online/saiyaan-jee-mp3-song-download</loc>
    </url>
    <url>
      <loc>https://www.pagalsongs.online/aaj-khela-bhangar-khela-mp3-song-download</loc>
    </url>
    <url>
      <loc>https://www.pagalsongs.online/kaali-jutti-kala-suit-mp3-song-download</loc>
    </url>
    <url>
      <loc>https://www.pagalsongs.online/baby-boo-mp3-song-download</loc>
    </url>
    <url>
      <loc>https://www.pagalsongs.online/rootho-na-aise-mp3-song-download</loc>
    </url>
    <url>
      <loc>https://www.pagalsongs.online/kar-gayi-chull-dj-ravish-mp3-song-download</loc>
    </url>
    <url>
      <loc>https://www.pagalsongs.online/golden-hours-mp3--song-download</loc>
    </url>
    <url>
      <loc>https://www.pagalsongs.online/pagg-mp3-song-download</loc>
    </url>
    <url>
      <loc>https://www.pagalsongs.online/balam-ki-bagdo-mp3---songs-download-2024</loc>
    </url>
    <url>
      <loc>https://www.pagalsongs.online/haryanvi-dance-mashup-mp3-song-download</loc>
    </url>
    <url>
      <loc>https://www.pagalsongs.online/ek-taara-mp3-song-download</loc>
    </url>
    <url>
      <loc>https://www.pagalsongs.online/phir-se-aaj-mp3-song-download</loc>
    </url>
    <url>
      <loc>https://www.pagalsongs.online/kabhi-kabhi-zindagi-mp3-song-download</loc>
    </url>
    <url>
      <loc>https://www.pagalsongs.online/aune-paune-tattu-mp3-song-download</loc>
    </url>
    <url>
      <loc>https://www.pagalsongs.online/sundara-mp3-song-download</loc>
    </url>
    <url>
      <loc>https://www.pagalsongs.online/ramta-jogi-mix-dj-roady-mp3-song-download</loc>
    </url>
    <url>
      <loc>https://www.pagalsongs.online/jakhan-porbe-na-mor-payer-chinho-mp3-song-download</loc>
    </url>
    <url>
      <loc>https://www.pagalsongs.online/phirkiwali-mp3-song-download</loc>
    </url>
    <url>
      <loc>https://www.pagalsongs.online/hote-hote-reh-gaya-mp3-song-download</loc>
    </url>
    <url>
      <loc>https://www.pagalsongs.online/chhote-sahibzade-mp3-song-download</loc>
    </url>
    <url>
      <loc>https://www.pagalsongs.online/romantic-rewind-mp3-song-download</loc>
    </url>
    <url>
      <loc>https://www.pagalsongs.online/rich-hood-mp3-song-download</loc>
    </url>
    <url>
      <loc>https://www.pagalsongs.online/teri-mehfil-mp3-song-download</loc>
    </url>
    <url>
      <loc>https://www.pagalsongs.online/jiyein-kyun-tum-gaye-ho-kyu-raat-baaki-hai-dum-maaro-dum-lo-fi-remix-mp3-song-download</loc>
    </url>
    <url>
      <loc>https://www.pagalsongs.online/aankhon-mein-tera-hi-chehra-remix-dj-anil-thakur-mp3-song-download</loc>
    </url>
    <url>
      <loc>https://www.pagalsongs.online/desi-girl-banger-sound-mashup-mp3--song-download</loc>
    </url>
    <url>
      <loc>https://www.pagalsongs.online/swaalina-nasha-mp3-song-download</loc>
    </url>
    <url>
      <loc>https://www.pagalsongs.online/jodi-tumi-na-bole-dao-mp3-song-download</loc>
    </url>
    <url>
      <loc>https://www.pagalsongs.online/de-ja-vu-mp3-song-download</loc>
    </url>
    <url>
      <loc>https://www.pagalsongs.online/ve-mai-kehna-mp3-song-download</loc>
    </url>
    <url>
      <loc>https://www.pagalsongs.online/adayein-bhi-hain-mp3--song-download</loc>
    </url>
    <url>
      <loc>https://www.pagalsongs.online/bichola-mp3-song-download</loc>
    </url>
    <url>
      <loc>https://www.pagalsongs.online/jodi-kangnya-ki-mp3-song-download</loc>
    </url>
    <url>
      <loc>https://www.pagalsongs.online/arjan-vailly-dj-sasha-mp3-song-download</loc>
    </url>
    <url>
      <loc>https://www.pagalsongs.online/the-love-mix-rahat-fateh-ali-khan-special-mp3-song-download</loc>
    </url>
    <url>
      <loc>https://www.pagalsongs.online/ore-bon-tor-bijone-mp3-song-download</loc>
    </url>
    <url>
      <loc>https://www.pagalsongs.online/jatt-manners-mp3--song-download</loc>
    </url>
    <url>
      <loc>https://www.pagalsongs.online/fer-dasso-mp3-song-download</loc>
    </url>
    <url>
      <loc>https://www.pagalsongs.online/harf-mp3-song-download</loc>
    </url>
    <url>
      <loc>https://www.pagalsongs.online/paak-mohabbat-mp3-song-download</loc>
    </url>
    <url>
      <loc>https://www.pagalsongs.online/dil-nal-dil-mp3-song-download</loc>
    </url>
    <url>
      <loc>https://www.pagalsongs.online/mainu-tu-pasand-mp3-song-download</loc>
    </url>
    <url>
      <loc>https://www.pagalsongs.online/jaan-vaar-dinne-aa-mp3-song-download</loc>
    </url>
    <url>
      <loc>https://www.pagalsongs.online/celebrities-mp3-song-download</loc>
    </url>
    <url>
      <loc>https://www.pagalsongs.online/ellame-ni-than-mp3-song-download</loc>
    </url>
    <url>
      <loc>https://www.pagalsongs.online/got-committed-mp3-song-download</loc>
    </url>
    <url>
      <loc>https://www.pagalsongs.online/lalaari-mp3-song-download</loc>
    </url>
    <url>
      <loc>https://www.pagalsongs.online/dheeyan-mp3-song-download</loc>
    </url>
    <url>
      <loc>https://www.pagalsongs.online/raula-mp3-song-download</loc>
    </url>
    <url>
      <loc>https://www.pagalsongs.online/jhalla-mp3-song-download</loc>
    </url>
    <url>
      <loc>https://www.pagalsongs.online/bhalobasha-haat-baralo-mp3-song-download</loc>
    </url>
    <url>
      <loc>https://www.pagalsongs.online/aador-diye-chui-mp3--song-download-</loc>
    </url>
    <url>
      <loc>https://www.pagalsongs.online/dent-mp3-song-download</loc>
    </url>
    <url>
      <loc>https://www.pagalsongs.online/dil-tera-ho-chala-mp3-song-download</loc>
    </url>
    <url>
      <loc>https://www.pagalsongs.online/umeed-mp3-song-download-2024</loc>
    </url>
    <url>
      <loc>https://www.pagalsongs.online/sadananda-mp3-song-download</loc>
    </url>
    <url>
      <loc>https://www.pagalsongs.online/sangeet-songs-for-bride-and-groom-remix-mp3-song-download</loc>
    </url>
    <url>
      <loc>https://www.pagalsongs.online/na-maane-mp3-song-download</loc>
    </url>
    <url>
      <loc>https://www.pagalsongs.online/tomake-chai-mp3---songs-download-2024</loc>
    </url>
    <url>
      <loc>https://www.pagalsongs.online/ishq-nahi-aasan-mp3-song-download</loc>
    </url>
    <url>
      <loc>https://www.pagalsongs.online/instagram-trending-mashup-jukebox-mp3-song-download</loc>
    </url>
    <url>
      <loc>https://www.pagalsongs.online/altron3-vol-2-remix-mp3-song-download</loc>
    </url>
    <url>
      <loc>https://www.pagalsongs.online/mittran-di-sohn-mp3-song-download</loc>
    </url>
    <url>
      <loc>https://www.pagalsongs.online/khedan-diyan-umraan-mp3-song-download</loc>
    </url>
    <url>
      <loc>https://www.pagalsongs.online/lala-lala-mp3-song-download</loc>
    </url>
    <url>
      <loc>https://www.pagalsongs.online/nahra-fateh-da-mp3-song-download</loc>
    </url>
    <url>
      <loc>https://www.pagalsongs.online/tere-lehange-ne-mp3-song-download</loc>
    </url>
    <url>
      <loc>https://www.pagalsongs.online/kaali-odhni-mp3--song-download</loc>
    </url>
    <url>
      <loc>https://www.pagalsongs.online/sari-duniya-jala-denge-mashup-mp3-song-download</loc>
    </url>
    <url>
      <loc>https://www.pagalsongs.online/medal-mp3-song-download-00</loc>
    </url>
    <url>
      <loc>https://www.pagalsongs.online/zara-zara-chill-trap-mp3-song-download</loc>
    </url>
    <url>
      <loc>https://www.pagalsongs.online/bumbro-x-maiya-tere-mp3-song-download</loc>
    </url>
    <url>
      <loc>https://www.pagalsongs.online/tujh-mein-yun-mp3-song-download</loc>
    </url>
    <url>
      <loc>https://www.pagalsongs.online/eshechhe-maa-mp3-song-download</loc>
    </url>
    <url>
      <loc>https://www.pagalsongs.online/gully-gully-mein-mp3-song-download</loc>
    </url>
    <url>
      <loc>https://www.pagalsongs.online/chunni-danta-mai-mp3-song-download</loc>
    </url>
    <url>
      <loc>https://www.pagalsongs.online/gaadi-top-gear-mp3-song-download</loc>
    </url>
    <url>
      <loc>https://www.pagalsongs.online/dekhechhi-rup-sagare-mp3-song-download</loc>
    </url>
    <url>
      <loc>https://www.pagalsongs.online/ram-padhare-mp3-song-download</loc>
    </url>
    <url>
      <loc>https://www.pagalsongs.online/sip-sip-mp3-song-download</loc>
    </url>
    <url>
      <loc>https://www.pagalsongs.online/snow-mp3-song-download</loc>
    </url>
    <url>
      <loc>https://www.pagalsongs.online/tu-mil-jaaye-mp3-song-download</loc>
    </url>
    <url>
      <loc>https://www.pagalsongs.online/boondein-marham-si-mp3--song-download-</loc>
    </url>
    <url>
      <loc>https://www.pagalsongs.online/tujhe-jaate-dekh-ke-mp3-song-download</loc>
    </url>
    <url>
      <loc>https://www.pagalsongs.online/tera-hi-rahega-mp3-song-download</loc>
    </url>
    <url>
      <loc>https://www.pagalsongs.online/afra-tafri-mp3--song-download-</loc>
    </url>
    <url>
      <loc>https://www.pagalsongs.online/olo-soi-mp3-song-download</loc>
    </url>
    <url>
      <loc>https://www.pagalsongs.online/kalo-jole-kuchla-tole-mp3-song-download</loc>
    </url>
    <url>
      <loc>https://www.pagalsongs.online/tar-chera-maiya-mp3-song-download</loc>
    </url>
    <url>
      <loc>https://www.pagalsongs.online/komuna-mp3-song-download</loc>
    </url>
    <url>
      <loc>https://www.pagalsongs.online/dakname-mp3-song-download</loc>
    </url>
    <url>
      <loc>https://www.pagalsongs.online/o-sujan-mp3-song-download</loc>
    </url>
    <url>
      <loc>https://www.pagalsongs.online/bhalobashi-bolbo-na-mp3-song-download</loc>
    </url>
    <url>
      <loc>https://www.pagalsongs.online/those-eyes-mp3-song-download</loc>
    </url>
    <url>
      <loc>https://www.pagalsongs.online/laal-batti-mp3-song-download</loc>
    </url>
    <url>
      <loc>https://www.pagalsongs.online/kale-kagaz-mp3-song-download</loc>
    </url>
    <url>
      <loc>https://www.pagalsongs.online/tight-hug-sohneya-mp3-song-download</loc>
    </url>
    <url>
      <loc>https://www.pagalsongs.online/peeni-chad-dange-mp3--song-download</loc>
    </url>
    <url>
      <loc>https://www.pagalsongs.online/sarkari-gun-mp3-song-download</loc>
    </url>
    <url>
      <loc>https://www.pagalsongs.online/marriage-mp3-song-download</loc>
    </url>
    <url>
      <loc>https://www.pagalsongs.online/qayamat-qayamat-remix-dj-anil-thakur-mp3-song-download</loc>
    </url>
    <url>
      <loc>https://www.pagalsongs.online/timir-abogunthane-mp3-song-download</loc>
    </url>
    <url>
      <loc>https://www.pagalsongs.online/ei-path-jodi-na-shes-hoy-mp3-song-download</loc>
    </url>
    <url>
      <loc>https://www.pagalsongs.online/bhole-meri-laaj-rakhna-mp3-song-download</loc>
    </url>
    <url>
      <loc>https://www.pagalsongs.online/baahla-fukra-mp3-song-download</loc>
    </url>
    <url>
      <loc>https://www.pagalsongs.online/no-chance-mp3-song-download</loc>
    </url>
    <url>
      <loc>https://www.pagalsongs.online/sippy-gill-mp3-song-download</loc>
    </url>
    <url>
      <loc>https://www.pagalsongs.online/ok-report-mp3--song-download</loc>
    </url>
    <url>
      <loc>https://www.pagalsongs.online/bas-mp3-song-download-2024</loc>
    </url>
    <url>
      <loc>https://www.pagalsongs.online/8-asle-mp3-song-download</loc>
    </url>
    <url>
      <loc>https://www.pagalsongs.online/kd-desirock-mp3--song-download</loc>
    </url>
    <url>
      <loc>https://www.pagalsongs.online/combo-mp3-song-download</loc>
    </url>
    <url>
      <loc>https://www.pagalsongs.online/kaka-mp3--song-download</loc>
    </url>
    <url>
      <loc>https://www.pagalsongs.online/chakla-belan-mp3-song-download</loc>
    </url>
    <url>
      <loc>https://www.pagalsongs.online/jhutha-bhartar-mp3-song-download</loc>
    </url>
    <url>
      <loc>https://www.pagalsongs.online/badam-mp3--song-download</loc>
    </url>
    <url>
      <loc>https://www.pagalsongs.online/monre-krishi-kaaj-jano-na-mp3-song-download</loc>
    </url>
    <url>
      <loc>https://www.pagalsongs.online/jene-jao-tumi-mp3-song-download</loc>
    </url>
    <url>
      <loc>https://www.pagalsongs.online/tumi-je-amar-mp3-song-download</loc>
    </url>
    <url>
      <loc>https://www.pagalsongs.online/mommy-issues-mp3-song-download</loc>
    </url>
    <url>
      <loc>https://www.pagalsongs.online/cinlina-apon-mp3-song-download</loc>
    </url>
    <url>
      <loc>https://www.pagalsongs.online/puthe-kamm-mp3-song-download</loc>
    </url>
    <url>
      <loc>https://www.pagalsongs.online/boy-bestie-song-mp3-song-download</loc>
    </url>
    <url>
      <loc>https://www.pagalsongs.online/bazooka-mp3-song-download-0</loc>
    </url>
    <url>
      <loc>https://www.pagalsongs.online/apsara-mp3-song-download</loc>
    </url>
    <url>
      <loc>https://www.pagalsongs.online/ban-than-ke-mp3--song-download</loc>
    </url>
    <url>
      <loc>https://www.pagalsongs.online/o-yaara-ve-mp3-song-download</loc>
    </url>
    <url>
      <loc>https://www.pagalsongs.online/jeena-chauni-aa-mp3-song-download</loc>
    </url>
    <url>
      <loc>https://www.pagalsongs.online/channa-ve-mp3--song-download</loc>
    </url>
    <url>
      <loc>https://www.pagalsongs.online/do-pal-mega-rapmix-mp3-song-download</loc>
    </url>
    <url>
      <loc>https://www.pagalsongs.online/marjaani-x-drake-mashup-mp3--song-download</loc>
    </url>
    <url>
      <loc>https://www.pagalsongs.online/looking-like-a-wow-meme-mashup-mp3-song-download</loc>
    </url>
    <url>
      <loc>https://www.pagalsongs.online/chunni-re-mp3-song-download</loc>
    </url>
    <url>
      <loc>https://www.pagalsongs.online/silent-space-mp3-song-download</loc>
    </url>
    <url>
      <loc>https://www.pagalsongs.online/kajrare-naina-mp3-song-download</loc>
    </url>
    <url>
      <loc>https://www.pagalsongs.online/bol-mithrey-mp3-song-download</loc>
    </url>
    <url>
      <loc>https://www.pagalsongs.online/ishq-karara-mp3-song-download</loc>
    </url>
    <url>
      <loc>https://www.pagalsongs.online/zaroorat-mp3-song-download</loc>
    </url>
    <url>
      <loc>https://www.pagalsongs.online/pyar-lafzon-mein-mp3-song-download</loc>
    </url>
    <url>
      <loc>https://www.pagalsongs.online/haanji-dj-ravish-mp3-song-download</loc>
    </url>
    <url>
      <loc>https://www.pagalsongs.online/bayaan-mp3-song-download</loc>
    </url>
    <url>
      <loc>https://www.pagalsongs.online/davy-mp3-song-download</loc>
    </url>
    <url>
      <loc>https://www.pagalsongs.online/akhan-gillian-mp3-song-download</loc>
    </url>
    <url>
      <loc>https://www.pagalsongs.online/be-mausam-barsaa-mp3-song-download</loc>
    </url>
    <url>
      <loc>https://www.pagalsongs.online/chupke-se-aana-mp3-song-download</loc>
    </url>
    <url>
      <loc>https://www.pagalsongs.online/love-talk-mp3-song-download</loc>
    </url>
    <url>
      <loc>https://www.pagalsongs.online/sunday-market-mp3-song-download</loc>
    </url>
    <url>
      <loc>https://www.pagalsongs.online/khoya-sa-mp3-song-download</loc>
    </url>
    <url>
      <loc>https://www.pagalsongs.online/na-laut-kar-ana-mp3-song-download-2024</loc>
    </url>
    <url>
      <loc>https://www.pagalsongs.online/raabta-mix-mp3-song-download</loc>
    </url>
    <url>
      <loc>https://www.pagalsongs.online/bahu-batua-si-mp3---songs-download-2024</loc>
    </url>
    <url>
      <loc>https://www.pagalsongs.online/balam-balam-mp3-song-download</loc>
    </url>
    <url>
      <loc>https://www.pagalsongs.online/jai-shankar-maharaj-mp3-song-download</loc>
    </url>
    <url>
      <loc>https://www.pagalsongs.online/jai-radhe-jai-shyam-mp3-song-download</loc>
    </url>
    <url>
      <loc>https://www.pagalsongs.online/chandrahaas-mp3-song-download</loc>
    </url>
    <url>
      <loc>https://www.pagalsongs.online/radhe-radhe-shyam-mp3-song-download</loc>
    </url>
    <url>
      <loc>https://www.pagalsongs.online/the-devotional-mashup-mp3-song-download</loc>
    </url>
    <url>
      <loc>https://www.pagalsongs.online/husn-slowed-reverb-mp3-song-download</loc>
    </url>
    <url>
      <loc>https://www.pagalsongs.online/o-maahi-remix-dj-tripty-dubai-mp3-song-download</loc>
    </url>
    <url>
      <loc>https://www.pagalsongs.online/street-wise-mp3-song-download</loc>
    </url>
    <url>
      <loc>https://www.pagalsongs.online/fareb-mp3-song-download</loc>
    </url>
    <url>
      <loc>https://www.pagalsongs.online/dhokha-na-hoje-mp3-song-download</loc>
    </url>
    <url>
      <loc>https://www.pagalsongs.online/jaan-munde-di-mp3-song-download</loc>
    </url>
    <url>
      <loc>https://www.pagalsongs.online/bawal-mp3-song-download</loc>
    </url>
    <url>
      <loc>https://www.pagalsongs.online/saharan-baba-nanaka-mp3-song-download</loc>
    </url>
    <url>
      <loc>https://www.pagalsongs.online/nanki-da-veer-mp3-song-download</loc>
    </url>
    <url>
      <loc>https://www.pagalsongs.online/mastiyaapa-mp3-song-download</loc>
    </url>
    <url>
      <loc>https://www.pagalsongs.online/ek-hi-dil-mp3-song-download</loc>
    </url>
    <url>
      <loc>https://www.pagalsongs.online/ayna-mp3-song-download</loc>
    </url>
    <url>
      <loc>https://www.pagalsongs.online/khuda-k-paas-mp3-song-download</loc>
    </url>
    <url>
      <loc>https://www.pagalsongs.online/tera-naam-liya-mp3-song-download</loc>
    </url>
    <url>
      <loc>https://www.pagalsongs.online/kolijar-pusha-pakhire-mp3-song-download</loc>
    </url>
    <url>
      <loc>https://www.pagalsongs.online/nada-jubedar-mp3-song-download</loc>
    </url>
    <url>
      <loc>https://www.pagalsongs.online/thekedara-ka-byah-mp3-song-download</loc>
    </url>
    <url>
      <loc>https://www.pagalsongs.online/bhagatt-aadmi-tha-mp3-song-download</loc>
    </url>
    <url>
      <loc>https://www.pagalsongs.online/mann-bharryaa-mp3-song-download</loc>
    </url>
    <url>
      <loc>https://www.pagalsongs.online/phir-bhi-aas-lagi-hai-2-0-mp3-0-download</loc>
    </url>
    <url>
      <loc>https://www.pagalsongs.online/king-srk-mashup-mp3-songs-download-2024</loc>
    </url>
    <url>
      <loc>https://www.pagalsongs.online/jab-kisi-ki-taraf-dil-mp3--song-download</loc>
    </url>
    <url>
      <loc>https://www.pagalsongs.online/pee-loon-mashup-mp3-song-download</loc>
    </url>
    <url>
      <loc>https://www.pagalsongs.online/do-dil-mil-rahe-hai-mp3-song-download</loc>
    </url>
    <url>
      <loc>https://www.pagalsongs.online/jhoom-x-kesariya-mashup-mp3-song-download-2024</loc>
    </url>
    <url>
      <loc>https://www.pagalsongs.online/dilawara-x-dheere-dheere-se-meri-zindagi-me-ana-mashup-mp3-songs-download-2024</loc>
    </url>
    <url>
      <loc>https://www.pagalsongs.online/khabar-mp3-song-download</loc>
    </url>
    <url>
      <loc>https://www.pagalsongs.online/kalashtar-x-chal-bombay-mp3-song-download-2024</loc>
    </url>
    <url>
      <loc>https://www.pagalsongs.online/gypsy-x-jamnapaar-mp3-songs-download-2024</loc>
    </url>
    <url>
      <loc>https://www.pagalsongs.online/kisi-disco-mein-jaye-mp3-song-download</loc>
    </url>
    <url>
      <loc>https://www.pagalsongs.online/o-saathi-re-mp3-song-download</loc>
    </url>
    <url>
      <loc>https://www.pagalsongs.online/tu-muskura-mp3-song-download</loc>
    </url>
    <url>
      <loc>https://www.pagalsongs.online/kudmayi-x-aaj-sajeya-mashup-mp3-song-download</loc>
    </url>
    <url>
      <loc>https://www.pagalsongs.online/khabar-khabar-mp3-song-download</loc>
    </url>
    <url>
      <loc>https://www.pagalsongs.online/gps-mp3-song-download</loc>
    </url>
    <url>
      <loc>https://www.pagalsongs.online/tu-tan-mileya-c-mp3-song-download</loc>
    </url>
    <url>
      <loc>https://www.pagalsongs.online/mafiyaan-mp3-song-download</loc>
    </url>
    <url>
      <loc>https://www.pagalsongs.online/parichay-mp3-song-download</loc>
    </url>
    <url>
      <loc>https://www.pagalsongs.online/hawavaan-mp3-song-download</loc>
    </url>
    <url>
      <loc>https://www.pagalsongs.online/raonak-mp3-song-download</loc>
    </url>
    <url>
      <loc>https://www.pagalsongs.online/rabb-vargeya-mp3-song-download</loc>
    </url>
    <url>
      <loc>https://www.pagalsongs.online/main-jahaan-rahoon-remix-dj-sunny-mp3-song-download</loc>
    </url>
    <url>
      <loc>https://www.pagalsongs.online/jassi-mp3-song-download</loc>
    </url>
    <url>
      <loc>https://www.pagalsongs.online/gentleman-2-mp3-song-download</loc>
    </url>
    <url>
      <loc>https://www.pagalsongs.online/fakeer-mp3-song-download</loc>
    </url>
    <url>
      <loc>https://www.pagalsongs.online/odiyamma-mp3-song-download</loc>
    </url>
    <url>
      <loc>https://www.pagalsongs.online/agar-mujhse-mohabbat-hai-mp3-song-download</loc>
    </url>
    <url>
      <loc>https://www.pagalsongs.online/nashe-si-chadh-gayi-x-chaleya-mp3-song-download</loc>
    </url>
    <url>
      <loc>https://www.pagalsongs.online/sewa-mp3-song-download</loc>
    </url>
    <url>
      <loc>https://www.pagalsongs.online/kho-jaana-hai-mp3-song-download</loc>
    </url>
    <url>
      <loc>https://www.pagalsongs.online/white-brown-black-dj-ravish-mp3-songs-download</loc>
    </url>
    <url>
      <loc>https://www.pagalsongs.online/jarurat-mp3--song-download</loc>
    </url>
    <url>
      <loc>https://www.pagalsongs.online/madhaniya-mp3-song-download</loc>
    </url>
    <url>
      <loc>https://www.pagalsongs.online/tere-liye-x-baglami-mashup-dj-ssunny-mp3-song-download</loc>
    </url>
    <url>
      <loc>https://www.pagalsongs.online/bekarar-karke-hume-chillwave-mix-mp3-song-download</loc>
    </url>
    <url>
      <loc>https://www.pagalsongs.online/duniya-farzi-mp3-song-download</loc>
    </url>
    <url>
      <loc>https://www.pagalsongs.online/yeh-samaa-chillwave-mix-mp3-song-download</loc>
    </url>
    <url>
      <loc>https://www.pagalsongs.online/koi-sehri-babu-drill-mix-mp3---songs-download-2024</loc>
    </url>
    <url>
      <loc>https://www.pagalsongs.online/chalo-sajna-jhahan-tak-trap-mix-mp3-song-download</loc>
    </url>
    <url>
      <loc>https://www.pagalsongs.online/chakka-jaam-mp3-song-download</loc>
    </url>
    <url>
      <loc>https://www.pagalsongs.online/system-pe-system-mp3--song-download-</loc>
    </url>
    <url>
      <loc>https://www.pagalsongs.online/mote-mote-nain-mp3--song-download</loc>
    </url>
    <url>
      <loc>https://www.pagalsongs.online/ki-farak-painda-hai-mp3-song-download-2024</loc>
    </url>
    <url>
      <loc>https://www.pagalsongs.online/chanab-te-mil-mp3---0-download-2024</loc>
    </url>
    <url>
      <loc>https://www.pagalsongs.online/kamli-x-malang-mp3-song-download-2024</loc>
    </url>
    <url>
      <loc>https://www.pagalsongs.online/roop-tera-mastana-mp3-song-download</loc>
    </url>
    <url>
      <loc>https://www.pagalsongs.online/mayya-mayya-mp3-song-download</loc>
    </url>
    <url>
      <loc>https://www.pagalsongs.online/barbaadiyan-dj-ravish-mp3-song-download</loc>
    </url>
    <url>
      <loc>https://www.pagalsongs.online/aas-teri-mp3-song-download</loc>
    </url>
    <url>
      <loc>https://www.pagalsongs.online/pyar-ki-bahaar-mp3-song-download</loc>
    </url>
    <url>
      <loc>https://www.pagalsongs.online/dil-to-hai-dil-mp3--song-download</loc>
    </url>
    <url>
      <loc>https://www.pagalsongs.online/aaja-meri-jaan-mp3-song-download</loc>
    </url>
    <url>
      <loc>https://www.pagalsongs.online/chan-kitthan-mp3-song-download</loc>
    </url>
    <url>
      <loc>https://www.pagalsongs.online/pokkhirajer-ghora-mp3-song-download</loc>
    </url>
    <url>
      <loc>https://www.pagalsongs.online/tumse-milke-dil-ka-hai-jo-haal-remix-dj-dips-mp3-songs-download-2024</loc>
    </url>
    <url>
      <loc>https://www.pagalsongs.online/tum-ko-dekha-mp3-song-download</loc>
    </url>
    <url>
      <loc>https://www.pagalsongs.online/rooth-kar-hamse-mp3-song-download</loc>
    </url>
    <url>
      <loc>https://www.pagalsongs.online/yaad-piya-ki-aane-lagi-dj-ravish-mp3-song-download</loc>
    </url>
    <url>
      <loc>https://www.pagalsongs.online/shri-ram-mp3-song-download</loc>
    </url>
    <url>
      <loc>https://www.pagalsongs.online/naino-mein-doobey-mp3-song-download</loc>
    </url>
    <url>
      <loc>https://www.pagalsongs.online/hasta-hua-noorani-chehra-mp3--song-download</loc>
    </url>
    <url>
      <loc>https://www.pagalsongs.online/tera-zikr-mp3-song-download</loc>
    </url>
    <url>
      <loc>https://www.pagalsongs.online/dur-dur-mp3--song-download</loc>
    </url>
    <url>
      <loc>https://www.pagalsongs.online/chitta-kukkad-banere-te-mp3-song-download</loc>
    </url>
    <url>
      <loc>https://www.pagalsongs.online/midnight-ride-mp3---songs-download-2024</loc>
    </url>
    <url>
      <loc>https://www.pagalsongs.online/saanware-aijaiyo-mp3-song-download</loc>
    </url>
    <url>
      <loc>https://www.pagalsongs.online/billo-rani-dj-dala-mp3-song-download</loc>
    </url>
    <url>
      <loc>https://www.pagalsongs.online/kaju-katli-mp3-song-download</loc>
    </url>
    <url>
      <loc>https://www.pagalsongs.online/bagdo-ne-mare-thumke-mp3---songs-download-2024</loc>
    </url>
    <url>
      <loc>https://www.pagalsongs.online/gaama-aale-chhore-mp3-song-download</loc>
    </url>
    <url>
      <loc>https://www.pagalsongs.online/jeevathahu-mp3-song-download</loc>
    </url>
    <url>
      <loc>https://www.pagalsongs.online/pari-hoon-main-mp3-song-download</loc>
    </url>
    <url>
      <loc>https://www.pagalsongs.online/wrong-usage-mp3-song-download</loc>
    </url>
    <url>
      <loc>https://www.pagalsongs.online/honthon-mein-aisi-baat-mp3-song-download</loc>
    </url>
    <url>
      <loc>https://www.pagalsongs.online/bheegi-si-mashup-mp3-song-download</loc>
    </url>
    <url>
      <loc>https://www.pagalsongs.online/khayal-chill-mashup-mp3-song-download</loc>
    </url>
    <url>
      <loc>https://www.pagalsongs.online/lucifer-mp3-song-download</loc>
    </url>
    <url>
      <loc>https://www.pagalsongs.online/g-faad-dj-ravish-mp3-song-download</loc>
    </url>
    <url>
      <loc>https://www.pagalsongs.online/dholi-taro-dhol-baaje-dj-ravish-mp3-song-download</loc>
    </url>
    <url>
      <loc>https://www.pagalsongs.online/killer-killer-mp3-songs-download-2024</loc>
    </url>
    <url>
      <loc>https://www.pagalsongs.online/mujhe-paale-mp3-song-download</loc>
    </url>
    <url>
      <loc>https://www.pagalsongs.online/madhaniyan-mp3-song-download</loc>
    </url>
    <url>
      <loc>https://www.pagalsongs.online/kya-humne-socha-tha-mp3-song-download</loc>
    </url>
    <url>
      <loc>https://www.pagalsongs.online/bairaage-mp3-song-download</loc>
    </url>
    <url>
      <loc>https://www.pagalsongs.online/joy-ma-dugga-re-mp3-songs-download</loc>
    </url>
    <url>
      <loc>https://www.pagalsongs.online/hawayein-dj-ravish-mp3-song-download</loc>
    </url>
    <url>
      <loc>https://www.pagalsongs.online/ishq-kameena-dj-ravish-mp3--song-download-</loc>
    </url>
    <url>
      <loc>https://www.pagalsongs.online/khans-mashup-mp3-song-download</loc>
    </url>
    <url>
      <loc>https://www.pagalsongs.online/nagada-megamix-2-0-sush-yohan-mp3-song-download</loc>
    </url>
    <url>
      <loc>https://www.pagalsongs.online/kudiye-ni-mp3-song-download</loc>
    </url>
    <url>
      <loc>https://www.pagalsongs.online/raanjhan-aaya-mp3-song-download</loc>
    </url>
    <url>
      <loc>https://www.pagalsongs.online/saiyaan-dil-main-aana-re-mp3-song-download</loc>
    </url>
    <url>
      <loc>https://www.pagalsongs.online/nakku-nakur-na-jao-thakur-mp3-song-download</loc>
    </url>
    <url>
      <loc>https://www.pagalsongs.online/joyo-joyo-bijoyagaman-mp3-song-download</loc>
    </url>
    <url>
      <loc>https://www.pagalsongs.online/ek-anjhla-jyotsna-mp3-song-download</loc>
    </url>
    <url>
      <loc>https://www.pagalsongs.online/set-me-free-mp3-song-download</loc>
    </url>
    <url>
      <loc>https://www.pagalsongs.online/kon-disa-mein-mp3-song-download</loc>
    </url>
    <url>
      <loc>https://www.pagalsongs.online/raat-hum-tumhein-chahte-hain-mp3-songs-download</loc>
    </url>
    <url>
      <loc>https://www.pagalsongs.online/ro-lain-de-mp3--song-download</loc>
    </url>
    <url>
      <loc>https://www.pagalsongs.online/yeh-tera-pyaar-mp3-song-download</loc>
    </url>
    <url>
      <loc>https://www.pagalsongs.online/artonad-mp3-song-download</loc>
    </url>
    <url>
      <loc>https://www.pagalsongs.online/ramta-jogi-mashup-dj-amit-b-mp3-song-download</loc>
    </url>
    <url>
      <loc>https://www.pagalsongs.online/kalastaar-x-barbie-x-levels-mashup-dj-sasha-mp3-song-download</loc>
    </url>
    <url>
      <loc>https://www.pagalsongs.online/eka-raat-shesh-mp3-song-download</loc>
    </url>
    <url>
      <loc>https://www.pagalsongs.online/shishi-khadke-mp3-song-download</loc>
    </url>
    <url>
      <loc>https://www.pagalsongs.online/morni-mp3-songs-download</loc>
    </url>
    <url>
      <loc>https://www.pagalsongs.online/high-status-mp3-song-download</loc>
    </url>
    <url>
      <loc>https://www.pagalsongs.online/nari-mantar-mp3-song-download</loc>
    </url>
    <url>
      <loc>https://www.pagalsongs.online/teri-lod-nahi-rabba-mp3-song-download</loc>
    </url>
    <url>
      <loc>https://www.pagalsongs.online/madhav-mahajan-naal-tere-mp3-song-download</loc>
    </url>
    <url>
      <loc>https://www.pagalsongs.online/hi-papa-mp3-song-download</loc>
    </url>
    <url>
      <loc>https://www.pagalsongs.online/pal-mp3-song-download-0</loc>
    </url>
    <url>
      <loc>https://www.pagalsongs.online/burj-khalifa-mp3---songs-download-2024</loc>
    </url>
    <url>
      <loc>https://www.pagalsongs.online/bagdo-mp3---song-download-2024</loc>
    </url>
    <url>
      <loc>https://www.pagalsongs.online/kalas-ka-tikka-mp3-song-download</loc>
    </url>
    <url>
      <loc>https://www.pagalsongs.online/nesha-nesha-mp3-song-download</loc>
    </url>
    <url>
      <loc>https://www.pagalsongs.online/kangi-wanwan-mp3-song-download</loc>
    </url>
    <url>
      <loc>https://www.pagalsongs.online/singh-kaur-mp3-song-download</loc>
    </url>
    <url>
      <loc>https://www.pagalsongs.online/dama-dam-mast-qalandar-mp3-song-download</loc>
    </url>
    <url>
      <loc>https://www.pagalsongs.online/barat-mp3-song-download</loc>
    </url>
    <url>
      <loc>https://www.pagalsongs.online/haveli-mp3-song-download</loc>
    </url>
    <url>
      <loc>https://www.pagalsongs.online/saregama-carvaan-medley-mp3-song-download</loc>
    </url>
    <url>
      <loc>https://www.pagalsongs.online/up-bihar-lootane-mp3-song-download</loc>
    </url>
    <url>
      <loc>https://www.pagalsongs.online/beutifull-jaatni-mp3---song-download-2024</loc>
    </url>
    <url>
      <loc>https://www.pagalsongs.online/halwa-sharir-mp3---songs-download-2024</loc>
    </url>
    <url>
      <loc>https://www.pagalsongs.online/banno-mp3--song-download-2024</loc>
    </url>
    <url>
      <loc>https://www.pagalsongs.online/pickup-mp3-song-download</loc>
    </url>
    <url>
      <loc>https://www.pagalsongs.online/one-side-love-mp3-song-download</loc>
    </url>
    <url>
      <loc>https://www.pagalsongs.online/precious-mp3-song-download</loc>
    </url>
    <url>
      <loc>https://www.pagalsongs.online/raai-jago-mp3-song-download</loc>
    </url>
    <url>
      <loc>https://www.pagalsongs.online/alada-alada-mp3-song-download</loc>
    </url>
    <url>
      <loc>https://www.pagalsongs.online/hume-tumse-pyar-kitna-mp3-song-download</loc>
    </url>
    <url>
      <loc>https://www.pagalsongs.online/third-party-mp3-song-download</loc>
    </url>
    <url>
      <loc>https://www.pagalsongs.online/chahtaan-mp3-song-download</loc>
    </url>
    <url>
      <loc>https://www.pagalsongs.online/mangala-kaali-mp3-song-download</loc>
    </url>
    <url>
      <loc>https://www.pagalsongs.online/hare-krishna-fakira-mp3-song-download</loc>
    </url>
    <url>
      <loc>https://www.pagalsongs.online/kitne-bulbule-mp3-song-download</loc>
    </url>
    <url>
      <loc>https://www.pagalsongs.online/zara-sa-pass-mp3-song-download</loc>
    </url>
    <url>
      <loc>https://www.pagalsongs.online/nasha-x-let-the-music-play-mp3-song-download</loc>
    </url>
    <url>
      <loc>https://www.pagalsongs.online/rangdar-se-sikh-rangdar-mp3-song-download</loc>
    </url>
    <url>
      <loc>https://www.pagalsongs.online/meri-jaane-jaan-mp3--song-download</loc>
    </url>
    <url>
      <loc>https://www.pagalsongs.online/jaane-jaan-mp3-song-download</loc>
    </url>
    <url>
      <loc>https://www.pagalsongs.online/bolna-chad-ta-mp3--song-download</loc>
    </url>
    <url>
      <loc>https://www.pagalsongs.online/tujhe-sochta-hoon-mp3-song-download</loc>
    </url>
    <url>
      <loc>https://www.pagalsongs.online/zara-sa-mp3-song-download</loc>
    </url>
    <url>
      <loc>https://www.pagalsongs.online/beete-lamhe-mp3-song-download</loc>
    </url>
    <url>
      <loc>https://www.pagalsongs.online/tum-ho-mera-pyaar-mp3-song-download</loc>
    </url>
    <url>
      <loc>https://www.pagalsongs.online/viah-ke-laija-mp3-song-download</loc>
    </url>
    <url>
      <loc>https://www.pagalsongs.online/ishqan-de-rog-mp3-song-download</loc>
    </url>
    <url>
      <loc>https://www.pagalsongs.online/piyawa-dulare-mp3-song-download</loc>
    </url>
    <url>
      <loc>https://www.pagalsongs.online/aila-re-ailaa-remix-mp3-song-download</loc>
    </url>
    <url>
      <loc>https://www.pagalsongs.online/bahadurgarh-ki-chhori-mp3-song-download</loc>
    </url>
    <url>
      <loc>https://www.pagalsongs.online/manzoor-hai-mp3-song-download</loc>
    </url>
    <url>
      <loc>https://www.pagalsongs.online/aaram-mil-gaya-mp3-song-download</loc>
    </url>
    <url>
      <loc>https://www.pagalsongs.online/pyaar-wo-nahi-mp3-song-download</loc>
    </url>
    <url>
      <loc>https://www.pagalsongs.online/kichu-kichu-kotha-mp3-song-download</loc>
    </url>
    <url>
      <loc>https://www.pagalsongs.online/nispolok-mp3-song-download</loc>
    </url>
    <url>
      <loc>https://www.pagalsongs.online/maani-ja-mp3-song-download</loc>
    </url>
    <url>
      <loc>https://www.pagalsongs.online/gabru-nu-billo-de-chakra-ch-paye-mp3-song-download</loc>
    </url>
    <url>
      <loc>https://www.pagalsongs.online/humko-tere-bina-jeena-tu-sikha-mp3-song-download</loc>
    </url>
    <url>
      <loc>https://www.pagalsongs.online/aadhi-saans-mp3-song-download</loc>
    </url>
    <url>
      <loc>https://www.pagalsongs.online/kiya-kiya-2-0-mp3--song-download</loc>
    </url>
    <url>
      <loc>https://www.pagalsongs.online/pakeezah-mp3-song-download</loc>
    </url>
    <url>
      <loc>https://www.pagalsongs.online/odhaniya-mail-ba-mp3-song-download</loc>
    </url>
    <url>
      <loc>https://www.pagalsongs.online/shambhu-sutaya-mp3-song-download</loc>
    </url>
    <url>
      <loc>https://www.pagalsongs.online/awara-dil-mp3-song-download</loc>
    </url>
    <url>
      <loc>https://www.pagalsongs.online/zohrajabeen-mashup-mp3-song-download</loc>
    </url>
    <url>
      <loc>https://www.pagalsongs.online/ek-danta-2-0-mp3-song-download</loc>
    </url>
    <url>
      <loc>https://www.pagalsongs.online/saaya-tera-mp3-song-download</loc>
    </url>
    <url>
      <loc>https://www.pagalsongs.online/jalsa-2-0-mp3-song-download</loc>
    </url>
    <url>
      <loc>https://www.pagalsongs.online/hai-kya-ye-mera-kasoor-mp3-song-download</loc>
    </url>
    <url>
      <loc>https://www.pagalsongs.online/asli-rangbaaz-mp3-song-download</loc>
    </url>
    <url>
      <loc>https://www.pagalsongs.online/feel-the-arijit-singh-mashup-2023-mp3-song-download</loc>
    </url>
    <url>
      <loc>https://www.pagalsongs.online/jala-jala-hai-mp3--song-download</loc>
    </url>
    <url>
      <loc>https://www.pagalsongs.online/maine-duniyaa-se-kaha-mp3-song-download</loc>
    </url>
    <url>
      <loc>https://www.pagalsongs.online/sports-gaddiyan-legendary-mashup-mp3-song-download</loc>
    </url>
    <url>
      <loc>https://www.pagalsongs.online/pain-mashup-of-darshan-raval-mp3-song-download</loc>
    </url>
    <url>
      <loc>https://www.pagalsongs.online/hiphop-mp3-song-download</loc>
    </url>
    <url>
      <loc>https://www.pagalsongs.online/jawan-chaleya-hindi-mp3--song-download</loc>
    </url>
    <url>
      <loc>https://www.pagalsongs.online/baatein-kuch-ankahee-si-mp3-song-download</loc>
    </url>
    <url>
      <loc>https://www.pagalsongs.online/mere-kanha-bhool-na-jaana-mp3-song-download</loc>
    </url>
    <url>
      <loc>https://www.pagalsongs.online/kala-chan-2-0-mp3-song-download</loc>
    </url>
    <url>
      <loc>https://www.pagalsongs.online/illuminaughty-mp3-song-download</loc>
    </url>
    <url>
      <loc>https://www.pagalsongs.online/beymaaniyan-mp3-song-download</loc>
    </url>
    <url>
      <loc>https://www.pagalsongs.online/tu-meri-aashiqui-mp3-song-download</loc>
    </url>
    <url>
      <loc>https://www.pagalsongs.online/bengali-dance-mashup-2023-mp3-song-download</loc>
    </url>
    <url>
      <loc>https://www.pagalsongs.online/cheques-x-california-love-mega-mashup-mp3-song-download</loc>
    </url>
    <url>
      <loc>https://www.pagalsongs.online/bangla-x-english-bujhina-toh-tai-mp3-song-download</loc>
    </url>
    <url>
      <loc>https://www.pagalsongs.online/main-aapke-seene-mein-mp3---songs-download</loc>
    </url>
    <url>
      <loc>https://www.pagalsongs.online/bhole-shankar-ji-mp3--song-download-2024</loc>
    </url>
    <url>
      <loc>https://www.pagalsongs.online/aaj-amaye-mp3-song-download</loc>
    </url>
    <url>
      <loc>https://www.pagalsongs.online/best-of-south-mega-mashup-mp3-song-download</loc>
    </url>
    <url>
      <loc>https://www.pagalsongs.online/dil-diya-gala-remix-mp3-song-download</loc>
    </url>
    <url>
      <loc>https://www.pagalsongs.online/gora-gora-rang-x-punjabi-mashup-mp3-song-download</loc>
    </url>
    <url>
      <loc>https://www.pagalsongs.online/competition-mp3-song-download</loc>
    </url>
    <url>
      <loc>https://www.pagalsongs.online/tum-kya-mile-mashup-mp3-song-download</loc>
    </url>
    <url>
      <loc>https://www.pagalsongs.online/chorni-love-rollin-mashup-mp3-song-download</loc>
    </url>
    <url>
      <loc>https://www.pagalsongs.online/row-the-boat-mp3-song-download-2024</loc>
    </url>
    <url>
      <loc>https://www.pagalsongs.online/kehre-pind-toh-mp3-song-download</loc>
    </url>
    <url>
      <loc>https://www.pagalsongs.online/kya-huwa-mama-mp3-song-download</loc>
    </url>
    <url>
      <loc>https://www.pagalsongs.online/vijayi-bhava-mp3-song-download</loc>
    </url>
    <url>
      <loc>https://www.pagalsongs.online/ganga-kinare-2-mp3-song-download</loc>
    </url>
    <url>
      <loc>https://www.pagalsongs.online/ho-nahin-sakta-mp3-song-download</loc>
    </url>
    <url>
      <loc>https://www.pagalsongs.online/mothers-day-mashup-2023-mp3-song-download</loc>
    </url>
    <url>
      <loc>https://www.pagalsongs.online/the-haryanvi-hits-mashup-2023-mp3-song-download</loc>
    </url>
    <url>
      <loc>https://www.pagalsongs.online/shukriya-chatrapathi-mp3--song-download-2024</loc>
    </url>
    <url>
      <loc>https://www.pagalsongs.online/bihure-logon-remix-mp3-song-download</loc>
    </url>
    <url>
      <loc>https://www.pagalsongs.online/ranjhana-mp3-song-download</loc>
    </url>
    <url>
      <loc>https://www.pagalsongs.online/dil-jaaniye-deep-house-mix-mp3-song-download</loc>
    </url>
    <url>
      <loc>https://www.pagalsongs.online/haryanvi-mashup-5-mp3-song-download</loc>
    </url>
    <url>
      <loc>https://www.pagalsongs.online/khela-hobe-mp3-song-download</loc>
    </url>
    <url>
      <loc>https://www.pagalsongs.online/jawani-kya-achar-dalogi-2-0-mp3-song-download</loc>
    </url>
    <url>
      <loc>https://www.pagalsongs.online/o-bedardeya-mashup-2023-mp3-song-download</loc>
    </url>
    <url>
      <loc>https://www.pagalsongs.online/tara-name-ki-shuk-ache-mp3-song-download</loc>
    </url>
    <url>
      <loc>https://www.pagalsongs.online/south-mega-mashup-2023-mp3-song-download</loc>
    </url>
    <url>
      <loc>https://www.pagalsongs.online/trending-rap-mp3-song-download</loc>
    </url>
    <url>
      <loc>https://www.pagalsongs.online/darwaza-band-rahega-mp3-song-download</loc>
    </url>
    <url>
      <loc>https://www.pagalsongs.online/damru-tere-naam-ka-mp3-song-download</loc>
    </url>
    <url>
      <loc>https://www.pagalsongs.online/meherbaan-khuda-lagte-hai-mp3-song-download</loc>
    </url>
    <url>
      <loc>https://www.pagalsongs.online/bluetooth-king-mashup-2023-mp3-songs-download-2024</loc>
    </url>
    <url>
      <loc>https://www.pagalsongs.online/pehle-bhi-main-slowed-reverb-mp3-song-download</loc>
    </url>
    <url>
      <loc>https://www.pagalsongs.online/nainowale-ne-x-people-dance-version-club-remix-mp3-song-download</loc>
    </url>
    <url>
      <loc>https://www.pagalsongs.online/rapman-mp3-song-download</loc>
    </url>
    <url>
      <loc>https://www.pagalsongs.online/love-like-that-mp3-song-download</loc>
    </url>
    <url>
      <loc>https://www.pagalsongs.online/hasti-rahe-tu-mp3-songs-download</loc>
    </url>
    <url>
      <loc>https://www.pagalsongs.online/gori-tere-pyaar-mein-mp3-song-download</loc>
    </url>
    <url>
      <loc>https://www.pagalsongs.online/pehli-mulaaqaat-mein-mp3-song-download</loc>
    </url>
    <url>
      <loc>https://www.pagalsongs.online/ragada-chengiz-mp3-song-download</loc>
    </url>
    <url>
      <loc>https://www.pagalsongs.online/teri-meri-baatein-chengiz-mp3-song-download</loc>
    </url>
    <url>
      <loc>https://www.pagalsongs.online/dard-e-dil-mp3-song-download</loc>
    </url>
    <url>
      <loc>https://www.pagalsongs.online/kaniya-hai-mp3-song-download</loc>
    </url>
    <url>
      <loc>https://www.pagalsongs.online/ebhabe-ke-daake-chengiz-mp3-song-download</loc>
    </url>
    <url>
      <loc>https://www.pagalsongs.online/chora-albadi-mp3-song-download</loc>
    </url>
    <url>
      <loc>https://www.pagalsongs.online/gang-mp3-song-download</loc>
    </url>
    <url>
      <loc>https://www.pagalsongs.online/mere-sawaal-ka-remix-mp3-song-download</loc>
    </url>
    <url>
      <loc>https://www.pagalsongs.online/sita-ram-radhe-shyam-mp3-song-download</loc>
    </url>
    <url>
      <loc>https://www.pagalsongs.online/heartfelt-mp3-song-download</loc>
    </url>
    <url>
      <loc>https://www.pagalsongs.online/saat-samunder-mp3-song-download</loc>
    </url>
    <url>
      <loc>https://www.pagalsongs.online/fair-play-anthem-ipl-2023-mp3-song-download</loc>
    </url>
    <url>
      <loc>https://www.pagalsongs.online/wallah-habibi-mp3-song-download</loc>
    </url>
    <url>
      <loc>https://www.pagalsongs.online/jas-na-chere-mp3-song-download</loc>
    </url>
    <url>
      <loc>https://www.pagalsongs.online/zupee-pe-game-khela-mp3-song-download</loc>
    </url>
    <url>
      <loc>https://www.pagalsongs.online/jhalak-dikhla-ja-remix-mp3---song-download-2024</loc>
    </url>
    <url>
      <loc>https://www.pagalsongs.online/nigah-marda-ayi-ve-tittle-track-mp3-song-download</loc>
    </url>
    <url>
      <loc>https://www.pagalsongs.online/dont-miss-you-mp3--song-download</loc>
    </url>
    <url>
      <loc>https://www.pagalsongs.online/mega-mashup-200k-special-mp3-song-download</loc>
    </url>
    <url>
      <loc>https://www.pagalsongs.online/dhating-naach-x-husn-hai-suhana-mp3-song-download</loc>
    </url>
    <url>
      <loc>https://www.pagalsongs.online/bandooka-aale-barati-mp3-song-download</loc>
    </url>
    <url>
      <loc>https://www.pagalsongs.online/khelbo-holi-rang-debo-na-holi-remix-mp3-song-download</loc>
    </url>
    <url>
      <loc>https://www.pagalsongs.online/deewaane-selfiee-mp3-song-download</loc>
    </url>
    <url>
      <loc>https://www.pagalsongs.online/party-mega-mashup-2023-mp3-song-download</loc>
    </url>
    <url>
      <loc>https://www.pagalsongs.online/its-a-beautiful-day-mp3---song-download</loc>
    </url>
    <url>
      <loc>https://www.pagalsongs.online/sahiba-2-mp3-song-download</loc>
    </url>
    <url>
      <loc>https://www.pagalsongs.online/south-dance-tapori-mashup-mp3-song-download</loc>
    </url>
    <url>
      <loc>https://www.pagalsongs.online/hollybolly-mashup-2023-mp3-song-download</loc>
    </url>
    <url>
      <loc>https://www.pagalsongs.online/sitara-hai-tu-mp3-song-download</loc>
    </url>
    <url>
      <loc>https://www.pagalsongs.online/lakk-tera-mp3-song-download</loc>
    </url>
    <url>
      <loc>https://www.pagalsongs.online/kanna-vich-waaliyan-mp3-song-download</loc>
    </url>
    <url>
      <loc>https://www.pagalsongs.online/hai-kaha-ka-irada-mp3-song-download</loc>
    </url>
    <url>
      <loc>https://www.pagalsongs.online/kahani-suno-2-0-remix-mp3---song-download</loc>
    </url>
    <url>
      <loc>https://www.pagalsongs.online/sunti-kaha-hai-mp3-song-download</loc>
    </url>
    <url>
      <loc>https://www.pagalsongs.online/muqabala-mp3-song-download</loc>
    </url>
    <url>
      <loc>https://www.pagalsongs.online/the-tollywood-mashup-mp3-song-download</loc>
    </url>
    <url>
      <loc>https://www.pagalsongs.online/sitaron-tum-so-jao-mp3-song-download</loc>
    </url>
    <url>
      <loc>https://www.pagalsongs.online/jay-shiv-shankar-remix-mp3-song-download</loc>
    </url>
    <url>
      <loc>https://www.pagalsongs.online/kalo-golap-lal-vebe-mp3-song-download</loc>
    </url>
    <url>
      <loc>https://www.pagalsongs.online/shiv-tandav-rock-version-mp3-song-download</loc>
    </url>
    <url>
      <loc>https://www.pagalsongs.online/har-har-gange-mp3--songs-download</loc>
    </url>
    <url>
      <loc>https://www.pagalsongs.online/gaura-ji-ko-lene-aye-bholenath-ji-mp3-song-download</loc>
    </url>
    <url>
      <loc>https://www.pagalsongs.online/livin-la-vida-loca-mp3-song-download</loc>
    </url>
    <url>
      <loc>https://www.pagalsongs.online/ye-valentine-tere-naam-mashup-mp3-song-download</loc>
    </url>
    <url>
      <loc>https://www.pagalsongs.online/tere-pyaar-mein-remix-mp3---song-download</loc>
    </url>
    <url>
      <loc>https://www.pagalsongs.online/indian-army-mashup-tribute-mp3-song-download</loc>
    </url>
    <url>
      <loc>https://www.pagalsongs.online/jadoo-new-mp3-songs-download-2024</loc>
    </url>
    <url>
      <loc>https://www.pagalsongs.online/valentine-love-mashup-2023-mp3-song-download</loc>
    </url>
    <url>
      <loc>https://www.pagalsongs.online/nostalgic-valentine-mashup-mp3-song-download</loc>
    </url>
    <url>
      <loc>https://www.pagalsongs.online/ghodey-pe-sawaar-remix-mp3-song-download</loc>
    </url>
    <url>
      <loc>https://www.pagalsongs.online/the-ultimate-valentines-mashup-mp3-song-download</loc>
    </url>
    <url>
      <loc>https://www.pagalsongs.online/tumi-aamar-hoye-jao-mp3-song-download</loc>
    </url>
    <url>
      <loc>https://www.pagalsongs.online/kudiyee-ni-teri-selfiee-mp3-song-download</loc>
    </url>
    <url>
      <loc>https://www.pagalsongs.online/character-dheela-2-0-mp3-song-download</loc>
    </url>
    <url>
      <loc>https://www.pagalsongs.online/din-shagna-de-mp3-song-download</loc>
    </url>
    <url>
      <loc>https://www.pagalsongs.online/kaashi-mein-kailashi-remix-mp3---song-download</loc>
    </url>
    <url>
      <loc>https://www.pagalsongs.online/zindagi-kalam-mp3-song-download</loc>
    </url>
    <url>
      <loc>https://www.pagalsongs.online/alone-guru-mp3-song-download</loc>
    </url>
    <url>
      <loc>https://www.pagalsongs.online/punjabi-valentines-mashup-mp3-song-download</loc>
    </url>
    <url>
      <loc>https://www.pagalsongs.online/akhiyan-jehri-ve-mp3-song-download</loc>
    </url>
    <url>
      <loc>https://www.pagalsongs.online/ghungroo-2-mp3-song-download</loc>
    </url>
    <url>
      <loc>https://www.pagalsongs.online/kaniyan-mp3-song-download</loc>
    </url>
    <url>
      <loc>https://www.pagalsongs.online/ap-dhillon-mashup-2023-mp3-song-download</loc>
    </url>
    <url>
      <loc>https://www.pagalsongs.online/calm-down-remix-mp3-song-download</loc>
    </url>
    <url>
      <loc>https://www.pagalsongs.online/vaa-thalaivaa-hindi-mp3-song-download</loc>
    </url>
    <url>
      <loc>https://www.pagalsongs.online/abr-e-karam-mp3-song-download</loc>
    </url>
    <url>
      <loc>https://www.pagalsongs.online/tere-toh-better-mp3-song-download</loc>
    </url>
    <url>
      <loc>https://www.pagalsongs.online/valentines-mashup-2023-mp3-song-download</loc>
    </url>
    <url>
      <loc>https://www.pagalsongs.online/sanware-aye-jaiyo-mp3-song-download</loc>
    </url>
    <url>
      <loc>https://www.pagalsongs.online/gangsing-love-mashup-mp3-song-download</loc>
    </url>
    <url>
      <loc>https://www.pagalsongs.online/laambe-laambe-mp3-song-download</loc>
    </url>
    <url>
      <loc>https://www.pagalsongs.online/valentine-mashup-2023-mp3-song-download</loc>
    </url>
    <url>
      <loc>https://www.pagalsongs.online/gangster-bass-boosted-mashup-2023-mp3-song-download</loc>
    </url>
    <url>
      <loc>https://www.pagalsongs.online/moonrise-remix-mp3-song-download</loc>
    </url>
    <url>
      <loc>https://www.pagalsongs.online/valentine-mashup-mp3-song-download</loc>
    </url>
    <url>
      <loc>https://www.pagalsongs.online/heartbreaking-mashup-2-mp3-song-download</loc>
    </url>
    <url>
      <loc>https://www.pagalsongs.online/radhar-kunje-mp3-song-download</loc>
    </url>
    <url>
      <loc>https://www.pagalsongs.online/akhri-umeed-mp3-song-download</loc>
    </url>
    <url>
      <loc>https://www.pagalsongs.online/mohe-rang-do-mp3-song-download</loc>
    </url>
    <url>
      <loc>https://www.pagalsongs.online/raat-baki-mp3-song-download</loc>
    </url>
    <url>
      <loc>https://www.pagalsongs.online/make-me-yours-x-cry-mashup-mp3-songs-download</loc>
    </url>
    <url>
      <loc>https://www.pagalsongs.online/udas-dupur-bela-sokha-mp3-song-download</loc>
    </url>
    <url>
      <loc>https://www.pagalsongs.online/ghare-sab-pardeshiya-aile-mp3-song-download</loc>
    </url>
    <url>
      <loc>https://www.pagalsongs.online/damh-mp3-song-download</loc>
    </url>
    <url>
      <loc>https://www.pagalsongs.online/sultaan-masla-mp3-song-download</loc>
    </url>
    <url>
      <loc>https://www.pagalsongs.online/my-turn-mp3-song-download</loc>
    </url>
    <url>
      <loc>https://www.pagalsongs.online/tu-hi-mp3-song-download-</loc>
    </url>
    <url>
      <loc>https://www.pagalsongs.online/naa-jaa-mp3-song-download</loc>
    </url>
    <url>
      <loc>https://www.pagalsongs.online/chora-puri-kare-aashqui-mp3-song-download</loc>
    </url>
    <url>
      <loc>https://www.pagalsongs.online/guli-mata-mashup-dip-sr-mp3-song-download</loc>
    </url>
    <url>
      <loc>https://www.pagalsongs.online/yelelo-yelelo-mp3--song-download</loc>
    </url>
    <url>
      <loc>https://www.pagalsongs.online/bhabhi-ji-namaskar-hai-mp3-song-download</loc>
    </url>
    <url>
      <loc>https://www.pagalsongs.online/tere-pyaar-mein-mp3-song-download</loc>
    </url>
    <url>
      <loc>https://www.pagalsongs.online/open-the-door-bhoji-mp3-song-download</loc>
    </url>
    <url>
      <loc>https://www.pagalsongs.online/hollywood-mashup-2-mp3-song-download</loc>
    </url>
    <url>
      <loc>https://www.pagalsongs.online/palonko-sajailam-go-remix-mp3-song-download</loc>
    </url>
    <url>
      <loc>https://www.pagalsongs.online/pagg-wala-munda-mp3-song-download</loc>
    </url>
    <url>
      <loc>https://www.pagalsongs.online/gadi-kali-mp3-song-download</loc>
    </url>
    <url>
      <loc>https://www.pagalsongs.online/jehda-nasha-x-calm-down-mashup-mp3-song-download</loc>
    </url>
    <url>
      <loc>https://www.pagalsongs.online/top-paake-top-mp3-songs-download</loc>
    </url>
    <url>
      <loc>https://www.pagalsongs.online/nasheele-flow-mp3-song-download</loc>
    </url>
    <url>
      <loc>https://www.pagalsongs.online/kamariya-ke-fita-kati-mp3-song-download</loc>
    </url>
    <url>
      <loc>https://www.pagalsongs.online/jhoome-jo-pathaan-remix-mp3-song-download</loc>
    </url>
    <url>
      <loc>https://www.pagalsongs.online/jhumka-rap-mp3-song-download</loc>
    </url>
    <url>
      <loc>https://www.pagalsongs.online/twinkle-twinkle-mp3-song-download</loc>
    </url>
    <url>
      <loc>https://www.pagalsongs.online/musafir-ko-mp3-song-download</loc>
    </url>
    <url>
      <loc>https://www.pagalsongs.online/hoi-jhal-pe-kamal-mp3-song-download</loc>
    </url>
    <url>
      <loc>https://www.pagalsongs.online/jurmana-mp3-song-download-0</loc>
    </url>
    <url>
      <loc>https://www.pagalsongs.online/intelligent-gamdu-mp3-song-download</loc>
    </url>
    <url>
      <loc>https://www.pagalsongs.online/those-dayz-mp3-song-download</loc>
    </url>
    <url>
      <loc>https://www.pagalsongs.online/ilzaam-remix-mp3-song-download</loc>
    </url>
    <url>
      <loc>https://www.pagalsongs.online/prem-dhillon-thats-why-mp3-song-download</loc>
    </url>
    <url>
      <loc>https://www.pagalsongs.online/avatar-mp3-song-download</loc>
    </url>
    <url>
      <loc>https://www.pagalsongs.online/flower-saints-mp3-song-download</loc>
    </url>
    <url>
      <loc>https://www.pagalsongs.online/golpe-theke-ja-mp3-song-download</loc>
    </url>
    <url>
      <loc>https://www.pagalsongs.online/murugiya-tasli-me-bani-mp3-song-download</loc>
    </url>
    <url>
      <loc>https://www.pagalsongs.online/chedkhaniyan-mp3-song-download</loc>
    </url>
    <url>
      <loc>https://www.pagalsongs.online/yaad-purani-mp3--song-download</loc>
    </url>
    <url>
      <loc>https://www.pagalsongs.online/republic-day-mashup-mp3-song-download</loc>
    </url>
    <url>
      <loc>https://www.pagalsongs.online/combination-mp3-song-download</loc>
    </url>
    <url>
      <loc>https://www.pagalsongs.online/tere-bhai-ka-birthday-mp3-song-download</loc>
    </url>
    <url>
      <loc>https://www.pagalsongs.online/maharajea-da-waang-mp3-song-download</loc>
    </url>
    <url>
      <loc>https://www.pagalsongs.online/shringaar-basanti-hai-mp3-song-download</loc>
    </url>
    <url>
      <loc>https://www.pagalsongs.online/bholenaath-ka-pyar-mp3-song-download</loc>
    </url>
    <url>
      <loc>https://www.pagalsongs.online/kudi-seher-chandigarh-di-mp3-song-download</loc>
    </url>
    <url>
      <loc>https://www.pagalsongs.online/me-mp3-song-download</loc>
    </url>
    <url>
      <loc>https://www.pagalsongs.online/shah-rukh-khan-mashup-2023-mp3-song-download</loc>
    </url>
    <url>
      <loc>https://www.pagalsongs.online/kangan-mp3-song-download</loc>
    </url>
    <url>
      <loc>https://www.pagalsongs.online/laal-peeli-akhiyaan-mp3-song-download-0</loc>
    </url>
    <url>
      <loc>https://www.pagalsongs.online/fauji-bhartaar-mp3-song-download</loc>
    </url>
    <url>
      <loc>https://www.pagalsongs.online/a-ki-birombona-remix-mp3-song-download</loc>
    </url>
    <url>
      <loc>https://www.pagalsongs.online/pawansut-mp3-song-download</loc>
    </url>
    <url>
      <loc>https://www.pagalsongs.online/my-wishes-mp3-song-download</loc>
    </url>
    <url>
      <loc>https://www.pagalsongs.online/pushpa-x-kgf-x-rrr-mashup-mp3-song-download</loc>
    </url>
    <url>
      <loc>https://www.pagalsongs.online/maan-meri-jaan-x-wake-ho-jana-mp3-song-download-2024</loc>
    </url>
    <url>
      <loc>https://www.pagalsongs.online/2023-party-mashup-mp3-song-download</loc>
    </url>
    <url>
      <loc>https://www.pagalsongs.online/valentines-day-2023-mashup-mp3-song-download</loc>
    </url>
    <url>
      <loc>https://www.pagalsongs.online/making-the-moves-mp3-song-download</loc>
    </url>
    <url>
      <loc>https://www.pagalsongs.online/bare-bare-ar-asha-hobe-na-mp3---song-download</loc>
    </url>
    <url>
      <loc>https://www.pagalsongs.online/hanuman-rap-mp3-songs-download-2024</loc>
    </url>
    <url>
      <loc>https://www.pagalsongs.online/the-item-song-mega-mashup-2022-mp3-song-download</loc>
    </url>
    <url>
      <loc>https://www.pagalsongs.online/shayad-x-samjhawan-mp3-song-download-2024</loc>
    </url>
    <url>
      <loc>https://www.pagalsongs.online/gaddi-ambran-ton-par-challe-mp3-song-download</loc>
    </url>
    <url>
      <loc>https://www.pagalsongs.online/nye-dance-mashup-2023-mp3-song-download</loc>
    </url>
    <url>
      <loc>https://www.pagalsongs.online/iko-zindagi-mp3-song-download</loc>
    </url>
    <url>
      <loc>https://www.pagalsongs.online/pyaar-hua-tha-mp3--song-download</loc>
    </url>
    <url>
      <loc>https://www.pagalsongs.online/o-o-jaane-jana-remix-mp3-song-download</loc>
    </url>
    <url>
      <loc>https://www.pagalsongs.online/majbooriya-mp3-song-download</loc>
    </url>
    <url>
      <loc>https://www.pagalsongs.online/true-love-mashup-lofi-mp3-song-download</loc>
    </url>
    <url>
      <loc>https://www.pagalsongs.online/kite-nai-tera-rutba-ghatda-mp3---songs-download-2024</loc>
    </url>
    <url>
      <loc>https://www.pagalsongs.online/look-lak-remix-mp3-song-download--2024</loc>
    </url>
    <url>
      <loc>https://www.pagalsongs.online/i-am-flyin-mp3-song-download</loc>
    </url>
    <url>
      <loc>https://www.pagalsongs.online/jai-shankar-abhyankar-mp3-song-download</loc>
    </url>
    <url>
      <loc>https://www.pagalsongs.online/mahiya-beliya-mp3-song-download</loc>
    </url>
    <url>
      <loc>https://www.pagalsongs.online/love-me-like-you-do-x-tum-hi-ho-mashup-mp3--song-download</loc>
    </url>
    <url>
      <loc>https://www.pagalsongs.online/kiya-kiya-jaadu-kiya-mp3-song-download</loc>
    </url>
    <url>
      <loc>https://www.pagalsongs.online/goriyan-kalaiyaan-mp3-song-download</loc>
    </url>
    <url>
      <loc>https://www.pagalsongs.online/tere-bina-new-mp3-song-download</loc>
    </url>
    <url>
      <loc>https://www.pagalsongs.online/bam-akhanda-mp3--song-download</loc>
    </url>
    <url>
      <loc>https://www.pagalsongs.online/suit-punjabi-mp3-song-download</loc>
    </url>
    <url>
      <loc>https://www.pagalsongs.online/lalten-jalte-rahtau-ge-mp3-song-download</loc>
    </url>
    <url>
      <loc>https://www.pagalsongs.online/nambo-mp3-song-download</loc>
    </url>
    <url>
      <loc>https://www.pagalsongs.online/viah-2-mp3-song-download</loc>
    </url>
    <url>
      <loc>https://www.pagalsongs.online/hari-hari-chudiyaan-mp3-song-download</loc>
    </url>
    <url>
      <loc>https://www.pagalsongs.online/yadav-ji-ke-goli-chale-thaye-thaye-thaye-mp3-song-download</loc>
    </url>
    <url>
      <loc>https://www.pagalsongs.online/poonakaalu-loading-mp3-song-download</loc>
    </url>
    <url>
      <loc>https://www.pagalsongs.online/time-chakda-mp3-song-download</loc>
    </url>
    <url>
      <loc>https://www.pagalsongs.online/dehli-mp3-song-download</loc>
    </url>
    <url>
      <loc>https://www.pagalsongs.online/ek-aur-dhan-te-nan-kuttey-mp3-song-download</loc>
    </url>
    <url>
      <loc>https://www.pagalsongs.online/doctor-bakshi-title-track-mp3-song-download</loc>
    </url>
    <url>
      <loc>https://www.pagalsongs.online/waka-waka-circuit-mix-mp3-song-download</loc>
    </url>
    <url>
      <loc>https://www.pagalsongs.online/tilwa-mp3-song-download</loc>
    </url>
    <url>
      <loc>https://www.pagalsongs.online/jhagda-2-0-mp3-song-download</loc>
    </url>
    <url>
      <loc>https://www.pagalsongs.online/colour-black-mp3-songs-download-2024</loc>
    </url>
    <url>
      <loc>https://www.pagalsongs.online/tor-chokhe-harai-bole-mp3-song-download</loc>
    </url>
    <url>
      <loc>https://www.pagalsongs.online/feel-the-love-mashup-2023-mp3-song-download</loc>
    </url>
    <url>
      <loc>https://www.pagalsongs.online/atif-aslam-mashup-2023-mp3-song-download</loc>
    </url>
    <url>
      <loc>https://www.pagalsongs.online/humdum-mp3-song-download</loc>
    </url>
    <url>
      <loc>https://www.pagalsongs.online/mood-banaleya-mp3-song-download</loc>
    </url>
    <url>
      <loc>https://www.pagalsongs.online/thakile-dobakhana-mp3-song-download</loc>
    </url>
    <url>
      <loc>https://www.pagalsongs.online/duet-mp3-song-download</loc>
    </url>
    <url>
      <loc>https://www.pagalsongs.online/bijuriya-mp3-song-download</loc>
    </url>
    <url>
      <loc>https://www.pagalsongs.online/jai-raghunandan-jai-siyaram-mp3-song-download</loc>
    </url>
    <url>
      <loc>https://www.pagalsongs.online/phir-dhan-te-nan-kuttey--mp3-song-download</loc>
    </url>
    <url>
      <loc>https://www.pagalsongs.online/rangabati-2-0-mp3-song-download</loc>
    </url>
    <url>
      <loc>https://www.pagalsongs.online/heeriye-diljaaniye-mp3-song-download</loc>
    </url>
    <url>
      <loc>https://www.pagalsongs.online/majha-hood-mp3-song-download</loc>
    </url>
    <url>
      <loc>https://www.pagalsongs.online/bullet-pa-saiya-mp3-song-download</loc>
    </url>
    <url>
      <loc>https://www.pagalsongs.online/pallu-mp3-song-download</loc>
    </url>
    <url>
      <loc>https://www.pagalsongs.online/chann-sitare-hindi-version--mp3-song-download</loc>
    </url>
    <url>
      <loc>https://www.pagalsongs.online/note-fenko-mp3-song-download</loc>
    </url>
    <url>
      <loc>https://www.pagalsongs.online/ae-chand-mp3-song-download</loc>
    </url>
    <url>
      <loc>https://www.pagalsongs.online/jhaal-mp3-song-download</loc>
    </url>
    <url>
      <loc>https://www.pagalsongs.online/muh-dikhai-me-bandook-mp3-song-download</loc>
    </url>
    <url>
      <loc>https://www.pagalsongs.online/2023-new-year-mashup-mp3-song-download</loc>
    </url>
    <url>
      <loc>https://www.pagalsongs.online/2023-nye-countdown-mashup-mp3--song-download</loc>
    </url>
    <url>
      <loc>https://www.pagalsongs.online/sri-guru-nanak-dev-ji-pehle-avtaar-mp3-song-download</loc>
    </url>
    <url>
      <loc>https://www.pagalsongs.online/mahalaxmi-jaap-karo-mp3-song-download</loc>
    </url>
    <url>
      <loc>https://www.pagalsongs.online/ram-aaye-hain-ayodhya-mp3-song-download</loc>
    </url>
    <url>
      <loc>https://www.pagalsongs.online/laxmi-ji-ki-aarti-mp3-song-download</loc>
    </url>
    <url>
      <loc>https://www.pagalsongs.online/ramlala-vandan-mp3-song-download</loc>
    </url>
    <url>
      <loc>https://www.pagalsongs.online/mela-khaichong-dhoka-mp3-song-download</loc>
    </url>
    <url>
      <loc>https://www.pagalsongs.online/nazar-ke-samne-2022-remake-mp3-song-download</loc>
    </url>
    <url>
      <loc>https://www.pagalsongs.online/swag-daddy-mp3-song-download</loc>
    </url>
    <url>
      <loc>https://www.pagalsongs.online/bolna-tu-bantai-mp3-song-download</loc>
    </url>
    <url>
      <loc>https://www.pagalsongs.online/karva-chauth-ki-katha-mp3-song-download</loc>
    </url>
    <url>
      <loc>https://www.pagalsongs.online/laxmi-kamala-tumi-mp3-song-download</loc>
    </url>
    <url>
      <loc>https://www.pagalsongs.online/eso-maa-laxmi-amar-ghore-mp3-song-download</loc>
    </url>
    <url>
      <loc>https://www.pagalsongs.online/o-ma-luxmi-rani-ma-mp3-songs-download</loc>
    </url>
    <url>
      <loc>https://www.pagalsongs.online/lokhhi-puja-special-nonstop-mp3-song-download</loc>
    </url>
    <url>
      <loc>https://www.pagalsongs.online/o-mor-rosiya-bandhu-re-mp3-song-download</loc>
    </url>
    <url>
      <loc>https://www.pagalsongs.online/lokkhi-panchali-mp3-song-download</loc>
    </url>
    <url>
      <loc>https://www.pagalsongs.online/adipurush-mp3-song-download</loc>
    </url>
    <url>
      <loc>https://www.pagalsongs.online/tere-mandir-ki-shaan-nirali-mp3-songs-download</loc>
    </url>
    <url>
      <loc>https://www.pagalsongs.online/tikili-mp3-song-download</loc>
    </url>
    <url>
      <loc>https://www.pagalsongs.online/shree-vishwakarma-aarti-mp3-song-download</loc>
    </url>
    <url>
      <loc>https://www.pagalsongs.online/baba-vishwakarma-special-nonstop-2022-mp3-song-download</loc>
    </url>
    <url>
      <loc>https://www.pagalsongs.online/chaturbhujo-biswakrma-mp3-song-download</loc>
    </url>
    <url>
      <loc>https://www.pagalsongs.online/jai-baba-vishwakarma-mp3-song-download</loc>
    </url>
    <url>
      <loc>https://www.pagalsongs.online/jai-jai-bhagirath-nandini-mp3-song-download</loc>
    </url>
    <url>
      <loc>https://www.pagalsongs.online/kalki-avatar-mp3-song-download</loc>
    </url>
    <url>
      <loc>https://www.pagalsongs.online/mur-gaanor-xur-tumi-mp3-song-download</loc>
    </url>
    <url>
      <loc>https://www.pagalsongs.online/ankideli-tate-bhagya-rekhare-mp3-song-download</loc>
    </url>
    <url>
      <loc>https://www.pagalsongs.online/hanuman-chalisa-remix-mp3---song-download-2024</loc>
    </url>
    <url>
      <loc>https://www.pagalsongs.online/dhaga-dhaga-reprised-version-mp3-song-download</loc>
    </url>
    <url>
      <loc>https://www.pagalsongs.online/bol-man-mohini-mp3-song-download</loc>
    </url>
    <url>
      <loc>https://www.pagalsongs.online/teri-rehmatein-mp3-song-download</loc>
    </url>
    <url>
      <loc>https://www.pagalsongs.online/chehra-nurani-mp3-song-download</loc>
    </url>
    <url>
      <loc>https://www.pagalsongs.online/jana-gana-mana-adhinayaka-mp3-song-download</loc>
    </url>
    <url>
      <loc>https://www.pagalsongs.online/mor-janeman-tui-mor-dil-tui-dil-ki-dhadkan-mp3-song-download</loc>
    </url>
    <url>
      <loc>https://www.pagalsongs.online/kaun-kehte-hain-bhagwan-aate-nahi-achyutam-keshavam-mp3-song-download</loc>
    </url>
    <url>
      <loc>https://www.pagalsongs.online/deewane-bholenath-ke-mp3-song-download</loc>
    </url>
    <url>
      <loc>https://www.pagalsongs.online/bam-bam-bhola-mp3--song-download</loc>
    </url>
    <url>
      <loc>https://www.pagalsongs.online/are-dwarpalo-kanhaiya-se-kehdo-mp3-song-download</loc>
    </url>
    <url>
      <loc>https://www.pagalsongs.online/bom-bhole-bhandari-mp3-song-download</loc>
    </url>
    <url>
      <loc>https://www.pagalsongs.online/ae-gori-ganga-nahayila-mp3-song-download</loc>
    </url>
    <url>
      <loc>https://www.pagalsongs.online/shiv-tandav-sachet-mp3-song-download</loc>
    </url>
    <url>
      <loc>https://www.pagalsongs.online/hum-deewane-mahadev-ke-mp3-song-download</loc>
    </url>
    <url>
      <loc>https://www.pagalsongs.online/a-jija-jagale-jagale-mp3-song-download</loc>
    </url>
    <url>
      <loc>https://www.pagalsongs.online/baba-ke-rajdhani-mp3-song-download</loc>
    </url>
    <url>
      <loc>https://www.pagalsongs.online/mahadev-ke-bhakti-mp3-song-download</loc>
    </url>
    <url>
      <loc>https://www.pagalsongs.online/hari-ohm-mp3-song-download</loc>
    </url>
    <url>
      <loc>https://www.pagalsongs.online/shiv-tandav-psy-trance-version-mp3-song-download</loc>
    </url>
    <url>
      <loc>https://www.pagalsongs.online/sun-bhole-mere-remix-mp3-song-download</loc>
    </url>
    <url>
      <loc>https://www.pagalsongs.online/manzil-kedarnath-mp3--songs-download-</loc>
    </url>
    <url>
      <loc>https://www.pagalsongs.online/mera-shambhu-shambhu-mp3--songs-download-</loc>
    </url>
    <url>
      <loc>https://www.pagalsongs.online/bam-bhole-2-mp3--song-download</loc>
    </url>
    <url>
      <loc>https://www.pagalsongs.online/bhole-ki-dhun-mp3--song-download</loc>
    </url>
    <url>
      <loc>https://www.pagalsongs.online/shiv-tandav-mp3-song-download</loc>
    </url>
    <url>
      <loc>https://www.pagalsongs.online/bhola-sanghe-photo-mp3-song-download</loc>
    </url>
    <url>
      <loc>https://www.pagalsongs.online/soloho-somaria-mp3-song-download</loc>
    </url>
    <url>
      <loc>https://www.pagalsongs.online/mahadev-ke-bhakt-mp3-song-download</loc>
    </url>
    <url>
      <loc>https://www.pagalsongs.online/chela-mahakal-ke-mp3-song-download</loc>
    </url>
    <url>
      <loc>https://www.pagalsongs.online/sawan-ayo-mp3--songs-download-</loc>
    </url>
    <url>
      <loc>https://www.pagalsongs.online/bhole-ki-bhang-mp3-song-download</loc>
    </url>
    <url>
      <loc>https://www.pagalsongs.online/bhola-bhandari-mp3-song-download</loc>
    </url>
    <url>
      <loc>https://www.pagalsongs.online/kailash-re-mp3-song-download</loc>
    </url>
    <url>
      <loc>https://www.pagalsongs.online/chaley-nandi-pe-mp3-song-download</loc>
    </url>
    <url>
      <loc>https://www.pagalsongs.online/mera-mahadev-mp3-song-download</loc>
    </url>
    <url>
      <loc>https://www.pagalsongs.online/har-har-shankar-mp3-song-download</loc>
    </url>
    <url>
      <loc>https://www.pagalsongs.online/bholenath-shambhu-ji-mp3-song-download</loc>
    </url>
    <url>
      <loc>https://www.pagalsongs.online/shiv-samadhi-mein-baithe-mp3-song-download</loc>
    </url>
    <url>
      <loc>https://www.pagalsongs.online/bhauji-tohar-bahan-bullet-lekha-bhage-mp3-song-download</loc>
    </url>
    <url>
      <loc>https://www.pagalsongs.online/chudi-hariyar-mp3-song-download</loc>
    </url>
    <url>
      <loc>https://www.pagalsongs.online/tor-kawar-me-tunu-tunu-ge-mp3-song-download</loc>
    </url>
    <url>
      <loc>https://www.pagalsongs.online/lagi-meri-tere-sang-lagi-o-mere-shankara-mp3-song-download</loc>
    </url>
    <url>
      <loc>https://www.pagalsongs.online/gosaiya-ji-ke-na-mp3-song-download</loc>
    </url>
    <url>
      <loc>https://www.pagalsongs.online/saari-markin-ke-mp3-song-download</loc>
    </url>
    <url>
      <loc>https://www.pagalsongs.online/gaanja-piye-balam-mp3-song-download</loc>
    </url>
    <url>
      <loc>https://www.pagalsongs.online/meeting-bhole-gel-mp3-song-download</loc>
    </url>
    <url>
      <loc>https://www.pagalsongs.online/sawan-mein-le-bhole-ka-naam-mp3-song-download</loc>
    </url>
    <url>
      <loc>https://www.pagalsongs.online/jeevan-hai-tere-hawale-mp3-song-download</loc>
    </url>
    <url>
      <loc>https://www.pagalsongs.online/paniya-morar-sansar-mp3-song-download</loc>
    </url>
    <url>
      <loc>https://www.pagalsongs.online/mahakal-bhakt-hai-remix-mp3-song-download</loc>
    </url>
    <url>
      <loc>https://www.pagalsongs.online/shiv-shankar-daani-mp3-song-download</loc>
    </url>
    <url>
      <loc>https://www.pagalsongs.online/jai-jagannath-bol-mp3-song-download</loc>
    </url>
    <url>
      <loc>https://www.pagalsongs.online/jay-jagannath-mp3-song-download</loc>
    </url>
    <url>
      <loc>https://www.pagalsongs.online/jagannath-bhajans-oriya-mp3-song-download</loc>
    </url>
    <url>
      <loc>https://www.pagalsongs.online/purite-prabhu-tumi-jagannath-mp3-song-download</loc>
    </url>
    <url>
      <loc>https://www.pagalsongs.online/bhola-ji-liya-di-coca-cola-mp3-song-download</loc>
    </url>
    <url>
      <loc>https://www.pagalsongs.online/mera-aapki-ki-kripa-se-mp3-song-download</loc>
    </url>
    <url>
      <loc>https://www.pagalsongs.online/main-bhola-parvat-ka-mp3--song-download</loc>
    </url>
    <url>
      <loc>https://www.pagalsongs.online/aisi-lagi-lagan-mp3--song-download</loc>
    </url>
    <url>
      <loc>https://www.pagalsongs.online/har-har-sambhu-shiva-mahadeva-remix-mp3--song-download</loc>
    </url>
    <url>
      <loc>https://www.pagalsongs.online/shiv-sama-rahe-mujhme-mp3-song-download</loc>
    </url>
    <url>
      <loc>https://www.pagalsongs.online/aisa-damru-bajaya-bholenath-ne-mp3-song-download</loc>
    </url>
    <url>
      <loc>https://www.pagalsongs.online/aarti-kunj-bihari-ki-remix-mp3--song-download</loc>
    </url>
    <url>
      <loc>https://www.pagalsongs.online/pagal-bana-diya-hai-murli-ne-teri-mohan-mp3-song-download</loc>
    </url>
    <url>
      <loc>https://www.pagalsongs.online/shree-krishna-govind-hare-murari-mp3-song-download</loc>
    </url>
    <url>
      <loc>https://www.pagalsongs.online/govinda-gopal-kanhaiya-mp3-song-download</loc>
    </url>
    <url>
      <loc>https://www.pagalsongs.online/mumbai-r-chengri-tui-mp3---song-download-2024</loc>
    </url>
    <url>
      <loc>https://www.pagalsongs.online/mahakal-khatarnak-dialogue-mp3-song-download</loc>
    </url>
    <url>
      <loc>https://www.pagalsongs.online/mera-bhola-na-mane-mp3-song-download</loc>
    </url>
    <url>
      <loc>https://www.pagalsongs.online/languriya-teri-ek-na-manungi-mp3-song-download</loc>
    </url>
    <url>
      <loc>https://www.pagalsongs.online/rabba-rabba-mp3-song-download</loc>
    </url>
    <url>
      <loc>https://www.pagalsongs.online/fakeeri-mp3-song-download</loc>
    </url>
    <url>
      <loc>https://www.pagalsongs.online/gaura-saari-duniya-manave-tere-lal-ko-mp3-song-download</loc>
    </url>
    <url>
      <loc>https://www.pagalsongs.online/radhe-tomay-bare-bare-korchhi-je-mana-mp3-song-download</loc>
    </url>
    <url>
      <loc>https://www.pagalsongs.online/du-hat-tule-gao-re-mp3-song-download</loc>
    </url>
    <url>
      <loc>https://www.pagalsongs.online/joy-baba-loknather-joy-mp3-song-download</loc>
    </url>
    <url>
      <loc>https://www.pagalsongs.online/guru-ji-maine-paar-laga-de-ho-mai-ratu-raam-ki-mala-mp3-song-download</loc>
    </url>
    <url>
      <loc>https://www.pagalsongs.online/shri-gurucharan-mp3-song-download</loc>
    </url>
    <url>
      <loc>https://www.pagalsongs.online/shyam-meri-laga-naukri-apne-hi-dware-pe-mp3-song-download</loc>
    </url>
    <url>
      <loc>https://www.pagalsongs.online/mata-rani-ke-meethe-meethe-bhajan-mp3-song-download</loc>
    </url>
    <url>
      <loc>https://www.pagalsongs.online/tere-naame-ko-tattoo-mp3-song-download</loc>
    </url>
    <url>
      <loc>https://www.pagalsongs.online/ghungru-bajda-mp3-song-download</loc>
    </url>
    <url>
      <loc>https://www.pagalsongs.online/shiv-shiv-shankara-mp3-song-download</loc>
    </url>
    <url>
      <loc>https://www.pagalsongs.online/dawa-ke-kam-karela-mp3-song-download</loc>
    </url>
    <url>
      <loc>https://www.pagalsongs.online/amar-sadh-na-mitilo-mp3-song-download</loc>
    </url>
    <url>
      <loc>https://www.pagalsongs.online/kon-bone-forale-mp3-song-download</loc>
    </url>
    <url>
      <loc>https://www.pagalsongs.online/ganga-gorkhyani-mp3-song-download</loc>
    </url>
    <url>
      <loc>https://www.pagalsongs.online/odhaniya-pe-naam-remix-mp3-song-download</loc>
    </url>
    <url>
      <loc>https://www.pagalsongs.online/kedarnath-ji-mp3---song-download</loc>
    </url>
    <url>
      <loc>https://www.pagalsongs.online/saiya-o-saiya-remix-mp3-song-download</loc>
    </url>
    <url>
      <loc>https://www.pagalsongs.online/jagat-preet-mat-kariyo-mp3-song-download</loc>
    </url>
    <url>
      <loc>https://www.pagalsongs.online/mahakal-vs-jai-bholenath-mp3-song-download</loc>
    </url>
    <url>
      <loc>https://www.pagalsongs.online/radhe-radhe-mp3-song-download</loc>
    </url>
    <url>
      <loc>https://www.pagalsongs.online/mere-bholenath-mp3--song-download</loc>
    </url>
    <url>
      <loc>https://www.pagalsongs.online/lala-li-lala-mashup-mp3-song-download-</loc>
    </url>
    <url>
      <loc>https://www.pagalsongs.online/dakla-remix-mp3-song-download</loc>
    </url>
    <url>
      <loc>https://www.pagalsongs.online/holi-full-pagal-dance-mix-dui-rupiya-mp3-song-download</loc>
    </url>
    <url>
      <loc>https://www.pagalsongs.online/o-mere-kanha-ek-vardan-tu-de-mp3-song-download</loc>
    </url>
    <url>
      <loc>https://www.pagalsongs.online/bhajan-kara-hanuman-lala-ki-mp3-song-download</loc>
    </url>
    <url>
      <loc>https://www.pagalsongs.online/divine-melodiies-the-album-jai-siya-ram-mp3-0-download-2024</loc>
    </url>
    <url>
      <loc>https://www.pagalsongs.online/mere-bina-lofi-flip-mp3-song-download</loc>
    </url>
    <url>
      <loc>https://www.pagalsongs.online/billi-billi-mp3-song-download</loc>
    </url>
    <url>
      <loc>https://www.pagalsongs.online/swati-mishra-ram-aayenge-mp3-song-download</loc>
    </url>
    <url>
      <loc>https://www.pagalsongs.online/aaoge-jab-tum-lofi-mix-dj-basque-mp3-song-download</loc>
    </url>
    <url>
      <loc>https://www.pagalsongs.online/33-mp3-song-download</loc>
    </url>
    <url>
      <loc>https://www.pagalsongs.online/ram-raj-fir-se-aayil-ba-mp3-song-download</loc>
    </url>
    <url>
      <loc>https://www.pagalsongs.online/swati-mishra-raam-aayenge-mp3-song-download-0</loc>
    </url>
    <url>
      <loc>https://www.pagalsongs.online/dekhi-jau-mp3-song-download-2024</loc>
    </url>
    <url>
      <loc>https://www.pagalsongs.online/aisi-lyaai-chundadi-mp3---songs-download-2024</loc>
    </url>
    <url>
      <loc>https://www.pagalsongs.online/jatt-boss-mp3-song-download</loc>
    </url>
    <url>
      <loc>https://www.pagalsongs.online/gang-gang-mp3-song-download</loc>
    </url>
    <url>
      <loc>https://www.pagalsongs.online/laado-remix-dj-purvish-mp3-song-download</loc>
    </url>
    <url>
      <loc>https://www.pagalsongs.online/chale-jayenge-mp3-song-download</loc>
    </url>
    <url>
      <loc>https://www.pagalsongs.online/peena-chhod-doon-mp3-song-download</loc>
    </url>
    <url>
      <loc>https://www.pagalsongs.online/khuda-maana-mp3-song-download</loc>
    </url>
    <url>
      <loc>https://www.pagalsongs.online/kabhi-toh-aao-mp3-song-download</loc>
    </url>
    <url>
      <loc>https://www.pagalsongs.online/moye-moye-mp3-song-download</loc>
    </url>
    <url>
      <loc>https://www.pagalsongs.online/chhati-ke-lage-rahiye-mp3-song-download</loc>
    </url>
    <url>
      <loc>https://www.pagalsongs.online/shoe-drill-mp3--song-download</loc>
    </url>
    <url>
      <loc>https://www.pagalsongs.online/gangsta-s-paradise-mp3-song-download</loc>
    </url>
    <url>
      <loc>https://www.pagalsongs.online/baarish-ke-mausam-mein-stebin-ben-mp3-song-download</loc>
    </url>
    <url>
      <loc>https://www.pagalsongs.online/jo-tu-milta-mp3-song-download</loc>
    </url>
    <url>
      <loc>https://www.pagalsongs.online/simar-sethi-teri-meri-mp3-song-download</loc>
    </url>
    <url>
      <loc>https://www.pagalsongs.online/joll-j-lalkaare-mp3-song-download</loc>
    </url>
    <url>
      <loc>https://www.pagalsongs.online/raj-mawer-khudka-mp3-song-download</loc>
    </url>
    <url>
      <loc>https://www.pagalsongs.online/saari-duniya-jala-denge-mp3-song-download-0</loc>
    </url>
    <url>
      <loc>https://www.pagalsongs.online/zindagi-tu-aana-mp3-song-download</loc>
    </url>
    <url>
      <loc>https://www.pagalsongs.online/heer-aasmani-mp3--song-download</loc>
    </url>
    <url>
      <loc>https://www.pagalsongs.online/modern-jugni-mp3-song-download</loc>
    </url>
    <url>
      <loc>https://www.pagalsongs.online/lamha-mera-mp3-song-download</loc>
    </url>
    <url>
      <loc>https://www.pagalsongs.online/satranga-x-escape-x-tujhe-kitna-chahne-lage-hum-mashup-mp3-songs-download</loc>
    </url>
    <url>
      <loc>https://www.pagalsongs.online/ram-naam-se-jagmag-hai-mp3-songs-download-2024</loc>
    </url>
    <url>
      <loc>https://www.pagalsongs.online/bai-kol-mp3-song-download</loc>
    </url>
    <url>
      <loc>https://www.pagalsongs.online/jatt-diyan-3-saheliyan-mp3-song-download</loc>
    </url>
    <url>
      <loc>https://www.pagalsongs.online/kurti-cheet-ki-mp3-song-download</loc>
    </url>
    <url>
      <loc>https://www.pagalsongs.online/arijit-singh-mashup-2024-bicky-official-mp3-song-download</loc>
    </url>
    <url>
      <loc>https://www.pagalsongs.online/arjan-vailly-ne-mp3-song-download</loc>
    </url>
    <url>
      <loc>https://www.pagalsongs.online/adha-tera-ishq-aadha-mera-mp3-song-download</loc>
    </url>
    <url>
      <loc>https://www.pagalsongs.online/pehle-bhi-main-tumse-mila-hu-mp3-song-download</loc>
    </url>
    <url>
      <loc>https://www.pagalsongs.online/wicked-tumse-mil-ke-refix-indohouse-remix-mp3-song-download</loc>
    </url>
    <url>
      <loc>https://www.pagalsongs.online/saiyan-bhailu-mp3-song-download</loc>
    </url>
    <url>
      <loc>https://www.pagalsongs.online/eke-odhaniya-mp3-song-download</loc>
    </url>
    <url>
      <loc>https://www.pagalsongs.online/prashasan-mp3-song-download-2024</loc>
    </url>
    <url>
      <loc>https://www.pagalsongs.online/so-dukh-kaisa-paave-mp3-song-download</loc>
    </url>
    <url>
      <loc>https://www.pagalsongs.online/kabuter-ban-ke-aa-jaiyo-mp3-song-download</loc>
    </url>
    <url>
      <loc>https://www.pagalsongs.online/up-se-mp3-song-download-2024</loc>
    </url>
    <url>
      <loc>https://www.pagalsongs.online/double-khidaki-mp3-song-download</loc>
    </url>
    <url>
      <loc>https://www.pagalsongs.online/evvari-vadalla-mp3-song-download</loc>
    </url>
    <url>
      <loc>https://www.pagalsongs.online/bum-bum-bole-mp3-song-download</loc>
    </url>
    <url>
      <loc>https://www.pagalsongs.online/teri-aakhya-ka-yo-kajal-mp3-song-download</loc>
    </url>
    <url>
      <loc>https://www.pagalsongs.online/mehraru-milal-gaay-mp3-song-download</loc>
    </url>
    <url>
      <loc>https://www.pagalsongs.online/naya-saal-naya-maal-mp3-song-download</loc>
    </url>
    <url>
      <loc>https://www.pagalsongs.online/gabbar-bhi-nachega-mp3-song-download</loc>
    </url>
    <url>
      <loc>https://www.pagalsongs.online/nathuniya-pe-goli-maare-mp3--song-download</loc>
    </url>
    <url>
      <loc>https://www.pagalsongs.online/dil-lagaib-devarwa-se-mp3-song-download</loc>
    </url>
    <url>
      <loc>https://www.pagalsongs.online/chulhi-me-jhok-di-mp3-song-download</loc>
    </url>
    <url>
      <loc>https://www.pagalsongs.online/kamariya-dole-mp3-song-download</loc>
    </url>
    <url>
      <loc>https://www.pagalsongs.online/pawan-singh-raja-ji-mp3-song-download-2024</loc>
    </url>
    <url>
      <loc>https://www.pagalsongs.online/chuye-to-badan-ke-mp3-song-download</loc>
    </url>
    <url>
      <loc>https://www.pagalsongs.online/palang-sagwan-ke-mp3--song-download</loc>
    </url>
    <url>
      <loc>https://www.pagalsongs.online/apne-lover-ko-dhokha-do-mp3-song-download</loc>
    </url>
    <url>
      <loc>https://www.pagalsongs.online/husn-mp3-song-download--00</loc>
    </url>
    <url>
      <loc>https://www.pagalsongs.online/kalkatiya-raja-mp3-song-download-2024</loc>
    </url>
    <url>
      <loc>https://www.pagalsongs.online/sent-gamkauwa-mp3-song-download</loc>
    </url>
    <url>
      <loc>https://www.pagalsongs.online/ajay-hooda-kallo-mp3--song-download</loc>
    </url>
    <url>
      <loc>https://www.pagalsongs.online/shila-hau-ka-mp3-song-download</loc>
    </url>
    <url>
      <loc>https://www.pagalsongs.online/dhaniya-ae-jaan-mp3-song-download</loc>
    </url>
    <url>
      <loc>https://www.pagalsongs.online/lovekush-dungri-mp3-song-download</loc>
    </url>
    <url>
      <loc>https://www.pagalsongs.online/blessings-of-baapu-returns-mp3-song-download</loc>
    </url>
    <url>
      <loc>https://www.pagalsongs.online/nimbu-kharbuja-bhail-2-mp3-song-download</loc>
    </url>
    <url>
      <loc>https://www.pagalsongs.online/jamal-jamalo-mp3-song-download</loc>
    </url>
    <url>
      <loc>https://www.pagalsongs.online/jaanu-ho-sona-ho-mp3-song-download</loc>
    </url>
    <url>
      <loc>https://www.pagalsongs.online/apa-fer-milaange-mp3-song-download</loc>
    </url>
    <url>
      <loc>https://www.pagalsongs.online/the-last-wish-mp3-song-download</loc>
    </url>
    <url>
      <loc>https://www.pagalsongs.online/ankha-te-maregi-mp3-song-download</loc>
    </url>
    <url>
      <loc>https://www.pagalsongs.online/attractive-love-mashup-2024-mp3-song-download-</loc>
    </url>
    <url>
      <loc>https://www.pagalsongs.online/o-maahi-mashup-viniick-mp3-song-download</loc>
    </url>
    <url>
      <loc>https://www.pagalsongs.online/gurgaon-mp3-song-download</loc>
    </url>
    <url>
      <loc>https://www.pagalsongs.online/bhagwadhari-chhagaye-mp3-song-download</loc>
    </url>
    <url>
      <loc>https://www.pagalsongs.online/ti-amo-mp3-song-download</loc>
    </url>
    <url>
      <loc>https://www.pagalsongs.online/zaroori-baat-mp3-song-download</loc>
    </url>
    <url>
      <loc>https://www.pagalsongs.online/evening-mp3-song-download</loc>
    </url>
    <url>
      <loc>https://www.pagalsongs.online/reh-ni-hona-mp3-song-download</loc>
    </url>
    <url>
      <loc>https://www.pagalsongs.online/raahi-rana-kamaal-hai-mp3-song-download</loc>
    </url>
    <url>
      <loc>https://www.pagalsongs.online/rana-ji-mp3-song-download</loc>
    </url>
    <url>
      <loc>https://www.pagalsongs.online/kamar-lachili-mp3-song-download</loc>
    </url>
    <url>
      <loc>https://www.pagalsongs.online/khwahishein-mp3-song-download</loc>
    </url>
    <url>
      <loc>https://www.pagalsongs.online/love-ya-mp3-song-download</loc>
    </url>
    <url>
      <loc>https://www.pagalsongs.online/stubborn-jatt-mp3-song-download</loc>
    </url>
    <url>
      <loc>https://www.pagalsongs.online/chappal-mp3---song-download-2024</loc>
    </url>
    <url>
      <loc>https://www.pagalsongs.online/teri-laal-chunariya-mp3-song-download</loc>
    </url>
    <url>
      <loc>https://www.pagalsongs.online/king-shit-mp3-songs-download-2024</loc>
    </url>
    <url>
      <loc>https://www.pagalsongs.online/hood-anthem-mp3--songs-download</loc>
    </url>
    <url>
      <loc>https://www.pagalsongs.online/safety-off-mp3-songs-download-2024</loc>
    </url>
    <url>
      <loc>https://www.pagalsongs.online/barotte-mp3-song-download</loc>
    </url>
    <url>
      <loc>https://www.pagalsongs.online/sher-khul-gaye-remix-dj-ravish-dj-chico-mp3-song-download</loc>
    </url>
    <url>
      <loc>https://www.pagalsongs.online/jale-2-mp3-songs-download-</loc>
    </url>
    <url>
      <loc>https://www.pagalsongs.online/hasdi-mp3-song-download</loc>
    </url>
    <url>
      <loc>https://www.pagalsongs.online/jatt-vs-daru-mp3-song-download</loc>
    </url>
    <url>
      <loc>https://www.pagalsongs.online/memory-lane-mp3-song-download</loc>
    </url>
    <url>
      <loc>https://www.pagalsongs.online/the-beast-mp3-song-download</loc>
    </url>
    <url>
      <loc>https://www.pagalsongs.online/tumhe-bhool-paana-mp3-song-download</loc>
    </url>
    <url>
      <loc>https://www.pagalsongs.online/ram-bhakt-hi-raj-karega-mp3-song-download</loc>
    </url>
    <url>
      <loc>https://www.pagalsongs.online/mumbai-chi-bay-mp3-song-download</loc>
    </url>
    <url>
      <loc>https://www.pagalsongs.online/ki-ekkhan-gaan-banaise-mp3--song-download</loc>
    </url>
    <url>
      <loc>https://www.pagalsongs.online/year-end-lofi-mix-2023-tatva-k-mp3-song-download</loc>
    </url>
    <url>
      <loc>https://www.pagalsongs.online/ve-kamleya-slowed-reverb-mp3--song-download</loc>
    </url>
    <url>
      <loc>https://www.pagalsongs.online/bannet-dosanjh-phere-mp3-song-download</loc>
    </url>
    <url>
      <loc>https://www.pagalsongs.online/jamanta-mp3-song-download</loc>
    </url>
    <url>
      <loc>https://www.pagalsongs.online/feeling-dard-mashup-2024-sunny-hassan-mp3-song-download</loc>
    </url>
    <url>
      <loc>https://www.pagalsongs.online/loiyan-wale-jatt-mp3-song-download</loc>
    </url>
    <url>
      <loc>https://www.pagalsongs.online/kumar-sanu-jai-shri-ram-mp3-song-download-2024</loc>
    </url>
    <url>
      <loc>https://www.pagalsongs.online/gulab-jaisan-khilal-badu-mp3-song-download</loc>
    </url>
    <url>
      <loc>https://www.pagalsongs.online/gippy-grewal-chann-mp3-song-download</loc>
    </url>
    <url>
      <loc>https://www.pagalsongs.online/ram-aaye-hain-mp3-song-download</loc>
    </url>
    <url>
      <loc>https://www.pagalsongs.online/vip-number-mp3-song-download</loc>
    </url>
    <url>
      <loc>https://www.pagalsongs.online/dilpreet-dhillon-famous-mp3-song-download</loc>
    </url>
    <url>
      <loc>https://www.pagalsongs.online/just-say-it-mp3--songs-download</loc>
    </url>
    <url>
      <loc>https://www.pagalsongs.online/wo-raam-hain-mp3-song-download</loc>
    </url>
    <url>
      <loc>https://www.pagalsongs.online/ram-mandir-ki-hai-baari-mp3-song-download-2024</loc>
    </url>
    <url>
      <loc>https://www.pagalsongs.online/ram-mandir-banwana-hai-mp3-songs-download-2024</loc>
    </url>
    <url>
      <loc>https://www.pagalsongs.online/avadh-me-ram-aae-he-mp3-song-download</loc>
    </url>
    <url>
      <loc>https://www.pagalsongs.online/avadh-mein-ram-aaye-hai-mp3-song-download-2024</loc>
    </url>
    <url>
      <loc>https://www.pagalsongs.online/har-ghar-bhagva-chhayega-mp3-song-download</loc>
    </url>
    <url>
      <loc>https://www.pagalsongs.online/mere-ram-ayodhya-aa-rahe-mp3-song-download</loc>
    </url>
    <url>
      <loc>https://www.pagalsongs.online/ayodhya-ke-raja-ram-mp3-song-download</loc>
    </url>
    <url>
      <loc>https://www.pagalsongs.online/shree-ram-ghar-aaye-mp3-song-download</loc>
    </url>
    <url>
      <loc>https://www.pagalsongs.online/jai-shree-ram-ayodhya-ram-mandir-mp3-song-download</loc>
    </url>
    <url>
      <loc>https://www.pagalsongs.online/jai-shree-ram-mp3-song-download-2024</loc>
    </url>
    <url>
      <loc>https://www.pagalsongs.online/aara-mein-mp3-song-download</loc>
    </url>
    <url>
      <loc>https://www.pagalsongs.online/kuware-rahab-mp3-song-download</loc>
    </url>
    <url>
      <loc>https://www.pagalsongs.online/murga-ha-asli-mp3-song-download</loc>
    </url>
    <url>
      <loc>https://www.pagalsongs.online/7-raniya-mp3-song-download</loc>
    </url>
    <url>
      <loc>https://www.pagalsongs.online/vibes-of-love-jukebox-mp3-song-download</loc>
    </url>
    <url>
      <loc>https://www.pagalsongs.online/o-mahi-o-mahi-lofi-mp3-song-download</loc>
    </url>
    <url>
      <loc>https://www.pagalsongs.online/o-maahi-slowed-reverb-mp3-song-download</loc>
    </url>
    <url>
      <loc>https://www.pagalsongs.online/simple-simple-mp3-song-download</loc>
    </url>
    <url>
      <loc>https://www.pagalsongs.online/new-year-mashup-2023-2024-dj-abhi-india-mp3-song-download</loc>
    </url>
    <url>
      <loc>https://www.pagalsongs.online/bollywood-new-year-party-remix-2024-mp3--0s-download</loc>
    </url>
    <url>
      <loc>https://www.pagalsongs.online/w-mp3-song-download</loc>
    </url>
    <url>
      <loc>https://www.pagalsongs.online/saari-duniya-jalaa-denge-female-cover-mp3-song-download</loc>
    </url>
    <url>
      <loc>https://www.pagalsongs.online/pehle-bhi-main-sad-version-mp3--song-download</loc>
    </url>
    <url>
      <loc>https://www.pagalsongs.online/bhaichara-mp3-song-download</loc>
    </url>
    <url>
      <loc>https://www.pagalsongs.online/o-mahi-o-mahi-mp3-song-download</loc>
    </url>
    <url>
      <loc>https://www.pagalsongs.online/dj-nyk-new-year-2024-party-mix-mp3-song-download</loc>
    </url>
    <url>
      <loc>https://www.pagalsongs.online/new-year-party-mix-2024-dj-ravish-mp3-song-download</loc>
    </url>
    <url>
      <loc>https://www.pagalsongs.online/sara-zamana-remix-dj-clement-x-dj-reme-mp3-song-download-2024</loc>
    </url>
    <url>
      <loc>https://www.pagalsongs.online/atif-aslam-zindagi-mp3-song-download</loc>
    </url>
    <url>
      <loc>https://www.pagalsongs.online/jatt-na-kahi-mp3-song-download</loc>
    </url>
    <url>
      <loc>https://www.pagalsongs.online/sun-sajna-mp3--song-download</loc>
    </url>
    <url>
      <loc>https://www.pagalsongs.online/new-year-2024-edm-mix-mp3-song-download</loc>
    </url>
    <url>
      <loc>https://www.pagalsongs.online/new-year-2024-bollywood-dj-remix-mp3-song-download</loc>
    </url>
    <url>
      <loc>https://www.pagalsongs.online/happy-new-year-2024-dj-remix-mp3-song-download</loc>
    </url>
    <url>
      <loc>https://www.pagalsongs.online/latoo-remix-dj-amit-shah-mp3-song-download</loc>
    </url>
    <url>
      <loc>https://www.pagalsongs.online/tera-hoke-nachda-phira-mp3-song-download</loc>
    </url>
    <url>
      <loc>https://www.pagalsongs.online/new-year-party-mashup-2024-vdj-royal-mp3-songs-download</loc>
    </url>
    <url>
      <loc>https://www.pagalsongs.online/eid-mp3-song-download</loc>
    </url>
    <url>
      <loc>https://www.pagalsongs.online/latka-mp3-song-download</loc>
    </url>
    <url>
      <loc>https://www.pagalsongs.online/bottley-kholo-mp3-song-download</loc>
    </url>
    <url>
      <loc>https://www.pagalsongs.online/kaley-sheshe-mp3-song-download</loc>
    </url>
    <url>
      <loc>https://www.pagalsongs.online/end-year-party-mashup-dip-sr-mp3-song-download</loc>
    </url>
    <url>
      <loc>https://www.pagalsongs.online/paisaa-mp3--song-download-0</loc>
    </url>
    <url>
      <loc>https://www.pagalsongs.online/albedi-mp3-song-download</loc>
    </url>
    <url>
      <loc>https://www.pagalsongs.online/arjan-vailly-x-new-years-eve-countdown-mashup-dj-shadow-dubai-mp3-song-download</loc>
    </url>
    <url>
      <loc>https://www.pagalsongs.online/top-christmas-songs-2023-mp3-song-download</loc>
    </url>
    <url>
      <loc>https://www.pagalsongs.online/we-wish-you-a-merry-christmas-mp3-0-download</loc>
    </url>
    <url>
      <loc>https://www.pagalsongs.online/merry-christmas-dj-remix-2023-mp3-song-download</loc>
    </url>
    <url>
      <loc>https://www.pagalsongs.online/jingle-bells-mp3-song-download-2024</loc>
    </url>
    <url>
      <loc>https://www.pagalsongs.online/jamal-kudu-x-khalnayak-remix-dj-lemon-mp3-song-download-2024</loc>
    </url>
    <url>
      <loc>https://www.pagalsongs.online/kise-hor-da-mp3-song-download</loc>
    </url>
    <url>
      <loc>https://www.pagalsongs.online/o-mere-saahiba-mp3-song-download</loc>
    </url>
    <url>
      <loc>https://www.pagalsongs.online/saari-duniya-jalaa-denge-animal-mashup-dj-shadow-dubai-mp3-song-download</loc>
    </url>
    <url>
      <loc>https://www.pagalsongs.online/ishq-jaisa-kuch-mp3-song-download</loc>
    </url>
    <url>
      <loc>https://www.pagalsongs.online/city-slums-mp3---song-download-2024</loc>
    </url>
    <url>
      <loc>https://www.pagalsongs.online/mi-amor-2-0-naresh-parmar-mp3--song-download</loc>
    </url>
    <url>
      <loc>https://www.pagalsongs.online/kalankini-radha-2-0-mp3-song-download</loc>
    </url>
    <url>
      <loc>https://www.pagalsongs.online/4-10-mp3-song-download</loc>
    </url>
    <url>
      <loc>https://www.pagalsongs.online/mehboob-mp3--song-download</loc>
    </url>
    <url>
      <loc>https://www.pagalsongs.online/kithe-challe-ho-mp3-song-download</loc>
    </url>
    <url>
      <loc>https://www.pagalsongs.online/winter-days-mp3-song-download</loc>
    </url>
    <url>
      <loc>https://www.pagalsongs.online/narayan-mil-jayega-mp3--song-download</loc>
    </url>
    <url>
      <loc>https://www.pagalsongs.online/waheguru-mp3-song-download</loc>
    </url>
    <url>
      <loc>https://www.pagalsongs.online/main-tera-rasta-dekhunga-film-mp3-song-download</loc>
    </url>
    <url>
      <loc>https://www.pagalsongs.online/main-tera-rasta-dekhunga-mp3-song-download</loc>
    </url>
    <url>
      <loc>https://www.pagalsongs.online/chal-ve-watna-mp3--song-download</loc>
    </url>
    <url>
      <loc>https://www.pagalsongs.online/banda-mp3-song-download-0</loc>
    </url>
    <url>
      <loc>https://www.pagalsongs.online/kaali-kaali-raaton-mein-mp3---song-download</loc>
    </url>
    <url>
      <loc>https://www.pagalsongs.online/ik-tu-goriye-mp3-song-download</loc>
    </url>
    <url>
      <loc>https://www.pagalsongs.online/dil-berozgaar-hai-mp3-song-download</loc>
    </url>
    <url>
      <loc>https://www.pagalsongs.online/zindagi-laut-aayi-hai-mp3-song-download-2024</loc>
    </url>
    <url>
      <loc>https://www.pagalsongs.online/far-away-mp3-song-download</loc>
    </url>
    <url>
      <loc>https://www.pagalsongs.online/matak-chalungi-mp3-song-download</loc>
    </url>
    <url>
      <loc>https://www.pagalsongs.online/padosan-mp3---song-download-2024</loc>
    </url>
    <url>
      <loc>https://www.pagalsongs.online/aditya-rikhari-sahiba-mp3-song-download</loc>
    </url>
    <url>
      <loc>https://www.pagalsongs.online/tum-aaye-ho-toh-mp3-song-download</loc>
    </url>
    <url>
      <loc>https://www.pagalsongs.online/saajan-ve-mp3-song-download</loc>
    </url>
    <url>
      <loc>https://www.pagalsongs.online/laadla-mp3-song-download</loc>
    </url>
    <url>
      <loc>https://www.pagalsongs.online/beat-pe-haley-mp3-song-download</loc>
    </url>
    <url>
      <loc>https://www.pagalsongs.online/full-goriye-mp3-song-download</loc>
    </url>
    <url>
      <loc>https://www.pagalsongs.online/meri-choodi-khanke-mp3-song-download</loc>
    </url>
    <url>
      <loc>https://www.pagalsongs.online/aidan-na-nach-mp3-song-download</loc>
    </url>
    <url>
      <loc>https://www.pagalsongs.online/ali-zafar-chori-chori-mp3-song-download</loc>
    </url>
    <url>
      <loc>https://www.pagalsongs.online/jamal-kudu-remix-dj-clement-x-dj-reme-mp3-song-download</loc>
    </url>
    <url>
      <loc>https://www.pagalsongs.online/die-for-2023-mashup-arjan-vailly-x-goat-naresh-parmar-mp3-song-download</loc>
    </url>
    <url>
      <loc>https://www.pagalsongs.online/shart-lagake-mp3---song-download</loc>
    </url>
    <url>
      <loc>https://www.pagalsongs.online/zubaida-mp3--song-download</loc>
    </url>
    <url>
      <loc>https://www.pagalsongs.online/animal-mashup-acv-mp3-song-download</loc>
    </url>
    <url>
      <loc>https://www.pagalsongs.online/sher-khul-gaye-mp3-song-download</loc>
    </url>
    <url>
      <loc>https://www.pagalsongs.online/mand-teri-bewafai-mp3-song-download</loc>
    </url>
    <url>
      <loc>https://www.pagalsongs.online/dana-aur-saman-mp3-songs-download-2024</loc>
    </url>
    <url>
      <loc>https://www.pagalsongs.online/sikander-jaguar-mp3---0s-download</loc>
    </url>
    <url>
      <loc>https://www.pagalsongs.online/lollipop-mp3-song-download-2024</loc>
    </url>
    <url>
      <loc>https://www.pagalsongs.online/aashiqon-ki-mehfil-mp3--song-download</loc>
    </url>
    <url>
      <loc>https://www.pagalsongs.online/kabhi-shaam-dhale-toh-mere-dil-mein-aa-jaana-slowed-reverb-mp3-song-download</loc>
    </url>
    <url>
      <loc>https://www.pagalsongs.online/gunda-mp3-song-download</loc>
    </url>
    <url>
      <loc>https://www.pagalsongs.online/ranvijays-entry-medley-mp3--song-download</loc>
    </url>
    <url>
      <loc>https://www.pagalsongs.online/heeriye-x-chaleya-x-tu-aake-dekhle-insta-mashup-mp3-song-download-2024</loc>
    </url>
    <url>
      <loc>https://www.pagalsongs.online/bheeg-le-ishk-mein-mp3-song-download</loc>
    </url>
    <url>
      <loc>https://www.pagalsongs.online/kar-gayi-chull-club-mix-dj-ravish-dj-chico-mp3-song-download</loc>
    </url>
    <url>
      <loc>https://www.pagalsongs.online/blur-mp3-song-download</loc>
    </url>
    <url>
      <loc>https://www.pagalsongs.online/ishq-ki-tu-hai-gawah-mp3-song-download</loc>
    </url>
    <url>
      <loc>https://www.pagalsongs.online/likhe-jo-khat-x-sandesa-mp3-song-download-2024</loc>
    </url>
    <url>
      <loc>https://www.pagalsongs.online/maloti-masi-mp3-song-download</loc>
    </url>
    <url>
      <loc>https://www.pagalsongs.online/kutt-maar-mp3-song-download</loc>
    </url>
    <url>
      <loc>https://www.pagalsongs.online/sawla-rang-mp3-song-download</loc>
    </url>
    <url>
      <loc>https://www.pagalsongs.online/hoyechhe-boli-ki-shon-mp3-song-download</loc>
    </url>
    <url>
      <loc>https://www.pagalsongs.online/about-you-mp3--song-download</loc>
    </url>
    <url>
      <loc>https://www.pagalsongs.online/guru-randhawa-deja-vu-mp3-song-download</loc>
    </url>
    <url>
      <loc>https://www.pagalsongs.online/all-right-mp3-song-download</loc>
    </url>
    <url>
      <loc>https://www.pagalsongs.online/love-prayer-mp3-song-download</loc>
    </url>
    <url>
      <loc>https://www.pagalsongs.online/stuck-on-you-mp3--song-download</loc>
    </url>
    <url>
      <loc>https://www.pagalsongs.online/g-class-mp3-song-download</loc>
    </url>
    <url>
      <loc>https://www.pagalsongs.online/da-one-mp3-song-download</loc>
    </url>
    <url>
      <loc>https://www.pagalsongs.online/no-news-mp3-song-download</loc>
    </url>
    <url>
      <loc>https://www.pagalsongs.online/sunrise-mp3--song-download</loc>
    </url>
    <url>
      <loc>https://www.pagalsongs.online/guru-randhawa-chill-mode-mp3-song-download</loc>
    </url>
    <url>
      <loc>https://www.pagalsongs.online/hometown-mp3-song-download</loc>
    </url>
    <url>
      <loc>https://www.pagalsongs.online/jhanki-me-gola-mp3-song-download</loc>
    </url>
    <url>
      <loc>https://www.pagalsongs.online/big-life-returns-mp3-song-download-2024</loc>
    </url>
    <url>
      <loc>https://www.pagalsongs.online/bollywood-party-mix-2024-adb-music-mp3-song-download</loc>
    </url>
    <url>
      <loc>https://www.pagalsongs.online/shingar-mp3-song-download</loc>
    </url>
    <url>
      <loc>https://www.pagalsongs.online/koi-na-mp3-song-download</loc>
    </url>
    <url>
      <loc>https://www.pagalsongs.online/o-maahi-dunki-mp3-song-download</loc>
    </url>
    <url>
      <loc>https://www.pagalsongs.online/hath-khade-mp3-song-download</loc>
    </url>
    <url>
      <loc>https://www.pagalsongs.online/tumhein-meri-kasam-mp3-song-download</loc>
    </url>
    <url>
      <loc>https://www.pagalsongs.online/look-at-us-mp3-songs-download-2024</loc>
    </url>
    <url>
      <loc>https://www.pagalsongs.online/kylie-mp3-song-download</loc>
    </url>
    <url>
      <loc>https://www.pagalsongs.online/mere-yaar-ka-birthday-mp3-song-download</loc>
    </url>
    <url>
      <loc>https://www.pagalsongs.online/jaat-jaatni-mp3-song-download</loc>
    </url>
    <url>
      <loc>https://www.pagalsongs.online/haal-garry-sandhu-mp3-song-download</loc>
    </url>
    <url>
      <loc>https://www.pagalsongs.online/mere-naal-punjab-mp3-song-download</loc>
    </url>
    <url>
      <loc>https://www.pagalsongs.online/adha-adha-laddu-mp3-song-download</loc>
    </url>
    <url>
      <loc>https://www.pagalsongs.online/tie-mp3-song-download</loc>
    </url>
    <url>
      <loc>https://www.pagalsongs.online/arjan-vailly-remix-dj-nyk-mp3-song-download</loc>
    </url>
    <url>
      <loc>https://www.pagalsongs.online/satranga-love-mashup-2023-naresh-parmar-mp3-song-download</loc>
    </url>
    <url>
      <loc>https://www.pagalsongs.online/rehem-mp3-song-download</loc>
    </url>
    <url>
      <loc>https://www.pagalsongs.online/abrars-entry-jamal-kudu-slowed-reverb-mp3-song-download</loc>
    </url>
    <url>
      <loc>https://www.pagalsongs.online/kahe-sataye-mp3-song-download</loc>
    </url>
    <url>
      <loc>https://www.pagalsongs.online/kella-mp3-song-download-2024</loc>
    </url>
    <url>
      <loc>https://www.pagalsongs.online/mxrci-mp3-song-download</loc>
    </url>
    <url>
      <loc>https://www.pagalsongs.online/endless-mp3-song-download</loc>
    </url>
    <url>
      <loc>https://www.pagalsongs.online/midnight-paradise-mp3-song-download</loc>
    </url>
    <url>
      <loc>https://www.pagalsongs.online/khesari-lal-yadav-sapna-choudhary-balam-mp3--song-download</loc>
    </url>
    <url>
      <loc>https://www.pagalsongs.online/sunshine-mp3-song-download</loc>
    </url>
    <url>
      <loc>https://www.pagalsongs.online/haq-mp3-song-download</loc>
    </url>
    <url>
      <loc>https://www.pagalsongs.online/the-prophec-jaan-mp3-song-download</loc>
    </url>
    <url>
      <loc>https://www.pagalsongs.online/the-prophec-gabru-mp3-song-download</loc>
    </url>
    <url>
      <loc>https://www.pagalsongs.online/mang-mp3-song-download</loc>
    </url>
    <url>
      <loc>https://www.pagalsongs.online/behzubaan-mp3-song-download</loc>
    </url>
    <url>
      <loc>https://www.pagalsongs.online/locket-mp3-song-download</loc>
    </url>
    <url>
      <loc>https://www.pagalsongs.online/the-prophec-stay-mp3-song-download</loc>
    </url>
    <url>
      <loc>https://www.pagalsongs.online/chal-chal-tu-apni-mai-tujhe-pehchan-lunga-mp3-song-download</loc>
    </url>
    <url>
      <loc>https://www.pagalsongs.online/tu-hai-kahan-mp3-song-download</loc>
    </url>
    <url>
      <loc>https://www.pagalsongs.online/abrars-entry-jamal-kudu-mp3-song-download</loc>
    </url>
    <url>
      <loc>https://www.pagalsongs.online/sab-kuch-mita-denge-mp3-song-download</loc>
    </url>
    <url>
      <loc>https://www.pagalsongs.online/time-traveller-mp3-song-download</loc>
    </url>
    <url>
      <loc>https://www.pagalsongs.online/dil-tenu-de-deta-mp3--songs-download--2024</loc>
    </url>
    <url>
      <loc>https://www.pagalsongs.online/hua-main-remix-dj-taral-mp3--song-download</loc>
    </url>
    <url>
      <loc>https://www.pagalsongs.online/11-11-mp3-song-download</loc>
    </url>
    <url>
      <loc>https://www.pagalsongs.online/dil-haareya-mp3-song-download</loc>
    </url>
    <url>
      <loc>https://www.pagalsongs.online/udta-udta-mp3-song-download</loc>
    </url>
    <url>
      <loc>https://www.pagalsongs.online/chicken-bing-mp3-song-download</loc>
    </url>
    <url>
      <loc>https://www.pagalsongs.online/tip-tip-barsa-x-badal-barsa-bijuli-dj-ravish-mp3-song-download-2024</loc>
    </url>
    <url>
      <loc>https://www.pagalsongs.online/badal-me-bijli-bar-bar-chamke-dj-mp3-song-download</loc>
    </url>
    <url>
      <loc>https://www.pagalsongs.online/agar-tujhe-ho-gaya-kuch-saari-duniya-jala-denge-mp3-song-download</loc>
    </url>
    <url>
      <loc>https://www.pagalsongs.online/deep-kalsi-no-mercy-mp3-song-download</loc>
    </url>
    <url>
      <loc>https://www.pagalsongs.online/dil-ki-surzameen-mp3-song-download</loc>
    </url>
    <url>
      <loc>https://www.pagalsongs.online/so-beautiful-so-elegant-just-looking-like-a-wow-mp3-song-download</loc>
    </url>
    <url>
      <loc>https://www.pagalsongs.online/jatt-da-future-2-mp3-song-download</loc>
    </url>
    <url>
      <loc>https://www.pagalsongs.online/thumak-thumak-pahari-mp3-songs-download</loc>
    </url>
    <url>
      <loc>https://www.pagalsongs.online/tere-siva-koi-mp3-song-download</loc>
    </url>
    <url>
      <loc>https://www.pagalsongs.online/boliyan-mp3-song-download</loc>
    </url>
    <url>
      <loc>https://www.pagalsongs.online/yaad-ban-gaye-mp3-song-download</loc>
    </url>
    <url>
      <loc>https://www.pagalsongs.online/nikle-the-kabhi-hum-ghar-se-mp3-songs-download</loc>
    </url>
    <url>
      <loc>https://www.pagalsongs.online/tu-kado-aawenga-mp3-song-download</loc>
    </url>
    <url>
      <loc>https://www.pagalsongs.online/panjab-0-km-mp3-song-download</loc>
    </url>
    <url>
      <loc>https://www.pagalsongs.online/jabb-se-tumko-dekhaa-2-0-mp3-song-download</loc>
    </url>
    <url>
      <loc>https://www.pagalsongs.online/humko-tumse-mp3-song-download</loc>
    </url>
    <url>
      <loc>https://www.pagalsongs.online/jaan-denge-tumhe-mp3-song-download</loc>
    </url>
    <url>
      <loc>https://www.pagalsongs.online/dhoka-na-hoje-mp3-song-download</loc>
    </url>
    <url>
      <loc>https://www.pagalsongs.online/jawani-mp3-song-download-0</loc>
    </url>
    <url>
      <loc>https://www.pagalsongs.online/simrat-kaur-boyfriend-mp3-song-download</loc>
    </url>
    <url>
      <loc>https://www.pagalsongs.online/har-justajoo-mp3-song-download</loc>
    </url>
    <url>
      <loc>https://www.pagalsongs.online/amit-saini-rohtakiya-jhanjar-mp3-song-download</loc>
    </url>
    <url>
      <loc>https://www.pagalsongs.online/hope-mp3-songs-download-2024</loc>
    </url>
    <url>
      <loc>https://www.pagalsongs.online/shukar-mp3-song-download</loc>
    </url>
    <url>
      <loc>https://www.pagalsongs.online/raat-mohaare-mp3-song-download</loc>
    </url>
    <url>
      <loc>https://www.pagalsongs.online/teri-yaadein-mp3-song-download</loc>
    </url>
    <url>
      <loc>https://www.pagalsongs.online/morniye-mp3-songs-download-2024</loc>
    </url>
    <url>
      <loc>https://www.pagalsongs.online/har-lamha-mp3-song-download</loc>
    </url>
    <url>
      <loc>https://www.pagalsongs.online/pjja-k-leja-mp3-song-download</loc>
    </url>
    <url>
      <loc>https://www.pagalsongs.online/tera-tha-main-mp3-song-download</loc>
    </url>
    <url>
      <loc>https://www.pagalsongs.online/jhanjer-mp3-song-download</loc>
    </url>
    <url>
      <loc>https://www.pagalsongs.online/white-brown-black-funky-mix-dj-ravish-mp3-songs-download-2024</loc>
    </url>
    <url>
      <loc>https://www.pagalsongs.online/tu-pyaar-hai-mera-mp3-song-download</loc>
    </url>
    <url>
      <loc>https://www.pagalsongs.online/gulzaar-chhaniwala-panchi-mp3-song-download</loc>
    </url>
    <url>
      <loc>https://www.pagalsongs.online/balam-dj-aala-mp3---songs-download-2024</loc>
    </url>
    <url>
      <loc>https://www.pagalsongs.online/merko-mat-sikha-mp3-song-download</loc>
    </url>
    <url>
      <loc>https://www.pagalsongs.online/tapori-dance-anthem-mashup-dip-sr-mp3-song-download</loc>
    </url>
    <url>
      <loc>https://www.pagalsongs.online/kabhi-shaam-dhale-mp3--song-download</loc>
    </url>
    <url>
      <loc>https://www.pagalsongs.online/ideology-mp3-song-download</loc>
    </url>
    <url>
      <loc>https://www.pagalsongs.online/saari-duniya-jalaa-denge-slowed-reverb-mp3-song-download</loc>
    </url>
    <url>
      <loc>https://www.pagalsongs.online/chamak-chandni-mp3-song-download</loc>
    </url>
    <url>
      <loc>https://www.pagalsongs.online/haiwaan-mp3-song-download-0</loc>
    </url>
    <url>
      <loc>https://www.pagalsongs.online/saari-duniya-jalaa-denge-mp3-song-download</loc>
    </url>
    <url>
      <loc>https://www.pagalsongs.online/shreya-ghoshal-kashmir-mp3-song-download</loc>
    </url>
    <url>
      <loc>https://www.pagalsongs.online/pehle-bhi-main-mp3--song-download</loc>
    </url>
    <url>
      <loc>https://www.pagalsongs.online/barbaadiyan-club-mix-dj-ravish-dj-chico-mp3-song-download</loc>
    </url>
    <url>
      <loc>https://www.pagalsongs.online/adhoora-pyaar-mp3-song-download</loc>
    </url>
    <url>
      <loc>https://www.pagalsongs.online/wanna-know-mp3-song-download</loc>
    </url>
    <url>
      <loc>https://www.pagalsongs.online/ndee-kundu-smile-mp3-song-download</loc>
    </url>
    <url>
      <loc>https://www.pagalsongs.online/tera-chale-jaana-mp3-song-download</loc>
    </url>
    <url>
      <loc>https://www.pagalsongs.online/dil-tod-da-mp3-song-download</loc>
    </url>
    <url>
      <loc>https://www.pagalsongs.online/ek-mulaqaat-mp3-song-download</loc>
    </url>
    <url>
      <loc>https://www.pagalsongs.online/unforgettable-mp3-song-download</loc>
    </url>
    <url>
      <loc>https://www.pagalsongs.online/zero-hour-dance-mashup-2023-dj-avi-mp3-song-download</loc>
    </url>
    <url>
      <loc>https://www.pagalsongs.online/in-raahon-mein-mp3-song-download</loc>
    </url>
    <url>
      <loc>https://www.pagalsongs.online/aisi-teri-yaadein-mp3-song-download</loc>
    </url>
    <url>
      <loc>https://www.pagalsongs.online/kalleyan-mp3-song-download</loc>
    </url>
    <url>
      <loc>https://www.pagalsongs.online/saanson-mein-tum-ho-mp3-song-download</loc>
    </url>
    <url>
      <loc>https://www.pagalsongs.online/manave-mp3-song-download</loc>
    </url>
    <url>
      <loc>https://www.pagalsongs.online/babbu-maan-jattiye-mp3-song-download</loc>
    </url>
    <url>
      <loc>https://www.pagalsongs.online/lutt-putt-gaya-slowed-reverb-mp3-song-download</loc>
    </url>
    <url>
      <loc>https://www.pagalsongs.online/lutt-putt-gaya-mp3-song-download-0</loc>
    </url>
    <url>
      <loc>https://www.pagalsongs.online/hey-madhu-remix-dj-shadow-dubai-mp3-song-download</loc>
    </url>
    <url>
      <loc>https://www.pagalsongs.online/ishk-ye-ghazab-ka-mp3-song-download</loc>
    </url>
    <url>
      <loc>https://www.pagalsongs.online/ghaint-jatt-mp3-song-download</loc>
    </url>
    <url>
      <loc>https://www.pagalsongs.online/satkar-sandhu-shokeen-mp3-song-download</loc>
    </url>
    <url>
      <loc>https://www.pagalsongs.online/mohabbat-karne-wale-mp3-song-download</loc>
    </url>
    <url>
      <loc>https://www.pagalsongs.online/diamond-cuban-mp3-songs-download-2024</loc>
    </url>
    <url>
      <loc>https://www.pagalsongs.online/tips-mp3-song-download</loc>
    </url>
    <url>
      <loc>https://www.pagalsongs.online/ekam-chanoli-lehanga-mp3-song-download-</loc>
    </url>
    <url>
      <loc>https://www.pagalsongs.online/tu-hai-kahan-mashup-sunny-hassan-mp3-song-download</loc>
    </url>
    <url>
      <loc>https://www.pagalsongs.online/bawariya-mp3-song-download</loc>
    </url>
    <url>
      <loc>https://www.pagalsongs.online/meri-saanson-mein-mp3-song-download</loc>
    </url>
    <url>
      <loc>https://www.pagalsongs.online/check-it-out-x-guess-what-x-russ-dj-shadow-dubai-dj-rocky-mp3-0-download-2024</loc>
    </url>
    <url>
      <loc>https://www.pagalsongs.online/sipa-jawak-mp3-song-download</loc>
    </url>
    <url>
      <loc>https://www.pagalsongs.online/keno-pichu-dako-cover-mp3-song-download</loc>
    </url>
    <url>
      <loc>https://www.pagalsongs.online/babbu-maan-psycho-mp3-song-download</loc>
    </url>
    <url>
      <loc>https://www.pagalsongs.online/kahin-na-kahin-mp3-song-download</loc>
    </url>
    <url>
      <loc>https://www.pagalsongs.online/brown-rang-mp3---0-download-2024</loc>
    </url>
    <url>
      <loc>https://www.pagalsongs.online/kudiye-ni-tere-mp3-song-download</loc>
    </url>
    <url>
      <loc>https://www.pagalsongs.online/arjan-vailly-mp3-song-download-</loc>
    </url>
    <url>
      <loc>https://www.pagalsongs.online/dont-need-mp3--song-download</loc>
    </url>
    <url>
      <loc>https://www.pagalsongs.online/area-ke-theke-mp3-song-download</loc>
    </url>
    <url>
      <loc>https://www.pagalsongs.online/door-door-mp3-song-download</loc>
    </url>
    <url>
      <loc>https://www.pagalsongs.online/vehem-mp3-song-download</loc>
    </url>
    <url>
      <loc>https://www.pagalsongs.online/ram-aayenge-to-angana-sajaungi-mp3-song-download</loc>
    </url>
    <url>
      <loc>https://www.pagalsongs.online/badal-me-bijli-bar-bar-chamke-vs-tomato-tomato-mp3-song-download</loc>
    </url>
    <url>
      <loc>https://www.pagalsongs.online/urvashi-mp3---0-download</loc>
    </url>
    <url>
      <loc>https://www.pagalsongs.online/jawaab-mp3-song-download</loc>
    </url>
    <url>
      <loc>https://www.pagalsongs.online/mohabbat-ke-kabil-na-mere-mp3-song-download</loc>
    </url>
    <url>
      <loc>https://www.pagalsongs.online/anjani-mp3-song-download</loc>
    </url>
    <url>
      <loc>https://www.pagalsongs.online/jigar-badmashi-mp3-song-download</loc>
    </url>
    <url>
      <loc>https://www.pagalsongs.online/modhu-hoi-hoi-mp3-song-download</loc>
    </url>
    <url>
      <loc>https://www.pagalsongs.online/goat-3-mega-dhol-mashup-2023-dj-harsh-sharma-mp3-song-download</loc>
    </url>
    <url>
      <loc>https://www.pagalsongs.online/blue-eyes-x-satisfya-punjabi-mashup-sunny-hassan-mp3--songs-download-2024</loc>
    </url>
    <url>
      <loc>https://www.pagalsongs.online/main-aur-tuu-mp3-song-download</loc>
    </url>
    <url>
      <loc>https://www.pagalsongs.online/tere-ala-mp3-song-download</loc>
    </url>
    <url>
      <loc>https://www.pagalsongs.online/gulabi-sharara-mp3-song-download</loc>
    </url>
    <url>
      <loc>https://www.pagalsongs.online/chandni-raat-mp3-song-download-2024</loc>
    </url>
    <url>
      <loc>https://www.pagalsongs.online/door-aa-gaye-mp3-song-download</loc>
    </url>
    <url>
      <loc>https://www.pagalsongs.online/woh-raat-mp3-song-download</loc>
    </url>
    <url>
      <loc>https://www.pagalsongs.online/meet-kamrawa-wala-og-mp3-song-download</loc>
    </url>
    <url>
      <loc>https://www.pagalsongs.online/yesterday-mp3---songs-download</loc>
    </url>
    <url>
      <loc>https://www.pagalsongs.online/jassie-gill-soulmate-mp3-song-download</loc>
    </url>
    <url>
      <loc>https://www.pagalsongs.online/beautifull-jaatni-mp3---song-download-2024</loc>
    </url>
    <url>
      <loc>https://www.pagalsongs.online/baby-so-gayi-mp3-song-download</loc>
    </url>
    <url>
      <loc>https://www.pagalsongs.online/parcha-mp3-song-download</loc>
    </url>
    <url>
      <loc>https://www.pagalsongs.online/150-ml-mp3-song-download</loc>
    </url>
    <url>
      <loc>https://www.pagalsongs.online/chandigarh-ka-chokra-mp3-song-download</loc>
    </url>
    <url>
      <loc>https://www.pagalsongs.online/asmaan-mp3-song-download</loc>
    </url>
    <url>
      <loc>https://www.pagalsongs.online/heart-over-mind-mp3---songs-download</loc>
    </url>
    <url>
      <loc>https://www.pagalsongs.online/sherni-aayi-mp3-song-download</loc>
    </url>
    <url>
      <loc>https://www.pagalsongs.online/aay-bristi-mp3-song-download</loc>
    </url>
    <url>
      <loc>https://www.pagalsongs.online/tyaar-hoi-c-mp3-song-download</loc>
    </url>
    <url>
      <loc>https://www.pagalsongs.online/barse-re-mp3-song-download</loc>
    </url>
    <url>
      <loc>https://www.pagalsongs.online/papa-meri-jaan-mp3--song-download-</loc>
    </url>
    <url>
      <loc>https://www.pagalsongs.online/tippu-sultan-mehfil-mp3-song-download</loc>
    </url>
    <url>
      <loc>https://www.pagalsongs.online/tujhe-yaad-na-meri-ayee-2-slowed-reverb-mp3-song-download</loc>
    </url>
    <url>
      <loc>https://www.pagalsongs.online/sunday-mp3-song-download</loc>
    </url>
    <url>
      <loc>https://www.pagalsongs.online/jai-shri-ram-shri-ram-bhajan-mp3-song-download</loc>
    </url>
    <url>
      <loc>https://www.pagalsongs.online/good-boy-mp3-song-download</loc>
    </url>
    <url>
      <loc>https://www.pagalsongs.online/watch-out-mp3-song-download</loc>
    </url>
    <url>
      <loc>https://www.pagalsongs.online/shri-ram-chandra-kripalu-bhajaman-mp3-song-download</loc>
    </url>
    <url>
      <loc>https://www.pagalsongs.online/bolo-kali-maiki-mp3-song-download</loc>
    </url>
    <url>
      <loc>https://www.pagalsongs.online/heeriye-x-bijlee-bijlee-acv-mashup-mp3-song-download-2024</loc>
    </url>
    <url>
      <loc>https://www.pagalsongs.online/hype-mp3-song-download</loc>
    </url>
    <url>
      <loc>https://www.pagalsongs.online/happy-diwali-2023-non-stop-hindi-remix-mp3-0-download</loc>
    </url>
    <url>
      <loc>https://www.pagalsongs.online/aayi-hai-diwali-suno-ji-gharwali-dj-remix-dj-anupam-tiwari-mp3-song-download</loc>
    </url>
    <url>
      <loc>https://www.pagalsongs.online/deepawali-aayi-re-mp3-song-download-2024</loc>
    </url>
    <url>
      <loc>https://www.pagalsongs.online/aitki-diwali-mp3-song-download</loc>
    </url>
    <url>
      <loc>https://www.pagalsongs.online/aali-diwali-mp3-song-download</loc>
    </url>
    <url>
      <loc>https://www.pagalsongs.online/aayee-hai-diwali-suno-ji-gharwali-mp3---song-download</loc>
    </url>
    <url>
      <loc>https://www.pagalsongs.online/happy-diwali-mp3-song-download</loc>
    </url>
    <url>
      <loc>https://www.pagalsongs.online/teri-panaahon-mein-mp3-song-download</loc>
    </url>
    <url>
      <loc>https://www.pagalsongs.online/meri-ho-ja-slowed-reverb-mp3-song-download</loc>
    </url>
    <url>
      <loc>https://www.pagalsongs.online/emiyo-mashup-naresh-parmar-mp3--song-download</loc>
    </url>
    <url>
      <loc>https://www.pagalsongs.online/sanjog-mp3-song-download</loc>
    </url>
    <url>
      <loc>https://www.pagalsongs.online/enemigo-mp3-song-download</loc>
    </url>
    <url>
      <loc>https://www.pagalsongs.online/vishal-mishra-ram-aayenge-mp3-song-download-0</loc>
    </url>
    <url>
      <loc>https://www.pagalsongs.online/kabar-mp3-song-download</loc>
    </url>
    <url>
      <loc>https://www.pagalsongs.online/dil-mudia-na-mp3---0s-download-2024</loc>
    </url>
    <url>
      <loc>https://www.pagalsongs.online/madhur-sharma-maahi-mp3-song-download</loc>
    </url>
    <url>
      <loc>https://www.pagalsongs.online/fanaa-kar-lo-mp3-song-download</loc>
    </url>
    <url>
      <loc>https://www.pagalsongs.online/mittran-di-tohr-mp3-song-download</loc>
    </url>
    <url>
      <loc>https://www.pagalsongs.online/himmat-sandhu-jawani-mp3-song-download</loc>
    </url>
    <url>
      <loc>https://www.pagalsongs.online/ford-utte-jatt-mp3-song-download</loc>
    </url>
    <url>
      <loc>https://www.pagalsongs.online/himmat-sandhu-pecha-mp3-song-download</loc>
    </url>
    <url>
      <loc>https://www.pagalsongs.online/choodiyaan-khanke-mp3-song-download</loc>
    </url>
    <url>
      <loc>https://www.pagalsongs.online/joy-ma-kali-mp3-songs-download-2024</loc>
    </url>
    <url>
      <loc>https://www.pagalsongs.online/tujhe-yaad-na-meri-ayee-2-mp3-song-download</loc>
    </url>
    <url>
      <loc>https://www.pagalsongs.online/baarish-ke-aane-se-slowed-reverb-mp3-song-download</loc>
    </url>
    <url>
      <loc>https://www.pagalsongs.online/dj-pe-lath-mp3-song-download</loc>
    </url>
    <url>
      <loc>https://www.pagalsongs.online/no-worries-mp3-song-download</loc>
    </url>
    <url>
      <loc>https://www.pagalsongs.online/baarish-ke-aane-se-mp3-song-download</loc>
    </url>
    <url>
      <loc>https://www.pagalsongs.online/julfo-ke-kale-jal-ye-jannat-se-ho-gaye-slowed-reverb-mp3-song-download</loc>
    </url>
    <url>
      <loc>https://www.pagalsongs.online/dil-jisse-zinda-hai-lofi-mp3-songs-download-2024</loc>
    </url>
    <url>
      <loc>https://www.pagalsongs.online/julfo-ke-kale-jal-ye-jannat-se-ho-gaye-mp3-song-download</loc>
    </url>
    <url>
      <loc>https://www.pagalsongs.online/the-zone-mp3-song-download</loc>
    </url>
    <url>
      <loc>https://www.pagalsongs.online/ruaan-slowed-reverb-mp3-song-download</loc>
    </url>
    <url>
      <loc>https://www.pagalsongs.online/sach-keh-raha-hai-deewana-mp3-song-download</loc>
    </url>
    <url>
      <loc>https://www.pagalsongs.online/beat-mata-noia-mp3-song-download</loc>
    </url>
    <url>
      <loc>https://www.pagalsongs.online/ikk-number-mp3-song-download</loc>
    </url>
    <url>
      <loc>https://www.pagalsongs.online/paper-roll-mp3-song-download</loc>
    </url>
    <url>
      <loc>https://www.pagalsongs.online/baretta-mp3-song-download</loc>
    </url>
    <url>
      <loc>https://www.pagalsongs.online/ruaan-mp3-song-download-0</loc>
    </url>
    <url>
      <loc>https://www.pagalsongs.online/khalasi-x-magenta-dj-lemon-mashup-mp3-song-download-2024</loc>
    </url>
    <url>
      <loc>https://www.pagalsongs.online/kallo-mp3-song-download-2024</loc>
    </url>
    <url>
      <loc>https://www.pagalsongs.online/mankirt-aulakh-koka-mp3-song-download</loc>
    </url>
    <url>
      <loc>https://www.pagalsongs.online/semi-auto-mp3-song-download</loc>
    </url>
    <url>
      <loc>https://www.pagalsongs.online/tere-ishq-ne-mp3-song-download</loc>
    </url>
    <url>
      <loc>https://www.pagalsongs.online/vikram-sarkar-beamer-mp3-song-download</loc>
    </url>
    <url>
      <loc>https://www.pagalsongs.online/jattan-de-putt-mp3-song-download</loc>
    </url>
    <url>
      <loc>https://www.pagalsongs.online/paisa-on-my-mind-mp3-song-download</loc>
    </url>
    <url>
      <loc>https://www.pagalsongs.online/love-mp3-song-download</loc>
    </url>
    <url>
      <loc>https://www.pagalsongs.online/matka-bhari-mp3--song-download</loc>
    </url>
    <url>
      <loc>https://www.pagalsongs.online/neha-kakkar-broken-mp3-song-download</loc>
    </url>
    <url>
      <loc>https://www.pagalsongs.online/teri-gypsy-mp3---song-download-2024</loc>
    </url>
    <url>
      <loc>https://www.pagalsongs.online/softly-x-best-on-earth-dj-shadow-dubai-x-dj-rocky-mp3-song-download</loc>
    </url>
    <url>
      <loc>https://www.pagalsongs.online/bikaner-mp3-song-download</loc>
    </url>
    <url>
      <loc>https://www.pagalsongs.online/off-roading-mp3-song-download</loc>
    </url>
    <url>
      <loc>https://www.pagalsongs.online/trippy-tapori-mashup-2023-dj-avi-mp3-song-download</loc>
    </url>
    <url>
      <loc>https://www.pagalsongs.online/krrish-rao-nishan-mp3-song-download</loc>
    </url>
    <url>
      <loc>https://www.pagalsongs.online/november-3-mp3-song-download</loc>
    </url>
    <url>
      <loc>https://www.pagalsongs.online/zero-zero-mp3-song-download</loc>
    </url>
    <url>
      <loc>https://www.pagalsongs.online/timtimate-taare-mp3-song-download</loc>
    </url>
    <url>
      <loc>https://www.pagalsongs.online/what-jhumka-dhol-rider-remix-dj-magic-mike-mp3-song-download-2024</loc>
    </url>
    <url>
      <loc>https://www.pagalsongs.online/nahi-hattde-mp3-song-download</loc>
    </url>
    <url>
      <loc>https://www.pagalsongs.online/ap-dhillon-x-imran-khan-feel-mashup-sunny-hassan-mp3--song-download</loc>
    </url>
    <url>
      <loc>https://www.pagalsongs.online/nehar-wale-pull-te-mp3-song-download</loc>
    </url>
    <url>
      <loc>https://www.pagalsongs.online/nav-baller-mp3-song-download</loc>
    </url>
    <url>
      <loc>https://www.pagalsongs.online/garam-tel-mal-dunga-mp3-song-download</loc>
    </url>
    <url>
      <loc>https://www.pagalsongs.online/enemies-mp3-song-download</loc>
    </url>
    <url>
      <loc>https://www.pagalsongs.online/khoya-sab-mp3-song-download</loc>
    </url>
    <url>
      <loc>https://www.pagalsongs.online/kshmr-maula-mp3-song-download</loc>
    </url>
    <url>
      <loc>https://www.pagalsongs.online/la-vida-mp3-song-download</loc>
    </url>
    <url>
      <loc>https://www.pagalsongs.online/b-i-g-mp3-song-download</loc>
    </url>
    <url>
      <loc>https://www.pagalsongs.online/all-fall-down-mp3-song-download-2024</loc>
    </url>
    <url>
      <loc>https://www.pagalsongs.online/kshmr-godfather-mp3-song-download</loc>
    </url>
    <url>
      <loc>https://www.pagalsongs.online/upar-hi-upar-mp3-song-download</loc>
    </url>
    <url>
      <loc>https://www.pagalsongs.online/zero-after-zero-mp3-song-download</loc>
    </url>
    <url>
      <loc>https://www.pagalsongs.online/kshmr-dream-mp3-song-download</loc>
    </url>
    <url>
      <loc>https://www.pagalsongs.online/the-prophec-mere-bina-mp3-song-download</loc>
    </url>
    <url>
      <loc>https://www.pagalsongs.online/chetna-bhardwaj-saawan-mein-mp3-song-download</loc>
    </url>
    <url>
      <loc>https://www.pagalsongs.online/farraar-mp3-song-download</loc>
    </url>
    <url>
      <loc>https://www.pagalsongs.online/21-te-25-mp3-song-download</loc>
    </url>
    <url>
      <loc>https://www.pagalsongs.online/loko-mp3-song-download</loc>
    </url>
    <url>
      <loc>https://www.pagalsongs.online/two-moon-mp3-song-download</loc>
    </url>
    <url>
      <loc>https://www.pagalsongs.online/muzrim-mp3-song-download</loc>
    </url>
    <url>
      <loc>https://www.pagalsongs.online/adhoore-khwaab-mp3-song-download</loc>
    </url>
    <url>
      <loc>https://www.pagalsongs.online/gypsy-mp3-song-download</loc>
    </url>
    <url>
      <loc>https://www.pagalsongs.online/udd-jaun-tere-mp3-song-download</loc>
    </url>
    <url>
      <loc>https://www.pagalsongs.online/tumi-amari-hobe-mp3-song-download</loc>
    </url>
    <url>
      <loc>https://www.pagalsongs.online/tera-ehsaas-mp3-song-download</loc>
    </url>
    <url>
      <loc>https://www.pagalsongs.online/haath-dhona-cool-hai-mp3-song-download</loc>
    </url>
    <url>
      <loc>https://www.pagalsongs.online/softly-remix-dj-rhea-mp3-song-download</loc>
    </url>
    <url>
      <loc>https://www.pagalsongs.online/breakup-of-punjabi-mashup-2023-sunny-hassan-mp3-song-download</loc>
    </url>
    <url>
      <loc>https://www.pagalsongs.online/jhooti-mohabbat-mp3-song-download</loc>
    </url>
    <url>
      <loc>https://www.pagalsongs.online/brand-new-mp3--song-download</loc>
    </url>
    <url>
      <loc>https://www.pagalsongs.online/sau-martaba-mp3-song-download</loc>
    </url>
    <url>
      <loc>https://www.pagalsongs.online/manwa-mp3-song-download</loc>
    </url>
    <url>
      <loc>https://www.pagalsongs.online/dil-tere-binaa-mp3-song-download</loc>
    </url>
    <url>
      <loc>https://www.pagalsongs.online/vishu-arik-laare-mp3-song-download</loc>
    </url>
    <url>
      <loc>https://www.pagalsongs.online/darshan-raval-mashup-2023-bicky-official-mp3-song-download</loc>
    </url>
    <url>
      <loc>https://www.pagalsongs.online/chaleya-smashup-dj-dharak-mp3-song-download</loc>
    </url>
    <url>
      <loc>https://www.pagalsongs.online/jane-na-wo-mp3-song-download</loc>
    </url>
    <url>
      <loc>https://www.pagalsongs.online/kalam-ink-balenciaga-mp3-song-download</loc>
    </url>
    <url>
      <loc>https://www.pagalsongs.online/bilas-4-mint-mp3-song-download</loc>
    </url>
    <url>
      <loc>https://www.pagalsongs.online/satranga-mp3-song-download</loc>
    </url>
    <url>
      <loc>https://www.pagalsongs.online/meri-ho-ja-mp3-song-download</loc>
    </url>
    <url>
      <loc>https://www.pagalsongs.online/jhandu-baam-mp3-song-download</loc>
    </url>
    <url>
      <loc>https://www.pagalsongs.online/let-me-down-slowly-x-zara-zara-mp3-song-download</loc>
    </url>
    <url>
      <loc>https://www.pagalsongs.online/maan-meri-jaan-aish-mix-dj-kahaan-uk-mp3-song-download</loc>
    </url>
    <url>
      <loc>https://www.pagalsongs.online/evening-walk-mp3-song-download</loc>
    </url>
    <url>
      <loc>https://www.pagalsongs.online/jatta-tera-dil-mp3-song-download</loc>
    </url>
    <url>
      <loc>https://www.pagalsongs.online/albert-lepcha-mera-dil-meri-jaan-mp3-song-download</loc>
    </url>
    <url>
      <loc>https://www.pagalsongs.online/rao-sahab-mp3-song-download</loc>
    </url>
    <url>
      <loc>https://www.pagalsongs.online/tmmt-mp3-song-download</loc>
    </url>
    <url>
      <loc>https://www.pagalsongs.online/marne-se-pehle-mp3-song-download</loc>
    </url>
    <url>
      <loc>https://www.pagalsongs.online/door-chalein-kahin-mp3-song-download</loc>
    </url>
    <url>
      <loc>https://www.pagalsongs.online/humnawa-mp3-song-download</loc>
    </url>
    <url>
      <loc>https://www.pagalsongs.online/mere-khayaalon-mein-mp3-song-download</loc>
    </url>
    <url>
      <loc>https://www.pagalsongs.online/only-just-begun-intro-mp3-song-download</loc>
    </url>
    <url>
      <loc>https://www.pagalsongs.online/din-shagna-mp3-song-download</loc>
    </url>
    <url>
      <loc>https://www.pagalsongs.online/sameer-khan-tu-hi-to-mp3--song-download</loc>
    </url>
    <url>
      <loc>https://www.pagalsongs.online/ishqa-mp3-song-download</loc>
    </url>
    <url>
      <loc>https://www.pagalsongs.online/mere-hisse-ki-mohabbat-mp3-song-download</loc>
    </url>
    <url>
      <loc>https://www.pagalsongs.online/sardaar-munde-mp3-song-download</loc>
    </url>
    <url>
      <loc>https://www.pagalsongs.online/ae-jaane-jaahaan-mp3-song-download</loc>
    </url>
    <url>
      <loc>https://www.pagalsongs.online/2-number-mp3-song-download</loc>
    </url>
    <url>
      <loc>https://www.pagalsongs.online/sit-down-mp3-song-download</loc>
    </url>
    <url>
      <loc>https://www.pagalsongs.online/idgs-mp3-song-download</loc>
    </url>
    <url>
      <loc>https://www.pagalsongs.online/flirt-mp3-song-download</loc>
    </url>
    <url>
      <loc>https://www.pagalsongs.online/chor-chor-mp3-song-download</loc>
    </url>
    <url>
      <loc>https://www.pagalsongs.online/badberry-mp3-song-download</loc>
    </url>
    <url>
      <loc>https://www.pagalsongs.online/back-of-car-mp3-song-download</loc>
    </url>
    <url>
      <loc>https://www.pagalsongs.online/dil-ne-dhadakna-chhod-diya-mp3-song-download</loc>
    </url>
    <url>
      <loc>https://www.pagalsongs.online/note-mp3-song-download</loc>
    </url>
    <url>
      <loc>https://www.pagalsongs.online/maa-main-khada-dwar-tere-mp3--song-download</loc>
    </url>
    <url>
      <loc>https://www.pagalsongs.online/babbu-maan-bullet-mp3-song-download</loc>
    </url>
    <url>
      <loc>https://www.pagalsongs.online/sonu-nigam-alka-yagnik-mere-yaar-ki-shaadi-hai-mp3-song-download</loc>
    </url>
    <url>
      <loc>https://www.pagalsongs.online/softly-mp3-song-download</loc>
    </url>
    <url>
      <loc>https://www.pagalsongs.online/brown-eyes-mp3-song-download</loc>
    </url>
    <url>
      <loc>https://www.pagalsongs.online/mc-square-laado-mp3-song-download</loc>
    </url>
    <url>
      <loc>https://www.pagalsongs.online/shahid-mallya-haule-haule-mp3-song-download</loc>
    </url>
    <url>
      <loc>https://www.pagalsongs.online/leke-prabhu-ka-naam-mp3-song-download</loc>
    </url>
    <url>
      <loc>https://www.pagalsongs.online/ishq-kahaani-mp3-song-download</loc>
    </url>
    <url>
      <loc>https://www.pagalsongs.online/bella-koka-mp3-song-download</loc>
    </url>
    <url>
      <loc>https://www.pagalsongs.online/duty-mp3-song-download</loc>
    </url>
    <url>
      <loc>https://www.pagalsongs.online/romantic-hits-best-of-arijit-singh-2023-mp3-song-download</loc>
    </url>
    <url>
      <loc>https://www.pagalsongs.online/bluetooth-era-mashup-2023-naresh-parmar-mp3-song-download</loc>
    </url>
    <url>
      <loc>https://www.pagalsongs.online/still-number-1-mp3-songs-download-2024</loc>
    </url>
    <url>
      <loc>https://www.pagalsongs.online/tama-yama-mp3-song-download</loc>
    </url>
    <url>
      <loc>https://www.pagalsongs.online/lalkare-mp3-song-download</loc>
    </url>
    <url>
      <loc>https://www.pagalsongs.online/teri-har-adaa-mp3-song-download</loc>
    </url>
    <url>
      <loc>https://www.pagalsongs.online/kali-kali-zulfon-ke-mp3-song-download-2024</loc>
    </url>
    <url>
      <loc>https://www.pagalsongs.online/door-na-hona-shambhu-slowed-reverb-mp3-song-download</loc>
    </url>
    <url>
      <loc>https://www.pagalsongs.online/door-na-hona-shambhu-mp3-song-download</loc>
    </url>
    <url>
      <loc>https://www.pagalsongs.online/khalasi-mp3-song-download</loc>
    </url>
    <url>
      <loc>https://www.pagalsongs.online/lays-mp3-song-download</loc>
    </url>
    <url>
      <loc>https://www.pagalsongs.online/saathiya-mp3--songs-download</loc>
    </url>
    <url>
      <loc>https://www.pagalsongs.online/bolero-mp3-song-download</loc>
    </url>
    <url>
      <loc>https://www.pagalsongs.online/kaid-mp3-song-download</loc>
    </url>
    <url>
      <loc>https://www.pagalsongs.online/raanjhna-mp3-song-download</loc>
    </url>
    <url>
      <loc>https://www.pagalsongs.online/pudiya-lele-aiha-mp3-song-download</loc>
    </url>
    <url>
      <loc>https://www.pagalsongs.online/navratri-special-falguni-pathak-hits-mp3-song-download</loc>
    </url>
    <url>
      <loc>https://www.pagalsongs.online/romeo-vick-sharma-mp3-song-download</loc>
    </url>
    <url>
      <loc>https://www.pagalsongs.online/jas-geet-navratri-special-mp3-song-download</loc>
    </url>
    <url>
      <loc>https://www.pagalsongs.online/khelaiya-vol-1-non-stop-disco-dandiya-mp3-song-download</loc>
    </url>
    <url>
      <loc>https://www.pagalsongs.online/malvat-mp3-song-download</loc>
    </url>
    <url>
      <loc>https://www.pagalsongs.online/jug-jug-jee-mp3-song-download</loc>
    </url>
    <url>
      <loc>https://www.pagalsongs.online/cult-mama-mp3-song-download</loc>
    </url>
    <url>
      <loc>https://www.pagalsongs.online/kosandra-slowed-reverb-mp3-song-download</loc>
    </url>
    <url>
      <loc>https://www.pagalsongs.online/dope-shope-mp3-song-download</loc>
    </url>
    <url>
      <loc>https://www.pagalsongs.online/legends-b-side-mp3-song-download-2024</loc>
    </url>
    <url>
      <loc>https://www.pagalsongs.online/no-loss-mp3-songs-download-2024</loc>
    </url>
    <url>
      <loc>https://www.pagalsongs.online/high-hukku-mp3-songs-download-2024</loc>
    </url>
    <url>
      <loc>https://www.pagalsongs.online/we-are-the-ones-mp3-songs-download-2024</loc>
    </url>
    <url>
      <loc>https://www.pagalsongs.online/legends-mp3-songs-download-2024</loc>
    </url>
    <url>
      <loc>https://www.pagalsongs.online/tum-saath-rehnaa-mp3-song-download</loc>
    </url>
    <url>
      <loc>https://www.pagalsongs.online/good-trip-mp3-song-download-2024</loc>
    </url>
    <url>
      <loc>https://www.pagalsongs.online/tu-jaana-na-piya-mp3-songs-download</loc>
    </url>
    <url>
      <loc>https://www.pagalsongs.online/runaway-mp3-songs-download-2024</loc>
    </url>
    <url>
      <loc>https://www.pagalsongs.online/aafat-mp3-songs-download-2024</loc>
    </url>
    <url>
      <loc>https://www.pagalsongs.online/tune-kya-kiya-2-0-mp3-song-download</loc>
    </url>
    <url>
      <loc>https://www.pagalsongs.online/mud-aave-mp3-song-download</loc>
    </url>
    <url>
      <loc>https://www.pagalsongs.online/chora-baba-ka-mp3-songs-download</loc>
    </url>
    <url>
      <loc>https://www.pagalsongs.online/jab-jab-mp3-songs-download</loc>
    </url>
    <url>
      <loc>https://www.pagalsongs.online/silli-silli-mp3-song-download</loc>
    </url>
    <url>
      <loc>https://www.pagalsongs.online/maa-tera-aashirwaad-hai-bhajan-mp3-song-download</loc>
    </url>
    <url>
      <loc>https://www.pagalsongs.online/mai-angana-mein-mp3-song-download</loc>
    </url>
    <url>
      <loc>https://www.pagalsongs.online/nanak-ji-aye-ne-mp3-song-download</loc>
    </url>
    <url>
      <loc>https://www.pagalsongs.online/esheche-dugga-esheche-mp3-song-download</loc>
    </url>
    <url>
      <loc>https://www.pagalsongs.online/roop-radha-ka-mp3-song-download</loc>
    </url>
    <url>
      <loc>https://www.pagalsongs.online/sippy-gill-chup-mp3-song-download</loc>
    </url>
    <url>
      <loc>https://www.pagalsongs.online/sagar-saxena-kaali-car-mp3-song-download</loc>
    </url>
    <url>
      <loc>https://www.pagalsongs.online/dil-laaleya-mp3-song-download</loc>
    </url>
    <url>
      <loc>https://www.pagalsongs.online/rang-biscuity-mp3-song-download</loc>
    </url>
    <url>
      <loc>https://www.pagalsongs.online/o-mere-jaaniya-mp3-song-download</loc>
    </url>
    <url>
      <loc>https://www.pagalsongs.online/search-andy-chora-mp3--song-download</loc>
    </url>
    <url>
      <loc>https://www.pagalsongs.online/raani-dil-di-mp3-song-download</loc>
    </url>
    <url>
      <loc>https://www.pagalsongs.online/ae-dil-hai-mushkil-rap-mp3-song-download</loc>
    </url>
    <url>
      <loc>https://www.pagalsongs.online/izazat-mp3-song-download</loc>
    </url>
    <url>
      <loc>https://www.pagalsongs.online/cuz-of-you-mp3--song-download</loc>
    </url>
    <url>
      <loc>https://www.pagalsongs.online/embroidery-mp3-song-download</loc>
    </url>
    <url>
      <loc>https://www.pagalsongs.online/dandiya-nonstop-2023-mp3-song-download</loc>
    </url>
    <url>
      <loc>https://www.pagalsongs.online/the-devi-mashup-navratri-2023-after-remix-mp3-song-download</loc>
    </url>
    <url>
      <loc>https://www.pagalsongs.online/aarti-ambe-tu-hai-jagdambe-kali-mp3--song-download--2024</loc>
    </url>
    <url>
      <loc>https://www.pagalsongs.online/mere-ghar-aao-maiya-navratro-mein-mp3-song-download</loc>
    </url>
    <url>
      <loc>https://www.pagalsongs.online/navratri-nonstop-garba-2023-mp3-song-download-2024</loc>
    </url>
    <url>
      <loc>https://www.pagalsongs.online/adahul-ke-phool-mp3-song-download</loc>
    </url>
    <url>
      <loc>https://www.pagalsongs.online/navratri-songs-2023-nonstop-mp3-song-download</loc>
    </url>
    <url>
      <loc>https://www.pagalsongs.online/navratri-mashup-dance-nonstop-2023-vdj-royal-mp3-song-download-2024</loc>
    </url>
    <url>
      <loc>https://www.pagalsongs.online/maai-ni-maai-mp3-song-download</loc>
    </url>
    <url>
      <loc>https://www.pagalsongs.online/shet-bol-mp3-song-download</loc>
    </url>
    <url>
      <loc>https://www.pagalsongs.online/pooja-m-suresh-nazar-mp3-song-download</loc>
    </url>
    <url>
      <loc>https://www.pagalsongs.online/navratri-mashup-2023-naresh-parmar-mp3-song-download</loc>
    </url>
    <url>
      <loc>https://www.pagalsongs.online/marne-ki-baat-kare-tere-yaar-ne-mp3-song-download</loc>
    </url>
    <url>
      <loc>https://www.pagalsongs.online/best-pre-wedding-mashup-mp3-song-download</loc>
    </url>
    <url>
      <loc>https://www.pagalsongs.online/ramti-aave-mp3-song-download</loc>
    </url>
    <url>
      <loc>https://www.pagalsongs.online/gunjega-india-mp3-song-download</loc>
    </url>
    <url>
      <loc>https://www.pagalsongs.online/bolo-bharat-mata-ki-jai-mp3-song-download</loc>
    </url>
    <url>
      <loc>https://www.pagalsongs.online/icc-cricket-world-cup-2023-tv-intro-mp3-song-download</loc>
    </url>
    <url>
      <loc>https://www.pagalsongs.online/india-cricket-world-cup-3-ka-dream-mp3-song-download</loc>
    </url>
    <url>
      <loc>https://www.pagalsongs.online/maza-aya-mp3-song-download</loc>
    </url>
    <url>
      <loc>https://www.pagalsongs.online/pyar-tumse-hi-karte-hai-mp3-song-download</loc>
    </url>
    <url>
      <loc>https://www.pagalsongs.online/pro-attitude-mp3-songs-download-2024</loc>
    </url>
    <url>
      <loc>https://www.pagalsongs.online/bad-boy-attitude-mp3-song-download</loc>
    </url>
    <url>
      <loc>https://www.pagalsongs.online/like-you-act-mp3--song-download</loc>
    </url>
    <url>
      <loc>https://www.pagalsongs.online/boys-attitude-mp3---songs-download-2024</loc>
    </url>
    <url>
      <loc>https://www.pagalsongs.online/sigma-rule-mp3-song-download</loc>
    </url>
    <url>
      <loc>https://www.pagalsongs.online/om-mani-padme-hum-mp3-songs-download</loc>
    </url>
    <url>
      <loc>https://www.pagalsongs.online/kafila-hoga-tera-sher-warga-mp3-song-download</loc>
    </url>
    <url>
      <loc>https://www.pagalsongs.online/aaram-aata-hai-deedar-se-tere-mp3-songs-download-2024</loc>
    </url>
    <url>
      <loc>https://www.pagalsongs.online/ik-lamha-mp3-song-download</loc>
    </url>
    <url>
      <loc>https://www.pagalsongs.online/du-haat-tule-nach-mp3-song-download</loc>
    </url>
    <url>
      <loc>https://www.pagalsongs.online/jaadugariyan-mp3-song-download</loc>
    </url>
    <url>
      <loc>https://www.pagalsongs.online/karam-bajwa-you-mp3--song-download</loc>
    </url>
    <url>
      <loc>https://www.pagalsongs.online/garbo-mp3-song-download</loc>
    </url>
    <url>
      <loc>https://www.pagalsongs.online/aankhen-to-kholo-swami-mp3---songs-download-2024</loc>
    </url>
    <url>
      <loc>https://www.pagalsongs.online/top-20-saxophone-nonstop-mp3-song-download</loc>
    </url>
    <url>
      <loc>https://www.pagalsongs.online/jeeta-tha-jiske-liye-mp3---songs-download</loc>
    </url>
    <url>
      <loc>https://www.pagalsongs.online/aaya-janamdin-tera-dil-ye-mp3-song-download</loc>
    </url>
    <url>
      <loc>https://www.pagalsongs.online/ini-dooram-mp3-song-download</loc>
    </url>
    <url>
      <loc>https://www.pagalsongs.online/kab-tu-aayega-itna-bata-de-mp3-song-download</loc>
    </url>
    <url>
      <loc>https://www.pagalsongs.online/aai-bapachi-ladachi-lek-mp3-song-download</loc>
    </url>
    <url>
      <loc>https://www.pagalsongs.online/rockstar-mp3-song-download-0</loc>
    </url>
    <url>
      <loc>https://www.pagalsongs.online/kali-enak-mp3-song-download</loc>
    </url>
    <url>
      <loc>https://www.pagalsongs.online/ram-aayenge-mp3-song-download-2024</loc>
    </url>
    <url>
      <loc>https://www.pagalsongs.online/mata-rani-ke-bhajan-mp3-song-download</loc>
    </url>
    <url>
      <loc>https://www.pagalsongs.online/shri-bhagwat-bhagwan-ki-aarti-mp3-song-download</loc>
    </url>
    <url>
      <loc>https://www.pagalsongs.online/tour-le-memes-mp3-song-download</loc>
    </url>
    <url>
      <loc>https://www.pagalsongs.online/ye-mehadi-ke-boote-mp3-song-download</loc>
    </url>
    <url>
      <loc>https://www.pagalsongs.online/shani-dev-ke-bhajan-mp3-song-download</loc>
    </url>
    <url>
      <loc>https://www.pagalsongs.online/bewafa-itna-ehsaan-mp3-song-download</loc>
    </url>
    <url>
      <loc>https://www.pagalsongs.online/never-gonna-change-2-mp3-song-download</loc>
    </url>
    <url>
      <loc>https://www.pagalsongs.online/mera-koi-na-sahara-bin-tere-mp3-song-download</loc>
    </url>
    <url>
      <loc>https://www.pagalsongs.online/shiv-shakti-se-hi-purn-hai-mp3-songs-download</loc>
    </url>
    <url>
      <loc>https://www.pagalsongs.online/parh-parh-ilm-hazar-kitaban-mp3-song-download</loc>
    </url>
    <url>
      <loc>https://www.pagalsongs.online/with-you-mashup-x-dil-nu-naresh-parmar-mp3--song-download</loc>
    </url>
    <url>
      <loc>https://www.pagalsongs.online/baaz-baaz-hogi-mp3--song-download</loc>
    </url>
    <url>
      <loc>https://www.pagalsongs.online/tere-yaar-ne-mp3-song-download</loc>
    </url>
    <url>
      <loc>https://www.pagalsongs.online/blue-eyes-remix-mp3--songs-download-2024</loc>
    </url>
    <url>
      <loc>https://www.pagalsongs.online/12th-fail-bolo-na-mp3--song-download</loc>
    </url>
    <url>
      <loc>https://www.pagalsongs.online/dhundle-dhundle-mp3-song-download</loc>
    </url>
    <url>
      <loc>https://www.pagalsongs.online/dil-se-2-0-mp3-song-download</loc>
    </url>
    <url>
      <loc>https://www.pagalsongs.online/hey-siri-mp3-song-download</loc>
    </url>
    <url>
      <loc>https://www.pagalsongs.online/nonstop-punjabi-x-english-mashup-dj-harsh-sharma-mp3-song-download</loc>
    </url>
    <url>
      <loc>https://www.pagalsongs.online/chiniyo-se-meeth-chumma-mp3-song-download</loc>
    </url>
    <url>
      <loc>https://www.pagalsongs.online/akad-ambale-ki-mp3-song-download</loc>
    </url>
    <url>
      <loc>https://www.pagalsongs.online/gallan-goriyan-mp3-song-download</loc>
    </url>
    <url>
      <loc>https://www.pagalsongs.online/mirchi-khushir-pujo-6-anthem-mp3-song-download</loc>
    </url>
    <url>
      <loc>https://www.pagalsongs.online/zamane-ki-sari-khushi-mil-gayi-hai-mp3-song-download</loc>
    </url>
    <url>
      <loc>https://www.pagalsongs.online/tu-nahi-to-ye-rut-ye-hawa-kya-karu-mp3-songs-download</loc>
    </url>
    <url>
      <loc>https://www.pagalsongs.online/tumhe-kya-batau-tum-mere-kya-ho-mp3-song-download</loc>
    </url>
    <url>
      <loc>https://www.pagalsongs.online/o-meri-jaan-mp3-song-download</loc>
    </url>
    <url>
      <loc>https://www.pagalsongs.online/chori-chori-chupke-chupke-mp3-song-download</loc>
    </url>
    <url>
      <loc>https://www.pagalsongs.online/pyaar-ki-ek-kahani-mp3--song-download-</loc>
    </url>
    <url>
      <loc>https://www.pagalsongs.online/dil-na-diya-mp3-song-download</loc>
    </url>
    <url>
      <loc>https://www.pagalsongs.online/rajan-ji-maharaj-bhajan-mp3-song-download</loc>
    </url>
    <url>
      <loc>https://www.pagalsongs.online/john-wick-rasputin-mp3-song-download</loc>
    </url>
    <url>
      <loc>https://www.pagalsongs.online/kya-ye-mera-pehla-pehla-pyar-hai-mp3-song-download</loc>
    </url>
    <url>
      <loc>https://www.pagalsongs.online/tu-na-jaane-aas-paas-hai-khuda-mp3-song-download</loc>
    </url>
    <url>
      <loc>https://www.pagalsongs.online/tujhe-bhula-diya-mp3-song-download</loc>
    </url>
    <url>
      <loc>https://www.pagalsongs.online/tumse-hi-tumse-mp3---song-download</loc>
    </url>
    <url>
      <loc>https://www.pagalsongs.online/nonstop-mata-bhajan-durga-maa-mp3-song-download</loc>
    </url>
    <url>
      <loc>https://www.pagalsongs.online/kal-tak-jiske-sapne-dekhe-mp3-song-download</loc>
    </url>
    <url>
      <loc>https://www.pagalsongs.online/gym-workout-the-gym-beats-mp3-song-download</loc>
    </url>
    <url>
      <loc>https://www.pagalsongs.online/kismat-ka-khel-sara-mp3-song-download</loc>
    </url>
    <url>
      <loc>https://www.pagalsongs.online/leke-pehla-pehla-pyar-remix-mp3-song-download</loc>
    </url>
    <url>
      <loc>https://www.pagalsongs.online/leke-pahla-pahla-pyar-mp3-song-download-0</loc>
    </url>
    <url>
      <loc>https://www.pagalsongs.online/leja-re-mp3-song-download-</loc>
    </url>
    <url>
      <loc>https://www.pagalsongs.online/cg-bhakti-songs-collection-mp3-song-download</loc>
    </url>
    <url>
      <loc>https://www.pagalsongs.online/supreme-sidhu-cali-mp3-song-download</loc>
    </url>
    <url>
      <loc>https://www.pagalsongs.online/man-jite-ji-margi-mp3-song-download</loc>
    </url>
    <url>
      <loc>https://www.pagalsongs.online/a-raja-ji-baja-baji-ki-na-baji-mp3-song-download</loc>
    </url>
    <url>
      <loc>https://www.pagalsongs.online/yeh-raaten-yeh-mausam-lofi-mp3---songs-download-2024</loc>
    </url>
    <url>
      <loc>https://www.pagalsongs.online/ram-naam-aadhar-jinhe-mp3--song-download</loc>
    </url>
    <url>
      <loc>https://www.pagalsongs.online/sajan-sajan-teri-dulhan-mp3-song-download</loc>
    </url>
    <url>
      <loc>https://www.pagalsongs.online/parayuvaan-mp3-song-download</loc>
    </url>
    <url>
      <loc>https://www.pagalsongs.online/tick-tick-boom-mp3-song-download</loc>
    </url>
    <url>
      <loc>https://www.pagalsongs.online/zaroori-tha-male-cover-mp3-song-download</loc>
    </url>
    <url>
      <loc>https://www.pagalsongs.online/mahabharata-instrumental-music-mp3-song-download</loc>
    </url>
    <url>
      <loc>https://www.pagalsongs.online/mahabharat-title-song-slowed-reverb-mp3-song-download</loc>
    </url>
    <url>
      <loc>https://www.pagalsongs.online/izhar-hua-ringtone-mp3--song-download</loc>
    </url>
    <url>
      <loc>https://www.pagalsongs.online/maine-o-sanam-tujhe-pyaar-kiya-mp3-song-download</loc>
    </url>
    <url>
      <loc>https://www.pagalsongs.online/jai-maa-vaishnodevi-mp3-song-download</loc>
    </url>
    <url>
      <loc>https://www.pagalsongs.online/mahalaya-original-chandi-path-mp3-song-download</loc>
    </url>
    <url>
      <loc>https://www.pagalsongs.online/dena-hai-to-de-de-saavre-mp3-song-download</loc>
    </url>
    <url>
      <loc>https://www.pagalsongs.online/moh-moh-ke-dhaage-mp3-song-download</loc>
    </url>
    <url>
      <loc>https://www.pagalsongs.online/bombay-to-punjab-mp3-song-download</loc>
    </url>
    <url>
      <loc>https://www.pagalsongs.online/asees-kaur-ammiye-mp3-song-download</loc>
    </url>
    <url>
      <loc>https://www.pagalsongs.online/tere-naam-ki-choodiyaan-mp3-song-download</loc>
    </url>
    <url>
      <loc>https://www.pagalsongs.online/samandar-sharaab-mp3-song-download</loc>
    </url>
    <url>
      <loc>https://www.pagalsongs.online/lets-talk-mp3-song-download</loc>
    </url>
    <url>
      <loc>https://www.pagalsongs.online/saadgi-mp3-song-download-</loc>
    </url>
    <url>
      <loc>https://www.pagalsongs.online/tere-dil-tak-aana-hai-mp3-song-download-2024</loc>
    </url>
    <url>
      <loc>https://www.pagalsongs.online/jhumka-dr-zeus-mp3-song-download</loc>
    </url>
    <url>
      <loc>https://www.pagalsongs.online/chhadeyan-da-head-mp3-song-download</loc>
    </url>
    <url>
      <loc>https://www.pagalsongs.online/kaala-dhaga-mp3-song-download</loc>
    </url>
    <url>
      <loc>https://www.pagalsongs.online/moye-more-mp3-song-download</loc>
    </url>
    <url>
      <loc>https://www.pagalsongs.online/heeriye-heeriye-aa-mp3-song-download</loc>
    </url>
    <url>
      <loc>https://www.pagalsongs.online/sab-se-keemti-hai-tu-mp3-songs-download-2024</loc>
    </url>
    <url>
      <loc>https://www.pagalsongs.online/anbenum-mp3-song-download</loc>
    </url>
    <url>
      <loc>https://www.pagalsongs.online/gangstas-paradise-mp3---song-download-0</loc>
    </url>
    <url>
      <loc>https://www.pagalsongs.online/hua-main-mp3-song-download-animal-0</loc>
    </url>
    <url>
      <loc>https://www.pagalsongs.online/broken-drill-mp3-song-download</loc>
    </url>
    <url>
      <loc>https://www.pagalsongs.online/mausam-kii-tarah-2-0-mp3-song-download</loc>
    </url>
    <url>
      <loc>https://www.pagalsongs.online/oye-ojaye-mp3-song-download</loc>
    </url>
    <url>
      <loc>https://www.pagalsongs.online/sara-sehar-mp3-song-download</loc>
    </url>
    <url>
      <loc>https://www.pagalsongs.online/hola-amigo-mp3-song-download</loc>
    </url>
    <url>
      <loc>https://www.pagalsongs.online/black-suit-mp3-songs-download-2024</loc>
    </url>
    <url>
      <loc>https://www.pagalsongs.online/a-journey-of-punjabi-mashup-again-sunny-hassan-mp3-song-download</loc>
    </url>
    <url>
      <loc>https://www.pagalsongs.online/jatt-di-pasand-mp3-song-download</loc>
    </url>
    <url>
      <loc>https://www.pagalsongs.online/pyaar-hota-kayi-baar-hai-club-mix-dj-star-mp3-songs-download-2024</loc>
    </url>
    <url>
      <loc>https://www.pagalsongs.online/bandhu-3-din-mp3-song-download</loc>
    </url>
    <url>
      <loc>https://www.pagalsongs.online/tum-bin-mp3-song-download</loc>
    </url>
    <url>
      <loc>https://www.pagalsongs.online/aakhein-kajal-mp3-song-download</loc>
    </url>
    <url>
      <loc>https://www.pagalsongs.online/pyaar-dobara-mp3-song-download</loc>
    </url>
    <url>
      <loc>https://www.pagalsongs.online/tum-kab-aaoge-mp3-song-download</loc>
    </url>
    <url>
      <loc>https://www.pagalsongs.online/meri-bekhudi-mp3-song-download</loc>
    </url>
    <url>
      <loc>https://www.pagalsongs.online/ye-dooriyan-mp3-song-download</loc>
    </url>
    <url>
      <loc>https://www.pagalsongs.online/do-bol-mp3-song-download</loc>
    </url>
    <url>
      <loc>https://www.pagalsongs.online/aakhir-mp3-song-download-0</loc>
    </url>
    <url>
      <loc>https://www.pagalsongs.online/khand-mishri-mp3-song-download</loc>
    </url>
    <url>
      <loc>https://www.pagalsongs.online/lemme-speak-mp3-song-download</loc>
    </url>
    <url>
      <loc>https://www.pagalsongs.online/bintu-pabra-yaari-mp3-song-download</loc>
    </url>
    <url>
      <loc>https://www.pagalsongs.online/gaadi-kaali-mp3-song-download</loc>
    </url>
    <url>
      <loc>https://www.pagalsongs.online/rip-mp3-song-download</loc>
    </url>
    <url>
      <loc>https://www.pagalsongs.online/phd-mp3-song-download</loc>
    </url>
    <url>
      <loc>https://www.pagalsongs.online/pagol-mp3-song-download-2024</loc>
    </url>
    <url>
      <loc>https://www.pagalsongs.online/dreamer-lucas-mp3-songs-download-2024</loc>
    </url>
    <url>
      <loc>https://www.pagalsongs.online/tu-samne-baitha-rahe-mp3-song-download</loc>
    </url>
    <url>
      <loc>https://www.pagalsongs.online/raja-kai-la-biyah-tu-mota-jaiba-ho-mp3-song-download-2024</loc>
    </url>
    <url>
      <loc>https://www.pagalsongs.online/pehla-sa-pyaar-mp3-song-download</loc>
    </url>
    <url>
      <loc>https://www.pagalsongs.online/botlan-mp3-song-download</loc>
    </url>
    <url>
      <loc>https://www.pagalsongs.online/wah-kya-cheez-mp3-song-download</loc>
    </url>
    <url>
      <loc>https://www.pagalsongs.online/haanji-mp3-song-download</loc>
    </url>
    <url>
      <loc>https://www.pagalsongs.online/follow-karda-mp3-song-download</loc>
    </url>
    <url>
      <loc>https://www.pagalsongs.online/chal-hutt-mp3-song-download</loc>
    </url>
    <url>
      <loc>https://www.pagalsongs.online/dil-jashn-bole-mp3-song-download</loc>
    </url>
    <url>
      <loc>https://www.pagalsongs.online/sanu-ajkal-sheesha-bada-ched-da-mp3-song-download</loc>
    </url>
    <url>
      <loc>https://www.pagalsongs.online/savaria-mp3-song-download</loc>
    </url>
    <url>
      <loc>https://www.pagalsongs.online/main-agar-kahoon-mp3--song-download-</loc>
    </url>
    <url>
      <loc>https://www.pagalsongs.online/main-agar-kahoon-slowed-reverb-mp3--song-download-</loc>
    </url>
    <url>
      <loc>https://www.pagalsongs.online/janam-janam-slowed-reverb-mp3-song-download</loc>
    </url>
    <url>
      <loc>https://www.pagalsongs.online/gerua-slowed-reverb-mp3-song-download</loc>
    </url>
    <url>
      <loc>https://www.pagalsongs.online/akshar-taur-mp3-song-download</loc>
    </url>
    <url>
      <loc>https://www.pagalsongs.online/chore-haryane-aale-mp3-song-download</loc>
    </url>
    <url>
      <loc>https://www.pagalsongs.online/kalakaar-mashup-dj-bhav-london-sunix-thakor-mp3-song-download</loc>
    </url>
    <url>
      <loc>https://www.pagalsongs.online/gur-nalon-ishq-mitha-desi-mix-dj-g2-singapore-mp3-song-download</loc>
    </url>
    <url>
      <loc>https://www.pagalsongs.online/yadav-brand-2-mp3-song-download</loc>
    </url>
    <url>
      <loc>https://www.pagalsongs.online/raata-lambiyaan-mp3-song-download</loc>
    </url>
    <url>
      <loc>https://www.pagalsongs.online/inaam-mp3-song-download</loc>
    </url>
    <url>
      <loc>https://www.pagalsongs.online/tere-vaaste-remix-dj-nyk-mp3-song-download</loc>
    </url>
    <url>
      <loc>https://www.pagalsongs.online/oo-bolega-ya-oo-oo-bolega-remix-mp3-song-download</loc>
    </url>
    <url>
      <loc>https://www.pagalsongs.online/pahada-nu-mp3-song-download</loc>
    </url>
    <url>
      <loc>https://www.pagalsongs.online/boo-thang-mp3--song-download</loc>
    </url>
    <url>
      <loc>https://www.pagalsongs.online/raas-sheetal-jaana-hai-toh-jaa-mp3-song-download-2024</loc>
    </url>
    <url>
      <loc>https://www.pagalsongs.online/ghodey-pe-sawaar-mp3-song-download</loc>
    </url>
    <url>
      <loc>https://www.pagalsongs.online/khuda-hafiz-mp3-song-download</loc>
    </url>
    <url>
      <loc>https://www.pagalsongs.online/zamana-chor-mp3-song-download</loc>
    </url>
    <url>
      <loc>https://www.pagalsongs.online/rahat-fateh-ali-khan-rang-mp3-song-download</loc>
    </url>
    <url>
      <loc>https://www.pagalsongs.online/leo-badass-mp3-song-download</loc>
    </url>
    <url>
      <loc>https://www.pagalsongs.online/thats-why-mp3-song-download</loc>
    </url>
    <url>
      <loc>https://www.pagalsongs.online/no-fake-mp3-song-download</loc>
    </url>
    <url>
      <loc>https://www.pagalsongs.online/gaadi-gayi-suuu-mp3-song-download</loc>
    </url>
    <url>
      <loc>https://www.pagalsongs.online/navratri-mashup-2023-mp3-song-download</loc>
    </url>
    <url>
      <loc>https://www.pagalsongs.online/maari-maavadi-mp3-song-download</loc>
    </url>
    <url>
      <loc>https://www.pagalsongs.online/zankaar-2-0-mp3-song-download</loc>
    </url>
    <url>
      <loc>https://www.pagalsongs.online/kesariya-garba-no-rang-lagyo-mp3-song-download</loc>
    </url>
    <url>
      <loc>https://www.pagalsongs.online/tu-mujhko-mila-hai-mp3-songs-download</loc>
    </url>
    <url>
      <loc>https://www.pagalsongs.online/sher-jatt-mp3-song-download</loc>
    </url>
    <url>
      <loc>https://www.pagalsongs.online/thoda-thoda-baarish-mp3-song-download</loc>
    </url>
    <url>
      <loc>https://www.pagalsongs.online/keejo-kesari-ke-laal-dj-karan-kahar-mp3-song-download</loc>
    </url>
    <url>
      <loc>https://www.pagalsongs.online/non-stop-love-mashup-lofi-slowed-reverb-mp3--0s-download</loc>
    </url>
    <url>
      <loc>https://www.pagalsongs.online/yo-yo-honey-singh-x-imran-khan-mashup-naresh-parmar-mp3-song-download</loc>
    </url>
    <url>
      <loc>https://www.pagalsongs.online/jaz-dhami-yaad-mp3-song-download</loc>
    </url>
    <url>
      <loc>https://www.pagalsongs.online/inder-dhillon-daaru-mp3-song-download</loc>
    </url>
    <url>
      <loc>https://www.pagalsongs.online/meet-kamrawa-wala-all-good-mp3-song-download</loc>
    </url>
    <url>
      <loc>https://www.pagalsongs.online/yaad-teri-aaye-baar-baar-lofi-remix-mp3-song-download</loc>
    </url>
    <url>
      <loc>https://www.pagalsongs.online/touch-mp3-song-download</loc>
    </url>
    <url>
      <loc>https://www.pagalsongs.online/arijit-singh-bhool-ja-mp3-song-download</loc>
    </url>
    <url>
      <loc>https://www.pagalsongs.online/arzi-mp3-song-download</loc>
    </url>
    <url>
      <loc>https://www.pagalsongs.online/mood-mp3---songs-download-2024</loc>
    </url>
    <url>
      <loc>https://www.pagalsongs.online/kaushik-mann-laage-mp3--song-download</loc>
    </url>
    <url>
      <loc>https://www.pagalsongs.online/jaal-mp3-song-download</loc>
    </url>
    <url>
      <loc>https://www.pagalsongs.online/samjan-mp3-song-download</loc>
    </url>
    <url>
      <loc>https://www.pagalsongs.online/jay-hanuman-mp3-song-download</loc>
    </url>
    <url>
      <loc>https://www.pagalsongs.online/rabb-wangu-slowed-reverb-mp3-song-download</loc>
    </url>
    <url>
      <loc>https://www.pagalsongs.online/daku-slowed-reverbed--mp3-song-download</loc>
    </url>
    <url>
      <loc>https://www.pagalsongs.online/zihaal-e-miskin-slowed-reverb-mp3-song-download</loc>
    </url>
    <url>
      <loc>https://www.pagalsongs.online/waalian-slowed-reverb-mp3---song-download-x</loc>
    </url>
    <url>
      <loc>https://www.pagalsongs.online/main-woh-chaand-slowed-reverb-mp3-song-download</loc>
    </url>
    <url>
      <loc>https://www.pagalsongs.online/we-rollin-slowed-reverb-mp3-song-download-2024</loc>
    </url>
    <url>
      <loc>https://www.pagalsongs.online/295-slowed-reverb-mp3-song-download-2024</loc>
    </url>
    <url>
      <loc>https://www.pagalsongs.online/excuses-lofi-mp3-song-download</loc>
    </url>
    <url>
      <loc>https://www.pagalsongs.online/so-high-slowed-reverb-mp3---0s-download-2024</loc>
    </url>
    <url>
      <loc>https://www.pagalsongs.online/excuses-x-bewafa-mashup-dj-sumit-rajwanshi-mp3-song-download</loc>
    </url>
    <url>
      <loc>https://www.pagalsongs.online/bewafa-slowed-reverb-mp3-song-download</loc>
    </url>
    <url>
      <loc>https://www.pagalsongs.online/california-love-slowed-reverb-mp3-song-download</loc>
    </url>
    <url>
      <loc>https://www.pagalsongs.online/all-black-slowed-reverb-mp3-songs-download-2024</loc>
    </url>
    <url>
      <loc>https://www.pagalsongs.online/sarkar-slowed-reverb-mp3-song-download</loc>
    </url>
    <url>
      <loc>https://www.pagalsongs.online/feel-the-mashup-slowed-reverb-mp3-song-download</loc>
    </url>
    <url>
      <loc>https://www.pagalsongs.online/desi-kalakar-slowed-reverb-mp3-song-download</loc>
    </url>
    <url>
      <loc>https://www.pagalsongs.online/perfume-mp3-song-download</loc>
    </url>
    <url>
      <loc>https://www.pagalsongs.online/heeriye-ringtone-mp3-song-download</loc>
    </url>
    <url>
      <loc>https://www.pagalsongs.online/heeriye-mashup-2023-bicky-official-mp3-song-download</loc>
    </url>
    <url>
      <loc>https://www.pagalsongs.online/desi-kalakaar-remix-mp3-song-download</loc>
    </url>
    <url>
      <loc>https://www.pagalsongs.online/gadi-gayi-suuu-mp3-song-download</loc>
    </url>
    <url>
      <loc>https://www.pagalsongs.online/heeriye-mashup-naresh-parmar-mp3-song-download</loc>
    </url>
    <url>
      <loc>https://www.pagalsongs.online/9-45-x-aaja-we-mahiya-mega-mashup-sumit-vimal-mp3-song---download-2024</loc>
    </url>
    <url>
      <loc>https://www.pagalsongs.online/parinda-paar-geya-mp3-song-download</loc>
    </url>
    <url>
      <loc>https://www.pagalsongs.online/desi-kalakaar-mega-mashup-dj-sumit-rajwanshi-mp3-songs-download</loc>
    </url>
    <url>
      <loc>https://www.pagalsongs.online/mc-square-mashooka-mp3-song-download</loc>
    </url>
    <url>
      <loc>https://www.pagalsongs.online/dil-dooba-remix-farooq-mp3--song-download</loc>
    </url>
    <url>
      <loc>https://www.pagalsongs.online/45-minutes-punjabi-nonstop-hits-2023-dj-harsh-sharma-mp3-song-download</loc>
    </url>
    <url>
      <loc>https://www.pagalsongs.online/chaleya-mega-mashup-dj-shadow-dubai-mp3-song-download</loc>
    </url>
    <url>
      <loc>https://www.pagalsongs.online/yeh-raaten-yeh-mausam-mp3-song-download</loc>
    </url>
    <url>
      <loc>https://www.pagalsongs.online/utshorgo-mp3-song-download-0</loc>
    </url>
    <url>
      <loc>https://www.pagalsongs.online/shiv-meri-shakti-mp3-song-download</loc>
    </url>
    <url>
      <loc>https://www.pagalsongs.online/dil-toh-leke-jaa-mp3-song-download</loc>
    </url>
    <url>
      <loc>https://www.pagalsongs.online/jaatan-ki-jail-mp3-song-download</loc>
    </url>
    <url>
      <loc>https://www.pagalsongs.online/pache-pache-aavan-ka-mp3-song-download</loc>
    </url>
    <url>
      <loc>https://www.pagalsongs.online/sachin-sanghvi-dheeme-dheeme-mp3-song-download</loc>
    </url>
    <url>
      <loc>https://www.pagalsongs.online/kaisan-piyawa-ke-charitar-ba-2-0-mp3-song-download</loc>
    </url>
    <url>
      <loc>https://www.pagalsongs.online/pari-pandher-malwain-mp3-song-download</loc>
    </url>
    <url>
      <loc>https://www.pagalsongs.online/life-war-mp3-songs-download</loc>
    </url>
    <url>
      <loc>https://www.pagalsongs.online/gift-to-dad-mp3-song-download</loc>
    </url>
    <url>
      <loc>https://www.pagalsongs.online/ki-haal-chaal-ae-mp3-song-download</loc>
    </url>
    <url>
      <loc>https://www.pagalsongs.online/deep-maan-chori-chori-mp3--song-download</loc>
    </url>
    <url>
      <loc>https://www.pagalsongs.online/humrahi-mp3-song-download</loc>
    </url>
    <url>
      <loc>https://www.pagalsongs.online/jo-bheji-thi-dua-mp3-song-download</loc>
    </url>
    <url>
      <loc>https://www.pagalsongs.online/dil-sambhal-ja-zara-mp3-song-download</loc>
    </url>
    <url>
      <loc>https://www.pagalsongs.online/hasi-ban-gaye-female-mp3-song-download</loc>
    </url>
    <url>
      <loc>https://www.pagalsongs.online/hasi-ban-gaye-mp3-song-download</loc>
    </url>
    <url>
      <loc>https://www.pagalsongs.online/california-love-mp3-song-download</loc>
    </url>
    <url>
      <loc>https://www.pagalsongs.online/blue-eyes-mp3--song-download-0</loc>
    </url>
    <url>
      <loc>https://www.pagalsongs.online/atif-aslam-aadat-mp3---songs-download-2024</loc>
    </url>
    <url>
      <loc>https://www.pagalsongs.online/desi-kalakaar-mp3-song-download-</loc>
    </url>
    <url>
      <loc>https://www.pagalsongs.online/heeriye-mashup-knockwell-mp3-song-download</loc>
    </url>
    <url>
      <loc>https://www.pagalsongs.online/tere-hawale-slowed-and-reverb-mp3-song-download</loc>
    </url>
    <url>
      <loc>https://www.pagalsongs.online/bajrang-baan-lofi-mp3-song-download</loc>
    </url>
    <url>
      <loc>https://www.pagalsongs.online/eminem-mockingbird-lofi-cover-mp3--song-download</loc>
    </url>
    <url>
      <loc>https://www.pagalsongs.online/first-love-mashup-slowed-reverb-mp3-song-download</loc>
    </url>
    <url>
      <loc>https://www.pagalsongs.online/best-of-arijit-singh-mashup-2023-mp3-song-download</loc>
    </url>
    <url>
      <loc>https://www.pagalsongs.online/kamariya-dole-slowed-reverb-mp3-song-download</loc>
    </url>
    <url>
      <loc>https://www.pagalsongs.online/ye-jism-hai-to-kya-slowed-reverb-mp3-songs-download</loc>
    </url>
    <url>
      <loc>https://www.pagalsongs.online/daulat-shohrat-lofi-mp3--songs-download--2024</loc>
    </url>
    <url>
      <loc>https://www.pagalsongs.online/tu-aake-dekh-le-slowed-reverb-lofi-mp3-songs-download-2024</loc>
    </url>
    <url>
      <loc>https://www.pagalsongs.online/best-of-arijit-singh-lofi-mp3-song-download</loc>
    </url>
    <url>
      <loc>https://www.pagalsongs.online/o-bedardeya-x-kahani-suno-lofi-slowed-reverb-mp3-song-download</loc>
    </url>
    <url>
      <loc>https://www.pagalsongs.online/cheques-slowed-reverb-mp3-song-download</loc>
    </url>
    <url>
      <loc>https://www.pagalsongs.online/50-min-mind-relax-bollywood-lofi-mp3-song-download</loc>
    </url>
    <url>
      <loc>https://www.pagalsongs.online/top-mind-relax-lofi-mashup-slowed-reverb-mp3-song-download</loc>
    </url>
    <url>
      <loc>https://www.pagalsongs.online/feeling-alone-lofi-mashup-mp3-song-download</loc>
    </url>
    <url>
      <loc>https://www.pagalsongs.online/excuses-lofi-slowed-reverb-mp3-song-download</loc>
    </url>
    <url>
      <loc>https://www.pagalsongs.online/tu-hi-haqeeqat-lofi-slow-reverb-mp3--song-download</loc>
    </url>
    <url>
      <loc>https://www.pagalsongs.online/detail-lofi-mp3-song-download-20</loc>
    </url>
    <url>
      <loc>https://www.pagalsongs.online/cry-night-heartboken-hindi-lofi-slowed-reverb-mp3-songs-download-2024</loc>
    </url>
    <url>
      <loc>https://www.pagalsongs.online/baarishein-lofi-mix-mp3-song-download-2024</loc>
    </url>
    <url>
      <loc>https://www.pagalsongs.online/hawayein-slowed-reverb-mp3-song-download</loc>
    </url>
    <url>
      <loc>https://www.pagalsongs.online/hum-tumko-nigahon-mein-lofi-mp3-songs-download</loc>
    </url>
    <url>
      <loc>https://www.pagalsongs.online/saware-slowed-and-reverb-mp3-song-download</loc>
    </url>
    <url>
      <loc>https://www.pagalsongs.online/tum-jo-aaye-lofi-slowed-reverb-mp3-song-download</loc>
    </url>
    <url>
      <loc>https://www.pagalsongs.online/adharam-madhuram-slow-reverb-mp3-song-download</loc>
    </url>
    <url>
      <loc>https://www.pagalsongs.online/raanjhana-ve-slowed-reverb-mp3-song-download</loc>
    </url>
    <url>
      <loc>https://www.pagalsongs.online/sankat-mochan-hanuman-lofi-mp3-song-download</loc>
    </url>
    <url>
      <loc>https://www.pagalsongs.online/falak-tak-chal-sath-mere-slowed-reverb-mp3-song-download</loc>
    </url>
    <url>
      <loc>https://www.pagalsongs.online/ishq-sufiyana-slowed-reverb-mp3-song-download</loc>
    </url>
    <url>
      <loc>https://www.pagalsongs.online/bewafa-x-aaja-we-mahiya-lofi-mashup-mp3-song-download</loc>
    </url>
    <url>
      <loc>https://www.pagalsongs.online/sad-lofi-mp3-song-download</loc>
    </url>
    <url>
      <loc>https://www.pagalsongs.online/no-love-slowed-reverbed-mp3-song-download</loc>
    </url>
    <url>
      <loc>https://www.pagalsongs.online/best-mind-relax-slowed-x-reverb-mp3-songs-download-2024</loc>
    </url>
    <url>
      <loc>https://www.pagalsongs.online/night-sad-sleeping-broken-heart-slowed-reverb-mp3-songs-download</loc>
    </url>
    <url>
      <loc>https://www.pagalsongs.online/ajj-jaan-ni-mai-jaan-tenu-dena-slowed-reverb-mp3-song-download</loc>
    </url>
    <url>
      <loc>https://www.pagalsongs.online/hookah-bar-slowed-reverb-mp3-song-download</loc>
    </url>
    <url>
      <loc>https://www.pagalsongs.online/sigma-rules-slowed-reverb-mp3-song-download</loc>
    </url>
    <url>
      <loc>https://www.pagalsongs.online/life-mp3--songs-download</loc>
    </url>
    <url>
      <loc>https://www.pagalsongs.online/tujhe-na-dekhu-toh-chain-mp3-song-download</loc>
    </url>
    <url>
      <loc>https://www.pagalsongs.online/khushboo-mp3-song-download</loc>
    </url>
    <url>
      <loc>https://www.pagalsongs.online/badmashi-remake-mp3-song-download</loc>
    </url>
    <url>
      <loc>https://www.pagalsongs.online/on-my-way-mp3--songs-download-2024-2023</loc>
    </url>
    <url>
      <loc>https://www.pagalsongs.online/na-hosh-chale-film-version-mp3-song-download</loc>
    </url>
    <url>
      <loc>https://www.pagalsongs.online/tanhai-female-version-mp3-song-download</loc>
    </url>
    <url>
      <loc>https://www.pagalsongs.online/dil-dushman-female-version-mp3-song-download</loc>
    </url>
    <url>
      <loc>https://www.pagalsongs.online/mann-na-rangaave-mp3-songs-download</loc>
    </url>
    <url>
      <loc>https://www.pagalsongs.online/tanhai-mp3-song-download</loc>
    </url>
    <url>
      <loc>https://www.pagalsongs.online/bujhee-bujhee-mp3-song-download</loc>
    </url>
    <url>
      <loc>https://www.pagalsongs.online/na-hosh-chale-mp3-song-download</loc>
    </url>
    <url>
      <loc>https://www.pagalsongs.online/mat-aana-mp3-song-download</loc>
    </url>
    <url>
      <loc>https://www.pagalsongs.online/dil-dushman-mp3-song-download</loc>
    </url>
    <url>
      <loc>https://www.pagalsongs.online/two-of-us-mp3-songs-download-2024</loc>
    </url>
    <url>
      <loc>https://www.pagalsongs.online/boss-type-mp3-song-download</loc>
    </url>
    <url>
      <loc>https://www.pagalsongs.online/afreen-mp3-song-download</loc>
    </url>
    <url>
      <loc>https://www.pagalsongs.online/26-aala-mp3-song-download</loc>
    </url>
    <url>
      <loc>https://www.pagalsongs.online/je-dil-ni-dena-mp3-song-download</loc>
    </url>
    <url>
      <loc>https://www.pagalsongs.online/ayee-mp3-song-download</loc>
    </url>
    <url>
      <loc>https://www.pagalsongs.online/pyar-eda-da-mp3-song-download</loc>
    </url>
    <url>
      <loc>https://www.pagalsongs.online/unki-aadat-si-mp3-song-download</loc>
    </url>
    <url>
      <loc>https://www.pagalsongs.online/kya-fark-padta-hai-mp3-song-download</loc>
    </url>
    <url>
      <loc>https://www.pagalsongs.online/ninja-teri-hoi-na-hundi-mp3-song-download</loc>
    </url>
    <url>
      <loc>https://www.pagalsongs.online/mere-ho-jao-mp3-song-download</loc>
    </url>
    <url>
      <loc>https://www.pagalsongs.online/k-y-u-2-0-mp3-song-download</loc>
    </url>
    <url>
      <loc>https://www.pagalsongs.online/kali-raat-mp3-song-download</loc>
    </url>
    <url>
      <loc>https://www.pagalsongs.online/hum-toote-hai-mp3-songs-download-2024</loc>
    </url>
    <url>
      <loc>https://www.pagalsongs.online/fame-talk-mp3-song-download</loc>
    </url>
    <url>
      <loc>https://www.pagalsongs.online/kalam-kaar-mp3-song-download</loc>
    </url>
    <url>
      <loc>https://www.pagalsongs.online/tumari-tasveeren-mp3-song-download</loc>
    </url>
    <url>
      <loc>https://www.pagalsongs.online/ghalib-mp3-song-download</loc>
    </url>
    <url>
      <loc>https://www.pagalsongs.online/aaj-bhi-aap-mp3-song-download</loc>
    </url>
    <url>
      <loc>https://www.pagalsongs.online/ra-ta-ta-mp3-song-download</loc>
    </url>
    <url>
      <loc>https://www.pagalsongs.online/yadon-se-mp3-song-download</loc>
    </url>
    <url>
      <loc>https://www.pagalsongs.online/k-y-u-mp3-song-download</loc>
    </url>
    <url>
      <loc>https://www.pagalsongs.online/kalam-ink-zindagi-mp3-song-download</loc>
    </url>
    <url>
      <loc>https://www.pagalsongs.online/street-flow-mp3-song-download</loc>
    </url>
    <url>
      <loc>https://www.pagalsongs.online/main-to-chaleya-teri-or-mp3-song-download</loc>
    </url>
    <url>
      <loc>https://www.pagalsongs.online/om-jayatang-devi-chamunde-mp3-song-download</loc>
    </url>
    <url>
      <loc>https://www.pagalsongs.online/pujor-gondho-eseche-mp3-song-download</loc>
    </url>
    <url>
      <loc>https://www.pagalsongs.online/sharodbelar-agomoni-mp3-song-download</loc>
    </url>
    <url>
      <loc>https://www.pagalsongs.online/eseche-amader-durga-maa-mp3-song-download</loc>
    </url>
    <url>
      <loc>https://www.pagalsongs.online/agomoni-gaan-2023-mp3-song-download</loc>
    </url>
    <url>
      <loc>https://www.pagalsongs.online/nacho-nacho-sobai-re-mp3-song-download</loc>
    </url>
    <url>
      <loc>https://www.pagalsongs.online/durga-puja-song-collection-2023-mp3-song-download</loc>
    </url>
    <url>
      <loc>https://www.pagalsongs.online/e-pujor-super-hero-mp3-song-download</loc>
    </url>
    <url>
      <loc>https://www.pagalsongs.online/porlo-dhake-kathi-mp3-song-download</loc>
    </url>
    <url>
      <loc>https://www.pagalsongs.online/phir-aur-kya-chahiye-remix-dj-nyk-mp3-song-download</loc>
    </url>
    <url>
      <loc>https://www.pagalsongs.online/putt-mehlan-de-mp3-song-download</loc>
    </url>
    <url>
      <loc>https://www.pagalsongs.online/lal-dabbi-mp3---songs-download</loc>
    </url>
    <url>
      <loc>https://www.pagalsongs.online/bhabhi-2-mp3-song-download</loc>
    </url>
    <url>
      <loc>https://www.pagalsongs.online/o-piya-mp3-song-download</loc>
    </url>
    <url>
      <loc>https://www.pagalsongs.online/nanak-naam-jahaaz-hai-mp3-song-download</loc>
    </url>
    <url>
      <loc>https://www.pagalsongs.online/keemti-mp3-song-download</loc>
    </url>
    <url>
      <loc>https://www.pagalsongs.online/jeetenge-reprise-mp3-song-download</loc>
    </url>
    <url>
      <loc>https://www.pagalsongs.online/jeetenge-mp3-song-download-0</loc>
    </url>
    <url>
      <loc>https://www.pagalsongs.online/heeriye-mashup-vdj-royal-mp3-song-download-2024</loc>
    </url>
    <url>
      <loc>https://www.pagalsongs.online/serenade-mp3---song-download</loc>
    </url>
    <url>
      <loc>https://www.pagalsongs.online/midnight-desires-mp3-song-download</loc>
    </url>
    <url>
      <loc>https://www.pagalsongs.online/psychotic-mp3-song-download</loc>
    </url>
    <url>
      <loc>https://www.pagalsongs.online/cry-later-mp3--songs-download-2024</loc>
    </url>
    <url>
      <loc>https://www.pagalsongs.online/case-mp3--song-download</loc>
    </url>
    <url>
      <loc>https://www.pagalsongs.online/whatcha-doin-mp3-song-download</loc>
    </url>
    <url>
      <loc>https://www.pagalsongs.online/jatt-vailly-mp3-song-download</loc>
    </url>
    <url>
      <loc>https://www.pagalsongs.online/lalkara-mp3--song-download</loc>
    </url>
    <url>
      <loc>https://www.pagalsongs.online/diljit-dosanjh-bad-habits-mp3-song-download</loc>
    </url>
    <url>
      <loc>https://www.pagalsongs.online/stars-mp3-song-download</loc>
    </url>
    <url>
      <loc>https://www.pagalsongs.online/icon-mp3-song-download</loc>
    </url>
    <url>
      <loc>https://www.pagalsongs.online/poppin-mp3-song-download</loc>
    </url>
    <url>
      <loc>https://www.pagalsongs.online/daytona-mp3-song-download</loc>
    </url>
    <url>
      <loc>https://www.pagalsongs.online/kehkashan-mp3-song-download</loc>
    </url>
    <url>
      <loc>https://www.pagalsongs.online/kinni-kinni-mp3-song-download-</loc>
    </url>
    <url>
      <loc>https://www.pagalsongs.online/amiri-mp3-song-download</loc>
    </url>
    <url>
      <loc>https://www.pagalsongs.online/drowning-mp3-song-download</loc>
    </url>
    <url>
      <loc>https://www.pagalsongs.online/ghost-mp3---song-download-2x</loc>
    </url>
    <url>
      <loc>https://www.pagalsongs.online/drivery-mp3-song-download-0</loc>
    </url>
    <url>
      <loc>https://www.pagalsongs.online/day-night-mp3-song-download</loc>
    </url>
    <url>
      <loc>https://www.pagalsongs.online/bhalobashar-kinaraay-mp3-song-download</loc>
    </url>
    <url>
      <loc>https://www.pagalsongs.online/mere-piyaa-ki-fitratt-mp3-song-download</loc>
    </url>
    <url>
      <loc>https://www.pagalsongs.online/bitter-betrayals-mp3--songs-download-</loc>
    </url>
    <url>
      <loc>https://www.pagalsongs.online/sigma-mp3-song-download</loc>
    </url>
    <url>
      <loc>https://www.pagalsongs.online/love-birds-mp3-song-download</loc>
    </url>
    <url>
      <loc>https://www.pagalsongs.online/daava-mp3-song-download</loc>
    </url>
    <url>
      <loc>https://www.pagalsongs.online/boyfriend-vara-chai-mp3---song-download-2</loc>
    </url>
    <url>
      <loc>https://www.pagalsongs.online/kd-desirock-balam-mp3--song-download</loc>
    </url>
    <url>
      <loc>https://www.pagalsongs.online/let-it-flow-mp3-song-download</loc>
    </url>
    <url>
      <loc>https://www.pagalsongs.online/alka-yagnik-tu-mile-dil-khile-remix-mp3-song-download</loc>
    </url>
    <url>
      <loc>https://www.pagalsongs.online/das-puchh-k-mp3-song-download</loc>
    </url>
    <url>
      <loc>https://www.pagalsongs.online/laado-slowed-reverb-mp3-song-download</loc>
    </url>
    <url>
      <loc>https://www.pagalsongs.online/main-khada-dware-pe-lakkha-dj-nrs-x-dj-os-mp3-song-download</loc>
    </url>
    <url>
      <loc>https://www.pagalsongs.online/saree-mein-patola-mp3-song-download</loc>
    </url>
    <url>
      <loc>https://www.pagalsongs.online/purje-mp3-song-download</loc>
    </url>
    <url>
      <loc>https://www.pagalsongs.online/latoo-mp3--song-download</loc>
    </url>
    <url>
      <loc>https://www.pagalsongs.online/that-glow-mp3-song-download</loc>
    </url>
    <url>
      <loc>https://www.pagalsongs.online/ey-hasnain-ke-nana-mp3-song-download</loc>
    </url>
    <url>
      <loc>https://www.pagalsongs.online/mere-veer-bhagat-singh-mp3-song-download</loc>
    </url>
    <url>
      <loc>https://www.pagalsongs.online/mere-aaqa-aaye-jhoomo-mp3-song-download</loc>
    </url>
    <url>
      <loc>https://www.pagalsongs.online/mtg-pega-la-mp3-song-download</loc>
    </url>
    <url>
      <loc>https://www.pagalsongs.online/feel-my-love-mp3-song-download</loc>
    </url>
    <url>
      <loc>https://www.pagalsongs.online/badass-mp3-song-download-0</loc>
    </url>
    <url>
      <loc>https://www.pagalsongs.online/better-off-mp3---songs-download-2024</loc>
    </url>
    <url>
      <loc>https://www.pagalsongs.online/deegreeyan-mp3-song-download</loc>
    </url>
    <url>
      <loc>https://www.pagalsongs.online/negative-mp3-song-download</loc>
    </url>
    <url>
      <loc>https://www.pagalsongs.online/aaja-baija-tu-mp3-song-download</loc>
    </url>
    <url>
      <loc>https://www.pagalsongs.online/teri-hoke-maraan-jind-jaan-karaan-mp3-song-download</loc>
    </url>
    <url>
      <loc>https://www.pagalsongs.online/heeriye-heeriye-mp3-song-download</loc>
    </url>
    <url>
      <loc>https://www.pagalsongs.online/bottom-up-mp3-song-download</loc>
    </url>
    <url>
      <loc>https://www.pagalsongs.online/pagli-dekhave-agarbatti-mp3-song-download</loc>
    </url>
    <url>
      <loc>https://www.pagalsongs.online/bihar-me-hoi-mp3-song-download</loc>
    </url>
    <url>
      <loc>https://www.pagalsongs.online/bewafa-hi-rahegi-mp3-song-download</loc>
    </url>
    <url>
      <loc>https://www.pagalsongs.online/lahore-phillaur-mp3-song-download</loc>
    </url>
    <url>
      <loc>https://www.pagalsongs.online/dekha-tujhe-mp3-song-download</loc>
    </url>
    <url>
      <loc>https://www.pagalsongs.online/manmaani-mp3-song-download</loc>
    </url>
    <url>
      <loc>https://www.pagalsongs.online/kya-hi-baataan-mp3-song-download</loc>
    </url>
    <url>
      <loc>https://www.pagalsongs.online/indigator-mp3-song-download</loc>
    </url>
    <url>
      <loc>https://www.pagalsongs.online/lehrein-mp3-song-download</loc>
    </url>
    <url>
      <loc>https://www.pagalsongs.online/malaal-mp3-song-download</loc>
    </url>
    <url>
      <loc>https://www.pagalsongs.online/sarkaare-mp3-songs-download-2024</loc>
    </url>
    <url>
      <loc>https://www.pagalsongs.online/panj-satt-mp3--song-download</loc>
    </url>
    <url>
      <loc>https://www.pagalsongs.online/tyson-sidhu-time-mp3-song-download</loc>
    </url>
    <url>
      <loc>https://www.pagalsongs.online/lopon-sidhu-barrel-mp3-song-download</loc>
    </url>
    <url>
      <loc>https://www.pagalsongs.online/bandhan-raakhle-mp3-song-download</loc>
    </url>
    <url>
      <loc>https://www.pagalsongs.online/mera-man-dole-mera-tan-dole-farooqgot-remix-mp3-song-download</loc>
    </url>
    <url>
      <loc>https://www.pagalsongs.online/dupatta-mera-farooqgot-remix-mp3-song-download</loc>
    </url>
    <url>
      <loc>https://www.pagalsongs.online/clockin-mp3-song-download</loc>
    </url>
    <url>
      <loc>https://www.pagalsongs.online/buhe-vich-mp3-song-download</loc>
    </url>
    <url>
      <loc>https://www.pagalsongs.online/dabdaba-mp3--song-download</loc>
    </url>
    <url>
      <loc>https://www.pagalsongs.online/sunny-sunny-mp3-song-download</loc>
    </url>
    <url>
      <loc>https://www.pagalsongs.online/sunny-sunny-2-0-mp3-song-download</loc>
    </url>
    <url>
      <loc>https://www.pagalsongs.online/peene-de-mp3-song-download</loc>
    </url>
    <url>
      <loc>https://www.pagalsongs.online/heer-bhi-royi-mp3-song-download</loc>
    </url>
    <url>
      <loc>https://www.pagalsongs.online/suit-patiala-mp3-song-download</loc>
    </url>
    <url>
      <loc>https://www.pagalsongs.online/bewafaa-tu-mp3-song-download</loc>
    </url>
    <url>
      <loc>https://www.pagalsongs.online/aaj-blue-hai-pani-pani-mp3--song-download</loc>
    </url>
    <url>
      <loc>https://www.pagalsongs.online/chaleya-remix-acv-mp3-song-download</loc>
    </url>
    <url>
      <loc>https://www.pagalsongs.online/guru-randhawa-mashup-dj-abhi-india-mp3-song-download</loc>
    </url>
    <url>
      <loc>https://www.pagalsongs.online/eseche-maa-durga-maa-mp3-song-download</loc>
    </url>
    <url>
      <loc>https://www.pagalsongs.online/bawli-mp3-song-download-0</loc>
    </url>
    <url>
      <loc>https://www.pagalsongs.online/gabhru-brown-mp3-song-download</loc>
    </url>
    <url>
      <loc>https://www.pagalsongs.online/inder-pandori-risk-mp3-song-download</loc>
    </url>
    <url>
      <loc>https://www.pagalsongs.online/sushi-woofer-paar-de-mp3-song-download</loc>
    </url>
    <url>
      <loc>https://www.pagalsongs.online/raftaar-legacy-mp3-song-download</loc>
    </url>
    <url>
      <loc>https://www.pagalsongs.online/addi-ni-tikkdi-mp3-song-download</loc>
    </url>
    <url>
      <loc>https://www.pagalsongs.online/stereo-love-mp3-songs-download-2024</loc>
    </url>
    <url>
      <loc>https://www.pagalsongs.online/desi-wine-mp3--songs-download-2024</loc>
    </url>
    <url>
      <loc>https://www.pagalsongs.online/iss-dil-ko-mp3-song-download</loc>
    </url>
    <url>
      <loc>https://www.pagalsongs.online/guli-mata-slowed-reverb-mp3-song-download</loc>
    </url>
    <url>
      <loc>https://www.pagalsongs.online/farata-mp3-song-download</loc>
    </url>
    <url>
      <loc>https://www.pagalsongs.online/cheques-remix-dj-preet-e-mp3-song-download</loc>
    </url>
    <url>
      <loc>https://www.pagalsongs.online/nasha-badshah-version-mp3-song-download</loc>
    </url>
    <url>
      <loc>https://www.pagalsongs.online/meethi-boliyan-mp3-song-download</loc>
    </url>
    <url>
      <loc>https://www.pagalsongs.online/heeriye-slowed-reverb-mp3-song-download</loc>
    </url>
    <url>
      <loc>https://www.pagalsongs.online/nazar-na-lage-mp3-song-download</loc>
    </url>
    <url>
      <loc>https://www.pagalsongs.online/jaav-pani-ne-mp3-song-download</loc>
    </url>
    <url>
      <loc>https://www.pagalsongs.online/nimmi-kahani-mp3-song-download</loc>
    </url>
    <url>
      <loc>https://www.pagalsongs.online/take-me-along-mp3-song-download</loc>
    </url>
    <url>
      <loc>https://www.pagalsongs.online/kale-je-libaas-di-remix-mp3-song-download</loc>
    </url>
    <url>
      <loc>https://www.pagalsongs.online/neelanjana-ray-dhadkan-mp3-song-download</loc>
    </url>
    <url>
      <loc>https://www.pagalsongs.online/talk-of-the-town-mp3-song-download</loc>
    </url>
    <url>
      <loc>https://www.pagalsongs.online/ranjit-bawa-malwain-mp3-song-download</loc>
    </url>
    <url>
      <loc>https://www.pagalsongs.online/rahul-puthi-jogi-mp3-song-download</loc>
    </url>
    <url>
      <loc>https://www.pagalsongs.online/tu-duniya-meri-mp3-song-download</loc>
    </url>
    <url>
      <loc>https://www.pagalsongs.online/oonchi-oonchi-deewarein-mp3-song-download</loc>
    </url>
    <url>
      <loc>https://www.pagalsongs.online/jale-mp3--songs-download</loc>
    </url>
    <url>
      <loc>https://www.pagalsongs.online/saiya-rahte-jamuna-paar-mp3-song-download</loc>
    </url>
    <url>
      <loc>https://www.pagalsongs.online/humsafar-lofi-mix-mp3-song-download</loc>
    </url>
    <url>
      <loc>https://www.pagalsongs.online/moh-mp3-song-download-2024</loc>
    </url>
    <url>
      <loc>https://www.pagalsongs.online/laala-laala-jaskaran-riarr-mp3-song-download</loc>
    </url>
    <url>
      <loc>https://www.pagalsongs.online/zulfaan-mp3-song-download-</loc>
    </url>
    <url>
      <loc>https://www.pagalsongs.online/jay-dev-jay-dev-jay-mangal-murti-mp3-song-download</loc>
    </url>
    <url>
      <loc>https://www.pagalsongs.online/ganpati-mp3-song-download</loc>
    </url>
    <url>
      <loc>https://www.pagalsongs.online/with-you-remix-dj-ssunny-mp3---song-download-2024</loc>
    </url>
    <url>
      <loc>https://www.pagalsongs.online/doriyaan-mp3--song-download</loc>
    </url>
    <url>
      <loc>https://www.pagalsongs.online/some-of-us-mp3-songs-download-2024</loc>
    </url>
    <url>
      <loc>https://www.pagalsongs.online/terii-judaai-mp3-song-download</loc>
    </url>
    <url>
      <loc>https://www.pagalsongs.online/dafa-302-mp3-song-download</loc>
    </url>
    <url>
      <loc>https://www.pagalsongs.online/rang-mohabbat-de-mp3-song-download</loc>
    </url>
    <url>
      <loc>https://www.pagalsongs.online/chaklo-chaklo-mp3-song-download</loc>
    </url>
    <url>
      <loc>https://www.pagalsongs.online/ganpati-bappa-morya-2023-mp3-song-download</loc>
    </url>
    <url>
      <loc>https://www.pagalsongs.online/shree-ganeshay-dheemahi-mp3-songs-download-2024</loc>
    </url>
    <url>
      <loc>https://www.pagalsongs.online/bappa-moraya-re-mp3-song-download</loc>
    </url>
    <url>
      <loc>https://www.pagalsongs.online/jalsa-mp3-song-download</loc>
    </url>
    <url>
      <loc>https://www.pagalsongs.online/ve-jatta-mp3--song-download</loc>
    </url>
    <url>
      <loc>https://www.pagalsongs.online/zindagi-kuch-toh-bata-mp3--song-download</loc>
    </url>
    <url>
      <loc>https://www.pagalsongs.online/not-ramaiya-vastavaiya-extended-version-mp3-song-download</loc>
    </url>
    <url>
      <loc>https://www.pagalsongs.online/sahibaa-mp3-song-download</loc>
    </url>
    <url>
      <loc>https://www.pagalsongs.online/naa-das-de-mp3-song-download</loc>
    </url>
    <url>
      <loc>https://www.pagalsongs.online/ganesh-chaturthi-2023-mp3-song-download</loc>
    </url>
    <url>
      <loc>https://www.pagalsongs.online/jai-dev-jai-dev-mp3-song-download</loc>
    </url>
    <url>
      <loc>https://www.pagalsongs.online/shree-siddhivinayak-mp3---songs-download</loc>
    </url>
    <url>
      <loc>https://www.pagalsongs.online/mourya-re-mp3--song-download</loc>
    </url>
    <url>
      <loc>https://www.pagalsongs.online/bappa-morya-morya-morya-re-mp3--song-download-</loc>
    </url>
    <url>
      <loc>https://www.pagalsongs.online/ganpati-mashup-2023-mp3-song-download</loc>
    </url>
    <url>
      <loc>https://www.pagalsongs.online/ekadantaya-vakratundaya-gauri-tanaya-dhimi-mp3-song-download</loc>
    </url>
    <url>
      <loc>https://www.pagalsongs.online/ganesh-namo-mp3-song-download</loc>
    </url>
    <url>
      <loc>https://www.pagalsongs.online/bhula-du-mp3-song-download</loc>
    </url>
    <url>
      <loc>https://www.pagalsongs.online/baarishen-mp3-song-download</loc>
    </url>
    <url>
      <loc>https://www.pagalsongs.online/mosh-pit-mp3-song-download</loc>
    </url>
    <url>
      <loc>https://www.pagalsongs.online/bin-ranjhe-ka-heer-mp3-song-download</loc>
    </url>
    <url>
      <loc>https://www.pagalsongs.online/ludo-mp3-song-download</loc>
    </url>
    <url>
      <loc>https://www.pagalsongs.online/naina-milayke-mp3-song-download</loc>
    </url>
    <url>
      <loc>https://www.pagalsongs.online/mehrama-mp3-song-download</loc>
    </url>
    <url>
      <loc>https://www.pagalsongs.online/mere-bappa-morya-mp3-song-download</loc>
    </url>
    <url>
      <loc>https://www.pagalsongs.online/hum-toh-deewane-mp3-song-download</loc>
    </url>
    <url>
      <loc>https://www.pagalsongs.online/hare-krishna-mahamantra-mp3-song-download</loc>
    </url>
    <url>
      <loc>https://www.pagalsongs.online/lucas-dupatta-mp3-song-download</loc>
    </url>
    <url>
      <loc>https://www.pagalsongs.online/teri-aarzoo-mp3-song-download</loc>
    </url>
    <url>
      <loc>https://www.pagalsongs.online/sukhee-nasha-mp3-song-download</loc>
    </url>
    <url>
      <loc>https://www.pagalsongs.online/shree-hanuman-chalisa-mp3-song-download</loc>
    </url>
    <url>
      <loc>https://www.pagalsongs.online/lambo-flow-mp3-0s-download</loc>
    </url>
    <url>
      <loc>https://www.pagalsongs.online/ishaare-mp3-song-download</loc>
    </url>
    <url>
      <loc>https://www.pagalsongs.online/deewar-e-mohabbat-mp3-song-download</loc>
    </url>
    <url>
      <loc>https://www.pagalsongs.online/rooh-jaga-doon-mp3-song-download</loc>
    </url>
    <url>
      <loc>https://www.pagalsongs.online/hanju-javed-ali-mp3--song-download</loc>
    </url>
    <url>
      <loc>https://www.pagalsongs.online/jaane-jaa-mp3-song-download</loc>
    </url>
    <url>
      <loc>https://www.pagalsongs.online/with-you-x-summer-high-x-dil-nu-mashup-dj-harsh-sharma-mp3--song-download-2024</loc>
    </url>
    <url>
      <loc>https://www.pagalsongs.online/cool-cool-mp3-song-download</loc>
    </url>
    <url>
      <loc>https://www.pagalsongs.online/tamanche-pe-thumke-mp3-song-download</loc>
    </url>
    <url>
      <loc>https://www.pagalsongs.online/itni-si-hasi-mp3-song-download</loc>
    </url>
    <url>
      <loc>https://www.pagalsongs.online/mera-dil-yeh-pukare-aaja-mp3-song-download</loc>
    </url>
    <url>
      <loc>https://www.pagalsongs.online/ap-dhillon-brown-munde-mp3-song-download</loc>
    </url>
    <url>
      <loc>https://www.pagalsongs.online/zara-zara-bahekta-hai-mp3--song-download</loc>
    </url>
    <url>
      <loc>https://www.pagalsongs.online/krishna-singh-sun-meri-shehzadi-mp3-song-download-2024</loc>
    </url>
    <url>
      <loc>https://www.pagalsongs.online/afreen-afreen-mp3--song-download-2024</loc>
    </url>
    <url>
      <loc>https://www.pagalsongs.online/kithe-chaliye-mp3-song-download</loc>
    </url>
    <url>
      <loc>https://www.pagalsongs.online/mitti-di-khushboo-mp3-song-download</loc>
    </url>
    <url>
      <loc>https://www.pagalsongs.online/jo-tum-na-ho-mp3-song-download</loc>
    </url>
    <url>
      <loc>https://www.pagalsongs.online/kabhi-jo-badal-barse-mp3-song-download</loc>
    </url>
    <url>
      <loc>https://www.pagalsongs.online/aaja-we-mahiya-mp3--song-download</loc>
    </url>
    <url>
      <loc>https://www.pagalsongs.online/play-date-mp3---0s-download-2024</loc>
    </url>
    <url>
      <loc>https://www.pagalsongs.online/tu-hai-kya-mere-liye-mp3-song-download</loc>
    </url>
    <url>
      <loc>https://www.pagalsongs.online/falak-tak-mp3--song-download</loc>
    </url>
    <url>
      <loc>https://www.pagalsongs.online/kina-chir-mp3-song-download</loc>
    </url>
    <url>
      <loc>https://www.pagalsongs.online/love-your-voice-mp3-song-download</loc>
    </url>
    <url>
      <loc>https://www.pagalsongs.online/imran-khan-amplifier-mp3--song-download</loc>
    </url>
    <url>
      <loc>https://www.pagalsongs.online/kutti-mohabbat-mp3-song-download-</loc>
    </url>
    <url>
      <loc>https://www.pagalsongs.online/patlamaya-devam-mp3-song-download</loc>
    </url>
    <url>
      <loc>https://www.pagalsongs.online/mi-amor-mp3--song-download-2024</loc>
    </url>
    <url>
      <loc>https://www.pagalsongs.online/likhe-jo-khat-tujhe-mp3-song-download</loc>
    </url>
    <url>
      <loc>https://www.pagalsongs.online/yara-teri-yari-ko-mp3-song-download</loc>
    </url>
    <url>
      <loc>https://www.pagalsongs.online/tu-hi-haqeeqat-mp3--song-download</loc>
    </url>
    <url>
      <loc>https://www.pagalsongs.online/arijit-singh-dekh-lena-mp3-song-download</loc>
    </url>
    <url>
      <loc>https://www.pagalsongs.online/ranjhana-ve-mp3-song-download</loc>
    </url>
    <url>
      <loc>https://www.pagalsongs.online/samjhawan-mp3-song-download-00</loc>
    </url>
    <url>
      <loc>https://www.pagalsongs.online/bin-tere-sanam-mp3-song-download</loc>
    </url>
    <url>
      <loc>https://www.pagalsongs.online/tum-prem-ho-mp3-song-download</loc>
    </url>
    <url>
      <loc>https://www.pagalsongs.online/hare-krishna-mp3-song-download</loc>
    </url>
    <url>
      <loc>https://www.pagalsongs.online/lo-maan-liya-mp3-song-download</loc>
    </url>
    <url>
      <loc>https://www.pagalsongs.online/o-khuda-mp3-song-download</loc>
    </url>
    <url>
      <loc>https://www.pagalsongs.online/nainowale-ne-mp3-song-download</loc>
    </url>
    <url>
      <loc>https://www.pagalsongs.online/phir-kabhi-mp3-song-download</loc>
    </url>
    <url>
      <loc>https://www.pagalsongs.online/royalty-mp3-song-download</loc>
    </url>
    <url>
      <loc>https://www.pagalsongs.online/khamoshiyan-mp3-song-download--00</loc>
    </url>
    <url>
      <loc>https://www.pagalsongs.online/saiyaara-mp3-song-download-0</loc>
    </url>
    <url>
      <loc>https://www.pagalsongs.online/dj-tillu-mp3-song-download</loc>
    </url>
    <url>
      <loc>https://www.pagalsongs.online/i-wish-you-happy-happy-birthday-mp3--songs-download-0</loc>
    </url>
    <url>
      <loc>https://www.pagalsongs.online/sanam-teri-kasam-mp3--song-download</loc>
    </url>
    <url>
      <loc>https://www.pagalsongs.online/ra-one-chammak-challo-mp3-song-download</loc>
    </url>
    <url>
      <loc>https://www.pagalsongs.online/love-dose-mp3-song-download-</loc>
    </url>
    <url>
      <loc>https://www.pagalsongs.online/tum-jo-aaye-mp3-song-download</loc>
    </url>
    <url>
      <loc>https://www.pagalsongs.online/simba-tere-bin-mp3-song-download</loc>
    </url>
    <url>
      <loc>https://www.pagalsongs.online/tu-hai-meri-zindagi-mp3-song-download</loc>
    </url>
    <url>
      <loc>https://www.pagalsongs.online/band-bottle-mp3-song-download</loc>
    </url>
    <url>
      <loc>https://www.pagalsongs.online/manga-jo-mera-hai-jata-kya-tera-hai-mp3-song-download</loc>
    </url>
    <url>
      <loc>https://www.pagalsongs.online/heeriye-remix-debb-mp3-song-download-2024</loc>
    </url>
    <url>
      <loc>https://www.pagalsongs.online/bholi-si-surat-cover-mp3-song-download</loc>
    </url>
    <url>
      <loc>https://www.pagalsongs.online/danish-alfaaz-tohfa-mp3-song-download</loc>
    </url>
    <url>
      <loc>https://www.pagalsongs.online/chu-chu-mp3---song-download</loc>
    </url>
    <url>
      <loc>https://www.pagalsongs.online/ashk-mp3-song-download</loc>
    </url>
    <url>
      <loc>https://www.pagalsongs.online/gears-mp3-song-download</loc>
    </url>
    <url>
      <loc>https://www.pagalsongs.online/sahan-bina-mp3-song-download</loc>
    </url>
    <url>
      <loc>https://www.pagalsongs.online/priya-hanji-hanji-mp3-song-download</loc>
    </url>
    <url>
      <loc>https://www.pagalsongs.online/teri-hoke-mara-jind-jaan-kara-mp3--song-download</loc>
    </url>
    <url>
      <loc>https://www.pagalsongs.online/kotha-koiyo-na-mp3-song-download</loc>
    </url>
    <url>
      <loc>https://www.pagalsongs.online/nimm-thalle-mp3--song-download-2024</loc>
    </url>
    <url>
      <loc>https://www.pagalsongs.online/teraa-intezaar-mp3-song-download</loc>
    </url>
    <url>
      <loc>https://www.pagalsongs.online/nusta-paisa-mp3---0s-download-2024</loc>
    </url>
    <url>
      <loc>https://www.pagalsongs.online/check-kar-mega-mashup-dj-sumit-rajwanshi-mp3-song-download</loc>
    </url>
    <url>
      <loc>https://www.pagalsongs.online/radha-kaise-na-jale-mp3--song-download</loc>
    </url>
    <url>
      <loc>https://www.pagalsongs.online/malang-sajna-remix-kedrock-x-sd-style-mp3-song---download-2024</loc>
    </url>
    <url>
      <loc>https://www.pagalsongs.online/judaiyaan-mp3-song-download</loc>
    </url>
    <url>
      <loc>https://www.pagalsongs.online/yo-yo-honey-singh-ashk-mp3-song-download</loc>
    </url>
    <url>
      <loc>https://www.pagalsongs.online/chan-reha-na-chan-mp3-song-download</loc>
    </url>
    <url>
      <loc>https://www.pagalsongs.online/shree-krishna-mashup-visual-galaxy-mp3-song-download</loc>
    </url>
    <url>
      <loc>https://www.pagalsongs.online/tip-to-bojhe-bojhena-kemon-babu-lok-mp3-song-download</loc>
    </url>
    <url>
      <loc>https://www.pagalsongs.online/raabta-mp3-song-download-0</loc>
    </url>
    <url>
      <loc>https://www.pagalsongs.online/daru-de-drum-mp3-song-download</loc>
    </url>
    <url>
      <loc>https://www.pagalsongs.online/nasha-tera-mp3-song-download</loc>
    </url>
    <url>
      <loc>https://www.pagalsongs.online/moyna-bolo-tumi-krishna-radhe-mp3-song-download</loc>
    </url>
    <url>
      <loc>https://www.pagalsongs.online/naam-babe-ka-mp3-song-download</loc>
    </url>
    <url>
      <loc>https://www.pagalsongs.online/bapu-tera-ladla-mp3-song-download</loc>
    </url>
    <url>
      <loc>https://www.pagalsongs.online/krishna-janmashtami-2023-mp3-song-download</loc>
    </url>
    <url>
      <loc>https://www.pagalsongs.online/jamna-paar-mp3-song-download</loc>
    </url>
    <url>
      <loc>https://www.pagalsongs.online/i-dont-care-mp3--song-download</loc>
    </url>
    <url>
      <loc>https://www.pagalsongs.online/phone-ni-aaya-mp3-song-download</loc>
    </url>
    <url>
      <loc>https://www.pagalsongs.online/jee-ni-lagda-mp3-song-download</loc>
    </url>
    <url>
      <loc>https://www.pagalsongs.online/faraatta-mp3-song-download</loc>
    </url>
    <url>
      <loc>https://www.pagalsongs.online/aararaari-raaro-mp3--song-download</loc>
    </url>
    <url>
      <loc>https://www.pagalsongs.online/po-mp3-song-download</loc>
    </url>
    <url>
      <loc>https://www.pagalsongs.online/do-jahaan-mp3-song-download</loc>
    </url>
    <url>
      <loc>https://www.pagalsongs.online/arijit-singh-heeriye-mp3--song-download</loc>
    </url>
    <url>
      <loc>https://www.pagalsongs.online/dil-da-pata-mp3--song-download</loc>
    </url>
    <url>
      <loc>https://www.pagalsongs.online/apney-pyar-ke-sapney-stebin-ben-mp3-song-download</loc>
    </url>
    <url>
      <loc>https://www.pagalsongs.online/bandhann-mp3-song-download</loc>
    </url>
    <url>
      <loc>https://www.pagalsongs.online/gratitude-mp3-song-download</loc>
    </url>
    <url>
      <loc>https://www.pagalsongs.online/deewano-ne-mp3-song-download</loc>
    </url>
    <url>
      <loc>https://www.pagalsongs.online/shawty-mp3-song-download</loc>
    </url>
    <url>
      <loc>https://www.pagalsongs.online/simroon-tera-naam-mp3-song-download</loc>
    </url>
    <url>
      <loc>https://www.pagalsongs.online/shriman-narayan-hari-hari-mp3-song-download</loc>
    </url>
    <url>
      <loc>https://www.pagalsongs.online/feel-the-arijit-singh-mashup-2023-sunny-hassan-mp3-song-download</loc>
    </url>
    <url>
      <loc>https://www.pagalsongs.online/ankhiyon-ke-jharokon-se-mp3-song-download</loc>
    </url>
    <url>
      <loc>https://www.pagalsongs.online/baarish-lofi-mix-dj-shadow-dubai-mp3-song-download</loc>
    </url>
    <url>
      <loc>https://www.pagalsongs.online/the-indian-hip-hop-cypher-mp3-song-download</loc>
    </url>
    <url>
      <loc>https://www.pagalsongs.online/dard-mashup-2023-bicky-official-mp3-song-download</loc>
    </url>
    <url>
      <loc>https://www.pagalsongs.online/gen-y-mp3-song-download</loc>
    </url>
    <url>
      <loc>https://www.pagalsongs.online/madhur-sharma-sanu-ek-pal-mp3-song-download</loc>
    </url>
    <url>
      <loc>https://www.pagalsongs.online/kasam-se-mp3-song-download</loc>
    </url>
    <url>
      <loc>https://www.pagalsongs.online/mundian-tu-bach-mp3-song-download</loc>
    </url>
    <url>
      <loc>https://www.pagalsongs.online/chole-gele-mp3-song-download</loc>
    </url>
    <url>
      <loc>https://www.pagalsongs.online/what-jhumka-remix-dj-bennii-mp3-song-download</loc>
    </url>
    <url>
      <loc>https://www.pagalsongs.online/meri-har-shaam-mp3-song-download</loc>
    </url>
    <url>
      <loc>https://www.pagalsongs.online/khali-bottle-mein-sharab-bhar-di-mp3-song-download</loc>
    </url>
    <url>
      <loc>https://www.pagalsongs.online/reejan-mp3-song-download</loc>
    </url>
    <url>
      <loc>https://www.pagalsongs.online/wapas-na-aayenge-mp3-song-download</loc>
    </url>
    <url>
      <loc>https://www.pagalsongs.online/chaleya-arabic-mp3-song-download</loc>
    </url>
    <url>
      <loc>https://www.pagalsongs.online/zindagi-se-zyada-tujhse-pyaar-main-karta-hoon-stebin-ben-mp3-song-download</loc>
    </url>
    <url>
      <loc>https://www.pagalsongs.online/nishtha-sharma-tere-ho-gaye-mp3-song-download</loc>
    </url>
    <url>
      <loc>https://www.pagalsongs.online/tinna-ch-na-teran-ch-mp3-song-download</loc>
    </url>
    <url>
      <loc>https://www.pagalsongs.online/jaan-vardi-mp3-song-download</loc>
    </url>
    <url>
      <loc>https://www.pagalsongs.online/majnu-bheeg-gaye-mp3-song-download</loc>
    </url>
    <url>
      <loc>https://www.pagalsongs.online/jazzy-b-real-talk-mp3-0s-download</loc>
    </url>
    <url>
      <loc>https://www.pagalsongs.online/kanha-teri-deewani-mp3-song-download</loc>
    </url>
    <url>
      <loc>https://www.pagalsongs.online/2-gulaab-mp3---songs-download-2024</loc>
    </url>
    <url>
      <loc>https://www.pagalsongs.online/kanhaiya-twitter-pe-aaja-mp3-song-download</loc>
    </url>
    <url>
      <loc>https://www.pagalsongs.online/krishna-mp3-song-download</loc>
    </url>
    <url>
      <loc>https://www.pagalsongs.online/o-meri-radha-mp3-song-download</loc>
    </url>
    <url>
      <loc>https://www.pagalsongs.online/dekhte-dekhte-deep-house-mix-mp3-song-download</loc>
    </url>
    <url>
      <loc>https://www.pagalsongs.online/raksha-bandhan-2023-special-nonstop-mp3-song-download</loc>
    </url>
    <url>
      <loc>https://www.pagalsongs.online/phir-se-udd-chala-remix-dj-shadow-dubai-x-dj-ujjval-mp3-song-download</loc>
    </url>
    <url>
      <loc>https://www.pagalsongs.online/phoolon-ka-taaron-ka-sabka-kehna-hai-unplugged-mp3-song-download</loc>
    </url>
    <url>
      <loc>https://www.pagalsongs.online/phoolon-ka-taron-ka-new-version-mp3-song-download</loc>
    </url>
    <url>
      <loc>https://www.pagalsongs.online/mere-rakhi-ka-matlab-mp3-song-download</loc>
    </url>
    <url>
      <loc>https://www.pagalsongs.online/o-meri-behna-mp3-song-download</loc>
    </url>
    <url>
      <loc>https://www.pagalsongs.online/yeh-raakhi-bandhan-hai-aisa-mp3-song-download</loc>
    </url>
    <url>
      <loc>https://www.pagalsongs.online/phoolon-ka-taron-ka-mp3-song-download</loc>
    </url>
    <url>
      <loc>https://www.pagalsongs.online/not-ramaiya-vastavaiya-mp3-song-download</loc>
    </url>
    <url>
      <loc>https://www.pagalsongs.online/love-note-mp3-song-download</loc>
    </url>
    <url>
      <loc>https://www.pagalsongs.online/prarthana-mp3-song-download</loc>
    </url>
    <url>
      <loc>https://www.pagalsongs.online/baarish-bulao-mp3-song-download</loc>
    </url>
    <url>
      <loc>https://www.pagalsongs.online/sama-mp3-song-download</loc>
    </url>
    <url>
      <loc>https://www.pagalsongs.online/akhil-close-mp3-song-download</loc>
    </url>
    <url>
      <loc>https://www.pagalsongs.online/teri-kasam-bilkul-sidhi-sadhi-thi-main-mp3-song-download</loc>
    </url>
    <url>
      <loc>https://www.pagalsongs.online/saure-ghar-mp3-song-download</loc>
    </url>
    <url>
      <loc>https://www.pagalsongs.online/o-bedardeya-remix-dj-yogii-mp3-song-download</loc>
    </url>
    <url>
      <loc>https://www.pagalsongs.online/mera-veera-mp3-song-download</loc>
    </url>
    <url>
      <loc>https://www.pagalsongs.online/mahiye-jinna-sohna-english-cover-version-mp3-song-download</loc>
    </url>
    <url>
      <loc>https://www.pagalsongs.online/hawayein-mp3-song-download</loc>
    </url>
    <url>
      <loc>https://www.pagalsongs.online/choto-so-mero-madan-gopal-mp3-song-download</loc>
    </url>
    <url>
      <loc>https://www.pagalsongs.online/aman-samra-velly-mp3--0-download</loc>
    </url>
    <url>
      <loc>https://www.pagalsongs.online/deedaar-mp3-song-download</loc>
    </url>
    <url>
      <loc>https://www.pagalsongs.online/saawan-aa-gaya-mp3-song-download</loc>
    </url>
    <url>
      <loc>https://www.pagalsongs.online/zig-zag-mp3-song-download</loc>
    </url>
    <url>
      <loc>https://www.pagalsongs.online/deed-mp3-song-download</loc>
    </url>
    <url>
      <loc>https://www.pagalsongs.online/shakkar-paare-mp3-song-download</loc>
    </url>
    <url>
      <loc>https://www.pagalsongs.online/four-seater-mp3-song-download</loc>
    </url>
    <url>
      <loc>https://www.pagalsongs.online/rees-mp3-song-download</loc>
    </url>
    <url>
      <loc>https://www.pagalsongs.online/kaavaalaa-remix-dj-prince-mp3--song-download</loc>
    </url>
    <url>
      <loc>https://www.pagalsongs.online/tum-kya-mile-remix-dj-shadow-dubai-mp3-song-download</loc>
    </url>
    <url>
      <loc>https://www.pagalsongs.online/ye-raat-hai-kitni-haseen-mp3-songs-download</loc>
    </url>
    <url>
      <loc>https://www.pagalsongs.online/over-you-mp3--0s-download-2024</loc>
    </url>
    <url>
      <loc>https://www.pagalsongs.online/shipra-goyal-koka-mp3-song-download</loc>
    </url>
    <url>
      <loc>https://www.pagalsongs.online/akki-singh-tauba-mp3-song-download</loc>
    </url>
    <url>
      <loc>https://www.pagalsongs.online/kyu-darta-hai-tu-yaar-mujhpe-daav-laga-mp3-song-download-2024</loc>
    </url>
    <url>
      <loc>https://www.pagalsongs.online/daav-laga-mp3-song-download</loc>
    </url>
    <url>
      <loc>https://www.pagalsongs.online/naa-lai-ke-mp3-song-download</loc>
    </url>
    <url>
      <loc>https://www.pagalsongs.online/punjab-shadeya-mp3-song-download</loc>
    </url>
    <url>
      <loc>https://www.pagalsongs.online/crown-mp3-songs-download--2024</loc>
    </url>
    <url>
      <loc>https://www.pagalsongs.online/walid-mp3-song-download</loc>
    </url>
    <url>
      <loc>https://www.pagalsongs.online/kaavaalaa-remix-dj-shadow-dubai-mp3-song-download</loc>
    </url>
    <url>
      <loc>https://www.pagalsongs.online/rakh-yaariyan-mp3-song-download</loc>
    </url>
    <url>
      <loc>https://www.pagalsongs.online/dil-tere-naam-ki-mp3-song-download</loc>
    </url>
    <url>
      <loc>https://www.pagalsongs.online/pari-mp3--song-download</loc>
    </url>
    <url>
      <loc>https://www.pagalsongs.online/sohne-lagde-mp3-song-download</loc>
    </url>
    <url>
      <loc>https://www.pagalsongs.online/b-i-mp3-song-download</loc>
    </url>
    <url>
      <loc>https://www.pagalsongs.online/disco-visco-mp3-song-download</loc>
    </url>
    <url>
      <loc>https://www.pagalsongs.online/selfiyan-mp3-song-download</loc>
    </url>
    <url>
      <loc>https://www.pagalsongs.online/kaise-banu-mp3-song-download</loc>
    </url>
    <url>
      <loc>https://www.pagalsongs.online/bali-fly-mp3-song-download</loc>
    </url>
    <url>
      <loc>https://www.pagalsongs.online/pop-g-mp3-song-download</loc>
    </url>
    <url>
      <loc>https://www.pagalsongs.online/tuu-jo-saath-ho-mp3-song-download</loc>
    </url>
    <url>
      <loc>https://www.pagalsongs.online/pain-mashup-of-darshan-raval-naresh-parmarl-mp3-song-download</loc>
    </url>
    <url>
      <loc>https://www.pagalsongs.online/what-mp3-song-download</loc>
    </url>
    <url>
      <loc>https://www.pagalsongs.online/shaunk-nal-mp3-song-download</loc>
    </url>
    <url>
      <loc>https://www.pagalsongs.online/soorjan-di-lalli-mp3--song-download</loc>
    </url>
    <url>
      <loc>https://www.pagalsongs.online/preet-harpal-king-mp3-songs-download-2024</loc>
    </url>
    <url>
      <loc>https://www.pagalsongs.online/kyun-karu-fikar-mp3-song-download</loc>
    </url>
    <url>
      <loc>https://www.pagalsongs.online/dil-mangda-mp3-song-download</loc>
    </url>
    <url>
      <loc>https://www.pagalsongs.online/jat-jatni-mp3-song-download</loc>
    </url>
    <url>
      <loc>https://www.pagalsongs.online/champions-anthem-mp3-song-download</loc>
    </url>
    <url>
      <loc>https://www.pagalsongs.online/meter-khench-ke-mp3-song-download</loc>
    </url>
    <url>
      <loc>https://www.pagalsongs.online/ek-baar-aur-mp3-song-download</loc>
    </url>
    <url>
      <loc>https://www.pagalsongs.online/g-bil-mp3-song-download</loc>
    </url>
    <url>
      <loc>https://www.pagalsongs.online/malang-sajna-remix-dj-tarunn-mp3-song-download</loc>
    </url>
    <url>
      <loc>https://www.pagalsongs.online/tumhari-baatein-karnaa-mp3-song-download</loc>
    </url>
    <url>
      <loc>https://www.pagalsongs.online/bachke-bachke-mp3-song-download</loc>
    </url>
    <url>
      <loc>https://www.pagalsongs.online/vraj-kshatriya-tune-kya-kiya-mp3-song-download</loc>
    </url>
    <url>
      <loc>https://www.pagalsongs.online/taveet-mp3-song-download</loc>
    </url>
    <url>
      <loc>https://www.pagalsongs.online/try-me-mp3-song-download</loc>
    </url>
    <url>
      <loc>https://www.pagalsongs.online/beqaraarr-dil-mera-mp3-song-download</loc>
    </url>
    <url>
      <loc>https://www.pagalsongs.online/he-mp3-song-download</loc>
    </url>
    <url>
      <loc>https://www.pagalsongs.online/kut-kut-bajra-mp3-song-download</loc>
    </url>
    <url>
      <loc>https://www.pagalsongs.online/tera-ban-gaya-hoon-mp3-song-download</loc>
    </url>
    <url>
      <loc>https://www.pagalsongs.online/tu-aashiqui-hai-meri-mp3-song-download-0</loc>
    </url>
    <url>
      <loc>https://www.pagalsongs.online/koi-rok-toh-de-mp3--song-download</loc>
    </url>
    <url>
      <loc>https://www.pagalsongs.online/zinda-banda-remix-dj-wallston-mp3-song-download</loc>
    </url>
    <url>
      <loc>https://www.pagalsongs.online/homeless-mp3-song-download</loc>
    </url>
    <url>
      <loc>https://www.pagalsongs.online/the-uk07-rider-systumm-mp3-song-download-2024</loc>
    </url>
    <url>
      <loc>https://www.pagalsongs.online/15-august-2023-mp3-song-download</loc>
    </url>
    <url>
      <loc>https://www.pagalsongs.online/desh-bhakti-2023-mp3-song-download</loc>
    </url>
    <url>
      <loc>https://www.pagalsongs.online/national-anthem-mp3-song-download-</loc>
    </url>
    <url>
      <loc>https://www.pagalsongs.online/chidiya-rani-mp3-song-download</loc>
    </url>
    <url>
      <loc>https://www.pagalsongs.online/chaleya-mp3--song-download-0</loc>
    </url>
    <url>
      <loc>https://www.pagalsongs.online/gurnoor-sokhi-mehfilan-mp3-song-download</loc>
    </url>
    <url>
      <loc>https://www.pagalsongs.online/teri-gali-mp3-song-download</loc>
    </url>
    <url>
      <loc>https://www.pagalsongs.online/aan-milo-sajnaa-mp3-song-download</loc>
    </url>
    <url>
      <loc>https://www.pagalsongs.online/beti-hindustan-ki-mp3-song-download</loc>
    </url>
    <url>
      <loc>https://www.pagalsongs.online/happy-independence-day-2023-mp3-song-download</loc>
    </url>
    <url>
      <loc>https://www.pagalsongs.online/jai-ho-a-r-rahman-mp3-song-download</loc>
    </url>
    <url>
      <loc>https://www.pagalsongs.online/ocean-eyes-mp3-song-download</loc>
    </url>
    <url>
      <loc>https://www.pagalsongs.online/izhar-hua-hame-bhi-pyar-hua-mp3--song-download-2024</loc>
    </url>
    <url>
      <loc>https://www.pagalsongs.online/khushi-khushi-pehna-tera-diya-gehna-mp3-song-download</loc>
    </url>
    <url>
      <loc>https://www.pagalsongs.online/young-stunners-gumaan-mp3-song-download</loc>
    </url>
    <url>
      <loc>https://www.pagalsongs.online/doorr-nahin-jaana-re-mp3-song-download</loc>
    </url>
    <url>
      <loc>https://www.pagalsongs.online/hansraj-raghuwanshi-bam-bam-bhole-mp3--song-download-2024</loc>
    </url>
    <url>
      <loc>https://www.pagalsongs.online/vande-bharatam-arko-mp3-song-download</loc>
    </url>
    <url>
      <loc>https://www.pagalsongs.online/pyaar-wohh-nahin-mp3-song-download</loc>
    </url>
    <url>
      <loc>https://www.pagalsongs.online/jalwa-carryminati-mp3-song-download</loc>
    </url>
    <url>
      <loc>https://www.pagalsongs.online/shivjot-dil-mangdi-mp3-song-download</loc>
    </url>
    <url>
      <loc>https://www.pagalsongs.online/baarish-hai-jaanam-mp3-song-download</loc>
    </url>
    <url>
      <loc>https://www.pagalsongs.online/koto-swapno-dekhe-e-mon-mp3-song-download</loc>
    </url>
    <url>
      <loc>https://www.pagalsongs.online/makkhan-lagai-ki-dhakkan-lagai-mp3-song-download</loc>
    </url>
    <url>
      <loc>https://www.pagalsongs.online/ap-dhillon-with-you-mp3---song-download-2024</loc>
    </url>
    <url>
      <loc>https://www.pagalsongs.online/never-mind-mp3-song-download</loc>
    </url>
    <url>
      <loc>https://www.pagalsongs.online/tumse-pyaara-koi-nahin-mp3-song-download</loc>
    </url>
    <url>
      <loc>https://www.pagalsongs.online/jatt-diyan-siftan-mp3-song-download</loc>
    </url>
    <url>
      <loc>https://www.pagalsongs.online/dil-laya-mp3-song-download</loc>
    </url>
    <url>
      <loc>https://www.pagalsongs.online/barish-ke-mausam-mai-mp3-song-download</loc>
    </url>
    <url>
      <loc>https://www.pagalsongs.online/chaa-mp3-song-download</loc>
    </url>
    <url>
      <loc>https://www.pagalsongs.online/prem-dhillon-rubicon-mp3-song-download</loc>
    </url>
    <url>
      <loc>https://www.pagalsongs.online/haaye-dard-mp3-song-download</loc>
    </url>
    <url>
      <loc>https://www.pagalsongs.online/ho-nai-sakda-mp3-song-download</loc>
    </url>
    <url>
      <loc>https://www.pagalsongs.online/jaane-de-dard-album-2-0-mp3-song-download</loc>
    </url>
    <url>
      <loc>https://www.pagalsongs.online/faasla-mp3-song-download</loc>
    </url>
    <url>
      <loc>https://www.pagalsongs.online/saahiba-mp3-song-download</loc>
    </url>
    <url>
      <loc>https://www.pagalsongs.online/mannat-mp3-song-download</loc>
    </url>
    <url>
      <loc>https://www.pagalsongs.online/mahiye-jinaa-sohna-unplugged-mp3-song-download</loc>
    </url>
    <url>
      <loc>https://www.pagalsongs.online/jiyaa-laage-naa-mp3-song-download</loc>
    </url>
    <url>
      <loc>https://www.pagalsongs.online/romeo-mp3-song-download-0</loc>
    </url>
    <url>
      <loc>https://www.pagalsongs.online/sippy-gill-soulmate-mp3-song-download</loc>
    </url>
    <url>
      <loc>https://www.pagalsongs.online/kashi-mein-shiv-shankar-mp3-song-download</loc>
    </url>
    <url>
      <loc>https://www.pagalsongs.online/jagi-hu-na-soyi-hu-mp3-song-download</loc>
    </url>
    <url>
      <loc>https://www.pagalsongs.online/soniye-tony-kakkar-mp3-song-download</loc>
    </url>
    <url>
      <loc>https://www.pagalsongs.online/tere-saath-mp3-song-download</loc>
    </url>
    <url>
      <loc>https://www.pagalsongs.online/aaj-kasam-mp3-song-download</loc>
    </url>
    <url>
      <loc>https://www.pagalsongs.online/jai-jai-radha-raman-hari-bol-mp3-song-download</loc>
    </url>
    <url>
      <loc>https://www.pagalsongs.online/blender-mp3-song-download</loc>
    </url>
    <url>
      <loc>https://www.pagalsongs.online/mujhse-mil-mp3-song-download</loc>
    </url>
    <url>
      <loc>https://www.pagalsongs.online/gone-girl-mp3-song-download</loc>
    </url>
    <url>
      <loc>https://www.pagalsongs.online/om-shiva-mp3-0-download-2024</loc>
    </url>
    <url>
      <loc>https://www.pagalsongs.online/bhide-mp3-song-download</loc>
    </url>
    <url>
      <loc>https://www.pagalsongs.online/zehar-jatt-mp3-song-download</loc>
    </url>
    <url>
      <loc>https://www.pagalsongs.online/paharon-ki-kasam-mp3-song-download</loc>
    </url>
    <url>
      <loc>https://www.pagalsongs.online/i-got-you-mp3-0s-download-2024</loc>
    </url>
    <url>
      <loc>https://www.pagalsongs.online/tu-hi-manzil-mp3-song-download</loc>
    </url>
    <url>
      <loc>https://www.pagalsongs.online/cheques-x-california-love-mega-mashup-sunny-hassan-mp3-songs-download-2024</loc>
    </url>
    <url>
      <loc>https://www.pagalsongs.online/check-it-out-mp3--songs-download-2024</loc>
    </url>
    <url>
      <loc>https://www.pagalsongs.online/friendship-day-2023-songs-nonstop-mp3-song-download</loc>
    </url>
    <url>
      <loc>https://www.pagalsongs.online/tere-vaaste-remix-dj-harshit-shah-mp3-song-download</loc>
    </url>
    <url>
      <loc>https://www.pagalsongs.online/jhalak-dikhlaja-x-company-remix-mp3-songs-download-2024</loc>
    </url>
    <url>
      <loc>https://www.pagalsongs.online/door-hovi-na-mp3-song-download</loc>
    </url>
    <url>
      <loc>https://www.pagalsongs.online/secret-mp3-song-download</loc>
    </url>
    <url>
      <loc>https://www.pagalsongs.online/if-i-die-mp3-song-download</loc>
    </url>
    <url>
      <loc>https://www.pagalsongs.online/rusha-dilbar-mp3-song-download</loc>
    </url>
    <url>
      <loc>https://www.pagalsongs.online/talk-mp3-song-download</loc>
    </url>
    <url>
      <loc>https://www.pagalsongs.online/broken-mp3-song-download</loc>
    </url>
    <url>
      <loc>https://www.pagalsongs.online/baller-x-tere-te-mp3-song---download-2024</loc>
    </url>
    <url>
      <loc>https://www.pagalsongs.online/into-you-mp3--song-download</loc>
    </url>
    <url>
      <loc>https://www.pagalsongs.online/tu-hi-das-de-mp3-song-download</loc>
    </url>
    <url>
      <loc>https://www.pagalsongs.online/notorious-mp3-song-download</loc>
    </url>
    <url>
      <loc>https://www.pagalsongs.online/falling-stars-mp3-song-download</loc>
    </url>
    <url>
      <loc>https://www.pagalsongs.online/safar-slowed-reverb-mp3-song-download</loc>
    </url>
    <url>
      <loc>https://www.pagalsongs.online/varinder-brar-thaa-mp3-song-download</loc>
    </url>
    <url>
      <loc>https://www.pagalsongs.online/elevated-mp3--song-download</loc>
    </url>
    <url>
      <loc>https://www.pagalsongs.online/aaja-ve-mahiya-x-bohemia-mashup-naresh-parmar-mp3-songs-download-2024</loc>
    </url>
    <url>
      <loc>https://www.pagalsongs.online/known-face-mp3-songs-download</loc>
    </url>
    <url>
      <loc>https://www.pagalsongs.online/sorry-bol-mp3-song-download</loc>
    </url>
    <url>
      <loc>https://www.pagalsongs.online/dreams-song-download-davinder</loc>
    </url>
    <url>
      <loc>https://www.pagalsongs.online/high-har-pal-mp3-song-download</loc>
    </url>
    <url>
      <loc>https://www.pagalsongs.online/sunn-beliya-mp3-song-download</loc>
    </url>
    <url>
      <loc>https://www.pagalsongs.online/shehri-sakhiya-mp3-song-download</loc>
    </url>
    <url>
      <loc>https://www.pagalsongs.online/sleepless-nights-mp3-song-download</loc>
    </url>
    <url>
      <loc>https://www.pagalsongs.online/daga-mp3-song-download</loc>
    </url>
    <url>
      <loc>https://www.pagalsongs.online/ik-tara-mp3-song-download</loc>
    </url>
    <url>
      <loc>https://www.pagalsongs.online/teri-deewani-female-version-mp3-song-download-</loc>
    </url>
    <url>
      <loc>https://www.pagalsongs.online/sachet-tandon-chandni-mp3-song-download</loc>
    </url>
    <url>
      <loc>https://www.pagalsongs.online/aditya-rikhari-bin-tere-mp3-song-download</loc>
    </url>
    <url>
      <loc>https://www.pagalsongs.online/wise-guyz-mp3-song-download</loc>
    </url>
    <url>
      <loc>https://www.pagalsongs.online/punjab-wargi-mp3--song-download</loc>
    </url>
    <url>
      <loc>https://www.pagalsongs.online/ohi-munde-mp3--0-download</loc>
    </url>
    <url>
      <loc>https://www.pagalsongs.online/tera-deewaana-mp3-song-download</loc>
    </url>
    <url>
      <loc>https://www.pagalsongs.online/udh-di-phiran-mp3--song-download--2024</loc>
    </url>
    <url>
      <loc>https://www.pagalsongs.online/deep-down-mp3-song-download</loc>
    </url>
    <url>
      <loc>https://www.pagalsongs.online/akh-47-mp3-song-download</loc>
    </url>
    <url>
      <loc>https://www.pagalsongs.online/thode-vargiya-mp3-song-download</loc>
    </url>
    <url>
      <loc>https://www.pagalsongs.online/watchout-mp3-song-download</loc>
    </url>
    <url>
      <loc>https://www.pagalsongs.online/heart-throb-mp3-song-download</loc>
    </url>
    <url>
      <loc>https://www.pagalsongs.online/retro-lovee-mp3-song-download-2024</loc>
    </url>
    <url>
      <loc>https://www.pagalsongs.online/cham-cham-mp3-song-download</loc>
    </url>
    <url>
      <loc>https://www.pagalsongs.online/ishq-ka-asar-mp3-song-download</loc>
    </url>
    <url>
      <loc>https://www.pagalsongs.online/admirin-you-mp3-0s-download-2024</loc>
    </url>
    <url>
      <loc>https://www.pagalsongs.online/kudi-mp3-song-download</loc>
    </url>
    <url>
      <loc>https://www.pagalsongs.online/sadi-taur-mp3-song-download</loc>
    </url>
    <url>
      <loc>https://www.pagalsongs.online/lag-jaa-gale-mp3-song-download</loc>
    </url>
    <url>
      <loc>https://www.pagalsongs.online/sach-bajwa-feelings-mp3-song-download</loc>
    </url>
    <url>
      <loc>https://www.pagalsongs.online/zinda-banda-mp3-song-download</loc>
    </url>
    <url>
      <loc>https://www.pagalsongs.online/shak-kardi-mp3-song-download</loc>
    </url>
    <url>
      <loc>https://www.pagalsongs.online/dil-ki-suni-rahon-pe-mp3-song-download</loc>
    </url>
    <url>
      <loc>https://www.pagalsongs.online/journey-mp3--song-download</loc>
    </url>
    <url>
      <loc>https://www.pagalsongs.online/bam-bam-bhole-mp3--song-download-2024</loc>
    </url>
    <url>
      <loc>https://www.pagalsongs.online/raka-viah-mp3-song-download</loc>
    </url>
    <url>
      <loc>https://www.pagalsongs.online/albadi-hood-mp3-song-download</loc>
    </url>
    <url>
      <loc>https://www.pagalsongs.online/aate-rehte-hain-mp3-song-download</loc>
    </url>
    <url>
      <loc>https://www.pagalsongs.online/allah-de-bandeya-mp3-song-download</loc>
    </url>
    <url>
      <loc>https://www.pagalsongs.online/tu-tu-tu-mp3-song-download</loc>
    </url>
    <url>
      <loc>https://www.pagalsongs.online/hota-hai-ji-hota-hai-mp3-song-download</loc>
    </url>
    <url>
      <loc>https://www.pagalsongs.online/mal-mal-mp3-song-download</loc>
    </url>
    <url>
      <loc>https://www.pagalsongs.online/farehaa-mp3-song-download</loc>
    </url>
    <url>
      <loc>https://www.pagalsongs.online/main-aaunga-mp3--song-download</loc>
    </url>
    <url>
      <loc>https://www.pagalsongs.online/zohrajabeen-mp3-song-download-00</loc>
    </url>
    <url>
      <loc>https://www.pagalsongs.online/baarish-aa-gayi-hai-priyanka-choudhary-mp3-song-download</loc>
    </url>
    <url>
      <loc>https://www.pagalsongs.online/ratiya-mp3-song-download-2024</loc>
    </url>
    <url>
      <loc>https://www.pagalsongs.online/jawayi-mp3-song-download</loc>
    </url>
    <url>
      <loc>https://www.pagalsongs.online/you-talking-to-me-mp3--0-download-2024</loc>
    </url>
    <url>
      <loc>https://www.pagalsongs.online/do-do-baarish-mp3-song-download</loc>
    </url>
    <url>
      <loc>https://www.pagalsongs.online/swarthopor-mp3-song-download</loc>
    </url>
    <url>
      <loc>https://www.pagalsongs.online/khadja-khadja-mp3-song-download</loc>
    </url>
    <url>
      <loc>https://www.pagalsongs.online/photo-sabba-mp3-song-download</loc>
    </url>
    <url>
      <loc>https://www.pagalsongs.online/ninja-raja-rani-mp3--song-download-2024</loc>
    </url>
    <url>
      <loc>https://www.pagalsongs.online/saza-mp3-song-download</loc>
    </url>
    <url>
      <loc>https://www.pagalsongs.online/depression-mp3-song-download-0</loc>
    </url>
    <url>
      <loc>https://www.pagalsongs.online/gypsy-pe-naam-mp3--song-download</loc>
    </url>
    <url>
      <loc>https://www.pagalsongs.online/shok-albadi-mp3-song-download</loc>
    </url>
    <url>
      <loc>https://www.pagalsongs.online/freeflow-mp3-songs-download</loc>
    </url>
    <url>
      <loc>https://www.pagalsongs.online/jagga-mp3-song-download</loc>
    </url>
    <url>
      <loc>https://www.pagalsongs.online/dil-bechara-mp3-song-download</loc>
    </url>
    <url>
      <loc>https://www.pagalsongs.online/jee-bhar-ke-tum-mp3-song-download</loc>
    </url>
    <url>
      <loc>https://www.pagalsongs.online/navigation-mp3-song-download</loc>
    </url>
    <url>
      <loc>https://www.pagalsongs.online/moner-moyna-mp3-song-download</loc>
    </url>
    <url>
      <loc>https://www.pagalsongs.online/joy-maa-tara-joy-joy-tara-mp3---songs-download</loc>
    </url>
    <url>
      <loc>https://www.pagalsongs.online/chor-de-mp3-song-download</loc>
    </url>
    <url>
      <loc>https://www.pagalsongs.online/dhindhora-baje-re-mp3-song-download</loc>
    </url>
    <url>
      <loc>https://www.pagalsongs.online/ab-rulayega-kya-saale-mp3-song-download</loc>
    </url>
    <url>
      <loc>https://www.pagalsongs.online/saanson-main-mp3-song-download</loc>
    </url>
    <url>
      <loc>https://www.pagalsongs.online/zaroori-mp3-song-download</loc>
    </url>
    <url>
      <loc>https://www.pagalsongs.online/adorable-mp3-song-download</loc>
    </url>
    <url>
      <loc>https://www.pagalsongs.online/barkha-mp3-song-download</loc>
    </url>
    <url>
      <loc>https://www.pagalsongs.online/tu-sajna-mp3-song-download</loc>
    </url>
    <url>
      <loc>https://www.pagalsongs.online/har-har-mahadev-mp3-song-download-0</loc>
    </url>
    <url>
      <loc>https://www.pagalsongs.online/dj-yogii-tum-hi-ho-future-rave-mix-mp3-song-download-2024</loc>
    </url>
    <url>
      <loc>https://www.pagalsongs.online/kat-jayega-mp3-song-download</loc>
    </url>
    <url>
      <loc>https://www.pagalsongs.online/phir-aur-kya-chahiye-remix-dj-baddiee-mp3-song-download</loc>
    </url>
    <url>
      <loc>https://www.pagalsongs.online/phir-aur-kya-chahiye-mashup-naresh-parmar-mp3-song-download</loc>
    </url>
    <url>
      <loc>https://www.pagalsongs.online/hum-tere-bin-2-0-mp3--songs-download</loc>
    </url>
    <url>
      <loc>https://www.pagalsongs.online/tum-hi-ho-shi-fi-dj-shadow-dubai-mp3-song-download</loc>
    </url>
    <url>
      <loc>https://www.pagalsongs.online/bekhayali-shi-fi-dj-shadow-dubai-mp3-song-download</loc>
    </url>
    <url>
      <loc>https://www.pagalsongs.online/jai-shri-ram-mp3-song-download-0</loc>
    </url>
    <url>
      <loc>https://www.pagalsongs.online/newest-punjabi-mashup-2023-dj-shadow-dubai-dj-parshs-mp3-song-download</loc>
    </url>
    <url>
      <loc>https://www.pagalsongs.online/tere-mera-naataa-mp3-song-download</loc>
    </url>
    <url>
      <loc>https://www.pagalsongs.online/nikki-nikki-gal-mp3-song-download</loc>
    </url>
    <url>
      <loc>https://www.pagalsongs.online/love-stereo-again-mp3-song-download</loc>
    </url>
    <url>
      <loc>https://www.pagalsongs.online/ezu-tu-hi-tu-mp3---songs-download-2024</loc>
    </url>
    <url>
      <loc>https://www.pagalsongs.online/aja-tenu-dassa-mp3-song-download</loc>
    </url>
    <url>
      <loc>https://www.pagalsongs.online/la-la-la-la-mp3-song-download</loc>
    </url>
    <url>
      <loc>https://www.pagalsongs.online/asle-nal-yari-mp3-song-download</loc>
    </url>
    <url>
      <loc>https://www.pagalsongs.online/woh-pyaar-tha-mp3-song-download</loc>
    </url>
    <url>
      <loc>https://www.pagalsongs.online/whose-like-me-mp3-song-download</loc>
    </url>
    <url>
      <loc>https://www.pagalsongs.online/birthday-bintu-pabra-mp3-song-download</loc>
    </url>
    <url>
      <loc>https://www.pagalsongs.online/ye-dil-mp3-song-download</loc>
    </url>
    <url>
      <loc>https://www.pagalsongs.online/5-mint-mp3-song-download</loc>
    </url>
    <url>
      <loc>https://www.pagalsongs.online/ve-kamleya-mp3-song-download</loc>
    </url>
    <url>
      <loc>https://www.pagalsongs.online/daaman-mp3-song-download</loc>
    </url>
    <url>
      <loc>https://www.pagalsongs.online/dilon-ki-doriyan-mp3-song-download</loc>
    </url>
    <url>
      <loc>https://www.pagalsongs.online/lo-aayi-barsaat-mp3-song-download</loc>
    </url>
    <url>
      <loc>https://www.pagalsongs.online/stebin-ben-bahut-pyaar-tumse-karta-hai-dil-mp3-song-download-2024</loc>
    </url>
    <url>
      <loc>https://www.pagalsongs.online/gaddi-halle-mp3-song-download-2024</loc>
    </url>
    <url>
      <loc>https://www.pagalsongs.online/kavala-mp3--song-download</loc>
    </url>
    <url>
      <loc>https://www.pagalsongs.online/hathyar-tufang-mp3-song-download</loc>
    </url>
    <url>
      <loc>https://www.pagalsongs.online/ravaun-waleya-mp3-song-download</loc>
    </url>
    <url>
      <loc>https://www.pagalsongs.online/dj-chetas-obsessed-braa-remix-mp3-song-download</loc>
    </url>
    <url>
      <loc>https://www.pagalsongs.online/wadda-ghar-mp3-song-download</loc>
    </url>
    <url>
      <loc>https://www.pagalsongs.online/arunita-kanjilal-maula-mp3-song-download</loc>
    </url>
    <url>
      <loc>https://www.pagalsongs.online/sharaabe-mohabbat-mp3-song-download</loc>
    </url>
    <url>
      <loc>https://www.pagalsongs.online/haal-puchda-mp3-song-download</loc>
    </url>
    <url>
      <loc>https://www.pagalsongs.online/maan-meri-jaan-remix-dj-baddiee-mp3-songs-download-2024</loc>
    </url>
    <url>
      <loc>https://www.pagalsongs.online/gora-gora-rang-x-punjabi-mashup-sunny-hassan-dj-rash-king-mp3-songs-download-2024</loc>
    </url>
    <url>
      <loc>https://www.pagalsongs.online/minta-till-i-die-mp3-song-download</loc>
    </url>
    <url>
      <loc>https://www.pagalsongs.online/gasolina-mp3---song-download-2</loc>
    </url>
    <url>
      <loc>https://www.pagalsongs.online/ni-mittiye-mp3-song-download</loc>
    </url>
    <url>
      <loc>https://www.pagalsongs.online/teri-ho-na-saki-mp3-songs-download-2024</loc>
    </url>
    <url>
      <loc>https://www.pagalsongs.online/3-peg-remix-dj-piyush-bajaj-mp3-song-download</loc>
    </url>
    <url>
      <loc>https://www.pagalsongs.online/nachhatar-gill-aakdan-mp3-song-download</loc>
    </url>
    <url>
      <loc>https://www.pagalsongs.online/raaton-mp3-song-download</loc>
    </url>
    <url>
      <loc>https://www.pagalsongs.online/navjot-chann-mp3-song-download</loc>
    </url>
    <url>
      <loc>https://www.pagalsongs.online/hum-tumse-mp3-songs-download-0</loc>
    </url>
    <url>
      <loc>https://www.pagalsongs.online/twilight-mp3-song-download</loc>
    </url>
    <url>
      <loc>https://www.pagalsongs.online/dil-se-dil-tak-mp3-song-download</loc>
    </url>
    <url>
      <loc>https://www.pagalsongs.online/king-laapata-mp3--songs-download-2024</loc>
    </url>
    <url>
      <loc>https://www.pagalsongs.online/mahadev-aur-main-mp3-song-download</loc>
    </url>
    <url>
      <loc>https://www.pagalsongs.online/koto-dhane-koto-chal-mp3-song-download</loc>
    </url>
    <url>
      <loc>https://www.pagalsongs.online/sleepless-mp3--song-download</loc>
    </url>
    <url>
      <loc>https://www.pagalsongs.online/mere-sanam-ke-khwaab-mp3-song-download</loc>
    </url>
    <url>
      <loc>https://www.pagalsongs.online/kora-kujja-mp3-song-download</loc>
    </url>
    <url>
      <loc>https://www.pagalsongs.online/bharatt-saurabh-teri-yaad-mein-mp3-song-download</loc>
    </url>
    <url>
      <loc>https://www.pagalsongs.online/jawan-prevue-theme-mp3-song-download</loc>
    </url>
    <url>
      <loc>https://www.pagalsongs.online/phir-aur-kya-chahiye-asees-version-mp3-song-download</loc>
    </url>
    <url>
      <loc>https://www.pagalsongs.online/dilbara-mp3-song-download</loc>
    </url>
    <url>
      <loc>https://www.pagalsongs.online/teri-yaadon-kaa-saawan-mp3-song-download</loc>
    </url>
    <url>
      <loc>https://www.pagalsongs.online/baarish-karde-mp3-song-download</loc>
    </url>
    <url>
      <loc>https://www.pagalsongs.online/bali-nazar-mp3-song-download</loc>
    </url>
    <url>
      <loc>https://www.pagalsongs.online/bracelet-mp3-song-download-0</loc>
    </url>
    <url>
      <loc>https://www.pagalsongs.online/gussa-enna-pyara-mp3-song-download</loc>
    </url>
    <url>
      <loc>https://www.pagalsongs.online/sach-bata-mujhe-mp3-song-download</loc>
    </url>
    <url>
      <loc>https://www.pagalsongs.online/kaavala-mp3-song-download-2024</loc>
    </url>
    <url>
      <loc>https://www.pagalsongs.online/kalachan-mp3-song-download</loc>
    </url>
    <url>
      <loc>https://www.pagalsongs.online/b-happie-bholenath-mp3-song-download</loc>
    </url>
    <url>
      <loc>https://www.pagalsongs.online/jhumka-gira-re-bareli-ke-bazaar-mein-mp3-song-download</loc>
    </url>
    <url>
      <loc>https://www.pagalsongs.online/what-jhumka-mp3-song-download</loc>
    </url>
    <url>
      <loc>https://www.pagalsongs.online/beqasoor-mp3-song-download</loc>
    </url>
    <url>
      <loc>https://www.pagalsongs.online/guli-mata-mp3-song-download-00</loc>
    </url>
    <url>
      <loc>https://www.pagalsongs.online/2-jhotte-mp3-song-download</loc>
    </url>
    <url>
      <loc>https://www.pagalsongs.online/rehbara-mp3--song-download</loc>
    </url>
    <url>
      <loc>https://www.pagalsongs.online/tere-vaaste-remix-dj-piyush-bajaj-mp3-song-download</loc>
    </url>
    <url>
      <loc>https://www.pagalsongs.online/no-filter-mp3-song-download</loc>
    </url>
    <url>
      <loc>https://www.pagalsongs.online/dheere-dheere-raffta-raffta-junior-mp3-song-download</loc>
    </url>
    <url>
      <loc>https://www.pagalsongs.online/ek-tu-hi-hai-mp3-songs-download-2024</loc>
    </url>
    <url>
      <loc>https://www.pagalsongs.online/baarishon-mp3-song-download</loc>
    </url>
    <url>
      <loc>https://www.pagalsongs.online/iss-baar-sawan-mein-mp3-song-download</loc>
    </url>
    <url>
      <loc>https://www.pagalsongs.online/still-rollin-remix-dj-piyush-bajaj-mp3-songs-download-2024</loc>
    </url>
    <url>
      <loc>https://www.pagalsongs.online/bollywood-medley-pt-10-mp3-song-download</loc>
    </url>
    <url>
      <loc>https://www.pagalsongs.online/mahadeva-mp3--0-download-last-0</loc>
    </url>
    <url>
      <loc>https://www.pagalsongs.online/v-v-v-mp3-song-download</loc>
    </url>
    <url>
      <loc>https://www.pagalsongs.online/phir-aur-kya-chahiye-remix-dj-chetas-mp3-song-download</loc>
    </url>
    <url>
      <loc>https://www.pagalsongs.online/harrdy-sandhu-psycho-mp3-song-download</loc>
    </url>
    <url>
      <loc>https://www.pagalsongs.online/saah-warge-mp3-song-download</loc>
    </url>
    <url>
      <loc>https://www.pagalsongs.online/ek-pal-bhi-tummse-door-2-0-mp3-song-download</loc>
    </url>
    <url>
      <loc>https://www.pagalsongs.online/old-town-road-remix-dj-shuvro-dj-avila-mp3-song-download</loc>
    </url>
    <url>
      <loc>https://www.pagalsongs.online/kede-kede-yaar-mp3-song-download</loc>
    </url>
    <url>
      <loc>https://www.pagalsongs.online/tere-vaaste-reprise-mp3-song-download</loc>
    </url>
    <url>
      <loc>https://www.pagalsongs.online/magic-sajjan-adeeb-mp3-song-download</loc>
    </url>
    <url>
      <loc>https://www.pagalsongs.online/yaar-hathyaar-mp3-song-download</loc>
    </url>
    <url>
      <loc>https://www.pagalsongs.online/chorni-mp3-song-download-0</loc>
    </url>
    <url>
      <loc>https://www.pagalsongs.online/tumhe-kitna-pyaar-karte-v-mp3-song-download</loc>
    </url>
    <url>
      <loc>https://www.pagalsongs.online/tere-saath-mein-mp3-song-download</loc>
    </url>
    <url>
      <loc>https://www.pagalsongs.online/tu-aaj-mainu-khud-ch-sama-len-de-mp3-song-download</loc>
    </url>
    <url>
      <loc>https://www.pagalsongs.online/aarzoo-mp3-song-download</loc>
    </url>
    <url>
      <loc>https://www.pagalsongs.online/kaun-kaun-mp3-song-download</loc>
    </url>
    <url>
      <loc>https://www.pagalsongs.online/stebin-ben-yeh-dil-kitni-baar-samjhayega-mp3-song-download</loc>
    </url>
    <url>
      <loc>https://www.pagalsongs.online/fanah-dil-mp3-song-download</loc>
    </url>
    <url>
      <loc>https://www.pagalsongs.online/raniya-mp3-song-download-00</loc>
    </url>
    <url>
      <loc>https://www.pagalsongs.online/ishq-tera-tadpave-dj-piyush-bajaj-remix-mp3-song-download</loc>
    </url>
    <url>
      <loc>https://www.pagalsongs.online/namoh-namoh-mp3-song-download</loc>
    </url>
    <url>
      <loc>https://www.pagalsongs.online/shantir-may-morche-mp3-song-download</loc>
    </url>
    <url>
      <loc>https://www.pagalsongs.online/baarishon-ki-dhun-mp3-song-download</loc>
    </url>
    <url>
      <loc>https://www.pagalsongs.online/maal-piyenge-remix-dj-liku-lucifer-mp3--song-download</loc>
    </url>
    <url>
      <loc>https://www.pagalsongs.online/maal-piyenge-2-mp3---song-download-0</loc>
    </url>
    <url>
      <loc>https://www.pagalsongs.online/mal-piyenge-mp3--song-download</loc>
    </url>
    <url>
      <loc>https://www.pagalsongs.online/tu-mera-raja-mp3-song-download-2024</loc>
    </url>
    <url>
      <loc>https://www.pagalsongs.online/ilzaam-jo-galat-lage-mp3-song-download</loc>
    </url>
    <url>
      <loc>https://www.pagalsongs.online/khushi-tumhari-hai-jab-isi-mein-mp3-songs-download</loc>
    </url>
    <url>
      <loc>https://www.pagalsongs.online/zihaal-e-miskeen-cover-mp3-song-download</loc>
    </url>
    <url>
      <loc>https://www.pagalsongs.online/50-tola-mp3-song-download</loc>
    </url>
    <url>
      <loc>https://www.pagalsongs.online/kya-loge-tum-remix-dj-piyush-bajaj-mp3-song-download</loc>
    </url>
    <url>
      <loc>https://www.pagalsongs.online/saada-haal-mp3-song-download</loc>
    </url>
    <url>
      <loc>https://www.pagalsongs.online/mani-longia-kasol-mp3-song-download</loc>
    </url>
    <url>
      <loc>https://www.pagalsongs.online/jatti-fan-mp3-song-download</loc>
    </url>
    <url>
      <loc>https://www.pagalsongs.online/ab-hum-na-milenge-mp3-song-download-2024</loc>
    </url>
    <url>
      <loc>https://www.pagalsongs.online/long-back-mp3-song-download</loc>
    </url>
    <url>
      <loc>https://www.pagalsongs.online/sochi-baitha-aa-mp3-song-download</loc>
    </url>
    <url>
      <loc>https://www.pagalsongs.online/phir-aur-kya-chahiye-bengali-version-mp3-song-download</loc>
    </url>
    <url>
      <loc>https://www.pagalsongs.online/bheegi-bheegi-mp3-song-download</loc>
    </url>
    <url>
      <loc>https://www.pagalsongs.online/arjun-kanungo-danger-mp3-song-download</loc>
    </url>
    <url>
      <loc>https://www.pagalsongs.online/adhe-bol-te-mp3-song-download</loc>
    </url>
    <url>
      <loc>https://www.pagalsongs.online/nach-mere-naal-mp3-song-download</loc>
    </url>
    <url>
      <loc>https://www.pagalsongs.online/yuhin-raah-chalte-chalte-mp3-song-download</loc>
    </url>
    <url>
      <loc>https://www.pagalsongs.online/deedar-de-remix-dj-hardik-mp3-song-download</loc>
    </url>
    <url>
      <loc>https://www.pagalsongs.online/meri-jaan-e-jaan-mp3-song-download</loc>
    </url>
    <url>
      <loc>https://www.pagalsongs.online/tum-se-milke-mp3-song-download</loc>
    </url>
    <url>
      <loc>https://www.pagalsongs.online/ab-rota-nahi-yeh-dil-mp3-song-download</loc>
    </url>
    <url>
      <loc>https://www.pagalsongs.online/kaash-wo-door-na-jaati-mp3-song-download-mani</loc>
    </url>
    <url>
      <loc>https://www.pagalsongs.online/mahi-hai-toh-mumkin-hai-mp3-song-download</loc>
    </url>
    <url>
      <loc>https://www.pagalsongs.online/raatan-kaaliyan-mp3-song-download</loc>
    </url>
    <url>
      <loc>https://www.pagalsongs.online/teri-main-hogayi-mp3-song-download</loc>
    </url>
    <url>
      <loc>https://www.pagalsongs.online/kaale-jaadu-mp3-song-download-00</loc>
    </url>
    <url>
      <loc>https://www.pagalsongs.online/obsessed-remix-dj-piyush-bajaj-mp3-song-download</loc>
    </url>
    <url>
      <loc>https://www.pagalsongs.online/issa-vibe-remix-dj-nitish-gulyani-mp3---songs-download-2024</loc>
    </url>
    <url>
      <loc>https://www.pagalsongs.online/yaar-ka-sataya-hua-hai-mp3--0s-download</loc>
    </url>
    <url>
      <loc>https://www.pagalsongs.online/farebi-mp3-song-download</loc>
    </url>
    <url>
      <loc>https://www.pagalsongs.online/tiki-tiki-raat-mp3--song-download</loc>
    </url>
    <url>
      <loc>https://www.pagalsongs.online/munda-sona-hoon-main-remix-dj-shadow-dubai-mp3-song-download</loc>
    </url>
    <url>
      <loc>https://www.pagalsongs.online/geda-mp3-song-download</loc>
    </url>
    <url>
      <loc>https://www.pagalsongs.online/ragini-ride-mp3---songs-download-2024-0</loc>
    </url>
    <url>
      <loc>https://www.pagalsongs.online/worldwide-mp3-song-download</loc>
    </url>
    <url>
      <loc>https://www.pagalsongs.online/liv-in-future-mp3-song-download</loc>
    </url>
    <url>
      <loc>https://www.pagalsongs.online/tere-bin-adhoori-mp3-song-download</loc>
    </url>
    <url>
      <loc>https://www.pagalsongs.online/rata-nu-neend-na-aave-mp3-song-download</loc>
    </url>
    <url>
      <loc>https://www.pagalsongs.online/bhole-baba-dega-note-chappan-ki-machine-mp3-song-download</loc>
    </url>
    <url>
      <loc>https://www.pagalsongs.online/le-aaunga-mp3-song-download</loc>
    </url>
    <url>
      <loc>https://www.pagalsongs.online/nageena-mp3-song-download</loc>
    </url>
    <url>
      <loc>https://www.pagalsongs.online/paglaa-mp3-song-download</loc>
    </url>
    <url>
      <loc>https://www.pagalsongs.online/triloki-shambhu-nath-mp3-song-download</loc>
    </url>
    <url>
      <loc>https://www.pagalsongs.online/banke-hawa-mein-slowed-reverb-mp3-song-download</loc>
    </url>
    <url>
      <loc>https://www.pagalsongs.online/hikayat-mp3-song-download</loc>
    </url>
    <url>
      <loc>https://www.pagalsongs.online/mahiye-jinna-sohna-mp3-song-download</loc>
    </url>
    <url>
      <loc>https://www.pagalsongs.online/ya-ali-rap-version-mp3-song-download</loc>
    </url>
    <url>
      <loc>https://www.pagalsongs.online/naa-ready-mp3-song-download</loc>
    </url>
    <url>
      <loc>https://www.pagalsongs.online/priceless-mp3-song-download</loc>
    </url>
    <url>
      <loc>https://www.pagalsongs.online/obsessed-x-i-m-good-remix-dj-dharak-mp3-song-download-2024</loc>
    </url>
    <url>
      <loc>https://www.pagalsongs.online/bullan-de-nishan-mp3-songs-download-2024</loc>
    </url>
    <url>
      <loc>https://www.pagalsongs.online/bou-re-amar-boshe-aine-de-mp3-song-download</loc>
    </url>
    <url>
      <loc>https://www.pagalsongs.online/meri-zindagi-mp3-song-download</loc>
    </url>
    <url>
      <loc>https://www.pagalsongs.online/badal-barsa-bijuli-mp3-song-download</loc>
    </url>
    <url>
      <loc>https://www.pagalsongs.online/tere-vaaste-x-got-2-luv-u-moombahton-remix-dj-reme-mp3-song-download-2024</loc>
    </url>
    <url>
      <loc>https://www.pagalsongs.online/arijit-singh-mashup-2023-vdj-royal-mp3-song-download</loc>
    </url>
    <url>
      <loc>https://www.pagalsongs.online/hai-aisa-kyun-mp3-song-download</loc>
    </url>
    <url>
      <loc>https://www.pagalsongs.online/bollywood-mp3-song-download</loc>
    </url>
    <url>
      <loc>https://www.pagalsongs.online/tumko-hai-kasam-mp3-song-download-2024</loc>
    </url>
    <url>
      <loc>https://www.pagalsongs.online/punjabi-pop-mashup-2023-sunny-hassan-mp3-song-download</loc>
    </url>
    <url>
      <loc>https://www.pagalsongs.online/face-2-face-mp3-song-download</loc>
    </url>
    <url>
      <loc>https://www.pagalsongs.online/bin-maahi-mp3-song-download</loc>
    </url>
    <url>
      <loc>https://www.pagalsongs.online/tum-kya-mile-mp3--song-download</loc>
    </url>
    <url>
      <loc>https://www.pagalsongs.online/arjan-dhillon-ilzaam-mp3-song-download</loc>
    </url>
    <url>
      <loc>https://www.pagalsongs.online/pehli-pehli-baar-mp3-song-download</loc>
    </url>
    <url>
      <loc>https://www.pagalsongs.online/whenever-mp3-song-download-</loc>
    </url>
    <url>
      <loc>https://www.pagalsongs.online/maine-royaan-slowed-x-reverb-mp3-song---download-2024</loc>
    </url>
    <url>
      <loc>https://www.pagalsongs.online/go-gyal-mp3-song-download</loc>
    </url>
    <url>
      <loc>https://www.pagalsongs.online/zindagi-mein-aa-jaana-mp3-song-download</loc>
    </url>
    <url>
      <loc>https://www.pagalsongs.online/no-no-no-mp3-song-download-00-0</loc>
    </url>
    <url>
      <loc>https://www.pagalsongs.online/akhaan-ve-akhaan-mp3-song-download</loc>
    </url>
    <url>
      <loc>https://www.pagalsongs.online/sanam-aa-gaya-mp3-songs-download</loc>
    </url>
    <url>
      <loc>https://www.pagalsongs.online/boomerang-mp3-song-download</loc>
    </url>
    <url>
      <loc>https://www.pagalsongs.online/kon-kade-ke-mp3-song-download</loc>
    </url>
    <url>
      <loc>https://www.pagalsongs.online/paris-di-jugni-mp3-song-download-2024</loc>
    </url>
    <url>
      <loc>https://www.pagalsongs.online/mere-dhol-judaiyan-de-mp3-song-download</loc>
    </url>
    <url>
      <loc>https://www.pagalsongs.online/pasoori-nu-mp3-song-download</loc>
    </url>
    <url>
      <loc>https://www.pagalsongs.online/sare-tare-tod-le-ava-slowed-and-reverb-mp3-song-download</loc>
    </url>
    <url>
      <loc>https://www.pagalsongs.online/sare-tare-tod-le-ava-mp3-song-download-2024</loc>
    </url>
    <url>
      <loc>https://www.pagalsongs.online/meri-behna-mp3-song-download</loc>
    </url>
    <url>
      <loc>https://www.pagalsongs.online/pyaar-tera-2-0-mp3-song-download</loc>
    </url>
    <url>
      <loc>https://www.pagalsongs.online/ved-tujha-mp3-song-download-</loc>
    </url>
    <url>
      <loc>https://www.pagalsongs.online/besuri-mp3-song-download</loc>
    </url>
    <url>
      <loc>https://www.pagalsongs.online/my-one-only-mp3-song-download</loc>
    </url>
    <url>
      <loc>https://www.pagalsongs.online/shreya-ghoshal-tum-jo-mile-mp3-song-download</loc>
    </url>
    <url>
      <loc>https://www.pagalsongs.online/tera-mera-rishta-mp3-song-download</loc>
    </url>
    <url>
      <loc>https://www.pagalsongs.online/gucchi-gucchi-mp3-song-download</loc>
    </url>
    <url>
      <loc>https://www.pagalsongs.online/bhola-mp3--song-download</loc>
    </url>
    <url>
      <loc>https://www.pagalsongs.online/gaddiya-uchiya-rakhiya-mp3-song-download</loc>
    </url>
    <url>
      <loc>https://www.pagalsongs.online/let-me-down-slowly-x-aaja-ve-mahiya-mp3-song---download-2024</loc>
    </url>
    <url>
      <loc>https://www.pagalsongs.online/burqa-mp3-song-download</loc>
    </url>
    <url>
      <loc>https://www.pagalsongs.online/laali-tu-lukonda-firda-mp3-song-download</loc>
    </url>
    <url>
      <loc>https://www.pagalsongs.online/main-dil-ko-samjha-lunga-mp3-song-download</loc>
    </url>
    <url>
      <loc>https://www.pagalsongs.online/tere-vaaste-remix-dj-dharak-mp3--song-download</loc>
    </url>
    <url>
      <loc>https://www.pagalsongs.online/jacquemus-mp3-song-download</loc>
    </url>
    <url>
      <loc>https://www.pagalsongs.online/tere-bin-lo-fi-dj-moody-mp3-song-download</loc>
    </url>
    <url>
      <loc>https://www.pagalsongs.online/sono-go-lolona-mp3-song-download</loc>
    </url>
    <url>
      <loc>https://www.pagalsongs.online/veere-mp3-song-download-00</loc>
    </url>
    <url>
      <loc>https://www.pagalsongs.online/ram-siya-ram-cover-mp3-song-download</loc>
    </url>
    <url>
      <loc>https://www.pagalsongs.online/brazilian-phonk-mano-mp3---0-download-2024</loc>
    </url>
    <url>
      <loc>https://www.pagalsongs.online/ik-yaad-purani-mp3-song-download</loc>
    </url>
    <url>
      <loc>https://www.pagalsongs.online/dur-se-aaya-baba-dham-tere-khatu-mp3-song-download-2024</loc>
    </url>
    <url>
      <loc>https://www.pagalsongs.online/tani-dekhal-kari-mp3-song-download</loc>
    </url>
    <url>
      <loc>https://www.pagalsongs.online/tu-majak-te-makhol-kite-mp3-song-download</loc>
    </url>
    <url>
      <loc>https://www.pagalsongs.online/dilan-di-gall-mp3-song-download</loc>
    </url>
    <url>
      <loc>https://www.pagalsongs.online/lipi-rani-mp3-song-download</loc>
    </url>
    <url>
      <loc>https://www.pagalsongs.online/faltu-pyar-mp3-song-download</loc>
    </url>
    <url>
      <loc>https://www.pagalsongs.online/mathu-mathu-mp3-song-download</loc>
    </url>
    <url>
      <loc>https://www.pagalsongs.online/mehrab-alvida-mp3-song-download</loc>
    </url>
    <url>
      <loc>https://www.pagalsongs.online/obsessed-mp3-song-download-0</loc>
    </url>
    <url>
      <loc>https://www.pagalsongs.online/kar-baithe-ishk-tumse-mp3-song-download</loc>
    </url>
    <url>
      <loc>https://www.pagalsongs.online/chitta-3-mp3-song-download</loc>
    </url>
    <url>
      <loc>https://www.pagalsongs.online/babbu-maan-chitta-kurta-mp3-song-download</loc>
    </url>
    <url>
      <loc>https://www.pagalsongs.online/tabaahi-mp3-song-download</loc>
    </url>
    <url>
      <loc>https://www.pagalsongs.online/yaari-toot-jayegi-mp3-song-download</loc>
    </url>
    <url>
      <loc>https://www.pagalsongs.online/himesh-reshammiya-mashup-2023-sunny-hassan-mp3-song-download</loc>
    </url>
    <url>
      <loc>https://www.pagalsongs.online/dhoor-mp3-song-download</loc>
    </url>
    <url>
      <loc>https://www.pagalsongs.online/phir-aur-kya-chahiye-dj-lemon-x-dj-aaryan-gala-mp3-song-download</loc>
    </url>
    <url>
      <loc>https://www.pagalsongs.online/ab-soch-liya-mp3-song-download</loc>
    </url>
    <url>
      <loc>https://www.pagalsongs.online/always-maze-mp3-song-download</loc>
    </url>
    <url>
      <loc>https://www.pagalsongs.online/kinne-pagal-mp3-song-download</loc>
    </url>
    <url>
      <loc>https://www.pagalsongs.online/atif-aslam-bura-haal-mp3-song-download</loc>
    </url>
    <url>
      <loc>https://www.pagalsongs.online/sadi-gali-2-0-dj-shadow-dubai-mp3-song-download</loc>
    </url>
    <url>
      <loc>https://www.pagalsongs.online/sun-sajni-mp3--song-download</loc>
    </url>
    <url>
      <loc>https://www.pagalsongs.online/tu-jeene-ki-wajah-mp3-song-download</loc>
    </url>
    <url>
      <loc>https://www.pagalsongs.online/false-promises-mp3-song-download</loc>
    </url>
    <url>
      <loc>https://www.pagalsongs.online/baharle-struggler-mp3-song-download</loc>
    </url>
    <url>
      <loc>https://www.pagalsongs.online/still-nirvair-pannu-mp3-songs-download-2024</loc>
    </url>
    <url>
      <loc>https://www.pagalsongs.online/main-ho-gaya-hu-deewana-pehli-baarish-mein-mp3-song-download</loc>
    </url>
    <url>
      <loc>https://www.pagalsongs.online/jubin-nautiyal-pehli-baarish-mein-mp3-song-download</loc>
    </url>
    <url>
      <loc>https://www.pagalsongs.online/we-alone-mp3-song-download</loc>
    </url>
    <url>
      <loc>https://www.pagalsongs.online/veham-shraban-da-mp3-song-download</loc>
    </url>
    <url>
      <loc>https://www.pagalsongs.online/gorom-lage-mp3-song-download</loc>
    </url>
    <url>
      <loc>https://www.pagalsongs.online/baapu-di-queen-mp3-song-download</loc>
    </url>
    <url>
      <loc>https://www.pagalsongs.online/aahi-gal-mp3-song-download</loc>
    </url>
    <url>
      <loc>https://www.pagalsongs.online/we-roll-mp3-song-download</loc>
    </url>
    <url>
      <loc>https://www.pagalsongs.online/salamat-rahe-mp3--song-download</loc>
    </url>
    <url>
      <loc>https://www.pagalsongs.online/rihaa-rihaa-mp3-song-download</loc>
    </url>
    <url>
      <loc>https://www.pagalsongs.online/ride-alone-mp3---songs-download-2024-0</loc>
    </url>
    <url>
      <loc>https://www.pagalsongs.online/tere-bina-main-jiyun-kaise-mp3-song-download</loc>
    </url>
    <url>
      <loc>https://www.pagalsongs.online/niladri-natham-mp3-song-download--2024-0</loc>
    </url>
    <url>
      <loc>https://www.pagalsongs.online/gurinder-gill-x-shubh-mashup-sunny-hassan-mp3-songs-download</loc>
    </url>
    <url>
      <loc>https://www.pagalsongs.online/billgate-mp3-song-download</loc>
    </url>
    <url>
      <loc>https://www.pagalsongs.online/mahoul-sippy-gill-mp3-song-download</loc>
    </url>
    <url>
      <loc>https://www.pagalsongs.online/o-bedardeya-mashup-dj-shadow-dubai-x-dj-parsh-mp3-song-download</loc>
    </url>
    <url>
      <loc>https://www.pagalsongs.online/phir-aur-kya-chahiye-remix-dj-dharak-mp3-song-download</loc>
    </url>
    <url>
      <loc>https://www.pagalsongs.online/deva-deva-mashup-2023-dj-shadow-dubai-x-dj-parsh-mp3-song-download</loc>
    </url>
    <url>
      <loc>https://www.pagalsongs.online/gujju-pataka-mp3-song-download</loc>
    </url>
    <url>
      <loc>https://www.pagalsongs.online/saan-jatt-mp3-song-download</loc>
    </url>
    <url>
      <loc>https://www.pagalsongs.online/mohabbat-amaal-mallik-mp3-song-download</loc>
    </url>
    <url>
      <loc>https://www.pagalsongs.online/piya-milan-mp3-song-download</loc>
    </url>
    <url>
      <loc>https://www.pagalsongs.online/parmish-verma-panjab-mp3--song-download</loc>
    </url>
    <url>
      <loc>https://www.pagalsongs.online/yeh-nazar-mp3--song-download</loc>
    </url>
    <url>
      <loc>https://www.pagalsongs.online/pagal-ay-mp3-song-download</loc>
    </url>
    <url>
      <loc>https://www.pagalsongs.online/dill-diyan-jaan-de-mp3-song-download</loc>
    </url>
    <url>
      <loc>https://www.pagalsongs.online/street-smart-mp3-song-download</loc>
    </url>
    <url>
      <loc>https://www.pagalsongs.online/lehanga-gippy-grewal-mp3-song-download</loc>
    </url>
    <url>
      <loc>https://www.pagalsongs.online/heer-banegi-mp3-song-download</loc>
    </url>
    <url>
      <loc>https://www.pagalsongs.online/raman-romana-jealous-mp3-song-download</loc>
    </url>
    <url>
      <loc>https://www.pagalsongs.online/kon-bolde-o-mp3-song-download</loc>
    </url>
    <url>
      <loc>https://www.pagalsongs.online/ae-sajni-mp3-song-download</loc>
    </url>
    <url>
      <loc>https://www.pagalsongs.online/armaan-malik-zehar-mp3-song-download</loc>
    </url>
    <url>
      <loc>https://www.pagalsongs.online/dubb-naal-mp3-song-download</loc>
    </url>
    <url>
      <loc>https://www.pagalsongs.online/shreya-ghoshal-barsaat-aa-gayi-mp3-song-download</loc>
    </url>
    <url>
      <loc>https://www.pagalsongs.online/karan-randhawa-glock-mp3-song-download</loc>
    </url>
    <url>
      <loc>https://www.pagalsongs.online/benoor-saaye-mp3-song-download</loc>
    </url>
    <url>
      <loc>https://www.pagalsongs.online/deewani-mp3-song-download--0</loc>
    </url>
    <url>
      <loc>https://www.pagalsongs.online/kya-loge-tum-chillout-mashup-sunny-hassan-mp3-song-download</loc>
    </url>
    <url>
      <loc>https://www.pagalsongs.online/nawaab-mp3-song-download</loc>
    </url>
    <url>
      <loc>https://www.pagalsongs.online/saj-saj-mp3-song-download</loc>
    </url>
    <url>
      <loc>https://www.pagalsongs.online/dil-mein-dard-sa-jaga-hai-cover-mp3-song-download</loc>
    </url>
    <url>
      <loc>https://www.pagalsongs.online/krishna-teri-ho-gyi-mp3-song-download</loc>
    </url>
    <url>
      <loc>https://www.pagalsongs.online/hai-tu-mp3-songs-download</loc>
    </url>
    <url>
      <loc>https://www.pagalsongs.online/terre-dar-pe-aaye-mp3-song-download</loc>
    </url>
    <url>
      <loc>https://www.pagalsongs.online/akaal-dil-todeya-mp3-song-download</loc>
    </url>
    <url>
      <loc>https://www.pagalsongs.online/khwaab-tha-tu-mera-mp3-song-download</loc>
    </url>
    <url>
      <loc>https://www.pagalsongs.online/baarish-aayi-hai-mp3-song-download</loc>
    </url>
    <url>
      <loc>https://www.pagalsongs.online/sajjan-adeeb-taqdeer-mp3-song-download</loc>
    </url>
    <url>
      <loc>https://www.pagalsongs.online/ronde-nain-hamare-mp3-song-download</loc>
    </url>
    <url>
      <loc>https://www.pagalsongs.online/tere-hawaale-remix-dj-baddiee-mp3-song-download</loc>
    </url>
    <url>
      <loc>https://www.pagalsongs.online/rehn-de-mp3-song-download</loc>
    </url>
    <url>
      <loc>https://www.pagalsongs.online/ro-lehn-de-mp3-song-download</loc>
    </url>
    <url>
      <loc>https://www.pagalsongs.online/stardust-mp3-song-download-2024</loc>
    </url>
    <url>
      <loc>https://www.pagalsongs.online/jawaniyaan-mp3--song-download</loc>
    </url>
    <url>
      <loc>https://www.pagalsongs.online/ammiye-mp3-song-download</loc>
    </url>
    <url>
      <loc>https://www.pagalsongs.online/jee-karda-title-track-mp3-song-download</loc>
    </url>
    <url>
      <loc>https://www.pagalsongs.online/aaj-ke-baad-mp3-song-download</loc>
    </url>
    <url>
      <loc>https://www.pagalsongs.online/yaar-di-shaadi-mp3-song-download</loc>
    </url>
    <url>
      <loc>https://www.pagalsongs.online/chalakiyan-mp3-song-download</loc>
    </url>
    <url>
      <loc>https://www.pagalsongs.online/siftan-mp3-song-download</loc>
    </url>
    <url>
      <loc>https://www.pagalsongs.online/nihal-tauro-tere-bin-mp3-song-download</loc>
    </url>
    <url>
      <loc>https://www.pagalsongs.online/jhakas-mp3-song-download</loc>
    </url>
    <url>
      <loc>https://www.pagalsongs.online/meherbani-mp3-song-download</loc>
    </url>
    <url>
      <loc>https://www.pagalsongs.online/beta-karta-rap-mp3-song-download</loc>
    </url>
    <url>
      <loc>https://www.pagalsongs.online/kya-din-the-woh-mp3-song-download</loc>
    </url>
    <url>
      <loc>https://www.pagalsongs.online/emiway-bantai-roots-mp3-song-download</loc>
    </url>
    <url>
      <loc>https://www.pagalsongs.online/rule-no-123-mp3-song-download</loc>
    </url>
    <url>
      <loc>https://www.pagalsongs.online/waqt-ke-saath-interlude-mp3-song-download</loc>
    </url>
    <url>
      <loc>https://www.pagalsongs.online/survive-mp3-song-download</loc>
    </url>
    <url>
      <loc>https://www.pagalsongs.online/kots-freestyle-mp3-song-download</loc>
    </url>
    <url>
      <loc>https://www.pagalsongs.online/classy-chapri-mp3-song-download</loc>
    </url>
    <url>
      <loc>https://www.pagalsongs.online/tu-haske-bulale-diya-rahul-jain-mp3--song-download</loc>
    </url>
    <url>
      <loc>https://www.pagalsongs.online/likhna-mitana-mp3--song-download-2024</loc>
    </url>
    <url>
      <loc>https://www.pagalsongs.online/real-talk-mp3---song-download</loc>
    </url>
    <url>
      <loc>https://www.pagalsongs.online/baari-barsi-mp3--song-download-2024</loc>
    </url>
    <url>
      <loc>https://www.pagalsongs.online/azam-sheesha-mp3-song-download</loc>
    </url>
    <url>
      <loc>https://www.pagalsongs.online/two-button-mp3-song-download</loc>
    </url>
    <url>
      <loc>https://www.pagalsongs.online/let-it-be-mp3-song-download</loc>
    </url>
    <url>
      <loc>https://www.pagalsongs.online/chand-taro-se-kaho-abhi-thehro-jara-mp3-song-download</loc>
    </url>
    <url>
      <loc>https://www.pagalsongs.online/you-get-no-love-mp3--song-download-2024</loc>
    </url>
    <url>
      <loc>https://www.pagalsongs.online/shaheed-tere-naam-ka-mp3-song-download</loc>
    </url>
    <url>
      <loc>https://www.pagalsongs.online/hollybolly-global-megamix-2023-dip-sr-mp3-song-download</loc>
    </url>
    <url>
      <loc>https://www.pagalsongs.online/shivoham-mp3-song-download</loc>
    </url>
    <url>
      <loc>https://www.pagalsongs.online/huppa-huiya-mp3-song-download</loc>
    </url>
    <url>
      <loc>https://www.pagalsongs.online/tu-hai-sheetal-dhaara-mp3--songs-download-2024</loc>
    </url>
    <url>
      <loc>https://www.pagalsongs.online/mansoob-mp3-song-download</loc>
    </url>
    <url>
      <loc>https://www.pagalsongs.online/beete-hue-pal-mp3-song-download</loc>
    </url>
    <url>
      <loc>https://www.pagalsongs.online/red-velvet-mp3-song-download</loc>
    </url>
    <url>
      <loc>https://www.pagalsongs.online/baby-some-down-mp3-song-download</loc>
    </url>
    <url>
      <loc>https://www.pagalsongs.online/tere-vaaste-main-falak-se-chand-launga-mp3-song-download</loc>
    </url>
    <url>
      <loc>https://www.pagalsongs.online/harnoor-haal-mp3-song-download-</loc>
    </url>
    <url>
      <loc>https://www.pagalsongs.online/kaka-kaali-car-mp3-song-download</loc>
    </url>
    <url>
      <loc>https://www.pagalsongs.online/desi-chhora-mp3---songs-download-2024</loc>
    </url>
    <url>
      <loc>https://www.pagalsongs.online/daffa-ho-mp3-song-download</loc>
    </url>
    <url>
      <loc>https://www.pagalsongs.online/husband-bawla-mp3--songs-download-2024</loc>
    </url>
    <url>
      <loc>https://www.pagalsongs.online/kaliya-murad-mp3-song-download</loc>
    </url>
    <url>
      <loc>https://www.pagalsongs.online/ae-meri-wafa-2-0-mp3-song-download</loc>
    </url>
    <url>
      <loc>https://www.pagalsongs.online/tulsi-kumar-bolo-na-mp3-song-download</loc>
    </url>
    <url>
      <loc>https://www.pagalsongs.online/kaur-b-3-saal-mp3-song-download</loc>
    </url>
    <url>
      <loc>https://www.pagalsongs.online/akki-singh-freestyle-mp3-song-download</loc>
    </url>
    <url>
      <loc>https://www.pagalsongs.online/ultimate-punjabi-mashup-2023-dj-bhav-london-sunix-thakor-mp3-song-download</loc>
    </url>
    <url>
      <loc>https://www.pagalsongs.online/yaad-teri-aaye-baar-baar-mp3-song-download</loc>
    </url>
    <url>
      <loc>https://www.pagalsongs.online/king-of-indian-hip-hop-mp3-songs-download-2024</loc>
    </url>
    <url>
      <loc>https://www.pagalsongs.online/gajab-jeevan-jihi-mp3-song-download</loc>
    </url>
    <url>
      <loc>https://www.pagalsongs.online/main-ta-ni-royi-mp3-song-download</loc>
    </url>
    <url>
      <loc>https://www.pagalsongs.online/sanyasi-mp3-song-download</loc>
    </url>
    <url>
      <loc>https://www.pagalsongs.online/tinku-jiya-remix-pikss-u-mp3-song-download</loc>
    </url>
    <url>
      <loc>https://www.pagalsongs.online/dil-galti-kar-baitha-hai-lofi-mix-dj-moody-mp3-song-download-2024</loc>
    </url>
    <url>
      <loc>https://www.pagalsongs.online/parindey-pyar-ke-mp3-song-download</loc>
    </url>
    <url>
      <loc>https://www.pagalsongs.online/ninja-mode-mp3-song-download</loc>
    </url>
    <url>
      <loc>https://www.pagalsongs.online/kaise-mp3-song-download</loc>
    </url>
    <url>
      <loc>https://www.pagalsongs.online/balenciaga-mp3-song-download-0</loc>
    </url>
    <url>
      <loc>https://www.pagalsongs.online/true-breakup-emotional-mashup-2023-sunny-hassan-mp3-song-download</loc>
    </url>
    <url>
      <loc>https://www.pagalsongs.online/america-mp3-song-download</loc>
    </url>
    <url>
      <loc>https://www.pagalsongs.online/dil-maahiya-stebin-ben-mp3-song-download</loc>
    </url>
    <url>
      <loc>https://www.pagalsongs.online/jinda-hoon-main-mp3-song-download</loc>
    </url>
    <url>
      <loc>https://www.pagalsongs.online/ram-mandir-mp3-song-download</loc>
    </url>
    <url>
      <loc>https://www.pagalsongs.online/lage-na-tere-bina-mp3-song-download</loc>
    </url>
    <url>
      <loc>https://www.pagalsongs.online/company-remix-dj-purvish-mp3-song-download</loc>
    </url>
    <url>
      <loc>https://www.pagalsongs.online/hari-krishna-mp3--song-download</loc>
    </url>
    <url>
      <loc>https://www.pagalsongs.online/desperado-mp3-song-download</loc>
    </url>
    <url>
      <loc>https://www.pagalsongs.online/saaj-bhatt-deewana-mp3-song-download</loc>
    </url>
    <url>
      <loc>https://www.pagalsongs.online/humsafar-remix-kedrock-sd-style-mp3-song-download</loc>
    </url>
    <url>
      <loc>https://www.pagalsongs.online/tere-alawa-mp3-song-download</loc>
    </url>
    <url>
      <loc>https://www.pagalsongs.online/glow-mp3-song-download</loc>
    </url>
    <url>
      <loc>https://www.pagalsongs.online/blossom-mp3-song-download</loc>
    </url>
    <url>
      <loc>https://www.pagalsongs.online/issa-vibe-mp3---songs-download-2024</loc>
    </url>
    <url>
      <loc>https://www.pagalsongs.online/saanjha-mp3-song-download-2024</loc>
    </url>
    <url>
      <loc>https://www.pagalsongs.online/the-legendary-legacy-tribute-to-late-sidhu-moose-wala-sunix-thakor-mp3-song-download</loc>
    </url>
    <url>
      <loc>https://www.pagalsongs.online/ram-siya-ram-adipurush-mp3-song-download</loc>
    </url>
    <url>
      <loc>https://www.pagalsongs.online/ram-sita-ram-malayalam-mp3-song-download</loc>
    </url>
    <url>
      <loc>https://www.pagalsongs.online/ram-sita-ram-tamil-mp3-song-download</loc>
    </url>
    <url>
      <loc>https://www.pagalsongs.online/ram-sita-ram-kannada-mp3-song-download</loc>
    </url>
    <url>
      <loc>https://www.pagalsongs.online/ram-sita-ram-telugu-mp3-song-download</loc>
    </url>
    <url>
      <loc>https://www.pagalsongs.online/sachet-tandon-ram-siya-ram-mp3-song-download</loc>
    </url>
    <url>
      <loc>https://www.pagalsongs.online/koi-dard-na-jane-mera-female-version-mp3-song-download</loc>
    </url>
    <url>
      <loc>https://www.pagalsongs.online/koi-dard-na-jane-mera-mp3-song-download</loc>
    </url>
    <url>
      <loc>https://www.pagalsongs.online/weapon-war-mp3-song-download</loc>
    </url>
    <url>
      <loc>https://www.pagalsongs.online/gangsta-levels-mashup-2023-naresh-parmar-mp3-song-download</loc>
    </url>
    <url>
      <loc>https://www.pagalsongs.online/ultimate-dance-mashup-2023-dip-sr-mp3-songs-download</loc>
    </url>
    <url>
      <loc>https://www.pagalsongs.online/yeh-dil-deewana-remix-dj-paroma-mp3--song-download</loc>
    </url>
    <url>
      <loc>https://www.pagalsongs.online/ho-ke-dekho-tum-kabhie-hamaare-2-0-mp3-song-download</loc>
    </url>
    <url>
      <loc>https://www.pagalsongs.online/dil-kide-karke-tuttya-mp3-song-download</loc>
    </url>
    <url>
      <loc>https://www.pagalsongs.online/jigu-jigu-rail-mp3-song-download</loc>
    </url>
    <url>
      <loc>https://www.pagalsongs.online/besharam-rang-ghazal-version-mp3-song-download</loc>
    </url>
    <url>
      <loc>https://www.pagalsongs.online/sukhpall-channi-reejh-mp3-song-download</loc>
    </url>
    <url>
      <loc>https://www.pagalsongs.online/naseeb-se-mp3-song-download</loc>
    </url>
    <url>
      <loc>https://www.pagalsongs.online/peena-chhod-denge-mp3-song-download</loc>
    </url>
    <url>
      <loc>https://www.pagalsongs.online/mere-malik-ji-mp3--song-download</loc>
    </url>
    <url>
      <loc>https://www.pagalsongs.online/stunner-mp3-song-download</loc>
    </url>
    <url>
      <loc>https://www.pagalsongs.online/sumit-goswami-time-mp3--song-download</loc>
    </url>
    <url>
      <loc>https://www.pagalsongs.online/tere-hawale-cover-mp3-song-download</loc>
    </url>
    <url>
      <loc>https://www.pagalsongs.online/chal-hatt-bahen-ki-lodi-mp3-song-download</loc>
    </url>
    <url>
      <loc>https://www.pagalsongs.online/kali-kali-zulfon-ke-mp3-song-download-005</loc>
    </url>
    <url>
      <loc>https://www.pagalsongs.online/tere-pyaar-mein-electro-mix-dj-yogii-mp3-song-download</loc>
    </url>
    <url>
      <loc>https://www.pagalsongs.online/meri-zindagi-se-jane-ka-kya-loge-tum-mp3-song-download</loc>
    </url>
    <url>
      <loc>https://www.pagalsongs.online/let-me-handle-mp3-song-download</loc>
    </url>
    <url>
      <loc>https://www.pagalsongs.online/raatan-de-rahi-mp3-song-download</loc>
    </url>
    <url>
      <loc>https://www.pagalsongs.online/zihaal-e-miskin-mp3-song-download</loc>
    </url>
    <url>
      <loc>https://www.pagalsongs.online/kudiyan-lahore-diyan-dj-g2-singapore-mp3-song-download</loc>
    </url>
    <url>
      <loc>https://www.pagalsongs.online/bollywood-x-south-love-mashup-2023-dj-bhav-london-mp3-song-download</loc>
    </url>
    <url>
      <loc>https://www.pagalsongs.online/baby-tujhe-paap-lagega-mp3-song-download</loc>
    </url>
    <url>
      <loc>https://www.pagalsongs.online/bewafa-se-pyaar-kiya-mp3-song-download</loc>
    </url>
    <url>
      <loc>https://www.pagalsongs.online/fikran-wich-mp3-song-download</loc>
    </url>
    <url>
      <loc>https://www.pagalsongs.online/fame-reimagined-mp3-song-download</loc>
    </url>
    <url>
      <loc>https://www.pagalsongs.online/double-black-mp3-songs-download-2024</loc>
    </url>
    <url>
      <loc>https://www.pagalsongs.online/yahama-mp3-song-download</loc>
    </url>
    <url>
      <loc>https://www.pagalsongs.online/jai-shri-ram-arijit-singh-mp3-song-download</loc>
    </url>
    <url>
      <loc>https://www.pagalsongs.online/murabba-mp3-song-download</loc>
    </url>
    <url>
      <loc>https://www.pagalsongs.online/dil-b-paras-gurlej-akhtar-mp3-song-download</loc>
    </url>
    <url>
      <loc>https://www.pagalsongs.online/rajashri-bag-o-re-piya-mp3-song-download</loc>
    </url>
    <url>
      <loc>https://www.pagalsongs.online/systumm-mp3-song-download</loc>
    </url>
    <url>
      <loc>https://www.pagalsongs.online/dil-mera-dil-mp3-song-download</loc>
    </url>
    <url>
      <loc>https://www.pagalsongs.online/barsaat-aa-gayi-mp3-song-download</loc>
    </url>
    <url>
      <loc>https://www.pagalsongs.online/boyfriend-reprise-mp3-song-download</loc>
    </url>
    <url>
      <loc>https://www.pagalsongs.online/taito-ailam-sagore-mp3-song-download</loc>
    </url>
    <url>
      <loc>https://www.pagalsongs.online/ei-sagor-pare-aisa-amar-matal-matal-lage-mp3-song-download</loc>
    </url>
    <url>
      <loc>https://www.pagalsongs.online/jeena-chahega-mp3-song-download</loc>
    </url>
    <url>
      <loc>https://www.pagalsongs.online/dekhte-reh-gaye-mp3-song-download</loc>
    </url>
    <url>
      <loc>https://www.pagalsongs.online/khoobsurat-neha-mp3-song-download</loc>
    </url>
    <url>
      <loc>https://www.pagalsongs.online/dilan-da-kabarhiya-mp3-song-download</loc>
    </url>
    <url>
      <loc>https://www.pagalsongs.online/headline-mp3-song-download</loc>
    </url>
    <url>
      <loc>https://www.pagalsongs.online/aur-iss-dil-mein-mp3-song-download</loc>
    </url>
    <url>
      <loc>https://www.pagalsongs.online/patlo-mp3-song-download-2024</loc>
    </url>
    <url>
      <loc>https://www.pagalsongs.online/manifest-mp3-song-download</loc>
    </url>
    <url>
      <loc>https://www.pagalsongs.online/cloud-9-mp3-song-download</loc>
    </url>
    <url>
      <loc>https://www.pagalsongs.online/ka-huwa-mama-mp3-song-download</loc>
    </url>
    <url>
      <loc>https://www.pagalsongs.online/lonely-pain-mashup-2023-dip-sr-mp3-song-download</loc>
    </url>
    <url>
      <loc>https://www.pagalsongs.online/zinda-dili-2-mp3-song-download</loc>
    </url>
    <url>
      <loc>https://www.pagalsongs.online/shubh-ice-mp3-song-download-20</loc>
    </url>
    <url>
      <loc>https://www.pagalsongs.online/cheques-mp3-song-download</loc>
    </url>
    <url>
      <loc>https://www.pagalsongs.online/shubh-og-mp3-songs-download</loc>
    </url>
    <url>
      <loc>https://www.pagalsongs.online/shubh-ruthless-mp3-song-download</loc>
    </url>
    <url>
      <loc>https://www.pagalsongs.online/shubh-dior-mp3-song-download-</loc>
    </url>
    <url>
      <loc>https://www.pagalsongs.online/the-flow-mp3-song-download</loc>
    </url>
    <url>
      <loc>https://www.pagalsongs.online/befikriyan-mp3-song-download</loc>
    </url>
    <url>
      <loc>https://www.pagalsongs.online/antariksh-mp3-song-download</loc>
    </url>
    <url>
      <loc>https://www.pagalsongs.online/sent-ke-sisi-mp3-song-download</loc>
    </url>
    <url>
      <loc>https://www.pagalsongs.online/jatt-disda-mp3-song-download-0</loc>
    </url>
    <url>
      <loc>https://www.pagalsongs.online/kala-dora-mp3---song-download-2024</loc>
    </url>
    <url>
      <loc>https://www.pagalsongs.online/the-haryanvi-hits-mashup-2023-sunny-hassan-mp3-song-download</loc>
    </url>
    <url>
      <loc>https://www.pagalsongs.online/automatic-asla-mp3--song-download</loc>
    </url>
    <url>
      <loc>https://www.pagalsongs.online/ab-sath-nahi-mp3-song-download</loc>
    </url>
    <url>
      <loc>https://www.pagalsongs.online/o-mere-channa-ve-2-0-mp3-song-download</loc>
    </url>
    <url>
      <loc>https://www.pagalsongs.online/joban-sandhu-hukam-mp3-song-download</loc>
    </url>
    <url>
      <loc>https://www.pagalsongs.online/phir-aur-kya-chahiye-mp3-song-download</loc>
    </url>
    <url>
      <loc>https://www.pagalsongs.online/kam-toh-nahi-mp3-song-download</loc>
    </url>
    <url>
      <loc>https://www.pagalsongs.online/baba-bhali-kare-mp3--song-download</loc>
    </url>
    <url>
      <loc>https://www.pagalsongs.online/pakka-banda-mp3-songs-download</loc>
    </url>
    <url>
      <loc>https://www.pagalsongs.online/munde-khunde-mp3--song-download</loc>
    </url>
    <url>
      <loc>https://www.pagalsongs.online/teri-chahat-mein-mp3-song-download</loc>
    </url>
    <url>
      <loc>https://www.pagalsongs.online/manisha-sharma-teri-meri-jodi-mp3-song-download</loc>
    </url>
    <url>
      <loc>https://www.pagalsongs.online/funk-billo-mp3-song-download</loc>
    </url>
    <url>
      <loc>https://www.pagalsongs.online/kania-mp3-song-download</loc>
    </url>
    <url>
      <loc>https://www.pagalsongs.online/tony-kakkar+-senorita-mp3-song-download</loc>
    </url>
    <url>
      <loc>https://www.pagalsongs.online/baddie-mp3-song-download</loc>
    </url>
    <url>
      <loc>https://www.pagalsongs.online/kya-loge-tum-mp3-song-download</loc>
    </url>
    <url>
      <loc>https://www.pagalsongs.online/gulzaar-chhaniwala-game-mp3-song-download</loc>
    </url>
    <url>
      <loc>https://www.pagalsongs.online/haath-varthi-x-mirchi-megamix-sush-yohan-mp3-song-download-2024</loc>
    </url>
    <url>
      <loc>https://www.pagalsongs.online/mother-day-2023-special-songs-jukebox-mp3-song-download</loc>
    </url>
    <url>
      <loc>https://www.pagalsongs.online/meri-maa-yaariyan-mp3-song-download</loc>
    </url>
    <url>
      <loc>https://www.pagalsongs.online/maa-taare-zameen-par-mp3-song-download</loc>
    </url>
    <url>
      <loc>https://www.pagalsongs.online/jubin-nautiyal-meri-maa-mp3-song-download</loc>
    </url>
    <url>
      <loc>https://www.pagalsongs.online/chitti-jatti-mp3-song-download</loc>
    </url>
    <url>
      <loc>https://www.pagalsongs.online/saaki-saaki-remix-dj-hardik-mp3-song-download</loc>
    </url>
    <url>
      <loc>https://www.pagalsongs.online/saari-duniya-ki-khushi-se-mp3-song-download</loc>
    </url>
    <url>
      <loc>https://www.pagalsongs.online/vrindavan-jaungi-sakhi-na-laut-ke-aaungi-vrindavan-jaungi-mp3-song-download</loc>
    </url>
    <url>
      <loc>https://www.pagalsongs.online/je-chhau-timi-mp3-song-download</loc>
    </url>
    <url>
      <loc>https://www.pagalsongs.online/rapgod-mp3-song-download</loc>
    </url>
    <url>
      <loc>https://www.pagalsongs.online/i-m-outside-mp3-song-download</loc>
    </url>
    <url>
      <loc>https://www.pagalsongs.online/babbu-maan-dukh-mp3-song-download</loc>
    </url>
    <url>
      <loc>https://www.pagalsongs.online/mere-sapno-ki-galiyon-mein-mp3-song-download</loc>
    </url>
    <url>
      <loc>https://www.pagalsongs.online/made-in-the-stars-mp3---songs-download-2024-00</loc>
    </url>
    <url>
      <loc>https://www.pagalsongs.online/hath-varti-mp3-song-download</loc>
    </url>
    <url>
      <loc>https://www.pagalsongs.online/haath-varthi-mp3-song-download</loc>
    </url>
    <url>
      <loc>https://www.pagalsongs.online/slowly-slowly-remix-dj-hardik-mp3-song-download</loc>
    </url>
    <url>
      <loc>https://www.pagalsongs.online/meri-maa-meri-jaan-mp3--songs-download-1</loc>
    </url>
    <url>
      <loc>https://www.pagalsongs.online/teri-muskaan-mp3-song-download</loc>
    </url>
    <url>
      <loc>https://www.pagalsongs.online/sahi-hai-mp3-songs-download</loc>
    </url>
    <url>
      <loc>https://www.pagalsongs.online/befikar-mp3-song-download</loc>
    </url>
    <url>
      <loc>https://www.pagalsongs.online/hai-kaisi-kaisi-mp3-song-download-2024</loc>
    </url>
    <url>
      <loc>https://www.pagalsongs.online/gamey-gamey-mp3--songs-download--00</loc>
    </url>
    <url>
      <loc>https://www.pagalsongs.online/aa-gale-se-laga-le-2-0-mp3-song-download</loc>
    </url>
    <url>
      <loc>https://www.pagalsongs.online/born-to-win-mp3--song-download</loc>
    </url>
    <url>
      <loc>https://www.pagalsongs.online/kafla-mp3-song-download</loc>
    </url>
    <url>
      <loc>https://www.pagalsongs.online/harjot-long-route-mp3-song-download</loc>
    </url>
    <url>
      <loc>https://www.pagalsongs.online/commander-bhangde-de-mp3-song-download</loc>
    </url>
    <url>
      <loc>https://www.pagalsongs.online/rista-rista-mp3-song-download</loc>
    </url>
    <url>
      <loc>https://www.pagalsongs.online/dagaabaazaa-mp3-song-download</loc>
    </url>
    <url>
      <loc>https://www.pagalsongs.online/mere-tan-man-dhadkan-mein-siya-ram-hai-mp3-song-download</loc>
    </url>
    <url>
      <loc>https://www.pagalsongs.online/mangal-bhavan-amangal-hari-mp3-song-download</loc>
    </url>
    <url>
      <loc>https://www.pagalsongs.online/mujhme-mp3-song-download</loc>
    </url>
    <url>
      <loc>https://www.pagalsongs.online/ghoomey-mp3-song-download</loc>
    </url>
    <url>
      <loc>https://www.pagalsongs.online/omg-mp3--song-download</loc>
    </url>
    <url>
      <loc>https://www.pagalsongs.online/deedar-mp3--song-download</loc>
    </url>
    <url>
      <loc>https://www.pagalsongs.online/armaan-e-mohabbat-mp3-song-download</loc>
    </url>
    <url>
      <loc>https://www.pagalsongs.online/ek-chumma-mp3-song-download</loc>
    </url>
    <url>
      <loc>https://www.pagalsongs.online/a-kay-red-eyes-mp3-song-download</loc>
    </url>
    <url>
      <loc>https://www.pagalsongs.online/bikhra-hua-tha-kaanch-ke-jaise-mp3-0s-download-2024</loc>
    </url>
    <url>
      <loc>https://www.pagalsongs.online/nit-khair-manga-mp3-song-download</loc>
    </url>
    <url>
      <loc>https://www.pagalsongs.online/mohammad-faiz-nasha-mp3-song-download</loc>
    </url>
    <url>
      <loc>https://www.pagalsongs.online/he-gurudev-pranam-aapke-charno-mein-mp3-song-download</loc>
    </url>
    <url>
      <loc>https://www.pagalsongs.online/bond-007-mp3-song-download-2024</loc>
    </url>
    <url>
      <loc>https://www.pagalsongs.online/g-o-a-t-mashup-2-sunny-hassan-mp3-song-download</loc>
    </url>
    <url>
      <loc>https://www.pagalsongs.online/raah-warga-mp3-song-download</loc>
    </url>
    <url>
      <loc>https://www.pagalsongs.online/window-taley-mp3-song-download--55</loc>
    </url>
    <url>
      <loc>https://www.pagalsongs.online/rank-1-mp3--songs-download-</loc>
    </url>
    <url>
      <loc>https://www.pagalsongs.online/payal-toot-gayi-mp3-song-download</loc>
    </url>
    <url>
      <loc>https://www.pagalsongs.online/saajanji-ghar-aaye-x-mere-yaar-ki-shaadi-dj-maulik-mp3-song-download</loc>
    </url>
    <url>
      <loc>https://www.pagalsongs.online/vaa-poola-mp3-song-download</loc>
    </url>
    <url>
      <loc>https://www.pagalsongs.online/farishtey-mp3--song-download</loc>
    </url>
    <url>
      <loc>https://www.pagalsongs.online/kya-bolti-public-mp3-song-download</loc>
    </url>
    <url>
      <loc>https://www.pagalsongs.online/ghar-nahi-jaana-dj-aqeel-mp3-song-download</loc>
    </url>
    <url>
      <loc>https://www.pagalsongs.online/back-to-college-mp3-song-download</loc>
    </url>
    <url>
      <loc>https://www.pagalsongs.online/jaan-vaar-dun-mp3-song-download</loc>
    </url>
    <url>
      <loc>https://www.pagalsongs.online/she-knows-mp3-song-download</loc>
    </url>
    <url>
      <loc>https://www.pagalsongs.online/vehle-mp3-song-download</loc>
    </url>
    <url>
      <loc>https://www.pagalsongs.online/raah-arjan-dhillon-mp3-song-download-00</loc>
    </url>
    <url>
      <loc>https://www.pagalsongs.online/nirvair-pannu-waaka-mp3-song-download</loc>
    </url>
    <url>
      <loc>https://www.pagalsongs.online/agar-tum-na-hote-2-0-mp3-song-download</loc>
    </url>
    <url>
      <loc>https://www.pagalsongs.online/preetinder-midnight-mp3-song-download</loc>
    </url>
    <url>
      <loc>https://www.pagalsongs.online/jawani-sabba-deep-jandu-mp3--song-download</loc>
    </url>
    <url>
      <loc>https://www.pagalsongs.online/walk-talk-mp3-song-download</loc>
    </url>
    <url>
      <loc>https://www.pagalsongs.online/gallan-ee-ney-mp3-song-download</loc>
    </url>
    <url>
      <loc>https://www.pagalsongs.online/hoor-gajab-ki-mp3-song-download</loc>
    </url>
    <url>
      <loc>https://www.pagalsongs.online/crush-feelings-mp3-song-download-</loc>
    </url>
    <url>
      <loc>https://www.pagalsongs.online/go-to-sleep-mp3-song-download</loc>
    </url>
    <url>
      <loc>https://www.pagalsongs.online/over-confidence-mp3-song-download</loc>
    </url>
    <url>
      <loc>https://www.pagalsongs.online/seetiyan-mp3-song-download</loc>
    </url>
    <url>
      <loc>https://www.pagalsongs.online/mann-bharryaa-reprise-version-mp3-song-download-00</loc>
    </url>
    <url>
      <loc>https://www.pagalsongs.online/kill-bande-mp3-song-download</loc>
    </url>
    <url>
      <loc>https://www.pagalsongs.online/haryana-hood-mp3-song-download</loc>
    </url>
    <url>
      <loc>https://www.pagalsongs.online/careless-song-download</loc>
    </url>
    <url>
      <loc>https://www.pagalsongs.online/tera-mera-milna-mp3-song-download</loc>
    </url>
    <url>
      <loc>https://www.pagalsongs.online/aashiqui-baakki-hai-mp3-song-download-2024</loc>
    </url>
    <url>
      <loc>https://www.pagalsongs.online/pom-pom-mp3-song-download</loc>
    </url>
    <url>
      <loc>https://www.pagalsongs.online/nobody-compares-mp3-song-download</loc>
    </url>
    <url>
      <loc>https://www.pagalsongs.online/tere-naam-se-2-0-mp3-song-download</loc>
    </url>
    <url>
      <loc>https://www.pagalsongs.online/chuda-paaleya-mp3-song-download</loc>
    </url>
    <url>
      <loc>https://www.pagalsongs.online/bezubaan-mp3-song-download</loc>
    </url>
    <url>
      <loc>https://www.pagalsongs.online/raj-mawer-peshi-mp3-song-download-2024</loc>
    </url>
    <url>
      <loc>https://www.pagalsongs.online/tipsy-jatt-mp3-song-download</loc>
    </url>
    <url>
      <loc>https://www.pagalsongs.online/you-n-me-mp3--songs-download-2024</loc>
    </url>
    <url>
      <loc>https://www.pagalsongs.online/sarya-pya-mp3-song-download</loc>
    </url>
    <url>
      <loc>https://www.pagalsongs.online/harnoor-x-akhil-love-mashup-2023-sunny-hassan-mp3-song-download</loc>
    </url>
    <url>
      <loc>https://www.pagalsongs.online/ashkon-se-mp3-song-download</loc>
    </url>
    <url>
      <loc>https://www.pagalsongs.online/chora-haryana-ka-mp3-song-download</loc>
    </url>
    <url>
      <loc>https://www.pagalsongs.online/aasma-mp3-song-download</loc>
    </url>
    <url>
      <loc>https://www.pagalsongs.online/nikita-chouhan-jogan-mp3-0s-download</loc>
    </url>
    <url>
      <loc>https://www.pagalsongs.online/dil-da-ni-mada-mp3-song-download</loc>
    </url>
    <url>
      <loc>https://www.pagalsongs.online/jyoti-jiya-killer-queen-mp3-songs-download-2024</loc>
    </url>
    <url>
      <loc>https://www.pagalsongs.online/basta-mp3-song-download</loc>
    </url>
    <url>
      <loc>https://www.pagalsongs.online/mere-dilbar-jaaniya-mp3-song-download</loc>
    </url>
    <url>
      <loc>https://www.pagalsongs.online/dancin-krono-remix-mp3-song-download</loc>
    </url>
    <url>
      <loc>https://www.pagalsongs.online/sharan-x-bohemia-prem-kahani-mp3-song-download</loc>
    </url>
    <url>
      <loc>https://www.pagalsongs.online/bandookdi-mp3-song-download</loc>
    </url>
    <url>
      <loc>https://www.pagalsongs.online/arijit-singh-dance-mashup-2023-dj-avi-mp3-song-download</loc>
    </url>
    <url>
      <loc>https://www.pagalsongs.online/pyaar-mein-mp3-song-download-0</loc>
    </url>
    <url>
      <loc>https://www.pagalsongs.online/udte-teer-mp3-song-download</loc>
    </url>
    <url>
      <loc>https://www.pagalsongs.online/mere-humsafar-mp3-song-download</loc>
    </url>
    <url>
      <loc>https://www.pagalsongs.online/south-indian-dance-mashup-2023-dip-sr-mp3-song-download</loc>
    </url>
    <url>
      <loc>https://www.pagalsongs.online/death-row-by-ninja-song-download-its-not-your-keyword</loc>
    </url>
    <url>
      <loc>https://www.pagalsongs.online/nish-for-you-mp3--song-download</loc>
    </url>
    <url>
      <loc>https://www.pagalsongs.online/the-landers-raja-rani-mp3---songs-download-2024</loc>
    </url>
    <url>
      <loc>https://www.pagalsongs.online/ni-main-jaana-mp3-song-download</loc>
    </url>
    <url>
      <loc>https://www.pagalsongs.online/pariye-mp3-song-download</loc>
    </url>
    <url>
      <loc>https://www.pagalsongs.online/tum-ho-soulmate-mp3-song-download</loc>
    </url>
    <url>
      <loc>https://www.pagalsongs.online/infinity-mickey-singh-mp3-song-download</loc>
    </url>
    <url>
      <loc>https://www.pagalsongs.online/been-mp3-song-download-0</loc>
    </url>
    <url>
      <loc>https://www.pagalsongs.online/meri-soulmate-mp3-song-download</loc>
    </url>
    <url>
      <loc>https://www.pagalsongs.online/jaani-mp3-song-download</loc>
    </url>
    <url>
      <loc>https://www.pagalsongs.online/naa-ja-ve-mp3-song-download</loc>
    </url>
    <url>
      <loc>https://www.pagalsongs.online/kalankini-radha-mp3-song-download</loc>
    </url>
    <url>
      <loc>https://www.pagalsongs.online/o-bedardeya-cover-mp3-song-download</loc>
    </url>
    <url>
      <loc>https://www.pagalsongs.online/jai-shree-ram-dj-shadow-dubai-festival-remix-mp3-song-download</loc>
    </url>
    <url>
      <loc>https://www.pagalsongs.online/tony-kakkar-meherbaan-mp3-song-download-00</loc>
    </url>
    <url>
      <loc>https://www.pagalsongs.online/kulfa-kar-ma-mp3-songs-download-2024</loc>
    </url>
    <url>
      <loc>https://www.pagalsongs.online/mana-ki-mushkil-hai-safar-par-sun-ho-musafir-mp3-songs-download-0</loc>
    </url>
    <url>
      <loc>https://www.pagalsongs.online/bandeya-rey-bandeya-mp3-song-download</loc>
    </url>
    <url>
      <loc>https://www.pagalsongs.online/phone-mila-ke-song-download</loc>
    </url>
    <url>
      <loc>https://www.pagalsongs.online/abhay-jodhpurkar-lucky-mp3-song-download</loc>
    </url>
    <url>
      <loc>https://www.pagalsongs.online/iphone-13-mp3-song-download</loc>
    </url>
    <url>
      <loc>https://www.pagalsongs.online/tu-mile-mp3-song-download</loc>
    </url>
    <url>
      <loc>https://www.pagalsongs.online/jannatein-mp3--song-download</loc>
    </url>
    <url>
      <loc>https://www.pagalsongs.online/bareilly-ke-bazaar-mp3--song-download-2024-00</loc>
    </url>
    <url>
      <loc>https://www.pagalsongs.online/wahi-toh-khuda-hai-mp3-song-download-2024</loc>
    </url>
    <url>
      <loc>https://www.pagalsongs.online/chan-wargi-mp3-song-download</loc>
    </url>
    <url>
      <loc>https://www.pagalsongs.online/busy-getting-paid-mp3-song-download</loc>
    </url>
    <url>
      <loc>https://www.pagalsongs.online/piling-up-my-sins-mp3-song-download</loc>
    </url>
    <url>
      <loc>https://www.pagalsongs.online/sukh-tera-dita-lahiye-mp3-song-download</loc>
    </url>
    <url>
      <loc>https://www.pagalsongs.online/surjit-bhullar-video-call-mp3-song-download</loc>
    </url>
    <url>
      <loc>https://www.pagalsongs.online/apna-dil-de-diya-2-0-mp3-song-download</loc>
    </url>
    <url>
      <loc>https://www.pagalsongs.online/choru-chorun-mp3-song-download</loc>
    </url>
    <url>
      <loc>https://www.pagalsongs.online/tangars-mp3--song-download</loc>
    </url>
    <url>
      <loc>https://www.pagalsongs.online/bus-mp3-song-download</loc>
    </url>
    <url>
      <loc>https://www.pagalsongs.online/hardeep-grewal-yaraane-mp3-song-download</loc>
    </url>
    <url>
      <loc>https://www.pagalsongs.online/dar-nu-daraa-mp3-song-download</loc>
    </url>
    <url>
      <loc>https://www.pagalsongs.online/aadi-anant-shiv-yogi-mp3-song-download</loc>
    </url>
    <url>
      <loc>https://www.pagalsongs.online/bahut-pyar-karte-hai-tumko-sanam-mp3-song-download</loc>
    </url>
    <url>
      <loc>https://www.pagalsongs.online/hanuman-chalisa-sooryagayathri-mp3-song-download</loc>
    </url>
    <url>
      <loc>https://www.pagalsongs.online/jhuti-thi-kasme-teri-mp3-song-download</loc>
    </url>
    <url>
      <loc>https://www.pagalsongs.online/besabriyaan-mp3-song-download</loc>
    </url>
    <url>
      <loc>https://www.pagalsongs.online/kar-har-maidaan-fateh-mp3--song-download</loc>
    </url>
    <url>
      <loc>https://www.pagalsongs.online/get-ready-to-fight-mp3-song-download</loc>
    </url>
    <url>
      <loc>https://www.pagalsongs.online/chak-lein-de-mp3-song-download</loc>
    </url>
    <url>
      <loc>https://www.pagalsongs.online/turu-turu-bang-mp3-song-download</loc>
    </url>
    <url>
      <loc>https://www.pagalsongs.online/rise-up-mp3-song-download</loc>
    </url>
    <url>
      <loc>https://www.pagalsongs.online/hey-dukh-bhanjan-mp3-song-download</loc>
    </url>
    <url>
      <loc>https://www.pagalsongs.online/narayan-mp3-song-download</loc>
    </url>
    <url>
      <loc>https://www.pagalsongs.online/jai-jai-narayan-narayan-hari-hari-mp3-song-download</loc>
    </url>
    <url>
      <loc>https://www.pagalsongs.online/kab-hoga-tera-didar-mp3-song-download-00</loc>
    </url>
    <url>
      <loc>https://www.pagalsongs.online/ja-tujhko-mp3-song-download</loc>
    </url>
    <url>
      <loc>https://www.pagalsongs.online/jai-jai-bajrangbali-mp3-song-download</loc>
    </url>
    <url>
      <loc>https://www.pagalsongs.online/rihanna-mp3---songs-download-2024-0</loc>
    </url>
    <url>
      <loc>https://www.pagalsongs.online/up-to-u-mp3-song-download</loc>
    </url>
    <url>
      <loc>https://www.pagalsongs.online/afgan-mp3-song-download-0</loc>
    </url>
    <url>
      <loc>https://www.pagalsongs.online/dhanda-nyoliwala-no-mercy-mp3-song-download-2024</loc>
    </url>
    <url>
      <loc>https://www.pagalsongs.online/thik-emon-ebhabe-mp3-song-download</loc>
    </url>
    <url>
      <loc>https://www.pagalsongs.online/celebrate-mp3-song-download</loc>
    </url>
    <url>
      <loc>https://www.pagalsongs.online/im-outside-mp3-song-download</loc>
    </url>
    <url>
      <loc>https://www.pagalsongs.online/basti-ki-hasti-bro-ringtone-download-2024-mp3--</loc>
    </url>
    <url>
      <loc>https://www.pagalsongs.online/basti-ka-hasti-ringtone-remix-download-2024-mp3</loc>
    </url>
    <url>
      <loc>https://www.pagalsongs.online/desi-chori-mp3---songs-download-2024</loc>
    </url>
    <url>
      <loc>https://www.pagalsongs.online/phir-kitthe-mp3-song-download</loc>
    </url>
    <url>
      <loc>https://www.pagalsongs.online/aaja-aaja-ve-mp3-song-download</loc>
    </url>
    <url>
      <loc>https://www.pagalsongs.online/rap-man-mp3-song-download</loc>
    </url>
    <url>
      <loc>https://www.pagalsongs.online/babli-mp3-song-download</loc>
    </url>
    <url>
      <loc>https://www.pagalsongs.online/zulfan-di-kaid-mp3-song-download</loc>
    </url>
    <url>
      <loc>https://www.pagalsongs.online/odhani-mein-dagia-lagawalu-mp3-song-download</loc>
    </url>
    <url>
      <loc>https://www.pagalsongs.online/ijazat-reply-version-mp3-song-download</loc>
    </url>
    <url>
      <loc>https://www.pagalsongs.online/ijazat-cover-girl-mp3-song-download</loc>
    </url>
    <url>
      <loc>https://www.pagalsongs.online/ijazat-mp3-song-download-0</loc>
    </url>
    <url>
      <loc>https://www.pagalsongs.online/oh-banda-2-mp3-song-download</loc>
    </url>
    <url>
      <loc>https://www.pagalsongs.online/mere-pyaare-banke-bihari-mp3-song-download</loc>
    </url>
    <url>
      <loc>https://www.pagalsongs.online/cute-smile-ne-ghayal-karto-mala-mp3-song-download</loc>
    </url>
    <url>
      <loc>https://www.pagalsongs.online/preet-bandre-mehbooba-mp3-song-download</loc>
    </url>
    <url>
      <loc>https://www.pagalsongs.online/eenie-meenie-mp3-song-download-2024-0-00</loc>
    </url>
    <url>
      <loc>https://www.pagalsongs.online/ye-dua-hai-meri-rab-se-mp3--songs-download-2024</loc>
    </url>
    <url>
      <loc>https://www.pagalsongs.online/yaari-dhokebaaz-mp3-song-download</loc>
    </url>
    <url>
      <loc>https://www.pagalsongs.online/chakar-shivbach-honar-mp3-song-download</loc>
    </url>
    <url>
      <loc>https://www.pagalsongs.online/chale-jana-phir-mp3-song-download</loc>
    </url>
    <url>
      <loc>https://www.pagalsongs.online/pehli-vaari-peeti-a-mp3-song-download</loc>
    </url>
    <url>
      <loc>https://www.pagalsongs.online/billo-rani-mp3-song-download</loc>
    </url>
    <url>
      <loc>https://www.pagalsongs.online/p-o-v-mp3-song-download</loc>
    </url>
    <url>
      <loc>https://www.pagalsongs.online/bandook-jass-manak-mp3-song-download</loc>
    </url>
    <url>
      <loc>https://www.pagalsongs.online/tera-aana-mp3-song-download</loc>
    </url>
    <url>
      <loc>https://www.pagalsongs.online/bluetooth-era-mega-mashup-3-sunny-hassan-mp3-song-download</loc>
    </url>
    <url>
      <loc>https://www.pagalsongs.online/south-x-bollywood-tapori-dance-mashup-2023-mp3-song-download</loc>
    </url>
    <url>
      <loc>https://www.pagalsongs.online/plazo-mp3-song-download</loc>
    </url>
    <url>
      <loc>https://www.pagalsongs.online/mere-jinni-sohni-mp3-song-download</loc>
    </url>
    <url>
      <loc>https://www.pagalsongs.online/while-passed-mp3-song-download</loc>
    </url>
    <url>
      <loc>https://www.pagalsongs.online/scooty-mp3-song-download</loc>
    </url>
    <url>
      <loc>https://www.pagalsongs.online/mai-tujhko-kar-bhi-lu-hasil-mp3-song-download</loc>
    </url>
    <url>
      <loc>https://www.pagalsongs.online/radha-naam-mp3-song-download</loc>
    </url>
    <url>
      <loc>https://www.pagalsongs.online/beast-mode-mp3-song-download</loc>
    </url>
    <url>
      <loc>https://www.pagalsongs.online/jodi-teri-meri-mp3-song-download</loc>
    </url>
    <url>
      <loc>https://www.pagalsongs.online/shri-ram-dhun-mp3--song-download</loc>
    </url>
    <url>
      <loc>https://www.pagalsongs.online/bahut-nede-mp3-song-download</loc>
    </url>
    <url>
      <loc>https://www.pagalsongs.online/chhod-dala-mp3-song-download</loc>
    </url>
    <url>
      <loc>https://www.pagalsongs.online/sipahi-billo-mp3-song-download</loc>
    </url>
    <url>
      <loc>https://www.pagalsongs.online/toca-toca-mp3-song-download</loc>
    </url>
    <url>
      <loc>https://www.pagalsongs.online/ek-soch-hai-jaagi-mp3-song-download</loc>
    </url>
    <url>
      <loc>https://www.pagalsongs.online/tomato-tomato-mp3-song-download</loc>
    </url>
    <url>
      <loc>https://www.pagalsongs.online/just-you-amrit-braich-mp3--0-download-2024</loc>
    </url>
    <url>
      <loc>https://www.pagalsongs.online/arijit-singh-mashup-non-stop-jay-guldekar-mp3--0s-download-00</loc>
    </url>
    <url>
      <loc>https://www.pagalsongs.online/tum-mere-2-mp3--song-download</loc>
    </url>
    <url>
      <loc>https://www.pagalsongs.online/shiv-dhun-mp3-song-download</loc>
    </url>
    <url>
      <loc>https://www.pagalsongs.online/1-hour-nonstop-party-mashup-sunix-thakor-mp3-song-download</loc>
    </url>
    <url>
      <loc>https://www.pagalsongs.online/detail-lofi-mp3--song-download-00</loc>
    </url>
    <url>
      <loc>https://www.pagalsongs.online/chand-teri-roshni-ka-mp3-song-download</loc>
    </url>
    <url>
      <loc>https://www.pagalsongs.online/ek-din-pyaar-slowed-reverb-mp3--song-download</loc>
    </url>
    <url>
      <loc>https://www.pagalsongs.online/international-mashup-2023-dip-sr-mp3-song-download</loc>
    </url>
    <url>
      <loc>https://www.pagalsongs.online/arijit-singh-x-atif-aslam-love-mashup-2023-amtee-mp3-songs-download-2024</loc>
    </url>
    <url>
      <loc>https://www.pagalsongs.online/tujhko-hi-maana-dil-ne-apna-mp3-song-download</loc>
    </url>
    <url>
      <loc>https://www.pagalsongs.online/mirage-mp3-song-download</loc>
    </url>
    <url>
      <loc>https://www.pagalsongs.online/hurtsless-punjabi-mashup-2023-sunny-hassan-mp3-song-download</loc>
    </url>
    <url>
      <loc>https://www.pagalsongs.online/beloved-mp3---song-download-0</loc>
    </url>
    <url>
      <loc>https://www.pagalsongs.online/jassi-gill-jhanjaran-mp3-song-download</loc>
    </url>
    <url>
      <loc>https://www.pagalsongs.online/gulab-sidhu-gaddi-mp3--song-download</loc>
    </url>
    <url>
      <loc>https://www.pagalsongs.online/kyun-dhunde-mp3-song-download</loc>
    </url>
    <url>
      <loc>https://www.pagalsongs.online/gall-mp3-song-download</loc>
    </url>
    <url>
      <loc>https://www.pagalsongs.online/oyo-mp3-song-download</loc>
    </url>
    <url>
      <loc>https://www.pagalsongs.online/bawla-su-mp3-song-download</loc>
    </url>
    <url>
      <loc>https://www.pagalsongs.online/silicone-mp3-song-download</loc>
    </url>
    <url>
      <loc>https://www.pagalsongs.online/tere-na-viahi-mp3-song-download</loc>
    </url>
    <url>
      <loc>https://www.pagalsongs.online/kya-hua-tera-wada-mp3--songs-download-2024</loc>
    </url>
    <url>
      <loc>https://www.pagalsongs.online/yunan-laare-song-download</loc>
    </url>
    <url>
      <loc>https://www.pagalsongs.online/gaam-mera-raam-mp3-song-download</loc>
    </url>
    <url>
      <loc>https://www.pagalsongs.online/punjabi-song-senorita-jashan-zikrr-mp3-download</loc>
    </url>
    <url>
      <loc>https://www.pagalsongs.online/heartfelt-love-mashup-2023-sunny-hassan-mp3-song-download</loc>
    </url>
    <url>
      <loc>https://www.pagalsongs.online/home-care-mp3-song-download</loc>
    </url>
    <url>
      <loc>https://www.pagalsongs.online/loud-n-shout-mp3-songs-download</loc>
    </url>
    <url>
      <loc>https://www.pagalsongs.online/siya-ram-mp3-song-download</loc>
    </url>
    <url>
      <loc>https://www.pagalsongs.online/mein-zinda-hoon-lekin-kahan-zindagi-hai-lofi-mp3-song-download</loc>
    </url>
    <url>
      <loc>https://www.pagalsongs.online/hame-nachne-ka-shauk-tha-usse-nachna-aata-hai-mp3-song-download</loc>
    </url>
    <url>
      <loc>https://www.pagalsongs.online/dilwa-ke-dukhwa-lofi-mix-dj-satyam-mp3-song-download</loc>
    </url>
    <url>
      <loc>https://www.pagalsongs.online/ishqan-de-lekhe-mp3-song-download</loc>
    </url>
    <url>
      <loc>https://www.pagalsongs.online/pyar-karta-hoon-mp3-song-download</loc>
    </url>
    <url>
      <loc>https://www.pagalsongs.online/tulsi-kumar-awaara-mp3-song-download</loc>
    </url>
    <url>
      <loc>https://www.pagalsongs.online/mai-tumse-milne-aaunga-mp3-song-download</loc>
    </url>
    <url>
      <loc>https://www.pagalsongs.online/akhian-nimanian-mp3-song-download</loc>
    </url>
    <url>
      <loc>https://www.pagalsongs.online/tu-manzile-maqqsood-mp3-song-download</loc>
    </url>
    <url>
      <loc>https://www.pagalsongs.online/fire-mp3-song-download</loc>
    </url>
    <url>
      <loc>https://www.pagalsongs.online/stand-mp3-song-download</loc>
    </url>
    <url>
      <loc>https://www.pagalsongs.online/barfan-da-shehar-mp3-song-download</loc>
    </url>
    <url>
      <loc>https://www.pagalsongs.online/hurr-hurr-mp3--song-download-2024-0</loc>
    </url>
    <url>
      <loc>https://www.pagalsongs.online/door-hova-gey-mp3-song-download</loc>
    </url>
    <url>
      <loc>https://www.pagalsongs.online/george-sidhu-miss-india-mp3-song-download</loc>
    </url>
    <url>
      <loc>https://www.pagalsongs.online/raakhi-mp3-song-download</loc>
    </url>
    <url>
      <loc>https://www.pagalsongs.online/unchi-nichi-hai-dagariya-mp3-song-download</loc>
    </url>
    <url>
      <loc>https://www.pagalsongs.online/pehli-mulakat-mein-mp3-song-download</loc>
    </url>
    <url>
      <loc>https://www.pagalsongs.online/pocket-mein-paisa-mp3-song-download</loc>
    </url>
    <url>
      <loc>https://www.pagalsongs.online/dhol-wajda-mp3-song-download</loc>
    </url>
    <url>
      <loc>https://www.pagalsongs.online/karen-kya-mp3-song-download</loc>
    </url>
    <url>
      <loc>https://www.pagalsongs.online/last-words-mp3-song-download</loc>
    </url>
    <url>
      <loc>https://www.pagalsongs.online/count-on-me-mp3-song-download-2024</loc>
    </url>
    <url>
      <loc>https://www.pagalsongs.online/mehndi-rach-gayi-mp3-song-download</loc>
    </url>
    <url>
      <loc>https://www.pagalsongs.online/no-benefits-mp3-song-download</loc>
    </url>
    <url>
      <loc>https://www.pagalsongs.online/pyar-kar-loon-mp3-song-download</loc>
    </url>
    <url>
      <loc>https://www.pagalsongs.online/raj-barman-shehar-mein-bewafa-mp3-song-download</loc>
    </url>
    <url>
      <loc>https://www.pagalsongs.online/dashmi-class-kand-mp3-song-download</loc>
    </url>
    <url>
      <loc>https://www.pagalsongs.online/kanjoos-mundeya-mp3-song-download</loc>
    </url>
    <url>
      <loc>https://www.pagalsongs.online/routine-mp3-song-download</loc>
    </url>
    <url>
      <loc>https://www.pagalsongs.online/kunndhi-muchhh-mp3-song-download</loc>
    </url>
    <url>
      <loc>https://www.pagalsongs.online/dil-deewana-mp3-song-download</loc>
    </url>
    <url>
      <loc>https://www.pagalsongs.online/dill-kii-deewaaron-pe-2-0-mp3-song-download</loc>
    </url>
    <url>
      <loc>https://www.pagalsongs.online/not-mine-mp3-song-download</loc>
    </url>
    <url>
      <loc>https://www.pagalsongs.online/sab-gazab-mp3-song-download</loc>
    </url>
    <url>
      <loc>https://www.pagalsongs.online/piya-bavari-mp3-song-download</loc>
    </url>
    <url>
      <loc>https://www.pagalsongs.online/son-pari-mp3--song-download</loc>
    </url>
    <url>
      <loc>https://www.pagalsongs.online/ye-sama-mp3-song-download</loc>
    </url>
    <url>
      <loc>https://www.pagalsongs.online/dariya-mp3-song-download-0</loc>
    </url>
    <url>
      <loc>https://www.pagalsongs.online/masala-mp3-song-download</loc>
    </url>
    <url>
      <loc>https://www.pagalsongs.online/chahunga-tujhe-mp3-song-download</loc>
    </url>
    <url>
      <loc>https://www.pagalsongs.online/massla-mp3-song-download</loc>
    </url>
    <url>
      <loc>https://www.pagalsongs.online/yaar-harf-mp3-song-download</loc>
    </url>
    <url>
      <loc>https://www.pagalsongs.online/minna-minna-mp3-song-download-</loc>
    </url>
    <url>
      <loc>https://www.pagalsongs.online/sutte-bhaag-mp3-song-download</loc>
    </url>
    <url>
      <loc>https://www.pagalsongs.online/pyar-tumse-junior-mp3-song-download</loc>
    </url>
    <url>
      <loc>https://www.pagalsongs.online/beauty-mp3-song-download</loc>
    </url>
    <url>
      <loc>https://www.pagalsongs.online/fendi-mp3-song-download</loc>
    </url>
    <url>
      <loc>https://www.pagalsongs.online/badlands-mp3-song-download</loc>
    </url>
    <url>
      <loc>https://www.pagalsongs.online/radha-rani-lage-mp3--song-download</loc>
    </url>
    <url>
      <loc>https://www.pagalsongs.online/arijit-singh-mashup-2023-chillout-bicky-official-mp3-song-download</loc>
    </url>
    <url>
      <loc>https://www.pagalsongs.online/rise-n-shine-mp3-song-download</loc>
    </url>
    <url>
      <loc>https://www.pagalsongs.online/bhole-hansraj-raghuwanshi-mp3-song-download</loc>
    </url>
    <url>
      <loc>https://www.pagalsongs.online/dil-e-umeed-tora-hai-kisi-ne-mp3-songs-download-2024</loc>
    </url>
    <url>
      <loc>https://www.pagalsongs.online/jatt-di-life-mp3-song-download-2024</loc>
    </url>
    <url>
      <loc>https://www.pagalsongs.online/ebhabe-ke-daake-mp3-song-download</loc>
    </url>
    <url>
      <loc>https://www.pagalsongs.online/munda-oh-chahidai-mp3-song-download</loc>
    </url>
    <url>
      <loc>https://www.pagalsongs.online/where-is-pushpa-pushpa-2-hindi-trailer-mp3-song-download</loc>
    </url>
    <url>
      <loc>https://www.pagalsongs.online/zamaanaa-2-mp3-song-download</loc>
    </url>
    <url>
      <loc>https://www.pagalsongs.online/sapna-choudhary-bijlee-mp3-song-download</loc>
    </url>
    <url>
      <loc>https://www.pagalsongs.online/dekh-dil-ye-humara-mp3-song-download</loc>
    </url>
    <url>
      <loc>https://www.pagalsongs.online/dino-james-boyfriend-mp3-song-download</loc>
    </url>
    <url>
      <loc>https://www.pagalsongs.online/chhora-albadi-mp3-song-download</loc>
    </url>
    <url>
      <loc>https://www.pagalsongs.online/mera-na-mp3-song-download</loc>
    </url>
    <url>
      <loc>https://www.pagalsongs.online/tumhare-siva-mp3---song-download</loc>
    </url>
    <url>
      <loc>https://www.pagalsongs.online/legacy-mp3-song-download</loc>
    </url>
    <url>
      <loc>https://www.pagalsongs.online/nahi-jaana-mp3-song-download</loc>
    </url>
    <url>
      <loc>https://www.pagalsongs.online/comfort-mp3-song-download</loc>
    </url>
    <url>
      <loc>https://www.pagalsongs.online/dil-de-chuke-hain-mp3-song-download</loc>
    </url>
    <url>
      <loc>https://www.pagalsongs.online/rupali-jagga-superstar-mp3-song-download</loc>
    </url>
    <url>
      <loc>https://www.pagalsongs.online/meri-baari-mp3-song-download</loc>
    </url>
    <url>
      <loc>https://www.pagalsongs.online/dhruv-malik-midnight-mp3-song-download</loc>
    </url>
    <url>
      <loc>https://www.pagalsongs.online/jee-sohneya-mp3--song-download</loc>
    </url>
    <url>
      <loc>https://www.pagalsongs.online/jai-hanuman-gyan-gun-sagar-mp3-song-download--0</loc>
    </url>
    <url>
      <loc>https://www.pagalsongs.online/bholenath-flute-ringtone-download</loc>
    </url>
    <url>
      <loc>https://www.pagalsongs.online/bholenath-ringtone-download</loc>
    </url>
    <url>
      <loc>https://www.pagalsongs.online/hare-krishna-hare-rama-ringtone-download-0</loc>
    </url>
    <url>
      <loc>https://www.pagalsongs.online/jubin-nautiyal-shri-krishna-govind-hare-murari-ringtone-download</loc>
    </url>
    <url>
      <loc>https://www.pagalsongs.online/radha-krishna-flute-ringtone-download</loc>
    </url>
    <url>
      <loc>https://www.pagalsongs.online/ram-ram-hai-ringtone-download-2024</loc>
    </url>
    <url>
      <loc>https://www.pagalsongs.online/jai-shri-ram-notification-ringtone-download</loc>
    </url>
    <url>
      <loc>https://www.pagalsongs.online/new-krishna-ringtone-download-0</loc>
    </url>
    <url>
      <loc>https://www.pagalsongs.online/shri-krishna-govind-hare-murari-ringtone-download</loc>
    </url>
    <url>
      <loc>https://www.pagalsongs.online/flute-ringtone-2023-download</loc>
    </url>
    <url>
      <loc>https://www.pagalsongs.online/dirilis-ertugrul-ringtone-download</loc>
    </url>
    <url>
      <loc>https://www.pagalsongs.online/aarmabh-hai-prachand-ringtone-download</loc>
    </url>
    <url>
      <loc>https://www.pagalsongs.online/jay-hanuman-ringtone-download-0</loc>
    </url>
    <url>
      <loc>https://www.pagalsongs.online/ram-siya-ram-ringtone-download</loc>
    </url>
    <url>
      <loc>https://www.pagalsongs.online/adharam-madhuramringtone-download</loc>
    </url>
    <url>
      <loc>https://www.pagalsongs.online/kantara-karma-bgm-ringtone-download</loc>
    </url>
    <url>
      <loc>https://www.pagalsongs.online/otnicka-peaky-blinder-ringtone-download</loc>
    </url>
    <url>
      <loc>https://www.pagalsongs.online/en-chellakuttiye-bgm-ringtone-download</loc>
    </url>
    <url>
      <loc>https://www.pagalsongs.online/jack-sparrow-remix-ringtone-download-mp3--2024</loc>
    </url>
    <url>
      <loc>https://www.pagalsongs.online/snehithane-remix-ringtone-download-0</loc>
    </url>
    <url>
      <loc>https://www.pagalsongs.online/scam-1992-bgm-ringtone-download</loc>
    </url>
    <url>
      <loc>https://www.pagalsongs.online/money-heist-ringtone-download</loc>
    </url>
    <url>
      <loc>https://www.pagalsongs.online/kahani-suno-2-0-ringtone-download</loc>
    </url>
    <url>
      <loc>https://www.pagalsongs.online/nagin-khesari-lal-yadav-mp3-song-download</loc>
    </url>
    <url>
      <loc>https://www.pagalsongs.online/gumraah-title-track-mp3-song-download</loc>
    </url>
    <url>
      <loc>https://www.pagalsongs.online/tu-kisi-aur-ko-na-chaheinn-mp3-song-download</loc>
    </url>
    <url>
      <loc>https://www.pagalsongs.online/bhavin-bhanushali-fariyaad-mp3-song-download</loc>
    </url>
    <url>
      <loc>https://www.pagalsongs.online/thug-life-love-mashup-2023-dj-harsh-sharma-mp3-songs-download-2024</loc>
    </url>
    <url>
      <loc>https://www.pagalsongs.online/dad-mp3-song-download</loc>
    </url>
    <url>
      <loc>https://www.pagalsongs.online/naal-dekh-ke-mp3-song-download</loc>
    </url>
    <url>
      <loc>https://www.pagalsongs.online/rutba-jordan-sandhu-mp3-song-download</loc>
    </url>
    <url>
      <loc>https://www.pagalsongs.online/mohammad-faiz-tere-ho-gaye-mp3-song-download</loc>
    </url>
    <url>
      <loc>https://www.pagalsongs.online/tor-laliya-mp3-song-download</loc>
    </url>
    <url>
      <loc>https://www.pagalsongs.online/front-mp3-song-download</loc>
    </url>
    <url>
      <loc>https://www.pagalsongs.online/g-code-mp3-song-download</loc>
    </url>
    <url>
      <loc>https://www.pagalsongs.online/merraa-akks-2-0-mp3-song-download</loc>
    </url>
    <url>
      <loc>https://www.pagalsongs.online/anak-gucci-wali-mp3-song-download</loc>
    </url>
    <url>
      <loc>https://www.pagalsongs.online/jhoonte-mp3-song-download</loc>
    </url>
    <url>
      <loc>https://www.pagalsongs.online/barrel-mp3-song-download</loc>
    </url>
    <url>
      <loc>https://www.pagalsongs.online/jatta-ve-jonty-mp3-song-download</loc>
    </url>
    <url>
      <loc>https://www.pagalsongs.online/haal-munde-nu-mp3-song-download</loc>
    </url>
    <url>
      <loc>https://www.pagalsongs.online/kaal-bhairav-ashtakam-the-beginning-mp3-song-download</loc>
    </url>
    <url>
      <loc>https://www.pagalsongs.online/mera-dil-meri-jaan-mp3-song-download</loc>
    </url>
    <url>
      <loc>https://www.pagalsongs.online/tere-bin-hashmat-sultana-mp3-song-download</loc>
    </url>
    <url>
      <loc>https://www.pagalsongs.online/25-saal-mp3---song-download</loc>
    </url>
    <url>
      <loc>https://www.pagalsongs.online/golibaaz-mp3-song-download</loc>
    </url>
    <url>
      <loc>https://www.pagalsongs.online/pyaar-hota-kayi-baar-hai-remix-dj-dharak-mp3-song-download</loc>
    </url>
    <url>
      <loc>https://www.pagalsongs.online/atma-rama-ananda-ramana-mp3-song-download</loc>
    </url>
    <url>
      <loc>https://www.pagalsongs.online/aathma-rama-mp3-song-download-0</loc>
    </url>
    <url>
      <loc>https://www.pagalsongs.online/shor-macha-star-sports-anthem-mp3-song-download</loc>
    </url>
    <url>
      <loc>https://www.pagalsongs.online/fairplay-anthem-mp3-song-download</loc>
    </url>
    <url>
      <loc>https://www.pagalsongs.online/jotoi-tumi-bahana-koro-na-keno-mp3-song-download</loc>
    </url>
    <url>
      <loc>https://www.pagalsongs.online/xefer-x-muza-jhumka-mp3-song-download</loc>
    </url>
    <url>
      <loc>https://www.pagalsongs.online/paan-dukaniya-mp3-song-download</loc>
    </url>
    <url>
      <loc>https://www.pagalsongs.online/dj-flow-vailpuna-mp3-song-download</loc>
    </url>
    <url>
      <loc>https://www.pagalsongs.online/2-mashook-mp3-song-download</loc>
    </url>
    <url>
      <loc>https://www.pagalsongs.online/dj-flow-feelings-mp3-song-download</loc>
    </url>
    <url>
      <loc>https://www.pagalsongs.online/hello-hello-mp3-song-download</loc>
    </url>
    <url>
      <loc>https://www.pagalsongs.online/police-2-mp3-song-download</loc>
    </url>
    <url>
      <loc>https://www.pagalsongs.online/koka-dr-zeus-kptaan-mp3-song-download</loc>
    </url>
    <url>
      <loc>https://www.pagalsongs.online/allah-de-bande-mp3-song-download</loc>
    </url>
    <url>
      <loc>https://www.pagalsongs.online/doorr-jaa-naa-sakoge-2-0-mp3-song-download</loc>
    </url>
    <url>
      <loc>https://www.pagalsongs.online/dillan-ch-pyar-mp3-song-download</loc>
    </url>
    <url>
      <loc>https://www.pagalsongs.online/sui-ve-sui-mp3-song-download</loc>
    </url>
    <url>
      <loc>https://www.pagalsongs.online/magic-lost-mp3--songs-download-2024</loc>
    </url>
    <url>
      <loc>https://www.pagalsongs.online/dukki-tikki-mp3-song-download</loc>
    </url>
    <url>
      <loc>https://www.pagalsongs.online/intezaar-karne-do-mp3-song-download</loc>
    </url>
    <url>
      <loc>https://www.pagalsongs.online/girl-from-chandigarh-mp3-song-download</loc>
    </url>
    <url>
      <loc>https://www.pagalsongs.online/snakes-ladders-mp3-song-download</loc>
    </url>
    <url>
      <loc>https://www.pagalsongs.online/hum-katha-sunate-ram-ki-mp3-song-download</loc>
    </url>
    <url>
      <loc>https://www.pagalsongs.online/sharminda-mp3-song-download</loc>
    </url>
    <url>
      <loc>https://www.pagalsongs.online/mausam-ki-tarah-mp3-song-download</loc>
    </url>
    <url>
      <loc>https://www.pagalsongs.online/stand-n-deliver-mp3-song-download</loc>
    </url>
    <url>
      <loc>https://www.pagalsongs.online/numaani-mp3-song-download</loc>
    </url>
    <url>
      <loc>https://www.pagalsongs.online/koi-jaye-toh-leh-aaye-mp3-song-download</loc>
    </url>
    <url>
      <loc>https://www.pagalsongs.online/cobra-driver-mp3-song-download</loc>
    </url>
    <url>
      <loc>https://www.pagalsongs.online/aasmaan-le-gaya-mp3-song-download</loc>
    </url>
    <url>
      <loc>https://www.pagalsongs.online/darde-dil-ki-dawa-mp3-song-download</loc>
    </url>
    <url>
      <loc>https://www.pagalsongs.online/mere-raghunath-mp3-song-download</loc>
    </url>
    <url>
      <loc>https://www.pagalsongs.online/jass-patwari-trend-mp3-song-download</loc>
    </url>
    <url>
      <loc>https://www.pagalsongs.online/preetinder-tohfe-mp3-song-download</loc>
    </url>
    <url>
      <loc>https://www.pagalsongs.online/jee-riha-mp3-song-download</loc>
    </url>
    <url>
      <loc>https://www.pagalsongs.online/gulab-sidhu-nakhra-mp3--song-download</loc>
    </url>
    <url>
      <loc>https://www.pagalsongs.online/back-and-fill-mp3-song-download</loc>
    </url>
    <url>
      <loc>https://www.pagalsongs.online/yaad-aati-hai-mp3-song-download</loc>
    </url>
    <url>
      <loc>https://www.pagalsongs.online/widda-bengali-mp3-song-download</loc>
    </url>
    <url>
      <loc>https://www.pagalsongs.online/widda-mp3-song-download</loc>
    </url>
    <url>
      <loc>https://www.pagalsongs.online/ram-navami-special-nonstop-dj-song-2023-mp3-song-download</loc>
    </url>
    <url>
      <loc>https://www.pagalsongs.online/jai-shree-ram-dj-2023-mp3-song-download</loc>
    </url>
    <url>
      <loc>https://www.pagalsongs.online/bharat-ka-baccha-baccha-jai-shri-ram-bolega-mp3-song-download</loc>
    </url>
    <url>
      <loc>https://www.pagalsongs.online/bajrangdal-song-dj-2023-jai-sree-ram-mp3-song-download</loc>
    </url>
    <url>
      <loc>https://www.pagalsongs.online/ram-navami-dj-song-2023-bajrang-dal-mp3-song-download</loc>
    </url>
    <url>
      <loc>https://www.pagalsongs.online/pyaar-aaya-mp3-song-download</loc>
    </url>
    <url>
      <loc>https://www.pagalsongs.online/saaj-bhatt-jind-mahiya-mp3-song-download</loc>
    </url>
    <url>
      <loc>https://www.pagalsongs.online/badi-katil-hasina-mp3--song-download</loc>
    </url>
    <url>
      <loc>https://www.pagalsongs.online/mera-rasgulla-mp3-song-download</loc>
    </url>
    <url>
      <loc>https://www.pagalsongs.online/complaints-mp3-song-download</loc>
    </url>
    <url>
      <loc>https://www.pagalsongs.online/adhoore-hum-mp3-song-download-2024</loc>
    </url>
    <url>
      <loc>https://www.pagalsongs.online/punja-daab-mp3-song-download</loc>
    </url>
    <url>
      <loc>https://www.pagalsongs.online/aaye-ram-mere-mp3-song-download</loc>
    </url>
    <url>
      <loc>https://www.pagalsongs.online/raawadi-mp3-song-download</loc>
    </url>
    <url>
      <loc>https://www.pagalsongs.online/deep-love-mashup-2023-aftermorning-chillout-mp3-song-download</loc>
    </url>
    <url>
      <loc>https://www.pagalsongs.online/why-this-kolaveri-di-x-basti-ka-hasti-mp3-song---download-2024</loc>
    </url>
    <url>
      <loc>https://www.pagalsongs.online/thaa-varinder-brar-mp3-song-download-000</loc>
    </url>
    <url>
      <loc>https://www.pagalsongs.online/bas-tere-ho-gaye-mp3-song-download</loc>
    </url>
    <url>
      <loc>https://www.pagalsongs.online/oo-bolega-ya-oo-oo-bolega-remix-dj-tarunn-mp3-song-download</loc>
    </url>
    <url>
      <loc>https://www.pagalsongs.online/trichi-topi-wale-2023-mashup-dj-syrah-mp3-song-download</loc>
    </url>
    <url>
      <loc>https://www.pagalsongs.online/the-romanian-mashup-2023-dj-avi-mp3-song-download</loc>
    </url>
    <url>
      <loc>https://www.pagalsongs.online/neetu-bhalla-nahi-jana-mp3-song-download</loc>
    </url>
    <url>
      <loc>https://www.pagalsongs.online/dilnashin-mere-dilbar-mp3-song-download</loc>
    </url>
    <url>
      <loc>https://www.pagalsongs.online/dil-hai-bhola-mp3-song-download</loc>
    </url>
    <url>
      <loc>https://www.pagalsongs.online/gangsing-rollin-mashup-sunny-hassan-mp3--song-download</loc>
    </url>
    <url>
      <loc>https://www.pagalsongs.online/moosa-drill-bass-mashup-3-dj-harsh-sharma-mp3-song-download</loc>
    </url>
    <url>
      <loc>https://www.pagalsongs.online/never-together-mp3-song-download</loc>
    </url>
    <url>
      <loc>https://www.pagalsongs.online/khaar-mp3-song-download</loc>
    </url>
    <url>
      <loc>https://www.pagalsongs.online/bottal-mp3-song-download</loc>
    </url>
    <url>
      <loc>https://www.pagalsongs.online/tell-me-once-mp3-song-download</loc>
    </url>
    <url>
      <loc>https://www.pagalsongs.online/nanad-mp3---songs-download-2024</loc>
    </url>
    <url>
      <loc>https://www.pagalsongs.online/tujh-pe-fida-mp3-song-download</loc>
    </url>
    <url>
      <loc>https://www.pagalsongs.online/prem-kahani-mp3-song-download</loc>
    </url>
    <url>
      <loc>https://www.pagalsongs.online/tumpe-mar-jayenge-2-0-mp3-song-download</loc>
    </url>
    <url>
      <loc>https://www.pagalsongs.online/raj-barman-gham-mp3-song-download</loc>
    </url>
    <url>
      <loc>https://www.pagalsongs.online/laad-mp3-song-download-00</loc>
    </url>
    <url>
      <loc>https://www.pagalsongs.online/kill-em-mp3-song-download</loc>
    </url>
    <url>
      <loc>https://www.pagalsongs.online/mera-naam-mp3-song-download</loc>
    </url>
    <url>
      <loc>https://www.pagalsongs.online/chanel-mp3-song-download</loc>
    </url>
    <url>
      <loc>https://www.pagalsongs.online/lost-you-mashup-2023-dip-sr-mp3--song-download-2024</loc>
    </url>
    <url>
      <loc>https://www.pagalsongs.online/chaand-raaton-meinn-2-0-mp3-song-download</loc>
    </url>
    <url>
      <loc>https://www.pagalsongs.online/saj-dhaj-chalu-mp3-song-download</loc>
    </url>
    <url>
      <loc>https://www.pagalsongs.online/toot-jaaun-mp3-song-download</loc>
    </url>
    <url>
      <loc>https://www.pagalsongs.online/piya-pachtaoge-mp3-song-download</loc>
    </url>
    <url>
      <loc>https://www.pagalsongs.online/altamash-faridi-jhootha-mp3-song-download</loc>
    </url>
    <url>
      <loc>https://www.pagalsongs.online/golmol-mp3-song-download</loc>
    </url>
    <url>
      <loc>https://www.pagalsongs.online/seene-ki-sarhad-mein-mp3-song-download</loc>
    </url>
    <url>
      <loc>https://www.pagalsongs.online/valo-koira-bajao-go-dotara-mp3-song-download</loc>
    </url>
    <url>
      <loc>https://www.pagalsongs.online/dotara-mp3-song-download-0</loc>
    </url>
    <url>
      <loc>https://www.pagalsongs.online/basti-ka-hasti-mashup-dj-bks-sunix-thakor-mp3-song-download</loc>
    </url>
    <url>
      <loc>https://www.pagalsongs.online/daiyya-daiyya-mp3-song-download</loc>
    </url>
    <url>
      <loc>https://www.pagalsongs.online/saaya-mp3-song-download-0</loc>
    </url>
    <url>
      <loc>https://www.pagalsongs.online/apna-dil-de-diya-mp3-song-download</loc>
    </url>
    <url>
      <loc>https://www.pagalsongs.online/meri-banogi-kya-mp3-song-download</loc>
    </url>
    <url>
      <loc>https://www.pagalsongs.online/o-bedardi-mp3-song-download</loc>
    </url>
    <url>
      <loc>https://www.pagalsongs.online/pathaan-theme-dj-nyk-mp3-song-download</loc>
    </url>
    <url>
      <loc>https://www.pagalsongs.online/maai-hai-na-mp3-songs-download</loc>
    </url>
    <url>
      <loc>https://www.pagalsongs.online/auckland-mp3-song-download</loc>
    </url>
    <url>
      <loc>https://www.pagalsongs.online/ghar-nahi-jaana-mp3-song-download</loc>
    </url>
    <url>
      <loc>https://www.pagalsongs.online/ex-mp3--song-download</loc>
    </url>
    <url>
      <loc>https://www.pagalsongs.online/one-by-one-mp3-song-download</loc>
    </url>
    <url>
      <loc>https://www.pagalsongs.online/mazaak-mp3-song-download-00</loc>
    </url>
    <url>
      <loc>https://www.pagalsongs.online/yeh-raat-mp3-song-download</loc>
    </url>
    <url>
      <loc>https://www.pagalsongs.online/sath-tera-mp3-song-download</loc>
    </url>
    <url>
      <loc>https://www.pagalsongs.online/them-vs-me-mp3-song-download</loc>
    </url>
    <url>
      <loc>https://www.pagalsongs.online/jassie-gill-on-top-mp3-song-download</loc>
    </url>
    <url>
      <loc>https://www.pagalsongs.online/jassie-gill-ki-chahida-mp3-song-download</loc>
    </url>
    <url>
      <loc>https://www.pagalsongs.online/jatt-tere-shehar-mp3-song-download</loc>
    </url>
    <url>
      <loc>https://www.pagalsongs.online/kulwinder-billa-zindagi-mp3-song-download-00</loc>
    </url>
    <url>
      <loc>https://www.pagalsongs.online/tumse-milte-mp3-song-download</loc>
    </url>
    <url>
      <loc>https://www.pagalsongs.online/janiye-mp3-song-download</loc>
    </url>
    <url>
      <loc>https://www.pagalsongs.online/tu-jo-nahi-hai-yaha-mp3-song-download</loc>
    </url>
    <url>
      <loc>https://www.pagalsongs.online/jagdeep-sangala-charcha-mp3-song-download</loc>
    </url>
    <url>
      <loc>https://www.pagalsongs.online/the-love-mashup-2023-song-download</loc>
    </url>
    <url>
      <loc>https://www.pagalsongs.online/pesa-mp3-song-download</loc>
    </url>
    <url>
      <loc>https://www.pagalsongs.online/khwai-jauga-mp3-song-download</loc>
    </url>
    <url>
      <loc>https://www.pagalsongs.online/baap-aa-gaya-hai-mp3-songs-download-2024</loc>
    </url>
    <url>
      <loc>https://www.pagalsongs.online/duniya-bhula-doonga-mp3-song-download</loc>
    </url>
    <url>
      <loc>https://www.pagalsongs.online/stebin-ben-tere-mere-mp3-song-download</loc>
    </url>
    <url>
      <loc>https://www.pagalsongs.online/nain-do-mp3-song-download</loc>
    </url>
    <url>
      <loc>https://www.pagalsongs.online/shohrat-mp3-song-download</loc>
    </url>
    <url>
      <loc>https://www.pagalsongs.online/aman-jaluria-miss-you-mp3--song-download-2024</loc>
    </url>
    <url>
      <loc>https://www.pagalsongs.online/future-mehbooba-mp3-songs-download</loc>
    </url>
    <url>
      <loc>https://www.pagalsongs.online/bairiya-mp3--song-download</loc>
    </url>
    <url>
      <loc>https://www.pagalsongs.online/aadha-main-aadhi-vo-mp3-song-download</loc>
    </url>
    <url>
      <loc>https://www.pagalsongs.online/tu-mera-mp3-song-download</loc>
    </url>
    <url>
      <loc>https://www.pagalsongs.online/pehla-peg-mp3-song-download</loc>
    </url>
    <url>
      <loc>https://www.pagalsongs.online/toy-mp3-song-download</loc>
    </url>
    <url>
      <loc>https://www.pagalsongs.online/soniye-je-mp3-song-download</loc>
    </url>
    <url>
      <loc>https://www.pagalsongs.online/sireesha-bhagavatula-kareeb-mp3-song-download</loc>
    </url>
    <url>
      <loc>https://www.pagalsongs.online/yeah-let-em-mp3--song-download</loc>
    </url>
    <url>
      <loc>https://www.pagalsongs.online/byaah-mp3-song-download-0</loc>
    </url>
    <url>
      <loc>https://www.pagalsongs.online/daku-remix-dj-goddess-mp3-song-download</loc>
    </url>
    <url>
      <loc>https://www.pagalsongs.online/tere-pyaar-mein-remix-dj-abhishek-x-dj-vinisha-mp3-song-download</loc>
    </url>
    <url>
      <loc>https://www.pagalsongs.online/last-call-mp3--song-download</loc>
    </url>
    <url>
      <loc>https://www.pagalsongs.online/who-knows-mp3-0-download-2024</loc>
    </url>
    <url>
      <loc>https://www.pagalsongs.online/tum-jo-na-hote-mp3-song-download</loc>
    </url>
    <url>
      <loc>https://www.pagalsongs.online/hona-hi-nahi-mp3-song-download</loc>
    </url>
    <url>
      <loc>https://www.pagalsongs.online/yaaran-wale-mp3-song-download</loc>
    </url>
    <url>
      <loc>https://www.pagalsongs.online/amarjeet-jaikar-teri-aashiqui-ne-mara-mp3-song-download</loc>
    </url>
    <url>
      <loc>https://www.pagalsongs.online/jatt-talks-mp3-song-download</loc>
    </url>
    <url>
      <loc>https://www.pagalsongs.online/jaadui-mp3-song-download</loc>
    </url>
    <url>
      <loc>https://www.pagalsongs.online/shivoryx-kareeb-mp3-song-download</loc>
    </url>
    <url>
      <loc>https://www.pagalsongs.online/maine-pi-rakhi-hai-mp3-song-download-2024</loc>
    </url>
    <url>
      <loc>https://www.pagalsongs.online/na-chalda-mp3-song-download</loc>
    </url>
    <url>
      <loc>https://www.pagalsongs.online/mann-mp3-songs-download</loc>
    </url>
    <url>
      <loc>https://www.pagalsongs.online/kahani-suno-2-0-mashup-dip-sr-x-dj-sevix-mp3-song-download-2024</loc>
    </url>
    <url>
      <loc>https://www.pagalsongs.online/maan-meri-jaan-afterlife-mp3-songs-download-2024</loc>
    </url>
    <url>
      <loc>https://www.pagalsongs.online/kuch-itne-haseen-mp3-song-download</loc>
    </url>
    <url>
      <loc>https://www.pagalsongs.online/mountain-peak-mp3-song-download</loc>
    </url>
    <url>
      <loc>https://www.pagalsongs.online/tochan-mp3-song-download</loc>
    </url>
    <url>
      <loc>https://www.pagalsongs.online/ik-pardesi-mp3-song-download</loc>
    </url>
    <url>
      <loc>https://www.pagalsongs.online/dilawara-mp3--song-download</loc>
    </url>
    <url>
      <loc>https://www.pagalsongs.online/jasmine-sandlas-ittar-mp3-song-download</loc>
    </url>
    <url>
      <loc>https://www.pagalsongs.online/chunari-mein-daag-mp3-song-download</loc>
    </url>
    <url>
      <loc>https://www.pagalsongs.online/boli-janda-c-mp3-song-download</loc>
    </url>
    <url>
      <loc>https://www.pagalsongs.online/teri-meri-ladai-mp3-song-download</loc>
    </url>
    <url>
      <loc>https://www.pagalsongs.online/sports-gaddiyan-mp3-song-download</loc>
    </url>
    <url>
      <loc>https://www.pagalsongs.online/holi-mashup-2023-naresh-parmar-mp3-song-download</loc>
    </url>
    <url>
      <loc>https://www.pagalsongs.online/outta-reach-mp3--song-download</loc>
    </url>
    <url>
      <loc>https://www.pagalsongs.online/tum-jo-haan-keh-do-mp3-song-download</loc>
    </url>
    <url>
      <loc>https://www.pagalsongs.online/holi-song-mashup-2023-mp3-song-download</loc>
    </url>
    <url>
      <loc>https://www.pagalsongs.online/holi-mashup-2023-hs-visual-music-mp3-song-download</loc>
    </url>
    <url>
      <loc>https://www.pagalsongs.online/holi-2023-special-dj-remix-mp3-song-download</loc>
    </url>
    <url>
      <loc>https://www.pagalsongs.online/holi-dj-song-2023-mp3-song-download</loc>
    </url>
    <url>
      <loc>https://www.pagalsongs.online/holi-special-bhajan-2023-mp3-song-download</loc>
    </url>
    <url>
      <loc>https://www.pagalsongs.online/bhauji-re-thore-thore-mp3-song-download</loc>
    </url>
    <url>
      <loc>https://www.pagalsongs.online/shahzad-ali-holi-re-rasiya-mp3-song-download</loc>
    </url>
    <url>
      <loc>https://www.pagalsongs.online/old-me-mp3-song-download</loc>
    </url>
    <url>
      <loc>https://www.pagalsongs.online/bullet-pe-gediyan-mp3--songs-download-2024</loc>
    </url>
    <url>
      <loc>https://www.pagalsongs.online/kahani-suno-remix-dj-dharak-mp3-song-download</loc>
    </url>
    <url>
      <loc>https://www.pagalsongs.online/thug-love-mp3-song-download</loc>
    </url>
    <url>
      <loc>https://www.pagalsongs.online/arjan-dhillon-salute-mp3-song-download</loc>
    </url>
    <url>
      <loc>https://www.pagalsongs.online/arjan-dhillon-heer-mp3-song-download</loc>
    </url>
    <url>
      <loc>https://www.pagalsongs.online/scene-change-mp3-song-download</loc>
    </url>
    <url>
      <loc>https://www.pagalsongs.online/o-bedardeya-mp3--song-download</loc>
    </url>
    <url>
      <loc>https://www.pagalsongs.online/kahani-suno-2-0-reply-version-mp3-song-download</loc>
    </url>
    <url>
      <loc>https://www.pagalsongs.online/tera-mera-viah-mp3-song-download</loc>
    </url>
    <url>
      <loc>https://www.pagalsongs.online/bhai-thanedaar-mp3-song-download</loc>
    </url>
    <url>
      <loc>https://www.pagalsongs.online/ngl-mp3-song-download</loc>
    </url>
    <url>
      <loc>https://www.pagalsongs.online/been-a-while-mp3-song-download</loc>
    </url>
    <url>
      <loc>https://www.pagalsongs.online/kaha-tak-mp3-song-download</loc>
    </url>
    <url>
      <loc>https://www.pagalsongs.online/akh-da-shikaar-mp3-song-download</loc>
    </url>
    <url>
      <loc>https://www.pagalsongs.online/babbu-maan-chup-mp3-song-download</loc>
    </url>
    <url>
      <loc>https://www.pagalsongs.online/chamba-mp3-song-download</loc>
    </url>
    <url>
      <loc>https://www.pagalsongs.online/deewane-hum-nahi-hote-selfiee-mp3-song-download</loc>
    </url>
    <url>
      <loc>https://www.pagalsongs.online/deewane-mp3--song-download</loc>
    </url>
    <url>
      <loc>https://www.pagalsongs.online/subah-ko-mp3-song-download</loc>
    </url>
    <url>
      <loc>https://www.pagalsongs.online/deep-maan-tere-naal-naal-mp3-song-download</loc>
    </url>
    <url>
      <loc>https://www.pagalsongs.online/only-be-mine-mp3-song-download</loc>
    </url>
    <url>
      <loc>https://www.pagalsongs.online/nangad-vs-sahukar-mp3-song-download</loc>
    </url>
    <url>
      <loc>https://www.pagalsongs.online/soorme-hardeep-grewal-mp3-song-download</loc>
    </url>
    <url>
      <loc>https://www.pagalsongs.online/main-hoon-tere-liye-mp3-song-download</loc>
    </url>
    <url>
      <loc>https://www.pagalsongs.online/unknown-mp3-song-download</loc>
    </url>
    <url>
      <loc>https://www.pagalsongs.online/stebin-ben-teri-yaadein-mp3-song-download</loc>
    </url>
    <url>
      <loc>https://www.pagalsongs.online/my-mates-mp3-song-download</loc>
    </url>
    <url>
      <loc>https://www.pagalsongs.online/rog-awalla-mp3--song-download-2024</loc>
    </url>
    <url>
      <loc>https://www.pagalsongs.online/fariyaad-mp3-song-download</loc>
    </url>
    <url>
      <loc>https://www.pagalsongs.online/bewafa-hai-tu-mp3-songs-download-2024</loc>
    </url>
    <url>
      <loc>https://www.pagalsongs.online/dil-mera-todke-hasti-ek-din-tu-bhi-royegi-mp3-song-download</loc>
    </url>
    <url>
      <loc>https://www.pagalsongs.online/uk07-sahiba-2-mp3-song-download</loc>
    </url>
    <url>
      <loc>https://www.pagalsongs.online/ek-din-pyaar-mp3-0s-download-2024--55</loc>
    </url>
    <url>
      <loc>https://www.pagalsongs.online/perfume-lagave-chunni-me-mp3-song-download</loc>
    </url>
    <url>
      <loc>https://www.pagalsongs.online/rang-thope-thop-mp3-song-download</loc>
    </url>
    <url>
      <loc>https://www.pagalsongs.online/bhaginwa-ke-fua-mp3-song-download</loc>
    </url>
    <url>
      <loc>https://www.pagalsongs.online/hamar-bade-pati-mp3-song-download</loc>
    </url>
    <url>
      <loc>https://www.pagalsongs.online/tumne-hamein-mp3-song-download</loc>
    </url>
    <url>
      <loc>https://www.pagalsongs.online/arziyaan-mp3-song-download</loc>
    </url>
    <url>
      <loc>https://www.pagalsongs.online/fragrance-mp3-song-download</loc>
    </url>
    <url>
      <loc>https://www.pagalsongs.online/body-language-mp3-song-download</loc>
    </url>
    <url>
      <loc>https://www.pagalsongs.online/dream-jashan-mp3-song-download</loc>
    </url>
    <url>
      <loc>https://www.pagalsongs.online/koke-vich-dil-mp3-song-download</loc>
    </url>
    <url>
      <loc>https://www.pagalsongs.online/mere-sawaal-ka-king-version-mp3-songs-download-2024</loc>
    </url>
    <url>
      <loc>https://www.pagalsongs.online/sitaara-hai-tu-mp3-song-download-2024</loc>
    </url>
    <url>
      <loc>https://www.pagalsongs.online/mohd-danish-o-maahi-mp3-song-download</loc>
    </url>
    <url>
      <loc>https://www.pagalsongs.online/cafe-frappe-mp3--song-download</loc>
    </url>
    <url>
      <loc>https://www.pagalsongs.online/ki-dassiye-mp3-song-download</loc>
    </url>
    <url>
      <loc>https://www.pagalsongs.online/gunday-jaat-mp3-song-download</loc>
    </url>
    <url>
      <loc>https://www.pagalsongs.online/choo-liya-mp3-song-download</loc>
    </url>
    <url>
      <loc>https://www.pagalsongs.online/hath-tang-mp3-song-download</loc>
    </url>
    <url>
      <loc>https://www.pagalsongs.online/taur-kiwe-aa-mp3-song-download</loc>
    </url>
    <url>
      <loc>https://www.pagalsongs.online/sidak-haaye-ni-mp3-song-download</loc>
    </url>
    <url>
      <loc>https://www.pagalsongs.online/chubby-girl-mp3-song-download--2024</loc>
    </url>
    <url>
      <loc>https://www.pagalsongs.online/shadi-karogi-mp3-song-download</loc>
    </url>
    <url>
      <loc>https://www.pagalsongs.online/main-khush-hoon-mp3-song-download</loc>
    </url>
    <url>
      <loc>https://www.pagalsongs.online/jinven-nachaundi-rahi-mp3-song-download</loc>
    </url>
    <url>
      <loc>https://www.pagalsongs.online/mitraz-sara-zamana-mp3-song-download</loc>
    </url>
    <url>
      <loc>https://www.pagalsongs.online/achcha-hota-mp3-song-download</loc>
    </url>
    <url>
      <loc>https://www.pagalsongs.online/kanna-vich-waliyan-mp3-song-download</loc>
    </url>
    <url>
      <loc>https://www.pagalsongs.online/shiqaari-dildaar-mp3-song-download</loc>
    </url>
    <url>
      <loc>https://www.pagalsongs.online/aawara-mp3-song-download</loc>
    </url>
    <url>
      <loc>https://www.pagalsongs.online/be-happy-mp3-song-download</loc>
    </url>
    <url>
      <loc>https://www.pagalsongs.online/90s-mega-mashup-dip-sr-mp3-song-download</loc>
    </url>
    <url>
      <loc>https://www.pagalsongs.online/tere-bina-ek-pal-mp3-song-download</loc>
    </url>
    <url>
      <loc>https://www.pagalsongs.online/mast-aankhein-mp3-song-download</loc>
    </url>
    <url>
      <loc>https://www.pagalsongs.online/malwain-mp3-song-download</loc>
    </url>
    <url>
      <loc>https://www.pagalsongs.online/nanke-mp3-song-download</loc>
    </url>
    <url>
      <loc>https://www.pagalsongs.online/pindare-polasher-bon-mp3-song-download</loc>
    </url>
    <url>
      <loc>https://www.pagalsongs.online/sheeshe-ke-ghar-mein-mp3-song-download</loc>
    </url>
    <url>
      <loc>https://www.pagalsongs.online/tanishk-bagchi-taare-mp3-song-download</loc>
    </url>
    <url>
      <loc>https://www.pagalsongs.online/tujhi-pe-mera-haq-hai-mp3-songs-download</loc>
    </url>
    <url>
      <loc>https://www.pagalsongs.online/collar-mp3-song-download</loc>
    </url>
    <url>
      <loc>https://www.pagalsongs.online/namumkin-jaisi-koi-bhi-cheez-nahi-mp3-song-download</loc>
    </url>
    <url>
      <loc>https://www.pagalsongs.online/hogi-meri-jeet-mp3-song-download</loc>
    </url>
    <url>
      <loc>https://www.pagalsongs.online/decision-mp3-song-download</loc>
    </url>
    <url>
      <loc>https://www.pagalsongs.online/sher-selfiee-mp3-song-download</loc>
    </url>
    <url>
      <loc>https://www.pagalsongs.online/mummy-ko-bol-de-baby-mp3-song-download</loc>
    </url>
    <url>
      <loc>https://www.pagalsongs.online/tere-pyaar-mein-remix-dj-chetas-mp3-song-download</loc>
    </url>
    <url>
      <loc>https://www.pagalsongs.online/anurag-tere-naal-mp3-song-download</loc>
    </url>
    <url>
      <loc>https://www.pagalsongs.online/tu-mera-nagina-mp3-song-download</loc>
    </url>
    <url>
      <loc>https://www.pagalsongs.online/hello-mp3-song-download</loc>
    </url>
    <url>
      <loc>https://www.pagalsongs.online/abbu-mp3-song-download</loc>
    </url>
    <url>
      <loc>https://www.pagalsongs.online/badnaam-mp3-song-download</loc>
    </url>
    <url>
      <loc>https://www.pagalsongs.online/trap-praa-mp3-song-download</loc>
    </url>
    <url>
      <loc>https://www.pagalsongs.online/sachet-tandon-biba-mp3-song-download</loc>
    </url>
    <url>
      <loc>https://www.pagalsongs.online/show-me-the-thumka-mp3-song-download</loc>
    </url>
    <url>
      <loc>https://www.pagalsongs.online/ho-ke-dekho-tum-kabhi-hamare-mp3-song-download</loc>
    </url>
    <url>
      <loc>https://www.pagalsongs.online/humko-yaad-karoge-mp3-song-download</loc>
    </url>
    <url>
      <loc>https://www.pagalsongs.online/too-good-mp3-song-download</loc>
    </url>
    <url>
      <loc>https://www.pagalsongs.online/hathyar-parry-sarpanch-mp3-song-download</loc>
    </url>
    <url>
      <loc>https://www.pagalsongs.online/holi-re-rasiya-mp3-song-download</loc>
    </url>
    <url>
      <loc>https://www.pagalsongs.online/advik-chobbar-mp3-song-download</loc>
    </url>
    <url>
      <loc>https://www.pagalsongs.online/nazar-lag-jayegi-mp3--song-download</loc>
    </url>
    <url>
      <loc>https://www.pagalsongs.online/mashuka-mp3-song-download</loc>
    </url>
    <url>
      <loc>https://www.pagalsongs.online/raula-pai-gya-mp3-song-download</loc>
    </url>
    <url>
      <loc>https://www.pagalsongs.online/jaan-te-pyari-mp3-song-download</loc>
    </url>
    <url>
      <loc>https://www.pagalsongs.online/paasli-mp3-song-download</loc>
    </url>
    <url>
      <loc>https://www.pagalsongs.online/rog-mera-yaar-mp3-song-download</loc>
    </url>
    <url>
      <loc>https://www.pagalsongs.online/karan-randhawa-mathi-mathi-mp3-song-download</loc>
    </url>
    <url>
      <loc>https://www.pagalsongs.online/pump-action-mp3-song-download</loc>
    </url>
    <url>
      <loc>https://www.pagalsongs.online/karan-randhawa-butterfly-mp3-song-download</loc>
    </url>
    <url>
      <loc>https://www.pagalsongs.online/karan-randhawa-magazine-mp3-song-download</loc>
    </url>
    <url>
      <loc>https://www.pagalsongs.online/duphare-mp3-song-download</loc>
    </url>
    <url>
      <loc>https://www.pagalsongs.online/jatt-da-nishana-mp3-song-download</loc>
    </url>
    <url>
      <loc>https://www.pagalsongs.online/ask-about-mp3-song-download</loc>
    </url>
    <url>
      <loc>https://www.pagalsongs.online/karan-randhawa-mustang-mp3-song-download</loc>
    </url>
    <url>
      <loc>https://www.pagalsongs.online/baithle-motor-me-mp3-songs-download-2024</loc>
    </url>
    <url>
      <loc>https://www.pagalsongs.online/kudi-chamkeeli-mp3-song-download</loc>
    </url>
    <url>
      <loc>https://www.pagalsongs.online/bhola-mera-mp3-song-download</loc>
    </url>
    <url>
      <loc>https://www.pagalsongs.online/bolo-shiv-mp3-song-download</loc>
    </url>
    <url>
      <loc>https://www.pagalsongs.online/hey-shambhu-mp3-song-download</loc>
    </url>
    <url>
      <loc>https://www.pagalsongs.online/barbie-doll-mp3-song-download</loc>
    </url>
    <url>
      <loc>https://www.pagalsongs.online/maanuni-tere-bin-zindagi-mp3-song-download</loc>
    </url>
    <url>
      <loc>https://www.pagalsongs.online/s-t-s-mp3--s-download-2024</loc>
    </url>
    <url>
      <loc>https://www.pagalsongs.online/shiv-tandav-aigiri-nandini-mp3-song-download</loc>
    </url>
    <url>
      <loc>https://www.pagalsongs.online/dil-bhi-rone-laga-mp3--song-download-2024-0</loc>
    </url>
    <url>
      <loc>https://www.pagalsongs.online/ainna-sohna-mp3-song-download</loc>
    </url>
    <url>
      <loc>https://www.pagalsongs.online/ammy-virk-panjeb-mp3-song-download</loc>
    </url>
    <url>
      <loc>https://www.pagalsongs.online/ammy-virk-supna-mp3-song-download</loc>
    </url>
    <url>
      <loc>https://www.pagalsongs.online/main-ki-kra-mp3-song-download</loc>
    </url>
    <url>
      <loc>https://www.pagalsongs.online/memories-mp3-song-download</loc>
    </url>
    <url>
      <loc>https://www.pagalsongs.online/moh-maaya-mp3-song-download</loc>
    </url>
    <url>
      <loc>https://www.pagalsongs.online/basanti-mp3-song-download</loc>
    </url>
    <url>
      <loc>https://www.pagalsongs.online/gusse-gile-mp3-song-download</loc>
    </url>
    <url>
      <loc>https://www.pagalsongs.online/jealous-mp3-song-download</loc>
    </url>
    <url>
      <loc>https://www.pagalsongs.online/solid-mp3-song-download</loc>
    </url>
    <url>
      <loc>https://www.pagalsongs.online/ok-reportaan-mp3--song-download</loc>
    </url>
    <url>
      <loc>https://www.pagalsongs.online/brezza-mp3-song-download-2024</loc>
    </url>
    <url>
      <loc>https://www.pagalsongs.online/spain-mp3-song-download</loc>
    </url>
    <url>
      <loc>https://www.pagalsongs.online/mere-bhole-nath-mp3-song-download</loc>
    </url>
    <url>
      <loc>https://www.pagalsongs.online/no-1-mp3-song-download</loc>
    </url>
    <url>
      <loc>https://www.pagalsongs.online/shadda-kartara-mp3-song-download</loc>
    </url>
    <url>
      <loc>https://www.pagalsongs.online/lekka-le-jaana-mp3-song-download</loc>
    </url>
    <url>
      <loc>https://www.pagalsongs.online/mere-ban-jao-mp3-song-download</loc>
    </url>
    <url>
      <loc>https://www.pagalsongs.online/jimmy-kaler-sangdi-mp3-song-download</loc>
    </url>
    <url>
      <loc>https://www.pagalsongs.online/take-off-mp3-song-download</loc>
    </url>
    <url>
      <loc>https://www.pagalsongs.online/for-you-kulbir-mp3--song-download</loc>
    </url>
    <url>
      <loc>https://www.pagalsongs.online/shehzada-title-track-mp3--song-download-</loc>
    </url>
    <url>
      <loc>https://www.pagalsongs.online/love-mashup-2023-dj-basque-mp3-song-download</loc>
    </url>
    <url>
      <loc>https://www.pagalsongs.online/arpita-mukherjee-teri-galiyon-se-mp3-song-download</loc>
    </url>
    <url>
      <loc>https://www.pagalsongs.online/coffee-ke-bahane-mp3--song-download</loc>
    </url>
    <url>
      <loc>https://www.pagalsongs.online/maskara-mp3-song-download</loc>
    </url>
    <url>
      <loc>https://www.pagalsongs.online/bloody-sweet-mp3-song-download</loc>
    </url>
    <url>
      <loc>https://www.pagalsongs.online/lag-gaye-pyaar-mein-mp3-song-download</loc>
    </url>
    <url>
      <loc>https://www.pagalsongs.online/gham-khushiyan-mp3-song-download</loc>
    </url>
    <url>
      <loc>https://www.pagalsongs.online/guntaj-taare-mp3-song-download</loc>
    </url>
    <url>
      <loc>https://www.pagalsongs.online/dil-haara-satyajeet-jena-mp3-song-download</loc>
    </url>
    <url>
      <loc>https://www.pagalsongs.online/wajood-mera-mp3-song-download</loc>
    </url>
    <url>
      <loc>https://www.pagalsongs.online/ami-vijini-konodin-kokhono-bristir-jole-mp3-song-download</loc>
    </url>
    <url>
      <loc>https://www.pagalsongs.online/garam-godam-mp3-song-download</loc>
    </url>
    <url>
      <loc>https://www.pagalsongs.online/mon-amar-kemon-kemon-kore-mp3-song-download</loc>
    </url>
    <url>
      <loc>https://www.pagalsongs.online/valentine-mashup-2023-dj-roady-mp3-song-download</loc>
    </url>
    <url>
      <loc>https://www.pagalsongs.online/emotional-valentines-mashup-2023-aftermorning-mp3-song-download</loc>
    </url>
    <url>
      <loc>https://www.pagalsongs.online/gauri-shankar-mp3-song-download</loc>
    </url>
    <url>
      <loc>https://www.pagalsongs.online/pyar-karta-hai-dil-mp3-song-download-2024</loc>
    </url>
    <url>
      <loc>https://www.pagalsongs.online/mallo-malli-mp3-song-download</loc>
    </url>
    <url>
      <loc>https://www.pagalsongs.online/tera-saath-nibhaungi-mp3-song-download</loc>
    </url>
    <url>
      <loc>https://www.pagalsongs.online/lashkare-mp3-song-download</loc>
    </url>
    <url>
      <loc>https://www.pagalsongs.online/bolo-na-mp3-song-download</loc>
    </url>
    <url>
      <loc>https://www.pagalsongs.online/the-ultimate-valentines-mashup-2023-naresh-parmar-mp3-song-download</loc>
    </url>
    <url>
      <loc>https://www.pagalsongs.online/you-know-mp3---songs-download</loc>
    </url>
    <url>
      <loc>https://www.pagalsongs.online/baawli-mp3--song-download</loc>
    </url>
    <url>
      <loc>https://www.pagalsongs.online/born-ready-mp3---song-download</loc>
    </url>
    <url>
      <loc>https://www.pagalsongs.online/yeah-naah-mp3-song-download</loc>
    </url>
    <url>
      <loc>https://www.pagalsongs.online/fallin-apart-mp3-song-download-0</loc>
    </url>
    <url>
      <loc>https://www.pagalsongs.online/take-it-easy-mp3-song-download</loc>
    </url>
    <url>
      <loc>https://www.pagalsongs.online/valentines-day-2023-mashup-vdj-royal-x-muzical-codex-mp3-song-download-2024</loc>
    </url>
    <url>
      <loc>https://www.pagalsongs.online/valentine-mashup-2023-dj-dharak-mp3-song-download</loc>
    </url>
    <url>
      <loc>https://www.pagalsongs.online/mathi-mathi-mp3-song-download</loc>
    </url>
    <url>
      <loc>https://www.pagalsongs.online/character-dheela-mp3-song-download</loc>
    </url>
    <url>
      <loc>https://www.pagalsongs.online/kudiye-ni-teri-vibe-mp3-song-download</loc>
    </url>
    <url>
      <loc>https://www.pagalsongs.online/kudiye-ni-teri-mp3-song-download</loc>
    </url>
    <url>
      <loc>https://www.pagalsongs.online/galiyan-hui-parayi-mp3-song-download</loc>
    </url>
    <url>
      <loc>https://www.pagalsongs.online/lambo-car-renuka-panwar-mp3-song-download-0</loc>
    </url>
    <url>
      <loc>https://www.pagalsongs.online/last-message-mp3-song-download</loc>
    </url>
    <url>
      <loc>https://www.pagalsongs.online/alone-guru-randhawa-mp3-song-download</loc>
    </url>
    <url>
      <loc>https://www.pagalsongs.online/piya-re-mp3-song-download</loc>
    </url>
    <url>
      <loc>https://www.pagalsongs.online/tenu-pyaar-na-hove-mp3-song-download</loc>
    </url>
    <url>
      <loc>https://www.pagalsongs.online/punjabi-valentines-week-special-mashup-2023-vdj-royal-mp3-song-download-2024</loc>
    </url>
    <url>
      <loc>https://www.pagalsongs.online/behja-behja-mp3-song-download</loc>
    </url>
    <url>
      <loc>https://www.pagalsongs.online/listen-a-story-kahani-suno-2-0-mashup-naresh-parmar-mp3-song-download</loc>
    </url>
    <url>
      <loc>https://www.pagalsongs.online/ap-dhillon-mashup-2023-dj-sumit-rajwanshi-mp3-song-download</loc>
    </url>
    <url>
      <loc>https://www.pagalsongs.online/ae-meri-wafa-mp3-song-download</loc>
    </url>
    <url>
      <loc>https://www.pagalsongs.online/soham-naik-jaaniya-mp3-song-download</loc>
    </url>
    <url>
      <loc>https://www.pagalsongs.online/loha-aadha-kilo-mp3-song-download</loc>
    </url>
    <url>
      <loc>https://www.pagalsongs.online/haule-haule-mp3--song-download</loc>
    </url>
    <url>
      <loc>https://www.pagalsongs.online/the-prophec-vibe-mp3-song-download</loc>
    </url>
    <url>
      <loc>https://www.pagalsongs.online/too-many-hearts-mp3-song-download</loc>
    </url>
    <url>
      <loc>https://www.pagalsongs.online/ichiban-mp3-song-download-2024</loc>
    </url>
    <url>
      <loc>https://www.pagalsongs.online/khair-mp3-song-download-2024</loc>
    </url>
    <url>
      <loc>https://www.pagalsongs.online/fast-cars-mp3-song-download</loc>
    </url>
    <url>
      <loc>https://www.pagalsongs.online/duce-mp3-song-download</loc>
    </url>
    <url>
      <loc>https://www.pagalsongs.online/tum-ho-nazam-hamari-mp3-song-download</loc>
    </url>
    <url>
      <loc>https://www.pagalsongs.online/i-think-mp3-song-download</loc>
    </url>
    <url>
      <loc>https://www.pagalsongs.online/duniya-mein-logon-ko-remix-dj-alfaa-mp3-song-download</loc>
    </url>
    <url>
      <loc>https://www.pagalsongs.online/vikram-malik-ilzaam-mp3---0s-download-2024</loc>
    </url>
    <url>
      <loc>https://www.pagalsongs.online/sanak-mp3-song-download</loc>
    </url>
    <url>
      <loc>https://www.pagalsongs.online/phir-mujhe-dil-se-pukar-2-mp3-song-download</loc>
    </url>
    <url>
      <loc>https://www.pagalsongs.online/theke-jete-pari-mp3-song-download</loc>
    </url>
    <url>
      <loc>https://www.pagalsongs.online/sohnneyaa-mp3-song-download</loc>
    </url>
    <url>
      <loc>https://www.pagalsongs.online/yeh-kaisa-nasha-hai-tanya-mp3-songs-download</loc>
    </url>
    <url>
      <loc>https://www.pagalsongs.online/tauba-meri-tauba-mp3-song-download</loc>
    </url>
    <url>
      <loc>https://www.pagalsongs.online/retro-mp3-song-download</loc>
    </url>
    <url>
      <loc>https://www.pagalsongs.online/tu-te-sharab-mp3-0s-download</loc>
    </url>
    <url>
      <loc>https://www.pagalsongs.online/r-nait-family-mp3-song-download-0-0</loc>
    </url>
    <url>
      <loc>https://www.pagalsongs.online/sufi-mp3--song-download</loc>
    </url>
    <url>
      <loc>https://www.pagalsongs.online/aise-kaise-mp3-song-download</loc>
    </url>
    <url>
      <loc>https://www.pagalsongs.online/pata-loge-mp3-song-download</loc>
    </url>
    <url>
      <loc>https://www.pagalsongs.online/52-bars-mp3-song-download</loc>
    </url>
    <url>
      <loc>https://www.pagalsongs.online/keh-do-mp3-song-download</loc>
    </url>
    <url>
      <loc>https://www.pagalsongs.online/mika-singh-miss-you-mp3--songs-download-2024</loc>
    </url>
    <url>
      <loc>https://www.pagalsongs.online/tora-mp3-song-download</loc>
    </url>
    <url>
      <loc>https://www.pagalsongs.online/tere-naam-se-mera-dil-mp3-song-download</loc>
    </url>
    <url>
      <loc>https://www.pagalsongs.online/virasat-sandhu-suit-mp3-song-download</loc>
    </url>
    <url>
      <loc>https://www.pagalsongs.online/no-reason-mp3-song-download-0</loc>
    </url>
    <url>
      <loc>https://www.pagalsongs.online/tera-mera-silsila-mp3-song-download</loc>
    </url>
    <url>
      <loc>https://www.pagalsongs.online/begi-paan-di-mp3-song-download-</loc>
    </url>
    <url>
      <loc>https://www.pagalsongs.online/mere-sawaal-ka-mp3-song-download</loc>
    </url>
    <url>
      <loc>https://www.pagalsongs.online/das-ki-kare-mp3-song-download</loc>
    </url>
    <url>
      <loc>https://www.pagalsongs.online/koka-preet-maan-mp3--song-download</loc>
    </url>
    <url>
      <loc>https://www.pagalsongs.online/take-it-back-mp3-song-download</loc>
    </url>
    <url>
      <loc>https://www.pagalsongs.online/dil-churane-lage-ho-mp3-song-download</loc>
    </url>
    <url>
      <loc>https://www.pagalsongs.online/tere-pyar-mein-mp3-song-download</loc>
    </url>
    <url>
      <loc>https://www.pagalsongs.online/main-khiladi-tu-anari-mp3-song-download</loc>
    </url>
    <url>
      <loc>https://www.pagalsongs.online/main-khiladi-mp3-song-download</loc>
    </url>
    <url>
      <loc>https://www.pagalsongs.online/guldasta-mp3-song-download</loc>
    </url>
    <url>
      <loc>https://www.pagalsongs.online/shy-balma-mp3-song-download</loc>
    </url>
    <url>
      <loc>https://www.pagalsongs.online/akaal-swaad-mp3-song-download</loc>
    </url>
    <url>
      <loc>https://www.pagalsongs.online/charcha-mp3-song-download</loc>
    </url>
    <url>
      <loc>https://www.pagalsongs.online/jehri-ve-mp3-song-download</loc>
    </url>
    <url>
      <loc>https://www.pagalsongs.online/tera-mera-pyar-mp3--song-download</loc>
    </url>
    <url>
      <loc>https://www.pagalsongs.online/nft-mp3-song-download</loc>
    </url>
    <url>
      <loc>https://www.pagalsongs.online/dil-mera-tod-ke-mp3-song-download</loc>
    </url>
    <url>
      <loc>https://www.pagalsongs.online/tere-bin-mp3-song-download</loc>
    </url>
    <url>
      <loc>https://www.pagalsongs.online/ditto-jodi-mp3-song-download</loc>
    </url>
    <url>
      <loc>https://www.pagalsongs.online/bling-bling-mp3--song-download--2</loc>
    </url>
    <url>
      <loc>https://www.pagalsongs.online/sugar-mp3---songs-download-2024</loc>
    </url>
    <url>
      <loc>https://www.pagalsongs.online/inferno-mp3-song-download</loc>
    </url>
    <url>
      <loc>https://www.pagalsongs.online/tinkiya-mp3-song-download</loc>
    </url>
    <url>
      <loc>https://www.pagalsongs.online/kahani-suno-2-0-slowed-mp3-song-download</loc>
    </url>
    <url>
      <loc>https://www.pagalsongs.online/mujhe-pyar-hua-tha-mp3--0s-download-2024</loc>
    </url>
    <url>
      <loc>https://www.pagalsongs.online/ailsha-lage-mp3-song-download</loc>
    </url>
    <url>
      <loc>https://www.pagalsongs.online/tomar-pichu-charbo-na-mp3-song-download</loc>
    </url>
    <url>
      <loc>https://www.pagalsongs.online/dorran-2-mp3-song-download</loc>
    </url>
    <url>
      <loc>https://www.pagalsongs.online/top-paake-top-song-download</loc>
    </url>
    <url>
      <loc>https://www.pagalsongs.online/tujhko-maana-dil-ne-apna-mp3-song-download</loc>
    </url>
    <url>
      <loc>https://www.pagalsongs.online/pyaar-hona-na-tha-mp3-song-download</loc>
    </url>
    <url>
      <loc>https://www.pagalsongs.online/gallan-mithiyan-mp3-song-download</loc>
    </url>
    <url>
      <loc>https://www.pagalsongs.online/ridxr-mp3-song-download</loc>
    </url>
    <url>
      <loc>https://www.pagalsongs.online/jimikki-ponnu-tamil-mp3-song-download</loc>
    </url>
    <url>
      <loc>https://www.pagalsongs.online/khuda-samjhte-ho-mp3-song-download</loc>
    </url>
    <url>
      <loc>https://www.pagalsongs.online/maan-meri-jaan-female-version-mp3-song-download</loc>
    </url>
    <url>
      <loc>https://www.pagalsongs.online/jai-jai-shiv-shankar-dj-vaggy-mp3-song-download</loc>
    </url>
    <url>
      <loc>https://www.pagalsongs.online/dil-tutju-mp3--song-download</loc>
    </url>
    <url>
      <loc>https://www.pagalsongs.online/haryana-ke-jaat-mp3-song-download</loc>
    </url>
    <url>
      <loc>https://www.pagalsongs.online/sath-dedo-ram-mp3-song-download</loc>
    </url>
    <url>
      <loc>https://www.pagalsongs.online/tu-mera-ghar-mp3-song-download</loc>
    </url>
    <url>
      <loc>https://www.pagalsongs.online/jhoome-jo-pathaan-remix-dj-dharak-mp3-song-download</loc>
    </url>
    <url>
      <loc>https://www.pagalsongs.online/shehar-de-route-mp3-song-download</loc>
    </url>
    <url>
      <loc>https://www.pagalsongs.online/halt-mp3-song-download</loc>
    </url>
    <url>
      <loc>https://www.pagalsongs.online/kalli-shad-de-mp3-song-download</loc>
    </url>
    <url>
      <loc>https://www.pagalsongs.online/ishwar-mp3-song-download</loc>
    </url>
    <url>
      <loc>https://www.pagalsongs.online/tonight-mp3-song-download</loc>
    </url>
    <url>
      <loc>https://www.pagalsongs.online/bhala-karey-ram-mp3-song-download</loc>
    </url>
    <url>
      <loc>https://www.pagalsongs.online/shikayatan-mp3-song-download-00</loc>
    </url>
    <url>
      <loc>https://www.pagalsongs.online/a-kay-holy-faak-mp3-song-download</loc>
    </url>
    <url>
      <loc>https://www.pagalsongs.online/republic-day-2023-mp3-song-download</loc>
    </url>
    <url>
      <loc>https://www.pagalsongs.online/anokha-desh-india-mp3-song-download</loc>
    </url>
    <url>
      <loc>https://www.pagalsongs.online/mera-vatan-meri-jaan-mp3-song-download</loc>
    </url>
    <url>
      <loc>https://www.pagalsongs.online/tu-watan-hamara-hai-mp3-song-download-2024</loc>
    </url>
    <url>
      <loc>https://www.pagalsongs.online/inqalaab-zindabad-mp3-song-download</loc>
    </url>
    <url>
      <loc>https://www.pagalsongs.online/maria-senorita-mp3-song-download</loc>
    </url>
    <url>
      <loc>https://www.pagalsongs.online/aalam-mp3-song-download</loc>
    </url>
    <url>
      <loc>https://www.pagalsongs.online/saadagi-to-hamari-mp3--song-download</loc>
    </url>
    <url>
      <loc>https://www.pagalsongs.online/aloof-mp3-song-download</loc>
    </url>
    <url>
      <loc>https://www.pagalsongs.online/chaudhary-mp3-song-download</loc>
    </url>
    <url>
      <loc>https://www.pagalsongs.online/superman-jat-mp3-song-download</loc>
    </url>
    <url>
      <loc>https://www.pagalsongs.online/yaar-kharde-mp3-song-download</loc>
    </url>
    <url>
      <loc>https://www.pagalsongs.online/takraar-mp3-song-download</loc>
    </url>
    <url>
      <loc>https://www.pagalsongs.online/rise-shine-mp3-song-download</loc>
    </url>
    <url>
      <loc>https://www.pagalsongs.online/chedkhaniyaan-mp3-song-download-0</loc>
    </url>
    <url>
      <loc>https://www.pagalsongs.online/preet-mp3-song-download</loc>
    </url>
    <url>
      <loc>https://www.pagalsongs.online/billa-sonipat-ala-fallin-star-mp3-song-download</loc>
    </url>
    <url>
      <loc>https://www.pagalsongs.online/insta-reel-mp3-song-download</loc>
    </url>
    <url>
      <loc>https://www.pagalsongs.online/tu-hi-to-mp3-song-download</loc>
    </url>
    <url>
      <loc>https://www.pagalsongs.online/paayaliaa-mp3-song-download</loc>
    </url>
    <url>
      <loc>https://www.pagalsongs.online/soorma-2-mp3--song-download</loc>
    </url>
    <url>
      <loc>https://www.pagalsongs.online/nijjar-me-mp3-song-download</loc>
    </url>
    <url>
      <loc>https://www.pagalsongs.online/wang-tut-gayi-mp3-song-download</loc>
    </url>
    <url>
      <loc>https://www.pagalsongs.online/mummy-aa-gai-kya-mp3-song-download</loc>
    </url>
    <url>
      <loc>https://www.pagalsongs.online/selfie-mp3-song-download</loc>
    </url>
    <url>
      <loc>https://www.pagalsongs.online/harf-cheema-gede-mp3-song-download</loc>
    </url>
    <url>
      <loc>https://www.pagalsongs.online/one-question-mp3-song-download</loc>
    </url>
    <url>
      <loc>https://www.pagalsongs.online/maa-da-dukh-mp3-song-download</loc>
    </url>
    <url>
      <loc>https://www.pagalsongs.online/company-mp3-song-download</loc>
    </url>
    <url>
      <loc>https://www.pagalsongs.online/the-gangsters-mashup-mp3-song-download</loc>
    </url>
    <url>
      <loc>https://www.pagalsongs.online/hollywood-x-bollywood-party-mashup-2023-dip-sr-mp3-song-download-2024</loc>
    </url>
    <url>
      <loc>https://www.pagalsongs.online/alan-walker-mashup-naresh-parmar-mp3-song-download</loc>
    </url>
    <url>
      <loc>https://www.pagalsongs.online/yaar-gama-te-aaye-hain-mp3--song-download</loc>
    </url>
    <url>
      <loc>https://www.pagalsongs.online/the-villagers-mp3--song-download</loc>
    </url>
    <url>
      <loc>https://www.pagalsongs.online/tu-mane-bata-teri-maa-bapu-ne-mp3-song-download</loc>
    </url>
    <url>
      <loc>https://www.pagalsongs.online/2-numbari-mp3-song-download</loc>
    </url>
    <url>
      <loc>https://www.pagalsongs.online/bhagatt-aadmi-mp3-song-download-</loc>
    </url>
    <url>
      <loc>https://www.pagalsongs.online/jatt-di-choice-mp3--song-download-2024</loc>
    </url>
    <url>
      <loc>https://www.pagalsongs.online/more-beautiful-mp3-song-download-00</loc>
    </url>
    <url>
      <loc>https://www.pagalsongs.online/commando-mp3---0s-download-2024</loc>
    </url>
    <url>
      <loc>https://www.pagalsongs.online/yeh-ek-zindagi-mp3-song-download</loc>
    </url>
    <url>
      <loc>https://www.pagalsongs.online/on-top-mp3-song-download</loc>
    </url>
    <url>
      <loc>https://www.pagalsongs.online/mohabbat-ka-gam-hai-mile-jitna-kam-hai-mp3-song-download</loc>
    </url>
    <url>
      <loc>https://www.pagalsongs.online/daru-badnaam-kar-di-song-download</loc>
    </url>
    <url>
      <loc>https://www.pagalsongs.online/ved-lavlay-mp3-song-download</loc>
    </url>
    <url>
      <loc>https://www.pagalsongs.online/sukh-kalale-mp3-song-download</loc>
    </url>
    <url>
      <loc>https://www.pagalsongs.online/maina-enekua-nohoi-mp3-song-download</loc>
    </url>
    <url>
      <loc>https://www.pagalsongs.online/feel-jealous-mp3-song-download</loc>
    </url>
    <url>
      <loc>https://www.pagalsongs.online/dhodhi-kunwa-kaile-ba-mp3-song-download</loc>
    </url>
    <url>
      <loc>https://www.pagalsongs.online/jinthaak-chithaka-mp3--songs-download</loc>
    </url>
    <url>
      <loc>https://www.pagalsongs.online/panch-ke-nache-aiha-mp3-song-download</loc>
    </url>
    <url>
      <loc>https://www.pagalsongs.online/perfume-lagawe-chunni-mein-mp3-song-download</loc>
    </url>
    <url>
      <loc>https://www.pagalsongs.online/yaari-ananya-birla-mp3-song-download</loc>
    </url>
    <url>
      <loc>https://www.pagalsongs.online/alfaazo-mp3-song-download</loc>
    </url>
    <url>
      <loc>https://www.pagalsongs.online/saiyyonii-mp3--song-download</loc>
    </url>
    <url>
      <loc>https://www.pagalsongs.online/love-of-my-life-mp3-song-download-2024</loc>
    </url>
    <url>
      <loc>https://www.pagalsongs.online/honsle-mp3--song-download</loc>
    </url>
    <url>
      <loc>https://www.pagalsongs.online/mitraz-x-king-mashup-naresh-parmar-mp3-song---download-2024</loc>
    </url>
    <url>
      <loc>https://www.pagalsongs.online/gavin-gill-mohabbat-mp3-song-download</loc>
    </url>
    <url>
      <loc>https://www.pagalsongs.online/suit-darji-ke-mp3-song-download</loc>
    </url>
    <url>
      <loc>https://www.pagalsongs.online/superstar-mp3-song-download</loc>
    </url>
    <url>
      <loc>https://www.pagalsongs.online/maahi-ne-mp3-song-download</loc>
    </url>
    <url>
      <loc>https://www.pagalsongs.online/french-gutt-mp3-song-download</loc>
    </url>
    <url>
      <loc>https://www.pagalsongs.online/south-x-bollywood-tapori-dance-mashup-2023-dj-bhav-london-mp3-song-download</loc>
    </url>
    <url>
      <loc>https://www.pagalsongs.online/divya-sharma-sohna-lagda-mp3-song-download</loc>
    </url>
    <url>
      <loc>https://www.pagalsongs.online/hai-apna-dil-to-awara-mp3-song-download</loc>
    </url>
    <url>
      <loc>https://www.pagalsongs.online/udas-dupur-bela-sokhi-mp3-song-download</loc>
    </url>
    <url>
      <loc>https://www.pagalsongs.online/mein-zinda-hoon-lekin-kahan-zindagi-hai-mp3-songs-download</loc>
    </url>
    <url>
      <loc>https://www.pagalsongs.online/batiya-bujai-rakh-di-mp3-song-download</loc>
    </url>
    <url>
      <loc>https://www.pagalsongs.online/jhoome-jo-pathaan-arabic-version-mp3-song-download</loc>
    </url>
    <url>
      <loc>https://www.pagalsongs.online/tu-mile-dil-khile-stebin-ben-mp3-song-download-0</loc>
    </url>
    <url>
      <loc>https://www.pagalsongs.online/sohna-lagda-mp3-song-download</loc>
    </url>
    <url>
      <loc>https://www.pagalsongs.online/tera-daur-mp3-song-download</loc>
    </url>
    <url>
      <loc>https://www.pagalsongs.online/i-m-flyin-mp3-song-download</loc>
    </url>
    <url>
      <loc>https://www.pagalsongs.online/lost-soul-mp3-song-download-2024</loc>
    </url>
    <url>
      <loc>https://www.pagalsongs.online/dil-da-black-mp3-songs-download-2024</loc>
    </url>
    <url>
      <loc>https://www.pagalsongs.online/dekh-ke-teri-aakhein-mp3--songs-download-2024</loc>
    </url>
    <url>
      <loc>https://www.pagalsongs.online/achha-sila-diya-mp3-song-download</loc>
    </url>
    <url>
      <loc>https://www.pagalsongs.online/geet-lagdai-mp3-song-download</loc>
    </url>
    <url>
      <loc>https://www.pagalsongs.online/sheeshe-mp3--song-download</loc>
    </url>
    <url>
      <loc>https://www.pagalsongs.online/kaka-suit-mp3-song-download</loc>
    </url>
    <url>
      <loc>https://www.pagalsongs.online/shape-mp3-song-download-0</loc>
    </url>
    <url>
      <loc>https://www.pagalsongs.online/tujhe-yaad-karte-karte-mp3-song-download</loc>
    </url>
    <url>
      <loc>https://www.pagalsongs.online/saali-lage-mp3-song-download</loc>
    </url>
    <url>
      <loc>https://www.pagalsongs.online/afsana-khan-jhooth-mp3-song-download</loc>
    </url>
    <url>
      <loc>https://www.pagalsongs.online/saah-gill-arman-mp3-song-download</loc>
    </url>
    <url>
      <loc>https://www.pagalsongs.online/tu-kaafi-ae-mp3-song-download</loc>
    </url>
    <url>
      <loc>https://www.pagalsongs.online/bhulna-chaunde-ni-mp3-song-download</loc>
    </url>
    <url>
      <loc>https://www.pagalsongs.online/ranihaar-mp3-song-download</loc>
    </url>
    <url>
      <loc>https://www.pagalsongs.online/matki-mp3-song-download</loc>
    </url>
    <url>
      <loc>https://www.pagalsongs.online/lehenga-lehak-jaayi-mp3-song-download</loc>
    </url>
    <url>
      <loc>https://www.pagalsongs.online/retirement-mp3-song-download</loc>
    </url>
    <url>
      <loc>https://www.pagalsongs.online/sara-zamana-mp3-song-download</loc>
    </url>
    <url>
      <loc>https://www.pagalsongs.online/tumhe-dil-mp3-song-download</loc>
    </url>
    <url>
      <loc>https://www.pagalsongs.online/m-a-sheikh-supne-mp3--songs-download-2024</loc>
    </url>
    <url>
      <loc>https://www.pagalsongs.online/tarsem-jassar-beparwah-mp3-song-download</loc>
    </url>
    <url>
      <loc>https://www.pagalsongs.online/miss-india-mp3-song-download</loc>
    </url>
    <url>
      <loc>https://www.pagalsongs.online/uth-na-jaan-taare-mp3-song-download</loc>
    </url>
    <url>
      <loc>https://www.pagalsongs.online/munda-sohna-hoon-main-mp3-song-download</loc>
    </url>
    <url>
      <loc>https://www.pagalsongs.online/navv-draaka-suit-mp3-song-download</loc>
    </url>
    <url>
      <loc>https://www.pagalsongs.online/one-vs-eleven-mp3-song-download</loc>
    </url>
    <url>
      <loc>https://www.pagalsongs.online/rutba-mp3---songs-download-2024</loc>
    </url>
    <url>
      <loc>https://www.pagalsongs.online/pankhudi-mp3-song-download</loc>
    </url>
    <url>
      <loc>https://www.pagalsongs.online/badi-mushkil-baba-mp3-song-download</loc>
    </url>
    <url>
      <loc>https://www.pagalsongs.online/kaleshi-chori-mp3-song-download</loc>
    </url>
    <url>
      <loc>https://www.pagalsongs.online/taur-tappa-mp3-song-download</loc>
    </url>
    <url>
      <loc>https://www.pagalsongs.online/chadra-mp3-song-download</loc>
    </url>
    <url>
      <loc>https://www.pagalsongs.online/ishqbaazi-mp3-song-download</loc>
    </url>
    <url>
      <loc>https://www.pagalsongs.online/ap-dhillon-mashup-2023-naresh-parmar-mp3-song-download</loc>
    </url>
    <url>
      <loc>https://www.pagalsongs.online/kundali-mp3-song-download-0</loc>
    </url>
    <url>
      <loc>https://www.pagalsongs.online/paye-tahar-rupar-nupur-mp3-song-download</loc>
    </url>
    <url>
      <loc>https://www.pagalsongs.online/eto-kiser-tara-mp3-song-download</loc>
    </url>
    <url>
      <loc>https://www.pagalsongs.online/baba-garja-baba-botta-ji-mp3-song-download</loc>
    </url>
    <url>
      <loc>https://www.pagalsongs.online/desi-haryana-ke-mp3-song-download</loc>
    </url>
    <url>
      <loc>https://www.pagalsongs.online/paune-das-mp3-song-download</loc>
    </url>
    <url>
      <loc>https://www.pagalsongs.online/high-repo-song-download</loc>
    </url>
    <url>
      <loc>https://www.pagalsongs.online/boss-party-mp3-song-download</loc>
    </url>
    <url>
      <loc>https://www.pagalsongs.online/zariya-tu-mp3-song-download-000</loc>
    </url>
    <url>
      <loc>https://www.pagalsongs.online/december-mp3-song-download</loc>
    </url>
    <url>
      <loc>https://www.pagalsongs.online/superman-mp3-song-download</loc>
    </url>
    <url>
      <loc>https://www.pagalsongs.online/kithe-reh-gya-mp3-song-download</loc>
    </url>
    <url>
      <loc>https://www.pagalsongs.online/dr-zeus-ego-mp3-song-download</loc>
    </url>
    <url>
      <loc>https://www.pagalsongs.online/couple-mp3--song-download</loc>
    </url>
    <url>
      <loc>https://www.pagalsongs.online/hold-sway-mp3-song-download</loc>
    </url>
    <url>
      <loc>https://www.pagalsongs.online/taad-taad-song-download</loc>
    </url>
    <url>
      <loc>https://www.pagalsongs.online/khoon-ki-khushboo-mp3-song-download</loc>
    </url>
    <url>
      <loc>https://www.pagalsongs.online/kuttey-mp3-song-download</loc>
    </url>
    <url>
      <loc>https://www.pagalsongs.online/vaat-lagli-mp3-song-download</loc>
    </url>
    <url>
      <loc>https://www.pagalsongs.online/azadi-mp3-song-download</loc>
    </url>
    <url>
      <loc>https://www.pagalsongs.online/ek-aur-dhan-te-nan-mp3-song-download</loc>
    </url>
    <url>
      <loc>https://www.pagalsongs.online/neekemo-andamekkuva-mp3-song-download</loc>
    </url>
    <url>
      <loc>https://www.pagalsongs.online/chaand-raaton-mein-mp3-song-download</loc>
    </url>
    <url>
      <loc>https://www.pagalsongs.online/daag-husan-te-mp3-song-download</loc>
    </url>
    <url>
      <loc>https://www.pagalsongs.online/rajdeep-mangat-gal-dil-di-mp3-song-download</loc>
    </url>
    <url>
      <loc>https://www.pagalsongs.online/lakh-take-ka-bijna-mp3-song-download</loc>
    </url>
    <url>
      <loc>https://www.pagalsongs.online/court-mp3--song-download-2</loc>
    </url>
    <url>
      <loc>https://www.pagalsongs.online/khrey-khrey-mp3-song-download</loc>
    </url>
    <url>
      <loc>https://www.pagalsongs.online/do-tukde-mp3-song-download</loc>
    </url>
    <url>
      <loc>https://www.pagalsongs.online/rang-ah-brown-mp3-song-download</loc>
    </url>
    <url>
      <loc>https://www.pagalsongs.online/appa-mp3-song-download</loc>
    </url>
    <url>
      <loc>https://www.pagalsongs.online/whiskey-pilado-mp3-song-download</loc>
    </url>
    <url>
      <loc>https://www.pagalsongs.online/strap-mp3-song-download</loc>
    </url>
    <url>
      <loc>https://www.pagalsongs.online/hindi-x-punjabi-breakup-mashup-2023-mp3-song-download</loc>
    </url>
    <url>
      <loc>https://www.pagalsongs.online/wrong-turn-mp3-song-download</loc>
    </url>
    <url>
      <loc>https://www.pagalsongs.online/long-route-mp3-song-download</loc>
    </url>
    <url>
      <loc>https://www.pagalsongs.online/gal-naal-laa-mp3-song-download</loc>
    </url>
    <url>
      <loc>https://www.pagalsongs.online/pecha-mp3-song-download</loc>
    </url>
    <url>
      <loc>https://www.pagalsongs.online/suna-suna-hai-jahan-ab-jau-mai-kaha-mp3-songs-download-2024</loc>
    </url>
    <url>
      <loc>https://www.pagalsongs.online/mass-mogudu-mp3-song-download</loc>
    </url>
    <url>
      <loc>https://www.pagalsongs.online/lambe-lambe-baal-mp3-0-download</loc>
    </url>
    <url>
      <loc>https://www.pagalsongs.online/kya-karoon-mp3-song-download</loc>
    </url>
    <url>
      <loc>https://www.pagalsongs.online/tere-saath-jina-hai-mp3-song-download</loc>
    </url>
    <url>
      <loc>https://www.pagalsongs.online/awaara-dogs-mp3-song-download</loc>
    </url>
    <url>
      <loc>https://www.pagalsongs.online/meri-aashiqui-saaj-bhatt-mp3-song-download</loc>
    </url>
    <url>
      <loc>https://www.pagalsongs.online/tujhe-bhula-ke-mp3-song-download</loc>
    </url>
    <url>
      <loc>https://www.pagalsongs.online/jhagda-mp3-song-download</loc>
    </url>
    <url>
      <loc>https://www.pagalsongs.online/mundari-challa-mp3-song-download</loc>
    </url>
    <url>
      <loc>https://www.pagalsongs.online/aise-ho-tum-mp3-song-download</loc>
    </url>
    <url>
      <loc>https://www.pagalsongs.online/badnam-gaam-mp3--song-download-2024-0</loc>
    </url>
    <url>
      <loc>https://www.pagalsongs.online/simar-dorraha-jawani-mp3-song-download</loc>
    </url>
    <url>
      <loc>https://www.pagalsongs.online/ikki-na-dukki-mp3--song-download-2024</loc>
    </url>
    <url>
      <loc>https://www.pagalsongs.online/insaaniyat-mp3--songs-download-</loc>
    </url>
    <url>
      <loc>https://www.pagalsongs.online/how-to-hate-mp3--0-download</loc>
    </url>
    <url>
      <loc>https://www.pagalsongs.online/kal-hai-mera-show-mp3---song-download</loc>
    </url>
    <url>
      <loc>https://www.pagalsongs.online/maa-baap-mp3--songs-download-</loc>
    </url>
    <url>
      <loc>https://www.pagalsongs.online/regret-mp3---songs-download</loc>
    </url>
    <url>
      <loc>https://www.pagalsongs.online/one-day-uh-gonna-pay-mp3---songs-download</loc>
    </url>
    <url>
      <loc>https://www.pagalsongs.online/insaan-mp3--song-download</loc>
    </url>
    <url>
      <loc>https://www.pagalsongs.online/mazze-me-mp3-song-download</loc>
    </url>
    <url>
      <loc>https://www.pagalsongs.online/mannu-pahadi-challa-mp3-song-download</loc>
    </url>
    <url>
      <loc>https://www.pagalsongs.online/byah-ke-lejyange-mp3-song-download</loc>
    </url>
    <url>
      <loc>https://www.pagalsongs.online/ndee-kundu-sharab-mp3-song-download</loc>
    </url>
    <url>
      <loc>https://www.pagalsongs.online/sahiba-mp3-song-download</loc>
    </url>
    <url>
      <loc>https://www.pagalsongs.online/banda-tera-aashiq-ho-gaya-mp3-song-download-0</loc>
    </url>
    <url>
      <loc>https://www.pagalsongs.online/apni-saanson-mein-mp3-song-download</loc>
    </url>
    <url>
      <loc>https://www.pagalsongs.online/bappu-di-ladli-mp3-song-download</loc>
    </url>
    <url>
      <loc>https://www.pagalsongs.online/himachal-ch-yaar-mp3-song-download</loc>
    </url>
    <url>
      <loc>https://www.pagalsongs.online/duel-mp3-song-download</loc>
    </url>
    <url>
      <loc>https://www.pagalsongs.online/gender-mp3--song-download</loc>
    </url>
    <url>
      <loc>https://www.pagalsongs.online/nonstop-love-mashup-2023-naresh-parmar-mp3-song-download</loc>
    </url>
    <url>
      <loc>https://www.pagalsongs.online/king-mashup-naresh-parmar-mp3-songs-download-2024</loc>
    </url>
    <url>
      <loc>https://www.pagalsongs.online/changa-changa-mp3-song-download</loc>
    </url>
    <url>
      <loc>https://www.pagalsongs.online/meraa-aks-mp3-song-download</loc>
    </url>
    <url>
      <loc>https://www.pagalsongs.online/desire-akash-aujla-mp3-song-download</loc>
    </url>
    <url>
      <loc>https://www.pagalsongs.online/love-forever-mashup-2023-naresh-parmar-mp3-song-download</loc>
    </url>
    <url>
      <loc>https://www.pagalsongs.online/nashe-mein-mp3-song-download</loc>
    </url>
    <url>
      <loc>https://www.pagalsongs.online/hello-star-mp3-song-download</loc>
    </url>
    <url>
      <loc>https://www.pagalsongs.online/laado-mp3-song-download</loc>
    </url>
    <url>
      <loc>https://www.pagalsongs.online/sona-re-mp3-songs-download-2024</loc>
    </url>
    <url>
      <loc>https://www.pagalsongs.online/ranjitha-me-mp3-song-download</loc>
    </url>
    <url>
      <loc>https://www.pagalsongs.online/kahani-suno-mp3-song-download</loc>
    </url>
    <url>
      <loc>https://www.pagalsongs.online/basti-ka-hasti-mp3--song-download</loc>
    </url>
    <url>
      <loc>https://www.pagalsongs.online/adharam-madhuram-mp3-song-download</loc>
    </url>
    <url>
      <loc>https://www.pagalsongs.online/shri-hari-stotram-mp3-songs-download-</loc>
    </url>
    <url>
      <loc>https://www.pagalsongs.online/dil-to-pagal-hai-lofi-mix-mp3-song-download</loc>
    </url>
    <url>
      <loc>https://www.pagalsongs.online/phir-dhan-te-nan-mp3-song-download</loc>
    </url>
    <url>
      <loc>https://www.pagalsongs.online/jaa-farebi-jaa-mp3-song-download</loc>
    </url>
    <url>
      <loc>https://www.pagalsongs.online/pyaase-mp3-song-download</loc>
    </url>
    <url>
      <loc>https://www.pagalsongs.online/dil-nai-lagna-mp3-song-download</loc>
    </url>
    <url>
      <loc>https://www.pagalsongs.online/heeriye-dil-jaaniye-mp3--song-download</loc>
    </url>
    <url>
      <loc>https://www.pagalsongs.online/all-eyez-on-me-mp3-song-download-0</loc>
    </url>
    <url>
      <loc>https://www.pagalsongs.online/murga-to-beta-patna-me-kati-mp3-song-download</loc>
    </url>
    <url>
      <loc>https://www.pagalsongs.online/all-night-mp3-song-download</loc>
    </url>
    <url>
      <loc>https://www.pagalsongs.online/lahore-gd-kaur-mp3--songs-download</loc>
    </url>
    <url>
      <loc>https://www.pagalsongs.online/tu-jo-mujhe-na-mili-mp3-song-download</loc>
    </url>
    <url>
      <loc>https://www.pagalsongs.online/muchh-da-sawaal-mp3-song-download</loc>
    </url>
    <url>
      <loc>https://www.pagalsongs.online/age-barir-malik-hou-mp3-song-download</loc>
    </url>
    <url>
      <loc>https://www.pagalsongs.online/aisa-jaadu-dala-re-remix-dj-dharak-mp3-song-download</loc>
    </url>
    <url>
      <loc>https://www.pagalsongs.online/shivjot-love-you-mp3--song-download-2024</loc>
    </url>
    <url>
      <loc>https://www.pagalsongs.online/maan-meri-jaan-remix-dj-shadow-dubai-mp3-songs-download-2024</loc>
    </url>
    <url>
      <loc>https://www.pagalsongs.online/sea-side-mp3-song-download</loc>
    </url>
    <url>
      <loc>https://www.pagalsongs.online/viah-ton-pehla-mp3-song-download</loc>
    </url>
    <url>
      <loc>https://www.pagalsongs.online/jatt-nu-sambhle-mp3-song-download</loc>
    </url>
    <url>
      <loc>https://www.pagalsongs.online/tamatar-gaal-mp3-song-download</loc>
    </url>
    <url>
      <loc>https://www.pagalsongs.online/note-fenko-the-karampura-mp3-song-download</loc>
    </url>
    <url>
      <loc>https://www.pagalsongs.online/sukh-sandhu-teri-bewafai-mp3-song-download</loc>
    </url>
    <url>
      <loc>https://www.pagalsongs.online/kaashi-mein-kailashi-mp3-song-download</loc>
    </url>
    <url>
      <loc>https://www.pagalsongs.online/phere-mp3-song-download</loc>
    </url>
    <url>
      <loc>https://www.pagalsongs.online/hathyar-mp3-song-download</loc>
    </url>
    <url>
      <loc>https://www.pagalsongs.online/haryane-ka-ghaghara-mp3-song-download</loc>
    </url>
    <url>
      <loc>https://www.pagalsongs.online/new-year-mix-2023-best-of-edm-party-electro-house-mp3-song-download</loc>
    </url>
    <url>
      <loc>https://www.pagalsongs.online/new-year-party-mix-2023-dj-ravish-mp3--songs-download-0</loc>
    </url>
    <url>
      <loc>https://www.pagalsongs.online/new-year-2023-party-mix-dj-nyk-mp3--0s-download-0</loc>
    </url>
    <url>
      <loc>https://www.pagalsongs.online/year-end-party-mix-2023-dj-shadow-experience-song-download</loc>
    </url>
    <url>
      <loc>https://www.pagalsongs.online/drill-mp3-song-download</loc>
    </url>
    <url>
      <loc>https://www.pagalsongs.online/new-year-2023-party-song-dj-yogii-mashup-mp3-song-download</loc>
    </url>
    <url>
      <loc>https://www.pagalsongs.online/laddu-ke-bhiyaa-mp3-song-download</loc>
    </url>
    <url>
      <loc>https://www.pagalsongs.online/the-last-ride-pop-mashup-2023-mp3---songs-download-2024-0</loc>
    </url>
    <url>
      <loc>https://www.pagalsongs.online/shokeen-mp3-song-download</loc>
    </url>
    <url>
      <loc>https://www.pagalsongs.online/gidgida-mp3-song-download</loc>
    </url>
    <url>
      <loc>https://www.pagalsongs.online/tel-mp3-song-download</loc>
    </url>
    <url>
      <loc>https://www.pagalsongs.online/hari-hari-odhani-mp3-song-download</loc>
    </url>
    <url>
      <loc>https://www.pagalsongs.online/hai-jhumka-wali-por-mp3-song-download</loc>
    </url>
    <url>
      <loc>https://www.pagalsongs.online/dil-disco-karein-remix-dj-akhil-talreja-mp3-song-download</loc>
    </url>
    <url>
      <loc>https://www.pagalsongs.online/chammak-challo-remix-dj-akiraa-mp3-song-download</loc>
    </url>
    <url>
      <loc>https://www.pagalsongs.online/naina-ke-teer-mp3-song-download</loc>
    </url>
    <url>
      <loc>https://www.pagalsongs.online/koka-nakk-wala-mp3-0s-download</loc>
    </url>
    <url>
      <loc>https://www.pagalsongs.online/jo-tu-na-mila-mp3-songs-download</loc>
    </url>
    <url>
      <loc>https://www.pagalsongs.online/naya-nazariya-mp3-songs-download-2024</loc>
    </url>
    <url>
      <loc>https://www.pagalsongs.online/court-me-goli-mp3-song-download</loc>
    </url>
    <url>
      <loc>https://www.pagalsongs.online/kya-baat-haii-2-0-chill-hop-mix-dj-dharak-mp3-song-download</loc>
    </url>
    <url>
      <loc>https://www.pagalsongs.online/best-of-2022-mashup-dj-shadow-dubai-x-dj-ansh-mp3-song-download</loc>
    </url>
    <url>
      <loc>https://www.pagalsongs.online/dhamaka-hoi-aara-mein-mp3-song-download</loc>
    </url>
    <url>
      <loc>https://www.pagalsongs.online/amit-saini-kala-maal-mp3-song-download</loc>
    </url>
    <url>
      <loc>https://www.pagalsongs.online/besharam-rang-remix-dj-dharak-mp3-song-download</loc>
    </url>
    <url>
      <loc>https://www.pagalsongs.online/besharam-rang-x-sweet-dreams-mashup-dj-h-kudos-mp3-song-download</loc>
    </url>
    <url>
      <loc>https://www.pagalsongs.online/na-talwar-ki-dharse-mp3-song-download</loc>
    </url>
    <url>
      <loc>https://www.pagalsongs.online/heer-ranjha-reprise-mp3-song-download</loc>
    </url>
    <url>
      <loc>https://www.pagalsongs.online/aaj-unse-pehli-mulaqat-hogi-mp3-song-download</loc>
    </url>
    <url>
      <loc>https://www.pagalsongs.online/main-teri-queen-aave-mp3--song-download</loc>
    </url>
    <url>
      <loc>https://www.pagalsongs.online/raftaar-never-back-down-mp3-song-download-00</loc>
    </url>
    <url>
      <loc>https://www.pagalsongs.online/feel-king-mashup-chillout-mix-bicky-official-mp3-songs-download-2024</loc>
    </url>
    <url>
      <loc>https://www.pagalsongs.online/kaka-wrld-vibe-mp3-song-download</loc>
    </url>
    <url>
      <loc>https://www.pagalsongs.online/baby-mere-birthday-pe-goli-chalegi-mp3-song-download</loc>
    </url>
    <url>
      <loc>https://www.pagalsongs.online/gatividhi-mp3--song-download-0</loc>
    </url>
    <url>
      <loc>https://www.pagalsongs.online/tere-naina-song-download</loc>
    </url>
    <url>
      <loc>https://www.pagalsongs.online/putt-mp3-song-download-0</loc>
    </url>
    <url>
      <loc>https://www.pagalsongs.online/indie-safar-2022-best-indie-songs-mp3-song-download</loc>
    </url>
    <url>
      <loc>https://www.pagalsongs.online/2022-hitz-mashup-dj-notorious-mp3-song-download</loc>
    </url>
    <url>
      <loc>https://www.pagalsongs.online/end-year-mega-mashup-best-of-2021-2022-naresh-parmar-mp3-song-download</loc>
    </url>
    <url>
      <loc>https://www.pagalsongs.online/simar-doraha-badmash-mp3-song-download</loc>
    </url>
    <url>
      <loc>https://www.pagalsongs.online/jingle-bell-jingle-bell-jingle-all-the-way-mp3-song-download</loc>
    </url>
    <url>
      <loc>https://www.pagalsongs.online/jingle-bells-jingle-bells-mp3-song-download-2024</loc>
    </url>
    <url>
      <loc>https://www.pagalsongs.online/jingle-bells-mp3--songs-download-2024-0</loc>
    </url>
    <url>
      <loc>https://www.pagalsongs.online/house-party-mix-2022-2023-dj-kiran-kamath-mp3-song-download</loc>
    </url>
    <url>
      <loc>https://www.pagalsongs.online/ballerboyz-punjabi-mashup-dj-harsh-sharma-x-sunix-thakor-mp3-song-download</loc>
    </url>
    <url>
      <loc>https://www.pagalsongs.online/feel-the-punjabi-mashup-2-dj-shiv-chauhan-sunny-hassan-mp3-song-download</loc>
    </url>
    <url>
      <loc>https://www.pagalsongs.online/ae-waqt-ruk-ja-zara-mp3-song-download</loc>
    </url>
    <url>
      <loc>https://www.pagalsongs.online/tum-chalee-aanaa-mp3-song-download</loc>
    </url>
    <url>
      <loc>https://www.pagalsongs.online/tu-zaroori-mp3-song-download</loc>
    </url>
    <url>
      <loc>https://www.pagalsongs.online/har-haal-mein-mp3-song-download</loc>
    </url>
    <url>
      <loc>https://www.pagalsongs.online/balla-balla-mp3-song-download</loc>
    </url>
    <url>
      <loc>https://www.pagalsongs.online/note-100-100-ke-mp3-song-download</loc>
    </url>
    <url>
      <loc>https://www.pagalsongs.online/jhoome-jo-pathaan-mp3-song-download</loc>
    </url>
    <url>
      <loc>https://www.pagalsongs.online/love-mashup-2023-acv-mashup-mp3-song-download</loc>
    </url>
    <url>
      <loc>https://www.pagalsongs.online/pyaar-tera-5g-mp3-song-download</loc>
    </url>
    <url>
      <loc>https://www.pagalsongs.online/kaka-wrld-hello-hi-mp3-song-download</loc>
    </url>
    <url>
      <loc>https://www.pagalsongs.online/dil-ka-sauda-mp3-song-download</loc>
    </url>
    <url>
      <loc>https://www.pagalsongs.online/happy-happy-mood-mp3-song-download</loc>
    </url>
    <url>
      <loc>https://www.pagalsongs.online/cirkus-aashiqui-mp3-song-download</loc>
    </url>
    <url>
      <loc>https://www.pagalsongs.online/players-mp3--song-download</loc>
    </url>
    <url>
      <loc>https://www.pagalsongs.online/chunni-me-sitare-mp3-song-download</loc>
    </url>
    <url>
      <loc>https://www.pagalsongs.online/daku-x-bichiyal-mashup-dj-h-kudos-mp3-song-download</loc>
    </url>
    <url>
      <loc>https://www.pagalsongs.online/soul-of-varisu-mp3-song-download-2024</loc>
    </url>
    <url>
      <loc>https://www.pagalsongs.online/samiyana-mp3-song-download</loc>
    </url>
    <url>
      <loc>https://www.pagalsongs.online/betaab-dhadkano-ney-mp3-song-download</loc>
    </url>
    <url>
      <loc>https://www.pagalsongs.online/responsibility-mp3-song-download-2024</loc>
    </url>
    <url>
      <loc>https://www.pagalsongs.online/never-back-down-mp3--song-download</loc>
    </url>
    <url>
      <loc>https://www.pagalsongs.online/jee-na-lage-mp3-song-download</loc>
    </url>
    <url>
      <loc>https://www.pagalsongs.online/tera-putt-mp3-song-download</loc>
    </url>
    <url>
      <loc>https://www.pagalsongs.online/tangya-gya-mp3-song-download</loc>
    </url>
    <url>
      <loc>https://www.pagalsongs.online/dalle-mp3-song-download</loc>
    </url>
    <url>
      <loc>https://www.pagalsongs.online/bas-ke-bahar-mp3-song-download</loc>
    </url>
    <url>
      <loc>https://www.pagalsongs.online/athroo-mp3-song-download</loc>
    </url>
    <url>
      <loc>https://www.pagalsongs.online/hame-to-loot-liya-milke-ishq-walon-ne-mp3-song-download</loc>
    </url>
    <url>
      <loc>https://www.pagalsongs.online/malang-sajna-mp3--song-download</loc>
    </url>
    <url>
      <loc>https://www.pagalsongs.online/ek-dil-hai-cover-mp3-song-download</loc>
    </url>
    <url>
      <loc>https://www.pagalsongs.online/face-pe-grace-mp3-song-download-2024</loc>
    </url>
    <url>
      <loc>https://www.pagalsongs.online/tere-bina-main-adhuri-mp3-song-download</loc>
    </url>
    <url>
      <loc>https://www.pagalsongs.online/tuition-mp3-song-download</loc>
    </url>
    <url>
      <loc>https://www.pagalsongs.online/mere-kamariya-pe-mp3-song-download</loc>
    </url>
    <url>
      <loc>https://www.pagalsongs.online/narci-om-namah-shivay-mp3-song-download</loc>
    </url>
    <url>
      <loc>https://www.pagalsongs.online/pachtavengi-mp3-song-download</loc>
    </url>
    <url>
      <loc>https://www.pagalsongs.online/tera-boyfriend-kaun-sa-mp3-song-download</loc>
    </url>
    <url>
      <loc>https://www.pagalsongs.online/mahol-mp3-song-download</loc>
    </url>
    <url>
      <loc>https://www.pagalsongs.online/jab-tak-infinity-deejay-jsg-mp3-song-download</loc>
    </url>
    <url>
      <loc>https://www.pagalsongs.online/na-kajre-ki-dhar-reprise-mp3-song-download</loc>
    </url>
    <url>
      <loc>https://www.pagalsongs.online/infinity-x-anbe-en-anbe-vdj-shana-mp3-song---download-2024</loc>
    </url>
    <url>
      <loc>https://www.pagalsongs.online/batone-teri-jadu-kiya-remix-mp3-song-download</loc>
    </url>
    <url>
      <loc>https://www.pagalsongs.online/aap-ka-aana-remix-mp3-song-download</loc>
    </url>
    <url>
      <loc>https://www.pagalsongs.online/yai-re-yo-yo-honey-singh-mp3-song-download</loc>
    </url>
    <url>
      <loc>https://www.pagalsongs.online/koi-nagma-kahi-gunja-remix-mp3-song-download</loc>
    </url>
    <url>
      <loc>https://www.pagalsongs.online/likhe-jo-khat-tujhe-remix-mp3-song-download</loc>
    </url>
    <url>
      <loc>https://www.pagalsongs.online/tujhse-naina-jodke-dil-hara-mp3-song-download</loc>
    </url>
    <url>
      <loc>https://www.pagalsongs.online/ab-tere-bin-hai-jeena-namumkin-o-yaara-mp3-song-download</loc>
    </url>
    <url>
      <loc>https://www.pagalsongs.online/kaka-nasha-mp3-song-download</loc>
    </url>
    <url>
      <loc>https://www.pagalsongs.online/angry-girl-mp3-song-download</loc>
    </url>
    <url>
      <loc>https://www.pagalsongs.online/shut-up-mp3-song-download-</loc>
    </url>
    <url>
      <loc>https://www.pagalsongs.online/teri-deewangi-mein-mp3-song-download</loc>
    </url>
    <url>
      <loc>https://www.pagalsongs.online/ambran-de-taare-mp3--song-download</loc>
    </url>
    <url>
      <loc>https://www.pagalsongs.online/sun-zara-cirkus-mp3--song-download</loc>
    </url>
    <url>
      <loc>https://www.pagalsongs.online/2-percent-mp3-song-download</loc>
    </url>
    <url>
      <loc>https://www.pagalsongs.online/aaja-aaja-mp3-song-download</loc>
    </url>
    <url>
      <loc>https://www.pagalsongs.online/pathani-mp3-song-download</loc>
    </url>
    <url>
      <loc>https://www.pagalsongs.online/kamal-khaira-by-name-mp3-song-download</loc>
    </url>
    <url>
      <loc>https://www.pagalsongs.online/rahat-fateh-ali-khan-chaal-mp3-song-download</loc>
    </url>
    <url>
      <loc>https://www.pagalsongs.online/insomnia-mp3-song-download</loc>
    </url>
    <url>
      <loc>https://www.pagalsongs.online/jatt-fer-vi-mp3-song-download</loc>
    </url>
    <url>
      <loc>https://www.pagalsongs.online/o-yaara-mp3-song-download</loc>
    </url>
    <url>
      <loc>https://www.pagalsongs.online/karun-chaand-mp3-song-download</loc>
    </url>
    <url>
      <loc>https://www.pagalsongs.online/good-luck-jordan-sandhu-mp3-0s-download</loc>
    </url>
    <url>
      <loc>https://www.pagalsongs.online/tujhme-main-saans-loon-mp3-song-download</loc>
    </url>
    <url>
      <loc>https://www.pagalsongs.online/tu-mujhse-juda-mp3-song-download</loc>
    </url>
    <url>
      <loc>https://www.pagalsongs.online/chandni-mp3-song-download</loc>
    </url>
    <url>
      <loc>https://www.pagalsongs.online/yaara-ve-mp3-song-download</loc>
    </url>
    <url>
      <loc>https://www.pagalsongs.online/kuch-raatein-mp3-song-download</loc>
    </url>
    <url>
      <loc>https://www.pagalsongs.online/stampede-mp3-song-download</loc>
    </url>
    <url>
      <loc>https://www.pagalsongs.online/video-call-mp3-song-download</loc>
    </url>
    <url>
      <loc>https://www.pagalsongs.online/kitni-bechain-hoke-melodic-progressive-mix-debb-mp3-song-download</loc>
    </url>
    <url>
      <loc>https://www.pagalsongs.online/gustakhiyan-mp3-song-download</loc>
    </url>
    <url>
      <loc>https://www.pagalsongs.online/naazneen-mp3-song-download</loc>
    </url>
    <url>
      <loc>https://www.pagalsongs.online/dil-pe-mere-tera-ikhtiyar-hua-hai-remix-mp3--song-download</loc>
    </url>
    <url>
      <loc>https://www.pagalsongs.online/caps-mp3-song-download-2024</loc>
    </url>
    <url>
      <loc>https://www.pagalsongs.online/koi-tum-jaisa-dilbar-mp3-song-download</loc>
    </url>
    <url>
      <loc>https://www.pagalsongs.online/aaiye-re-kabootri-mp3--song-download</loc>
    </url>
    <url>
      <loc>https://www.pagalsongs.online/complicated-mp3-song-download</loc>
    </url>
    <url>
      <loc>https://www.pagalsongs.online/hun-changa-ae-mp3-song-download</loc>
    </url>
    <url>
      <loc>https://www.pagalsongs.online/medicine-mp3---songs-download-2024</loc>
    </url>
    <url>
      <loc>https://www.pagalsongs.online/dont-you-know-mp3---0s-download-2024</loc>
    </url>
    <url>
      <loc>https://www.pagalsongs.online/amrit-maan-burberry-mp3---songs-download-2024</loc>
    </url>
    <url>
      <loc>https://www.pagalsongs.online/bedardi-mp3-song-download</loc>
    </url>
    <url>
      <loc>https://www.pagalsongs.online/teri-yaad-mein-mp3-song-download</loc>
    </url>
    <url>
      <loc>https://www.pagalsongs.online/chup-chup-mp3-song-download</loc>
    </url>
    <url>
      <loc>https://www.pagalsongs.online/jattan-de-jawak-mp3-song-download</loc>
    </url>
    <url>
      <loc>https://www.pagalsongs.online/hum-dono-pagal-hai-mp3-songs-download</loc>
    </url>
    <url>
      <loc>https://www.pagalsongs.online/raghav-chaitanya-mera-dil-mp3-song-download</loc>
    </url>
    <url>
      <loc>https://www.pagalsongs.online/maan-meri-jaan-remix-dj-lemon-mp3-songs-download-2024</loc>
    </url>
    <url>
      <loc>https://www.pagalsongs.online/dabde-mp3-song-download-2024</loc>
    </url>
    <url>
      <loc>https://www.pagalsongs.online/billa-sonipat-ala-aashiq-mp3-song-download</loc>
    </url>
    <url>
      <loc>https://www.pagalsongs.online/humko-humise-chura-lo-cover-mp3-song-download</loc>
    </url>
    <url>
      <loc>https://www.pagalsongs.online/do-saanson-ke-taar-mp3-song-download</loc>
    </url>
    <url>
      <loc>https://www.pagalsongs.online/besharam-rang-mp3-song-download</loc>
    </url>
    <url>
      <loc>https://www.pagalsongs.online/akshara-singh-kamariya-mp3-song-download</loc>
    </url>
    <url>
      <loc>https://www.pagalsongs.online/bet-on-me-mp3-song-download</loc>
    </url>
    <url>
      <loc>https://www.pagalsongs.online/sona-pakhi-mp3-song-download</loc>
    </url>
    <url>
      <loc>https://www.pagalsongs.online/shona-phaki-mp3-song-download</loc>
    </url>
    <url>
      <loc>https://www.pagalsongs.online/mere-naam-tu-mp3-song-download</loc>
    </url>
    <url>
      <loc>https://www.pagalsongs.online/please-mp3-song-download</loc>
    </url>
    <url>
      <loc>https://www.pagalsongs.online/ask-god-mp3-song-download</loc>
    </url>
    <url>
      <loc>https://www.pagalsongs.online/gurnam-bhullar-jodi-mp3-song-download-0</loc>
    </url>
    <url>
      <loc>https://www.pagalsongs.online/jhopadpatti-mp3-song-download</loc>
    </url>
    <url>
      <loc>https://www.pagalsongs.online/the-lion-mp3-song-download</loc>
    </url>
    <url>
      <loc>https://www.pagalsongs.online/emiway-bantai-pyaar-hai-mp3-song-download-2024</loc>
    </url>
    <url>
      <loc>https://www.pagalsongs.online/jandi-vaar-mp3-song-download-</loc>
    </url>
    <url>
      <loc>https://www.pagalsongs.online/kya-mera-hi-dil-mp3-song-download</loc>
    </url>
    <url>
      <loc>https://www.pagalsongs.online/kaise-kiya-tune-ye-mp3-song-download</loc>
    </url>
    <url>
      <loc>https://www.pagalsongs.online/ik-kudi-mp3-song-download</loc>
    </url>
    <url>
      <loc>https://www.pagalsongs.online/straight-up-mp3--songs-download-2024</loc>
    </url>
    <url>
      <loc>https://www.pagalsongs.online/sukshinder-shinda-badmashi-mp3-song-download</loc>
    </url>
    <url>
      <loc>https://www.pagalsongs.online/white-brown-black-mp3--songs-download-2024</loc>
    </url>
    <url>
      <loc>https://www.pagalsongs.online/chalo-pyaar-ki-shuruwat-karein-mp3-song-download</loc>
    </url>
    <url>
      <loc>https://www.pagalsongs.online/jee-aayan-nu-mp3-song-download</loc>
    </url>
    <url>
      <loc>https://www.pagalsongs.online/kiteh-si-mp3-song-download</loc>
    </url>
    <url>
      <loc>https://www.pagalsongs.online/jehda-nasha-remix-dj-akiraa-mp3-song-download</loc>
    </url>
    <url>
      <loc>https://www.pagalsongs.online/ekam-chanoli-red-eyes-mp3-song-download</loc>
    </url>
    <url>
      <loc>https://www.pagalsongs.online/machi-jande-aa-mp3-song-download</loc>
    </url>
    <url>
      <loc>https://www.pagalsongs.online/khanabadosh-mp3-song-download-0</loc>
    </url>
    <url>
      <loc>https://www.pagalsongs.online/holy-faak-mp3-song-download</loc>
    </url>
    <url>
      <loc>https://www.pagalsongs.online/let-go-mp3-song-download</loc>
    </url>
    <url>
      <loc>https://www.pagalsongs.online/without-you-mp3-songs-download-2024</loc>
    </url>
    <url>
      <loc>https://www.pagalsongs.online/sunset-with-you-mp3---0s-download-2024</loc>
    </url>
    <url>
      <loc>https://www.pagalsongs.online/no-soul-there-mp3-song-download</loc>
    </url>
    <url>
      <loc>https://www.pagalsongs.online/stargaze-mp3-song-download</loc>
    </url>
    <url>
      <loc>https://www.pagalsongs.online/move-on-mp3-song-download</loc>
    </url>
    <url>
      <loc>https://www.pagalsongs.online/hollywood-vs-indian-style-mashup-dip-sr-mp3-song-download</loc>
    </url>
    <url>
      <loc>https://www.pagalsongs.online/odo-meri-tod-lage-jatt-nu-mp3--song-download</loc>
    </url>
    <url>
      <loc>https://www.pagalsongs.online/todh-mp3--song-download</loc>
    </url>
    <url>
      <loc>https://www.pagalsongs.online/hitched-mp3-song-download</loc>
    </url>
    <url>
      <loc>https://www.pagalsongs.online/javed-ali-intezar-mp3--song-download</loc>
    </url>
    <url>
      <loc>https://www.pagalsongs.online/jaan-ke-bhulekhe-mp3-song-download</loc>
    </url>
    <url>
      <loc>https://www.pagalsongs.online/current-laga-re-mp3-song-download-0</loc>
    </url>
    <url>
      <loc>https://www.pagalsongs.online/london-bridge-mp3-song-download</loc>
    </url>
    <url>
      <loc>https://www.pagalsongs.online/khulle-kharche-mp3--song-download</loc>
    </url>
    <url>
      <loc>https://www.pagalsongs.online/tumhe-pyar-kar-lenge-mp3-song-download</loc>
    </url>
    <url>
      <loc>https://www.pagalsongs.online/aam-jahi-mp3-song-download</loc>
    </url>
    <url>
      <loc>https://www.pagalsongs.online/nachungi-dj-pe-mp3-song-download</loc>
    </url>
    <url>
      <loc>https://www.pagalsongs.online/didaar-mp3--song-download</loc>
    </url>
    <url>
      <loc>https://www.pagalsongs.online/qaraar-mp3--song-download-2024</loc>
    </url>
    <url>
      <loc>https://www.pagalsongs.online/tujhe-bhi-chand-mp3--song-download-2024</loc>
    </url>
    <url>
      <loc>https://www.pagalsongs.online/ghalib-hona-hai-mp3--songs-download-2024</loc>
    </url>
    <url>
      <loc>https://www.pagalsongs.online/aww-mp3-song-download</loc>
    </url>
    <url>
      <loc>https://www.pagalsongs.online/kushagra-barsaat-mp3-song-download</loc>
    </url>
    <url>
      <loc>https://www.pagalsongs.online/dil-tere-naam-mp3-song-download</loc>
    </url>
    <url>
      <loc>https://www.pagalsongs.online/haryanvi-swag-mp3--song-download</loc>
    </url>
    <url>
      <loc>https://www.pagalsongs.online/jaipur-le-challo-ne-mp3-song-download</loc>
    </url>
    <url>
      <loc>https://www.pagalsongs.online/landlord-mp3-song-download</loc>
    </url>
    <url>
      <loc>https://www.pagalsongs.online/kicks-mp3-song-download</loc>
    </url>
    <url>
      <loc>https://www.pagalsongs.online/tere-chakkar-mein-mp3-song-download</loc>
    </url>
    <url>
      <loc>https://www.pagalsongs.online/supreme-amrit-maan-mp3---songs-download</loc>
    </url>
    <url>
      <loc>https://www.pagalsongs.online/jawak-mp3-song-download</loc>
    </url>
    <url>
      <loc>https://www.pagalsongs.online/arijit-singh-mashup-2022-velocity-tjs-naresh-parmar-mp3-song-download</loc>
    </url>
    <url>
      <loc>https://www.pagalsongs.online/karma-fearless-mp3-song-download</loc>
    </url>
    <url>
      <loc>https://www.pagalsongs.online/beamer-mp3-song-download</loc>
    </url>
    <url>
      <loc>https://www.pagalsongs.online/kya-baat-hai-2-mp3-songs-download</loc>
    </url>
    <url>
      <loc>https://www.pagalsongs.online/kya-say-mp3-song-download</loc>
    </url>
    <url>
      <loc>https://www.pagalsongs.online/avkash-mann-yakeen-mp3-song-download</loc>
    </url>
    <url>
      <loc>https://www.pagalsongs.online/dil-disco-karein-remix-dj-aqeel-mp3-song-download</loc>
    </url>
    <url>
      <loc>https://www.pagalsongs.online/azam-garari-mp3-song-download</loc>
    </url>
    <url>
      <loc>https://www.pagalsongs.online/aarambh-hai-prachand-mp3-songs-download-2024</loc>
    </url>
    <url>
      <loc>https://www.pagalsongs.online/rubaab-mp3-song-download</loc>
    </url>
    <url>
      <loc>https://www.pagalsongs.online/tu-aaja-trap-rap-mp3-song-download</loc>
    </url>
    <url>
      <loc>https://www.pagalsongs.online/ghani-syaani-mp3-song-download</loc>
    </url>
    <url>
      <loc>https://www.pagalsongs.online/kari-phone-mp3-song-download</loc>
    </url>
    <url>
      <loc>https://www.pagalsongs.online/chann-di-channi-mp3-song-download</loc>
    </url>
    <url>
      <loc>https://www.pagalsongs.online/nikhita-gandhi-hum-dono-mp3-song-download</loc>
    </url>
    <url>
      <loc>https://www.pagalsongs.online/tera-aqs-mp3-song-download</loc>
    </url>
    <url>
      <loc>https://www.pagalsongs.online/patla-sa-chora-mp3-song-download</loc>
    </url>
    <url>
      <loc>https://www.pagalsongs.online/tere-bin-sajna-mp3-song-download</loc>
    </url>
    <url>
      <loc>https://www.pagalsongs.online/baazigar-mashup-dj-bks-sunix-thakor-mp3---songs-download-2024</loc>
    </url>
    <url>
      <loc>https://www.pagalsongs.online/babu-sona-2-mp3-song-download</loc>
    </url>
    <url>
      <loc>https://www.pagalsongs.online/heroine-mp3-song-download</loc>
    </url>
    <url>
      <loc>https://www.pagalsongs.online/laal-chunni-mp3-song-download</loc>
    </url>
    <url>
      <loc>https://www.pagalsongs.online/luv-tyagi-aankhein-mp3-song-download</loc>
    </url>
    <url>
      <loc>https://www.pagalsongs.online/tune-to-pith-piche-gulabi-aankhen-mp3-song-download</loc>
    </url>
    <url>
      <loc>https://www.pagalsongs.online/thee-thalapathy-mp3-song-download-</loc>
    </url>
    <url>
      <loc>https://www.pagalsongs.online/sar-ko-jhuka-ke-aaya-main-tere-samne-mp3-song-download</loc>
    </url>
    <url>
      <loc>https://www.pagalsongs.online/come-fall-in-love-mashup-2022-jay-guldekar-mp3-song-download</loc>
    </url>
    <url>
      <loc>https://www.pagalsongs.online/shambhoo-ik-tu-hi-tu-mp3-song-download</loc>
    </url>
    <url>
      <loc>https://www.pagalsongs.online/ram-darshan-mp3-song-download</loc>
    </url>
    <url>
      <loc>https://www.pagalsongs.online/pata-nahi-kis-roop-me-aakar-narayan-mil-jayega-mp3-song-download</loc>
    </url>
    <url>
      <loc>https://www.pagalsongs.online/tujhse-pyaar-karta-hoon-mp3-song-download</loc>
    </url>
    <url>
      <loc>https://www.pagalsongs.online/sapne-mein-milti-hai-mp3-song-download</loc>
    </url>
    <url>
      <loc>https://www.pagalsongs.online/kudi-meri-mp3-song-download</loc>
    </url>
    <url>
      <loc>https://www.pagalsongs.online/sandal-mp3-song-download</loc>
    </url>
    <url>
      <loc>https://www.pagalsongs.online/teri-meri-gal-mp3-song-download</loc>
    </url>
    <url>
      <loc>https://www.pagalsongs.online/2ni-mp3-song-download</loc>
    </url>
    <url>
      <loc>https://www.pagalsongs.online/tere-liye-zamana-chhod-denge-mp3-song-download</loc>
    </url>
    <url>
      <loc>https://www.pagalsongs.online/tumi-diyo-nago-basor-ghorer-bati-nivaya-mp3-song-download</loc>
    </url>
    <url>
      <loc>https://www.pagalsongs.online/bewafa-lofi-dj-lemon-mp3-song-download</loc>
    </url>
    <url>
      <loc>https://www.pagalsongs.online/game-of-fame-mp3-song-download</loc>
    </url>
    <url>
      <loc>https://www.pagalsongs.online/main-chand-sitare-ki-karna-mp3-song-download</loc>
    </url>
    <url>
      <loc>https://www.pagalsongs.online/resham-ka-rumal-mp3-song-download</loc>
    </url>
    <url>
      <loc>https://www.pagalsongs.online/sun-maahi-mp3-song-download</loc>
    </url>
    <url>
      <loc>https://www.pagalsongs.online/mistake-mp3-song-download</loc>
    </url>
    <url>
      <loc>https://www.pagalsongs.online/wafa-kya-bhayegi-mp3-song-download</loc>
    </url>
    <url>
      <loc>https://www.pagalsongs.online/sirra-sirra-mp3-song-download</loc>
    </url>
    <url>
      <loc>https://www.pagalsongs.online/mor-mp3-song-download</loc>
    </url>
    <url>
      <loc>https://www.pagalsongs.online/sachet-parampara-takdaa-rawaan-mp3-song-download</loc>
    </url>
    <url>
      <loc>https://www.pagalsongs.online/dil-deya-jaaniya-mp3-song-download</loc>
    </url>
    <url>
      <loc>https://www.pagalsongs.online/ik-tu-hi-mp3-song-download</loc>
    </url>
    <url>
      <loc>https://www.pagalsongs.online/breakup-mashup-2022-dj-shadow-dubai-mp3-song-download</loc>
    </url>
    <url>
      <loc>https://www.pagalsongs.online/pareshaniyan-mp3-song-download</loc>
    </url>
    <url>
      <loc>https://www.pagalsongs.online/karma-saari-saari-raat-mp3-song-download</loc>
    </url>
    <url>
      <loc>https://www.pagalsongs.online/pyar-nahi-hoya-mp3-song-download</loc>
    </url>
    <url>
      <loc>https://www.pagalsongs.online/chann-ve-mp3-song-download</loc>
    </url>
    <url>
      <loc>https://www.pagalsongs.online/fakeeran-mp3-song-download-0</loc>
    </url>
    <url>
      <loc>https://www.pagalsongs.online/her-shubh-mp3---0s-download-2024</loc>
    </url>
    <url>
      <loc>https://www.pagalsongs.online/bana-sharabi-mp3-song-download</loc>
    </url>
    <url>
      <loc>https://www.pagalsongs.online/kuwari-reh-jana-mp3-song-download</loc>
    </url>
    <url>
      <loc>https://www.pagalsongs.online/laad-wala-akhada-mp3-song-download</loc>
    </url>
    <url>
      <loc>https://www.pagalsongs.online/apni-to-jaise-taise-dj-vaggy-dj-hani-mp3-song-download</loc>
    </url>
    <url>
      <loc>https://www.pagalsongs.online/laje-ranga-mp3-song-download</loc>
    </url>
    <url>
      <loc>https://www.pagalsongs.online/le-lo-pudina-mp3-song-download</loc>
    </url>
    <url>
      <loc>https://www.pagalsongs.online/behaal-mp3-song-download</loc>
    </url>
    <url>
      <loc>https://www.pagalsongs.online/asli-action-chaalu-theme-song-mp3-song-download</loc>
    </url>
    <url>
      <loc>https://www.pagalsongs.online/asim-riaz-bewafa-mp3-song-download</loc>
    </url>
    <url>
      <loc>https://www.pagalsongs.online/patli-kamariya-mor-hai-hai-mp3-songs-download</loc>
    </url>
    <url>
      <loc>https://www.pagalsongs.online/intezar-mp3-song-download</loc>
    </url>
    <url>
      <loc>https://www.pagalsongs.online/rehmat-bewafa-mp3-song-download</loc>
    </url>
    <url>
      <loc>https://www.pagalsongs.online/woh-mp3-song-download-0</loc>
    </url>
    <url>
      <loc>https://www.pagalsongs.online/photoa-mp3-song-download</loc>
    </url>
    <url>
      <loc>https://www.pagalsongs.online/dil-keh-raha-hai-mp3-song-download</loc>
    </url>
    <url>
      <loc>https://www.pagalsongs.online/pariya-mp3-song-download</loc>
    </url>
    <url>
      <loc>https://www.pagalsongs.online/rama-o-rama-mp3-song-download</loc>
    </url>
    <url>
      <loc>https://www.pagalsongs.online/jaam-mp3-song-download</loc>
    </url>
    <url>
      <loc>https://www.pagalsongs.online/pata-laga-tenu-shok-phulan-da-mp3-song-download</loc>
    </url>
    <url>
      <loc>https://www.pagalsongs.online/kamle-jatt-mp3-song-download</loc>
    </url>
    <url>
      <loc>https://www.pagalsongs.online/king-mp3-songs-download-2024</loc>
    </url>
    <url>
      <loc>https://www.pagalsongs.online/deewana-deewana-mp3-song-download</loc>
    </url>
    <url>
      <loc>https://www.pagalsongs.online/pyar-hua-mp3--song-download</loc>
    </url>
    <url>
      <loc>https://www.pagalsongs.online/pranjal-dahiya-mubarak-ho-mp3-song-download-2024</loc>
    </url>
    <url>
      <loc>https://www.pagalsongs.online/jatt-life-zone-mp3--songs-download-2024-00</loc>
    </url>
    <url>
      <loc>https://www.pagalsongs.online/jazzy-b-rude-boy-mp3--song-download</loc>
    </url>
    <url>
      <loc>https://www.pagalsongs.online/10-outta-10-mp3-song-download</loc>
    </url>
    <url>
      <loc>https://www.pagalsongs.online/mera-dil-ye-pukare-aaja-remix-dj-usman-bhatti-mp3-song-download</loc>
    </url>
    <url>
      <loc>https://www.pagalsongs.online/teri-galiyon-mein-mp3-song-download</loc>
    </url>
    <url>
      <loc>https://www.pagalsongs.online/hullare-mp3-song-download</loc>
    </url>
    <url>
      <loc>https://www.pagalsongs.online/aap-jaisa-koi-mp3-song-download</loc>
    </url>
    <url>
      <loc>https://www.pagalsongs.online/addiyaan-mp3-song-download</loc>
    </url>
    <url>
      <loc>https://www.pagalsongs.online/jatti-heer-mp3-song-download</loc>
    </url>
    <url>
      <loc>https://www.pagalsongs.online/who-took-my-place-mp3--song-download</loc>
    </url>
    <url>
      <loc>https://www.pagalsongs.online/milde-mp3-song-download</loc>
    </url>
    <url>
      <loc>https://www.pagalsongs.online/kaali-gaddi-kala-paranda-mp3-song-download</loc>
    </url>
    <url>
      <loc>https://www.pagalsongs.online/blast-mp3--songs-download-2024</loc>
    </url>
    <url>
      <loc>https://www.pagalsongs.online/laavan-mp3-song-download</loc>
    </url>
    <url>
      <loc>https://www.pagalsongs.online/pyaar-karte-ho-na-acoustic-mp3-song-download</loc>
    </url>
    <url>
      <loc>https://www.pagalsongs.online/u-aint-know-mp3-song-download</loc>
    </url>
    <url>
      <loc>https://www.pagalsongs.online/kichhu-katha-mp3-song-download</loc>
    </url>
    <url>
      <loc>https://www.pagalsongs.online/bijli-mp3-song-download</loc>
    </url>
    <url>
      <loc>https://www.pagalsongs.online/wytb-mp3-song-download</loc>
    </url>
    <url>
      <loc>https://www.pagalsongs.online/amsterdam-mp3-song-download</loc>
    </url>
    <url>
      <loc>https://www.pagalsongs.online/jai-balayya-mass-anthem-mp3-song-download</loc>
    </url>
    <url>
      <loc>https://www.pagalsongs.online/baap-badmash-mp3-song-download</loc>
    </url>
    <url>
      <loc>https://www.pagalsongs.online/gurman-sandhu-goli-mp3-song-download</loc>
    </url>
    <url>
      <loc>https://www.pagalsongs.online/aho-aho-mp3-song-download</loc>
    </url>
    <url>
      <loc>https://www.pagalsongs.online/rromeo-dard-mp3-song-download</loc>
    </url>
    <url>
      <loc>https://www.pagalsongs.online/tere-dil-se-na-kabhi-khelunga-mp3-songs-download-2024</loc>
    </url>
    <url>
      <loc>https://www.pagalsongs.online/tu-aaja-remix-dj-usman-bhatti-mp3-song-download</loc>
    </url>
    <url>
      <loc>https://www.pagalsongs.online/arsenal-mp3-song-download</loc>
    </url>
    <url>
      <loc>https://www.pagalsongs.online/chumbaki-aankhen-mp3-song-download</loc>
    </url>
    <url>
      <loc>https://www.pagalsongs.online/load-hai-songs-download</loc>
    </url>
    <url>
      <loc>https://www.pagalsongs.online/tu-saamne-aaye-mp3-song-download</loc>
    </url>
    <url>
      <loc>https://www.pagalsongs.online/gunjazz-sky-high-mp3-song-download</loc>
    </url>
    <url>
      <loc>https://www.pagalsongs.online/tere-ho-gaye-mp3-song-download</loc>
    </url>
    <url>
      <loc>https://www.pagalsongs.online/parwaah-mp3-song-download</loc>
    </url>
    <url>
      <loc>https://www.pagalsongs.online/naina-pech-ladaaye-song-download</loc>
    </url>
    <url>
      <loc>https://www.pagalsongs.online/dua-karo-ninja-mp3-song-download</loc>
    </url>
    <url>
      <loc>https://www.pagalsongs.online/10-pe-10-mp3-song-download</loc>
    </url>
    <url>
      <loc>https://www.pagalsongs.online/no-rule-mp3-song-download</loc>
    </url>
    <url>
      <loc>https://www.pagalsongs.online/jay-b-singh-close-mp3-song-download</loc>
    </url>
    <url>
      <loc>https://www.pagalsongs.online/so-mean-mp3-song-download</loc>
    </url>
    <url>
      <loc>https://www.pagalsongs.online/ruchika-jangid-fashion-mp3---songs-download-0</loc>
    </url>
    <url>
      <loc>https://www.pagalsongs.online/chandni-raat-song-download-</loc>
    </url>
    <url>
      <loc>https://www.pagalsongs.online/why-black-mp3-songs-download-2024</loc>
    </url>
    <url>
      <loc>https://www.pagalsongs.online/aadat-ban-ke-mp3-song-download</loc>
    </url>
    <url>
      <loc>https://www.pagalsongs.online/cold-blooded-mp3-song-download</loc>
    </url>
    <url>
      <loc>https://www.pagalsongs.online/harpinder-gill-midnight-mp3-song-download</loc>
    </url>
    <url>
      <loc>https://www.pagalsongs.online/divine-farak-mp3-song-download</loc>
    </url>
    <url>
      <loc>https://www.pagalsongs.online/shivjot-chhatri-mp3-song-download</loc>
    </url>
    <url>
      <loc>https://www.pagalsongs.online/main-teri-aankhon-mein-udasi-kabhi-dekh-sakta-nahi-mp3-song-download</loc>
    </url>
    <url>
      <loc>https://www.pagalsongs.online/banke-hawa-mein-bezubaan-mein-mp3-song-download-2024</loc>
    </url>
    <url>
      <loc>https://www.pagalsongs.online/rooh-e-daari-mp3-song-download</loc>
    </url>
    <url>
      <loc>https://www.pagalsongs.online/jaane-meriye-mp3-song-download</loc>
    </url>
    <url>
      <loc>https://www.pagalsongs.online/tum-jo-milo-mp3-song-download</loc>
    </url>
    <url>
      <loc>https://www.pagalsongs.online/chhoti-si-kahani-se-mp3-song-download</loc>
    </url>
    <url>
      <loc>https://www.pagalsongs.online/chardikalan-mp3-song-download</loc>
    </url>
    <url>
      <loc>https://www.pagalsongs.online/gall-mukk-gai-mp3-song-download</loc>
    </url>
    <url>
      <loc>https://www.pagalsongs.online/tumse-milne-ki-chahat-mp3-song-download</loc>
    </url>
    <url>
      <loc>https://www.pagalsongs.online/tera-mera-pyaar-lofi-mp3-song-download</loc>
    </url>
    <url>
      <loc>https://www.pagalsongs.online/peo-da-khazana-mp3-song-download</loc>
    </url>
    <url>
      <loc>https://www.pagalsongs.online/ailaan-mp3-song-download</loc>
    </url>
    <url>
      <loc>https://www.pagalsongs.online/blona-shad-ta-mp3--song-download-2024</loc>
    </url>
    <url>
      <loc>https://www.pagalsongs.online/same-same-mp3-song-download</loc>
    </url>
    <url>
      <loc>https://www.pagalsongs.online/kise-hor-di-mp3-song-download</loc>
    </url>
    <url>
      <loc>https://www.pagalsongs.online/khasma-nu-khaa-mp3-song-download</loc>
    </url>
    <url>
      <loc>https://www.pagalsongs.online/the-milano-mp3-song-download</loc>
    </url>
    <url>
      <loc>https://www.pagalsongs.online/main-te-meri-car-sohniye-mp3-song-download</loc>
    </url>
    <url>
      <loc>https://www.pagalsongs.online/gurman-sandhu-nazar-mp3-song-download</loc>
    </url>
    <url>
      <loc>https://www.pagalsongs.online/haal-e-dil-reprise-mp3--song-download</loc>
    </url>
    <url>
      <loc>https://www.pagalsongs.online/heer-ranjha-mashup-chillout-bicky-official-mp3-song-download</loc>
    </url>
    <url>
      <loc>https://www.pagalsongs.online/jagga-daaku-mp3-song-download</loc>
    </url>
    <url>
      <loc>https://www.pagalsongs.online/raani-lofi-kedrock-mp3-song-download</loc>
    </url>
    <url>
      <loc>https://www.pagalsongs.online/vadda-grewal-sniff-mp3-song-download</loc>
    </url>
    <url>
      <loc>https://www.pagalsongs.online/kya-hota-mp3-song-download</loc>
    </url>
    <url>
      <loc>https://www.pagalsongs.online/catch-me-if-you-can-mp3---0s-download-2024</loc>
    </url>
    <url>
      <loc>https://www.pagalsongs.online/my-boyfriend-mp3-song-download</loc>
    </url>
    <url>
      <loc>https://www.pagalsongs.online/tere-layi-song-download-</loc>
    </url>
    <url>
      <loc>https://www.pagalsongs.online/dil-jisse-zinda-hain-mp3-song-download</loc>
    </url>
    <url>
      <loc>https://www.pagalsongs.online/big-deals-mp3-song-download</loc>
    </url>
    <url>
      <loc>https://www.pagalsongs.online/teddy-bear-mp3-song-download</loc>
    </url>
    <url>
      <loc>https://www.pagalsongs.online/in-your-case-mp3-song-download</loc>
    </url>
    <url>
      <loc>https://www.pagalsongs.online/gadbadi-song-download</loc>
    </url>
    <url>
      <loc>https://www.pagalsongs.online/geet-banuga-mp3-song-download</loc>
    </url>
    <url>
      <loc>https://www.pagalsongs.online/promise-ring-mp3-song-download</loc>
    </url>
    <url>
      <loc>https://www.pagalsongs.online/gal-ban-jae-mp3-song-download</loc>
    </url>
    <url>
      <loc>https://www.pagalsongs.online/jeda-nasha-teri-ankha-vich-aave-mainu-mp3-song-download</loc>
    </url>
    <url>
      <loc>https://www.pagalsongs.online/jehda-nasha-mp3-song-download</loc>
    </url>
    <url>
      <loc>https://www.pagalsongs.online/my-heeriye-mp3-song-download</loc>
    </url>
    <url>
      <loc>https://www.pagalsongs.online/moonglade-mp3--songs-download</loc>
    </url>
    <url>
      <loc>https://www.pagalsongs.online/aadat-ho-gayi-hai-mp3-song-download</loc>
    </url>
    <url>
      <loc>https://www.pagalsongs.online/jitna-tujhe-chahte-hai-hum-mp3-songs-download</loc>
    </url>
    <url>
      <loc>https://www.pagalsongs.online/hip-hop-mp3-song-download</loc>
    </url>
    <url>
      <loc>https://www.pagalsongs.online/kangne-mp3-song-download</loc>
    </url>
    <url>
      <loc>https://www.pagalsongs.online/rv-singh-jannat-mp3-song-download</loc>
    </url>
    <url>
      <loc>https://www.pagalsongs.online/hustler-mp3-song-download</loc>
    </url>
    <url>
      <loc>https://www.pagalsongs.online/fomo-mp3-song-download</loc>
    </url>
    <url>
      <loc>https://www.pagalsongs.online/mehfilan-mp3--song-download-2024</loc>
    </url>
    <url>
      <loc>https://www.pagalsongs.online/wang-golden-mp3-song-download</loc>
    </url>
    <url>
      <loc>https://www.pagalsongs.online/nara-mp3-song-download</loc>
    </url>
    <url>
      <loc>https://www.pagalsongs.online/harpreet-dhillon-wanted-mp3-song-download</loc>
    </url>
    <url>
      <loc>https://www.pagalsongs.online/impala-mp3-song-download</loc>
    </url>
    <url>
      <loc>https://www.pagalsongs.online/trucker-mp3-song-download</loc>
    </url>
    <url>
      <loc>https://www.pagalsongs.online/sahi-galat-mp3-songs-download-2024</loc>
    </url>
    <url>
      <loc>https://www.pagalsongs.online/saak-47-mp3-song-download</loc>
    </url>
    <url>
      <loc>https://www.pagalsongs.online/gabru-di-tohar-mp3-song-download</loc>
    </url>
    <url>
      <loc>https://www.pagalsongs.online/rubicon-drill-mp3--song-download</loc>
    </url>
    <url>
      <loc>https://www.pagalsongs.online/stool-te-scotch-mp3-song-download</loc>
    </url>
    <url>
      <loc>https://www.pagalsongs.online/laddi-chahal-cinderella-mp3-song-download</loc>
    </url>
    <url>
      <loc>https://www.pagalsongs.online/laddi-chahal-mahi-mp3-song-download</loc>
    </url>
    <url>
      <loc>https://www.pagalsongs.online/tim-truck-mp3-song-download</loc>
    </url>
    <url>
      <loc>https://www.pagalsongs.online/swaah-mp3-song-download</loc>
    </url>
    <url>
      <loc>https://www.pagalsongs.online/jab-se-aaya-tu-mp3-song-download</loc>
    </url>
    <url>
      <loc>https://www.pagalsongs.online/tagdi-ki-dhoom-mp3-song-download</loc>
    </url>
    <url>
      <loc>https://www.pagalsongs.online/dine-dine-tui-mp3-song-download</loc>
    </url>
    <url>
      <loc>https://www.pagalsongs.online/khasa-aala-chahar-peele-peele-mp3--song-download-2024</loc>
    </url>
    <url>
      <loc>https://www.pagalsongs.online/naam-mp3-song-download</loc>
    </url>
    <url>
      <loc>https://www.pagalsongs.online/f16-mp3-song-download</loc>
    </url>
    <url>
      <loc>https://www.pagalsongs.online/ice-mp3-song-download</loc>
    </url>
    <url>
      <loc>https://www.pagalsongs.online/36-mp3-song-download</loc>
    </url>
    <url>
      <loc>https://www.pagalsongs.online/gangnum-mp3-song-download</loc>
    </url>
    <url>
      <loc>https://www.pagalsongs.online/raashah-mp3-song-download</loc>
    </url>
    <url>
      <loc>https://www.pagalsongs.online/no-china-mp3-song-download</loc>
    </url>
    <url>
      <loc>https://www.pagalsongs.online/jashan-e-hiphop-mp3-song-download</loc>
    </url>
    <url>
      <loc>https://www.pagalsongs.online/heer-ranjha-mashup-naresh-parmar-mp3-song-download</loc>
    </url>
    <url>
      <loc>https://www.pagalsongs.online/mujhe-pyaar-ho-gaya-hain-mp3-song-download</loc>
    </url>
    <url>
      <loc>https://www.pagalsongs.online/kali-kali-mp3-song-download--005</loc>
    </url>
    <url>
      <loc>https://www.pagalsongs.online/crazy-mp3-song-download</loc>
    </url>
    <url>
      <loc>https://www.pagalsongs.online/khot-mp3-song-download</loc>
    </url>
    <url>
      <loc>https://www.pagalsongs.online/tum-aao-dobara-mp3-song-download</loc>
    </url>
    <url>
      <loc>https://www.pagalsongs.online/tu-rab-di-meher-mp3-song-download</loc>
    </url>
    <url>
      <loc>https://www.pagalsongs.online/bijli-ki-taar-mp3-song-download</loc>
    </url>
    <url>
      <loc>https://www.pagalsongs.online/main-cheez-ki-haan-mp3-song-download</loc>
    </url>
    <url>
      <loc>https://www.pagalsongs.online/boss-walk-mp3-song-download</loc>
    </url>
    <url>
      <loc>https://www.pagalsongs.online/shankara-mp3--song-download-</loc>
    </url>
    <url>
      <loc>https://www.pagalsongs.online/chal-payi-chal-payi-mp3-song-download</loc>
    </url>
    <url>
      <loc>https://www.pagalsongs.online/chhatri-mp3-song-download</loc>
    </url>
    <url>
      <loc>https://www.pagalsongs.online/kacherian-mp3-song-download</loc>
    </url>
    <url>
      <loc>https://www.pagalsongs.online/pr-mp3-song-download</loc>
    </url>
    <url>
      <loc>https://www.pagalsongs.online/gold-rim-mp3-song-download</loc>
    </url>
    <url>
      <loc>https://www.pagalsongs.online/daulatpuria-sheesha-mp3-song-download</loc>
    </url>
    <url>
      <loc>https://www.pagalsongs.online/wangan-mp3-song-download</loc>
    </url>
    <url>
      <loc>https://www.pagalsongs.online/tere-mere-mp3-song-download</loc>
    </url>
    <url>
      <loc>https://www.pagalsongs.online/ring-sone-di-mp3-songs-download</loc>
    </url>
    <url>
      <loc>https://www.pagalsongs.online/munda-sardaran-da-mp3-song-download</loc>
    </url>
    <url>
      <loc>https://www.pagalsongs.online/12-ladke-mp3-song-download</loc>
    </url>
    <url>
      <loc>https://www.pagalsongs.online/sheran-de-shikar-mp3-song-download</loc>
    </url>
    <url>
      <loc>https://www.pagalsongs.online/pariyan-de-desh-mp3-song-download</loc>
    </url>
    <url>
      <loc>https://www.pagalsongs.online/will-forget-mp3-song-download</loc>
    </url>
    <url>
      <loc>https://www.pagalsongs.online/love-in-everything-mashup-2022-dj-jainish-sunny-hassan-mp3-song-download</loc>
    </url>
    <url>
      <loc>https://www.pagalsongs.online/king-of-the-streets-mp3-songs-download-2024</loc>
    </url>
    <url>
      <loc>https://www.pagalsongs.online/feel-the-fire-mp3-song-download</loc>
    </url>
    <url>
      <loc>https://www.pagalsongs.online/5-7-parche-mp3-song-download</loc>
    </url>
    <url>
      <loc>https://www.pagalsongs.online/ryde-mp3-song-download</loc>
    </url>
    <url>
      <loc>https://www.pagalsongs.online/winnipeg-mp3-song-download</loc>
    </url>
    <url>
      <loc>https://www.pagalsongs.online/janaja-ps-polist-mp3-song-download</loc>
    </url>
    <url>
      <loc>https://www.pagalsongs.online/kaala-jaadu-song-download</loc>
    </url>
    <url>
      <loc>https://www.pagalsongs.online/land-cruiser-mp3-song-download</loc>
    </url>
    <url>
      <loc>https://www.pagalsongs.online/an-action-hero-trailer-mp3-song-download</loc>
    </url>
    <url>
      <loc>https://www.pagalsongs.online/watan-sahi-dior-mp3-song-download</loc>
    </url>
    <url>
      <loc>https://www.pagalsongs.online/abhi-dutt-tu-hi-toh-hai-songs-download-2024</loc>
    </url>
    <url>
      <loc>https://www.pagalsongs.online/tomake-chere-ami-ki-niye-thakbo-cover-mp3-song-download</loc>
    </url>
    <url>
      <loc>https://www.pagalsongs.online/thug-mp3-song-download</loc>
    </url>
    <url>
      <loc>https://www.pagalsongs.online/morey-saiyaan-ji-mp3-song-download</loc>
    </url>
    <url>
      <loc>https://www.pagalsongs.online/man-of-the-match-mp3-song-download</loc>
    </url>
    <url>
      <loc>https://www.pagalsongs.online/tu-hai-jahaan-mp3-songs-download</loc>
    </url>
    <url>
      <loc>https://www.pagalsongs.online/nikli-koi-gal-mp3-song-download</loc>
    </url>
    <url>
      <loc>https://www.pagalsongs.online/pappu-ki-saali-mp3-song-download</loc>
    </url>
    <url>
      <loc>https://www.pagalsongs.online/baggo-baag-mp3-song-download</loc>
    </url>
    <url>
      <loc>https://www.pagalsongs.online/jattan-wali-gall-mp3-song-download</loc>
    </url>
    <url>
      <loc>https://www.pagalsongs.online/tenu-kaadi-tension-mp3-song-download</loc>
    </url>
    <url>
      <loc>https://www.pagalsongs.online/waliyan-shivjot-mp3-song-download</loc>
    </url>
    <url>
      <loc>https://www.pagalsongs.online/yakeen-nahi-mp3-song-download</loc>
    </url>
    <url>
      <loc>https://www.pagalsongs.online/takdaa-rawaan-mp3-song-download-</loc>
    </url>
    <url>
      <loc>https://www.pagalsongs.online/inni-si-gal-lofi-mp3-song-download</loc>
    </url>
    <url>
      <loc>https://www.pagalsongs.online/taaza-taaza-ishq-mp3-song-download</loc>
    </url>
    <url>
      <loc>https://www.pagalsongs.online/chi-chi-mp3-song-download</loc>
    </url>
    <url>
      <loc>https://www.pagalsongs.online/tu-mera-banja-mp3-song-download</loc>
    </url>
    <url>
      <loc>https://www.pagalsongs.online/every-moment-mp3-song-download</loc>
    </url>
    <url>
      <loc>https://www.pagalsongs.online/gaam-ki-bahu-mp3-song-download</loc>
    </url>
    <url>
      <loc>https://www.pagalsongs.online/main-nahi-toh-kaun-song-download</loc>
    </url>
    <url>
      <loc>https://www.pagalsongs.online/blessings-mp3--song-download--2024</loc>
    </url>
    <url>
      <loc>https://www.pagalsongs.online/flex-kar-mp3--song-download</loc>
    </url>
    <url>
      <loc>https://www.pagalsongs.online/hitman-mp3---songs-download-2024</loc>
    </url>
    <url>
      <loc>https://www.pagalsongs.online/plush-mp3--song-download</loc>
    </url>
    <url>
      <loc>https://www.pagalsongs.online/traffic-jam-mp3----songs-download</loc>
    </url>
    <url>
      <loc>https://www.pagalsongs.online/bornfire-mp3---song-download-2024</loc>
    </url>
    <url>
      <loc>https://www.pagalsongs.online/sitara-mp3---songs-download</loc>
    </url>
    <url>
      <loc>https://www.pagalsongs.online/street-lori-mp3--songs-download--2024</loc>
    </url>
    <url>
      <loc>https://www.pagalsongs.online/bhookh-mp3---song-download-2024</loc>
    </url>
    <url>
      <loc>https://www.pagalsongs.online/baazigar-mp3---songs-download-2024</loc>
    </url>
    <url>
      <loc>https://www.pagalsongs.online/shahi-zindagi-mp3-song-download</loc>
    </url>
    <url>
      <loc>https://www.pagalsongs.online/wanted-mp3-song-download</loc>
    </url>
    <url>
      <loc>https://www.pagalsongs.online/mood-swings-mp3-song-download</loc>
    </url>
    <url>
      <loc>https://www.pagalsongs.online/lat-lag-gayi-x-danza-kuduro-mashup-dj-shilpi-sharma-mp3-song-download</loc>
    </url>
    <url>
      <loc>https://www.pagalsongs.online/marjaawaan-remix-dj-tarun-makhijani-mp3-song-download</loc>
    </url>
    <url>
      <loc>https://www.pagalsongs.online/ankh-nashili-mp3-song-download</loc>
    </url>
    <url>
      <loc>https://www.pagalsongs.online/papaji-pet-se-mp3-song-download</loc>
    </url>
    <url>
      <loc>https://www.pagalsongs.online/ae-hamaar-sona-mp3-song-download-2024</loc>
    </url>
    <url>
      <loc>https://www.pagalsongs.online/bad-image-mp3-song-download</loc>
    </url>
    <url>
      <loc>https://www.pagalsongs.online/lakh-lakh-vadhaiyaan-mp3-song-download</loc>
    </url>
    <url>
      <loc>https://www.pagalsongs.online/b-praak-jhanjar-mp3-song-download</loc>
    </url>
    <url>
      <loc>https://www.pagalsongs.online/vishal-mishra-aao-naa-mp3-song-download</loc>
    </url>
    <url>
      <loc>https://www.pagalsongs.online/mere-dil-gaaye-ja-remix-dj-tarunn-mp3-song-download</loc>
    </url>
    <url>
      <loc>https://www.pagalsongs.online/pooranmashi-mp3-song-download</loc>
    </url>
    <url>
      <loc>https://www.pagalsongs.online/gulchare-2-mp3-song-download</loc>
    </url>
    <url>
      <loc>https://www.pagalsongs.online/ik-mann-le-mp3-song-download</loc>
    </url>
    <url>
      <loc>https://www.pagalsongs.online/vaar-sidhu-moose-wala-mp3-song-download</loc>
    </url>
    <url>
      <loc>https://www.pagalsongs.online/guru-nanak-dev-ji-shabad-2022-nonstop-mp3-song-download</loc>
    </url>
    <url>
      <loc>https://www.pagalsongs.online/guru-nanak-dev-ji-shabad-2022-mp3-song-download</loc>
    </url>
    <url>
      <loc>https://www.pagalsongs.online/bbbb-mp3-song-download</loc>
    </url>
    <url>
      <loc>https://www.pagalsongs.online/jee-jeha-karda-mp3-song-download</loc>
    </url>
    <url>
      <loc>https://www.pagalsongs.online/kala-maal-mp3-song-download</loc>
    </url>
    <url>
      <loc>https://www.pagalsongs.online/duniadari-mp3-song-download</loc>
    </url>
    <url>
      <loc>https://www.pagalsongs.online/kal-parso-mp3-song-download</loc>
    </url>
    <url>
      <loc>https://www.pagalsongs.online/bas-tujhse-pyaar-ho-mp3-song-download</loc>
    </url>
    <url>
      <loc>https://www.pagalsongs.online/no-one-knows-mp3-song-download</loc>
    </url>
    <url>
      <loc>https://www.pagalsongs.online/reejh-mp3-song-download</loc>
    </url>
    <url>
      <loc>https://www.pagalsongs.online/gulab-sidhu-wanga-mp3-song-download</loc>
    </url>
    <url>
      <loc>https://www.pagalsongs.online/yasir-hussain-challa-mp3-song-download</loc>
    </url>
    <url>
      <loc>https://www.pagalsongs.online/ishqe-da-rog-mp3-song-download</loc>
    </url>
    <url>
      <loc>https://www.pagalsongs.online/amit-saini-rohtakiya-khudka-mp3-song-download</loc>
    </url>
    <url>
      <loc>https://www.pagalsongs.online/amrit-bani-mp3-song-download</loc>
    </url>
    <url>
      <loc>https://www.pagalsongs.online/hommie-call-mp3-song-download</loc>
    </url>
    <url>
      <loc>https://www.pagalsongs.online/nanak-ji-mp3-song-download</loc>
    </url>
    <url>
      <loc>https://www.pagalsongs.online/nachna-ve-mp3-song-download</loc>
    </url>
    <url>
      <loc>https://www.pagalsongs.online/chobbar-title-track-mp3-0-download</loc>
    </url>
    <url>
      <loc>https://www.pagalsongs.online/ranjithame-mp3-song-download-00</loc>
    </url>
    <url>
      <loc>https://www.pagalsongs.online/violence-mp3-song-download</loc>
    </url>
    <url>
      <loc>https://www.pagalsongs.online/aapki-nazron-ne-samjha-mp3-song-download</loc>
    </url>
    <url>
      <loc>https://www.pagalsongs.online/gallaan-dilaan-diyaan-mp3--songs-download</loc>
    </url>
    <url>
      <loc>https://www.pagalsongs.online/true-love-mp3-song-download</loc>
    </url>
    <url>
      <loc>https://www.pagalsongs.online/rukka-mp3-song-download</loc>
    </url>
    <url>
      <loc>https://www.pagalsongs.online/lakhi-ghuman-surma-mp3-song-download</loc>
    </url>
    <url>
      <loc>https://www.pagalsongs.online/sare-aam-chori-mp3-song-download</loc>
    </url>
    <url>
      <loc>https://www.pagalsongs.online/akh-dikhju-mp3-song-download</loc>
    </url>
    <url>
      <loc>https://www.pagalsongs.online/punjabi-mashup-2022-dip-sr-mp3-song-download</loc>
    </url>
    <url>
      <loc>https://www.pagalsongs.online/pasand-mp3-song-download</loc>
    </url>
    <url>
      <loc>https://www.pagalsongs.online/ring-finger-mp3-song-download</loc>
    </url>
    <url>
      <loc>https://www.pagalsongs.online/solitaire-mp3-song-download</loc>
    </url>
    <url>
      <loc>https://www.pagalsongs.online/lovesick-alan-walker-mp3--song-download-2024</loc>
    </url>
    <url>
      <loc>https://www.pagalsongs.online/honthon-pe-bas-mp3-song-download</loc>
    </url>
    <url>
      <loc>https://www.pagalsongs.online/butterfly-titliyan-mp3-song-download</loc>
    </url>
    <url>
      <loc>https://www.pagalsongs.online/o-tujhe-dekhu-dil-me-ure-butterfly-titliyan-mp3-song-download</loc>
    </url>
    <url>
      <loc>https://www.pagalsongs.online/dagaa-hritu-zee-mp3-song-download</loc>
    </url>
    <url>
      <loc>https://www.pagalsongs.online/gippy-grewal-photo-mp3-song-download</loc>
    </url>
    <url>
      <loc>https://www.pagalsongs.online/mere-sapno-ki-rani-cover-mp3-song-download</loc>
    </url>
    <url>
      <loc>https://www.pagalsongs.online/thodi-thodi-saans-mp3-song-download</loc>
    </url>
    <url>
      <loc>https://www.pagalsongs.online/putt-jattan-de-mp3--songs-download</loc>
    </url>
    <url>
      <loc>https://www.pagalsongs.online/fourth-gear-mp3-song-download</loc>
    </url>
    <url>
      <loc>https://www.pagalsongs.online/raat-ki-mp3-song-download</loc>
    </url>
    <url>
      <loc>https://www.pagalsongs.online/shyama-sang-preet-mp3-song-download</loc>
    </url>
    <url>
      <loc>https://www.pagalsongs.online/roohdaariyan-mp3-song-download</loc>
    </url>
    <url>
      <loc>https://www.pagalsongs.online/roohedaariyaan-mp3-song-download</loc>
    </url>
    <url>
      <loc>https://www.pagalsongs.online/honeymoon-title-track-mp3-song-download</loc>
    </url>
    <url>
      <loc>https://www.pagalsongs.online/hadh-e-mp3-song-download</loc>
    </url>
    <url>
      <loc>https://www.pagalsongs.online/badass-ravikumar-song-download</loc>
    </url>
    <url>
      <loc>https://www.pagalsongs.online/allah-khair-kare-mp3-song-download</loc>
    </url>
    <url>
      <loc>https://www.pagalsongs.online/zara-faasley-te-mp3-song-download</loc>
    </url>
    <url>
      <loc>https://www.pagalsongs.online/hum-dono-mp3-songs-download</loc>
    </url>
    <url>
      <loc>https://www.pagalsongs.online/pta-mainu-abhijeet-bhandari-mp3-song-download</loc>
    </url>
    <url>
      <loc>https://www.pagalsongs.online/shots-fired-mp3-song-download</loc>
    </url>
    <url>
      <loc>https://www.pagalsongs.online/judge-harvy-sandhu-mp3-song-download</loc>
    </url>
    <url>
      <loc>https://www.pagalsongs.online/free-of-style-mp3-song-download</loc>
    </url>
    <url>
      <loc>https://www.pagalsongs.online/time-kadh-ke-mp3-song-download</loc>
    </url>
    <url>
      <loc>https://www.pagalsongs.online/oops-remix-dj-axonn-mp3-songs-download-2024-0</loc>
    </url>
    <url>
      <loc>https://www.pagalsongs.online/singga-all-bad-mp3-song-download</loc>
    </url>
    <url>
      <loc>https://www.pagalsongs.online/tera-naam-bolda-mp3-song-download</loc>
    </url>
    <url>
      <loc>https://www.pagalsongs.online/narmahat-mp3-song-download</loc>
    </url>
    <url>
      <loc>https://www.pagalsongs.online/chupke-chupke-mp3-song-download</loc>
    </url>
    <url>
      <loc>https://www.pagalsongs.online/suit-mere-ne-mp3-song-download</loc>
    </url>
    <url>
      <loc>https://www.pagalsongs.online/dil-te-dimag-mp3-song-download</loc>
    </url>
    <url>
      <loc>https://www.pagalsongs.online/c-c-mp3-song-download</loc>
    </url>
    <url>
      <loc>https://www.pagalsongs.online/mithiyan-jailan-mp3-song-download</loc>
    </url>
    <url>
      <loc>https://www.pagalsongs.online/bura-haal-mp3-song-download</loc>
    </url>
    <url>
      <loc>https://www.pagalsongs.online/deewangi-mein-hosh-kahan-mp3-song-download</loc>
    </url>
    <url>
      <loc>https://www.pagalsongs.online/saath-hum-rahein-mp3-songs-download</loc>
    </url>
    <url>
      <loc>https://www.pagalsongs.online/ronda-dil-mp3-song-download</loc>
    </url>
    <url>
      <loc>https://www.pagalsongs.online/tabla-mp3-song-download</loc>
    </url>
    <url>
      <loc>https://www.pagalsongs.online/nuksaan-mp3-song-download</loc>
    </url>
    <url>
      <loc>https://www.pagalsongs.online/pattla-dupptta-mp3-song-download</loc>
    </url>
    <url>
      <loc>https://www.pagalsongs.online/kamaal-hojya-ga-mp3-song-download</loc>
    </url>
    <url>
      <loc>https://www.pagalsongs.online/letter-to-sidhu-mp3-song-download</loc>
    </url>
    <url>
      <loc>https://www.pagalsongs.online/velly-mp3-song-download</loc>
    </url>
    <url>
      <loc>https://www.pagalsongs.online/laut-aa-mere-des-mp3-song-download</loc>
    </url>
    <url>
      <loc>https://www.pagalsongs.online/sunakha-jawai-mp3-song-download</loc>
    </url>
    <url>
      <loc>https://www.pagalsongs.online/hello-hello-hola-mp3-song-download</loc>
    </url>
    <url>
      <loc>https://www.pagalsongs.online/tumse-mila-doon-mp3-song-download</loc>
    </url>
    <url>
      <loc>https://www.pagalsongs.online/renuka-panwar-phulkari-mp3-song-download</loc>
    </url>
    <url>
      <loc>https://www.pagalsongs.online/nattiyaan-mp3-song-download</loc>
    </url>
    <url>
      <loc>https://www.pagalsongs.online/chup-chup-ke-mp3-song-download</loc>
    </url>
    <url>
      <loc>https://www.pagalsongs.online/its-my-time-mp3-song-download</loc>
    </url>
    <url>
      <loc>https://www.pagalsongs.online/bajegi-shehnai-mp3-song-download</loc>
    </url>
    <url>
      <loc>https://www.pagalsongs.online/moonrise-mp3-song-download</loc>
    </url>
    <url>
      <loc>https://www.pagalsongs.online/guess-emiway-bantai-mp3-song-download</loc>
    </url>
    <url>
      <loc>https://www.pagalsongs.online/pegg-patiala-mp3-song-download</loc>
    </url>
    <url>
      <loc>https://www.pagalsongs.online/tere-te-jatan-jeet-mp3-song-download</loc>
    </url>
    <url>
      <loc>https://www.pagalsongs.online/chhath-mayi-ke-baratiya-mp3-song-download</loc>
    </url>
    <url>
      <loc>https://www.pagalsongs.online/chhath-ghate-chali-mp3-song-download</loc>
    </url>
    <url>
      <loc>https://www.pagalsongs.online/chhath-kare-jaib-naihar-mein-mp3-song-download</loc>
    </url>
    <url>
      <loc>https://www.pagalsongs.online/jode-jode-phalwa-mp3-song-download</loc>
    </url>
    <url>
      <loc>https://www.pagalsongs.online/love-is-a-treat-mashup-2022-vinick-mp3-song-download</loc>
    </url>
    <url>
      <loc>https://www.pagalsongs.online/nasha-x-maula-mere-mashup-aftermorning-mp3-song-download-2024</loc>
    </url>
    <url>
      <loc>https://www.pagalsongs.online/tabaahi-ho-gayi-mp3-song-download</loc>
    </url>
    <url>
      <loc>https://www.pagalsongs.online/mahima-mahan-mp3-song-download</loc>
    </url>
    <url>
      <loc>https://www.pagalsongs.online/kathin-baratiya-tohar-he-chhathi-maiya-mp3-song-download</loc>
    </url>
    <url>
      <loc>https://www.pagalsongs.online/chhath-pooja-na-kailu-ta-ka-kailu-mp3-song-download</loc>
    </url>
    <url>
      <loc>https://www.pagalsongs.online/patna-ke-ghat-mp3-song-download</loc>
    </url>
    <url>
      <loc>https://www.pagalsongs.online/2-bloodas-mp3-song-download</loc>
    </url>
    <url>
      <loc>https://www.pagalsongs.online/main-tenu-chadh-jaungi-mp3-song-download</loc>
    </url>
    <url>
      <loc>https://www.pagalsongs.online/3-saal-jordan-sandhu-mp3-song-download</loc>
    </url>
    <url>
      <loc>https://www.pagalsongs.online/adarsh-ajmera-junoon-mp3-song-download</loc>
    </url>
    <url>
      <loc>https://www.pagalsongs.online/someone-like-me-mp3-song-download</loc>
    </url>
    <url>
      <loc>https://www.pagalsongs.online/gum-mp3-song-download</loc>
    </url>
    <url>
      <loc>https://www.pagalsongs.online/mere-thumake-ka-mp3-song-download</loc>
    </url>
    <url>
      <loc>https://www.pagalsongs.online/qafira-mp3-song-download</loc>
    </url>
    <url>
      <loc>https://www.pagalsongs.online/muskurana-tera-mp3-song-download</loc>
    </url>
    <url>
      <loc>https://www.pagalsongs.online/pehli-barsaat-mp3-song-download</loc>
    </url>
    <url>
      <loc>https://www.pagalsongs.online/10-numbari-mp3-song-download</loc>
    </url>
    <url>
      <loc>https://www.pagalsongs.online/white-collar-mp3-song-download</loc>
    </url>
    <url>
      <loc>https://www.pagalsongs.online/juda-tu-na-hona-mp3-song-download</loc>
    </url>
    <url>
      <loc>https://www.pagalsongs.online/akela-mp3--song-download-2024</loc>
    </url>
    <url>
      <loc>https://www.pagalsongs.online/patna-ke-ghat-pe-mp3-song-download</loc>
    </url>
    <url>
      <loc>https://www.pagalsongs.online/dil-nahin-lagda-mp3-song-download</loc>
    </url>
    <url>
      <loc>https://www.pagalsongs.online/khwahish-mp3-song-download</loc>
    </url>
    <url>
      <loc>https://www.pagalsongs.online/mainu-ishq-ho-gaya-akhiyan-naal-mp3-song-download</loc>
    </url>
    <url>
      <loc>https://www.pagalsongs.online/value-x-big-men-mp3-song-download</loc>
    </url>
    <url>
      <loc>https://www.pagalsongs.online/naa-mai-bewafa-mp3-song-download</loc>
    </url>
    <url>
      <loc>https://www.pagalsongs.online/rehnuma-somanshu-mp3-song-download</loc>
    </url>
    <url>
      <loc>https://www.pagalsongs.online/raja-ji-meet-bros-mp3-song-download-2024</loc>
    </url>
    <url>
      <loc>https://www.pagalsongs.online/chum-chum-rakheya-mp3-song-download</loc>
    </url>
    <url>
      <loc>https://www.pagalsongs.online/kya-karein-mp3-song-download</loc>
    </url>
    <url>
      <loc>https://www.pagalsongs.online/enna-sona-mp3-song-download-</loc>
    </url>
    <url>
      <loc>https://www.pagalsongs.online/kaudi-ghutt-mp3-song-download</loc>
    </url>
    <url>
      <loc>https://www.pagalsongs.online/majhail-jatt-mp3--songs-download</loc>
    </url>
    <url>
      <loc>https://www.pagalsongs.online/tornado-mp3-song-download</loc>
    </url>
    <url>
      <loc>https://www.pagalsongs.online/richkidd-mp3-song-download</loc>
    </url>
    <url>
      <loc>https://www.pagalsongs.online/promise-bro-mp3-song-download</loc>
    </url>
    <url>
      <loc>https://www.pagalsongs.online/bhang-mp3---songs-download-2024</loc>
    </url>
    <url>
      <loc>https://www.pagalsongs.online/das-te-sahi-song-download</loc>
    </url>
    <url>
      <loc>https://www.pagalsongs.online/i-guess-mp3-song-download</loc>
    </url>
    <url>
      <loc>https://www.pagalsongs.online/gham-ke-dariya-mein-mp3-song-download</loc>
    </url>
    <url>
      <loc>https://www.pagalsongs.online/balkwa-tu-deda-chhathi-maiya-mp3-song-download</loc>
    </url>
    <url>
      <loc>https://www.pagalsongs.online/ugi-suruj-dev-mp3-song-download</loc>
    </url>
    <url>
      <loc>https://www.pagalsongs.online/bhaiya-dooj-2022-special-mp3-song-download</loc>
    </url>
    <url>
      <loc>https://www.pagalsongs.online/elo-bhai-phota-din-mp3-song-download</loc>
    </url>
    <url>
      <loc>https://www.pagalsongs.online/bhaier-kopale-dilam-fonta-mp3-song-download</loc>
    </url>
    <url>
      <loc>https://www.pagalsongs.online/painful-lovers-mashup-2022-sunny-hassan-mp3-song-download</loc>
    </url>
    <url>
      <loc>https://www.pagalsongs.online/ram-siya-ram-mp3-song-download</loc>
    </url>
    <url>
      <loc>https://www.pagalsongs.online/raam-siya-raam-mp3-song-download</loc>
    </url>
    <url>
      <loc>https://www.pagalsongs.online/janaja-mp3-song-download</loc>
    </url>
    <url>
      <loc>https://www.pagalsongs.online/ak-di-barrel-mp3-song-download</loc>
    </url>
    <url>
      <loc>https://www.pagalsongs.online/jaadugar-mp3-songs-download-2024-005</loc>
    </url>
    <url>
      <loc>https://www.pagalsongs.online/party-mashup-2022-velocity-tjs-mp3-song-download</loc>
    </url>
    <url>
      <loc>https://www.pagalsongs.online/aayee-hai-diwali-mp3---song-download</loc>
    </url>
    <url>
      <loc>https://www.pagalsongs.online/balle-jatta-mp3-song-download</loc>
    </url>
    <url>
      <loc>https://www.pagalsongs.online/meri-tu-mp3-song-download</loc>
    </url>
    <url>
      <loc>https://www.pagalsongs.online/thank-god-title-track-mp3-song-download</loc>
    </url>
    <url>
      <loc>https://www.pagalsongs.online/100-phere-mp3-song-download</loc>
    </url>
    <url>
      <loc>https://www.pagalsongs.online/tutt-gyi-yaari-mp3-song-download</loc>
    </url>
    <url>
      <loc>https://www.pagalsongs.online/price-on-my-head-mp3---songs-download-2024</loc>
    </url>
    <url>
      <loc>https://www.pagalsongs.online/velly-five-ideaz-ep-mp3-song-download</loc>
    </url>
    <url>
      <loc>https://www.pagalsongs.online/guarantee-five-ideaz-ep-mp3-song-download</loc>
    </url>
    <url>
      <loc>https://www.pagalsongs.online/gunda-five-ideaz-ep-mp3-song-download</loc>
    </url>
    <url>
      <loc>https://www.pagalsongs.online/laajawab-mp3--song-download</loc>
    </url>
    <url>
      <loc>https://www.pagalsongs.online/chann-sitare-mp3-song-download</loc>
    </url>
    <url>
      <loc>https://www.pagalsongs.online/thakte-dis-re-maa-mp3-song-download</loc>
    </url>
    <url>
      <loc>https://www.pagalsongs.online/falak-tak-lofi-mix-jus-keys-mp3-song-download</loc>
    </url>
    <url>
      <loc>https://www.pagalsongs.online/chundad-mp3-song-download</loc>
    </url>
    <url>
      <loc>https://www.pagalsongs.online/vaar-mp3-song-download</loc>
    </url>
    <url>
      <loc>https://www.pagalsongs.online/oh-b-din-mp3-song-download</loc>
    </url>
    <url>
      <loc>https://www.pagalsongs.online/bawra-mann-mp3--song-download</loc>
    </url>
    <url>
      <loc>https://www.pagalsongs.online/tujhe-dekhen-meri-aankhen-mp3-song-download</loc>
    </url>
    <url>
      <loc>https://www.pagalsongs.online/main-vigdi-mp3-song-download</loc>
    </url>
    <url>
      <loc>https://www.pagalsongs.online/gaadi-paache-gaadi-mp3--song-download-2024</loc>
    </url>
    <url>
      <loc>https://www.pagalsongs.online/rakshas-mama-re-mp3-song-download</loc>
    </url>
    <url>
      <loc>https://www.pagalsongs.online/yaar-ve-mp3-song-download</loc>
    </url>
    <url>
      <loc>https://www.pagalsongs.online/mundeya-ve-mp3-song-download</loc>
    </url>
    <url>
      <loc>https://www.pagalsongs.online/maahi-remix-debb-mp3-song-download</loc>
    </url>
    <url>
      <loc>https://www.pagalsongs.online/detail-mp3-song-download</loc>
    </url>
    <url>
      <loc>https://www.pagalsongs.online/doob-ja-mp3-songs-download-2024</loc>
    </url>
    <url>
      <loc>https://www.pagalsongs.online/zindagi-mein-mp3-song-download</loc>
    </url>
    <url>
      <loc>https://www.pagalsongs.online/kya-hua-janab-ji-mp3-song-download-2024</loc>
    </url>
    <url>
      <loc>https://www.pagalsongs.online/ki-jaana-mp3-song-download</loc>
    </url>
    <url>
      <loc>https://www.pagalsongs.online/jai-maa-kali-mp3---songs-download-05</loc>
    </url>
    <url>
      <loc>https://www.pagalsongs.online/jai-maa-kali-roadshow-trap-dj-sid-jhansi-mp3-song-download</loc>
    </url>
    <url>
      <loc>https://www.pagalsongs.online/maa-go-tomar-ashirwad-mathar-niye-rakhbo-mp3-song-download</loc>
    </url>
    <url>
      <loc>https://www.pagalsongs.online/jai-kaali-jai-kaali-mp3-song-download</loc>
    </url>
    <url>
      <loc>https://www.pagalsongs.online/maat-meri-kali-mp3--songs-download--005</loc>
    </url>
    <url>
      <loc>https://www.pagalsongs.online/diwali-ki-badhai-mp3-song-download</loc>
    </url>
    <url>
      <loc>https://www.pagalsongs.online/the-happy-diwali-mp3-song-download</loc>
    </url>
    <url>
      <loc>https://www.pagalsongs.online/mehrma-mp3-song-download</loc>
    </url>
    <url>
      <loc>https://www.pagalsongs.online/lafda-mp3-song-download</loc>
    </url>
    <url>
      <loc>https://www.pagalsongs.online/mere-ghar-ram-aaye-hain-mp3-song-download</loc>
    </url>
    <url>
      <loc>https://www.pagalsongs.online/hop-in-mp3-song-download</loc>
    </url>
    <url>
      <loc>https://www.pagalsongs.online/rose-garden-mp3-song-download-2024</loc>
    </url>
    <url>
      <loc>https://www.pagalsongs.online/lil-dreams-mp3-song-download</loc>
    </url>
    <url>
      <loc>https://www.pagalsongs.online/masla-dil-da-mp3-song-download</loc>
    </url>
    <url>
      <loc>https://www.pagalsongs.online/oda-vyah-mp3-song-download</loc>
    </url>
    <url>
      <loc>https://www.pagalsongs.online/dhadkan-mani-chopra-mp3-song-download</loc>
    </url>
    <url>
      <loc>https://www.pagalsongs.online/bhabiye-mp3-song-download</loc>
    </url>
    <url>
      <loc>https://www.pagalsongs.online/breakup-mashup-2022-sunny-hassan-mp3-song-download</loc>
    </url>
    <url>
      <loc>https://www.pagalsongs.online/chaand-lakhwinder-wadali-mp3-song-download</loc>
    </url>
    <url>
      <loc>https://www.pagalsongs.online/kudiyan-chidiyan-mp3-song-download</loc>
    </url>
    <url>
      <loc>https://www.pagalsongs.online/kalam-kalla-mp3-song-download</loc>
    </url>
    <url>
      <loc>https://www.pagalsongs.online/chhath-me-antakshari-mp3-song-download</loc>
    </url>
    <url>
      <loc>https://www.pagalsongs.online/ugi-hey-suruj-dev-mp3-song-download</loc>
    </url>
    <url>
      <loc>https://www.pagalsongs.online/daura-hmaar-lela-mp3-song-download</loc>
    </url>
    <url>
      <loc>https://www.pagalsongs.online/piya-chhath-me-aaja-kalkatwa-se-mp3-song-download</loc>
    </url>
    <url>
      <loc>https://www.pagalsongs.online/chhath-me-aai-dularua-jija-mp3-song-download</loc>
    </url>
    <url>
      <loc>https://www.pagalsongs.online/kara-tani-pahila-baratiya-mp3-song-download</loc>
    </url>
    <url>
      <loc>https://www.pagalsongs.online/piywa-kiriya-dharawe-mp3-song-download</loc>
    </url>
    <url>
      <loc>https://www.pagalsongs.online/naache-daura-leke-maathey-pe-mp3-song-download</loc>
    </url>
    <url>
      <loc>https://www.pagalsongs.online/m-changed-mp3-song-download</loc>
    </url>
    <url>
      <loc>https://www.pagalsongs.online/lanedar-mp3-song-download</loc>
    </url>
    <url>
      <loc>https://www.pagalsongs.online/hypnotize-mp3-song-download</loc>
    </url>
    <url>
      <loc>https://www.pagalsongs.online/gunday-mp3-song-download-0</loc>
    </url>
    <url>
      <loc>https://www.pagalsongs.online/teri-deewani-mp3-song-download</loc>
    </url>
    <url>
      <loc>https://www.pagalsongs.online/example-mp3-song-download-0</loc>
    </url>
    <url>
      <loc>https://www.pagalsongs.online/tum-mere-darshan-raval-mp3-song-download</loc>
    </url>
    <url>
      <loc>https://www.pagalsongs.online/heer-ranjha-rito-riba-mp3-song-download</loc>
    </url>
    <url>
      <loc>https://www.pagalsongs.online/gangwar-mp3-song-download</loc>
    </url>
    <url>
      <loc>https://www.pagalsongs.online/all-bad-mp3-song-download</loc>
    </url>
    <url>
      <loc>https://www.pagalsongs.online/still-alive-mp3-songs-download-2024</loc>
    </url>
    <url>
      <loc>https://www.pagalsongs.online/3-gangs-mp3-song-download</loc>
    </url>
    <url>
      <loc>https://www.pagalsongs.online/khush-chahidi-mp3-song-download</loc>
    </url>
    <url>
      <loc>https://www.pagalsongs.online/yasser-desai-pinjra-mp3-song-download</loc>
    </url>
    <url>
      <loc>https://www.pagalsongs.online/25-25-mp3-song-download</loc>
    </url>
    <url>
      <loc>https://www.pagalsongs.online/together-forever-mp3-song-download</loc>
    </url>
    <url>
      <loc>https://www.pagalsongs.online/dil-ke-zakham-mp3-song-download</loc>
    </url>
    <url>
      <loc>https://www.pagalsongs.online/duawan-mp3-song-download</loc>
    </url>
    <url>
      <loc>https://www.pagalsongs.online/sajjan-adeeb-baapu-mp3-song-download</loc>
    </url>
    <url>
      <loc>https://www.pagalsongs.online/royein-naina-mp3-song-download</loc>
    </url>
    <url>
      <loc>https://www.pagalsongs.online/thank-god-from-dil-de-diya-hai-mp3-songs-download</loc>
    </url>
    <url>
      <loc>https://www.pagalsongs.online/dead-zone-mp3--download</loc>
    </url>
    <url>
      <loc>https://www.pagalsongs.online/flowbo-dard-mp3-song-download</loc>
    </url>
    <url>
      <loc>https://www.pagalsongs.online/baith-kol-mp3-song-download</loc>
    </url>
    <url>
      <loc>https://www.pagalsongs.online/alan-walker-x-no-love-x-nasha-x-pepas-mashup-dip-sr-song-download-2024</loc>
    </url>
    <url>
      <loc>https://www.pagalsongs.online/inni-si-gal-mp3-song-download</loc>
    </url>
    <url>
      <loc>https://www.pagalsongs.online/teri-bewafai-mp3-song-download</loc>
    </url>
    <url>
      <loc>https://www.pagalsongs.online/heaven-mp3-song-download-</loc>
    </url>
    <url>
      <loc>https://www.pagalsongs.online/tohar-mp3-song-download</loc>
    </url>
    <url>
      <loc>https://www.pagalsongs.online/jubin-nautiyal-romantic-mashup-2022-dj-abhi-mp3-song-download</loc>
    </url>
    <url>
      <loc>https://www.pagalsongs.online/pehla-pyaar-saaj-bhatt-mp3-song-download</loc>
    </url>
    <url>
      <loc>https://www.pagalsongs.online/teri-ho-gayi-mp3-song-download</loc>
    </url>
    <url>
      <loc>https://www.pagalsongs.online/dejalo-mp3-songs-download-2024</loc>
    </url>
    <url>
      <loc>https://www.pagalsongs.online/broken-dreams-mp3-songs-download-2024</loc>
    </url>
    <url>
      <loc>https://www.pagalsongs.online/champagne-talk-mp3--songs-download-2024</loc>
    </url>
    <url>
      <loc>https://www.pagalsongs.online/me-me-mp3-songs-download-2024</loc>
    </url>
    <url>
      <loc>https://www.pagalsongs.online/na-ja-tu-mp3-songs-download-2024</loc>
    </url>
    <url>
      <loc>https://www.pagalsongs.online/6l-mp3-song-download</loc>
    </url>
    <url>
      <loc>https://www.pagalsongs.online/kaali-gaadi-mp3-song-download</loc>
    </url>
    <url>
      <loc>https://www.pagalsongs.online/dil-disco-karein-mp3-song-download</loc>
    </url>
    <url>
      <loc>https://www.pagalsongs.online/taali-taali-mp3-song-download</loc>
    </url>
    <url>
      <loc>https://www.pagalsongs.online/albalaoge-mp3-song-download</loc>
    </url>
    <url>
      <loc>https://www.pagalsongs.online/nachho-nachho-mp3-song-download</loc>
    </url>
    <url>
      <loc>https://www.pagalsongs.online/aapko-dekh-kar-mp3-song-download</loc>
    </url>
    <url>
      <loc>https://www.pagalsongs.online/chhora-haryane-ka-mp3-song-download-</loc>
    </url>
    <url>
      <loc>https://www.pagalsongs.online/zindagi-banti-ho-mp3-song-download</loc>
    </url>
    <url>
      <loc>https://www.pagalsongs.online/maan-meri-jaan-song-download-20</loc>
    </url>
    <url>
      <loc>https://www.pagalsongs.online/teri-bhabhi-ka-phone-hai-mp3-song-download</loc>
    </url>
    <url>
      <loc>https://www.pagalsongs.online/naam-tera-bhole-mp3--song-download</loc>
    </url>
    <url>
      <loc>https://www.pagalsongs.online/aankh-marey-mp3-song-download</loc>
    </url>
    <url>
      <loc>https://www.pagalsongs.online/laal-mehendiyan-mp3-song-download</loc>
    </url>
    <url>
      <loc>https://www.pagalsongs.online/original-gangsters-mashup-2022-dj-harsh-sharma-mp3-song-download</loc>
    </url>
    <url>
      <loc>https://www.pagalsongs.online/gulshan-baba-ek-tarfa-mp3-song-download</loc>
    </url>
    <url>
      <loc>https://www.pagalsongs.online/dheeyan-2-mp3-song-download</loc>
    </url>
    <url>
      <loc>https://www.pagalsongs.online/shambu-mere-sang-mp3-song-download</loc>
    </url>
    <url>
      <loc>https://www.pagalsongs.online/light-the-sky-mp3-song-download</loc>
    </url>
    <url>
      <loc>https://www.pagalsongs.online/ram-ram-song-download</loc>
    </url>
    <url>
      <loc>https://www.pagalsongs.online/never-again-mp3-song-download</loc>
    </url>
    <url>
      <loc>https://www.pagalsongs.online/noor-hi-noor-mp3-song-download</loc>
    </url>
    <url>
      <loc>https://www.pagalsongs.online/nobel-award-mp3-song-download</loc>
    </url>
    <url>
      <loc>https://www.pagalsongs.online/taur-lopon-sidhu-mp3-song-download</loc>
    </url>
    <url>
      <loc>https://www.pagalsongs.online/bande-radakde-mp3-song-download</loc>
    </url>
    <url>
      <loc>https://www.pagalsongs.online/bigwig-mp3-song-download</loc>
    </url>
    <url>
      <loc>https://www.pagalsongs.online/hakeem-mp3-song-download</loc>
    </url>
    <url>
      <loc>https://www.pagalsongs.online/nah-they-cant-mp3--song-download-0</loc>
    </url>
    <url>
      <loc>https://www.pagalsongs.online/vekh-le-viah-mp3-song-download</loc>
    </url>
    <url>
      <loc>https://www.pagalsongs.online/in-your-town-mp3-song-download</loc>
    </url>
    <url>
      <loc>https://www.pagalsongs.online/dubai-ka-sheikh-mp3-song-download</loc>
    </url>
    <url>
      <loc>https://www.pagalsongs.online/dil-ab-toh-maan-jaa-mp3-song-download</loc>
    </url>
    <url>
      <loc>https://www.pagalsongs.online/akhiyan-shekhar-khanijo-mp3-song-download</loc>
    </url>
    <url>
      <loc>https://www.pagalsongs.online/nasha-amar-jalal-mp3-song-download</loc>
    </url>
    <url>
      <loc>https://www.pagalsongs.online/nasha-remix-dj-paroma-mp3-song-download</loc>
    </url>
    <url>
      <loc>https://www.pagalsongs.online/chad-gayi-chad-gayi-mp3--song-download</loc>
    </url>
    <url>
      <loc>https://www.pagalsongs.online/aa-chaliye-mp3-song-download</loc>
    </url>
    <url>
      <loc>https://www.pagalsongs.online/yes-aa-mp3-song-download</loc>
    </url>
    <url>
      <loc>https://www.pagalsongs.online/mehfil-mp3-song-download</loc>
    </url>
    <url>
      <loc>https://www.pagalsongs.online/troublemaker-mp3-song-download</loc>
    </url>
    <url>
      <loc>https://www.pagalsongs.online/dekhya-kite-mp3-song-download-0</loc>
    </url>
    <url>
      <loc>https://www.pagalsongs.online/badhaiyaan-mp3-song-download</loc>
    </url>
    <url>
      <loc>https://www.pagalsongs.online/heer-ranjha-female-cover-mp3-song-download</loc>
    </url>
    <url>
      <loc>https://www.pagalsongs.online/heer-ranjha-short-cover-mp3-song-download</loc>
    </url>
    <url>
      <loc>https://www.pagalsongs.online/tu-meri-heer-main-tera-ranjha-mp3-song-download</loc>
    </url>
    <url>
      <loc>https://www.pagalsongs.online/jo-tainu-dhoop-lagya-ve-mp3-song-download</loc>
    </url>
    <url>
      <loc>https://www.pagalsongs.online/kala-dhaga-mp3-song-download</loc>
    </url>
    <url>
      <loc>https://www.pagalsongs.online/karwa-chauth-2022-special-nonstop-mp3-song-download</loc>
    </url>
    <url>
      <loc>https://www.pagalsongs.online/the-umbrella-mp3-song-download</loc>
    </url>
    <url>
      <loc>https://www.pagalsongs.online/ik-vaari-aa-lofi-mix-dj-yogii-mp3-song-download</loc>
    </url>
    <url>
      <loc>https://www.pagalsongs.online/dumadum-mast-kalandar-mp3-song-download</loc>
    </url>
    <url>
      <loc>https://www.pagalsongs.online/haye-haye-yeh-majboori-mp3-song-download</loc>
    </url>
    <url>
      <loc>https://www.pagalsongs.online/dil-tut-gaya-mp3-song-download</loc>
    </url>
    <url>
      <loc>https://www.pagalsongs.online/18-lakh-ka-sut-mp3-song-download</loc>
    </url>
    <url>
      <loc>https://www.pagalsongs.online/leke-chal-mp3-song-download</loc>
    </url>
    <url>
      <loc>https://www.pagalsongs.online/zindagi-bhar-tera-saath-mp3-song-download</loc>
    </url>
    <url>
      <loc>https://www.pagalsongs.online/gale-se-laga-lu-mp3-song-download</loc>
    </url>
    <url>
      <loc>https://www.pagalsongs.online/saj-dhaj-ke-main-jara-ban-than-ke-mp3-song-download</loc>
    </url>
    <url>
      <loc>https://www.pagalsongs.online/dass-jatta-mp3-song-download</loc>
    </url>
    <url>
      <loc>https://www.pagalsongs.online/life-aryaan-sharma-mp3-songs-download</loc>
    </url>
    <url>
      <loc>https://www.pagalsongs.online/unrestrained-mp3-song-download</loc>
    </url>
    <url>
      <loc>https://www.pagalsongs.online/att-yaar-mp3--song-download</loc>
    </url>
    <url>
      <loc>https://www.pagalsongs.online/a-kay-warning-mp3-song-download</loc>
    </url>
    <url>
      <loc>https://www.pagalsongs.online/hass-k-kude-mp3-song-download</loc>
    </url>
    <url>
      <loc>https://www.pagalsongs.online/lot-aagya-mp3-song-download</loc>
    </url>
    <url>
      <loc>https://www.pagalsongs.online/choice-mp3-song-download</loc>
    </url>
    <url>
      <loc>https://www.pagalsongs.online/shipra-goyal-ik-geda-mp3-song-download</loc>
    </url>
    <url>
      <loc>https://www.pagalsongs.online/aafat-remix-dj-aqeel-mp3-song-download</loc>
    </url>
    <url>
      <loc>https://www.pagalsongs.online/challa-2-mp3-song-download</loc>
    </url>
    <url>
      <loc>https://www.pagalsongs.online/met-you-mp3--song-download-2024</loc>
    </url>
    <url>
      <loc>https://www.pagalsongs.online/yeh-raaten-yeh-mausam-cover-mp3-song-download</loc>
    </url>
    <url>
      <loc>https://www.pagalsongs.online/army-yaaran-di-mp3-song-download-0</loc>
    </url>
    <url>
      <loc>https://www.pagalsongs.online/tujhe-dekha-toh-ye-jana-sanam-mp3-song-download</loc>
    </url>
    <url>
      <loc>https://www.pagalsongs.online/mere-warga-9xm-lofi-dj-yogii-mp3-song-download</loc>
    </url>
    <url>
      <loc>https://www.pagalsongs.online/shankar-bole-parvati-se-mp3-song-download-00</loc>
    </url>
    <url>
      <loc>https://www.pagalsongs.online/blood-talks-mp3-song-download</loc>
    </url>
    <url>
      <loc>https://www.pagalsongs.online/gurh-di-dali-mp3-song-download</loc>
    </url>
    <url>
      <loc>https://www.pagalsongs.online/away-mp3-song-download</loc>
    </url>
    <url>
      <loc>https://www.pagalsongs.online/maar-sutteya-mp3-song-download</loc>
    </url>
    <url>
      <loc>https://www.pagalsongs.online/ek-baar-haan-mp3-song-download</loc>
    </url>
    <url>
      <loc>https://www.pagalsongs.online/chehre-mp3-song-download</loc>
    </url>
    <url>
      <loc>https://www.pagalsongs.online/zidd-mein-arya-mp3-song-download</loc>
    </url>
    <url>
      <loc>https://www.pagalsongs.online/cowboy-mp3-songs-download-2024-05</loc>
    </url>
    <url>
      <loc>https://www.pagalsongs.online/binge-watch-mp3-song-download</loc>
    </url>
    <url>
      <loc>https://www.pagalsongs.online/kaha-pe-hoon-mp3-song-download</loc>
    </url>
    <url>
      <loc>https://www.pagalsongs.online/showtime-mp3-song-download</loc>
    </url>
    <url>
      <loc>https://www.pagalsongs.online/bura-hoon-main-bohot-mp3-song-download</loc>
    </url>
    <url>
      <loc>https://www.pagalsongs.online/haal-tere-yaar-de-mp3-song-download</loc>
    </url>
    <url>
      <loc>https://www.pagalsongs.online/kaha-hai-tu-mp3-song-download</loc>
    </url>
    <url>
      <loc>https://www.pagalsongs.online/jalaluddin-mp3-song-download</loc>
    </url>
    <url>
      <loc>https://www.pagalsongs.online/pahado-ki-aur-mp3-song-download</loc>
    </url>
    <url>
      <loc>https://www.pagalsongs.online/meri-qismat-mp3-song-download</loc>
    </url>
    <url>
      <loc>https://www.pagalsongs.online/samjho-na-x-mujhko-yaad-sataye-teri-mp3-song-download</loc>
    </url>
    <url>
      <loc>https://www.pagalsongs.online/kya-baat-hai-song-download</loc>
    </url>
    <url>
      <loc>https://www.pagalsongs.online/baby-mp3-song-download</loc>
    </url>
    <url>
      <loc>https://www.pagalsongs.online/oye-oye-mp3-song-download</loc>
    </url>
    <url>
      <loc>https://www.pagalsongs.online/shyano-ji-mp3-song-download</loc>
    </url>
    <url>
      <loc>https://www.pagalsongs.online/baarish-khesari-lal-yadav-mp3-song-download</loc>
    </url>
    <url>
      <loc>https://www.pagalsongs.online/yaara-vikram-vedha-mp3-song-download</loc>
    </url>
    <url>
      <loc>https://www.pagalsongs.online/eso-ma-lokkhi-boso-maa-lokkhi-mp3-songs-download-2024</loc>
    </url>
    <url>
      <loc>https://www.pagalsongs.online/mata-laxmi-aarti-mp3-song-download</loc>
    </url>
    <url>
      <loc>https://www.pagalsongs.online/esho-maa-lakshmi-bosho-ghore-mp3-song-download</loc>
    </url>
    <url>
      <loc>https://www.pagalsongs.online/dooriyan-mashup-heartbreak-chillout-bicky-official-mp3-song-download</loc>
    </url>
    <url>
      <loc>https://www.pagalsongs.online/faizal-mp3-song-download</loc>
    </url>
    <url>
      <loc>https://www.pagalsongs.online/alone-mp3-song-download-ronnie</loc>
    </url>
    <url>
      <loc>https://www.pagalsongs.online/nasha-remix-dj-taral-mp3-song-download</loc>
    </url>
    <url>
      <loc>https://www.pagalsongs.online/tum-jo-mile-mp3-song-download</loc>
    </url>
    <url>
      <loc>https://www.pagalsongs.online/tum-jo-miley-mp3-song-download</loc>
    </url>
    <url>
      <loc>https://www.pagalsongs.online/ishq-sona-hai-remix-dj-paroma-x-dj-ay-mp3-song-download-2024</loc>
    </url>
    <url>
      <loc>https://www.pagalsongs.online/feel-safe-mp3-song-download</loc>
    </url>
    <url>
      <loc>https://www.pagalsongs.online/aise-kyun-mp3-song-download</loc>
    </url>
    <url>
      <loc>https://www.pagalsongs.online/paisa-mp3--song-download</loc>
    </url>
    <url>
      <loc>https://www.pagalsongs.online/koshish-mp3-song-download</loc>
    </url>
    <url>
      <loc>https://www.pagalsongs.online/call-me-randa-mp3-song-download</loc>
    </url>
    <url>
      <loc>https://www.pagalsongs.online/rasiya-reprise-mp3-song-download</loc>
    </url>
    <url>
      <loc>https://www.pagalsongs.online/alote-bhalote-mp3-song-download</loc>
    </url>
    <url>
      <loc>https://www.pagalsongs.online/galliyan-returns-official-remix-dj-amit-shah-mp3-song-download</loc>
    </url>
    <url>
      <loc>https://www.pagalsongs.online/why-me-mp3-song-download</loc>
    </url>
    <url>
      <loc>https://www.pagalsongs.online/ae-dil-mere-kyun-tu-roye-mp3-song-download</loc>
    </url>
    <url>
      <loc>https://www.pagalsongs.online/sab-tera-ishq-hai-mp3-song-download</loc>
    </url>
    <url>
      <loc>https://www.pagalsongs.online/saawan-ki-boondein-mp3-song-download</loc>
    </url>
    <url>
      <loc>https://www.pagalsongs.online/pagal-mujhe-tum-kahoge-mp3-song-download</loc>
    </url>
    <url>
      <loc>https://www.pagalsongs.online/diljit-dosanjh-jugni-mp3-song-download</loc>
    </url>
    <url>
      <loc>https://www.pagalsongs.online/kaka-wrld-birthday-mp3-song-download</loc>
    </url>
    <url>
      <loc>https://www.pagalsongs.online/ki-likha-mp3---songs-download-2024</loc>
    </url>
    <url>
      <loc>https://www.pagalsongs.online/millind-gaba-paris-ka-trip-mp3-song-download</loc>
    </url>
    <url>
      <loc>https://www.pagalsongs.online/adhi-raat-lofi-mp3-song-download</loc>
    </url>
    <url>
      <loc>https://www.pagalsongs.online/mahiya-lofi-mp3-song-download</loc>
    </url>
    <url>
      <loc>https://www.pagalsongs.online/possessive-lofi-mp3-song-download</loc>
    </url>
    <url>
      <loc>https://www.pagalsongs.online/its-morning-lofi-mp3-song-download</loc>
    </url>
    <url>
      <loc>https://www.pagalsongs.online/bachke-lofi-mp3-song-download</loc>
    </url>
    <url>
      <loc>https://www.pagalsongs.online/addiction-lofi-mp3-song-download</loc>
    </url>
    <url>
      <loc>https://www.pagalsongs.online/venom-love-lofi-mp3-song-download00</loc>
    </url>
    <url>
      <loc>https://www.pagalsongs.online/perfect-lofi-mp3-song-download</loc>
    </url>
    <url>
      <loc>https://www.pagalsongs.online/taur-lofi-mp3-song-download</loc>
    </url>
    <url>
      <loc>https://www.pagalsongs.online/love-thunder-lofi-album-mp3-song-download</loc>
    </url>
    <url>
      <loc>https://www.pagalsongs.online/meri-jaan-lofi-mix-dj-amit-shah-mp3-song-download</loc>
    </url>
    <url>
      <loc>https://www.pagalsongs.online/gunday-ka-dil-mp3-song-download</loc>
    </url>
    <url>
      <loc>https://www.pagalsongs.online/ki-kariye-mp3-song-download</loc>
    </url>
    <url>
      <loc>https://www.pagalsongs.online/tumhe-pyar-karunga-mp3-song-download</loc>
    </url>
    <url>
      <loc>https://www.pagalsongs.online/2-thikane-mp3--song-download-20</loc>
    </url>
    <url>
      <loc>https://www.pagalsongs.online/sajna-hai-mujhe-mp3-song-download</loc>
    </url>
    <url>
      <loc>https://www.pagalsongs.online/ferozi-koka-mp3-song-download</loc>
    </url>
    <url>
      <loc>https://www.pagalsongs.online/ranjit-bawa-weekend-mp3-song-download</loc>
    </url>
    <url>
      <loc>https://www.pagalsongs.online/dukh-mp3-song-download</loc>
    </url>
    <url>
      <loc>https://www.pagalsongs.online/understanding-mp3-song-download</loc>
    </url>
    <url>
      <loc>https://www.pagalsongs.online/malwa-belt-mp3-song-download</loc>
    </url>
    <url>
      <loc>https://www.pagalsongs.online/value-mp3-song-download</loc>
    </url>
    <url>
      <loc>https://www.pagalsongs.online/paris-ka-trip-song-download</loc>
    </url>
    <url>
      <loc>https://www.pagalsongs.online/manike-remix-dj-dharak-mp3-song-download</loc>
    </url>
    <url>
      <loc>https://www.pagalsongs.online/chand-mp3-song-download</loc>
    </url>
    <url>
      <loc>https://www.pagalsongs.online/buniyaad-2-mp3-songs-download-2024</loc>
    </url>
    <url>
      <loc>https://www.pagalsongs.online/kacchi-doriyaan-mp3-songs-download</loc>
    </url>
    <url>
      <loc>https://www.pagalsongs.online/starkay-mustang-mp3-song-download</loc>
    </url>
    <url>
      <loc>https://www.pagalsongs.online/swaha-x-faded-remix-mp3-song---download-2024</loc>
    </url>
    <url>
      <loc>https://www.pagalsongs.online/shakti-water-mp3-song-download</loc>
    </url>
    <url>
      <loc>https://www.pagalsongs.online/sataya-na-karo-mp3-song-download</loc>
    </url>
    <url>
      <loc>https://www.pagalsongs.online/dussehra-2022-special-roadshow-dj-nonstop-mp3-song-download</loc>
    </url>
    <url>
      <loc>https://www.pagalsongs.online/coffeeaan-mp3-song-download</loc>
    </url>
    <url>
      <loc>https://www.pagalsongs.online/mahi-mera-mp3-song-download</loc>
    </url>
    <url>
      <loc>https://www.pagalsongs.online/dekhe-saare-khwaab-cover-mp3-song-download</loc>
    </url>
    <url>
      <loc>https://www.pagalsongs.online/tillu-anna-dj-pedithe-mp3-song-download</loc>
    </url>
    <url>
      <loc>https://www.pagalsongs.online/paro-mp3-song-download</loc>
    </url>
    <url>
      <loc>https://www.pagalsongs.online/dilwa-le-gaile-raja-mp3-0-download-2024</loc>
    </url>
    <url>
      <loc>https://www.pagalsongs.online/mallipoo-mp3-song-download</loc>
    </url>
    <url>
      <loc>https://www.pagalsongs.online/king-sunny-life-mp3-songs-download-2024</loc>
    </url>
    <url>
      <loc>https://www.pagalsongs.online/lover-remix-dj-akhil-talreja-mp3-song-download</loc>
    </url>
    <url>
      <loc>https://www.pagalsongs.online/wedding-dream-mp3-song-download</loc>
    </url>
    <url>
      <loc>https://www.pagalsongs.online/one-vision-mp3-song-download</loc>
    </url>
    <url>
      <loc>https://www.pagalsongs.online/dil-talaashe-kya-mp3-song-download</loc>
    </url>
    <url>
      <loc>https://www.pagalsongs.online/jaggu-ki-lalten-balma-mp3-song-download</loc>
    </url>
    <url>
      <loc>https://www.pagalsongs.online/bang-mp3-song-download</loc>
    </url>
    <url>
      <loc>https://www.pagalsongs.online/o-pari-mp3-song-download</loc>
    </url>
    <url>
      <loc>https://www.pagalsongs.online/haye-tauba-mp3-song-download</loc>
    </url>
    <url>
      <loc>https://www.pagalsongs.online/nazarey-mp3-song-download</loc>
    </url>
    <url>
      <loc>https://www.pagalsongs.online/andekhe-rang-mp3-song-download</loc>
    </url>
    <url>
      <loc>https://www.pagalsongs.online/abki-baarish-mein-mp3-song-download</loc>
    </url>
    <url>
      <loc>https://www.pagalsongs.online/nikke-nikke-chaa-mp3-song-download</loc>
    </url>
    <url>
      <loc>https://www.pagalsongs.online/emotional-chillout-mashup-2022-dj-ankit-yaduvanshi-mp3-song-download</loc>
    </url>
    <url>
      <loc>https://www.pagalsongs.online/kya-chahiye-mp3-song-download</loc>
    </url>
    <url>
      <loc>https://www.pagalsongs.online/galliyan-returns-remix-afterall-mp3-song-download</loc>
    </url>
    <url>
      <loc>https://www.pagalsongs.online/kaanta-laga-remix-dj-manish-mp3-song-download</loc>
    </url>
    <url>
      <loc>https://www.pagalsongs.online/babe-bhangra-paunde-ne-mp3-song-download</loc>
    </url>
    <url>
      <loc>https://www.pagalsongs.online/nijjar-level-up-mp3-song-download</loc>
    </url>
    <url>
      <loc>https://www.pagalsongs.online/bondhu-tin-din-2-mp3-song-download</loc>
    </url>
    <url>
      <loc>https://www.pagalsongs.online/star-mp3---songs-download</loc>
    </url>
    <url>
      <loc>https://www.pagalsongs.online/age-18-mp3-song-download</loc>
    </url>
    <url>
      <loc>https://www.pagalsongs.online/no-mercy-mp3-song-download</loc>
    </url>
    <url>
      <loc>https://www.pagalsongs.online/mitraz-heeriye-mp3-song-download</loc>
    </url>
    <url>
      <loc>https://www.pagalsongs.online/babu-teri-yaari-mp3-song-download</loc>
    </url>
    <url>
      <loc>https://www.pagalsongs.online/tere-bina-hum-mp3-songs-download</loc>
    </url>
    <url>
      <loc>https://www.pagalsongs.online/bad-guy-dg-mp3-song-download</loc>
    </url>
    <url>
      <loc>https://www.pagalsongs.online/khauf-mp3-song-download-0</loc>
    </url>
    <url>
      <loc>https://www.pagalsongs.online/oo-saahiba-mp3-song-download</loc>
    </url>
    <url>
      <loc>https://www.pagalsongs.online/hollybolly-dance-mashup-2-dip-sr-x-dj-barun-mp3-song-download</loc>
    </url>
    <url>
      <loc>https://www.pagalsongs.online/yaar-tera-4x4-mp3-song-download</loc>
    </url>
    <url>
      <loc>https://www.pagalsongs.online/hootran-aali-gadi-mp3-song-download</loc>
    </url>
    <url>
      <loc>https://www.pagalsongs.online/black-bandana-mp3-songs-download-2024</loc>
    </url>
    <url>
      <loc>https://www.pagalsongs.online/kesariya-dance-mix-mp3-song-download</loc>
    </url>
    <url>
      <loc>https://www.pagalsongs.online/deva-deva-english-version-mp3-song-download</loc>
    </url>
    <url>
      <loc>https://www.pagalsongs.online/dil-tode-hoye-mp3-song-download</loc>
    </url>
    <url>
      <loc>https://www.pagalsongs.online/bade-acche-lagte-hain-mp3-song-download</loc>
    </url>
    <url>
      <loc>https://www.pagalsongs.online/golu-molu-mp3-song-download-</loc>
    </url>
    <url>
      <loc>https://www.pagalsongs.online/ravan-mp3-song-download</loc>
    </url>
    <url>
      <loc>https://www.pagalsongs.online/bad-guy-mp3-song-download</loc>
    </url>
    <url>
      <loc>https://www.pagalsongs.online/pyar-tere-da-asar-mp3--song-download</loc>
    </url>
    <url>
      <loc>https://www.pagalsongs.online/dabeya-e-na-mp3-song-download</loc>
    </url>
    <url>
      <loc>https://www.pagalsongs.online/lekka-kingpin-mp3-song-download</loc>
    </url>
    <url>
      <loc>https://www.pagalsongs.online/kaash-mp3-song-download</loc>
    </url>
    <url>
      <loc>https://www.pagalsongs.online/ekam-chanoli-sardari-mp3-song-download</loc>
    </url>
    <url>
      <loc>https://www.pagalsongs.online/tricity-mp3-song-download</loc>
    </url>
    <url>
      <loc>https://www.pagalsongs.online/kuj-gallan-mp3-song-download</loc>
    </url>
    <url>
      <loc>https://www.pagalsongs.online/fantasy-mp3-song-download</loc>
    </url>
    <url>
      <loc>https://www.pagalsongs.online/richie-rich-mp3-song-download</loc>
    </url>
    <url>
      <loc>https://www.pagalsongs.online/mainu-jhanjar-bana-le-pair-di-mp3-song-download</loc>
    </url>
    <url>
      <loc>https://www.pagalsongs.online/laltu-mp3-song-download</loc>
    </url>
    <url>
      <loc>https://www.pagalsongs.online/jhaanjar-mp3-song-download</loc>
    </url>
    <url>
      <loc>https://www.pagalsongs.online/khuda-badal-diya-mp3-song-download</loc>
    </url>
    <url>
      <loc>https://www.pagalsongs.online/kaala-dora-mp3---0s-download-2024</loc>
    </url>
    <url>
      <loc>https://www.pagalsongs.online/goriya-mp3-song-download</loc>
    </url>
    <url>
      <loc>https://www.pagalsongs.online/jattan-da-craze-mp3-song-download</loc>
    </url>
    <url>
      <loc>https://www.pagalsongs.online/gur-sidhu-challa-mp3-song-download</loc>
    </url>
    <url>
      <loc>https://www.pagalsongs.online/tere-mandir-ki-shaan-nirali-song-download</loc>
    </url>
    <url>
      <loc>https://www.pagalsongs.online/churake-dil-mera-cover-mp3-song-download</loc>
    </url>
    <url>
      <loc>https://www.pagalsongs.online/ticktan-tere-shehar-diyan-mp3-song-download</loc>
    </url>
    <url>
      <loc>https://www.pagalsongs.online/koi-sehri-babu-remix-dj-tarun-makhijani-mp3-song-download</loc>
    </url>
    <url>
      <loc>https://www.pagalsongs.online/nach-lai-mp3-song-download</loc>
    </url>
    <url>
      <loc>https://www.pagalsongs.online/tu-chand-jaisa-mp3-song-download</loc>
    </url>
    <url>
      <loc>https://www.pagalsongs.online/kya-ne-baatan-mp3-song-download</loc>
    </url>
    <url>
      <loc>https://www.pagalsongs.online/mahi-nal-selfi-mp3-song-download</loc>
    </url>
    <url>
      <loc>https://www.pagalsongs.online/ae-pagli-mp3-songs-download-2024</loc>
    </url>
    <url>
      <loc>https://www.pagalsongs.online/ali-zafar-akhiyaan-mp3-song-download</loc>
    </url>
    <url>
      <loc>https://www.pagalsongs.online/durga-puja-2022-nonstop-mp3-song-download</loc>
    </url>
    <url>
      <loc>https://www.pagalsongs.online/dugga-ma-mp3-songs-download-2024</loc>
    </url>
    <url>
      <loc>https://www.pagalsongs.online/jaago-maa-mp3-song-download</loc>
    </url>
    <url>
      <loc>https://www.pagalsongs.online/dugga-elo-mp3-song-download</loc>
    </url>
    <url>
      <loc>https://www.pagalsongs.online/durga-maa-mp3-song-download</loc>
    </url>
    <url>
      <loc>https://www.pagalsongs.online/dhak-baja-kashor-baja-mp3-song-download</loc>
    </url>
    <url>
      <loc>https://www.pagalsongs.online/joy-maa-durga-maa-mp3-song-download</loc>
    </url>
    <url>
      <loc>https://www.pagalsongs.online/extremes-mp3--song-download</loc>
    </url>
    <url>
      <loc>https://www.pagalsongs.online/gur-sidhu-gal-dil-di-mp3-song-download</loc>
    </url>
    <url>
      <loc>https://www.pagalsongs.online/meri-sardarniye-mp3-song-download</loc>
    </url>
    <url>
      <loc>https://www.pagalsongs.online/diljit-dosanjh-attitude-mp3--song-download</loc>
    </url>
    <url>
      <loc>https://www.pagalsongs.online/update-mp3-song-download</loc>
    </url>
    <url>
      <loc>https://www.pagalsongs.online/dil-haara-mp3-song-download</loc>
    </url>
    <url>
      <loc>https://www.pagalsongs.online/dobara-mp3-song-download</loc>
    </url>
    <url>
      <loc>https://www.pagalsongs.online/rvd-raaz-mp3-song-download</loc>
    </url>
    <url>
      <loc>https://www.pagalsongs.online/doaba-mp3-song-download</loc>
    </url>
    <url>
      <loc>https://www.pagalsongs.online/soch-mp3-song-download</loc>
    </url>
    <url>
      <loc>https://www.pagalsongs.online/below-mp3---song-download-2</loc>
    </url>
    <url>
      <loc>https://www.pagalsongs.online/maharani-mp3-song-download-0</loc>
    </url>
    <url>
      <loc>https://www.pagalsongs.online/chitta-the-bad-thing-mp3-song-download</loc>
    </url>
    <url>
      <loc>https://www.pagalsongs.online/see-you-soon-mp3-0s-download-2024</loc>
    </url>
    <url>
      <loc>https://www.pagalsongs.online/jachdi-mp3-song-download</loc>
    </url>
    <url>
      <loc>https://www.pagalsongs.online/killer-haseena-mp3-songs-download-2024</loc>
    </url>
    <url>
      <loc>https://www.pagalsongs.online/chand-aaya-hai-akhil-talreja-mp3-song-download</loc>
    </url>
    <url>
      <loc>https://www.pagalsongs.online/keh-do-ke-mp3-song-download</loc>
    </url>
    <url>
      <loc>https://www.pagalsongs.online/jogan-tera-mara-rasiya-mp3-song-download</loc>
    </url>
    <url>
      <loc>https://www.pagalsongs.online/shiva-theme-mp3--song-download</loc>
    </url>
    <url>
      <loc>https://www.pagalsongs.online/villagers-mp3-song-download</loc>
    </url>
    <url>
      <loc>https://www.pagalsongs.online/dil-tod-ditta-mp3-song-download</loc>
    </url>
    <url>
      <loc>https://www.pagalsongs.online/aape-manauni-aw-mp3-song-download</loc>
    </url>
    <url>
      <loc>https://www.pagalsongs.online/mobster-mp3-song-download</loc>
    </url>
    <url>
      <loc>https://www.pagalsongs.online/waah-mp3-song-download</loc>
    </url>
    <url>
      <loc>https://www.pagalsongs.online/jugg-jugg-ji-sajjna-mp3-song-download</loc>
    </url>
    <url>
      <loc>https://www.pagalsongs.online/nazran-mp3-song-download</loc>
    </url>
    <url>
      <loc>https://www.pagalsongs.online/blockbuster-mp3-song-download</loc>
    </url>
    <url>
      <loc>https://www.pagalsongs.online/haaniya-ve-song-download</loc>
    </url>
    <url>
      <loc>https://www.pagalsongs.online/bachelor-party-mp3-song-download</loc>
    </url>
    <url>
      <loc>https://www.pagalsongs.online/jahan-base-dil-mp3-song-download</loc>
    </url>
    <url>
      <loc>https://www.pagalsongs.online/chann-billo-mp3-song-download</loc>
    </url>
    <url>
      <loc>https://www.pagalsongs.online/bheegi-bheegi-baarishein-mp3-song-download</loc>
    </url>
    <url>
      <loc>https://www.pagalsongs.online/raaje-jatt-mp3-songs-download</loc>
    </url>
    <url>
      <loc>https://www.pagalsongs.online/taljo-madam-ji-mp3-songs-download</loc>
    </url>
    <url>
      <loc>https://www.pagalsongs.online/dil-awara-mp3-song-download</loc>
    </url>
    <url>
      <loc>https://www.pagalsongs.online/shu-thayo-maja-ma-ne-mp3-songs-download-2024</loc>
    </url>
    <url>
      <loc>https://www.pagalsongs.online/duari-aili-ae-mai-mp3-song-download</loc>
    </url>
    <url>
      <loc>https://www.pagalsongs.online/kolkata-rap-song-2-mp3-song-download</loc>
    </url>
    <url>
      <loc>https://www.pagalsongs.online/tera-yaar-mp3-song-download</loc>
    </url>
    <url>
      <loc>https://www.pagalsongs.online/nazraan-mp3-song-download</loc>
    </url>
    <url>
      <loc>https://www.pagalsongs.online/dil-pagal-hai-dil-deewana-mp3-song-download</loc>
    </url>
    <url>
      <loc>https://www.pagalsongs.online/navratri-mashup-2022-naresh-parmar-mp3-song-download</loc>
    </url>
    <url>
      <loc>https://www.pagalsongs.online/nihal-tauro-tera-mera-mp3-song-download</loc>
    </url>
    <url>
      <loc>https://www.pagalsongs.online/terra-merra-mp3-songs-download-2024</loc>
    </url>
    <url>
      <loc>https://www.pagalsongs.online/bande-mp3-song-download</loc>
    </url>
    <url>
      <loc>https://www.pagalsongs.online/ainak-mp3--song-download</loc>
    </url>
    <url>
      <loc>https://www.pagalsongs.online/kya-mange-wo-beta-jisne-maa-ki-mamta-pai-hai-mp3-song-download</loc>
    </url>
    <url>
      <loc>https://www.pagalsongs.online/grace-mp3-songs-download</loc>
    </url>
    <url>
      <loc>https://www.pagalsongs.online/teri-aashiqui-ne-humko-mp3-song-download</loc>
    </url>
    <url>
      <loc>https://www.pagalsongs.online/mahalaya-2022-mp3-song-download</loc>
    </url>
    <url>
      <loc>https://www.pagalsongs.online/sadness-love-mashup-2022-sunny-hassan-dj-ankit-yaduvanshi-mp3-song-download</loc>
    </url>
    <url>
      <loc>https://www.pagalsongs.online/soytan-sasuri-mp3-song-download</loc>
    </url>
    <url>
      <loc>https://www.pagalsongs.online/dandiya-mix-2022-kedrock-sd-style-mp3-song-download</loc>
    </url>
    <url>
      <loc>https://www.pagalsongs.online/chai-ki-chuskurahat-mp3---song-download-2</loc>
    </url>
    <url>
      <loc>https://www.pagalsongs.online/rasiya-song-download</loc>
    </url>
    <url>
      <loc>https://www.pagalsongs.online/amader-pujor-gaan-mp3-song-download</loc>
    </url>
    <url>
      <loc>https://www.pagalsongs.online/dua-mp3-song-download</loc>
    </url>
    <url>
      <loc>https://www.pagalsongs.online/naah-na-kari-mp3-song-download</loc>
    </url>
    <url>
      <loc>https://www.pagalsongs.online/gabru-gawand-pind-da-mp3-song-download</loc>
    </url>
    <url>
      <loc>https://www.pagalsongs.online/emotional-banda-mp3-song-download</loc>
    </url>
    <url>
      <loc>https://www.pagalsongs.online/dekho-aloy-alo-akash-mp3-song-download</loc>
    </url>
    <url>
      <loc>https://www.pagalsongs.online/surma-kala-mp3-song-download</loc>
    </url>
    <url>
      <loc>https://www.pagalsongs.online/pandit-ji-mp3-song-download</loc>
    </url>
    <url>
      <loc>https://www.pagalsongs.online/a-kind-of-magic-mp3-song-download</loc>
    </url>
    <url>
      <loc>https://www.pagalsongs.online/haaye-ni-mp3-song-download</loc>
    </url>
    <url>
      <loc>https://www.pagalsongs.online/ishq-mein-khuda-barabar-ka-hisaab-karta-hai-mp3-songs-download-2024</loc>
    </url>
    <url>
      <loc>https://www.pagalsongs.online/koka-diljit-dosanjh-mp3-song-download</loc>
    </url>
    <url>
      <loc>https://www.pagalsongs.online/diljale-mp3-song-download-2024</loc>
    </url>
    <url>
      <loc>https://www.pagalsongs.online/ek-tu-hi-kaafi-hai-mp3-song-download</loc>
    </url>
    <url>
      <loc>https://www.pagalsongs.online/pankhida-o-pankhida-garba-mp3-song-download</loc>
    </url>
    <url>
      <loc>https://www.pagalsongs.online/navratri-2022-dandiya-nonstop-mix-mp3-song-download</loc>
    </url>
    <url>
      <loc>https://www.pagalsongs.online/dandiya-mashup-2022-dj-purvish-mp3-song-download</loc>
    </url>
    <url>
      <loc>https://www.pagalsongs.online/mahi-mera-dil-mp3-song-download</loc>
    </url>
    <url>
      <loc>https://www.pagalsongs.online/bro-oye-mp3-song-download</loc>
    </url>
    <url>
      <loc>https://www.pagalsongs.online/pankhida-mp3-song-download</loc>
    </url>
    <url>
      <loc>https://www.pagalsongs.online/thoda-sukoon-do-mp3---song-download</loc>
    </url>
    <url>
      <loc>https://www.pagalsongs.online/bekadra-mp3-song-download</loc>
    </url>
    <url>
      <loc>https://www.pagalsongs.online/ford-vs-gun-mp3-song-download</loc>
    </url>
    <url>
      <loc>https://www.pagalsongs.online/lambi-lambi-chhori-2-mp3-song-download</loc>
    </url>
    <url>
      <loc>https://www.pagalsongs.online/still-here-mp3---song-download-2024</loc>
    </url>
    <url>
      <loc>https://www.pagalsongs.online/behri-duniya-remix-mp3-song-download</loc>
    </url>
    <url>
      <loc>https://www.pagalsongs.online/jionda-reh-mp3-song-download</loc>
    </url>
    <url>
      <loc>https://www.pagalsongs.online/paro-x-kangana-tera-ni-mp3-song---download-2024</loc>
    </url>
    <url>
      <loc>https://www.pagalsongs.online/18-lakh-mp3--song-download</loc>
    </url>
    <url>
      <loc>https://www.pagalsongs.online/mouj-jamane-main-mp3-song-download</loc>
    </url>
    <url>
      <loc>https://www.pagalsongs.online/drive-mp3-song-download</loc>
    </url>
    <url>
      <loc>https://www.pagalsongs.online/lemme-see-lemme-see-mp3-song-download</loc>
    </url>
    <url>
      <loc>https://www.pagalsongs.online/jab-tumhe-aaheleme-meri-yaad-aayegi-mp3-song-download</loc>
    </url>
    <url>
      <loc>https://www.pagalsongs.online/sard-thandi-hawayein-mp3--songs-download</loc>
    </url>
    <url>
      <loc>https://www.pagalsongs.online/aaj-unse-milna-hai-mp3-song-download</loc>
    </url>
    <url>
      <loc>https://www.pagalsongs.online/meri-nazar-usse-mili-to-mp3-song-download</loc>
    </url>
    <url>
      <loc>https://www.pagalsongs.online/so-phool-khile-jab-ye-khila-roop-sunehra-mp3-song-download</loc>
    </url>
    <url>
      <loc>https://www.pagalsongs.online/kash-mera-dil-bhi-koi-kagaz-ka-tukda-hota-mp3-song-download</loc>
    </url>
    <url>
      <loc>https://www.pagalsongs.online/pyar-dilon-ka-mela-hai-mp3--song-download-</loc>
    </url>
    <url>
      <loc>https://www.pagalsongs.online/mehendi-dhol-mix-dj-lijo-dj-chetas-mp3-song-download</loc>
    </url>
    <url>
      <loc>https://www.pagalsongs.online/amar-dugga-esheche-mp3-song-download</loc>
    </url>
    <url>
      <loc>https://www.pagalsongs.online/ferrari-mp3-song-download</loc>
    </url>
    <url>
      <loc>https://www.pagalsongs.online/ruchika-jangid-splendor-mp3---songs-download-2024</loc>
    </url>
    <url>
      <loc>https://www.pagalsongs.online/diligent-jatt-mp3-song-download</loc>
    </url>
    <url>
      <loc>https://www.pagalsongs.online/chinese-love-mp3-song-download</loc>
    </url>
    <url>
      <loc>https://www.pagalsongs.online/yaaran-di-gaddi-mp3-song-download</loc>
    </url>
    <url>
      <loc>https://www.pagalsongs.online/boutique-mp3-song-download</loc>
    </url>
    <url>
      <loc>https://www.pagalsongs.online/happy-raikoti-roka-mp3-song-download</loc>
    </url>
    <url>
      <loc>https://www.pagalsongs.online/photoshoot-mp3-song-download</loc>
    </url>
    <url>
      <loc>https://www.pagalsongs.online/ja-tere-bina-mp3-song-download</loc>
    </url>
    <url>
      <loc>https://www.pagalsongs.online/online-mp3-song-download</loc>
    </url>
    <url>
      <loc>https://www.pagalsongs.online/din-chadda-mp3-song-download</loc>
    </url>
    <url>
      <loc>https://www.pagalsongs.online/tere-bina-zindagi-se-mp3-song-download</loc>
    </url>
    <url>
      <loc>https://www.pagalsongs.online/o-raano-bura-na-mano-mp3-song-download</loc>
    </url>
    <url>
      <loc>https://www.pagalsongs.online/pablo-mp3-songs-download-2024</loc>
    </url>
    <url>
      <loc>https://www.pagalsongs.online/yaad-mp3-song-download</loc>
    </url>
    <url>
      <loc>https://www.pagalsongs.online/bakht-ali-khan-kadar-mp3-song-download</loc>
    </url>
    <url>
      <loc>https://www.pagalsongs.online/ha-mujhe-pyar-hai-tumse-mp3-songs-download</loc>
    </url>
    <url>
      <loc>https://www.pagalsongs.online/ek-jeep-khadi-meri-thane-te-mp3-song-download</loc>
    </url>
    <url>
      <loc>https://www.pagalsongs.online/dil-tere-pyaar-mein-jogi-ho-gaya-mp3-song-download</loc>
    </url>
    <url>
      <loc>https://www.pagalsongs.online/tera-intezar-kyun-meetha-sa-lage-mp3-song-download</loc>
    </url>
    <url>
      <loc>https://www.pagalsongs.online/titli-mp3-song-download</loc>
    </url>
    <url>
      <loc>https://www.pagalsongs.online/kesariyo-rang-mp3-song-download</loc>
    </url>
    <url>
      <loc>https://www.pagalsongs.online/hisaab-mp3-song-download</loc>
    </url>
    <url>
      <loc>https://www.pagalsongs.online/deedar-kaur-gussa-mp3-song-download</loc>
    </url>
    <url>
      <loc>https://www.pagalsongs.online/gazal-hai-tu-mp3-song-download</loc>
    </url>
    <url>
      <loc>https://www.pagalsongs.online/komola-sundori-nache-mp3-song-download</loc>
    </url>
    <url>
      <loc>https://www.pagalsongs.online/meri-mai-mp3-song-download</loc>
    </url>
    <url>
      <loc>https://www.pagalsongs.online/bachke-mp3-song-download</loc>
    </url>
    <url>
      <loc>https://www.pagalsongs.online/jass-manak-possessive-mp3-song-download</loc>
    </url>
    <url>
      <loc>https://www.pagalsongs.online/jass-manak-mahiya-mp3-song-download</loc>
    </url>
    <url>
      <loc>https://www.pagalsongs.online/jass-manak-addiction-mp3-song-download</loc>
    </url>
    <url>
      <loc>https://www.pagalsongs.online/venom-love-mp3-song-download00</loc>
    </url>
    <url>
      <loc>https://www.pagalsongs.online/its-morning-mp3-song-download</loc>
    </url>
    <url>
      <loc>https://www.pagalsongs.online/hogaya-hai-naal-tere-pyar-mp3-song-download-2024</loc>
    </url>
    <url>
      <loc>https://www.pagalsongs.online/18-lakh-mera-ek-ek-suit-pade-dhai-lakh-ka-mp3-song-download</loc>
    </url>
    <url>
      <loc>https://www.pagalsongs.online/zindagi-ke-rang-mp3--song-download</loc>
    </url>
    <url>
      <loc>https://www.pagalsongs.online/jass-manak-perfect-mp3-song-download</loc>
    </url>
    <url>
      <loc>https://www.pagalsongs.online/tatta-chalda-mp3-song-download</loc>
    </url>
    <url>
      <loc>https://www.pagalsongs.online/taur-mp3-song-download</loc>
    </url>
    <url>
      <loc>https://www.pagalsongs.online/single-mp3-song-download</loc>
    </url>
    <url>
      <loc>https://www.pagalsongs.online/woh-ek-mulaqat-mp3-song-download-0</loc>
    </url>
    <url>
      <loc>https://www.pagalsongs.online/summer-vibe-mashup-2022-sunny-hassan-mp3-song-download</loc>
    </url>
    <url>
      <loc>https://www.pagalsongs.online/wrong-report-mp3-song-download</loc>
    </url>
    <url>
      <loc>https://www.pagalsongs.online/maine-payal-hai-chhankai-mp3-songs-download-2024</loc>
    </url>
    <url>
      <loc>https://www.pagalsongs.online/o-sajna-song-download-0</loc>
    </url>
    <url>
      <loc>https://www.pagalsongs.online/look-classy-mp3-song-download</loc>
    </url>
    <url>
      <loc>https://www.pagalsongs.online/pagli-re-mp3-song-download</loc>
    </url>
    <url>
      <loc>https://www.pagalsongs.online/ilzaam-mohabbat-ka-mp3-song-download</loc>
    </url>
    <url>
      <loc>https://www.pagalsongs.online/jago-durga-mp3-song-download</loc>
    </url>
    <url>
      <loc>https://www.pagalsongs.online/jawani-song-download-vilen</loc>
    </url>
    <url>
      <loc>https://www.pagalsongs.online/alcoholia-mp3--song-download</loc>
    </url>
    <url>
      <loc>https://www.pagalsongs.online/bajlo-tomar-aalor-benu-mp3-song-download</loc>
    </url>
    <url>
      <loc>https://www.pagalsongs.online/meri-jaan-bawali-mp3-song-download</loc>
    </url>
    <url>
      <loc>https://www.pagalsongs.online/name-fame-mp3-song-download</loc>
    </url>
    <url>
      <loc>https://www.pagalsongs.online/chhori-haryane-ki-mp3-song-download</loc>
    </url>
    <url>
      <loc>https://www.pagalsongs.online/akkad-bakkad-mp3-song-download</loc>
    </url>
    <url>
      <loc>https://www.pagalsongs.online/zack-knight-miss-you-mp3-0-download</loc>
    </url>
    <url>
      <loc>https://www.pagalsongs.online/back-it-up-mp3-songs-download-2024</loc>
    </url>
    <url>
      <loc>https://www.pagalsongs.online/massiah-mp3-song-download</loc>
    </url>
    <url>
      <loc>https://www.pagalsongs.online/caliente-mp3-song-download</loc>
    </url>
    <url>
      <loc>https://www.pagalsongs.online/love-with-you-mp3-0s-download-2024</loc>
    </url>
    <url>
      <loc>https://www.pagalsongs.online/ariana-mp3-song-download</loc>
    </url>
    <url>
      <loc>https://www.pagalsongs.online/zack-knight-vaasta-mp3-song-download</loc>
    </url>
    <url>
      <loc>https://www.pagalsongs.online/yaad-karogi-mp3-song-download</loc>
    </url>
    <url>
      <loc>https://www.pagalsongs.online/zack-knight-kamlee-mp3-song-download</loc>
    </url>
    <url>
      <loc>https://www.pagalsongs.online/akhiyan-mila-le-mp3-song-download</loc>
    </url>
    <url>
      <loc>https://www.pagalsongs.online/ranu-ranu-antune-chinnado-mp3-song-download</loc>
    </url>
    <url>
      <loc>https://www.pagalsongs.online/feeling-samajh-le-dildara-mp3-song-download</loc>
    </url>
    <url>
      <loc>https://www.pagalsongs.online/tera-devanand-mp3-song-download</loc>
    </url>
    <url>
      <loc>https://www.pagalsongs.online/han-mujhe-pyar-hai-tumse-han-mp3-song-download</loc>
    </url>
    <url>
      <loc>https://www.pagalsongs.online/gangsta-rollin-mashup-naresh-parmar-mp3-song-download</loc>
    </url>
    <url>
      <loc>https://www.pagalsongs.online/dil-todta-hai-mp3-song-download</loc>
    </url>
    <url>
      <loc>https://www.pagalsongs.online/akhiyanu-mp3-song-download</loc>
    </url>
    <url>
      <loc>https://www.pagalsongs.online/lessons-mp3-song-download</loc>
    </url>
    <url>
      <loc>https://www.pagalsongs.online/manike-song-download-0</loc>
    </url>
    <url>
      <loc>https://www.pagalsongs.online/manike-mage-hithe-mp3-song-download-0</loc>
    </url>
    <url>
      <loc>https://www.pagalsongs.online/zulf-mp3-song-download-</loc>
    </url>
    <url>
      <loc>https://www.pagalsongs.online/be-aware-mp3-song-download</loc>
    </url>
    <url>
      <loc>https://www.pagalsongs.online/amrit-maan-hanji-hanji-mp3-songs-download</loc>
    </url>
    <url>
      <loc>https://www.pagalsongs.online/jyotica-tangri-rozaana-mp3-song-download</loc>
    </url>
    <url>
      <loc>https://www.pagalsongs.online/gunehgar-mp3---song-download-2024</loc>
    </url>
    <url>
      <loc>https://www.pagalsongs.online/mujhsa-dobara-koi-aashiq-na-aayega-mp3-song-download</loc>
    </url>
    <url>
      <loc>https://www.pagalsongs.online/tumhe-bolna-pasand-hai-mp3-songs-download</loc>
    </url>
    <url>
      <loc>https://www.pagalsongs.online/ek-hum-jo-tujhko-khuda-mante-hai-mp3-songs-download-2024</loc>
    </url>
    <url>
      <loc>https://www.pagalsongs.online/aaja-aaja-milne-pehli-baarish-mein-mp3-song-download</loc>
    </url>
    <url>
      <loc>https://www.pagalsongs.online/ishq-da-dariya-mp3-song-download</loc>
    </url>
    <url>
      <loc>https://www.pagalsongs.online/jab-se-mila-hai-ishq-terastebin-ben-mp3-song-download</loc>
    </url>
    <url>
      <loc>https://www.pagalsongs.online/tumko-barish-pasand-hai-mp3-songs-download-2024</loc>
    </url>
    <url>
      <loc>https://www.pagalsongs.online/taar-maar-takkar-maar-mp3-song-download</loc>
    </url>
    <url>
      <loc>https://www.pagalsongs.online/thaar-maar-thakkar-maar-mp3-song-download</loc>
    </url>
    <url>
      <loc>https://www.pagalsongs.online/aashiq-tha-uska-deewana-tha-mp3-song-download</loc>
    </url>
    <url>
      <loc>https://www.pagalsongs.online/akhiyaan-remix-dj-shadow-dubai-mp3-song-download</loc>
    </url>
    <url>
      <loc>https://www.pagalsongs.online/love-triangle-mashup-jay-guldekar-mp3-song-download</loc>
    </url>
    <url>
      <loc>https://www.pagalsongs.online/when-was-the-last-time-mp3-song-download</loc>
    </url>
    <url>
      <loc>https://www.pagalsongs.online/boom-padi-mp3-songs-download-2024</loc>
    </url>
    <url>
      <loc>https://www.pagalsongs.online/nath-mp3-song-download</loc>
    </url>
    <url>
      <loc>https://www.pagalsongs.online/mere-khayalon-ki-malika-2-mp3-song-download</loc>
    </url>
    <url>
      <loc>https://www.pagalsongs.online/on-the-way-mp3--song-download</loc>
    </url>
    <url>
      <loc>https://www.pagalsongs.online/badaami-rang-mp3-song-download</loc>
    </url>
    <url>
      <loc>https://www.pagalsongs.online/jerry-gaani-mp3-song-download</loc>
    </url>
    <url>
      <loc>https://www.pagalsongs.online/distance-love-mp3-song-download-</loc>
    </url>
    <url>
      <loc>https://www.pagalsongs.online/tu-banke-hawa-mp3-song-download</loc>
    </url>
    <url>
      <loc>https://www.pagalsongs.online/ishq-da-dariyaa-mp3-song-download</loc>
    </url>
    <url>
      <loc>https://www.pagalsongs.online/bharosa-mp3-song-download</loc>
    </url>
    <url>
      <loc>https://www.pagalsongs.online/ishq-ishq-karke-mp3-song-download</loc>
    </url>
    <url>
      <loc>https://www.pagalsongs.online/dhol-bajaa-mp3-song-download</loc>
    </url>
    <url>
      <loc>https://www.pagalsongs.online/lal-ghaghra-mp3-song-download</loc>
    </url>
    <url>
      <loc>https://www.pagalsongs.online/vasaladi-mp3-song-download</loc>
    </url>
    <url>
      <loc>https://www.pagalsongs.online/babbar-anthem-mp3-song-download</loc>
    </url>
    <url>
      <loc>https://www.pagalsongs.online/adhi-raat-mp3-song-download</loc>
    </url>
    <url>
      <loc>https://www.pagalsongs.online/dilpreet-dhillon-gaddi-vich-mp3-song-download</loc>
    </url>
    <url>
      <loc>https://www.pagalsongs.online/zehan-addiction-mp3-song-download</loc>
    </url>
    <url>
      <loc>https://www.pagalsongs.online/ishq-hai-kaafi-mp3-song-download</loc>
    </url>
    <url>
      <loc>https://www.pagalsongs.online/aigiri-nandini-bengali-mp3-song-download</loc>
    </url>
    <url>
      <loc>https://www.pagalsongs.online/born-in-1997-mp3-song-download</loc>
    </url>
    <url>
      <loc>https://www.pagalsongs.online/vigarh-geya-mp3-song-download</loc>
    </url>
    <url>
      <loc>https://www.pagalsongs.online/aam-jahe-munde-mp3-song-download</loc>
    </url>
    <url>
      <loc>https://www.pagalsongs.online/naach-baby-mp3-song-download</loc>
    </url>
    <url>
      <loc>https://www.pagalsongs.online/honey-ke-sang-mp3-song-download</loc>
    </url>
    <url>
      <loc>https://www.pagalsongs.online/a-h-t-mp3---0-download-2024</loc>
    </url>
    <url>
      <loc>https://www.pagalsongs.online/yeh-duniya-agar-mil-bhi-jaye-mp3-song-download</loc>
    </url>
    <url>
      <loc>https://www.pagalsongs.online/mera-love-main-song-download</loc>
    </url>
    <url>
      <loc>https://www.pagalsongs.online/chobar-de-chehre-utte-noor-dasda-mp3-song-download</loc>
    </url>
    <url>
      <loc>https://www.pagalsongs.online/mera-balam-thanedar-chalawe-gypsy-mp3-song-download-00</loc>
    </url>
    <url>
      <loc>https://www.pagalsongs.online/teri-meethi-meethi-main-ta-gal-suneya-mp3-song-download</loc>
    </url>
    <url>
      <loc>https://www.pagalsongs.online/judaai-mp3-song-download</loc>
    </url>
    <url>
      <loc>https://www.pagalsongs.online/sangdi-mp3-song-download</loc>
    </url>
    <url>
      <loc>https://www.pagalsongs.online/kesariya-remix-dj-chetas-mp3-song-download</loc>
    </url>
    <url>
      <loc>https://www.pagalsongs.online/pori-superoo-mp3-song-download</loc>
    </url>
    <url>
      <loc>https://www.pagalsongs.online/tera-rusna-manana-mera-time-par-na-aana-mp3-song-download</loc>
    </url>
    <url>
      <loc>https://www.pagalsongs.online/aacha-lage-se-mp3-song-download</loc>
    </url>
    <url>
      <loc>https://www.pagalsongs.online/hosh-udd-gaye-mp3-song-download</loc>
    </url>
    <url>
      <loc>https://www.pagalsongs.online/oh-sita-hey-rama-mp3-song-download</loc>
    </url>
    <url>
      <loc>https://www.pagalsongs.online/patna-se-chalata-dawaiya-mp3-song-download</loc>
    </url>
    <url>
      <loc>https://www.pagalsongs.online/fashion-mp3-songs-download-2024</loc>
    </url>
    <url>
      <loc>https://www.pagalsongs.online/swad-lain-ne-mp3-song-download</loc>
    </url>
    <url>
      <loc>https://www.pagalsongs.online/eni-qismat-mp3-song-download</loc>
    </url>
    <url>
      <loc>https://www.pagalsongs.online/handcuffs-mp3-song-download</loc>
    </url>
    <url>
      <loc>https://www.pagalsongs.online/kesariya-hindi-x-telugu-x-tamil-x-malayalam-x-kannada-mashup-mp3-song-download</loc>
    </url>
    <url>
      <loc>https://www.pagalsongs.online/gaya-gaya-gaya-song-download</loc>
    </url>
    <url>
      <loc>https://www.pagalsongs.online/sawal-sadi-zindgi-da-mp3-song-download</loc>
    </url>
    <url>
      <loc>https://www.pagalsongs.online/dior-mp3-song-download</loc>
    </url>
    <url>
      <loc>https://www.pagalsongs.online/requestan-mp3-song-download</loc>
    </url>
    <url>
      <loc>https://www.pagalsongs.online/chalo-bulawa-aya-hai-mp3-song-download</loc>
    </url>
    <url>
      <loc>https://www.pagalsongs.online/mere-kol-mp3-song-download</loc>
    </url>
    <url>
      <loc>https://www.pagalsongs.online/tera-style-mp3-song-download</loc>
    </url>
    <url>
      <loc>https://www.pagalsongs.online/no-love-remix-dj-rawking-x-dj-rawqueen-mp3-song-download</loc>
    </url>
    <url>
      <loc>https://www.pagalsongs.online/boyfriend-mp3-song-download</loc>
    </url>
    <url>
      <loc>https://www.pagalsongs.online/3-am-mp3-song-download</loc>
    </url>
    <url>
      <loc>https://www.pagalsongs.online/bde-bde-kand-mp3-song-download</loc>
    </url>
    <url>
      <loc>https://www.pagalsongs.online/bhartaar-mp3--songs-download--2024-0</loc>
    </url>
    <url>
      <loc>https://www.pagalsongs.online/baller-mp3--song-download-0</loc>
    </url>
    <url>
      <loc>https://www.pagalsongs.online/peacock-mp3-song-download</loc>
    </url>
    <url>
      <loc>https://www.pagalsongs.online/cause-of-you-mp3-0-download-2024</loc>
    </url>
    <url>
      <loc>https://www.pagalsongs.online/mujh-mein-bas-jana-mp3-song-download</loc>
    </url>
    <url>
      <loc>https://www.pagalsongs.online/tum-pyaar-ho-mp3-song-download</loc>
    </url>
    <url>
      <loc>https://www.pagalsongs.online/jahan-bhi-jao-aai-sanam-bas-tu-hi-tu-mp3-song-download</loc>
    </url>
    <url>
      <loc>https://www.pagalsongs.online/chaap-tilak-mp3-song-download</loc>
    </url>
    <url>
      <loc>https://www.pagalsongs.online/mera-chand-mujhse-dur-hai-mp3-songs-download</loc>
    </url>
    <url>
      <loc>https://www.pagalsongs.online/sohni-zindgi-mp3-song-download</loc>
    </url>
    <url>
      <loc>https://www.pagalsongs.online/taveez-mp3-song-download</loc>
    </url>
    <url>
      <loc>https://www.pagalsongs.online/kajla-mp3-song-download</loc>
    </url>
    <url>
      <loc>https://www.pagalsongs.online/beema-green-mp3-song-download</loc>
    </url>
    <url>
      <loc>https://www.pagalsongs.online/bou-didi-go-mp3-song-download</loc>
    </url>
    <url>
      <loc>https://www.pagalsongs.online/pehli-baarish-mein-mp3-song-download</loc>
    </url>
    <url>
      <loc>https://www.pagalsongs.online/dil-barbaad-mp3-song-download</loc>
    </url>
    <url>
      <loc>https://www.pagalsongs.online/paisa-bolta-hai-mp3-song-download</loc>
    </url>
    <url>
      <loc>https://www.pagalsongs.online/five-flower-mp3-song-download</loc>
    </url>
    <url>
      <loc>https://www.pagalsongs.online/saare-taare-mp3-song-download</loc>
    </url>
    <url>
      <loc>https://www.pagalsongs.online/kuch-aur-mp3-song-download</loc>
    </url>
    <url>
      <loc>https://www.pagalsongs.online/chammak-challo-mp3-song-download</loc>
    </url>
    <url>
      <loc>https://www.pagalsongs.online/mar-jawaan-mp3-song-download</loc>
    </url>
    <url>
      <loc>https://www.pagalsongs.online/panipat-ki-ladai-mp3-song-download</loc>
    </url>
    <url>
      <loc>https://www.pagalsongs.online/nadaniyaan-mp3-song-download-2024</loc>
    </url>
    <url>
      <loc>https://www.pagalsongs.online/yaaran-vich-jee-mp3-song-download</loc>
    </url>
    <url>
      <loc>https://www.pagalsongs.online/impossible-mp3-song-download</loc>
    </url>
    <url>
      <loc>https://www.pagalsongs.online/tu-jo-sang-hai-mp3-song-download</loc>
    </url>
    <url>
      <loc>https://www.pagalsongs.online/laut-aana-mp3-song-download-0</loc>
    </url>
    <url>
      <loc>https://www.pagalsongs.online/akhil-zindagi-mp3-song-download</loc>
    </url>
    <url>
      <loc>https://www.pagalsongs.online/kabootar-baaz-mp3-song-download</loc>
    </url>
    <url>
      <loc>https://www.pagalsongs.online/compulsory-mp3-song-download</loc>
    </url>
    <url>
      <loc>https://www.pagalsongs.online/ek-tarfa-mp3-song-download</loc>
    </url>
    <url>
      <loc>https://www.pagalsongs.online/tui-amar-aashiqui-re-mp3-song-download</loc>
    </url>
    <url>
      <loc>https://www.pagalsongs.online/summer-high-remix-dj-rawking-x-dj-rawqueen-mp3-song-download</loc>
    </url>
    <url>
      <loc>https://www.pagalsongs.online/tune-jaana-tha-doli-mein-mp3-song-download</loc>
    </url>
    <url>
      <loc>https://www.pagalsongs.online/meri-zuban-mp3-song-download</loc>
    </url>
    <url>
      <loc>https://www.pagalsongs.online/hara-hara-shambo-mp3-song-download-2-2</loc>
    </url>
    <url>
      <loc>https://www.pagalsongs.online/shiggy-mp3-song-download</loc>
    </url>
    <url>
      <loc>https://www.pagalsongs.online/pasbaan-mp3-song-download</loc>
    </url>
    <url>
      <loc>https://www.pagalsongs.online/ab-tere-bin-jee-lenge-hum-mp3-song-download-2024</loc>
    </url>
    <url>
      <loc>https://www.pagalsongs.online/mustafa-zahid-mashup-2022-sunny-hassan-mp3--song-download-2024</loc>
    </url>
    <url>
      <loc>https://www.pagalsongs.online/azaadi-mp3-song-download</loc>
    </url>
    <url>
      <loc>https://www.pagalsongs.online/pyar-kardi-aa-mp3-song-download</loc>
    </url>
    <url>
      <loc>https://www.pagalsongs.online/2-kilo-perfume-mp3-song-download</loc>
    </url>
    <url>
      <loc>https://www.pagalsongs.online/galliyan-mashup-emotional-chillout-mix-mahesh-suthar-sunny-hassan-mp3-song-download</loc>
    </url>
    <url>
      <loc>https://www.pagalsongs.online/kana-yaari-x-habibi-remix-dj-sib-dubai-mp3-song-download</loc>
    </url>
    <url>
      <loc>https://www.pagalsongs.online/o-bondhu-re-mp3-song-download-</loc>
    </url>
    <url>
      <loc>https://www.pagalsongs.online/anirban-sur-milon-hobe-koto-dine-mp3-song-download</loc>
    </url>
    <url>
      <loc>https://www.pagalsongs.online/dhage-ishq-ke-mp3-song-download</loc>
    </url>
    <url>
      <loc>https://www.pagalsongs.online/saadgi-to-hamari-mp3-song-download</loc>
    </url>
    <url>
      <loc>https://www.pagalsongs.online/dewara-dhodhi-chatana-ba-mp3-song-download</loc>
    </url>
    <url>
      <loc>https://www.pagalsongs.online/ab-tere-bin-ji-lenge-hum-mp3-song-download</loc>
    </url>
    <url>
      <loc>https://www.pagalsongs.online/baarish-mein-tum-mp3-song-download</loc>
    </url>
    <url>
      <loc>https://www.pagalsongs.online/nakhro-mp3-song-download</loc>
    </url>
    <url>
      <loc>https://www.pagalsongs.online/mohammad-faiz-tere-liye-mp3-song-download</loc>
    </url>
    <url>
      <loc>https://www.pagalsongs.online/kho-gaye-tere-ishq-mein-mp3-song-download</loc>
    </url>
    <url>
      <loc>https://www.pagalsongs.online/khushiyan-mp3-song-download</loc>
    </url>
    <url>
      <loc>https://www.pagalsongs.online/meri-patli-kamar-mp3-song-download</loc>
    </url>
    <url>
      <loc>https://www.pagalsongs.online/bout-mine-mp3-song-download</loc>
    </url>
    <url>
      <loc>https://www.pagalsongs.online/chan-nalon-sohna-mp3-song-download</loc>
    </url>
    <url>
      <loc>https://www.pagalsongs.online/maut-mp3-song-download</loc>
    </url>
    <url>
      <loc>https://www.pagalsongs.online/teachers-day-2022-nonstop-mp3-song-download</loc>
    </url>
    <url>
      <loc>https://www.pagalsongs.online/teacher-ko-pyaar-mp3-song-download</loc>
    </url>
    <url>
      <loc>https://www.pagalsongs.online/gyan-ka-daan-hi-mp3---songs-download-2024</loc>
    </url>
    <url>
      <loc>https://www.pagalsongs.online/chaha-hai-tujhko-mp3-song-download</loc>
    </url>
    <url>
      <loc>https://www.pagalsongs.online/tujhe-bhula-diya-lofi-mix-kedrock-sd-style-mp3-song-download</loc>
    </url>
    <url>
      <loc>https://www.pagalsongs.online/ittar-mp3-song-download</loc>
    </url>
    <url>
      <loc>https://www.pagalsongs.online/sab-tera-mahadev-mp3-song-download</loc>
    </url>
    <url>
      <loc>https://www.pagalsongs.online/designer-remix-dj-scoob-mp3-song-download</loc>
    </url>
    <url>
      <loc>https://www.pagalsongs.online/broken-heart-mashup-2022-vinick-mp3-song-download</loc>
    </url>
    <url>
      <loc>https://www.pagalsongs.online/rock-my-boat-mp3-song-download</loc>
    </url>
    <url>
      <loc>https://www.pagalsongs.online/kabhi-jo-badal-barse-x-sawan-aaya-hai-mp3-song-download</loc>
    </url>
    <url>
      <loc>https://www.pagalsongs.online/saiyan-dil-me-aana-re-mp3-song-download</loc>
    </url>
    <url>
      <loc>https://www.pagalsongs.online/dil-remix-dj-abhi-india-mp3-song-download</loc>
    </url>
    <url>
      <loc>https://www.pagalsongs.online/guccci-heel-mp3-song-download</loc>
    </url>
    <url>
      <loc>https://www.pagalsongs.online/beat-bajado-mp3-song-download</loc>
    </url>
    <url>
      <loc>https://www.pagalsongs.online/aaj-na-mp3-song-download</loc>
    </url>
    <url>
      <loc>https://www.pagalsongs.online/shada-shada-kala-kala-mp3-song-download-2024</loc>
    </url>
    <url>
      <loc>https://www.pagalsongs.online/tumi-bondhu-kala-pakhi-mp3-song-download</loc>
    </url>
    <url>
      <loc>https://www.pagalsongs.online/ishq-toh-kariye-mp3-song-download</loc>
    </url>
    <url>
      <loc>https://www.pagalsongs.online/door-akhiyon-se-mp3-song-download</loc>
    </url>
    <url>
      <loc>https://www.pagalsongs.online/right-wali-payal-mp3-song-download</loc>
    </url>
    <url>
      <loc>https://www.pagalsongs.online/thumka-mp3-song-download</loc>
    </url>
    <url>
      <loc>https://www.pagalsongs.online/speed-se-badho-mp3-song-download</loc>
    </url>
    <url>
      <loc>https://www.pagalsongs.online/tum-hi-aana-haryanvi-mp3-song-download</loc>
    </url>
    <url>
      <loc>https://www.pagalsongs.online/feel-the-love-mashup-2022-sunny-hassan-mp3-song-download</loc>
    </url>
    <url>
      <loc>https://www.pagalsongs.online/bimbiliki-pilapi-mp3-song-download</loc>
    </url>
    <url>
      <loc>https://www.pagalsongs.online/yaar-mere-mp3-song-download</loc>
    </url>
    <url>
      <loc>https://www.pagalsongs.online/thanedar-piya-mp3-song-download</loc>
    </url>
    <url>
      <loc>https://www.pagalsongs.online/joban-sandhu-midnight-mp3-song-download</loc>
    </url>
    <url>
      <loc>https://www.pagalsongs.online/themes-of-love-mashup-2022-dj-danish-mp3-song-download</loc>
    </url>
    <url>
      <loc>https://www.pagalsongs.online/laal-ghaghri-mp3-song-download</loc>
    </url>
    <url>
      <loc>https://www.pagalsongs.online/band-theke-mp3-song-download-2024</loc>
    </url>
    <url>
      <loc>https://www.pagalsongs.online/sukh-karta-dukh-harta-mp3-song-download</loc>
    </url>
    <url>
      <loc>https://www.pagalsongs.online/jai-shree-ganesha-mp3-song-download</loc>
    </url>
    <url>
      <loc>https://www.pagalsongs.online/satbir-aujla-surma-mp3-song-download</loc>
    </url>
    <url>
      <loc>https://www.pagalsongs.online/mere-dil-gaaye-ja-zooby-zooby-mp3-song-download</loc>
    </url>
    <url>
      <loc>https://www.pagalsongs.online/aaj-phir-mp3-song-download</loc>
    </url>
    <url>
      <loc>https://www.pagalsongs.online/zindagi-mp3--song-download</loc>
    </url>
    <url>
      <loc>https://www.pagalsongs.online/tere-dar-pe-aaye-mp3-song-download</loc>
    </url>
    <url>
      <loc>https://www.pagalsongs.online/karan-aujla-sheesha-mp3-song-download</loc>
    </url>
    <url>
      <loc>https://www.pagalsongs.online/tu-you-mp3-0s-download-2024</loc>
    </url>
    <url>
      <loc>https://www.pagalsongs.online/ganapati-dekhao-mahima-mp3-song-download</loc>
    </url>
    <url>
      <loc>https://www.pagalsongs.online/yaari-rakhni-mp3-song-download</loc>
    </url>
    <url>
      <loc>https://www.pagalsongs.online/itni-mohabbat-karta-hoon-mp3-song-download</loc>
    </url>
    <url>
      <loc>https://www.pagalsongs.online/kala-jadu-mp3-song-download</loc>
    </url>
    <url>
      <loc>https://www.pagalsongs.online/akhil-jodi-mp3-song-download</loc>
    </url>
    <url>
      <loc>https://www.pagalsongs.online/gajanana-mp3-song-download-0</loc>
    </url>
    <url>
      <loc>https://www.pagalsongs.online/aala-re-aala-ganesha-mp3-song-download</loc>
    </url>
    <url>
      <loc>https://www.pagalsongs.online/suno-ganpati-bappa-morya-mp3-song-download</loc>
    </url>
    <url>
      <loc>https://www.pagalsongs.online/ganpati-mashup-2022-naresh-parmar-mp3-song-download</loc>
    </url>
    <url>
      <loc>https://www.pagalsongs.online/ganpati-gajanan-mp3-song-download</loc>
    </url>
    <url>
      <loc>https://www.pagalsongs.online/sorry-jaanu-mp3-song-download</loc>
    </url>
    <url>
      <loc>https://www.pagalsongs.online/sajaunga-lutkar-bhi-mp3-song-download</loc>
    </url>
    <url>
      <loc>https://www.pagalsongs.online/salooq-song-download</loc>
    </url>
    <url>
      <loc>https://www.pagalsongs.online/mera-banega-tu-song-download</loc>
    </url>
    <url>
      <loc>https://www.pagalsongs.online/meethi-meethi-mp3-song-download</loc>
    </url>
    <url>
      <loc>https://www.pagalsongs.online/dil-ki-deewaron-pe-mp3-song-download</loc>
    </url>
    <url>
      <loc>https://www.pagalsongs.online/ganpat-ganesh-mp3-song-download</loc>
    </url>
    <url>
      <loc>https://www.pagalsongs.online/unstoppable-megamix-2022-dj-bks-sunix-thakor-mp3-song-download</loc>
    </url>
    <url>
      <loc>https://www.pagalsongs.online/harnoor-love-mashup-2-sunny-hassan-mp3-song-download</loc>
    </url>
    <url>
      <loc>https://www.pagalsongs.online/nain-tere-mp3-song-download</loc>
    </url>
    <url>
      <loc>https://www.pagalsongs.online/4x4-mp3-song-download</loc>
    </url>
    <url>
      <loc>https://www.pagalsongs.online/what-the-luck-mp3-song-download</loc>
    </url>
    <url>
      <loc>https://www.pagalsongs.online/dilraj-grewal-rooh-mp3-song-download</loc>
    </url>
    <url>
      <loc>https://www.pagalsongs.online/dame-tu-cosita-mp3-song-download-00</loc>
    </url>
    <url>
      <loc>https://www.pagalsongs.online/chalte-firte-x-tip-tip-barsa-pani-remix-mp3-song-download-2024</loc>
    </url>
    <url>
      <loc>https://www.pagalsongs.online/yahan-koi-nahi-mp3-song-download</loc>
    </url>
    <url>
      <loc>https://www.pagalsongs.online/aye-bappa-moriya-mp3-song-download</loc>
    </url>
    <url>
      <loc>https://www.pagalsongs.online/hollybolly-breakup-mashup-2022-dip-sr-mp3-song-download</loc>
    </url>
    <url>
      <loc>https://www.pagalsongs.online/bhool-jaa-mp3-song-download</loc>
    </url>
    <url>
      <loc>https://www.pagalsongs.online/tumse-dillagi-mein-tumse-dosti-mein-mp3-song-download</loc>
    </url>
    <url>
      <loc>https://www.pagalsongs.online/din-shagna-da-mp3-song-download</loc>
    </url>
    <url>
      <loc>https://www.pagalsongs.online/om-gan-ganpataye-namo-namah-mp3-song-download</loc>
    </url>
    <url>
      <loc>https://www.pagalsongs.online/ganesh-ji-ki-aarti-mp3-song-download</loc>
    </url>
    <url>
      <loc>https://www.pagalsongs.online/wafa-2-mp3-song-download</loc>
    </url>
    <url>
      <loc>https://www.pagalsongs.online/morya-mp3-song-download</loc>
    </url>
    <url>
      <loc>https://www.pagalsongs.online/ganesh-chaturthi-2022-mp3-song-download</loc>
    </url>
    <url>
      <loc>https://www.pagalsongs.online/ganpati-bappa-morya-songs-download-20</loc>
    </url>
    <url>
      <loc>https://www.pagalsongs.online/ganesh-mantra-mp3-0s-download</loc>
    </url>
    <url>
      <loc>https://www.pagalsongs.online/nonstop-ganesh-bhajan-mp3-song-download</loc>
    </url>
    <url>
      <loc>https://www.pagalsongs.online/ganesh-chalisa-mp3--song-download</loc>
    </url>
    <url>
      <loc>https://www.pagalsongs.online/shree-ganesh-dhun-mp3-song-download</loc>
    </url>
    <url>
      <loc>https://www.pagalsongs.online/ganesh-gayatri-mp3-song-download</loc>
    </url>
    <url>
      <loc>https://www.pagalsongs.online/vakratunda-mahakaya-mp3-song-download</loc>
    </url>
    <url>
      <loc>https://www.pagalsongs.online/deva-shree-ganesha-mp3-song-download</loc>
    </url>
    <url>
      <loc>https://www.pagalsongs.online/jai-ganesh-jai-ganesh-deva-mp3--song-download-0</loc>
    </url>
    <url>
      <loc>https://www.pagalsongs.online/meri-yaad-mp3-song-download</loc>
    </url>
    <url>
      <loc>https://www.pagalsongs.online/wakt-mp3-song-download</loc>
    </url>
    <url>
      <loc>https://www.pagalsongs.online/12-bande-mp3--song-download</loc>
    </url>
    <url>
      <loc>https://www.pagalsongs.online/kaisa-tera-pyar-mp3-song-download</loc>
    </url>
    <url>
      <loc>https://www.pagalsongs.online/ganpati-dance-dhol-mix-2022-dj-abhijeet-mp3-song-download</loc>
    </url>
    <url>
      <loc>https://www.pagalsongs.online/jeene-de-na-lofi-mp3-song-download</loc>
    </url>
    <url>
      <loc>https://www.pagalsongs.online/himesh-reshammiya-kaash-wo-door-na-jaati-mp3-song-download</loc>
    </url>
    <url>
      <loc>https://www.pagalsongs.online/har-har-shambhu-ringtone-2022-000</loc>
    </url>
    <url>
      <loc>https://www.pagalsongs.online/karpur-gauram-karunavtaram-mp3--song-download</loc>
    </url>
    <url>
      <loc>https://www.pagalsongs.online/jaisa-tum-chaho-mp3-song-download</loc>
    </url>
    <url>
      <loc>https://www.pagalsongs.online/kaali-thar-mp3-song-download</loc>
    </url>
    <url>
      <loc>https://www.pagalsongs.online/mala-tum-tum-mp3-song-download-</loc>
    </url>
    <url>
      <loc>https://www.pagalsongs.online/tera-chehra-mp3--song-download</loc>
    </url>
    <url>
      <loc>https://www.pagalsongs.online/dynamite-bts-mp3--songs-download-s</loc>
    </url>
    <url>
      <loc>https://www.pagalsongs.online/legend-mp3-song-download-00</loc>
    </url>
    <url>
      <loc>https://www.pagalsongs.online/baguntundhi-nuvvu-navvithe-mp3-song-download</loc>
    </url>
    <url>
      <loc>https://www.pagalsongs.online/devil-mp3-songs-download</loc>
    </url>
    <url>
      <loc>https://www.pagalsongs.online/mudhal-nee-mudivum-nee-mp3-song-download</loc>
    </url>
    <url>
      <loc>https://www.pagalsongs.online/selfmade-mp3--song-download</loc>
    </url>
    <url>
      <loc>https://www.pagalsongs.online/naatu-naatu-mp3-song-download</loc>
    </url>
    <url>
      <loc>https://www.pagalsongs.online/husan-ki-rani-mp3-song-download</loc>
    </url>
    <url>
      <loc>https://www.pagalsongs.online/karam-sharma-pyar-mp3-song-download</loc>
    </url>
    <url>
      <loc>https://www.pagalsongs.online/taqdeere-mp3--song-download</loc>
    </url>
    <url>
      <loc>https://www.pagalsongs.online/by-pass-mp3-song-download</loc>
    </url>
    <url>
      <loc>https://www.pagalsongs.online/hona-mere-mp3-song-download</loc>
    </url>
    <url>
      <loc>https://www.pagalsongs.online/pronto-mp3---song-download</loc>
    </url>
    <url>
      <loc>https://www.pagalsongs.online/dance-ka-bhoot-song-download</loc>
    </url>
    <url>
      <loc>https://www.pagalsongs.online/runjhun-mp3-song-download</loc>
    </url>
    <url>
      <loc>https://www.pagalsongs.online/dekha-tumko-jabse-tumpe-pyaar-aa-gaya-mp3-song-download</loc>
    </url>
    <url>
      <loc>https://www.pagalsongs.online/we-rollin-mp3-songs-download--0</loc>
    </url>
    <url>
      <loc>https://www.pagalsongs.online/main-baarish-ki-boli-mp3-song-download</loc>
    </url>
    <url>
      <loc>https://www.pagalsongs.online/le-le-aayi-coca-cola-mp3-song-download</loc>
    </url>
    <url>
      <loc>https://www.pagalsongs.online/karobar-mp3-song-download</loc>
    </url>
    <url>
      <loc>https://www.pagalsongs.online/kamar-lachalach-karata-mp3-song-download</loc>
    </url>
    <url>
      <loc>https://www.pagalsongs.online/kheladi-naiki-mp3-song-download</loc>
    </url>
    <url>
      <loc>https://www.pagalsongs.online/kariha-kothariya-mein-pyar-mp3-song-download</loc>
    </url>
    <url>
      <loc>https://www.pagalsongs.online/jai-deva-mp3-song-download</loc>
    </url>
    <url>
      <loc>https://www.pagalsongs.online/mann-jogiya-mp3-song-download-</loc>
    </url>
    <url>
      <loc>https://www.pagalsongs.online/gori-hai-mp3-song-download</loc>
    </url>
    <url>
      <loc>https://www.pagalsongs.online/jaana-mp3-song-download</loc>
    </url>
    <url>
      <loc>https://www.pagalsongs.online/vikram-vedha-teaser-mp3-song-download</loc>
    </url>
    <url>
      <loc>https://www.pagalsongs.online/ae-mere-dil-lofi-refix-dj-nitish-gulyani-mp3-song-download</loc>
    </url>
    <url>
      <loc>https://www.pagalsongs.online/caran-caran-mp3--song-download-2024-0</loc>
    </url>
    <url>
      <loc>https://www.pagalsongs.online/melody-roja-mp3-song-download</loc>
    </url>
    <url>
      <loc>https://www.pagalsongs.online/mandeer-mp3-song-download</loc>
    </url>
    <url>
      <loc>https://www.pagalsongs.online/abhay-tyagi-tum-ho-mp3-song-download</loc>
    </url>
    <url>
      <loc>https://www.pagalsongs.online/rahul-jain-aadat-mp3-song-download</loc>
    </url>
    <url>
      <loc>https://www.pagalsongs.online/ik-vaari-haan-kehde-mp3-song-download</loc>
    </url>
    <url>
      <loc>https://www.pagalsongs.online/myself-pathan-mp3-song-download</loc>
    </url>
    <url>
      <loc>https://www.pagalsongs.online/oops-mp3-songs-download-2024</loc>
    </url>
    <url>
      <loc>https://www.pagalsongs.online/laung-laachi-mp3-song-download</loc>
    </url>
    <url>
      <loc>https://www.pagalsongs.online/jaan-se-jyada-mp3-song-download</loc>
    </url>
    <url>
      <loc>https://www.pagalsongs.online/koka-renuka-panwar-dev-kumar-deva-mp3-song-download</loc>
    </url>
    <url>
      <loc>https://www.pagalsongs.online/baby-ji-mp3-song-download</loc>
    </url>
    <url>
      <loc>https://www.pagalsongs.online/zaroori-tha-2-mp3-song-download</loc>
    </url>
    <url>
      <loc>https://www.pagalsongs.online/for-me-mp3-song-download</loc>
    </url>
    <url>
      <loc>https://www.pagalsongs.online/kya-kehna-mp3-song-download</loc>
    </url>
    <url>
      <loc>https://www.pagalsongs.online/attack-mp3--song-download</loc>
    </url>
    <url>
      <loc>https://www.pagalsongs.online/saajz-dhokebaaz-mp3-song-download</loc>
    </url>
    <url>
      <loc>https://www.pagalsongs.online/pyaari-teri-yaari-mp3-song-download</loc>
    </url>
    <url>
      <loc>https://www.pagalsongs.online/bewafa-mashup-aftermorning-mp3-song-download</loc>
    </url>
    <url>
      <loc>https://www.pagalsongs.online/ride-with-me-mp3--songs-download-2024-000</loc>
    </url>
    <url>
      <loc>https://www.pagalsongs.online/nish-ring-ring-mp3-song-download</loc>
    </url>
    <url>
      <loc>https://www.pagalsongs.online/trust-in-u-mp3---0s-download-2024</loc>
    </url>
    <url>
      <loc>https://www.pagalsongs.online/memu-aagamu-mp3-song-download</loc>
    </url>
    <url>
      <loc>https://www.pagalsongs.online/aa-bhi-jaa-mp3-song-download</loc>
    </url>
    <url>
      <loc>https://www.pagalsongs.online/jsl-singh-aakad-mp3-song-download</loc>
    </url>
    <url>
      <loc>https://www.pagalsongs.online/sab-kuchh-mp3-song-download-</loc>
    </url>
    <url>
      <loc>https://www.pagalsongs.online/gangsta-mashup-2022-sunny-hassan-mp3-song-download</loc>
    </url>
    <url>
      <loc>https://www.pagalsongs.online/main-bewafa-nahin-mp3-song-download</loc>
    </url>
    <url>
      <loc>https://www.pagalsongs.online/main-bewaffa-nahinn-mp3-song-download</loc>
    </url>
    <url>
      <loc>https://www.pagalsongs.online/black-raat-mp3-songs-download-2024</loc>
    </url>
    <url>
      <loc>https://www.pagalsongs.online/moon-rise-mp3-song-download</loc>
    </url>
    <url>
      <loc>https://www.pagalsongs.online/fayaah-fayaah-mp3-song-download</loc>
    </url>
    <url>
      <loc>https://www.pagalsongs.online/tera-ki-khayal-mp3-song-download</loc>
    </url>
    <url>
      <loc>https://www.pagalsongs.online/rona-rona-mp3-song-download</loc>
    </url>
    <url>
      <loc>https://www.pagalsongs.online/fake-love-mp3-song-download</loc>
    </url>
    <url>
      <loc>https://www.pagalsongs.online/guru-randhawa-signs-mp3-song-download</loc>
    </url>
    <url>
      <loc>https://www.pagalsongs.online/numb-mp3-song-download</loc>
    </url>
    <url>
      <loc>https://www.pagalsongs.online/saathiya-insane-watermelon-sugar-dj-harshal-mashup-mp3-song-download</loc>
    </url>
    <url>
      <loc>https://www.pagalsongs.online/akhil-mundri-mp3-song-download</loc>
    </url>
    <url>
      <loc>https://www.pagalsongs.online/marad-kariya-ba-mp3-song-download</loc>
    </url>
    <url>
      <loc>https://www.pagalsongs.online/mamacita-mp3-song-download</loc>
    </url>
    <url>
      <loc>https://www.pagalsongs.online/abc-mp3-song-download</loc>
    </url>
    <url>
      <loc>https://www.pagalsongs.online/fotty-seven-veham-mp3-song-download</loc>
    </url>
    <url>
      <loc>https://www.pagalsongs.online/dariya-hai-mp3-songs-download-2024</loc>
    </url>
    <url>
      <loc>https://www.pagalsongs.online/kina-chir-remix-o2srk-mp3-song-download</loc>
    </url>
    <url>
      <loc>https://www.pagalsongs.online/sojugada-mahadev-mp3-song-download</loc>
    </url>
    <url>
      <loc>https://www.pagalsongs.online/time-chahida-mp3-song-download</loc>
    </url>
    <url>
      <loc>https://www.pagalsongs.online/20-bande-mp3-song-download</loc>
    </url>
    <url>
      <loc>https://www.pagalsongs.online/zulfan-mp3-song-download</loc>
    </url>
    <url>
      <loc>https://www.pagalsongs.online/hisab-mp3-song-download</loc>
    </url>
    <url>
      <loc>https://www.pagalsongs.online/eyes-on-you-mp3--song-download</loc>
    </url>
    <url>
      <loc>https://www.pagalsongs.online/average-mp3-song-download</loc>
    </url>
    <url>
      <loc>https://www.pagalsongs.online/bunk-mp3-song-download</loc>
    </url>
    <url>
      <loc>https://www.pagalsongs.online/dooron-dooron-mp3-song-download</loc>
    </url>
    <url>
      <loc>https://www.pagalsongs.online/ghoda-mp3-song-download</loc>
    </url>
    <url>
      <loc>https://www.pagalsongs.online/karan-randhawa-jhumke-mp3-song-download</loc>
    </url>
    <url>
      <loc>https://www.pagalsongs.online/hey-gopala-mp3-song-download</loc>
    </url>
    <url>
      <loc>https://www.pagalsongs.online/matak-matak-mp3-song-download</loc>
    </url>
    <url>
      <loc>https://www.pagalsongs.online/chele-tor-kokra-kokra-chule-mp3-song-download</loc>
    </url>
    <url>
      <loc>https://www.pagalsongs.online/bina-puri-tarah-bheege-mp3-song-download</loc>
    </url>
    <url>
      <loc>https://www.pagalsongs.online/rater-akashe-jemon-chader-alo-mp3-song-download</loc>
    </url>
    <url>
      <loc>https://www.pagalsongs.online/mashallah-mp3-song-download</loc>
    </url>
    <url>
      <loc>https://www.pagalsongs.online/ipsitaa-nikaah-mp3-song-download</loc>
    </url>
    <url>
      <loc>https://www.pagalsongs.online/govind-bolo-hari-gopal-bolo-mp3-song-download</loc>
    </url>
    <url>
      <loc>https://www.pagalsongs.online/hare-rama-hare-krishna-dhun-mp3-song-download</loc>
    </url>
    <url>
      <loc>https://www.pagalsongs.online/jo-hai-albela-mad-naino-wala-mp3-songs-download-2024</loc>
    </url>
    <url>
      <loc>https://www.pagalsongs.online/krishna-bhajans-2022-mp3-song-download</loc>
    </url>
    <url>
      <loc>https://www.pagalsongs.online/tulsi-kumars-dance-wave-mashup-2022-mp3-song-download</loc>
    </url>
    <url>
      <loc>https://www.pagalsongs.online/tere-bajjon-mp3-song-download</loc>
    </url>
    <url>
      <loc>https://www.pagalsongs.online/daang-mp3-song-download</loc>
    </url>
    <url>
      <loc>https://www.pagalsongs.online/akhil-gulab-mp3-song-download</loc>
    </url>
    <url>
      <loc>https://www.pagalsongs.online/secrets-mp3-song-download</loc>
    </url>
    <url>
      <loc>https://www.pagalsongs.online/o-kanha-mere-mp3-song-download</loc>
    </url>
    <url>
      <loc>https://www.pagalsongs.online/meri-mehbooba-mp3-song-download</loc>
    </url>
    <url>
      <loc>https://www.pagalsongs.online/gucci-mp3-song-download</loc>
    </url>
    <url>
      <loc>https://www.pagalsongs.online/barsaat-ho-jaaye-song-download-</loc>
    </url>
    <url>
      <loc>https://www.pagalsongs.online/din-college-ke-mp3-song-download</loc>
    </url>
    <url>
      <loc>https://www.pagalsongs.online/panchhi-mp3-song-download</loc>
    </url>
    <url>
      <loc>https://www.pagalsongs.online/mainu-chad-ke-gaya-mera-yaar-mp3--song-download</loc>
    </url>
    <url>
      <loc>https://www.pagalsongs.online/banjara-mp3-song-download</loc>
    </url>
    <url>
      <loc>https://www.pagalsongs.online/dheere-dheere-rafta-rafta-mp3-song-download</loc>
    </url>
    <url>
      <loc>https://www.pagalsongs.online/jeene-de-mp3-song-download</loc>
    </url>
    <url>
      <loc>https://www.pagalsongs.online/kaale-kaale-chashme-mp3-song-download</loc>
    </url>
    <url>
      <loc>https://www.pagalsongs.online/jatt-ohi-ae-mp3-song-download</loc>
    </url>
    <url>
      <loc>https://www.pagalsongs.online/mani-longia-jawab-mp3-song-download</loc>
    </url>
    <url>
      <loc>https://www.pagalsongs.online/radhe-radhe-bol-mana-mp3-song-download</loc>
    </url>
    <url>
      <loc>https://www.pagalsongs.online/krishna-janmashtami-2022-mp3-song-download</loc>
    </url>
    <url>
      <loc>https://www.pagalsongs.online/mere-kanha-mp3-song-download</loc>
    </url>
    <url>
      <loc>https://www.pagalsongs.online/tiranga-mp3-song-download</loc>
    </url>
    <url>
      <loc>https://www.pagalsongs.online/patriot-mp3-song-download</loc>
    </url>
    <url>
      <loc>https://www.pagalsongs.online/har-ghar-tiranga-mp3--song-download</loc>
    </url>
    <url>
      <loc>https://www.pagalsongs.online/sandese-aate-hai-mp3--songs-download</loc>
    </url>
    <url>
      <loc>https://www.pagalsongs.online/sare-jahan-se-achha-mp3-song-download</loc>
    </url>
    <url>
      <loc>https://www.pagalsongs.online/independence-day-mashup-2022-naresh-parmar-mp3-song-download</loc>
    </url>
    <url>
      <loc>https://www.pagalsongs.online/watan-walo-mp3-song-download</loc>
    </url>
    <url>
      <loc>https://www.pagalsongs.online/mere-desh-ki-dharti-mp3-song-download</loc>
    </url>
    <url>
      <loc>https://www.pagalsongs.online/mera-rang-de-basanti-chola-mp3-song-download</loc>
    </url>
    <url>
      <loc>https://www.pagalsongs.online/guitar-mp3-song-download-0</loc>
    </url>
    <url>
      <loc>https://www.pagalsongs.online/sarvesh-dhir-har-ghar-tiranga-mp3-song-download</loc>
    </url>
    <url>
      <loc>https://www.pagalsongs.online/desh-bhakti-2022-mp3-song-download</loc>
    </url>
    <url>
      <loc>https://www.pagalsongs.online/happy-independence-day-2022-mp3-song-download</loc>
    </url>
    <url>
      <loc>https://www.pagalsongs.online/15-august-2022-mp3-song-download</loc>
    </url>
    <url>
      <loc>https://www.pagalsongs.online/m-m-d-mp3--songs-download</loc>
    </url>
    <url>
      <loc>https://www.pagalsongs.online/maa-tujhe-salaam-mp3--song-download</loc>
    </url>
    <url>
      <loc>https://www.pagalsongs.online/a-r-rahman-vande-mataram-mp3-song-download-2024</loc>
    </url>
    <url>
      <loc>https://www.pagalsongs.online/ae-mere-wattan-ke-logo-mp3-song-download</loc>
    </url>
    <url>
      <loc>https://www.pagalsongs.online/ghaint-life-mp3-song-download</loc>
    </url>
    <url>
      <loc>https://www.pagalsongs.online/tera-mera-saath-mp3-song-download</loc>
    </url>
    <url>
      <loc>https://www.pagalsongs.online/gaddi-mp3-song-download</loc>
    </url>
    <url>
      <loc>https://www.pagalsongs.online/har-har-shambhu-ringtoone-viral-424h25</loc>
    </url>
    <url>
      <loc>https://www.pagalsongs.online/coka-song-download</loc>
    </url>
    <url>
      <loc>https://www.pagalsongs.online/tu-bani-hai-mere-liye-mp3-song-download</loc>
    </url>
    <url>
      <loc>https://www.pagalsongs.online/kar-basore-ghumao-bondhu-mp3-song-download</loc>
    </url>
    <url>
      <loc>https://www.pagalsongs.online/lena-mera-naam-mp3-song-download</loc>
    </url>
    <url>
      <loc>https://www.pagalsongs.online/kaale-dhandhe-mp3-song-download</loc>
    </url>
    <url>
      <loc>https://www.pagalsongs.online/dhak-dhak-mp3-song-download</loc>
    </url>
    <url>
      <loc>https://www.pagalsongs.online/cholo-manlam-mp3-song-download</loc>
    </url>
    <url>
      <loc>https://www.pagalsongs.online/b-praak-duniya-mp3-song-download</loc>
    </url>
    <url>
      <loc>https://www.pagalsongs.online/pehle-si-kadar-mp3-song-download</loc>
    </url>
    <url>
      <loc>https://www.pagalsongs.online/busy-monsoon-ep-mp3-song-download</loc>
    </url>
    <url>
      <loc>https://www.pagalsongs.online/teri-galiyon-se-uthega-janaza-jab-mera-mp3-song-download</loc>
    </url>
    <url>
      <loc>https://www.pagalsongs.online/teri-galiyon-se-mp3-song-download</loc>
    </url>
    <url>
      <loc>https://www.pagalsongs.online/har-har-shambhu-rington-download-nw0w020</loc>
    </url>
    <url>
      <loc>https://www.pagalsongs.online/love-is-forever-mashup-2022-jay-guldekar-mp3-song-download</loc>
    </url>
    <url>
      <loc>https://www.pagalsongs.online/peg-pugg-2-mp3-song-download</loc>
    </url>
    <url>
      <loc>https://www.pagalsongs.online/colours-mp3-song-download</loc>
    </url>
    <url>
      <loc>https://www.pagalsongs.online/7-parchay-mp3-song-download</loc>
    </url>
    <url>
      <loc>https://www.pagalsongs.online/sippy-gill-sunroof-mp3-song-download</loc>
    </url>
    <url>
      <loc>https://www.pagalsongs.online/sippy-gill-aashqui-mp3-song-download</loc>
    </url>
    <url>
      <loc>https://www.pagalsongs.online/be-mine-mp3-song-download</loc>
    </url>
    <url>
      <loc>https://www.pagalsongs.online/sohni-pro-mp3-songs-download-2024</loc>
    </url>
    <url>
      <loc>https://www.pagalsongs.online/suraj-mp3-song-download</loc>
    </url>
    <url>
      <loc>https://www.pagalsongs.online/till-last-breath-mp3-song-download</loc>
    </url>
    <url>
      <loc>https://www.pagalsongs.online/sippy-gill-bewaffa-mp3-song-download</loc>
    </url>
    <url>
      <loc>https://www.pagalsongs.online/teri-galliyon-se-mp3-song-download</loc>
    </url>
    <url>
      <loc>https://www.pagalsongs.online/anything-for-you-mp3-0-download-2024</loc>
    </url>
    <url>
      <loc>https://www.pagalsongs.online/veera-mp3-songs-download</loc>
    </url>
    <url>
      <loc>https://www.pagalsongs.online/phoolo-ka-taro-ka-mp3-song-download</loc>
    </url>
    <url>
      <loc>https://www.pagalsongs.online/ek-hazaron-mein-meri-behna-hai-mp3-song-download-2024</loc>
    </url>
    <url>
      <loc>https://www.pagalsongs.online/mera-bhai-tu-mp3-song-download</loc>
    </url>
    <url>
      <loc>https://www.pagalsongs.online/bhai-mere-bhai-female-version-mp3-song-download</loc>
    </url>
    <url>
      <loc>https://www.pagalsongs.online/choti-si-pyarisi-nanhisi-female-version-mp3-song-download</loc>
    </url>
    <url>
      <loc>https://www.pagalsongs.online/choti-si-pyarisi-nanhisi-mp3-song-download</loc>
    </url>
    <url>
      <loc>https://www.pagalsongs.online/meri-rakhi-ki-dor-mp3-song-download</loc>
    </url>
    <url>
      <loc>https://www.pagalsongs.online/chumma-chumma-mp3-song-download</loc>
    </url>
    <url>
      <loc>https://www.pagalsongs.online/saiyyan-dil-mein-aana-re-mp3-song-download</loc>
    </url>
    <url>
      <loc>https://www.pagalsongs.online/rubber-mp3-song-download</loc>
    </url>
    <url>
      <loc>https://www.pagalsongs.online/into-your-arms-mp3-song-download</loc>
    </url>
    <url>
      <loc>https://www.pagalsongs.online/bad-boy-song-download--0</loc>
    </url>
    <url>
      <loc>https://www.pagalsongs.online/our-streets-mp3-song-download</loc>
    </url>
    <url>
      <loc>https://www.pagalsongs.online/derniere-danse-mp3-song-download</loc>
    </url>
    <url>
      <loc>https://www.pagalsongs.online/r-mp3---song-downlooad-2</loc>
    </url>
    <url>
      <loc>https://www.pagalsongs.online/uhh-nai-na-mp3-song-download</loc>
    </url>
    <url>
      <loc>https://www.pagalsongs.online/flashbacks-mp3-song-download-0</loc>
    </url>
    <url>
      <loc>https://www.pagalsongs.online/go-crazy-mp3--song-download-2s</loc>
    </url>
    <url>
      <loc>https://www.pagalsongs.online/lean-on-mp3--song-download</loc>
    </url>
    <url>
      <loc>https://www.pagalsongs.online/con-calma-mp3-song-download-</loc>
    </url>
    <url>
      <loc>https://www.pagalsongs.online/bilionera-mp3-song-download-0</loc>
    </url>
    <url>
      <loc>https://www.pagalsongs.online/priya-zalma-mp3-song-download</loc>
    </url>
    <url>
      <loc>https://www.pagalsongs.online/baarish-aa-jaave-mp3-song-download</loc>
    </url>
    <url>
      <loc>https://www.pagalsongs.online/galliyan-mashup-2022-naresh-parmar-mp3-song-download</loc>
    </url>
    <url>
      <loc>https://www.pagalsongs.online/janam-janam-mp3-song-download</loc>
    </url>
    <url>
      <loc>https://www.pagalsongs.online/o-ganaraya-lijo-george-dj-chetas-mp3-song-download</loc>
    </url>
    <url>
      <loc>https://www.pagalsongs.online/mohit-suthar-oye-hoye-mp3-song-download</loc>
    </url>
    <url>
      <loc>https://www.pagalsongs.online/jhanjra-mp3-song-download</loc>
    </url>
    <url>
      <loc>https://www.pagalsongs.online/rumor-mp3-song-download</loc>
    </url>
    <url>
      <loc>https://www.pagalsongs.online/mohni-hindi-version-mp3--song-download</loc>
    </url>
    <url>
      <loc>https://www.pagalsongs.online/ello-jogappa-mp3-song-download</loc>
    </url>
    <url>
      <loc>https://www.pagalsongs.online/waqt-ke-jungle-mp3--song-download</loc>
    </url>
    <url>
      <loc>https://www.pagalsongs.online/laung-laachi-2-mp3-song-download-0</loc>
    </url>
    <url>
      <loc>https://www.pagalsongs.online/makhmal-mp3-song-download-</loc>
    </url>
    <url>
      <loc>https://www.pagalsongs.online/deva-deva-tamil-mp3-song-download</loc>
    </url>
    <url>
      <loc>https://www.pagalsongs.online/deva-deva-telugu-mp3-song-download</loc>
    </url>
    <url>
      <loc>https://www.pagalsongs.online/deva-deva-kannada-mp3-song-download</loc>
    </url>
    <url>
      <loc>https://www.pagalsongs.online/deva-deva-song-download</loc>
    </url>
    <url>
      <loc>https://www.pagalsongs.online/tera-roop-hai-prachand-mp3--song-download-</loc>
    </url>
    <url>
      <loc>https://www.pagalsongs.online/mehsoos-mp3-song-download-2024</loc>
    </url>
    <url>
      <loc>https://www.pagalsongs.online/meri-aankhon-mein-song-download</loc>
    </url>
    <url>
      <loc>https://www.pagalsongs.online/colors-of-love-2022-mashup-dj-harsh-sharma-x-sunix-thakor-mp3-song-download</loc>
    </url>
    <url>
      <loc>https://www.pagalsongs.online/-shopping-mp3---0-download-2024</loc>
    </url>
    <url>
      <loc>https://www.pagalsongs.online/chill-mp3-song-download</loc>
    </url>
    <url>
      <loc>https://www.pagalsongs.online/kaun-kehte-hain-bhagwan-aate-nahi-mp3-song-download</loc>
    </url>
    <url>
      <loc>https://www.pagalsongs.online/neeli-neeli-aankh-mp3-song-download</loc>
    </url>
    <url>
      <loc>https://www.pagalsongs.online/bani-bani-mp3-song-download-0</loc>
    </url>
    <url>
      <loc>https://www.pagalsongs.online/-is-it-love-mp3-song-download</loc>
    </url>
    <url>
      <loc>https://www.pagalsongs.online/tera-yaar-hoon-main-mp3-song-download</loc>
    </url>
    <url>
      <loc>https://www.pagalsongs.online/-bewafa-mp3-song-download</loc>
    </url>
    <url>
      <loc>https://www.pagalsongs.online/bombay-mp3-song-download</loc>
    </url>
    <url>
      <loc>https://www.pagalsongs.online/friendship-day-mashup-2022-harnish-x-naresh-parmar-mp3-song-download</loc>
    </url>
    <url>
      <loc>https://www.pagalsongs.online/mugali-ghutti-mp3-song-download</loc>
    </url>
    <url>
      <loc>https://www.pagalsongs.online/friends-in-hood-mp3-song-download</loc>
    </url>
    <url>
      <loc>https://www.pagalsongs.online/belibaaz-mp3-song-download</loc>
    </url>
    <url>
      <loc>https://www.pagalsongs.online/tere-jaisa-yaar-kahan-lofi-mix-mp3-song-download</loc>
    </url>
    <url>
      <loc>https://www.pagalsongs.online/lag-ja-gale-mp3-song-download</loc>
    </url>
    <url>
      <loc>https://www.pagalsongs.online/jab-pyar-kiya-to-darna-kya-mp3-song-download</loc>
    </url>
    <url>
      <loc>https://www.pagalsongs.online/madura-veeran-mp3-song-download</loc>
    </url>
    <url>
      <loc>https://www.pagalsongs.online/o-desh-mere-ringtone-download0220</loc>
    </url>
    <url>
      <loc>https://www.pagalsongs.online/chalaki-pitta-mp3-song-download</loc>
    </url>
    <url>
      <loc>https://www.pagalsongs.online/chann-diggeya-mp3-song-download</loc>
    </url>
    <url>
      <loc>https://www.pagalsongs.online/kive-mukhde-ton-nazran-hatawan-mp3-song-download</loc>
    </url>
    <url>
      <loc>https://www.pagalsongs.online/koi-nidiya-kiyaw-mp3-song-download</loc>
    </url>
    <url>
      <loc>https://www.pagalsongs.online/t-dot-mp3-song-download</loc>
    </url>
    <url>
      <loc>https://www.pagalsongs.online/-jhanjar-mp3-song-download</loc>
    </url>
    <url>
      <loc>https://www.pagalsongs.online/jana-gana-mana-mp3-song-download</loc>
    </url>
    <url>
      <loc>https://www.pagalsongs.online/aafat-hindi-mp3-song-download</loc>
    </url>
    <url>
      <loc>https://www.pagalsongs.online/aafat-malayalam-mp3--song-download-2024</loc>
    </url>
    <url>
      <loc>https://www.pagalsongs.online/aafat-tamil-mp3--song-download</loc>
    </url>
    <url>
      <loc>https://www.pagalsongs.online/aafat-telugu-mp3-song-download</loc>
    </url>
    <url>
      <loc>https://www.pagalsongs.online/aafat-kannada-mp3-song-download</loc>
    </url>
    <url>
      <loc>https://www.pagalsongs.online/9-9-mashukan-mp3-song-download</loc>
    </url>
    <url>
      <loc>https://www.pagalsongs.online/maine-tera-naam-dil-rakh-diya-female-version-mp3-song-download</loc>
    </url>
    <url>
      <loc>https://www.pagalsongs.online/dil-female-version-mp3-song-download</loc>
    </url>
    <url>
      <loc>https://www.pagalsongs.online/har-har-shambhu-ringtone-download-2023-new-ringtones-0</loc>
    </url>
    <url>
      <loc>https://www.pagalsongs.online/o-re-piya-mp3--song-download</loc>
    </url>
    <url>
      <loc>https://www.pagalsongs.online/mi-single-mp3--0s-download-2024</loc>
    </url>
    <url>
      <loc>https://www.pagalsongs.online/paparazzi-peeche-mp3-song-download</loc>
    </url>
    <url>
      <loc>https://www.pagalsongs.online/suit-karda-mp3-song-download</loc>
    </url>
    <url>
      <loc>https://www.pagalsongs.online/dil-tuteya-tadak-karke-mp3-song-download</loc>
    </url>
    <url>
      <loc>https://www.pagalsongs.online/life-jatt-di-mp3-songs-download</loc>
    </url>
    <url>
      <loc>https://www.pagalsongs.online/oouuu-mp3-song-download</loc>
    </url>
    <url>
      <loc>https://www.pagalsongs.online/sufi-sufi-mp3-song-download</loc>
    </url>
    <url>
      <loc>https://www.pagalsongs.online/summer-high-mp3-song-download</loc>
    </url>
    <url>
      <loc>https://www.pagalsongs.online/right-left-mp3-song-download</loc>
    </url>
    <url>
      <loc>https://www.pagalsongs.online/tere-vich-rab-disda-mp3-song-download</loc>
    </url>
    <url>
      <loc>https://www.pagalsongs.online/main-barish-ki-boli-samajhta-nahi-tha-mp3-song-download</loc>
    </url>
    <url>
      <loc>https://www.pagalsongs.online/lahoriya-mp3-song-download</loc>
    </url>
    <url>
      <loc>https://www.pagalsongs.online/masoom-sharma-bandook-mp3-song-download</loc>
    </url>
    <url>
      <loc>https://www.pagalsongs.online/yaar-jatt-de-mp3-song-download</loc>
    </url>
    <url>
      <loc>https://www.pagalsongs.online/chobbar-mp3-song-download</loc>
    </url>
    <url>
      <loc>https://www.pagalsongs.online/follow-follow-mp3--song-download</loc>
    </url>
    <url>
      <loc>https://www.pagalsongs.online/tik-tok-mp3-song-download</loc>
    </url>
    <url>
      <loc>https://www.pagalsongs.online/tere-hawaale-mp3--song-download</loc>
    </url>
    <url>
      <loc>https://www.pagalsongs.online/yeh-jeevan-hai-mp3-song-download</loc>
    </url>
    <url>
      <loc>https://www.pagalsongs.online/dekhi-dekhi-mp3-song-download</loc>
    </url>
    <url>
      <loc>https://www.pagalsongs.online/tu-hi-hai-sanam-mp3-song-download</loc>
    </url>
    <url>
      <loc>https://www.pagalsongs.online/jind-mahi-title-track-mp3-song-download</loc>
    </url>
    <url>
      <loc>https://www.pagalsongs.online/sorry-sorry-mp3-song-download</loc>
    </url>
    <url>
      <loc>https://www.pagalsongs.online/sasti-si-chaa-mp3-song-download-2024</loc>
    </url>
    <url>
      <loc>https://www.pagalsongs.online/bekhabar-mp3-song-download</loc>
    </url>
    <url>
      <loc>https://www.pagalsongs.online/never-let-you-go-mashup-2022-vdj-royal-mp3--song-download-2024</loc>
    </url>
    <url>
      <loc>https://www.pagalsongs.online/lahariya-luta-aye-raja-dj-mix-mp3-song-download</loc>
    </url>
    <url>
      <loc>https://www.pagalsongs.online/kya-cheez-ho-tum-khud-tumhe-malum-nahi-hai-mp3-song-download</loc>
    </url>
    <url>
      <loc>https://www.pagalsongs.online/dil-mein-tu-zinda-hai-har-ek-ghadi-mp3-song-download</loc>
    </url>
    <url>
      <loc>https://www.pagalsongs.online/chanda-bhi-deewana-hai-tera-mp3-song-download</loc>
    </url>
    <url>
      <loc>https://www.pagalsongs.online/iss-baarish-mein-sad-version-mp3-song-download</loc>
    </url>
    <url>
      <loc>https://www.pagalsongs.online/hansraj-raghuwanshi-bholenath-ji-mp3-song-download</loc>
    </url>
    <url>
      <loc>https://www.pagalsongs.online/har-har-shambhu-farmani-naaz-mp3-song-download</loc>
    </url>
    <url>
      <loc>https://www.pagalsongs.online/teri-look-mp3-song-download</loc>
    </url>
    <url>
      <loc>https://www.pagalsongs.online/tenu-dil-vich-rakhan-mp3-song-download</loc>
    </url>
    <url>
      <loc>https://www.pagalsongs.online/freestyle-mp3-song-download</loc>
    </url>
    <url>
      <loc>https://www.pagalsongs.online/vikram-rolex-bgm-ringtone-download-0</loc>
    </url>
    <url>
      <loc>https://www.pagalsongs.online/he-knows-mp3-song-download</loc>
    </url>
    <url>
      <loc>https://www.pagalsongs.online/kitna-pyara-naam-hai-tera-mp3-song-download</loc>
    </url>
    <url>
      <loc>https://www.pagalsongs.online/wafa-mp3-song-download</loc>
    </url>
    <url>
      <loc>https://www.pagalsongs.online/kosandra-mp3-song-download</loc>
    </url>
    <url>
      <loc>https://www.pagalsongs.online/santra-15-wala-santra-mp3-song-download</loc>
    </url>
    <url>
      <loc>https://www.pagalsongs.online/hunkara-mp3-song-download-2024</loc>
    </url>
    <url>
      <loc>https://www.pagalsongs.online/robin-hood-mp3-song-download</loc>
    </url>
    <url>
      <loc>https://www.pagalsongs.online/om-namah-shivaaye-mp3-song-download</loc>
    </url>
    <url>
      <loc>https://www.pagalsongs.online/teri-yaadon-se-mp3-song-download</loc>
    </url>
    <url>
      <loc>https://www.pagalsongs.online/ehsaan-faramosh-mp3-song-download</loc>
    </url>
    <url>
      <loc>https://www.pagalsongs.online/shiv-tandav-psy-mp3-songs-download</loc>
    </url>
    <url>
      <loc>https://www.pagalsongs.online/monsoon-mashup-2022-naresh-parmar-mp3-song-download</loc>
    </url>
    <url>
      <loc>https://www.pagalsongs.online/haathon-mein-mere-tera-haath-ho-mp3-song-download</loc>
    </url>
    <url>
      <loc>https://www.pagalsongs.online/kesariya-mashup-dj-aqeel-mp3-song-download</loc>
    </url>
    <url>
      <loc>https://www.pagalsongs.online/hollybolly-mega-mashup-2022-dip-sr-mp3-song-download</loc>
    </url>
    <url>
      <loc>https://www.pagalsongs.online/kesariya-love-megamix-sush-yohan-2022-mp3-song-download</loc>
    </url>
    <url>
      <loc>https://www.pagalsongs.online/dubda-sooraj-mp3-song-download</loc>
    </url>
    <url>
      <loc>https://www.pagalsongs.online/dard-ishq-hai-mp3-song-download</loc>
    </url>
    <url>
      <loc>https://www.pagalsongs.online/kundi-laga-le-saiya-mp3-song-download</loc>
    </url>
    <url>
      <loc>https://www.pagalsongs.online/lobotomy-mp3-song-download</loc>
    </url>
    <url>
      <loc>https://www.pagalsongs.online/yaaron-dosti-mashup-2022-dj-lemon-mp3-song-download</loc>
    </url>
    <url>
      <loc>https://www.pagalsongs.online/chikki-bambe-mp3-song-download</loc>
    </url>
    <url>
      <loc>https://www.pagalsongs.online/no-love-feeling-mashup-2022-sunny-hassan-mp3-song-download</loc>
    </url>
    <url>
      <loc>https://www.pagalsongs.online/changa-na-lagge-mp3-song-download</loc>
    </url>
    <url>
      <loc>https://www.pagalsongs.online/main-koi-aisa-geet-gaoon-mp3-song-download</loc>
    </url>
    <url>
      <loc>https://www.pagalsongs.online/-hanju-mp3-song-download</loc>
    </url>
    <url>
      <loc>https://www.pagalsongs.online/crazy-dil-mp3-song-download</loc>
    </url>
    <url>
      <loc>https://www.pagalsongs.online/friendship-day-mashup-2022-visual-galaxy-mp3-song-download</loc>
    </url>
    <url>
      <loc>https://www.pagalsongs.online/chele-tor-preme-porar-karon-mp3-song-download</loc>
    </url>
    <url>
      <loc>https://www.pagalsongs.online/shades-of-love-mashup-2022-amtee-mp3-song-download</loc>
    </url>
    <url>
      <loc>https://www.pagalsongs.online/vallage-mp3-song-download</loc>
    </url>
    <url>
      <loc>https://www.pagalsongs.online/har-har-shambhu-ringtone-hansraj-raghuwanshi-mp3-song-download-2533444-0</loc>
    </url>
    <url>
      <loc>https://www.pagalsongs.online/love-is-in-the-air-mashup-2022-jay-guldekar-mp3-song-download</loc>
    </url>
    <url>
      <loc>https://www.pagalsongs.online/daring-gabru-mp3-song-download</loc>
    </url>
    <url>
      <loc>https://www.pagalsongs.online/baarish-banke-aana-mp3-song-download</loc>
    </url>
    <url>
      <loc>https://www.pagalsongs.online/tere-naal-pyar-ho-gya-song-download</loc>
    </url>
    <url>
      <loc>https://www.pagalsongs.online/tere-naal-pyar-ho-gay-ringtone-download-0</loc>
    </url>
    <url>
      <loc>https://www.pagalsongs.online/kehndi-hundi-si-ringtone-download-0</loc>
    </url>
    <url>
      <loc>https://www.pagalsongs.online/jo-tum-na-ho-meri-bahon-mein-mp3-song-download</loc>
    </url>
    <url>
      <loc>https://www.pagalsongs.online/jee-lain-de-mp3-song-download</loc>
    </url>
    <url>
      <loc>https://www.pagalsongs.online/chahoonga-main-tujhe-mp3-song-download</loc>
    </url>
    <url>
      <loc>https://www.pagalsongs.online/black-business-mp3-songs-download-2024</loc>
    </url>
    <url>
      <loc>https://www.pagalsongs.online/king-of-your-city-mp3-songs-download-2024</loc>
    </url>
    <url>
      <loc>https://www.pagalsongs.online/proudly-villagers-mp3-song-download</loc>
    </url>
    <url>
      <loc>https://www.pagalsongs.online/what-you-want-mp3-song-download-2024</loc>
    </url>
    <url>
      <loc>https://www.pagalsongs.online/shounki-asle-da-mp3-song-download</loc>
    </url>
    <url>
      <loc>https://www.pagalsongs.online/la-mp3-song-download</loc>
    </url>
    <url>
      <loc>https://www.pagalsongs.online/badaami-rangya-mp3-song-download</loc>
    </url>
    <url>
      <loc>https://www.pagalsongs.online/-rim-mp3-song-download</loc>
    </url>
    <url>
      <loc>https://www.pagalsongs.online/-booha-mp3-song-download</loc>
    </url>
    <url>
      <loc>https://www.pagalsongs.online/koka-on-pistol-mp3-song-download-0</loc>
    </url>
    <url>
      <loc>https://www.pagalsongs.online/my-god-mp3-song-download</loc>
    </url>
    <url>
      <loc>https://www.pagalsongs.online/chill-mode-mp3-song-download</loc>
    </url>
    <url>
      <loc>https://www.pagalsongs.online/haal-chaal-mp3-song-download</loc>
    </url>
    <url>
      <loc>https://www.pagalsongs.online/jithe-v-tu-mp3-song-download</loc>
    </url>
    <url>
      <loc>https://www.pagalsongs.online/--majnu-mp3-song-download</loc>
    </url>
    <url>
      <loc>https://www.pagalsongs.online/kesariya-x-sunflower-mashup-dj-lemon-mp3-song-download</loc>
    </url>
    <url>
      <loc>https://www.pagalsongs.online/-alvida-mp3-song-download</loc>
    </url>
    <url>
      <loc>https://www.pagalsongs.online/vyrloriginals-jaane-de-mp3-song-download</loc>
    </url>
    <url>
      <loc>https://www.pagalsongs.online/kaale-naina-mp3-song-download</loc>
    </url>
    <url>
      <loc>https://www.pagalsongs.online/dolce-gabbana-mp3-song-download</loc>
    </url>
    <url>
      <loc>https://www.pagalsongs.online/kabil-mp3-song-download-2024</loc>
    </url>
    <url>
      <loc>https://www.pagalsongs.online/mitti-de-tibbe-mp3-songs-download</loc>
    </url>
    <url>
      <loc>https://www.pagalsongs.online/oh-bhaiya-mp3-song-download</loc>
    </url>
    <url>
      <loc>https://www.pagalsongs.online/-zehar-mp3-song-download</loc>
    </url>
    <url>
      <loc>https://www.pagalsongs.online/mere-liye-mp3-song-download-</loc>
    </url>
    <url>
      <loc>https://www.pagalsongs.online/adirindey-mp3-song-download-0</loc>
    </url>
    <url>
      <loc>https://www.pagalsongs.online/hiccups-hichkiyan-mp3-song-download</loc>
    </url>
    <url>
      <loc>https://www.pagalsongs.online/zindagi-tamasha-mp3-song-download</loc>
    </url>
    <url>
      <loc>https://www.pagalsongs.online/dil-de-kamre-mp3-song-download</loc>
    </url>
    <url>
      <loc>https://www.pagalsongs.online/gaddiyan-te-yaar-mp3-song-download</loc>
    </url>
    <url>
      <loc>https://www.pagalsongs.online/sanki-mp3-song-download</loc>
    </url>
    <url>
      <loc>https://www.pagalsongs.online/top-off-mp3-song-download</loc>
    </url>
    <url>
      <loc>https://www.pagalsongs.online/lyrical-rapper-dead-song-download</loc>
    </url>
    <url>
      <loc>https://www.pagalsongs.online/graffiti-mp3-song-download</loc>
    </url>
    <url>
      <loc>https://www.pagalsongs.online/dhoop-chhaon-mp3-song-download</loc>
    </url>
    <url>
      <loc>https://www.pagalsongs.online/spooky-mp3-song-download</loc>
    </url>
    <url>
      <loc>https://www.pagalsongs.online/-fly-mp3-song-download</loc>
    </url>
    <url>
      <loc>https://www.pagalsongs.online/de-taali-remix-dj-sunny-singh-uk-mp3-song-download</loc>
    </url>
    <url>
      <loc>https://www.pagalsongs.online/kahani-baaki-hai-mp3-song-download</loc>
    </url>
    <url>
      <loc>https://www.pagalsongs.online/pehli-pehli-baarish-mp3-song-download</loc>
    </url>
    <url>
      <loc>https://www.pagalsongs.online/dil-wali-baat-mp3-song-download</loc>
    </url>
    <url>
      <loc>https://www.pagalsongs.online/mashooka-mp3-song-download</loc>
    </url>
    <url>
      <loc>https://www.pagalsongs.online/chunni-lot-mp3-song-download</loc>
    </url>
    <url>
      <loc>https://www.pagalsongs.online/kisi-se-koi-pyar-na-kare-mp3-song-download</loc>
    </url>
    <url>
      <loc>https://www.pagalsongs.online/hola-como-tale-tale-vu-mp3-song-download</loc>
    </url>
    <url>
      <loc>https://www.pagalsongs.online/ye-dhokhe-pyar-ke-dhoke-song-download</loc>
    </url>
    <url>
      <loc>https://www.pagalsongs.online/dhoke-pyaar-ke-mp3-song-download</loc>
    </url>
    <url>
      <loc>https://www.pagalsongs.online/har-har-shambhu-rap-version-mp3-song-download</loc>
    </url>
    <url>
      <loc>https://www.pagalsongs.online/hai-mera-dil-chura-ke-le-gaya-over-you-remix-mp3-songs-download-2024</loc>
    </url>
    <url>
      <loc>https://www.pagalsongs.online/waliyan-mp3-song-download</loc>
    </url>
    <url>
      <loc>https://www.pagalsongs.online/saau-jatt-mp3-song-download</loc>
    </url>
    <url>
      <loc>https://www.pagalsongs.online/rangrez-mp3-song-download</loc>
    </url>
    <url>
      <loc>https://www.pagalsongs.online/amar-sehmbi-suit-mp3-song-download</loc>
    </url>
    <url>
      <loc>https://www.pagalsongs.online/allah-maaf-kre-mp3-song-download</loc>
    </url>
    <url>
      <loc>https://www.pagalsongs.online/big-men-chapter-3-mp3-song-download-0</loc>
    </url>
    <url>
      <loc>https://www.pagalsongs.online/monsoon-breakup-mashup-2022-dj-bks-sunix-thakor-mp3-song-download</loc>
    </url>
    <url>
      <loc>https://www.pagalsongs.online/pakki-wali-dosti-mp3-song-download</loc>
    </url>
    <url>
      <loc>https://www.pagalsongs.online/ra-ra-reddy-im-ready-mp3-songs-download</loc>
    </url>
    <url>
      <loc>https://www.pagalsongs.online/-casanova-mp3-song-download</loc>
    </url>
    <url>
      <loc>https://www.pagalsongs.online/arijit-singh-mashup-2022-jay-guldekar-mp3-song-download</loc>
    </url>
    <url>
      <loc>https://www.pagalsongs.online/mithi-mithi-mp3-song-download</loc>
    </url>
    <url>
      <loc>https://www.pagalsongs.online/dhinak-dhin-dha-mp3-song-download</loc>
    </url>
    <url>
      <loc>https://www.pagalsongs.online/jhankar-mp3-song-download-2024</loc>
    </url>
    <url>
      <loc>https://www.pagalsongs.online/shiv-mahadeva-mp3-song-download</loc>
    </url>
    <url>
      <loc>https://www.pagalsongs.online/galliyon-wala-banaras-mp3-song-download</loc>
    </url>
    <url>
      <loc>https://www.pagalsongs.online/incomplete-love-mashup-2022-naresh-parmar-mp3-song-download</loc>
    </url>
    <url>
      <loc>https://www.pagalsongs.online/breakan-mp3-song-download</loc>
    </url>
    <url>
      <loc>https://www.pagalsongs.online/-shiddat-mp3-song-download</loc>
    </url>
    <url>
      <loc>https://www.pagalsongs.online/class-mp3-song-download</loc>
    </url>
    <url>
      <loc>https://www.pagalsongs.online/naa-tere-bin-mp3-song-download</loc>
    </url>
    <url>
      <loc>https://www.pagalsongs.online/ill-be-waiting-x-kabhi-jo-badaal-barse-mp3-song---download-2024</loc>
    </url>
    <url>
      <loc>https://www.pagalsongs.online/pasoori-x-mann-mera-mashup-gravero-mp3-song-download-2024</loc>
    </url>
    <url>
      <loc>https://www.pagalsongs.online/love-me-back-mp3-song-download</loc>
    </url>
    <url>
      <loc>https://www.pagalsongs.online/pata-chalgea-mp3-song-download</loc>
    </url>
    <url>
      <loc>https://www.pagalsongs.online/-beliya-mp3-song-download</loc>
    </url>
    <url>
      <loc>https://www.pagalsongs.online/waiting-mp3-song-download</loc>
    </url>
    <url>
      <loc>https://www.pagalsongs.online/-shiv-rudrashtakam-mp3-song-download</loc>
    </url>
    <url>
      <loc>https://www.pagalsongs.online/vanilla-mp3-song-download</loc>
    </url>
    <url>
      <loc>https://www.pagalsongs.online/red-chilli-mp3-song-download</loc>
    </url>
    <url>
      <loc>https://www.pagalsongs.online/caviar-mp3-song-download</loc>
    </url>
    <url>
      <loc>https://www.pagalsongs.online/lemonade-mp3-song-download</loc>
    </url>
    <url>
      <loc>https://www.pagalsongs.online/ik-geda-mp3-song-download</loc>
    </url>
    <url>
      <loc>https://www.pagalsongs.online/straight-forward-mp3-song-download</loc>
    </url>
    <url>
      <loc>https://www.pagalsongs.online/-veham-mp3-song-download</loc>
    </url>
    <url>
      <loc>https://www.pagalsongs.online/-surma-mp3-song-download</loc>
    </url>
    <url>
      <loc>https://www.pagalsongs.online/kaana-pe-baal-mp3-song-download</loc>
    </url>
    <url>
      <loc>https://www.pagalsongs.online/daru-chad-gya-mp3--song-download</loc>
    </url>
    <url>
      <loc>https://www.pagalsongs.online/uttrakhand-ke-raja-mp3-song-download-00</loc>
    </url>
    <url>
      <loc>https://www.pagalsongs.online/the-devils-fury-gumma-banda-gumma-mp3-song-download</loc>
    </url>
    <url>
      <loc>https://www.pagalsongs.online/haye-vee-mp3-song-download</loc>
    </url>
    <url>
      <loc>https://www.pagalsongs.online/yeh-baarishein-mp3-song-download</loc>
    </url>
    <url>
      <loc>https://www.pagalsongs.online/kamaal-hai-mp3-song-download</loc>
    </url>
    <url>
      <loc>https://www.pagalsongs.online/gallan-hor-hogiyan-mp3-song-download</loc>
    </url>
    <url>
      <loc>https://www.pagalsongs.online/like-you-mp3---songs-download</loc>
    </url>
    <url>
      <loc>https://www.pagalsongs.online/dekh-lena-mp3-song-download</loc>
    </url>
    <url>
      <loc>https://www.pagalsongs.online/bhole-baba-kamaal-kar-baithe-mp3-song-download-2024</loc>
    </url>
    <url>
      <loc>https://www.pagalsongs.online/tokk-mp3-song-download</loc>
    </url>
    <url>
      <loc>https://www.pagalsongs.online/raza-mp3-song-download</loc>
    </url>
    <url>
      <loc>https://www.pagalsongs.online/lehnga-lahori-mp3-song-download</loc>
    </url>
    <url>
      <loc>https://www.pagalsongs.online/woh-beetey-din-mp3-song-download</loc>
    </url>
    <url>
      <loc>https://www.pagalsongs.online/muskuraa-lena-tum-mp3-song-download</loc>
    </url>
    <url>
      <loc>https://www.pagalsongs.online/kannil-kannil-mp3-song-download</loc>
    </url>
    <url>
      <loc>https://www.pagalsongs.online/ek-pal-bhi-tumse-door-mp3-song-download</loc>
    </url>
    <url>
      <loc>https://www.pagalsongs.online/rabba-mainu-mp3-song-download</loc>
    </url>
    <url>
      <loc>https://www.pagalsongs.online/kaanunna-kalyanam-mp3-song-download</loc>
    </url>
    <url>
      <loc>https://www.pagalsongs.online/-kahani-mp3--song-download</loc>
    </url>
    <url>
      <loc>https://www.pagalsongs.online/gaddi-vich-mp3-song-download</loc>
    </url>
    <url>
      <loc>https://www.pagalsongs.online/cheer-mp3-song-download</loc>
    </url>
    <url>
      <loc>https://www.pagalsongs.online/mudh-aa-mp3-song-download</loc>
    </url>
    <url>
      <loc>https://www.pagalsongs.online/nacho-bhola-ke-bhakton-mp3-song-download</loc>
    </url>
    <url>
      <loc>https://www.pagalsongs.online/kesariya-tera-song-download</loc>
    </url>
    <url>
      <loc>https://www.pagalsongs.online/-majnu-mp3-song-download</loc>
    </url>
    <url>
      <loc>https://www.pagalsongs.online/kesariya-tera-ishq-hai-piya-mp3-songs-download</loc>
    </url>
    <url>
      <loc>https://www.pagalsongs.online/thanks-to-my-haters-mp3-song-download</loc>
    </url>
    <url>
      <loc>https://www.pagalsongs.online/kunkumamaake-malayalam-mp3-song-download</loc>
    </url>
    <url>
      <loc>https://www.pagalsongs.online/kesariya-mp3-song-download-2024</loc>
    </url>
    <url>
      <loc>https://www.pagalsongs.online/theethiriyaai-tamil-mp3-song-download</loc>
    </url>
    <url>
      <loc>https://www.pagalsongs.online/kesariya-rangu-kannada-mp3-song-download</loc>
    </url>
    <url>
      <loc>https://www.pagalsongs.online/jai-jai-shivshankar-mp3-song-download</loc>
    </url>
    <url>
      <loc>https://www.pagalsongs.online/jubin-nautiyal-mashup-2022-jay-guldekar-mp3-song-download</loc>
    </url>
    <url>
      <loc>https://www.pagalsongs.online/chandi-diya-jhanjran-mp3-song-download</loc>
    </url>
    <url>
      <loc>https://www.pagalsongs.online/kesariya-ringtone-download-2023-0</loc>
    </url>
    <url>
      <loc>https://www.pagalsongs.online/teetra-mp3-song-download</loc>
    </url>
    <url>
      <loc>https://www.pagalsongs.online/shiv-mein-milna-hai-mp3-song-download</loc>
    </url>
    <url>
      <loc>https://www.pagalsongs.online/awaara-hoon-mp3-song-download</loc>
    </url>
    <url>
      <loc>https://www.pagalsongs.online/-pink-pink-mp3-song-download</loc>
    </url>
    <url>
      <loc>https://www.pagalsongs.online/dream-catcher-mp3-song-download</loc>
    </url>
    <url>
      <loc>https://www.pagalsongs.online/feel-the-love-mashup-2022-mp3-song-download-amtee</loc>
    </url>
    <url>
      <loc>https://www.pagalsongs.online/-baawla-mp3-song-download</loc>
    </url>
    <url>
      <loc>https://www.pagalsongs.online/bhool-bhulaiyaa-2-dj-lemon-mp3-song-download</loc>
    </url>
    <url>
      <loc>https://www.pagalsongs.online/-peaches-mp3-song-download</loc>
    </url>
    <url>
      <loc>https://www.pagalsongs.online/shamshera-title-track-mp3-song-download</loc>
    </url>
    <url>
      <loc>https://www.pagalsongs.online/-balma-mp3-song-download</loc>
    </url>
    <url>
      <loc>https://www.pagalsongs.online/all-we-need-is-love-mp3-song-download</loc>
    </url>
    <url>
      <loc>https://www.pagalsongs.online/ho-gaya-hai-pyaar-mp3-songs-download</loc>
    </url>
    <url>
      <loc>https://www.pagalsongs.online/deadlock-mp3-song-download</loc>
    </url>
    <url>
      <loc>https://www.pagalsongs.online/that-girl-mp3-song-download</loc>
    </url>
    <url>
      <loc>https://www.pagalsongs.online/mubarak-ho-mp3-song-download</loc>
    </url>
    <url>
      <loc>https://www.pagalsongs.online/tur-kalleyan-mp3-song-download</loc>
    </url>
    <url>
      <loc>https://www.pagalsongs.online/mann-laage-mp3-song-download</loc>
    </url>
    <url>
      <loc>https://www.pagalsongs.online/suroor-sa-mp3-song-download</loc>
    </url>
    <url>
      <loc>https://www.pagalsongs.online/dheere-dheere-tumse-pyaar-hogaya-mp3-song-download</loc>
    </url>
    <url>
      <loc>https://www.pagalsongs.online/tu-jinna-karda-ae-mp3-song-download</loc>
    </url>
    <url>
      <loc>https://www.pagalsongs.online/bhool-bhulaiyaa-2-remix-dj-yogii-mp3-song-download</loc>
    </url>
    <url>
      <loc>https://www.pagalsongs.online/-shadow-mp3-song-download</loc>
    </url>
    <url>
      <loc>https://www.pagalsongs.online/de-de-dil-mp3-song-download</loc>
    </url>
    <url>
      <loc>https://www.pagalsongs.online/barish-aayi-hai-songs-download-2024</loc>
    </url>
    <url>
      <loc>https://www.pagalsongs.online/awaz-mp3-song-download</loc>
    </url>
    <url>
      <loc>https://www.pagalsongs.online/raat-kali-ek-khwab-mein-mp3-song-download</loc>
    </url>
    <url>
      <loc>https://www.pagalsongs.online/garnetar-mp3---songs-download-2024</loc>
    </url>
    <url>
      <loc>https://www.pagalsongs.online/rangisari-remix-dj-aqeel-mp3-song-download</loc>
    </url>
    <url>
      <loc>https://www.pagalsongs.online/kaise-dil-todte-hai-sikha-de-mujhe-mp3-song-download</loc>
    </url>
    <url>
      <loc>https://www.pagalsongs.online/ye-adah-mp3-song-download</loc>
    </url>
    <url>
      <loc>https://www.pagalsongs.online/south-indian-music-mashup-2022-dj-shadow-dubai-mp3-song-download</loc>
    </url>
    <url>
      <loc>https://www.pagalsongs.online/-patake-mp3-song-download</loc>
    </url>
    <url>
      <loc>https://www.pagalsongs.online/mutiyare-ni-mp3-song-download</loc>
    </url>
    <url>
      <loc>https://www.pagalsongs.online/tinka-mp3-song-download</loc>
    </url>
    <url>
      <loc>https://www.pagalsongs.online/-machayenge-4-mp3-song-download</loc>
    </url>
    <url>
      <loc>https://www.pagalsongs.online/kamariya-automatic-left-right-mp3-song-download</loc>
    </url>
    <url>
      <loc>https://www.pagalsongs.online/arjan-dhillon-nakhre-mp3-song-download</loc>
    </url>
    <url>
      <loc>https://www.pagalsongs.online/kesariya-mashup-2022-dj-bks-sunix-thakor-mp3-song-download</loc>
    </url>
    <url>
      <loc>https://www.pagalsongs.online/akdi-pakdi-tamil-mp3-song-download</loc>
    </url>
    <url>
      <loc>https://www.pagalsongs.online/akdi-pakdi-kannada-mp3-song-download</loc>
    </url>
    <url>
      <loc>https://www.pagalsongs.online/akdi-pakdi-telugu-mp3-song-download</loc>
    </url>
    <url>
      <loc>https://www.pagalsongs.online/akdi-pakdi-malayalam-mp3-song-download</loc>
    </url>
    <url>
      <loc>https://www.pagalsongs.online/akdi-pakdi-song-download</loc>
    </url>
    <url>
      <loc>https://www.pagalsongs.online/barbie-maan-badmashi-mp3-song-download</loc>
    </url>
    <url>
      <loc>https://www.pagalsongs.online/nakhro-vs-glock-mp3-song-download</loc>
    </url>
    <url>
      <loc>https://www.pagalsongs.online/vaasta-mp3-song-download</loc>
    </url>
    <url>
      <loc>https://www.pagalsongs.online/lahariyo-mp3---songs-download-2024</loc>
    </url>
    <url>
      <loc>https://www.pagalsongs.online/stunt-mp3-song-download</loc>
    </url>
    <url>
      <loc>https://www.pagalsongs.online/nam-reh-jayega-mp3-song-download</loc>
    </url>
    <url>
      <loc>https://www.pagalsongs.online/tera-ye-ishq-mera-fitoor-mp3-song-download</loc>
    </url>
    <url>
      <loc>https://www.pagalsongs.online/let-me-love-you-mp3---0s-download-2024-ff-uu</loc>
    </url>
    <url>
      <loc>https://www.pagalsongs.online/justin-bieber-believe-mp3--song-download-2024-0</loc>
    </url>
    <url>
      <loc>https://www.pagalsongs.online/essence-of-love-mashup-2022-vinick-mp3-song-download</loc>
    </url>
    <url>
      <loc>https://www.pagalsongs.online/farme-to-fame-mp3-song-download</loc>
    </url>
    <url>
      <loc>https://www.pagalsongs.online/roots-mp3-song-download-0</loc>
    </url>
    <url>
      <loc>https://www.pagalsongs.online/dil-farebi-mp3--song-download</loc>
    </url>
    <url>
      <loc>https://www.pagalsongs.online/mubbarak-eid-mubbarak-mp3--song-download-</loc>
    </url>
    <url>
      <loc>https://www.pagalsongs.online/bholenath-ji-mp3--download</loc>
    </url>
    <url>
      <loc>https://www.pagalsongs.online/monsoon-love-mashup-2022-amtee-mp3-song-download</loc>
    </url>
    <url>
      <loc>https://www.pagalsongs.online/rauleyan-ch-naa-mp3-song-download</loc>
    </url>
    <url>
      <loc>https://www.pagalsongs.online/mulaqaat-mp3-song-download</loc>
    </url>
    <url>
      <loc>https://www.pagalsongs.online/tim-hortons-mp3-song-download</loc>
    </url>
    <url>
      <loc>https://www.pagalsongs.online/sugar-dreams-mp3-song-download</loc>
    </url>
    <url>
      <loc>https://www.pagalsongs.online/karan-aujla-game-over-mp3-song-download</loc>
    </url>
    <url>
      <loc>https://www.pagalsongs.online/meherbaan-mp3-song-download</loc>
    </url>
    <url>
      <loc>https://www.pagalsongs.online/jaan-fikraan-ch-mp3-song-download</loc>
    </url>
    <url>
      <loc>https://www.pagalsongs.online/dil-ek-villain-returns-mp3-song-download</loc>
    </url>
    <url>
      <loc>https://www.pagalsongs.online/machayenge-4-mp3--song-download</loc>
    </url>
    <url>
      <loc>https://www.pagalsongs.online/baarish-ke-din-mp3-song-download</loc>
    </url>
    <url>
      <loc>https://www.pagalsongs.online/baarishon-mein-mp3-song-download</loc>
    </url>
    <url>
      <loc>https://www.pagalsongs.online/trap-munde-mp3-song-download</loc>
    </url>
    <url>
      <loc>https://www.pagalsongs.online/nijjar-taare-mp3-song-download</loc>
    </url>
    <url>
      <loc>https://www.pagalsongs.online/chalo-theek-hai-mp3-song-download</loc>
    </url>
    <url>
      <loc>https://www.pagalsongs.online/hello-world-mp3-song-download</loc>
    </url>
    <url>
      <loc>https://www.pagalsongs.online/adventure-time-mp3-song-download</loc>
    </url>
    <url>
      <loc>https://www.pagalsongs.online/phireya-mp3-song-download</loc>
    </url>
    <url>
      <loc>https://www.pagalsongs.online/bang-bang-mp3-song-download</loc>
    </url>
    <url>
      <loc>https://www.pagalsongs.online/hindustan-meri-jaan-mp3-song-download</loc>
    </url>
    <url>
      <loc>https://www.pagalsongs.online/fitoor-mp3-song-download</loc>
    </url>
    <url>
      <loc>https://www.pagalsongs.online/subah-se-shaam-male-version-mp3-song-download</loc>
    </url>
    <url>
      <loc>https://www.pagalsongs.online/whats-going-on-mp3--song-download</loc>
    </url>
    <url>
      <loc>https://www.pagalsongs.online/deedar-kaur-dholna-mp3-song-download</loc>
    </url>
    <url>
      <loc>https://www.pagalsongs.online/street-of-tapori-mega-mashup-2022-dj-avi-mp3-song-download</loc>
    </url>
    <url>
      <loc>https://www.pagalsongs.online/maine-tujhe-dekha-haste-hue-gaalon-mein-jhoom-remix-dj-purvish-mp3-song-download</loc>
    </url>
    <url>
      <loc>https://www.pagalsongs.online/mere-khwabon-mein-remix-dj-piyush-bajaj-mp3-song-download</loc>
    </url>
    <url>
      <loc>https://www.pagalsongs.online/kuch-kuch-hota-hai-cover-mp3-song-download</loc>
    </url>
    <url>
      <loc>https://www.pagalsongs.online/mehabooba-telugu-mp3-song-download</loc>
    </url>
    <url>
      <loc>https://www.pagalsongs.online/mehabooba-malayalam-mp3-song-download</loc>
    </url>
    <url>
      <loc>https://www.pagalsongs.online/mehabooba-kannada-song-download</loc>
    </url>
    <url>
      <loc>https://www.pagalsongs.online/sanvali-mp3-song-download</loc>
    </url>
    <url>
      <loc>https://www.pagalsongs.online/mere-baare-mp3-song-download</loc>
    </url>
    <url>
      <loc>https://www.pagalsongs.online/badmash-mp3-song-download</loc>
    </url>
    <url>
      <loc>https://www.pagalsongs.online/ambulance-mp3-song-download</loc>
    </url>
    <url>
      <loc>https://www.pagalsongs.online/baahon-ke-takiye-mp3-song-download</loc>
    </url>
    <url>
      <loc>https://www.pagalsongs.online/lullaby-mp3-0-download-2024</loc>
    </url>
    <url>
      <loc>https://www.pagalsongs.online/bindrakhiya-mp3-song-download</loc>
    </url>
    <url>
      <loc>https://www.pagalsongs.online/radhe-radhe-mp3-song-download-hansraj-raghuwanshi</loc>
    </url>
    <url>
      <loc>https://www.pagalsongs.online/syl-mp3-download-2024-sidhu-moose-wala-0</loc>
    </url>
    <url>
      <loc>https://www.pagalsongs.online/gucci-di-sole-mp3-song-download</loc>
    </url>
    <url>
      <loc>https://www.pagalsongs.online/maaya-gange-mp3-song-download</loc>
    </url>
    <url>
      <loc>https://www.pagalsongs.online/hum-teri-mohabbat-mein-recreate-cover-mp3-song-download</loc>
    </url>
    <url>
      <loc>https://www.pagalsongs.online/waves-mp3-song-download</loc>
    </url>
    <url>
      <loc>https://www.pagalsongs.online/ishq-tujhe-mp3-song-download</loc>
    </url>
    <url>
      <loc>https://www.pagalsongs.online/aadi-aadi-mp3-song-download</loc>
    </url>
    <url>
      <loc>https://www.pagalsongs.online/putt-patela-da-mp3-song-download</loc>
    </url>
    <url>
      <loc>https://www.pagalsongs.online/maye-ni-maye-mp3-song-download</loc>
    </url>
    <url>
      <loc>https://www.pagalsongs.online/love-to-die-mp3-song-download</loc>
    </url>
    <url>
      <loc>https://www.pagalsongs.online/galliyan-returns-mp3-song-download</loc>
    </url>
    <url>
      <loc>https://www.pagalsongs.online/teri-galliyan-ek-villain-returns-mp3-song-download</loc>
    </url>
    <url>
      <loc>https://www.pagalsongs.online/wrong-man-mp3-song-download</loc>
    </url>
    <url>
      <loc>https://www.pagalsongs.online/nachan-ki-tol-mp3-song-download</loc>
    </url>
    <url>
      <loc>https://www.pagalsongs.online/badal-gaye-tum-mp3-song-download</loc>
    </url>
    <url>
      <loc>https://www.pagalsongs.online/barsaat-ka-mausam-mp3-song-download</loc>
    </url>
    <url>
      <loc>https://www.pagalsongs.online/tere-bina-mp3-song-download-samar-monsoon</loc>
    </url>
    <url>
      <loc>https://www.pagalsongs.online/alan-walker-mega-mashup-2022-dip-sr-mp3--song-download</loc>
    </url>
    <url>
      <loc>https://www.pagalsongs.online/janam-pe-janam-mp3-songs-download</loc>
    </url>
    <url>
      <loc>https://www.pagalsongs.online/pehli-pehli-baar-jab-remix-dj-dharak-mp3-song-download</loc>
    </url>
    <url>
      <loc>https://www.pagalsongs.online/monsoon-sad-love-mashup-2022-vinick-mp3-song-download</loc>
    </url>
    <url>
      <loc>https://www.pagalsongs.online/je-jon-premer-vab-jane-na-mp3-song-download</loc>
    </url>
    <url>
      <loc>https://www.pagalsongs.online/sukh-e-promises-mp3-song-download</loc>
    </url>
    <url>
      <loc>https://www.pagalsongs.online/bol-bum-bola-harmuniya-pa-mp3-song-download</loc>
    </url>
    <url>
      <loc>https://www.pagalsongs.online/ashwani-machal-barsaat-mp3-song-download</loc>
    </url>
    <url>
      <loc>https://www.pagalsongs.online/kabhi-jo-badal-barse-monsoon-mashup-2022-aftermorning-chillout-remix-mp3-song-download</loc>
    </url>
    <url>
      <loc>https://www.pagalsongs.online/surmedani-mp3-song-download</loc>
    </url>
    <url>
      <loc>https://www.pagalsongs.online/gangsta-remix-dj-goddess-mp3-song-download</loc>
    </url>
    <url>
      <loc>https://www.pagalsongs.online/pal-live-mp3-song-download</loc>
    </url>
    <url>
      <loc>https://www.pagalsongs.online/rangisari-remix-dj-a-sen-mp3-song-download</loc>
    </url>
    <url>
      <loc>https://www.pagalsongs.online/time-ni-mp3-song-download</loc>
    </url>
    <url>
      <loc>https://www.pagalsongs.online/canada-gedi-mp3-song-download</loc>
    </url>
    <url>
      <loc>https://www.pagalsongs.online/raah-dikha-de-mp3-song-download</loc>
    </url>
    <url>
      <loc>https://www.pagalsongs.online/heer-meri-mp3-songs-download-2024</loc>
    </url>
    <url>
      <loc>https://www.pagalsongs.online/dil-ka-kabootar-mp3-song-download</loc>
    </url>
    <url>
      <loc>https://www.pagalsongs.online/kashmakash-mp3-song-download</loc>
    </url>
    <url>
      <loc>https://www.pagalsongs.online/main-jee-raha-mp3-song-download</loc>
    </url>
    <url>
      <loc>https://www.pagalsongs.online/door-nahin-jana-re-mp3-song-download</loc>
    </url>
    <url>
      <loc>https://www.pagalsongs.online/jhootha-mp3-song-download</loc>
    </url>
    <url>
      <loc>https://www.pagalsongs.online/humko-na-mohabbat-karne-de-mp3-song-download</loc>
    </url>
    <url>
      <loc>https://www.pagalsongs.online/gawara-nahi-mp3--songs-download-2024--0</loc>
    </url>
    <url>
      <loc>https://www.pagalsongs.online/baatein-shaatein-mp3-song-download</loc>
    </url>
    <url>
      <loc>https://www.pagalsongs.online/r-nait-ego-mp3-song-download</loc>
    </url>
    <url>
      <loc>https://www.pagalsongs.online/yaadan-laija-mp3-song-download</loc>
    </url>
    <url>
      <loc>https://www.pagalsongs.online/kaale-karobaar-mp3-song-download</loc>
    </url>
    <url>
      <loc>https://www.pagalsongs.online/jiye-to-jiye-kaise-mp3-song-download</loc>
    </url>
    <url>
      <loc>https://www.pagalsongs.online/sair-karawan-mp3-song-download</loc>
    </url>
    <url>
      <loc>https://www.pagalsongs.online/mera-na-reha-mp3-song-download</loc>
    </url>
    <url>
      <loc>https://www.pagalsongs.online/jagannath-bhajan-nonstop-mp3-song-download</loc>
    </url>
    <url>
      <loc>https://www.pagalsongs.online/maine-tera-naam-dil-rakh-diya-mp3-song-download</loc>
    </url>
    <url>
      <loc>https://www.pagalsongs.online/teri-galiyan-mp3-song-download</loc>
    </url>
    <url>
      <loc>https://www.pagalsongs.online/shringaar-mp3-song-download</loc>
    </url>
    <url>
      <loc>https://www.pagalsongs.online/hood-me-toh-aa-song-download</loc>
    </url>
    <url>
      <loc>https://www.pagalsongs.online/rote-rahe-mp3-song-download</loc>
    </url>
    <url>
      <loc>https://www.pagalsongs.online/hoyto-konodin-reprise-version-mp3-song-download</loc>
    </url>
    <url>
      <loc>https://www.pagalsongs.online/bajre-da-sitta-title-track-mp3-song-download</loc>
    </url>
    <url>
      <loc>https://www.pagalsongs.online/makeup-mp3-song-download-2024</loc>
    </url>
    <url>
      <loc>https://www.pagalsongs.online/shyama-aan-baso-vrindavan-mein-mp3-song-download</loc>
    </url>
    <url>
      <loc>https://www.pagalsongs.online/udeek-len-de-mp3-song-download</loc>
    </url>
    <url>
      <loc>https://www.pagalsongs.online/ji-huzoor-mp3-song-download</loc>
    </url>
    <url>
      <loc>https://www.pagalsongs.online/kitni-haseen-hogi-mp3-song-download</loc>
    </url>
    <url>
      <loc>https://www.pagalsongs.online/kasam-lover-mp3-song-download</loc>
    </url>
    <url>
      <loc>https://www.pagalsongs.online/jhoom-remix-dj-shadow-dubai-x-dj-shouki-mp3-song-download</loc>
    </url>
    <url>
      <loc>https://www.pagalsongs.online/kiss-you-mp3-0-download</loc>
    </url>
    <url>
      <loc>https://www.pagalsongs.online/fallin-star-mp3-song-download</loc>
    </url>
    <url>
      <loc>https://www.pagalsongs.online/no-love-mashup-2022-dj-bks-sunix-thakor-mp3-song-download</loc>
    </url>
    <url>
      <loc>https://www.pagalsongs.online/jaan-se-pyaara-mp3-song-download</loc>
    </url>
    <url>
      <loc>https://www.pagalsongs.online/lakeer-mp3-song-download</loc>
    </url>
    <url>
      <loc>https://www.pagalsongs.online/slow-chal-chori-song-download</loc>
    </url>
    <url>
      <loc>https://www.pagalsongs.online/zb-mashoor-mp3-song-download</loc>
    </url>
    <url>
      <loc>https://www.pagalsongs.online/marke-mp3-song-download-00</loc>
    </url>
    <url>
      <loc>https://www.pagalsongs.online/har-har-shambhu-song-download</loc>
    </url>
    <url>
      <loc>https://www.pagalsongs.online/yaad-aayenge-ye-pal-kk-mashup-dj-kiran-kamath-mp3-song-download</loc>
    </url>
    <url>
      <loc>https://www.pagalsongs.online/inn-kamino-se-mp3-song-download</loc>
    </url>
    <url>
      <loc>https://www.pagalsongs.online/hara-hara-shambhu-mp3-song-download-1</loc>
    </url>
    <url>
      <loc>https://www.pagalsongs.online/unconditional-love-mashup-2022-amtee-mp3-song-download</loc>
    </url>
    <url>
      <loc>https://www.pagalsongs.online/teri-ada-lofi-remix-dj-nitish-gulyani-mp3-song-download</loc>
    </url>
    <url>
      <loc>https://www.pagalsongs.online/haq-tumko-hi-mp3-song-download</loc>
    </url>
    <url>
      <loc>https://www.pagalsongs.online/ha-karde-mp3-song-download</loc>
    </url>
    <url>
      <loc>https://www.pagalsongs.online/moosalove-mashup-dj-harsh-sharma-x-sunix-thakor-mp3-song-download</loc>
    </url>
    <url>
      <loc>https://www.pagalsongs.online/street-style-mp3-song-download</loc>
    </url>
    <url>
      <loc>https://www.pagalsongs.online/veer-sahu-chora-gaam-ka-mp3-song-download</loc>
    </url>
    <url>
      <loc>https://www.pagalsongs.online/nirvair-pannu-call-mp3-song-download</loc>
    </url>
    <url>
      <loc>https://www.pagalsongs.online/nain-ta-heere-lisa-mp3-song-download</loc>
    </url>
    <url>
      <loc>https://www.pagalsongs.online/jaise-savan-mp3-song-download</loc>
    </url>
    <url>
      <loc>https://www.pagalsongs.online/tum-jo-gaye-female-version-mp3-song-download</loc>
    </url>
    <url>
      <loc>https://www.pagalsongs.online/rok-leyy-mp3-song-download</loc>
    </url>
    <url>
      <loc>https://www.pagalsongs.online/tum-jo-gaye-male-version-mp3-song-download</loc>
    </url>
    <url>
      <loc>https://www.pagalsongs.online/jug-jugg-jeeyo-title-track-mp3-song-download</loc>
    </url>
    <url>
      <loc>https://www.pagalsongs.online/nach-punjaban-remix-dj-vispi-mp3-song-download</loc>
    </url>
    <url>
      <loc>https://www.pagalsongs.online/tere-bina-lover-mp3--song-download</loc>
    </url>
    <url>
      <loc>https://www.pagalsongs.online/mann-bawraa-mp3-songs-download</loc>
    </url>
    <url>
      <loc>https://www.pagalsongs.online/kana-yaari-mp3-song-download</loc>
    </url>
    <url>
      <loc>https://www.pagalsongs.online/kana-yaari-remix-dj-lamon-mp3-song-download</loc>
    </url>
    <url>
      <loc>https://www.pagalsongs.online/yaar-to-mauj-me-mp3-song-download</loc>
    </url>
    <url>
      <loc>https://www.pagalsongs.online/syl-haryanvi-mp3-song-download</loc>
    </url>
    <url>
      <loc>https://www.pagalsongs.online/lonely-rain-mashup-2022-bicky-official-mp3-song-download</loc>
    </url>
    <url>
      <loc>https://www.pagalsongs.online/maninder-buttar-musafir-mp3-song-download</loc>
    </url>
    <url>
      <loc>https://www.pagalsongs.online/asis-singh-hanju-mp3-song-download</loc>
    </url>
    <url>
      <loc>https://www.pagalsongs.online/masoom-sharma-baaz-mp3-song-download</loc>
    </url>
    <url>
      <loc>https://www.pagalsongs.online/nashedi-akhan-mp3-song-download-00-2</loc>
    </url>
    <url>
      <loc>https://www.pagalsongs.online/amar-sehmbi-maa-mp3-song-download</loc>
    </url>
    <url>
      <loc>https://www.pagalsongs.online/deep-prince-affair-mp3-song-download</loc>
    </url>
    <url>
      <loc>https://www.pagalsongs.online/gaaye-ja-mp3-song-download</loc>
    </url>
    <url>
      <loc>https://www.pagalsongs.online/seene-se-lipat-ke-mp3-song-download</loc>
    </url>
    <url>
      <loc>https://www.pagalsongs.online/porkanda-singam-edm-version-mp3-song-download</loc>
    </url>
    <url>
      <loc>https://www.pagalsongs.online/phir-na-aisi-raat-aayegi-mp3-song-download</loc>
    </url>
    <url>
      <loc>https://www.pagalsongs.online/rangreza-mp3-song-download-00</loc>
    </url>
    <url>
      <loc>https://www.pagalsongs.online/naina-diyan-galtiyan-mp3-song-download</loc>
    </url>
    <url>
      <loc>https://www.pagalsongs.online/dholna-reprise-version-mp3-song-download</loc>
    </url>
    <url>
      <loc>https://www.pagalsongs.online/dhokha-mashup-naresh-parmar-mp3-song-download</loc>
    </url>
    <url>
      <loc>https://www.pagalsongs.online/zaruri-nai-mp3-song-download</loc>
    </url>
    <url>
      <loc>https://www.pagalsongs.online/dol-dol-dol-tol-pal-tol-mp3-song-download</loc>
    </url>
    <url>
      <loc>https://www.pagalsongs.online/pichu-dako-pichu-dako-bare-bare-amare-tumi-mp3-song-download</loc>
    </url>
    <url>
      <loc>https://www.pagalsongs.online/ka-kha-ga-mp3-song-download</loc>
    </url>
    <url>
      <loc>https://www.pagalsongs.online/flashback-mega-mashup-2022-dip-sr-mp3-songs-download</loc>
    </url>
    <url>
      <loc>https://www.pagalsongs.online/kanta-laga-re-mp3-song-download</loc>
    </url>
    <url>
      <loc>https://www.pagalsongs.online/vikram-title-track-mp3-song-download</loc>
    </url>
    <url>
      <loc>https://www.pagalsongs.online/pathala-pathala-mp3-song-download</loc>
    </url>
    <url>
      <loc>https://www.pagalsongs.online/dhokkha-mp3-song-download</loc>
    </url>
    <url>
      <loc>https://www.pagalsongs.online/daisy-mp3-song-download</loc>
    </url>
    <url>
      <loc>https://www.pagalsongs.online/jabre-piya-mp3-song-download</loc>
    </url>
    <url>
      <loc>https://www.pagalsongs.online/rabba-khaireya-mp3-song-download</loc>
    </url>
    <url>
      <loc>https://www.pagalsongs.online/tauba-mp3-song-download</loc>
    </url>
    <url>
      <loc>https://www.pagalsongs.online/ab-life-hai-wow-mp3-song-download-2024</loc>
    </url>
    <url>
      <loc>https://www.pagalsongs.online/syl-mp3-0-download-2024-1-0</loc>
    </url>
    <url>
      <loc>https://www.pagalsongs.online/govind-bolo-mp3-song-download</loc>
    </url>
    <url>
      <loc>https://www.pagalsongs.online/madhurashtakam-mp3--song-download</loc>
    </url>
    <url>
      <loc>https://www.pagalsongs.online/yashomati-maiya-se-bole-nandlala-mp3-song-download</loc>
    </url>
    <url>
      <loc>https://www.pagalsongs.online/achyutam-keshavam-krishna-damodaram-mp3-song-download</loc>
    </url>
    <url>
      <loc>https://www.pagalsongs.online/shri-krishna-govind-hare-murari-mp3-song-download</loc>
    </url>
    <url>
      <loc>https://www.pagalsongs.online/goumi-mp3-song-download</loc>
    </url>
    <url>
      <loc>https://www.pagalsongs.online/father-saab-mp3-song-download-khasa</loc>
    </url>
    <url>
      <loc>https://www.pagalsongs.online/mumkin-nahi-hai-tujhko-bhulana-mp3-songs-download</loc>
    </url>
    <url>
      <loc>https://www.pagalsongs.online/lambiyaan-si-judaiyaan-mp3-song-download</loc>
    </url>
    <url>
      <loc>https://www.pagalsongs.online/balraj-pagalpan-mp3-song-download</loc>
    </url>
    <url>
      <loc>https://www.pagalsongs.online/naah-lofi-mp3-song-download</loc>
    </url>
    <url>
      <loc>https://www.pagalsongs.online/naina-chaap-tilak-mp3-song-download</loc>
    </url>
    <url>
      <loc>https://www.pagalsongs.online/woofer-mp3-song-download-00</loc>
    </url>
    <url>
      <loc>https://www.pagalsongs.online/dewaane-hum-nahi-hote-deewani-raat-aati-hai-mp3-songs-download-2024</loc>
    </url>
    <url>
      <loc>https://www.pagalsongs.online/chaand-baaliyan-remix-dj-dharak-mp3-song-download</loc>
    </url>
    <url>
      <loc>https://www.pagalsongs.online/ni-mai-tera-mp3-song-download</loc>
    </url>
    <url>
      <loc>https://www.pagalsongs.online/sonu-kakkar-paranda-mp3-song-download</loc>
    </url>
    <url>
      <loc>https://www.pagalsongs.online/kaache-kaatne-mp3-song-download</loc>
    </url>
    <url>
      <loc>https://www.pagalsongs.online/dil-vich-mp3--song-download</loc>
    </url>
    <url>
      <loc>https://www.pagalsongs.online/just-you-mp3-songs-download-2024</loc>
    </url>
    <url>
      <loc>https://www.pagalsongs.online/jigar-da-tota-mp3-song-download</loc>
    </url>
    <url>
      <loc>https://www.pagalsongs.online/jodi-brishti-hosh-mp3-song-download</loc>
    </url>
    <url>
      <loc>https://www.pagalsongs.online/doorr-jaa-naa-sakkoge-mp3--song-download</loc>
    </url>
    <url>
      <loc>https://www.pagalsongs.online/zindagi-bata-de-mp3-song-download</loc>
    </url>
    <url>
      <loc>https://www.pagalsongs.online/naina-vicho-mp3-song-download</loc>
    </url>
    <url>
      <loc>https://www.pagalsongs.online/tigini-mp3--song-download</loc>
    </url>
    <url>
      <loc>https://www.pagalsongs.online/drive-forever-t3nzu-remix-mp3-song-download</loc>
    </url>
    <url>
      <loc>https://www.pagalsongs.online/mere-yaaraa-lofi-mp3-song-download</loc>
    </url>
    <url>
      <loc>https://www.pagalsongs.online/pinnak-mp3-song-download-00</loc>
    </url>
    <url>
      <loc>https://www.pagalsongs.online/mon-chay-tomay-dekhte-bondhu-mp3-song-download</loc>
    </url>
    <url>
      <loc>https://www.pagalsongs.online/tumi-onek-dure-mp3-song-download</loc>
    </url>
    <url>
      <loc>https://www.pagalsongs.online/ami-kan-mori-na-mp3-song-download</loc>
    </url>
    <url>
      <loc>https://www.pagalsongs.online/dil-ibaadat-mp3-song-download</loc>
    </url>
    <url>
      <loc>https://www.pagalsongs.online/munde-pagal-ne-saare-mp3-song-download</loc>
    </url>
    <url>
      <loc>https://www.pagalsongs.online/insane-mp3-song-download</loc>
    </url>
    <url>
      <loc>https://www.pagalsongs.online/pasoori-mashup-neojazz-naresh-parmar-mp3-song-download</loc>
    </url>
    <url>
      <loc>https://www.pagalsongs.online/gani-mp3-song-download</loc>
    </url>
    <url>
      <loc>https://www.pagalsongs.online/kitna-chahe-mp3-song-download</loc>
    </url>
    <url>
      <loc>https://www.pagalsongs.online/le-chal-mujhe-mp3-song-download</loc>
    </url>
    <url>
      <loc>https://www.pagalsongs.online/kitne-chahe-mp3-song-download</loc>
    </url>
    <url>
      <loc>https://www.pagalsongs.online/aahista-aahista-mp3-song-download</loc>
    </url>
    <url>
      <loc>https://www.pagalsongs.online/jaan-nikal-je-jatt-di-mp3-song-download</loc>
    </url>
    <url>
      <loc>https://www.pagalsongs.online/piche-piche-jatt-mp3-song-download</loc>
    </url>
    <url>
      <loc>https://www.pagalsongs.online/shareeka-mp3-song-download</loc>
    </url>
    <url>
      <loc>https://www.pagalsongs.online/teri-galli-mp3-song-download</loc>
    </url>
    <url>
      <loc>https://www.pagalsongs.online/chaki-niche-bhoot-mp3-song-download</loc>
    </url>
    <url>
      <loc>https://www.pagalsongs.online/swaad-mp3-song-download</loc>
    </url>
    <url>
      <loc>https://www.pagalsongs.online/bhool-bhulaiyaa-x-urvashi-mashup-dj-bks-sunix-thakor-mp3-song-download</loc>
    </url>
    <url>
      <loc>https://www.pagalsongs.online/moosamashup-dj-harsh-sharma-sunix-thakor-mp3-song-download</loc>
    </url>
    <url>
      <loc>https://www.pagalsongs.online/dippam-dappam-mirchi-sush-yohan-mashup-mp3-song-download</loc>
    </url>
    <url>
      <loc>https://www.pagalsongs.online/piya-tu-aab-to-aaja-remix-dj-shreya-sarfraz-mp3-song-download</loc>
    </url>
    <url>
      <loc>https://www.pagalsongs.online/bann-key-baarish-mp3-song-download</loc>
    </url>
    <url>
      <loc>https://www.pagalsongs.online/i-am-in-love-mashup-2022-vinick-mp3-song-download-2024</loc>
    </url>
    <url>
      <loc>https://www.pagalsongs.online/atif-aslam-mashup-2022-lofi-jay-guldekar-mp3-song-download</loc>
    </url>
    <url>
      <loc>https://www.pagalsongs.online/phirta-rahoon-reprise-mp3-songs-download</loc>
    </url>
    <url>
      <loc>https://www.pagalsongs.online/foto-mp3-song-download</loc>
    </url>
    <url>
      <loc>https://www.pagalsongs.online/arjun-kanungo-barsaat-mp3-song-download</loc>
    </url>
    <url>
      <loc>https://www.pagalsongs.online/somebody-like-u-mp3-song-download</loc>
    </url>
    <url>
      <loc>https://www.pagalsongs.online/fer-russ-geya-mp3-song-download</loc>
    </url>
    <url>
      <loc>https://www.pagalsongs.online/dil-ko-thug-liya-mp3-song-download</loc>
    </url>
    <url>
      <loc>https://www.pagalsongs.online/bhai-mere-bhai-lo-fi-remix-mp3-song-download</loc>
    </url>
    <url>
      <loc>https://www.pagalsongs.online/blue-mp3--song-download-2024</loc>
    </url>
    <url>
      <loc>https://www.pagalsongs.online/tujhko-ye-dil-diya-mp3-song-download</loc>
    </url>
    <url>
      <loc>https://www.pagalsongs.online/dandelions-cover-mp3-song-download</loc>
    </url>
    <url>
      <loc>https://www.pagalsongs.online/muskurane-ki-wajah-tum-ho-mp3--song-download</loc>
    </url>
    <url>
      <loc>https://www.pagalsongs.online/maan-le-remix-dj-shadow-dubai-mp3-song-download</loc>
    </url>
    <url>
      <loc>https://www.pagalsongs.online/kalla-killah-mp3-song-download</loc>
    </url>
    <url>
      <loc>https://www.pagalsongs.online/rocket-jawaani-mp3-song-download</loc>
    </url>
    <url>
      <loc>https://www.pagalsongs.online/pata-ni-haan-diye-mp3-song-download</loc>
    </url>
    <url>
      <loc>https://www.pagalsongs.online/vakh-ho-gye-aa-mp3-song-download</loc>
    </url>
    <url>
      <loc>https://www.pagalsongs.online/lover-title-track-mp3-song-download</loc>
    </url>
    <url>
      <loc>https://www.pagalsongs.online/musafira-mp3-song-download</loc>
    </url>
    <url>
      <loc>https://www.pagalsongs.online/nain-ta-heere-mp3-song-download</loc>
    </url>
    <url>
      <loc>https://www.pagalsongs.online/everything-sucks-mp3-song-download</loc>
    </url>
    <url>
      <loc>https://www.pagalsongs.online/hum-nashe-mein-toh-nahin-lofi-revibed-mp3-songs-download</loc>
    </url>
    <url>
      <loc>https://www.pagalsongs.online/unke-dil-mein-mp3-song-download</loc>
    </url>
    <url>
      <loc>https://www.pagalsongs.online/toke-aka-re-dekha-mp3-song-download</loc>
    </url>
    <url>
      <loc>https://www.pagalsongs.online/mera-dil-bhi-kitna-pagal-hai-cover-version-mp3-song-download</loc>
    </url>
    <url>
      <loc>https://www.pagalsongs.online/thummak-mp3-song-download</loc>
    </url>
    <url>
      <loc>https://www.pagalsongs.online/battiyan-mp3-song-download</loc>
    </url>
    <url>
      <loc>https://www.pagalsongs.online/iss-baarish-mein-mp3-song-download</loc>
    </url>
    <url>
      <loc>https://www.pagalsongs.online/tu-to-mausam-hai-shayad-badal-jayegi-mp3-songs-download</loc>
    </url>
    <url>
      <loc>https://www.pagalsongs.online/aashiq-hoon-mp3-song-download</loc>
    </url>
    <url>
      <loc>https://www.pagalsongs.online/kinne-aye-kinne-gye-3-mp3-song-download</loc>
    </url>
    <url>
      <loc>https://www.pagalsongs.online/mora-piya-mp3--song-download</loc>
    </url>
    <url>
      <loc>https://www.pagalsongs.online/darbadar-song-download</loc>
    </url>
    <url>
      <loc>https://www.pagalsongs.online/iktara-lofi-flip-vibie-mp3-song-download</loc>
    </url>
    <url>
      <loc>https://www.pagalsongs.online/tagdi-mp3-song-download</loc>
    </url>
    <url>
      <loc>https://www.pagalsongs.online/kabbi-naar-mp3-song-download</loc>
    </url>
    <url>
      <loc>https://www.pagalsongs.online/tere-naam-se-mp3-song-download</loc>
    </url>
    <url>
      <loc>https://www.pagalsongs.online/kk-mashup-tribute-to-kk-naresh-parmar-mp3-song-download</loc>
    </url>
    <url>
      <loc>https://www.pagalsongs.online/memories-mashup-2022-naresh-parmar-mp3-song-download</loc>
    </url>
    <url>
      <loc>https://www.pagalsongs.online/kr-lsda-sign-mp3-song-download</loc>
    </url>
    <url>
      <loc>https://www.pagalsongs.online/middle-class-mp3-song-download</loc>
    </url>
    <url>
      <loc>https://www.pagalsongs.online/tuition-badmashi-kaa-mp3-song-download</loc>
    </url>
    <url>
      <loc>https://www.pagalsongs.online/hood-mp3-song-download</loc>
    </url>
    <url>
      <loc>https://www.pagalsongs.online/dupatta-mp3-song-download-0</loc>
    </url>
    <url>
      <loc>https://www.pagalsongs.online/duppata-mp3-song-download</loc>
    </url>
    <url>
      <loc>https://www.pagalsongs.online/tsunami-mp3-song-download</loc>
    </url>
    <url>
      <loc>https://www.pagalsongs.online/jashandeep-kaur-jannat-mp3-song-download</loc>
    </url>
    <url>
      <loc>https://www.pagalsongs.online/tadke-tadke-mp3-song-download</loc>
    </url>
    <url>
      <loc>https://www.pagalsongs.online/har-har-shambhu-ringtone-free-mp3-download--2024-023-24</loc>
    </url>
    <url>
      <loc>https://www.pagalsongs.online/jabo-na-jabo-na-fire-ar-ghore-mp3-song-download</loc>
    </url>
    <url>
      <loc>https://www.pagalsongs.online/duaa-hai-reprise-mp3-song-download-2024</loc>
    </url>
    <url>
      <loc>https://www.pagalsongs.online/dil-udeyaa-mp3-song-download</loc>
    </url>
    <url>
      <loc>https://www.pagalsongs.online/ho-gaya-hai-tujhko-remix-dj-vicky-nyc-mp3-song-download</loc>
    </url>
    <url>
      <loc>https://www.pagalsongs.online/sareaam-mohabbat-mp3-song-download</loc>
    </url>
    <url>
      <loc>https://www.pagalsongs.online/abhushan-mp3-song-download</loc>
    </url>
    <url>
      <loc>https://www.pagalsongs.online/pop-mashup-2022-dip-sr-mp3---song-download-0</loc>
    </url>
    <url>
      <loc>https://www.pagalsongs.online/har-har-shambhu-shiv-mahadeva-mp3-song-download-2024</loc>
    </url>
    <url>
      <loc>https://www.pagalsongs.online/tapori-dance-mashup-2022-dip-sr-x-dj-avi-mp3-song-download</loc>
    </url>
    <url>
      <loc>https://www.pagalsongs.online/dame-mp3-song-download</loc>
    </url>
    <url>
      <loc>https://www.pagalsongs.online/tus-besos-ringtone-download-0</loc>
    </url>
    <url>
      <loc>https://www.pagalsongs.online/tus-besos-mp3-song-download</loc>
    </url>
    <url>
      <loc>https://www.pagalsongs.online/jhoom-remix-dj-dharak-mp3-song-download</loc>
    </url>
    <url>
      <loc>https://www.pagalsongs.online/17-lakh-da-gajra-song-download</loc>
    </url>
    <url>
      <loc>https://www.pagalsongs.online/ishq-bhi-tu-hai-pyar-bhi-tu-hai-mp3-songs-download</loc>
    </url>
    <url>
      <loc>https://www.pagalsongs.online/ijazzat-hai-mp3-songs-download</loc>
    </url>
    <url>
      <loc>https://www.pagalsongs.online/hairaan-mp3--song-download</loc>
    </url>
    <url>
      <loc>https://www.pagalsongs.online/maafi-vibemix-mp3-song-download</loc>
    </url>
    <url>
      <loc>https://www.pagalsongs.online/ishq-paudiyan-0s-download</loc>
    </url>
    <url>
      <loc>https://www.pagalsongs.online/kara-sam-ke-intjam-mp3-song-download</loc>
    </url>
    <url>
      <loc>https://www.pagalsongs.online/halki-si-barsaat-mp3-song-download</loc>
    </url>
    <url>
      <loc>https://www.pagalsongs.online/armaan-malik-2step-mp3-song-download</loc>
    </url>
    <url>
      <loc>https://www.pagalsongs.online/bheed-mein-tanhaai-mein-cover-mp3-song-download</loc>
    </url>
    <url>
      <loc>https://www.pagalsongs.online/sidhu-moose-wala-mashup-dj-shadow-dubai-mp3-song-download</loc>
    </url>
    <url>
      <loc>https://www.pagalsongs.online/tumhaari-chaahatein-mp3-song-download</loc>
    </url>
    <url>
      <loc>https://www.pagalsongs.online/eid-manaye-mp3-song-download</loc>
    </url>
    <url>
      <loc>https://www.pagalsongs.online/rishabh-srivastava-humnava-mp3-song-download</loc>
    </url>
    <url>
      <loc>https://www.pagalsongs.online/ek-haseena-ne-mp3-song-download</loc>
    </url>
    <url>
      <loc>https://www.pagalsongs.online/rangi-sari-mp3-song-download</loc>
    </url>
    <url>
      <loc>https://www.pagalsongs.online/rangisari-mp3-song-download</loc>
    </url>
    <url>
      <loc>https://www.pagalsongs.online/chaand-baaliyan-duet-mp3-song-download</loc>
    </url>
    <url>
      <loc>https://www.pagalsongs.online/sun-bhi-le-song-download</loc>
    </url>
    <url>
      <loc>https://www.pagalsongs.online/hum-yaad-aayenge-mp3-songs-download</loc>
    </url>
    <url>
      <loc>https://www.pagalsongs.online/aaj-mere-yaar-ki-shaadi-hai-mp3-song-download</loc>
    </url>
    <url>
      <loc>https://www.pagalsongs.online/hota-kamar-mein-darad-mp3-song-download</loc>
    </url>
    <url>
      <loc>https://www.pagalsongs.online/paniyon-sa-lofi-remix-anik8-mp3-song-download</loc>
    </url>
    <url>
      <loc>https://www.pagalsongs.online/ladki-badi-anjani-hai-remix-dj-vicky-nyc-mp3-song-download</loc>
    </url>
    <url>
      <loc>https://www.pagalsongs.online/goli-vaji-te-tu-sochi-na-mp3-song-download</loc>
    </url>
    <url>
      <loc>https://www.pagalsongs.online/kesariya-mashup-amtee-mp3-song-download</loc>
    </url>
    <url>
      <loc>https://www.pagalsongs.online/mere-dholna-fan-edit-mp3-song-download</loc>
    </url>
    <url>
      <loc>https://www.pagalsongs.online/ami-je-tomar-fan-edit-mp3-song-download</loc>
    </url>
    <url>
      <loc>https://www.pagalsongs.online/maine-tujhe-dekha-lofi-mp3-song-download</loc>
    </url>
    <url>
      <loc>https://www.pagalsongs.online/jhoom-mp3-song-download</loc>
    </url>
    <url>
      <loc>https://www.pagalsongs.online/maine-tujhe-dekha-haste-hue-mp3-song-download</loc>
    </url>
    <url>
      <loc>https://www.pagalsongs.online/o-baby-tere-nain-sharabi-song-download</loc>
    </url>
    <url>
      <loc>https://www.pagalsongs.online/bengali-folk-mashup-2022-mp3-song-download</loc>
    </url>
    <url>
      <loc>https://www.pagalsongs.online/on-the-rocks-mp3-song-download</loc>
    </url>
    <url>
      <loc>https://www.pagalsongs.online/dirty-little-secret-mp3-song-download</loc>
    </url>
    <url>
      <loc>https://www.pagalsongs.online/darasal-lo-fi-remix-jay-guldekar-mp3-song-download</loc>
    </url>
    <url>
      <loc>https://www.pagalsongs.online/dino-james-higher-mp3-song-download</loc>
    </url>
    <url>
      <loc>https://www.pagalsongs.online/teri-mohabbat-mp3-song-download</loc>
    </url>
    <url>
      <loc>https://www.pagalsongs.online/mere-dholna-arijit-version-mp3-song-download</loc>
    </url>
    <url>
      <loc>https://www.pagalsongs.online/bapu-tera-hai-bada-proud-tere-te-song-download</loc>
    </url>
    <url>
      <loc>https://www.pagalsongs.online/darkhaast-lofi-mix-dj-yogii-mp3-song-download</loc>
    </url>
    <url>
      <loc>https://www.pagalsongs.online/chandigarh-2-mp3-song-download</loc>
    </url>
    <url>
      <loc>https://www.pagalsongs.online/kk-all-time-evergreen-hits-audio-jukebox-mp3-song-download</loc>
    </url>
    <url>
      <loc>https://www.pagalsongs.online/kk-alvida-mp3-song-download</loc>
    </url>
    <url>
      <loc>https://www.pagalsongs.online/pyaar-ke-pal-mp3-song-download</loc>
    </url>
    <url>
      <loc>https://www.pagalsongs.online/duniyaa-lo-fi-mix-dj-aqeel-mp3-song-download</loc>
    </url>
    <url>
      <loc>https://www.pagalsongs.online/bik-jata-hai-mp3-song-download</loc>
    </url>
    <url>
      <loc>https://www.pagalsongs.online/arambol-mp3-song-download</loc>
    </url>
    <url>
      <loc>https://www.pagalsongs.online/hum-hi-hum-the-mp3-songs-download</loc>
    </url>
    <url>
      <loc>https://www.pagalsongs.online/supercop-mp3-song-download</loc>
    </url>
    <url>
      <loc>https://www.pagalsongs.online/tribute-to-the-legend-sidhu-moose-wala-audio-jukebox-nonstop-mp3-song-download</loc>
    </url>
    <url>
      <loc>https://www.pagalsongs.online/krishna-flute-ringtone-mp3-song-download-20</loc>
    </url>
    <url>
      <loc>https://www.pagalsongs.online/shiv-tandav-ringtone-download-0</loc>
    </url>
    <url>
      <loc>https://www.pagalsongs.online/voodoo-remix-dj-shadow-dubai-mp3-song-download</loc>
    </url>
    <url>
      <loc>https://www.pagalsongs.online/mar-meetenge-souvik-kirtan-mp3-song-download</loc>
    </url>
    <url>
      <loc>https://www.pagalsongs.online/bin-tere-sanam-remix-ay-mp3-song-download</loc>
    </url>
    <url>
      <loc>https://www.pagalsongs.online/pyar-dilon-ka-mela-hai-remix-dj-purvish-dj-sarfraz-mp3-song-download</loc>
    </url>
    <url>
      <loc>https://www.pagalsongs.online/aaya-tu-dil-me-aise-mp3-song-download</loc>
    </url>
    <url>
      <loc>https://www.pagalsongs.online/happy-birthday-to-you-ji-mp3-song-download-0</loc>
    </url>
    <url>
      <loc>https://www.pagalsongs.online/scam-1992-theme-download-1</loc>
    </url>
    <url>
      <loc>https://www.pagalsongs.online/master-the-blaster-mp3-song-download</loc>
    </url>
    <url>
      <loc>https://www.pagalsongs.online/adi-penne-mp3-song-download</loc>
    </url>
    <url>
      <loc>https://www.pagalsongs.online/raigarh-raja-mp3-song-download</loc>
    </url>
    <url>
      <loc>https://www.pagalsongs.online/rakhe-rahibe-mp3-song-download</loc>
    </url>
    <url>
      <loc>https://www.pagalsongs.online/utai-bazar-ma-mp3-songs-download-2024</loc>
    </url>
    <url>
      <loc>https://www.pagalsongs.online/best-krishna-bhajans-non-stop-mp3--0-download-0</loc>
    </url>
    <url>
      <loc>https://www.pagalsongs.online/non-stop-krishna-bhajans-mp3--0s-download-0</loc>
    </url>
    <url>
      <loc>https://www.pagalsongs.online/bullettu-bandi-mp3-song-download</loc>
    </url>
    <url>
      <loc>https://www.pagalsongs.online/comon-baby-lets-go-on-the-bullet-mp3-song-download</loc>
    </url>
    <url>
      <loc>https://www.pagalsongs.online/nachh-punjabban-mp3-song-download</loc>
    </url>
    <url>
      <loc>https://www.pagalsongs.online/ami-je-tomar-arijit-singh-mp3-song-download</loc>
    </url>
    <url>
      <loc>https://www.pagalsongs.online/the-punjaabban-mp3-song-download</loc>
    </url>
    <url>
      <loc>https://www.pagalsongs.online/aao-naa-mp3-song-download</loc>
    </url>
    <url>
      <loc>https://www.pagalsongs.online/love-forever-mashup-2022-dj-sasha-sydney-mp3-song-download</loc>
    </url>
    <url>
      <loc>https://www.pagalsongs.online/zaraa-mp3--song-download</loc>
    </url>
    <url>
      <loc>https://www.pagalsongs.online/still-around-mp3-song-download-2024</loc>
    </url>
    <url>
      <loc>https://www.pagalsongs.online/sabka-rapper-ek-mp3-song-download</loc>
    </url>
    <url>
      <loc>https://www.pagalsongs.online/vair-billo-mp3-song-download</loc>
    </url>
    <url>
      <loc>https://www.pagalsongs.online/dhakka-mp3-song-download</loc>
    </url>
    <url>
      <loc>https://www.pagalsongs.online/akhiyaan-na-akhiyaan-mp3-song-download</loc>
    </url>
    <url>
      <loc>https://www.pagalsongs.online/punjabi-mashup-2022-vdj-royal-muzical-codex-mp3-song-download-2024</loc>
    </url>
    <url>
      <loc>https://www.pagalsongs.online/mathuga-mathuga-mp3-song-download</loc>
    </url>
    <url>
      <loc>https://www.pagalsongs.online/sinner-mp3-songs-download-2024</loc>
    </url>
    <url>
      <loc>https://www.pagalsongs.online/pandora-mp3-song-download</loc>
    </url>
    <url>
      <loc>https://www.pagalsongs.online/kumkumala-telugu-mp3-song-download</loc>
    </url>
    <url>
      <loc>https://www.pagalsongs.online/hobe-naki-bou-mp3-song-download</loc>
    </url>
    <url>
      <loc>https://www.pagalsongs.online/freak-mp3-song-download</loc>
    </url>
    <url>
      <loc>https://www.pagalsongs.online/gulabi-song-download</loc>
    </url>
    <url>
      <loc>https://www.pagalsongs.online/brownie-mp3-song-download</loc>
    </url>
    <url>
      <loc>https://www.pagalsongs.online/rondi-mp3-song-download</loc>
    </url>
    <url>
      <loc>https://www.pagalsongs.online/dhundhla-mp3-song-download-2024</loc>
    </url>
    <url>
      <loc>https://www.pagalsongs.online/dj-pe-matkungi-mp3-song-download</loc>
    </url>
    <url>
      <loc>https://www.pagalsongs.online/bewda-mp3-song-download</loc>
    </url>
    <url>
      <loc>https://www.pagalsongs.online/pankha-bijli-ka-mp3-songs-download</loc>
    </url>
    <url>
      <loc>https://www.pagalsongs.online/pyar-karda-mp3-song-download</loc>
    </url>
    <url>
      <loc>https://www.pagalsongs.online/levels-song-download-sidhu-moose</loc>
    </url>
    <url>
      <loc>https://www.pagalsongs.online/chaand-baaliyaan-remix-dj-lemon-mp3-song-download</loc>
    </url>
    <url>
      <loc>https://www.pagalsongs.online/itna-pyaar-karunga-mp3-song-download</loc>
    </url>
    <url>
      <loc>https://www.pagalsongs.online/bole-de-mp3-song-download</loc>
    </url>
    <url>
      <loc>https://www.pagalsongs.online/naughty-balam-mp3-song-download</loc>
    </url>
    <url>
      <loc>https://www.pagalsongs.online/d-n-me-mp3-song-download</loc>
    </url>
    <url>
      <loc>https://www.pagalsongs.online/porkanda-singam-mp3-song-download</loc>
    </url>
    <url>
      <loc>https://www.pagalsongs.online/ra-ra-rakkamma-mp3-song-download</loc>
    </url>
    <url>
      <loc>https://www.pagalsongs.online/jado-main-tere-kol-si-mp3-song-download</loc>
    </url>
    <url>
      <loc>https://www.pagalsongs.online/shakhs-mp3-song-download</loc>
    </url>
    <url>
      <loc>https://www.pagalsongs.online/pyaar-pyaar-mp3-song-download</loc>
    </url>
    <url>
      <loc>https://www.pagalsongs.online/nikamma-mp3-song-download</loc>
    </url>
    <url>
      <loc>https://www.pagalsongs.online/wapas-aa-jao-mp3-song-download</loc>
    </url>
    <url>
      <loc>https://www.pagalsongs.online/allah-ve-allah-mp3-song-download</loc>
    </url>
    <url>
      <loc>https://www.pagalsongs.online/lit-guru-mp3-song-download</loc>
    </url>
    <url>
      <loc>https://www.pagalsongs.online/hazaaron-khaab-mp3-song-download</loc>
    </url>
    <url>
      <loc>https://www.pagalsongs.online/tere-piche-piche-mp3-song-download</loc>
    </url>
    <url>
      <loc>https://www.pagalsongs.online/ra-ra-rakkamma-kannada-mp3-song-download</loc>
    </url>
    <url>
      <loc>https://www.pagalsongs.online/zindagi-2-mulaqaat-mp3-song-download</loc>
    </url>
    <url>
      <loc>https://www.pagalsongs.online/gurnam-bhullar-pehli-mulaqat-song-download-2x</loc>
    </url>
    <url>
      <loc>https://www.pagalsongs.online/baadal-barse-mp3-song-download</loc>
    </url>
    <url>
      <loc>https://www.pagalsongs.online/thar-mai-yaar-mp3-song-download</loc>
    </url>
    <url>
      <loc>https://www.pagalsongs.online/kaaliyan-gaddiyan-mp3-song-download</loc>
    </url>
    <url>
      <loc>https://www.pagalsongs.online/ab-tere-bin-nahin-jeena-mp3-song-download</loc>
    </url>
    <url>
      <loc>https://www.pagalsongs.online/pasoori-mashup-dj-bks-sunix-thakor-mp3-song-download</loc>
    </url>
    <url>
      <loc>https://www.pagalsongs.online/raftaar-kaali-car-mp3-song-download</loc>
    </url>
    <url>
      <loc>https://www.pagalsongs.online/yoddha-mp3-song-download-00</loc>
    </url>
    <url>
      <loc>https://www.pagalsongs.online/hadd-kar-de-mp3-song-download</loc>
    </url>
    <url>
      <loc>https://www.pagalsongs.online/makhmali-mp3-song-download</loc>
    </url>
    <url>
      <loc>https://www.pagalsongs.online/illusion-mp3-song-download</loc>
    </url>
    <url>
      <loc>https://www.pagalsongs.online/no-count-mp3-song-download</loc>
    </url>
    <url>
      <loc>https://www.pagalsongs.online/udaa-gulaal-ishq-wala-mp3-song-download</loc>
    </url>
    <url>
      <loc>https://www.pagalsongs.online/rehne-do-mp3-song-download</loc>
    </url>
    <url>
      <loc>https://www.pagalsongs.online/ektarfa-songs-download-2024</loc>
    </url>
    <url>
      <loc>https://www.pagalsongs.online/tuk-tuk-tukur-tuk-mp3-song-download</loc>
    </url>
    <url>
      <loc>https://www.pagalsongs.online/boohe-di-bell-mp3-song-download</loc>
    </url>
    <url>
      <loc>https://www.pagalsongs.online/full-kharche-mp3---songs-download</loc>
    </url>
    <url>
      <loc>https://www.pagalsongs.online/yaar-bamb-mp3-song-download</loc>
    </url>
    <url>
      <loc>https://www.pagalsongs.online/raman-romana-sorry-mp3-song-download</loc>
    </url>
    <url>
      <loc>https://www.pagalsongs.online/hai-re-piriti-mp3-song-download</loc>
    </url>
    <url>
      <loc>https://www.pagalsongs.online/mere-peera-mp3-song-download</loc>
    </url>
    <url>
      <loc>https://www.pagalsongs.online/designer-mp3-song-download-0</loc>
    </url>
    <url>
      <loc>https://www.pagalsongs.online/payal-mp3-song-download</loc>
    </url>
    <url>
      <loc>https://www.pagalsongs.online/chehra-mp3-song-download</loc>
    </url>
    <url>
      <loc>https://www.pagalsongs.online/kyu-nahi-mp3-song-download</loc>
    </url>
    <url>
      <loc>https://www.pagalsongs.online/black-night-mp3-songs-download-2024</loc>
    </url>
    <url>
      <loc>https://www.pagalsongs.online/mehbooba-mp3-song-download-kgf-2-2023</loc>
    </url>
    <url>
      <loc>https://www.pagalsongs.online/nakhre-nakhre-mp3-song-download-</loc>
    </url>
    <url>
      <loc>https://www.pagalsongs.online/happy-hoe-ja-re-mp3-song-download</loc>
    </url>
    <url>
      <loc>https://www.pagalsongs.online/nakhrey-nakhrey-mp3-song-download</loc>
    </url>
    <url>
      <loc>https://www.pagalsongs.online/tu-hi-tu-mp3-song-download</loc>
    </url>
    <url>
      <loc>https://www.pagalsongs.online/main-akela-hoon-mp3-song-download</loc>
    </url>
    <url>
      <loc>https://www.pagalsongs.online/sohna-koi-nahi-mp3-song-download</loc>
    </url>
    <url>
      <loc>https://www.pagalsongs.online/bhabhi-mp3-song-download-</loc>
    </url>
    <url>
      <loc>https://www.pagalsongs.online/shehar-janda-mp3-song-download</loc>
    </url>
    <url>
      <loc>https://www.pagalsongs.online/manzoore-nazar-mp3-song-download</loc>
    </url>
    <url>
      <loc>https://www.pagalsongs.online/tere-binn-dil-ye-mera-mp3-song-download</loc>
    </url>
    <url>
      <loc>https://www.pagalsongs.online/line-marti-hai-mp3-song-download</loc>
    </url>
    <url>
      <loc>https://www.pagalsongs.online/shaam-dhale-mp3-song-download</loc>
    </url>
    <url>
      <loc>https://www.pagalsongs.online/piya-jaungi-circus-mp3-song-download</loc>
    </url>
    <url>
      <loc>https://www.pagalsongs.online/we-dont-stop-mp3-song-download</loc>
    </url>
    <url>
      <loc>https://www.pagalsongs.online/pasoori-remix-dj-shadow-dubai-mp3---songs-download-2024</loc>
    </url>
    <url>
      <loc>https://www.pagalsongs.online/nil-sagar-darling-mp3-0-download</loc>
    </url>
    <url>
      <loc>https://www.pagalsongs.online/khair-kare-mp3-song-download</loc>
    </url>
    <url>
      <loc>https://www.pagalsongs.online/kaur-b-teri-jatti-mp3-song-download</loc>
    </url>
    <url>
      <loc>https://www.pagalsongs.online/after-breakup-mashup-2022-naresh-parmar-mp3-song-download</loc>
    </url>
    <url>
      <loc>https://www.pagalsongs.online/deadly-combo-mp3-song-download</loc>
    </url>
    <url>
      <loc>https://www.pagalsongs.online/holla-mp3-song-download</loc>
    </url>
    <url>
      <loc>https://www.pagalsongs.online/bhool-bhulaiyaa-2-remix-dj-dharak-mp3-song-download</loc>
    </url>
    <url>
      <loc>https://www.pagalsongs.online/mohni-mp3--song-download</loc>
    </url>
    <url>
      <loc>https://www.pagalsongs.online/passori-x-wahran-mashup-edit-2022-dip-sr-mp3-song---download-2024</loc>
    </url>
    <url>
      <loc>https://www.pagalsongs.online/maante-naahi-haar-mp3-song-download</loc>
    </url>
    <url>
      <loc>https://www.pagalsongs.online/pasoori-remix-dj-rhea-mp3---songs-download-2024</loc>
    </url>
    <url>
      <loc>https://www.pagalsongs.online/the-last-ride-mp3--s-download--2024-pagalworld-0</loc>
    </url>
    <url>
      <loc>https://www.pagalsongs.online/tujhe-chaahta-hoon-kyun-mp3-song-download</loc>
    </url>
    <url>
      <loc>https://www.pagalsongs.online/de-taali-mp3-song-download</loc>
    </url>
    <url>
      <loc>https://www.pagalsongs.online/aatish-dholna-mp3-song-download</loc>
    </url>
    <url>
      <loc>https://www.pagalsongs.online/lil-bunty-mp3-song-download</loc>
    </url>
    <url>
      <loc>https://www.pagalsongs.online/o-bou-mp3-song-download</loc>
    </url>
    <url>
      <loc>https://www.pagalsongs.online/gulabo-mp3-song-download</loc>
    </url>
    <url>
      <loc>https://www.pagalsongs.online/jaana-hai-toh-jaa-mp3-songs-download</loc>
    </url>
    <url>
      <loc>https://www.pagalsongs.online/carefull-mp3-song-download</loc>
    </url>
    <url>
      <loc>https://www.pagalsongs.online/imperfect-love-mashup-2022-vinick-mp3-song-download</loc>
    </url>
    <url>
      <loc>https://www.pagalsongs.online/propose-mp3-song-download</loc>
    </url>
    <url>
      <loc>https://www.pagalsongs.online/mein-ishq-tera-ban-jaau-mp3-song-download</loc>
    </url>
    <url>
      <loc>https://www.pagalsongs.online/tu-mere-dil-mein-hai-rubaroo-mp3-song-download</loc>
    </url>
    <url>
      <loc>https://www.pagalsongs.online/parda-daari-song-download</loc>
    </url>
    <url>
      <loc>https://www.pagalsongs.online/tu-mera-sanam-mp3-song-download</loc>
    </url>
    <url>
      <loc>https://www.pagalsongs.online/sathi-eto-valobasa-tumi-dile-amay-mp3-song-download</loc>
    </url>
    <url>
      <loc>https://www.pagalsongs.online/king-baazi-mp3-songs-download-2024</loc>
    </url>
    <url>
      <loc>https://www.pagalsongs.online/big-men-chapter-2-mp3-song-download</loc>
    </url>
    <url>
      <loc>https://www.pagalsongs.online/hari-har-mp3-song-download-1</loc>
    </url>
    <url>
      <loc>https://www.pagalsongs.online/the-heartbreak-anthem-2022-dj-nitish-gulyani-mp3-song-download-1</loc>
    </url>
    <url>
      <loc>https://www.pagalsongs.online/himmat-sandhu-badshah-mp3-song-download-1</loc>
    </url>
    <url>
      <loc>https://www.pagalsongs.online/ishq-badhta-gaya-mp3-song-download-1</loc>
    </url>
    <url>
      <loc>https://www.pagalsongs.online/a-shit-mp3-song-download-2024-1</loc>
    </url>
    <url>
      <loc>https://www.pagalsongs.online/thabba-ku-zulfan-mp3-song-download-1</loc>
    </url>
    <url>
      <loc>https://www.pagalsongs.online/main-ki-karaan-mp3--download-1</loc>
    </url>
    <url>
      <loc>https://www.pagalsongs.online/rough-life-mp3-song-download-2024-1</loc>
    </url>
    <url>
      <loc>https://www.pagalsongs.online/deal-mp3-song-download-1</loc>
    </url>
    <url>
      <loc>https://www.pagalsongs.online/mehbooba-ho-main-teri-mehbooba-kgf-2-mp3-song-download-0</loc>
    </url>
    <url>
      <loc>https://www.pagalsongs.online/mehbooba-mehbooba-main-teri-mehbooba-song-download-2023</loc>
    </url>
    <url>
      <loc>https://www.pagalsongs.online/sarkari-banada-mp3---songs-download-2024</loc>
    </url>
    <url>
      <loc>https://www.pagalsongs.online/akki-aryan-laare-mp3-song-download</loc>
    </url>
    <url>
      <loc>https://www.pagalsongs.online/zindagi-ban-gaye-ho-tum-mp3-song-download</loc>
    </url>
    <url>
      <loc>https://www.pagalsongs.online/tere-ghar-de-niche-mp3-song-download</loc>
    </url>
    <url>
      <loc>https://www.pagalsongs.online/gangsta-mp3-song-download</loc>
    </url>
    <url>
      <loc>https://www.pagalsongs.online/khilona-mp3-song-download</loc>
    </url>
    <url>
      <loc>https://www.pagalsongs.online/main-taan-tut-gaya-mp3-song-download</loc>
    </url>
    <url>
      <loc>https://www.pagalsongs.online/wo-pyar-wali-chithhiyan-mp3-song-download</loc>
    </url>
    <url>
      <loc>https://www.pagalsongs.online/tutt-gaya-mp3-song-download</loc>
    </url>
    <url>
      <loc>https://www.pagalsongs.online/kachiyaan-kachiyaan-mp3-song-download</loc>
    </url>
    <url>
      <loc>https://www.pagalsongs.online/ishq-bezubaan-mp3-song-download</loc>
    </url>
    <url>
      <loc>https://www.pagalsongs.online/positivity-mp3-song-download-1</loc>
    </url>
    <url>
      <loc>https://www.pagalsongs.online/hum-nashe-mein-toh-nahin-songs-download</loc>
    </url>
    <url>
      <loc>https://www.pagalsongs.online/hommies-mp3-song-download-1</loc>
    </url>
    <url>
      <loc>https://www.pagalsongs.online/dekho-dekho-angar-hai-sultan-kgf2-mp3-download-2024-10022x</loc>
    </url>
    <url>
      <loc>https://www.pagalsongs.online/khola-hawa-mp3-song-download</loc>
    </url>
    <url>
      <loc>https://www.pagalsongs.online/rab-ka-ishaara-mp3-song-download</loc>
    </url>
    <url>
      <loc>https://www.pagalsongs.online/gach-lage-mp3-song-download</loc>
    </url>
    <url>
      <loc>https://www.pagalsongs.online/kuwait-wala-koka-mp3-song-download-1</loc>
    </url>
    <url>
      <loc>https://www.pagalsongs.online/choco-mp3-song-download</loc>
    </url>
    <url>
      <loc>https://www.pagalsongs.online/hits-of-rabindra-sangeet-audio-jukebox-mp3-song-download</loc>
    </url>
    <url>
      <loc>https://www.pagalsongs.online/rabindra-sangeet-audio-jukebox-mp3-song-download</loc>
    </url>
    <url>
      <loc>https://www.pagalsongs.online/shes-on-fire-mp3---songs-download</loc>
    </url>
    <url>
      <loc>https://www.pagalsongs.online/ishq-musafir-mp3-song-download</loc>
    </url>
    <url>
      <loc>https://www.pagalsongs.online/hollybolly-summer-mashup-2022-dip-sr-mp3-song-download</loc>
    </url>
    <url>
      <loc>https://www.pagalsongs.online/tere-bina-jeena-saza-ho-gaya-mp3-song-download</loc>
    </url>
    <url>
      <loc>https://www.pagalsongs.online/tujhe-dekhe-bina-chain-kabhi-bhi-nahi-aata-mp3-song-download</loc>
    </url>
    <url>
      <loc>https://www.pagalsongs.online/naino-ki-to-baat-naina-jaane-hai-mp3-songs-download-2024</loc>
    </url>
    <url>
      <loc>https://www.pagalsongs.online/tu-mera-hai-sanam-mp3-songs-download-2024</loc>
    </url>
    <url>
      <loc>https://www.pagalsongs.online/tu-mera-hai-sanam-female-version-mp3-song-download</loc>
    </url>
    <url>
      <loc>https://www.pagalsongs.online/naino-ki-to-baat-naina-jane-hai-female-version-mp3-song-download</loc>
    </url>
    <url>
      <loc>https://www.pagalsongs.online/la-la-la-mp3-song-download</loc>
    </url>
    <url>
      <loc>https://www.pagalsongs.online/mere-dil-se-mp3-song-download</loc>
    </url>
    <url>
      <loc>https://www.pagalsongs.online/mein-jhukega-nahi-sala-mp3-song-download</loc>
    </url>
    <url>
      <loc>https://www.pagalsongs.online/muh-pe-laga-le-tala-mp3-song-download</loc>
    </url>
    <url>
      <loc>https://www.pagalsongs.online/yenkan-mp3-song-download</loc>
    </url>
    <url>
      <loc>https://www.pagalsongs.online/yadaan-mp3-song-download</loc>
    </url>
    <url>
      <loc>https://www.pagalsongs.online/karaj-randhawa-gabru-mp3-song-download</loc>
    </url>
    <url>
      <loc>https://www.pagalsongs.online/hookah-bar-mp3-song-download</loc>
    </url>
    <url>
      <loc>https://www.pagalsongs.online/naal-tere-mp3-song-download</loc>
    </url>
    <url>
      <loc>https://www.pagalsongs.online/karaj-randhawa-chandigarh-mp3-song-download</loc>
    </url>
    <url>
      <loc>https://www.pagalsongs.online/saheliyan-mp3-song-download</loc>
    </url>
    <url>
      <loc>https://www.pagalsongs.online/bholenath-se-pyar-mp3-song-download</loc>
    </url>
    <url>
      <loc>https://www.pagalsongs.online/pav-dharia-pasoori-cover-mp3-song-download</loc>
    </url>
    <url>
      <loc>https://www.pagalsongs.online/meri-maa-ke-barabar-koi-nahi-mp3-song-download</loc>
    </url>
    <url>
      <loc>https://www.pagalsongs.online/kgf-chapter-2-mother-mp3-song-download</loc>
    </url>
    <url>
      <loc>https://www.pagalsongs.online/meri-maa-mera-rab-mp3-song-download</loc>
    </url>
    <url>
      <loc>https://www.pagalsongs.online/let-me-down-slowly-x-zara-zara-jalraj-mp3--songs-download-2024</loc>
    </url>
    <url>
      <loc>https://www.pagalsongs.online/made-in-india-mp3-song-download-2024</loc>
    </url>
    <url>
      <loc>https://www.pagalsongs.online/beymaniyaan-mp3-song-download</loc>
    </url>
    <url>
      <loc>https://www.pagalsongs.online/khoya-mp3-song-download</loc>
    </url>
    <url>
      <loc>https://www.pagalsongs.online/laage-re-nain-mp3-song-download</loc>
    </url>
    <url>
      <loc>https://www.pagalsongs.online/kothaga-ledhenti-mp3-song-download</loc>
    </url>
    <url>
      <loc>https://www.pagalsongs.online/saah-mp3-song-download-1</loc>
    </url>
    <url>
      <loc>https://www.pagalsongs.online/tujhe-yaad-badi-aaungi-mp3-song-download</loc>
    </url>
    <url>
      <loc>https://www.pagalsongs.online/jallad-zindagi-song-download</loc>
    </url>
    <url>
      <loc>https://www.pagalsongs.online/tircha-ghunghat-mp3-song-download</loc>
    </url>
    <url>
      <loc>https://www.pagalsongs.online/vinod-sorkhi-baaz-mp3-song-download</loc>
    </url>
    <url>
      <loc>https://www.pagalsongs.online/pinjra-mp3-song-download-1</loc>
    </url>
    <url>
      <loc>https://www.pagalsongs.online/kalakar-mp3-song-download-1</loc>
    </url>
    <url>
      <loc>https://www.pagalsongs.online/check-my-fizz-mp3-song-download</loc>
    </url>
    <url>
      <loc>https://www.pagalsongs.online/two-two-two-mp3-song-download</loc>
    </url>
    <url>
      <loc>https://www.pagalsongs.online/putthe-kamm-mp3-song-download</loc>
    </url>
    <url>
      <loc>https://www.pagalsongs.online/pyar-diwana-hota-hai-mp3-song-download</loc>
    </url>
    <url>
      <loc>https://www.pagalsongs.online/mana-hum-yaha-hai-dil-magar-vaha-hai-mp3-songs-download</loc>
    </url>
    <url>
      <loc>https://www.pagalsongs.online/sath-tera-hume-har-kadam-chahiye-mp3-song-download</loc>
    </url>
    <url>
      <loc>https://www.pagalsongs.online/buri-nazar-wale-tera-muh-kala-mp3--songs-download-1</loc>
    </url>
    <url>
      <loc>https://www.pagalsongs.online/muh-pe-laga-le-tala-mein-jhukega-nahi-sala-mp3-song-download</loc>
    </url>
    <url>
      <loc>https://www.pagalsongs.online/trippin-mp3-song-download-1</loc>
    </url>
    <url>
      <loc>https://www.pagalsongs.online/london-da-lakk-mp3---songs-download-2024-1</loc>
    </url>
    <url>
      <loc>https://www.pagalsongs.online/gal-sun-mp3--song-download-1</loc>
    </url>
    <url>
      <loc>https://www.pagalsongs.online/mehbooba-main-teri-mehbooba-kgf-chapter-2-song-download-1200000000kk</loc>
    </url>
    <url>
      <loc>https://www.pagalsongs.online/kgf-megamix-mashup-2022-dj-bks-sunix-thakor-mp3-song-download</loc>
    </url>
    <url>
      <loc>https://www.pagalsongs.online/guglu-muglu-mp3-song-download</loc>
    </url>
    <url>
      <loc>https://www.pagalsongs.online/kaafle-mp3-song-download-1</loc>
    </url>
    <url>
      <loc>https://www.pagalsongs.online/saunkan-saunkane-mp3-song-download-1</loc>
    </url>
    <url>
      <loc>https://www.pagalsongs.online/private-party-mp3-song-download</loc>
    </url>
    <url>
      <loc>https://www.pagalsongs.online/naa-sasi-mp3-song-download</loc>
    </url>
    <url>
      <loc>https://www.pagalsongs.online/nikkiye-bhene-mp3-song-download-1</loc>
    </url>
    <url>
      <loc>https://www.pagalsongs.online/lassi-mein-te-bhi-bairan-tu-ghee-kaad-ke-chhodegi-mp3-song-download</loc>
    </url>
    <url>
      <loc>https://www.pagalsongs.online/bairan-mp3---songs-download-2024</loc>
    </url>
    <url>
      <loc>https://www.pagalsongs.online/sath-tera-hamen-har-kadam-chahie-mp3-song-download</loc>
    </url>
    <url>
      <loc>https://www.pagalsongs.online/pika-pika-pikachu-mp3-song-download-10</loc>
    </url>
    <url>
      <loc>https://www.pagalsongs.online/tip-top-song-download</loc>
    </url>
    <url>
      <loc>https://www.pagalsongs.online/khudaya-re-song-download</loc>
    </url>
    <url>
      <loc>https://www.pagalsongs.online/bella-ciao-mp3-song-download-0</loc>
    </url>
    <url>
      <loc>https://www.pagalsongs.online/taare-ne-pasand-menu-mp3-song-download</loc>
    </url>
    <url>
      <loc>https://www.pagalsongs.online/dil-la-ke-dekh-chori-khele-na-dimag-se-mp3-song-download</loc>
    </url>
    <url>
      <loc>https://www.pagalsongs.online/charhde-punjab-warga-mp3-song-download-1</loc>
    </url>
    <url>
      <loc>https://www.pagalsongs.online/tainu-milke-mp3-song-download-1</loc>
    </url>
    <url>
      <loc>https://www.pagalsongs.online/maai-re-mp3--song-download</loc>
    </url>
    <url>
      <loc>https://www.pagalsongs.online/farouza-mp3-song-download</loc>
    </url>
    <url>
      <loc>https://www.pagalsongs.online/dynamite-mp3-song-download-0</loc>
    </url>
    <url>
      <loc>https://www.pagalsongs.online/khudaya-vey-mp3-song-download-1</loc>
    </url>
    <url>
      <loc>https://www.pagalsongs.online/kayi-din-huye-mp3-song-download</loc>
    </url>
    <url>
      <loc>https://www.pagalsongs.online/dil-teri-yaad-mein-rota-hai-mp3-songs-download-2024</loc>
    </url>
    <url>
      <loc>https://www.pagalsongs.online/q-mp3-song-download</loc>
    </url>
    <url>
      <loc>https://www.pagalsongs.online/mehndi-mp3-song-download-lankesh-1</loc>
    </url>
    <url>
      <loc>https://www.pagalsongs.online/ninja-pani-pani-mp3-song-download-1</loc>
    </url>
    <url>
      <loc>https://www.pagalsongs.online/pasoori-bengali-mashup-2022-mp3-song-download</loc>
    </url>
    <url>
      <loc>https://www.pagalsongs.online/chori-chori-dil-tera-churayenge-cover-song-download</loc>
    </url>
    <url>
      <loc>https://www.pagalsongs.online/hare-krishna-hare-ram-mp3-song-download</loc>
    </url>
    <url>
      <loc>https://www.pagalsongs.online/bhool-bhulaiyaa-2-title-track-mp3-song-download</loc>
    </url>
    <url>
      <loc>https://www.pagalsongs.online/subah-se-shaam-mp3-song-download</loc>
    </url>
    <url>
      <loc>https://www.pagalsongs.online/broken-love-mashup-2022-amtee-mp3-song-download</loc>
    </url>
    <url>
      <loc>https://www.pagalsongs.online/nathuniya-mp3-song-download</loc>
    </url>
    <url>
      <loc>https://www.pagalsongs.online/suit-vs-kurta-pajama-mp3-song-download-1</loc>
    </url>
    <url>
      <loc>https://www.pagalsongs.online/my-name-is-chicky-mp3-song-download</loc>
    </url>
    <url>
      <loc>https://www.pagalsongs.online/shiv-rudrashtakam-mp3-song-download</loc>
    </url>
    <url>
      <loc>https://www.pagalsongs.online/dj-snake-x-justin-bieber-mashup-2022-dip-sr-mp3--song-download-2024-0</loc>
    </url>
    <url>
      <loc>https://www.pagalsongs.online/saade-kothe-utte-mp3-song-download-1</loc>
    </url>
    <url>
      <loc>https://www.pagalsongs.online/yaaran-gail-mp3-song-download</loc>
    </url>
    <url>
      <loc>https://www.pagalsongs.online/kaal-bhairav-ashtakam-mp3-song-download</loc>
    </url>
    <url>
      <loc>https://www.pagalsongs.online/chardikla-mp3-song-download-1</loc>
    </url>
    <url>
      <loc>https://www.pagalsongs.online/tair-paatge-mp3-song-download</loc>
    </url>
    <url>
      <loc>https://www.pagalsongs.online/chhod-diya-lofi-jalraj-mp3-song-download</loc>
    </url>
    <url>
      <loc>https://www.pagalsongs.online/first-love-mashup-2022-vinick-mp3-song-download</loc>
    </url>
    <url>
      <loc>https://www.pagalsongs.online/the-drum-mp3-song-download</loc>
    </url>
    <url>
      <loc>https://www.pagalsongs.online/doabe-aale-mp3-song-download-0</loc>
    </url>
    <url>
      <loc>https://www.pagalsongs.online/m-rafi-baby-doll-mp3-song-download-1</loc>
    </url>
    <url>
      <loc>https://www.pagalsongs.online/meri-chahat-ke-sawan-mein-aaja-mp3-song-download</loc>
    </url>
    <url>
      <loc>https://www.pagalsongs.online/jindariye-mp3-song-download-1</loc>
    </url>
    <url>
      <loc>https://www.pagalsongs.online/pehli-baar-mp3-song-download</loc>
    </url>
    <url>
      <loc>https://www.pagalsongs.online/kanika-kapoor-buhe-bariyan-mp3-song-download</loc>
    </url>
    <url>
      <loc>https://www.pagalsongs.online/sweet-teri-smile-mp3-song-download</loc>
    </url>
    <url>
      <loc>https://www.pagalsongs.online/dhokebaaz-mp3-song-download-</loc>
    </url>
    <url>
      <loc>https://www.pagalsongs.online/heartless-mashup-2022-b-praak-arijit-singh-mp3-song-download</loc>
    </url>
    <url>
      <loc>https://www.pagalsongs.online/yaaran-sir-te-mp3-song-download-1</loc>
    </url>
    <url>
      <loc>https://www.pagalsongs.online/tera-mera-pyar-2-mp3---songs-download-2024</loc>
    </url>
    <url>
      <loc>https://www.pagalsongs.online/o-ranjhana-mp3-song-download</loc>
    </url>
    <url>
      <loc>https://www.pagalsongs.online/jhumke-mp3-song-download</loc>
    </url>
    <url>
      <loc>https://www.pagalsongs.online/arsaa-mp3--song-download</loc>
    </url>
    <url>
      <loc>https://www.pagalsongs.online/eid-ho-jayegi-mp3--song-download</loc>
    </url>
    <url>
      <loc>https://www.pagalsongs.online/laal-singh-chaddha-kahani-mp3-song-download</loc>
    </url>
    <url>
      <loc>https://www.pagalsongs.online/sunburn-mp3-song-download-1</loc>
    </url>
    <url>
      <loc>https://www.pagalsongs.online/blame-mp3-song-download-1</loc>
    </url>
    <url>
      <loc>https://www.pagalsongs.online/hasbi-rabbi-mp3-song-download</loc>
    </url>
    <url>
      <loc>https://www.pagalsongs.online/kare-control-mujhe-jaise-voodoo-mp3-song-download</loc>
    </url>
    <url>
      <loc>https://www.pagalsongs.online/bechari-mp3-song-download</loc>
    </url>
    <url>
      <loc>https://www.pagalsongs.online/kamariya-coca-cola-mp3-song-download</loc>
    </url>
    <url>
      <loc>https://www.pagalsongs.online/khakhi-vardi-mp3-song-download-1</loc>
    </url>
    <url>
      <loc>https://www.pagalsongs.online/light-up-the-fire-mp3-songs-download-2024</loc>
    </url>
    <url>
      <loc>https://www.pagalsongs.online/introvert-girl-mp3-song-download-1</loc>
    </url>
    <url>
      <loc>https://www.pagalsongs.online/setting-song-download</loc>
    </url>
    <url>
      <loc>https://www.pagalsongs.online/mere-wall-mp3-song-download-2024-1</loc>
    </url>
    <url>
      <loc>https://www.pagalsongs.online/love-theme-2022-harnish-x-naresh-parmar-mp3-song-download</loc>
    </url>
    <url>
      <loc>https://www.pagalsongs.online/bura-sapna-mp3-song-download</loc>
    </url>
    <url>
      <loc>https://www.pagalsongs.online/jawab-mp3-song-download-1</loc>
    </url>
    <url>
      <loc>https://www.pagalsongs.online/dil-puchta-hai-mp3-songs-download</loc>
    </url>
    <url>
      <loc>https://www.pagalsongs.online/ezu-faraar-mp3-song-download-1</loc>
    </url>
    <url>
      <loc>https://www.pagalsongs.online/dua-karo-ke-dil-mera-kahi-lag-jaye-mp3-song-download</loc>
    </url>
    <url>
      <loc>https://www.pagalsongs.online/dua-karo-mp3-song-download</loc>
    </url>
    <url>
      <loc>https://www.pagalsongs.online/mere-dhol-judaiyan-di-song-download</loc>
    </url>
    <url>
      <loc>https://www.pagalsongs.online/everybody-hurts-mp3--download-2</loc>
    </url>
    <url>
      <loc>https://www.pagalsongs.online/bloodlust-song-download-1</loc>
    </url>
    <url>
      <loc>https://www.pagalsongs.online/sidhu-moose-wala-never-fold-song-download-220</loc>
    </url>
    <url>
      <loc>https://www.pagalsongs.online/0-to-100-mp3-song-download-sidhu</loc>
    </url>
    <url>
      <loc>https://www.pagalsongs.online/halamithi-habibo-remix-dj-vispi-mp3-song-download</loc>
    </url>
    <url>
      <loc>https://www.pagalsongs.online/adab-punjabi-pt-2-3-mp3-song-download</loc>
    </url>
    <url>
      <loc>https://www.pagalsongs.online/maan-le-mp3-song-download</loc>
    </url>
    <url>
      <loc>https://www.pagalsongs.online/deg-mp3-song-download</loc>
    </url>
    <url>
      <loc>https://www.pagalsongs.online/mexican-mp3-song-download</loc>
    </url>
    <url>
      <loc>https://www.pagalsongs.online/gal-ni-hoyi-mp3-song-download</loc>
    </url>
    <url>
      <loc>https://www.pagalsongs.online/ohi-ford-mp3-song-download</loc>
    </url>
    <url>
      <loc>https://www.pagalsongs.online/telepathy-mp3-song-download</loc>
    </url>
    <url>
      <loc>https://www.pagalsongs.online/babbu-maan-chann-mp3-song-download</loc>
    </url>
    <url>
      <loc>https://www.pagalsongs.online/4-dimaag-2-dil-mp3-song-download</loc>
    </url>
    <url>
      <loc>https://www.pagalsongs.online/chandigarh-di-patjhad-mp3-song-download</loc>
    </url>
    <url>
      <loc>https://www.pagalsongs.online/kala-kurta-mp3-song-download</loc>
    </url>
    <url>
      <loc>https://www.pagalsongs.online/lets-crash-them-mp3--song-download-1</loc>
    </url>
    <url>
      <loc>https://www.pagalsongs.online/rab-na-kare-mp3-song-download</loc>
    </url>
    <url>
      <loc>https://www.pagalsongs.online/choodi-ye-tadpayegi-mp3-song-download</loc>
    </url>
    <url>
      <loc>https://www.pagalsongs.online/the-monster-song-download</loc>
    </url>
    <url>
      <loc>https://www.pagalsongs.online/i-am-in-love-mashup-2022-amtee-mp3-songs-download</loc>
    </url>
    <url>
      <loc>https://www.pagalsongs.online/tomari-achi-mp3-song-download</loc>
    </url>
    <url>
      <loc>https://www.pagalsongs.online/meri-chahat-ke-sawan-mein-aaja-bheeg-le-piya-mp3-song-download</loc>
    </url>
    <url>
      <loc>https://www.pagalsongs.online/aaja-bheeg-le-piya-mp3-song-download</loc>
    </url>
    <url>
      <loc>https://www.pagalsongs.online/ami-je-tomar-mp3-song-download</loc>
    </url>
    <url>
      <loc>https://www.pagalsongs.online/meri-mehbooba-zara-tasveer-se-tu-mp3--song-download</loc>
    </url>
    <url>
      <loc>https://www.pagalsongs.online/mehbooba-mein-teri-mehbooba-kgf-song-download</loc>
    </url>
    <url>
      <loc>https://www.pagalsongs.online/bhaag-dk-bose-remix-dj-vicky-nyc-mp3-song-download</loc>
    </url>
    <url>
      <loc>https://www.pagalsongs.online/rabb-karke-mp3-song-download-1</loc>
    </url>
    <url>
      <loc>https://www.pagalsongs.online/mangta-hai-kya-mp3-song-download</loc>
    </url>
    <url>
      <loc>https://www.pagalsongs.online/whistle-baja-2-mp3-song-download</loc>
    </url>
    <url>
      <loc>https://www.pagalsongs.online/aankhon-se-batana-mp3-song-download</loc>
    </url>
    <url>
      <loc>https://www.pagalsongs.online/desilicious-110-dj-shadow-dubai-audio-jukebox-mp3-song-download</loc>
    </url>
    <url>
      <loc>https://www.pagalsongs.online/heart-attack-mp3-song-download-1</loc>
    </url>
    <url>
      <loc>https://www.pagalsongs.online/pasoori-remix-dj-lemon-mp3---songs-download-2024</loc>
    </url>
    <url>
      <loc>https://www.pagalsongs.online/aaj-mon-cheyeche-mp3-song-download</loc>
    </url>
    <url>
      <loc>https://www.pagalsongs.online/copy-cat-mp3-song-download</loc>
    </url>
    <url>
      <loc>https://www.pagalsongs.online/voodoo-mp3-song-download-00</loc>
    </url>
    <url>
      <loc>https://www.pagalsongs.online/pasoori-cover-mp3-song-download</loc>
    </url>
    <url>
      <loc>https://www.pagalsongs.online/hollybolly-mashup-2022-neojazz-naresh-parmar-mp3--song-download-2024-0</loc>
    </url>
    <url>
      <loc>https://www.pagalsongs.online/chalo-mannya-mp3-song-download-1</loc>
    </url>
    <url>
      <loc>https://www.pagalsongs.online/tumhe-dil-me-basana-hai-mp3-song-download</loc>
    </url>
    <url>
      <loc>https://www.pagalsongs.online/kasol-mp3-song-download</loc>
    </url>
    <url>
      <loc>https://www.pagalsongs.online/ami-tor-mp3--song-download</loc>
    </url>
    <url>
      <loc>https://www.pagalsongs.online/jacheya-pea-mp3-song-download-1</loc>
    </url>
    <url>
      <loc>https://www.pagalsongs.online/bamb-aagya-mp3-song-download-1</loc>
    </url>
    <url>
      <loc>https://www.pagalsongs.online/dila-da-lootera-mp3-song-download-1</loc>
    </url>
    <url>
      <loc>https://www.pagalsongs.online/tumhe-apna-banana-hai-mp3-song-download</loc>
    </url>
    <url>
      <loc>https://www.pagalsongs.online/charso-bees-2-mp3--song-download-00</loc>
    </url>
    <url>
      <loc>https://www.pagalsongs.online/samandar-mp3-song-download</loc>
    </url>
    <url>
      <loc>https://www.pagalsongs.online/desi-hip-hop-mp3-song-download</loc>
    </url>
    <url>
      <loc>https://www.pagalsongs.online/maar-dena-mp3-song-download</loc>
    </url>
    <url>
      <loc>https://www.pagalsongs.online/tu-te-kehndi-c-mp3-song-download</loc>
    </url>
    <url>
      <loc>https://www.pagalsongs.online/bohemia-balle-balle-mp3-song-download</loc>
    </url>
    <url>
      <loc>https://www.pagalsongs.online/bohemia-dil-mp3-song-download-</loc>
    </url>
    <url>
      <loc>https://www.pagalsongs.online/bohemia-gutt-mp3-song-download</loc>
    </url>
    <url>
      <loc>https://www.pagalsongs.online/jogiya-mp3-song-download-0</loc>
    </url>
    <url>
      <loc>https://www.pagalsongs.online/dino-james-chosen-mp3-song-download</loc>
    </url>
    <url>
      <loc>https://www.pagalsongs.online/i-m-i-t-mp3-song-download</loc>
    </url>
    <url>
      <loc>https://www.pagalsongs.online/drug-dealer-mp3-song-download-0</loc>
    </url>
    <url>
      <loc>https://www.pagalsongs.online/main-mp3-song-download</loc>
    </url>
    <url>
      <loc>https://www.pagalsongs.online/jee-kare-mp3-song-download</loc>
    </url>
    <url>
      <loc>https://www.pagalsongs.online/daddys-home-mp3-song-download</loc>
    </url>
    <url>
      <loc>https://www.pagalsongs.online/raaz-mp3-song-download</loc>
    </url>
    <url>
      <loc>https://www.pagalsongs.online/ilahi-mp3-song-download-1</loc>
    </url>
    <url>
      <loc>https://www.pagalsongs.online/pindan-ton-mp3-song-download-1</loc>
    </url>
    <url>
      <loc>https://www.pagalsongs.online/kill-bill-mp3-song-download-1</loc>
    </url>
    <url>
      <loc>https://www.pagalsongs.online/end-mp3--song-download-1</loc>
    </url>
    <url>
      <loc>https://www.pagalsongs.online/let-me-down-slowly-mp3--doownload-new-2023</loc>
    </url>
    <url>
      <loc>https://www.pagalsongs.online/jigar-koka-mp3-song-download-1</loc>
    </url>
    <url>
      <loc>https://www.pagalsongs.online/boli-tujhse-mp3-song-download</loc>
    </url>
    <url>
      <loc>https://www.pagalsongs.online/salman-ali-o-maahi-mp3-song-download</loc>
    </url>
    <url>
      <loc>https://www.pagalsongs.online/munde-kehre-mp3-song-download</loc>
    </url>
    <url>
      <loc>https://www.pagalsongs.online/let-me-down-slowly-x-tose-naina-mp3-song---download-2024</loc>
    </url>
    <url>
      <loc>https://www.pagalsongs.online/ek-baat-keh-raha-hoon-mp3-song-download</loc>
    </url>
    <url>
      <loc>https://www.pagalsongs.online/koi-patthar-se-recreated-mp3-song-download</loc>
    </url>
    <url>
      <loc>https://www.pagalsongs.online/yeh-kyun-kiya-song-download</loc>
    </url>
    <url>
      <loc>https://www.pagalsongs.online/sohna-mp3-song-download-1</loc>
    </url>
    <url>
      <loc>https://www.pagalsongs.online/meri-jaan-meri-jaan-remix-dj-yogii-mp3-song-download</loc>
    </url>
    <url>
      <loc>https://www.pagalsongs.online/noor-tung-raule-gaule-mp3-song-download-1</loc>
    </url>
    <url>
      <loc>https://www.pagalsongs.online/tumhara-pyar-mp3-song-download-1</loc>
    </url>
    <url>
      <loc>https://www.pagalsongs.online/kanna-mp3-song-download</loc>
    </url>
    <url>
      <loc>https://www.pagalsongs.online/alone-jatt-mp3-song-download-1</loc>
    </url>
    <url>
      <loc>https://www.pagalsongs.online/shaadi-karke-le-jayega-mujhe-mp3-song-download</loc>
    </url>
    <url>
      <loc>https://www.pagalsongs.online/posh-mp3-song-download-1</loc>
    </url>
    <url>
      <loc>https://www.pagalsongs.online/this-side-mp3-song-download</loc>
    </url>
    <url>
      <loc>https://www.pagalsongs.online/queen-of-hearts-mp3-song-download-2</loc>
    </url>
    <url>
      <loc>https://www.pagalsongs.online/mehabooba-mp3-song-download-kgf-2-0</loc>
    </url>
    <url>
      <loc>https://www.pagalsongs.online/jai-hanuman-mp3-song-download</loc>
    </url>
    <url>
      <loc>https://www.pagalsongs.online/sajjna-ve-sajjna-mp3-song-download-1</loc>
    </url>
    <url>
      <loc>https://www.pagalsongs.online/for-you-mp3--0-download-2024-1</loc>
    </url>
    <url>
      <loc>https://www.pagalsongs.online/pakistan-mp3-song-download-1</loc>
    </url>
    <url>
      <loc>https://www.pagalsongs.online/allah-ve-mp3-song-download-1</loc>
    </url>
    <url>
      <loc>https://www.pagalsongs.online/tera-mera-naam-sohneya-mp3-song-download-1</loc>
    </url>
    <url>
      <loc>https://www.pagalsongs.online/o-baby-mp3-song-download-1</loc>
    </url>
    <url>
      <loc>https://www.pagalsongs.online/sohniyan-shaklan-mp3-song-download-1</loc>
    </url>
    <url>
      <loc>https://www.pagalsongs.online/tu-kisi-aur-ko-na-chahe-inn-mp3-song-download</loc>
    </url>
    <url>
      <loc>https://www.pagalsongs.online/no-no-no-mp3-song-download-1</loc>
    </url>
    <url>
      <loc>https://www.pagalsongs.online/rhymeless-mp3-song-download</loc>
    </url>
    <url>
      <loc>https://www.pagalsongs.online/empty-pocket-mp3-song-download-1</loc>
    </url>
    <url>
      <loc>https://www.pagalsongs.online/chauffeur-mp3-song-download</loc>
    </url>
    <url>
      <loc>https://www.pagalsongs.online/gaadi-desiyan-ki-mp3-song-download-0</loc>
    </url>
    <url>
      <loc>https://www.pagalsongs.online/pariyan-toh-sohni-mp3-song-download-1</loc>
    </url>
    <url>
      <loc>https://www.pagalsongs.online/sikander-mp3-song-download</loc>
    </url>
    <url>
      <loc>https://www.pagalsongs.online/sulthan-kgf-2-song-download-201kx0000</loc>
    </url>
    <url>
      <loc>https://www.pagalsongs.online/gora-chitta-rang-mp3-song-download</loc>
    </url>
    <url>
      <loc>https://www.pagalsongs.online/pittar-mp3-song-download-1</loc>
    </url>
    <url>
      <loc>https://www.pagalsongs.online/jaa-rahe-ho-mp3-song-download</loc>
    </url>
    <url>
      <loc>https://www.pagalsongs.online/pehli-mulaqat-mp3-song-download-1</loc>
    </url>
    <url>
      <loc>https://www.pagalsongs.online/patli-gali-se-nikal-mp3-song-download</loc>
    </url>
    <url>
      <loc>https://www.pagalsongs.online/tu-laut-aa-mp3-song-download</loc>
    </url>
    <url>
      <loc>https://www.pagalsongs.online/dil-gaunda-firda-mp3-song-download-1</loc>
    </url>
    <url>
      <loc>https://www.pagalsongs.online/scapegoat-mp3-song-download-1</loc>
    </url>
    <url>
      <loc>https://www.pagalsongs.online/naacho-naacho-mp3--song-download</loc>
    </url>
    <url>
      <loc>https://www.pagalsongs.online/tere-bin-jeena-kya-song-download</loc>
    </url>
    <url>
      <loc>https://www.pagalsongs.online/mera-rang-mp3-song-download</loc>
    </url>
    <url>
      <loc>https://www.pagalsongs.online/you-n-i-mp3-song-download-11</loc>
    </url>
    <url>
      <loc>https://www.pagalsongs.online/joy-baba-bholenath-mp3-song-download-2024</loc>
    </url>
    <url>
      <loc>https://www.pagalsongs.online/heart-broken-the-lofi-mashup-2022-dj-bks-sunix-thakor-mp3-song-download</loc>
    </url>
    <url>
      <loc>https://www.pagalsongs.online/bandooka-aale-mp3-song-download</loc>
    </url>
    <url>
      <loc>https://www.pagalsongs.online/lammiyan-bandookan-wale-mp3-song-download-1</loc>
    </url>
    <url>
      <loc>https://www.pagalsongs.online/oboseshe-mp3-song-download</loc>
    </url>
    <url>
      <loc>https://www.pagalsongs.online/maine-royaan-ringtone-download-2-0</loc>
    </url>
    <url>
      <loc>https://www.pagalsongs.online/good-in-bad-mp3-song-download-1</loc>
    </url>
    <url>
      <loc>https://www.pagalsongs.online/bharat-ka-bacha-bacha-jai-shri-ram-bolega-mp3-song-download</loc>
    </url>
    <url>
      <loc>https://www.pagalsongs.online/jai-shri-ram-dj-2022-mp3-song-download</loc>
    </url>
    <url>
      <loc>https://www.pagalsongs.online/ram-navami-dj-song-2022-mp3-song-download</loc>
    </url>
    <url>
      <loc>https://www.pagalsongs.online/ram-navami-special-dj-song-nonstop-2022-mp3-song-download</loc>
    </url>
    <url>
      <loc>https://www.pagalsongs.online/jollyo-gymkhana-mp3-song-download</loc>
    </url>
    <url>
      <loc>https://www.pagalsongs.online/le-gayi-le-gayi-x-dil-to-pagal-hai-cover-mp3-song-download</loc>
    </url>
    <url>
      <loc>https://www.pagalsongs.online/oo-bolega-ya-oo-oo-bolega-x-ipl-theme-remix-dj-moskitto-mp3-song-download</loc>
    </url>
    <url>
      <loc>https://www.pagalsongs.online/yasser-desai-main-royaan-mp3-song-download</loc>
    </url>
    <url>
      <loc>https://www.pagalsongs.online/naram-hontho-pe-mp3-song-download</loc>
    </url>
    <url>
      <loc>https://www.pagalsongs.online/chaand-baaliyan-mp3--song-download</loc>
    </url>
    <url>
      <loc>https://www.pagalsongs.online/rozaana-mp3-song-download</loc>
    </url>
    <url>
      <loc>https://www.pagalsongs.online/endless-love-mashup-2022-amtee-mp3-song-download</loc>
    </url>
    <url>
      <loc>https://www.pagalsongs.online/hollybolly-house-mashup-2022-dip-sr-mp3-song-download</loc>
    </url>
    <url>
      <loc>https://www.pagalsongs.online/need-your-love-mashup-2022-vinick-mp3-song-download</loc>
    </url>
    <url>
      <loc>https://www.pagalsongs.online/ford-baapu-da-mp3-song-download-1</loc>
    </url>
    <url>
      <loc>https://www.pagalsongs.online/heartless-mp3-song-download-2024</loc>
    </url>
    <url>
      <loc>https://www.pagalsongs.online/miss-hairan-mp3-song-download</loc>
    </url>
    <url>
      <loc>https://www.pagalsongs.online/teri-aankhon-mein-dikhta-jo-pyaar-mujhe-mp3-song-download</loc>
    </url>
    <url>
      <loc>https://www.pagalsongs.online/ye-soch-ke-dil-mera-joro-se-dhadakta-hai-mp3-song-download-2024</loc>
    </url>
    <url>
      <loc>https://www.pagalsongs.online/kon-tha-tumko-lene-aaya-kon-si-gaadi-thi-mp3-song-download</loc>
    </url>
    <url>
      <loc>https://www.pagalsongs.online/raja-tere-mahal-ke-piche-piche-mp3-song-download-2024</loc>
    </url>
    <url>
      <loc>https://www.pagalsongs.online/hasta-hua-yeh-chehra-bas-nazar-ka-dhoka-hai-mp3-0s-download-2024</loc>
    </url>
    <url>
      <loc>https://www.pagalsongs.online/mana-hum-yahan-hai-dil-magar-wahan-hai-mp3-songs-download-2024</loc>
    </url>
    <url>
      <loc>https://www.pagalsongs.online/dil-ki-baaton-ke-maare-hue-hai-mp3-songs-download-2024</loc>
    </url>
    <url>
      <loc>https://www.pagalsongs.online/aaj-meri-gali-mein-kal-kisi-aur-ki-mp3-song-download</loc>
    </url>
    <url>
      <loc>https://www.pagalsongs.online/heeriye-mp3-song-download</loc>
    </url>
    <url>
      <loc>https://www.pagalsongs.online/balle-ni-balle-mp3-song-download</loc>
    </url>
    <url>
      <loc>https://www.pagalsongs.online/chocolate-mp3-song-download-1</loc>
    </url>
    <url>
      <loc>https://www.pagalsongs.online/red-eyes-mp3-song-download</loc>
    </url>
    <url>
      <loc>https://www.pagalsongs.online/nain-mp3-song-download-1</loc>
    </url>
    <url>
      <loc>https://www.pagalsongs.online/jatt-vibe-mp3-song-download-1</loc>
    </url>
    <url>
      <loc>https://www.pagalsongs.online/ilzaam-mp3-songs-download-2024-arjun-kanungo</loc>
    </url>
    <url>
      <loc>https://www.pagalsongs.online/dont-dare-mp3---song-download-1</loc>
    </url>
    <url>
      <loc>https://www.pagalsongs.online/mere-mehboob-cover-mp3-song-download</loc>
    </url>
    <url>
      <loc>https://www.pagalsongs.online/jo-mujhe-deewana-kar-de-song-download</loc>
    </url>
    <url>
      <loc>https://www.pagalsongs.online/haal-naar-da-mp3-song-download-1</loc>
    </url>
    <url>
      <loc>https://www.pagalsongs.online/ve-tu-mp3-song-download</loc>
    </url>
    <url>
      <loc>https://www.pagalsongs.online/sono-na-ruposhi-mp3-song-download</loc>
    </url>
    <url>
      <loc>https://www.pagalsongs.online/halamithi-habibo-hindi-mp3--song---download-2024</loc>
    </url>
    <url>
      <loc>https://www.pagalsongs.online/tum-mile-ho-mp3-song-download</loc>
    </url>
    <url>
      <loc>https://www.pagalsongs.online/college-mein-mp3-song-download</loc>
    </url>
    <url>
      <loc>https://www.pagalsongs.online/halla-sheri-mp3-song-download</loc>
    </url>
    <url>
      <loc>https://www.pagalsongs.online/lucky-ali-intezaar-mp3-song-download</loc>
    </url>
    <url>
      <loc>https://www.pagalsongs.online/pta-mainu-mp3-song-download-1</loc>
    </url>
    <url>
      <loc>https://www.pagalsongs.online/ooo-ooo-mp3-song-download</loc>
    </url>
    <url>
      <loc>https://www.pagalsongs.online/pakke-rang-mp3-song-download-1</loc>
    </url>
    <url>
      <loc>https://www.pagalsongs.online/kgf-chapter-2-bgm-ringtone-mp3-song-download-200</loc>
    </url>
    <url>
      <loc>https://www.pagalsongs.online/laung-laachi-bhojpur-mp3-song-download</loc>
    </url>
    <url>
      <loc>https://www.pagalsongs.online/saamna-mp3-song-download</loc>
    </url>
    <url>
      <loc>https://www.pagalsongs.online/taur-jattan-di-mp3-song-download-1</loc>
    </url>
    <url>
      <loc>https://www.pagalsongs.online/nikal-jaana-mp3-song-download</loc>
    </url>
    <url>
      <loc>https://www.pagalsongs.online/bol-sapele-ki-ragni-mp3-song-download</loc>
    </url>
    <url>
      <loc>https://www.pagalsongs.online/crystal-mp3-song-download-1</loc>
    </url>
    <url>
      <loc>https://www.pagalsongs.online/o-sanam-mp3-song-download</loc>
    </url>
    <url>
      <loc>https://www.pagalsongs.online/hasi-mp3-song-download</loc>
    </url>
    <url>
      <loc>https://www.pagalsongs.online/jodi-mp3-song-download</loc>
    </url>
    <url>
      <loc>https://www.pagalsongs.online/aa-gale-se-laga-le-mp3-song-download</loc>
    </url>
    <url>
      <loc>https://www.pagalsongs.online/magic-mp3-song-download-1</loc>
    </url>
    <url>
      <loc>https://www.pagalsongs.online/mitra-re-mp3-song-download-2024</loc>
    </url>
    <url>
      <loc>https://www.pagalsongs.online/parwah-mp3-song-download-1</loc>
    </url>
    <url>
      <loc>https://www.pagalsongs.online/lover-remix-dj-sukhi-nyc-dj-jay-nyc-mp3-song-download</loc>
    </url>
    <url>
      <loc>https://www.pagalsongs.online/kathputli-mp3-song-download-1</loc>
    </url>
    <url>
      <loc>https://www.pagalsongs.online/yaad-aati-nahin-mp3-song-download</loc>
    </url>
    <url>
      <loc>https://www.pagalsongs.online/chusamba-mp3-song-download</loc>
    </url>
    <url>
      <loc>https://www.pagalsongs.online/bonde-maya-lagaise-mp3-song-download</loc>
    </url>
    <url>
      <loc>https://www.pagalsongs.online/zaroori-nai-mp3--song-download-1</loc>
    </url>
    <url>
      <loc>https://www.pagalsongs.online/mahakaal-ki-mahakali-mp3-song-download</loc>
    </url>
    <url>
      <loc>https://www.pagalsongs.online/mast-nazron-se-allah-bachaye-mp3-song-download</loc>
    </url>
    <url>
      <loc>https://www.pagalsongs.online/kaise-sarkar-mp3-song-download</loc>
    </url>
    <url>
      <loc>https://www.pagalsongs.online/keu-jaane-naa-mp3-song-download</loc>
    </url>
    <url>
      <loc>https://www.pagalsongs.online/jalwanuma-mp3--song-download</loc>
    </url>
    <url>
      <loc>https://www.pagalsongs.online/manavgeet-gill-midnight-mp3-song-download-1</loc>
    </url>
    <url>
      <loc>https://www.pagalsongs.online/moyna-cholat-cholat-mp3-song-download</loc>
    </url>
    <url>
      <loc>https://www.pagalsongs.online/pasoori-x-despacito-mashup-sush-yohan-music-mp3-song-download-2024</loc>
    </url>
    <url>
      <loc>https://www.pagalsongs.online/-pasoori-mp3---songs-download-2024</loc>
    </url>
    <url>
      <loc>https://www.pagalsongs.online/bholenath-2-mp3-song-download-1</loc>
    </url>
    <url>
      <loc>https://www.pagalsongs.online/flex-mp3-song-download-0</loc>
    </url>
    <url>
      <loc>https://www.pagalsongs.online/jubin-nautiyal-mast-nazron-se-mp3-song-download</loc>
    </url>
    <url>
      <loc>https://www.pagalsongs.online/broken-trust-mashup-2022-dj-bks-sunix-thakor-mp3-song-download</loc>
    </url>
    <url>
      <loc>https://www.pagalsongs.online/ezu-sunset-mp3---songs-download-2024-1</loc>
    </url>
    <url>
      <loc>https://www.pagalsongs.online/heartthrob-mp3-song-download</loc>
    </url>
    <url>
      <loc>https://www.pagalsongs.online/kudiyan-lahore-diyan-mp3-song-download</loc>
    </url>
    <url>
      <loc>https://www.pagalsongs.online/laung-laachi-haryanvi-mp3-song-download</loc>
    </url>
    <url>
      <loc>https://www.pagalsongs.online/tera-hoya-deewana-mp3-song-download-1</loc>
    </url>
    <url>
      <loc>https://www.pagalsongs.online/saiyaan-mp3-song-download-asees-kaur</loc>
    </url>
    <url>
      <loc>https://www.pagalsongs.online/dil-se-utar-gaye-mp3-song-download</loc>
    </url>
    <url>
      <loc>https://www.pagalsongs.online/mega-mashup-2022-vdj-jakaria-mp3-song-download-2024</loc>
    </url>
    <url>
      <loc>https://www.pagalsongs.online/aayi-aayi-mp3-song-download-1</loc>
    </url>
    <url>
      <loc>https://www.pagalsongs.online/nachle-101-mp3-song-download</loc>
    </url>
    <url>
      <loc>https://www.pagalsongs.online/jassa-dhillon-shadow-mp3-song-download-1</loc>
    </url>
    <url>
      <loc>https://www.pagalsongs.online/big-man-mp3-song-download-2</loc>
    </url>
    <url>
      <loc>https://www.pagalsongs.online/lekhi-beliya-mp3-song-download-1</loc>
    </url>
    <url>
      <loc>https://www.pagalsongs.online/khwaab-khwaab-mp3-song-download</loc>
    </url>
    <url>
      <loc>https://www.pagalsongs.online/plazzo-mp3-song-download</loc>
    </url>
    <url>
      <loc>https://www.pagalsongs.online/rulawange-mp3--song-download-1</loc>
    </url>
    <url>
      <loc>https://www.pagalsongs.online/tod-gayi-mp3-song-download-1</loc>
    </url>
    <url>
      <loc>https://www.pagalsongs.online/flashback-punjabi-mashup-2022-dip-sr-mp3-songs-download</loc>
    </url>
    <url>
      <loc>https://www.pagalsongs.online/nawa-suit-mp3-song-download-1</loc>
    </url>
    <url>
      <loc>https://www.pagalsongs.online/shaidayee-mp3-song-download</loc>
    </url>
    <url>
      <loc>https://www.pagalsongs.online/rahat-fateh-ali-khan-mashup-naresh-parmar-mp3-song-download</loc>
    </url>
    <url>
      <loc>https://www.pagalsongs.online/dafa-kar-mp3-song-download</loc>
    </url>
    <url>
      <loc>https://www.pagalsongs.online/tum-ishq-nahi-karte-mp3-song-download</loc>
    </url>
    <url>
      <loc>https://www.pagalsongs.online/la-la-la-li-la-la-la-ringtone-mp3-song-download-2-0</loc>
    </url>
    <url>
      <loc>https://www.pagalsongs.online/inder-chahal-dream-mp3-song-download-1</loc>
    </url>
    <url>
      <loc>https://www.pagalsongs.online/tu-jattiye-mp3-song-download-1</loc>
    </url>
    <url>
      <loc>https://www.pagalsongs.online/fizool-hai-mp3-songs-download</loc>
    </url>
    <url>
      <loc>https://www.pagalsongs.online/badi-koshish-ki-humne-sudhara-na-gaya-mp3-song-download</loc>
    </url>
    <url>
      <loc>https://www.pagalsongs.online/tum-ishq-nahi-karte-bus-baten-karte-ho-mp3-song-download</loc>
    </url>
    <url>
      <loc>https://www.pagalsongs.online/kaali-kaali-kaali-raatein-karte-ho-mp3-song-download</loc>
    </url>
    <url>
      <loc>https://www.pagalsongs.online/rehna-tere-paas-mp3-song-download</loc>
    </url>
    <url>
      <loc>https://www.pagalsongs.online/ghungroo-mp3-song-download-1</loc>
    </url>
    <url>
      <loc>https://www.pagalsongs.online/jawani-mp3-song-download-1</loc>
    </url>
    <url>
      <loc>https://www.pagalsongs.online/baaz-dhaliwal-kalle-kalle-mp3-song-download-1</loc>
    </url>
    <url>
      <loc>https://www.pagalsongs.online/tu-chahida-mp3-song-download-1</loc>
    </url>
    <url>
      <loc>https://www.pagalsongs.online/panjeban-mp3-song-download-1</loc>
    </url>
    <url>
      <loc>https://www.pagalsongs.online/lekh-mera-yaar-mp3-song-download-1</loc>
    </url>
    <url>
      <loc>https://www.pagalsongs.online/mera-mp3-song-download</loc>
    </url>
    <url>
      <loc>https://www.pagalsongs.online/ab-apni-baari-hai-mp3-song-download</loc>
    </url>
    <url>
      <loc>https://www.pagalsongs.online/designer-lehenga-mp3-song-download</loc>
    </url>
    <url>
      <loc>https://www.pagalsongs.online/ishq-nahi-karte-mp3-song-download</loc>
    </url>
    <url>
      <loc>https://www.pagalsongs.online/tera-saath-ho-mp3-song-download</loc>
    </url>
    <url>
      <loc>https://www.pagalsongs.online/kya-kar-diya-mp3-song-download</loc>
    </url>
    <url>
      <loc>https://www.pagalsongs.online/sippy-gill-vail-mp3-song-download-1</loc>
    </url>
    <url>
      <loc>https://www.pagalsongs.online/dabke-tiktok-remix-ringtone-download-0</loc>
    </url>
    <url>
      <loc>https://www.pagalsongs.online/kacha-badam-ringtone-download-0</loc>
    </url>
    <url>
      <loc>https://www.pagalsongs.online/rage-ringtone-download-202405-0-0</loc>
    </url>
    <url>
      <loc>https://www.pagalsongs.online/go-down-deh-ringtone-download-0-0</loc>
    </url>
    <url>
      <loc>https://www.pagalsongs.online/bella-ciao-ringtone-mp3-song-download-1-0</loc>
    </url>
    <url>
      <loc>https://www.pagalsongs.online/money-heist-ringtone-download-20</loc>
    </url>
    <url>
      <loc>https://www.pagalsongs.online/resurrection-remix-ringtone-download-0</loc>
    </url>
    <url>
      <loc>https://www.pagalsongs.online/where-are-you-ringtone-download-mp3-0</loc>
    </url>
    <url>
      <loc>https://www.pagalsongs.online/unstoppable-ringtone-download-2024-mp3--00</loc>
    </url>
    <url>
      <loc>https://www.pagalsongs.online/unstoppable-mp3--song-download-2024-m00</loc>
    </url>
    <url>
      <loc>https://www.pagalsongs.online/paani-na-samajh-mp3-song-download</loc>
    </url>
    <url>
      <loc>https://www.pagalsongs.online/jhatka-440-v-mp3-song-download</loc>
    </url>
    <url>
      <loc>https://www.pagalsongs.online/gurpannu-kaabil-e-tareef-mp3-song-download-1</loc>
    </url>
    <url>
      <loc>https://www.pagalsongs.online/koi-aur-hai-mp3-songs-download-1</loc>
    </url>
    <url>
      <loc>https://www.pagalsongs.online/fuck-em-all-mp3--song-download-1</loc>
    </url>
    <url>
      <loc>https://www.pagalsongs.online/jhotte-mp3-song-download</loc>
    </url>
    <url>
      <loc>https://www.pagalsongs.online/chak-chak-chak-mp3-song-download-1</loc>
    </url>
    <url>
      <loc>https://www.pagalsongs.online/lala-li-lala-mp3-song-download-1</loc>
    </url>
    <url>
      <loc>https://www.pagalsongs.online/huali-hauli-mp3-song-download-1</loc>
    </url>
    <url>
      <loc>https://www.pagalsongs.online/ankit-tiwari-musafir-mp3-song-download</loc>
    </url>
    <url>
      <loc>https://www.pagalsongs.online/kikli-mp3-song-download-1</loc>
    </url>
    <url>
      <loc>https://www.pagalsongs.online/kumar-sahil-pyaar-mp3--song-download-1</loc>
    </url>
    <url>
      <loc>https://www.pagalsongs.online/kehndi-hundi-si-chan-tak-raah-bana-de-mp3-song-download</loc>
    </url>
    <url>
      <loc>https://www.pagalsongs.online/toofan-kgf-2-mp3-song-download-000xk</loc>
    </url>
    <url>
      <loc>https://www.pagalsongs.online/heartbreaking-mashup-2022-bicky-official-mp3-song-download</loc>
    </url>
    <url>
      <loc>https://www.pagalsongs.online/nights-n-fights-mp3-song-download</loc>
    </url>
    <url>
      <loc>https://www.pagalsongs.online/kya-yehi-pyaar-hai-mp3-song-download</loc>
    </url>
    <url>
      <loc>https://www.pagalsongs.online/dildaar-mp3-song-download</loc>
    </url>
    <url>
      <loc>https://www.pagalsongs.online/prabh-gill-qismat-mp3-song-download-prabh-gill-new-song-2022-11</loc>
    </url>
    <url>
      <loc>https://www.pagalsongs.online/gua-ghia-mp3-song-download</loc>
    </url>
    <url>
      <loc>https://www.pagalsongs.online/shehar-vichon-geda-mp3-0s-download-1</loc>
    </url>
    <url>
      <loc>https://www.pagalsongs.online/jolly-o-gymkhana-mp3-song-download</loc>
    </url>
    <url>
      <loc>https://www.pagalsongs.online/jassie-gill-viah-mp3-song-download-1</loc>
    </url>
    <url>
      <loc>https://www.pagalsongs.online/ni-jinde-mp3-song-download</loc>
    </url>
    <url>
      <loc>https://www.pagalsongs.online/jeonda-rahe-gora-mp3-song-download</loc>
    </url>
    <url>
      <loc>https://www.pagalsongs.online/din-raat-mp3-song-download</loc>
    </url>
    <url>
      <loc>https://www.pagalsongs.online/muklawa-mp3-song-download</loc>
    </url>
    <url>
      <loc>https://www.pagalsongs.online/yaar-driver-mp3-song-download</loc>
    </url>
    <url>
      <loc>https://www.pagalsongs.online/maye-ni-mp3-song-download</loc>
    </url>
    <url>
      <loc>https://www.pagalsongs.online/kache-kothe-mp3-song-download</loc>
    </url>
    <url>
      <loc>https://www.pagalsongs.online/buland-hounsle-mp3-song-download-1</loc>
    </url>
    <url>
      <loc>https://www.pagalsongs.online/fakkar-bande-mp3-song-download-1</loc>
    </url>
    <url>
      <loc>https://www.pagalsongs.online/bewafai-kar-gaya-mp3-song-download</loc>
    </url>
    <url>
      <loc>https://www.pagalsongs.online/let-me-down-slowly-x-main-dhoondne-ko-zamaane-mein-gravero-mashup-mp3-song---download-2024</loc>
    </url>
    <url>
      <loc>https://www.pagalsongs.online/kabhi-jo-badal-barse-x-let-me-down-slowly-mashup-mp3-song---download-2024</loc>
    </url>
    <url>
      <loc>https://www.pagalsongs.online/yaadein-wohi-mp3-song-download</loc>
    </url>
    <url>
      <loc>https://www.pagalsongs.online/image-mp3-song-download</loc>
    </url>
    <url>
      <loc>https://www.pagalsongs.online/nawabzaadi-mp3-song-download-1</loc>
    </url>
    <url>
      <loc>https://www.pagalsongs.online/parmish-verma-zindagi-mp3-song-download-1</loc>
    </url>
    <url>
      <loc>https://www.pagalsongs.online/veeni-mp3-song-download-1</loc>
    </url>
    <url>
      <loc>https://www.pagalsongs.online/ki-karde-je-mp3--songs-download-</loc>
    </url>
    <url>
      <loc>https://www.pagalsongs.online/colours-of-love-mashup-2022-vdj-royal-mp3-song-download-2024</loc>
    </url>
    <url>
      <loc>https://www.pagalsongs.online/bas-mp3-song-download-1</loc>
    </url>
    <url>
      <loc>https://www.pagalsongs.online/roz-raat-mp3-song-download</loc>
    </url>
    <url>
      <loc>https://www.pagalsongs.online/robinhood-mp3-song-download-1</loc>
    </url>
    <url>
      <loc>https://www.pagalsongs.online/holi-2022-non-stop-dj-remix-mp3--song-download-0</loc>
    </url>
    <url>
      <loc>https://www.pagalsongs.online/dholida-remix-dj-rhea-gangubai-kathiawadi-mp3-song-download</loc>
    </url>
    <url>
      <loc>https://www.pagalsongs.online/holi-mashup-2022-dip-sr-x-dj-avi-mp3-song---download-2024</loc>
    </url>
    <url>
      <loc>https://www.pagalsongs.online/laagi-lagan-shankara-2-mp3-song-download</loc>
    </url>
    <url>
      <loc>https://www.pagalsongs.online/maahi-maahi-remix-dj-shadow-dubai-mp3-song-download</loc>
    </url>
    <url>
      <loc>https://www.pagalsongs.online/bulls-eye-mp3-song-download-1</loc>
    </url>
    <url>
      <loc>https://www.pagalsongs.online/love-war-mp3-song-download-1</loc>
    </url>
    <url>
      <loc>https://www.pagalsongs.online/pyar-permanent-mp3--song-download</loc>
    </url>
    <url>
      <loc>https://www.pagalsongs.online/mann-basiya-mp3-song-download</loc>
    </url>
    <url>
      <loc>https://www.pagalsongs.online/missing-me-mp3-song-download-1</loc>
    </url>
    <url>
      <loc>https://www.pagalsongs.online/kamle-mp3-song-download</loc>
    </url>
    <url>
      <loc>https://www.pagalsongs.online/nishu-mp3-song-download-1</loc>
    </url>
    <url>
      <loc>https://www.pagalsongs.online/last-woman-on-earth-mp3-song-download</loc>
    </url>
    <url>
      <loc>https://www.pagalsongs.online/21-te-18-mp3-song-download-1</loc>
    </url>
    <url>
      <loc>https://www.pagalsongs.online/dil-mangeya-mp3-song-download-1</loc>
    </url>
    <url>
      <loc>https://www.pagalsongs.online/sholay-mp3-song-download</loc>
    </url>
    <url>
      <loc>https://www.pagalsongs.online/yaar-tu-mp3-song-download</loc>
    </url>
    <url>
      <loc>https://www.pagalsongs.online/chamkeela-chehra-mp3-song-download</loc>
    </url>
    <url>
      <loc>https://www.pagalsongs.online/hosh-mp3-song-download</loc>
    </url>
    <url>
      <loc>https://www.pagalsongs.online/dhire-dhire-hi-tumko-yaara-samjh-aayegi-meri-aashiqui-mp3-song-download</loc>
    </url>
    <url>
      <loc>https://www.pagalsongs.online/the-live-in-mp3-song-download</loc>
    </url>
    <url>
      <loc>https://www.pagalsongs.online/the-industry-mashup-2022-dj-harshal-mp3-song-download</loc>
    </url>
    <url>
      <loc>https://www.pagalsongs.online/merii-aashhiqui-mp3-song-download</loc>
    </url>
    <url>
      <loc>https://www.pagalsongs.online/naah-mp3-song-download-0</loc>
    </url>
    <url>
      <loc>https://www.pagalsongs.online/rang-leke-khelte-gulal-leke-khelte-dj-mp3-song-download</loc>
    </url>
    <url>
      <loc>https://www.pagalsongs.online/tum-agar-manaoge-toh-maan-jaunga-mp3-song-download</loc>
    </url>
    <url>
      <loc>https://www.pagalsongs.online/gitaz-bindrakhia-taare-mp3-song-download-1</loc>
    </url>
    <url>
      <loc>https://www.pagalsongs.online/level-up-mp3-song-download-1</loc>
    </url>
    <url>
      <loc>https://www.pagalsongs.online/udd-gaya-mp3-song-download</loc>
    </url>
    <url>
      <loc>https://www.pagalsongs.online/hollybolly-party-mashup-2022-dip-sr-x-vdj-jakaria-mp3-song-download-2024</loc>
    </url>
    <url>
      <loc>https://www.pagalsongs.online/malam-pitha-pitha-de-mp3-song-download</loc>
    </url>
    <url>
      <loc>https://www.pagalsongs.online/tu-ban-meri-heer-mai-banu-tera-raanjhana-mp3-song-download</loc>
    </url>
    <url>
      <loc>https://www.pagalsongs.online/ye-ishq-na-ho-mp3-song-download</loc>
    </url>
    <url>
      <loc>https://www.pagalsongs.online/labon-pe-naam-mp3-song-download</loc>
    </url>
    <url>
      <loc>https://www.pagalsongs.online/heer-raanjhana-mp3-song-download</loc>
    </url>
    <url>
      <loc>https://www.pagalsongs.online/careless-mp3-song-download-1</loc>
    </url>
    <url>
      <loc>https://www.pagalsongs.online/sham-vo-aakhri-yaad-hai-aaj-bhi-mp3-song-download</loc>
    </url>
    <url>
      <loc>https://www.pagalsongs.online/banna-re-dj-shadow-dubai-mp3-song-download</loc>
    </url>
    <url>
      <loc>https://www.pagalsongs.online/goriye-mp3-song-download</loc>
    </url>
    <url>
      <loc>https://www.pagalsongs.online/ha-krde-mp3-song-download</loc>
    </url>
    <url>
      <loc>https://www.pagalsongs.online/kuch-baatein-mp3-song-download</loc>
    </url>
    <url>
      <loc>https://www.pagalsongs.online/lehangwa-mp3-song-download</loc>
    </url>
    <url>
      <loc>https://www.pagalsongs.online/khoon-peendi-mp3-song-download-1</loc>
    </url>
    <url>
      <loc>https://www.pagalsongs.online/gift-diyayi-holi-mein-mp3-song-download</loc>
    </url>
    <url>
      <loc>https://www.pagalsongs.online/boshonto-bohilo-mp3-song-download</loc>
    </url>
    <url>
      <loc>https://www.pagalsongs.online/raanjhe-ki-baaraat-mp3-song-download-1</loc>
    </url>
    <url>
      <loc>https://www.pagalsongs.online/mithi-daaru-mp3-song-download-1</loc>
    </url>
    <url>
      <loc>https://www.pagalsongs.online/trouble-maker-mp3-song-download-1</loc>
    </url>
    <url>
      <loc>https://www.pagalsongs.online/jatt-6-6-foot-mp3-song-download-1</loc>
    </url>
    <url>
      <loc>https://www.pagalsongs.online/baadal-se-dosti-mp3-song-download</loc>
    </url>
    <url>
      <loc>https://www.pagalsongs.online/shonk-se-mp3-song-download-1</loc>
    </url>
    <url>
      <loc>https://www.pagalsongs.online/dj-kya-bajayega-mp3-song-download</loc>
    </url>
    <url>
      <loc>https://www.pagalsongs.online/yemaiundacho-mp3-song-download</loc>
    </url>
    <url>
      <loc>https://www.pagalsongs.online/imran-khan-x-ap-dhillon-mashup-2022-dip-sr-mp3-song---download-2024</loc>
    </url>
    <url>
      <loc>https://www.pagalsongs.online/dulhe-ka-sehra-remix-dj-shadow-dubai-mp3-song-download</loc>
    </url>
    <url>
      <loc>https://www.pagalsongs.online/tabahi-mp3-song-download</loc>
    </url>
    <url>
      <loc>https://www.pagalsongs.online/main-ishq-mein-hoon-song-download-t-series</loc>
    </url>
    <url>
      <loc>https://www.pagalsongs.online/vishu-og-haan-mp3-song-download</loc>
    </url>
    <url>
      <loc>https://www.pagalsongs.online/galliyan-mp3-song-download-1</loc>
    </url>
    <url>
      <loc>https://www.pagalsongs.online/maarkhayegaa-mp3-song-download</loc>
    </url>
    <url>
      <loc>https://www.pagalsongs.online/saadi-yaad-mp3-song-download-1</loc>
    </url>
    <url>
      <loc>https://www.pagalsongs.online/ladaaka-mp3-song-download-1</loc>
    </url>
    <url>
      <loc>https://www.pagalsongs.online/saare-bolo-bewafa-mp3-song-download</loc>
    </url>
    <url>
      <loc>https://www.pagalsongs.online/kehndi-hundi-si-mp3-song-download</loc>
    </url>
    <url>
      <loc>https://www.pagalsongs.online/broken-trust-mashup-2022-dj-bks-mp3--song-download-2024</loc>
    </url>
    <url>
      <loc>https://www.pagalsongs.online/murga-ke-raasa-mp3-song-download</loc>
    </url>
    <url>
      <loc>https://www.pagalsongs.online/lehenga-mehenga-mp3-0-download</loc>
    </url>
    <url>
      <loc>https://www.pagalsongs.online/i-am-icon-mp3-song-download</loc>
    </url>
    <url>
      <loc>https://www.pagalsongs.online/main-ja-raha-hu-dur-tum-awaz-degi-kya-song-download</loc>
    </url>
    <url>
      <loc>https://www.pagalsongs.online/ranjhaa-mp3-song-download-1</loc>
    </url>
    <url>
      <loc>https://www.pagalsongs.online/humnashi-mp3-song-download</loc>
    </url>
    <url>
      <loc>https://www.pagalsongs.online/kaisi-teri-baatein-mp3-song-download</loc>
    </url>
    <url>
      <loc>https://www.pagalsongs.online/doobey-sickflip-remix-mp3-song-download</loc>
    </url>
    <url>
      <loc>https://www.pagalsongs.online/yaaron-sab-dua-karo-mp3-song-download</loc>
    </url>
    <url>
      <loc>https://www.pagalsongs.online/guri-gaani-mp3-song-download-1</loc>
    </url>
    <url>
      <loc>https://www.pagalsongs.online/teri-yaad-rula-deti-hai-mp3-song-download</loc>
    </url>
    <url>
      <loc>https://www.pagalsongs.online/kaisi-hai-yeh-dastaan-mp3-song-download</loc>
    </url>
    <url>
      <loc>https://www.pagalsongs.online/rula-deti-hai-mp3-song-download</loc>
    </url>
    <url>
      <loc>https://www.pagalsongs.online/piya-rangeela-mp3-song-download</loc>
    </url>
    <url>
      <loc>https://www.pagalsongs.online/gali-teri-se-mp3-song-download-1</loc>
    </url>
    <url>
      <loc>https://www.pagalsongs.online/punjabiyan-di-dhee-mp3-song-download</loc>
    </url>
    <url>
      <loc>https://www.pagalsongs.online/halke-mai-legi-mp3-song-download</loc>
    </url>
    <url>
      <loc>https://www.pagalsongs.online/lost-mp3-song-download-2024</loc>
    </url>
    <url>
      <loc>https://www.pagalsongs.online/doobey-remix-dj-vicky-nyc-mp3-song-download</loc>
    </url>
    <url>
      <loc>https://www.pagalsongs.online/mar-jaayoge-mp3-song-download-1</loc>
    </url>
    <url>
      <loc>https://www.pagalsongs.online/hawaa-mp3-song-download-1</loc>
    </url>
    <url>
      <loc>https://www.pagalsongs.online/silver-box-mp3-song-download</loc>
    </url>
    <url>
      <loc>https://www.pagalsongs.online/pav-dharia-senorita-mp3-song-download</loc>
    </url>
    <url>
      <loc>https://www.pagalsongs.online/deh-shiva-mp3-song-download</loc>
    </url>
    <url>
      <loc>https://www.pagalsongs.online/pyaar-hai-mp3-songs-download</loc>
    </url>
    <url>
      <loc>https://www.pagalsongs.online/jagvir-gill-roka-mp3-song-download</loc>
    </url>
    <url>
      <loc>https://www.pagalsongs.online/meri-jaan-meri-jaan-bachchan-pandey-mp3-song-download</loc>
    </url>
    <url>
      <loc>https://www.pagalsongs.online/meri-jaan-meri-jaan-mp3-song-download</loc>
    </url>
    <url>
      <loc>https://www.pagalsongs.online/aib-mp3-song-download</loc>
    </url>
    <url>
      <loc>https://www.pagalsongs.online/karpur-gauram-shiva-yajur-mantra-mp3-song-download</loc>
    </url>
    <url>
      <loc>https://www.pagalsongs.online/top-bholenath-audio-jukebox-mp3-song-download</loc>
    </url>
    <url>
      <loc>https://www.pagalsongs.online/haan-mp3-song-download</loc>
    </url>
    <url>
      <loc>https://www.pagalsongs.online/narazgi-mp3-song-download</loc>
    </url>
    <url>
      <loc>https://www.pagalsongs.online/main-viyah-nahi-karona-tere-naal-mp3-song-download</loc>
    </url>
    <url>
      <loc>https://www.pagalsongs.online/tere-ala-velly-mp3-song-download</loc>
    </url>
    <url>
      <loc>https://www.pagalsongs.online/shivadasa-mp3-song-download</loc>
    </url>
    <url>
      <loc>https://www.pagalsongs.online/arabic-kuthu-mp3-song-download</loc>
    </url>
    <url>
      <loc>https://www.pagalsongs.online/paani-paani-rajasthani-mp3-song-download</loc>
    </url>
    <url>
      <loc>https://www.pagalsongs.online/poori-gal-baat-mp3-song-download</loc>
    </url>
    <url>
      <loc>https://www.pagalsongs.online/tere-bin-adhuri-hai-mp3-songs-download</loc>
    </url>
    <url>
      <loc>https://www.pagalsongs.online/teri-aashiqui-ne-mara-mp3-song-download</loc>
    </url>
    <url>
      <loc>https://www.pagalsongs.online/ek-pyaar-ka-nagma-hai-cover-mp3-song-download</loc>
    </url>
    <url>
      <loc>https://www.pagalsongs.online/taareyan-toh-paar-mp3-song-download-</loc>
    </url>
    <url>
      <loc>https://www.pagalsongs.online/hun-bhulgayi-mp3-song-download</loc>
    </url>
    <url>
      <loc>https://www.pagalsongs.online/tumse-milke-mp3-song-download</loc>
    </url>
    <url>
      <loc>https://www.pagalsongs.online/notaan-wang-mp3-song-download</loc>
    </url>
    <url>
      <loc>https://www.pagalsongs.online/na-jatta-na-mp3-song-download</loc>
    </url>
    <url>
      <loc>https://www.pagalsongs.online/vidya-vox-moonlight-mp3-song-download</loc>
    </url>
    <url>
      <loc>https://www.pagalsongs.online/mousam-mp3-song-download</loc>
    </url>
    <url>
      <loc>https://www.pagalsongs.online/chand-naraz-hai-mp3-song-download</loc>
    </url>
    <url>
      <loc>https://www.pagalsongs.online/lai-gya-kaalja-mp3-song-download</loc>
    </url>
    <url>
      <loc>https://www.pagalsongs.online/teri-seva-karunga-mp3-song-download</loc>
    </url>
    <url>
      <loc>https://www.pagalsongs.online/mere-baba-mp3-song-download</loc>
    </url>
    <url>
      <loc>https://www.pagalsongs.online/jaan-hai-meri-mp3-songs-download-2024</loc>
    </url>
    <url>
      <loc>https://www.pagalsongs.online/indie-music-label-naina-mere-mp3-song-download</loc>
    </url>
    <url>
      <loc>https://www.pagalsongs.online/32-dand-mp3-song-download</loc>
    </url>
    <url>
      <loc>https://www.pagalsongs.online/la-la-la-la-hoi-pai-aa-mp3-song-download</loc>
    </url>
    <url>
      <loc>https://www.pagalsongs.online/maar-khayegaa-mp3-song-download</loc>
    </url>
    <url>
      <loc>https://www.pagalsongs.online/ap-dhillon-mashup-2022-dip-sr-x-dj-avi-mp3-song-download-2024</loc>
    </url>
    <url>
      <loc>https://www.pagalsongs.online/kaun-tujhe-haryanvi-mp3-song-download</loc>
    </url>
    <url>
      <loc>https://www.pagalsongs.online/chaala-hojaega-mp3-song-download</loc>
    </url>
    <url>
      <loc>https://www.pagalsongs.online/haaye-patlo-mp3---songs-download-2024</loc>
    </url>
    <url>
      <loc>https://www.pagalsongs.online/halamithi-habibo-mp3--song---download-2024</loc>
    </url>
    <url>
      <loc>https://www.pagalsongs.online/dala-rang-choli-mein-mp3-song-download</loc>
    </url>
    <url>
      <loc>https://www.pagalsongs.online/doubt-song-download</loc>
    </url>
    <url>
      <loc>https://www.pagalsongs.online/afsana-khan-zindagi-mp3-song-download</loc>
    </url>
    <url>
      <loc>https://www.pagalsongs.online/kar-lo-tum-kadar-hamari-mp3-song-download</loc>
    </url>
    <url>
      <loc>https://www.pagalsongs.online/gaddi-lamborghini-mp3-song-download</loc>
    </url>
    <url>
      <loc>https://www.pagalsongs.online/galat-fehmi-mp3-song-download</loc>
    </url>
    <url>
      <loc>https://www.pagalsongs.online/dil-se-bandhi-ek-dor-mp3-song-download</loc>
    </url>
    <url>
      <loc>https://www.pagalsongs.online/iltija-hai-dil-ki-mp3-songs-download</loc>
    </url>
    <url>
      <loc>https://www.pagalsongs.online/mah-amigos-mp3-song-download</loc>
    </url>
    <url>
      <loc>https://www.pagalsongs.online/rang-soneya-mp3-song-download</loc>
    </url>
    <url>
      <loc>https://www.pagalsongs.online/tumko-naino-se-mp3-song-download</loc>
    </url>
    <url>
      <loc>https://www.pagalsongs.online/sharam-lihaaj-mp3-song-download</loc>
    </url>
    <url>
      <loc>https://www.pagalsongs.online/khan-bhaini-surma-mp3-song-download</loc>
    </url>
    <url>
      <loc>https://www.pagalsongs.online/anyone-mp3---song-download-2024-555</loc>
    </url>
    <url>
      <loc>https://www.pagalsongs.online/london-mp3-song-download</loc>
    </url>
    <url>
      <loc>https://www.pagalsongs.online/kaha-par-hu-mp3-song-download</loc>
    </url>
    <url>
      <loc>https://www.pagalsongs.online/jatt-bukde-mp3-song-download</loc>
    </url>
    <url>
      <loc>https://www.pagalsongs.online/prabh-gill-gabru-mp3-song-download</loc>
    </url>
    <url>
      <loc>https://www.pagalsongs.online/friend-zone-mp3-song-download</loc>
    </url>
    <url>
      <loc>https://www.pagalsongs.online/mahadev-ke-deewane-mp3-song-download</loc>
    </url>
    <url>
      <loc>https://www.pagalsongs.online/meri-zindagi-hai-tu-lounge-flip-mp3-songs-download-2024</loc>
    </url>
    <url>
      <loc>https://www.pagalsongs.online/gandhari-mp3-song-download</loc>
    </url>
    <url>
      <loc>https://www.pagalsongs.online/jai-ho-bhole-mp3-song-download</loc>
    </url>
    <url>
      <loc>https://www.pagalsongs.online/signs-mp3-song-download</loc>
    </url>
    <url>
      <loc>https://www.pagalsongs.online/tum-dil-mein-ho-mere-mp3-song-download</loc>
    </url>
    <url>
      <loc>https://www.pagalsongs.online/jehre-dil-mp3-song-download</loc>
    </url>
    <url>
      <loc>https://www.pagalsongs.online/ap-dhillon-mashup-2022-dj-harshal-sunix-thakor-mp3-song-download</loc>
    </url>
    <url>
      <loc>https://www.pagalsongs.online/the-breakup-mashup-theme-2022-vdj-royal-dj-rahi-mp3-songs-download-2024</loc>
    </url>
    <url>
      <loc>https://www.pagalsongs.online/behri-duniya-mp3--song-download</loc>
    </url>
    <url>
      <loc>https://www.pagalsongs.online/ki-kasoor-mp3-song-download</loc>
    </url>
    <url>
      <loc>https://www.pagalsongs.online/rait-zara-si-sush-yohan-revibe-mp3-song-download</loc>
    </url>
    <url>
      <loc>https://www.pagalsongs.online/akhil-redhu-meri-tarha-mp3-song-download</loc>
    </url>
    <url>
      <loc>https://www.pagalsongs.online/daaru-peene-an-mp3-song-download</loc>
    </url>
    <url>
      <loc>https://www.pagalsongs.online/tum-jo-aaye-tere-bin-nahin-lagda-dj-chetas-dj-nyk-mp3-song-download</loc>
    </url>
    <url>
      <loc>https://www.pagalsongs.online/jass-manak-lamborghini-mp3-song-download</loc>
    </url>
    <url>
      <loc>https://www.pagalsongs.online/lafda-zala-mp3-song-download</loc>
    </url>
    <url>
      <loc>https://www.pagalsongs.online/jhume-re-gori-song-download</loc>
    </url>
    <url>
      <loc>https://www.pagalsongs.online/neeti-mohan-meri-jaan-mp3-song-download</loc>
    </url>
    <url>
      <loc>https://www.pagalsongs.online/shikayat-mp3-song-download</loc>
    </url>
    <url>
      <loc>https://www.pagalsongs.online/muskurahat-song-download</loc>
    </url>
    <url>
      <loc>https://www.pagalsongs.online/headlights-mp3--songs-download-2024</loc>
    </url>
    <url>
      <loc>https://www.pagalsongs.online/excuses-mp3-song-download</loc>
    </url>
    <url>
      <loc>https://www.pagalsongs.online/ishq-dj-lemon-mp3-song-download</loc>
    </url>
    <url>
      <loc>https://www.pagalsongs.online/o-bholenath-ji-mp3-song-download</loc>
    </url>
    <url>
      <loc>https://www.pagalsongs.online/boond-boond-mp3--song-download</loc>
    </url>
    <url>
      <loc>https://www.pagalsongs.online/raataan-lambiyan-berklee-version-mp3-song-download</loc>
    </url>
    <url>
      <loc>https://www.pagalsongs.online/srivalli-remix-dj-aqeel-mp3--song-download</loc>
    </url>
    <url>
      <loc>https://www.pagalsongs.online/raflaan-mp3-song-download</loc>
    </url>
    <url>
      <loc>https://www.pagalsongs.online/be-my-babe-mp3-song-download</loc>
    </url>
    <url>
      <loc>https://www.pagalsongs.online/aaya-ye-jhund-hai-mp3-song-download</loc>
    </url>
    <url>
      <loc>https://www.pagalsongs.online/velly-jatt-mp3-song-download</loc>
    </url>
    <url>
      <loc>https://www.pagalsongs.online/kutty-pattas-mp3-song-download</loc>
    </url>
    <url>
      <loc>https://www.pagalsongs.online/bachchhan-paandey-2022-trailer-mp3-song-download</loc>
    </url>
    <url>
      <loc>https://www.pagalsongs.online/jinna-jinna-songs-download--0</loc>
    </url>
    <url>
      <loc>https://www.pagalsongs.online/lagdi-kamaal-mp3-song-download</loc>
    </url>
    <url>
      <loc>https://www.pagalsongs.online/bin-tere-bhi-reh-lenge-mp3-song-download-2024</loc>
    </url>
    <url>
      <loc>https://www.pagalsongs.online/retropanda-mp3-song-download</loc>
    </url>
    <url>
      <loc>https://www.pagalsongs.online/teri-ada-mp3-song-download</loc>
    </url>
    <url>
      <loc>https://www.pagalsongs.online/mirchi-mp3-song-download-2024</loc>
    </url>
    <url>
      <loc>https://www.pagalsongs.online/gabbar-mp3-song-download-0</loc>
    </url>
    <url>
      <loc>https://www.pagalsongs.online/kaali-shirt-waleyaa-mp3-song-download</loc>
    </url>
    <url>
      <loc>https://www.pagalsongs.online/chandigarh-kare-aashiqui-remix-dj-shadow-dubai-mp3-song-download</loc>
    </url>
    <url>
      <loc>https://www.pagalsongs.online/jab-saiyaan-mp3-song-download</loc>
    </url>
    <url>
      <loc>https://www.pagalsongs.online/srivalli-mp3--song-download</loc>
    </url>
    <url>
      <loc>https://www.pagalsongs.online/gurnazar-dreams-mp3-song-download</loc>
    </url>
    <url>
      <loc>https://www.pagalsongs.online/tu-rovein-mp3-song-download</loc>
    </url>
    <url>
      <loc>https://www.pagalsongs.online/zindagi-ki-patri-mp3-song-download</loc>
    </url>
    <url>
      <loc>https://www.pagalsongs.online/feels-like-mp3-song-download-00</loc>
    </url>
    <url>
      <loc>https://www.pagalsongs.online/tu-baithe-mere-samne-mp3-song-download</loc>
    </url>
    <url>
      <loc>https://www.pagalsongs.online/yaar-ki-mehfil-mp3-song-download</loc>
    </url>
    <url>
      <loc>https://www.pagalsongs.online/future-mp3-song-download</loc>
    </url>
    <url>
      <loc>https://www.pagalsongs.online/guri-yaara-mp3-song-download</loc>
    </url>
    <url>
      <loc>https://www.pagalsongs.online/valentines-special-2022-mp3-song-download</loc>
    </url>
    <url>
      <loc>https://www.pagalsongs.online/aankhon-mein-tera-hi-chehra-remix-dj-vicky-nyc-shameless-mani-mp3-song-download</loc>
    </url>
    <url>
      <loc>https://www.pagalsongs.online/valentine-mp3-song-download</loc>
    </url>
    <url>
      <loc>https://www.pagalsongs.online/photoaan-mp3-song-download</loc>
    </url>
    <url>
      <loc>https://www.pagalsongs.online/roar-mp3-song-download</loc>
    </url>
    <url>
      <loc>https://www.pagalsongs.online/teri-dillaggi-mein-mp3-song-download</loc>
    </url>
    <url>
      <loc>https://www.pagalsongs.online/gopi-talwara-duniya-mp3-song-download</loc>
    </url>
    <url>
      <loc>https://www.pagalsongs.online/magic-moments-flashup-2022-mp3-song-download</loc>
    </url>
    <url>
      <loc>https://www.pagalsongs.online/kashmiri-apple-mp3-song-download</loc>
    </url>
    <url>
      <loc>https://www.pagalsongs.online/ladki-ka-chakkar-mp3-song-download</loc>
    </url>
    <url>
      <loc>https://www.pagalsongs.online/ye-jo-teri-payalon-ki-reprise-mp3--song-download</loc>
    </url>
    <url>
      <loc>https://www.pagalsongs.online/youngest-in-charge-mp3-song-download</loc>
    </url>
    <url>
      <loc>https://www.pagalsongs.online/gore-rang-se-jo-kala-jadu-chalaye-mp3-song-download</loc>
    </url>
    <url>
      <loc>https://www.pagalsongs.online/var-me-jaye-sachi-var-me-jaye-mp3-song-download</loc>
    </url>
    <url>
      <loc>https://www.pagalsongs.online/valentine-mashup-2022-dj-basque-mp3-song-download</loc>
    </url>
    <url>
      <loc>https://www.pagalsongs.online/valentines-mashup-2022-dj-shadow-dubai-x-dj-ansh-mp3-song-download</loc>
    </url>
    <url>
      <loc>https://www.pagalsongs.online/piya-re-piya-mp3-song-download</loc>
    </url>
    <url>
      <loc>https://www.pagalsongs.online/baraat-aavegi-mp3-song-download</loc>
    </url>
    <url>
      <loc>https://www.pagalsongs.online/tulsi-kumars-valentine-mashup-2022-mp3-song-download</loc>
    </url>
    <url>
      <loc>https://www.pagalsongs.online/romantic-love-mashup-2022-dj-dave-nyc-mp3--song-download</loc>
    </url>
    <url>
      <loc>https://www.pagalsongs.online/dreams-unfold-mp3--song-download</loc>
    </url>
    <url>
      <loc>https://www.pagalsongs.online/tera-sath-mp3-song-download</loc>
    </url>
    <url>
      <loc>https://www.pagalsongs.online/mud-mud-ke-mp3-song-download</loc>
    </url>
    <url>
      <loc>https://www.pagalsongs.online/oo-antava-mava-remix-dj-vicky-nyc-x-dj-rock-mankar-mp3-song-download-2024</loc>
    </url>
    <url>
      <loc>https://www.pagalsongs.online/nostalgic-valentine-mashup-2022-amtee-mp3-song-download</loc>
    </url>
    <url>
      <loc>https://www.pagalsongs.online/valentine-special-love-mashup-2022-vinick-mp3-song-download</loc>
    </url>
    <url>
      <loc>https://www.pagalsongs.online/jacket-mp3-song-download</loc>
    </url>
    <url>
      <loc>https://www.pagalsongs.online/valentines-mashup-2022-naresh-parmar-mp3-song-download</loc>
    </url>
    <url>
      <loc>https://www.pagalsongs.online/bewafa-yaar-mp3-song-download</loc>
    </url>
    <url>
      <loc>https://www.pagalsongs.online/valentines-mega-mashup-2022-dj-dharak-mp3-songs-download</loc>
    </url>
    <url>
      <loc>https://www.pagalsongs.online/yaar-mera-mp3-song-download</loc>
    </url>
    <url>
      <loc>https://www.pagalsongs.online/majnu-2-mp3-song-download</loc>
    </url>
    <url>
      <loc>https://www.pagalsongs.online/jatt-saab-mp3-song-download</loc>
    </url>
    <url>
      <loc>https://www.pagalsongs.online/dholida-song-download</loc>
    </url>
    <url>
      <loc>https://www.pagalsongs.online/tera-naam-dhokha-rakh-du-naraz-hogi-kya-mp3-song-download</loc>
    </url>
    <url>
      <loc>https://www.pagalsongs.online/dhokha-mp3-song-download-arijit-singh</loc>
    </url>
    <url>
      <loc>https://www.pagalsongs.online/sona-mohapatra-noor-mp3-song-download</loc>
    </url>
    <url>
      <loc>https://www.pagalsongs.online/davinder-dhillon-na-na-mp3-song-download</loc>
    </url>
    <url>
      <loc>https://www.pagalsongs.online/aaram-de-mp3-song-download</loc>
    </url>
    <url>
      <loc>https://www.pagalsongs.online/pyaar-ho-gaya-mp3-song-download</loc>
    </url>
    <url>
      <loc>https://www.pagalsongs.online/haan-tu-hain-recreated-mp3-song-download</loc>
    </url>
    <url>
      <loc>https://www.pagalsongs.online/up-down-mp3-song-download</loc>
    </url>
    <url>
      <loc>https://www.pagalsongs.online/deewana-mp3-song-download</loc>
    </url>
    <url>
      <loc>https://www.pagalsongs.online/naach-re-patarki-2-0-mp3-song-download</loc>
    </url>
    <url>
      <loc>https://www.pagalsongs.online/rainbow-mp3-song-download</loc>
    </url>
    <url>
      <loc>https://www.pagalsongs.online/raskala-mp3-song-download</loc>
    </url>
    <url>
      <loc>https://www.pagalsongs.online/mera-dadla-mp3-song-download</loc>
    </url>
    <url>
      <loc>https://www.pagalsongs.online/dil-tera-de-de-mujhe-aur-naam-tera-de-de-mala-mp3-song-download</loc>
    </url>
    <url>
      <loc>https://www.pagalsongs.online/pushpa-raj-ringtone-download-0</loc>
    </url>
    <url>
      <loc>https://www.pagalsongs.online/pushpa-naam-sunke-flower-samjha-kya-ringtone-download-0</loc>
    </url>
    <url>
      <loc>https://www.pagalsongs.online/oo-antava-oo-oo-antava-song-bgm-ringtone-download-0</loc>
    </url>
    <url>
      <loc>https://www.pagalsongs.online/pushpa-bgm-mp3-song-download-0-0</loc>
    </url>
    <url>
      <loc>https://www.pagalsongs.online/srivalli-ringtone-download-05</loc>
    </url>
    <url>
      <loc>https://www.pagalsongs.online/ek-tu-hi-toh-hai-song-download-2024</loc>
    </url>
    <url>
      <loc>https://www.pagalsongs.online/mera-dadla-dil-tera-de-de-mujhe-mp3-song-download</loc>
    </url>
    <url>
      <loc>https://www.pagalsongs.online/srivalli-remix-dj-kahaan-mp3--song-download</loc>
    </url>
    <url>
      <loc>https://www.pagalsongs.online/ata-gache-tota-pakhi-dalim-gache-mou-mp3-song-download</loc>
    </url>
    <url>
      <loc>https://www.pagalsongs.online/beqaaboo-song-download</loc>
    </url>
    <url>
      <loc>https://www.pagalsongs.online/the-ultimate-love-mashup-2022-dj-kiran-kamath-mp3-song-download</loc>
    </url>
    <url>
      <loc>https://www.pagalsongs.online/gurpreet-chattha-yaara-mp3-song-download</loc>
    </url>
    <url>
      <loc>https://www.pagalsongs.online/baha-le-jaa-mp3-song-download</loc>
    </url>
    <url>
      <loc>https://www.pagalsongs.online/je-jatt-vigar-gaya-mp3-song-download</loc>
    </url>
    <url>
      <loc>https://www.pagalsongs.online/swipe-right-material-mp3-song-download</loc>
    </url>
    <url>
      <loc>https://www.pagalsongs.online/saregama-music-leke-pehla-pehla-pyar-cover-mp3-song-download</loc>
    </url>
    <url>
      <loc>https://www.pagalsongs.online/jhaanjharriyaa-mp3-song-download</loc>
    </url>
    <url>
      <loc>https://www.pagalsongs.online/toota-tara-mp3-song-download</loc>
    </url>
    <url>
      <loc>https://www.pagalsongs.online/simar-sethi-aakad-mp3-song-download</loc>
    </url>
    <url>
      <loc>https://www.pagalsongs.online/dream-mein-entry-bhojpuri-mp3-song-download</loc>
    </url>
    <url>
      <loc>https://www.pagalsongs.online/ek-pyar-ka-nagma-hai-acoustic-mp3-song-download</loc>
    </url>
    <url>
      <loc>https://www.pagalsongs.online/bijlee-bijlee-remix-dj-chetas-mp3-song-download</loc>
    </url>
    <url>
      <loc>https://www.pagalsongs.online/kabootariyan-mp3-song-download</loc>
    </url>
    <url>
      <loc>https://www.pagalsongs.online/choti-choti-galtiyan-song-download</loc>
    </url>
    <url>
      <loc>https://www.pagalsongs.online/judge-mp3--song-download</loc>
    </url>
    <url>
      <loc>https://www.pagalsongs.online/pent-straight-mp3-song-download</loc>
    </url>
    <url>
      <loc>https://www.pagalsongs.online/gulabi-suit-mp3-song-download</loc>
    </url>
    <url>
      <loc>https://www.pagalsongs.online/parvati-boli-shankar-se-mp3-song-download</loc>
    </url>
    <url>
      <loc>https://www.pagalsongs.online/breakup-mashup-2022-emotional-chillout-bicky-mp3-song-download</loc>
    </url>
    <url>
      <loc>https://www.pagalsongs.online/do-naina-mp3-song-download</loc>
    </url>
    <url>
      <loc>https://www.pagalsongs.online/haadsa-mp3--song-download</loc>
    </url>
    <url>
      <loc>https://www.pagalsongs.online/chandigarh-mp3--song-download</loc>
    </url>
    <url>
      <loc>https://www.pagalsongs.online/mang-jattiye-mp3-song-download</loc>
    </url>
    <url>
      <loc>https://www.pagalsongs.online/gal-dil-wali-mp3-song-download</loc>
    </url>
    <url>
      <loc>https://www.pagalsongs.online/evergreen-valentine-love-mashup-2022-vinick-mp3-song-download</loc>
    </url>
    <url>
      <loc>https://www.pagalsongs.online/soulful-love-mashup-2022-amtee-mp3-song-download</loc>
    </url>
    <url>
      <loc>https://www.pagalsongs.online/chitta-kurta-mp3-song-download</loc>
    </url>
    <url>
      <loc>https://www.pagalsongs.online/kamariya-mp3-song-download</loc>
    </url>
    <url>
      <loc>https://www.pagalsongs.online/jatta-ve-mp3-song-download</loc>
    </url>
    <url>
      <loc>https://www.pagalsongs.online/inder-chahal-challa-mp3-song-download</loc>
    </url>
    <url>
      <loc>https://www.pagalsongs.online/mere-ali-moula-ali-mp3-song-download</loc>
    </url>
    <url>
      <loc>https://www.pagalsongs.online/khushamadeed-mp3--song-download</loc>
    </url>
    <url>
      <loc>https://www.pagalsongs.online/dekhaa-tujhe-toh-lagaa-song-download</loc>
    </url>
    <url>
      <loc>https://www.pagalsongs.online/waja-mp3-song-download</loc>
    </url>
    <url>
      <loc>https://www.pagalsongs.online/tera-ho-raha-hoon-mp3-song-download</loc>
    </url>
    <url>
      <loc>https://www.pagalsongs.online/single-saiyaan-mp3-song-download</loc>
    </url>
    <url>
      <loc>https://www.pagalsongs.online/dulhan-mp3-song-download</loc>
    </url>
    <url>
      <loc>https://www.pagalsongs.online/o-antava-x-oo-bolega-remix-dj-paroma-mp3-song-download-2024</loc>
    </url>
    <url>
      <loc>https://www.pagalsongs.online/tukda-chann-da-mp3-song-download</loc>
    </url>
    <url>
      <loc>https://www.pagalsongs.online/purpose-mp3-song-download</loc>
    </url>
    <url>
      <loc>https://www.pagalsongs.online/teri-rahungi-mp3-song-download</loc>
    </url>
    <url>
      <loc>https://www.pagalsongs.online/handsome-mp3-song-download-2024</loc>
    </url>
    <url>
      <loc>https://www.pagalsongs.online/solo-star-mp3-song-download</loc>
    </url>
    <url>
      <loc>https://www.pagalsongs.online/darare-dil-mp3-song-download</loc>
    </url>
    <url>
      <loc>https://www.pagalsongs.online/mehfooz-hai-mp3-song-download</loc>
    </url>
    <url>
      <loc>https://www.pagalsongs.online/valentine-mashup-2022-vdj-royal-mp3-song-download-2024</loc>
    </url>
    <url>
      <loc>https://www.pagalsongs.online/gehraiyaan-title-track-song-download</loc>
    </url>
    <url>
      <loc>https://www.pagalsongs.online/tumse-pyaar-karke-mp3-song-download</loc>
    </url>
    <url>
      <loc>https://www.pagalsongs.online/kamal-khaira-aakad-mp3-song-download</loc>
    </url>
    <url>
      <loc>https://www.pagalsongs.online/chala-ri-maa-mp3-songs-download</loc>
    </url>
    <url>
      <loc>https://www.pagalsongs.online/gulaab-mp3---songs-download</loc>
    </url>
    <url>
      <loc>https://www.pagalsongs.online/season-mp3-song-download</loc>
    </url>
    <url>
      <loc>https://www.pagalsongs.online/shish-nawata-hoon-mp3-song-download</loc>
    </url>
    <url>
      <loc>https://www.pagalsongs.online/jinna-royi-aan-mp3-song-download</loc>
    </url>
    <url>
      <loc>https://www.pagalsongs.online/bitter-truth-mp3-song-download</loc>
    </url>
    <url>
      <loc>https://www.pagalsongs.online/pushpa-mashup-2022-dj-harshal-sunix-thakor-mp3-song-download</loc>
    </url>
    <url>
      <loc>https://www.pagalsongs.online/tum-subah-mp3-song-download</loc>
    </url>
    <url>
      <loc>https://www.pagalsongs.online/feelings-in-love-mashup-2022-dj-danish-mp3-song-download</loc>
    </url>
    <url>
      <loc>https://www.pagalsongs.online/badshah-mashup-2022-sajjad-khan-visuals-mp3-song-download</loc>
    </url>
    <url>
      <loc>https://www.pagalsongs.online/main-teri-ho-gayi-cover-mp3-song-download</loc>
    </url>
    <url>
      <loc>https://www.pagalsongs.online/dance-with-me-mp3-song-download</loc>
    </url>
    <url>
      <loc>https://www.pagalsongs.online/das-ki-kariye-mp3-song-download</loc>
    </url>
    <url>
      <loc>https://www.pagalsongs.online/broken-heart-mashup-2022-amtee-mp3-song-download</loc>
    </url>
    <url>
      <loc>https://www.pagalsongs.online/dil-pe-zakhm-song-download</loc>
    </url>
    <url>
      <loc>https://www.pagalsongs.online/nalish-2-mp3-song-download</loc>
    </url>
    <url>
      <loc>https://www.pagalsongs.online/aila-aila-mp3-song-download</loc>
    </url>
    <url>
      <loc>https://www.pagalsongs.online/judaiya-mp3-song-download</loc>
    </url>
    <url>
      <loc>https://www.pagalsongs.online/bas-tum-mere-paas-raho-mp3-song-download</loc>
    </url>
    <url>
      <loc>https://www.pagalsongs.online/tere-bargi-song-download</loc>
    </url>
    <url>
      <loc>https://www.pagalsongs.online/vikram-isher-gal-dil-di-mp3-song-download</loc>
    </url>
    <url>
      <loc>https://www.pagalsongs.online/dil-yeh-beparwah-mp3-song-download</loc>
    </url>
    <url>
      <loc>https://www.pagalsongs.online/mhari-tor-dekhiyo-mp3-song-download</loc>
    </url>
    <url>
      <loc>https://www.pagalsongs.online/lal-dupatta-mp3-song-download</loc>
    </url>
    <url>
      <loc>https://www.pagalsongs.online/naacho-naacho-remix-dj-purvish-mp3-song-download</loc>
    </url>
    <url>
      <loc>https://www.pagalsongs.online/indescribable-love-mashup-2022-neojazz-naresh-parmar-mp3-song-download</loc>
    </url>
    <url>
      <loc>https://www.pagalsongs.online/oo-antava-oo-oo-antava-bass-house-remake-vdj-royal-mp3-song-download</loc>
    </url>
    <url>
      <loc>https://www.pagalsongs.online/republic-day-2022-special-audio-jukebox-mp3-song-download</loc>
    </url>
    <url>
      <loc>https://www.pagalsongs.online/adhura-mp3-song-download</loc>
    </url>
    <url>
      <loc>https://www.pagalsongs.online/dil-ka-gehna-mp3-song-download</loc>
    </url>
    <url>
      <loc>https://www.pagalsongs.online/tenu-pyaarr-kardaa-mp3-song-download</loc>
    </url>
    <url>
      <loc>https://www.pagalsongs.online/apne-chann-vapis-laija-mp3-song-download</loc>
    </url>
    <url>
      <loc>https://www.pagalsongs.online/sanu-ik-pal-x-tere-mast-mast-do-nain-mp3-song-download</loc>
    </url>
    <url>
      <loc>https://www.pagalsongs.online/never-give-up-mp3-song-download</loc>
    </url>
    <url>
      <loc>https://www.pagalsongs.online/fire-kharakde-mp3-song-download</loc>
    </url>
    <url>
      <loc>https://www.pagalsongs.online/maine-royaan-x-kahin-to-hogi-woh-mp3-song-download</loc>
    </url>
    <url>
      <loc>https://www.pagalsongs.online/navjot-naal-naal-mp3-song-download</loc>
    </url>
    <url>
      <loc>https://www.pagalsongs.online/sabki-baaratein-aayi-mp3-song-download</loc>
    </url>
    <url>
      <loc>https://www.pagalsongs.online/humnava-mp3--song-download</loc>
    </url>
    <url>
      <loc>https://www.pagalsongs.online/doobey-song-download</loc>
    </url>
    <url>
      <loc>https://www.pagalsongs.online/roll-roll-mp3-song-download</loc>
    </url>
    <url>
      <loc>https://www.pagalsongs.online/club-de-vich-mp3-song-download</loc>
    </url>
    <url>
      <loc>https://www.pagalsongs.online/d-k-mp3-song-download</loc>
    </url>
    <url>
      <loc>https://www.pagalsongs.online/dosh-mp3-song-download</loc>
    </url>
    <url>
      <loc>https://www.pagalsongs.online/shokeen-munda-mp3-song-download</loc>
    </url>
    <url>
      <loc>https://www.pagalsongs.online/main-chala-mp3-song-download</loc>
    </url>
    <url>
      <loc>https://www.pagalsongs.online/pyaar-kari-jaawan-mp3-song-download</loc>
    </url>
    <url>
      <loc>https://www.pagalsongs.online/call-recording-mp3-song-download</loc>
    </url>
    <url>
      <loc>https://www.pagalsongs.online/excuses-mashup-2022-dj-bks-sunix-thakor-mp3-song-download</loc>
    </url>
    <url>
      <loc>https://www.pagalsongs.online/jatt-flex-mp3-song-download</loc>
    </url>
    <url>
      <loc>https://www.pagalsongs.online/gaddi-kaali-mp3-song-download</loc>
    </url>
    <url>
      <loc>https://www.pagalsongs.online/she-loves-you-mp3-0-download</loc>
    </url>
    <url>
      <loc>https://www.pagalsongs.online/o-aasman-wale-mp3-song-download</loc>
    </url>
    <url>
      <loc>https://www.pagalsongs.online/udd-di-udd-di-mp3-song-download</loc>
    </url>
    <url>
      <loc>https://www.pagalsongs.online/garam-trait-mp3-song-download</loc>
    </url>
    <url>
      <loc>https://www.pagalsongs.online/hanuman-chalisa-x-siya-var-ram-mp3-song-download</loc>
    </url>
    <url>
      <loc>https://www.pagalsongs.online/meri-zindaggi-mein-aa-mp3-song-download</loc>
    </url>
    <url>
      <loc>https://www.pagalsongs.online/hul-chul-mp3---songs-download</loc>
    </url>
    <url>
      <loc>https://www.pagalsongs.online/raule-gaule-mp3-song-download</loc>
    </url>
    <url>
      <loc>https://www.pagalsongs.online/chaah-mp3-song-download</loc>
    </url>
    <url>
      <loc>https://www.pagalsongs.online/dil-tujhko-chahe-mp3-song-download</loc>
    </url>
    <url>
      <loc>https://www.pagalsongs.online/over-daleriyan-mp3-song-download</loc>
    </url>
    <url>
      <loc>https://www.pagalsongs.online/dont-worry-mp3-song-download</loc>
    </url>
    <url>
      <loc>https://www.pagalsongs.online/sardi-ka-mausam-mp3-song-download</loc>
    </url>
    <url>
      <loc>https://www.pagalsongs.online/roka-roka-mp3-song-download</loc>
    </url>
    <url>
      <loc>https://www.pagalsongs.online/set-jatt-mp3-song-download</loc>
    </url>
    <url>
      <loc>https://www.pagalsongs.online/shounk-jatti-de-mp3-song-download</loc>
    </url>
    <url>
      <loc>https://www.pagalsongs.online/khatri-saiyaan-mp3-song-download</loc>
    </url>
    <url>
      <loc>https://www.pagalsongs.online/tumko-dekha-toh-pyaar-aagaya-mp3-song-download</loc>
    </url>
    <url>
      <loc>https://www.pagalsongs.online/oo-bolega-ya-oo-oo-bolega-remix-dj-vispi-mp3-song-download</loc>
    </url>
    <url>
      <loc>https://www.pagalsongs.online/juttiyan-da-joda-mp3-song-download</loc>
    </url>
    <url>
      <loc>https://www.pagalsongs.online/pagal-shayar-mp3-song-download</loc>
    </url>
    <url>
      <loc>https://www.pagalsongs.online/tony-kakkar-tera-mera-pyaar-mp3-song-download</loc>
    </url>
    <url>
      <loc>https://www.pagalsongs.online/sufi-tere-pyaar-x-sun-raha-hai-mp3-song-download</loc>
    </url>
    <url>
      <loc>https://www.pagalsongs.online/rani-haar-mp3-song-download</loc>
    </url>
    <url>
      <loc>https://www.pagalsongs.online/aas-paas-mp3-song-download</loc>
    </url>
    <url>
      <loc>https://www.pagalsongs.online/hawa-mein-udta-jaaye-mp3-song-download</loc>
    </url>
    <url>
      <loc>https://www.pagalsongs.online/aaja-ni-aaja-mp3-song-download</loc>
    </url>
    <url>
      <loc>https://www.pagalsongs.online/ykwim-mp3-song-download</loc>
    </url>
    <url>
      <loc>https://www.pagalsongs.online/dard-e-dil-kii-dawwa-mp3-song-download</loc>
    </url>
    <url>
      <loc>https://www.pagalsongs.online/jaguar-mp3-0s-download-2024</loc>
    </url>
    <url>
      <loc>https://www.pagalsongs.online/jaanu-mp3-song-download</loc>
    </url>
    <url>
      <loc>https://www.pagalsongs.online/holi-holi-mp3-song-download</loc>
    </url>
    <url>
      <loc>https://www.pagalsongs.online/khesari-lal-yadav-aashiq-mp3-song-download</loc>
    </url>
    <url>
      <loc>https://www.pagalsongs.online/teri-bindiya-mp3-song-download</loc>
    </url>
    <url>
      <loc>https://www.pagalsongs.online/o-maa-mp3-song-download</loc>
    </url>
    <url>
      <loc>https://www.pagalsongs.online/paune-7-mp3-song-download</loc>
    </url>
    <url>
      <loc>https://www.pagalsongs.online/lover-x-temperature-remix-dj-dharak-mp3-song-download</loc>
    </url>
    <url>
      <loc>https://www.pagalsongs.online/lambo-mp3-song-download</loc>
    </url>
    <url>
      <loc>https://www.pagalsongs.online/vyah-mp3-song-download</loc>
    </url>
    <url>
      <loc>https://www.pagalsongs.online/jo-bheji-thi-dua-remix-dj-shadow-dubai-2022-mp3-song-download</loc>
    </url>
    <url>
      <loc>https://www.pagalsongs.online/shivjot-kareeb-mp3-song-download</loc>
    </url>
    <url>
      <loc>https://www.pagalsongs.online/hollybolly-rewind-pop-x-tapori-mashup-dip-sr-x-dj-avi-mp3-song-download-2024</loc>
    </url>
    <url>
      <loc>https://www.pagalsongs.online/charheya-chubare-goriye-mp3-song-download</loc>
    </url>
    <url>
      <loc>https://www.pagalsongs.online/bollywood-dance-mashup-2022-dj-bks-mp3-song-download</loc>
    </url>
    <url>
      <loc>https://www.pagalsongs.online/teri-jatti-mp3-song-download</loc>
    </url>
    <url>
      <loc>https://www.pagalsongs.online/alag-mp3-song-download</loc>
    </url>
    <url>
      <loc>https://www.pagalsongs.online/teri-jhalak-ashrafi-mp3--song-download</loc>
    </url>
    <url>
      <loc>https://www.pagalsongs.online/management-wali-mp3-song-download</loc>
    </url>
    <url>
      <loc>https://www.pagalsongs.online/jija-jija-mp3-song-download</loc>
    </url>
    <url>
      <loc>https://www.pagalsongs.online/oh-antava-mava-mp3-song-download-0</loc>
    </url>
    <url>
      <loc>https://www.pagalsongs.online/unconditional-breakup-mashup-2022-aftermorning-mp3-song-download</loc>
    </url>
    <url>
      <loc>https://www.pagalsongs.online/bijlee-bijlee-x-lemonade-mashup-dj-shadow-dubai-x-dj-joel-mashup-mp3-song-download-2024</loc>
    </url>
    <url>
      <loc>https://www.pagalsongs.online/ik-mili-mainu-apsraa-mp3-song-download</loc>
    </url>
    <url>
      <loc>https://www.pagalsongs.online/mehangi-jutti-mp3-song-download</loc>
    </url>
    <url>
      <loc>https://www.pagalsongs.online/rohtak-ke-mele-mein-mp3-song-download</loc>
    </url>
    <url>
      <loc>https://www.pagalsongs.online/breakup-mashup-2022-naresh-parmar-mp3-song-download</loc>
    </url>
    <url>
      <loc>https://www.pagalsongs.online/meri-tarah-mp3-song-download</loc>
    </url>
    <url>
      <loc>https://www.pagalsongs.online/balraj-marjaneya-mp3-song-download</loc>
    </url>
    <url>
      <loc>https://www.pagalsongs.online/chalo-ab-sach-bata-do-song-download</loc>
    </url>
    <url>
      <loc>https://www.pagalsongs.online/uff-mp3-song-download</loc>
    </url>
    <url>
      <loc>https://www.pagalsongs.online/bollywood-mashup-2022-dj-vakil-mp3-song-download</loc>
    </url>
    <url>
      <loc>https://www.pagalsongs.online/ik-kahani-mp3-song-download</loc>
    </url>
    <url>
      <loc>https://www.pagalsongs.online/duaa-hai-mp3-song-download</loc>
    </url>
    <url>
      <loc>https://www.pagalsongs.online/tere-neele-neele-ford-pe-likha-jamidar-mp3-song-download</loc>
    </url>
    <url>
      <loc>https://www.pagalsongs.online/uche-uche-paunche-mp3-song-download</loc>
    </url>
    <url>
      <loc>https://www.pagalsongs.online/jiye-toh-jiye-kaise-2-0-mp3-song-download</loc>
    </url>
    <url>
      <loc>https://www.pagalsongs.online/you-mp3---0s-download-2024-1</loc>
    </url>
    <url>
      <loc>https://www.pagalsongs.online/daaru-de-drum-mp3-song-download</loc>
    </url>
    <url>
      <loc>https://www.pagalsongs.online/mohabbat-main-toh-karta-hoon-mp3-song-download</loc>
    </url>
    <url>
      <loc>https://www.pagalsongs.online/yaad-na-aaye-mp3-song-download</loc>
    </url>
    <url>
      <loc>https://www.pagalsongs.online/lapadva-mp3-song-download</loc>
    </url>
    <url>
      <loc>https://www.pagalsongs.online/laagdaat-mp3-song-download</loc>
    </url>
    <url>
      <loc>https://www.pagalsongs.online/mere-bharat-mp3-song-download</loc>
    </url>
    <url>
      <loc>https://www.pagalsongs.online/saajz-nikaah-mp3--song-download</loc>
    </url>
    <url>
      <loc>https://www.pagalsongs.online/mehbooba-mp3-song-download</loc>
    </url>
    <url>
      <loc>https://www.pagalsongs.online/makar-sankranti-2022-nonstop-remix-mp3-song-download</loc>
    </url>
    <url>
      <loc>https://www.pagalsongs.online/makar-sankranti-dj-remix-2022-dj-sujan-mp3-song-download</loc>
    </url>
    <url>
      <loc>https://www.pagalsongs.online/makar-sankranti-special-dj-remix-2022-mp3-song-download</loc>
    </url>
    <url>
      <loc>https://www.pagalsongs.online/satisfaction-mp3-song-download</loc>
    </url>
    <url>
      <loc>https://www.pagalsongs.online/hero-balma-mp3-song-download</loc>
    </url>
    <url>
      <loc>https://www.pagalsongs.online/fitratt-mp3-song-download</loc>
    </url>
    <url>
      <loc>https://www.pagalsongs.online/hairat-aulakh-vailpuna-mp3-song-download</loc>
    </url>
    <url>
      <loc>https://www.pagalsongs.online/phoonk-le-mp3-song-download</loc>
    </url>
    <url>
      <loc>https://www.pagalsongs.online/kamaal-ho-gea-mp3-song-download</loc>
    </url>
    <url>
      <loc>https://www.pagalsongs.online/mucha-aale-tag-mp3-song-download</loc>
    </url>
    <url>
      <loc>https://www.pagalsongs.online/dont-care-mp3-song-download</loc>
    </url>
    <url>
      <loc>https://www.pagalsongs.online/shama-payia-mp3-song-download</loc>
    </url>
    <url>
      <loc>https://www.pagalsongs.online/kasoor-mp3-song-download</loc>
    </url>
    <url>
      <loc>https://www.pagalsongs.online/abhee-pavitar-baanee-mp3-song-download</loc>
    </url>
    <url>
      <loc>https://www.pagalsongs.online/sajna-ye-choodi-kangana-mp3-song-download</loc>
    </url>
    <url>
      <loc>https://www.pagalsongs.online/weekend-mp3-song-download</loc>
    </url>
    <url>
      <loc>https://www.pagalsongs.online/bapir-prem-mp3-song-download</loc>
    </url>
    <url>
      <loc>https://www.pagalsongs.online/future-superstar-mp3-songs-download</loc>
    </url>
    <url>
      <loc>https://www.pagalsongs.online/photo-kar-zoom-mp3-song-download</loc>
    </url>
    <url>
      <loc>https://www.pagalsongs.online/kina-chir-x-aaya-na-tu-mashup-aftermorning-mp3-song-download</loc>
    </url>
    <url>
      <loc>https://www.pagalsongs.online/bewafaiyan-mp3-song-download</loc>
    </url>
    <url>
      <loc>https://www.pagalsongs.online/love-forever-mashup-of-arijit-singh-2022-sickved-naresh-parmar-mp3-song-download</loc>
    </url>
    <url>
      <loc>https://www.pagalsongs.online/raatan-lambiyan-haryanvi-mp3-song-download</loc>
    </url>
    <url>
      <loc>https://www.pagalsongs.online/kabira-2-mp3-song-download</loc>
    </url>
    <url>
      <loc>https://www.pagalsongs.online/naunihhal-bhabi-mp3-song-download</loc>
    </url>
    <url>
      <loc>https://www.pagalsongs.online/getaway-mp3-song-download</loc>
    </url>
    <url>
      <loc>https://www.pagalsongs.online/gallan-baatan-mp3-song-download</loc>
    </url>
    <url>
      <loc>https://www.pagalsongs.online/black-effect-mp3---songs-download-2024</loc>
    </url>
    <url>
      <loc>https://www.pagalsongs.online/choli-ke-peeche-kya-hai-remix-dj-tny-dj-smit-mp3-song-download</loc>
    </url>
    <url>
      <loc>https://www.pagalsongs.online/raman-romana-jutti-mp3-song-download</loc>
    </url>
    <url>
      <loc>https://www.pagalsongs.online/boudi-kancha-badam-mp3-song-download</loc>
    </url>
    <url>
      <loc>https://www.pagalsongs.online/kamla-hi-hou-mp3-song-download</loc>
    </url>
    <url>
      <loc>https://www.pagalsongs.online/desires-remix-dj-tripty-x-ashish-naik-mp3-song-download</loc>
    </url>
    <url>
      <loc>https://www.pagalsongs.online/high-school-mp3--song-download</loc>
    </url>
    <url>
      <loc>https://www.pagalsongs.online/auntiyaan-dance-karengi-mp3-song-download</loc>
    </url>
    <url>
      <loc>https://www.pagalsongs.online/mika-singh-majnu-mp3-song-download</loc>
    </url>
    <url>
      <loc>https://www.pagalsongs.online/goa-mp3-songs-download-2024</loc>
    </url>
    <url>
      <loc>https://www.pagalsongs.online/shehar-di-hawa-mp3-song-download</loc>
    </url>
    <url>
      <loc>https://www.pagalsongs.online/piliye-me-pistol-mp3-song-download</loc>
    </url>
    <url>
      <loc>https://www.pagalsongs.online/saali-mp3-song-download</loc>
    </url>
    <url>
      <loc>https://www.pagalsongs.online/ghana-kasoota-remix-dj-anrik-mp3-song-download</loc>
    </url>
    <url>
      <loc>https://www.pagalsongs.online/shooter-mp3-song-download</loc>
    </url>
    <url>
      <loc>https://www.pagalsongs.online/jatts-everywhere-mp3-song-download</loc>
    </url>
    <url>
      <loc>https://www.pagalsongs.online/do-ghoont-bhojpuri-mp3-song-download</loc>
    </url>
    <url>
      <loc>https://www.pagalsongs.online/never-ending-mashup-2022-bicky-mp3-song-download</loc>
    </url>
    <url>
      <loc>https://www.pagalsongs.online/gail-aali-mp3-song-download</loc>
    </url>
    <url>
      <loc>https://www.pagalsongs.online/aakhiri-mulaqaat-song-download</loc>
    </url>
    <url>
      <loc>https://www.pagalsongs.online/kul-mila-ke-jatt-mp3-song-download</loc>
    </url>
    <url>
      <loc>https://www.pagalsongs.online/kacha-badam-rap-version-mp3-song-download</loc>
    </url>
    <url>
      <loc>https://www.pagalsongs.online/arthi-mp3-song-download</loc>
    </url>
    <url>
      <loc>https://www.pagalsongs.online/jai-kara-kedara-mp3-song-download</loc>
    </url>
    <url>
      <loc>https://www.pagalsongs.online/bgmi-rap-mp3-song-download</loc>
    </url>
    <url>
      <loc>https://www.pagalsongs.online/pubg-hi-khelunga-mp3-song-download</loc>
    </url>
    <url>
      <loc>https://www.pagalsongs.online/pubg-rap-mp3-song-download</loc>
    </url>
    <url>
      <loc>https://www.pagalsongs.online/ruthless-mp3-song-download</loc>
    </url>
    <url>
      <loc>https://www.pagalsongs.online/satkar-sandhu-mitha-mitha-mp3-song-download</loc>
    </url>
    <url>
      <loc>https://www.pagalsongs.online/ratata-mp3-song-download</loc>
    </url>
    <url>
      <loc>https://www.pagalsongs.online/mood-sarkar-da-mp3-song-download</loc>
    </url>
    <url>
      <loc>https://www.pagalsongs.online/tera-bhai-mp3-song-download</loc>
    </url>
    <url>
      <loc>https://www.pagalsongs.online/bomb-mp3-song-download</loc>
    </url>
    <url>
      <loc>https://www.pagalsongs.online/chura-liya-hai-tumne-cover-mp3-song-download</loc>
    </url>
    <url>
      <loc>https://www.pagalsongs.online/paani-lewan-challi-mp3---songs-download-2024</loc>
    </url>
    <url>
      <loc>https://www.pagalsongs.online/samajh-na-paaogey-mp3-song-download</loc>
    </url>
    <url>
      <loc>https://www.pagalsongs.online/no-guarantee-mp3-song-download</loc>
    </url>
    <url>
      <loc>https://www.pagalsongs.online/best-of-2021-party-mashup-dj-shadow-dubai-x-dj-ansh-mp3-song-download</loc>
    </url>
    <url>
      <loc>https://www.pagalsongs.online/fer-tenu-dasunga-mp3-song-download</loc>
    </url>
    <url>
      <loc>https://www.pagalsongs.online/mashup-by-mista-baaz-2021-sharry-mann-mp3-songs-download</loc>
    </url>
    <url>
      <loc>https://www.pagalsongs.online/end-of-year-mashup-2021-dj-ad-reloaded-mp3-song-download</loc>
    </url>
    <url>
      <loc>https://www.pagalsongs.online/dj-nyk-new-year-2022-party-mix-mp3-s-download-0</loc>
    </url>
    <url>
      <loc>https://www.pagalsongs.online/tujhe-main-jahan-ki-nazar-se-chura-lu-mp3-song-download</loc>
    </url>
    <url>
      <loc>https://www.pagalsongs.online/fight-in-alpine-mp3-song-download</loc>
    </url>
    <url>
      <loc>https://www.pagalsongs.online/kaala-til-mp3-song-download</loc>
    </url>
    <url>
      <loc>https://www.pagalsongs.online/bijlee-bijlee-remix-dj-taral-mp3-song-download</loc>
    </url>
    <url>
      <loc>https://www.pagalsongs.online/kar-promise-mp3--song-download</loc>
    </url>
    <url>
      <loc>https://www.pagalsongs.online/mere-yaaraa-reprise-mp3-song-download-00</loc>
    </url>
    <url>
      <loc>https://www.pagalsongs.online/chashma-pyaar-ka-mp3-song-download</loc>
    </url>
    <url>
      <loc>https://www.pagalsongs.online/need-to-know-now-mp3-song-download</loc>
    </url>
    <url>
      <loc>https://www.pagalsongs.online/ultimate-gedi-mashup-2021-dj-kiran-kamath-mp3-song-download</loc>
    </url>
    <url>
      <loc>https://www.pagalsongs.online/khwaish-mp3-song-download</loc>
    </url>
    <url>
      <loc>https://www.pagalsongs.online/ghalat-mp3-song-download</loc>
    </url>
    <url>
      <loc>https://www.pagalsongs.online/best-of-2021-mega-mashup-dj-dave-nyc-dj-harshal-mp3-song-download</loc>
    </url>
    <url>
      <loc>https://www.pagalsongs.online/red-saree-mp3-song-download</loc>
    </url>
    <url>
      <loc>https://www.pagalsongs.online/humko-humise-chura-lo-mp3-song-download</loc>
    </url>
    <url>
      <loc>https://www.pagalsongs.online/raja-mp3-song-download</loc>
    </url>
    <url>
      <loc>https://www.pagalsongs.online/jaago-jaago-bakre-mp3-song-download</loc>
    </url>
    <url>
      <loc>https://www.pagalsongs.online/ghana-kasoota-remix-dj-dharak-mp3-song-download</loc>
    </url>
    <url>
      <loc>https://www.pagalsongs.online/alone-mashup-darshan-raval-aftermorning-mp3-song-download</loc>
    </url>
    <url>
      <loc>https://www.pagalsongs.online/o-dilbar-yaara-mp3-song-download-</loc>
    </url>
    <url>
      <loc>https://www.pagalsongs.online/merry-christmas-mp3-song-download</loc>
    </url>
    <url>
      <loc>https://www.pagalsongs.online/jalebi-mp3-song-download</loc>
    </url>
    <url>
      <loc>https://www.pagalsongs.online/shaanti-hai-bohot-mp3-song-download</loc>
    </url>
    <url>
      <loc>https://www.pagalsongs.online/english-pop-hits-of-2021-year-end-mashup-vdj-royal-dj-rahi-mp3-song-download</loc>
    </url>
    <url>
      <loc>https://www.pagalsongs.online/chann-te-daag-mp3-song-download</loc>
    </url>
    <url>
      <loc>https://www.pagalsongs.online/stay-x-ranjha-vijay-khathuria-mashup-mp3-song-download-2024</loc>
    </url>
    <url>
      <loc>https://www.pagalsongs.online/tip-tip-song-2-0-remix-dj-scorpio-dubai-mp3-song-download</loc>
    </url>
    <url>
      <loc>https://www.pagalsongs.online/eyy-bidda-ye-mera-adda-mp3-song-download</loc>
    </url>
    <url>
      <loc>https://www.pagalsongs.online/dj-lemon-bijlee-bijlee-remix-mp3-song-download</loc>
    </url>
    <url>
      <loc>https://www.pagalsongs.online/gali-mein-chand-mp3-song-download</loc>
    </url>
    <url>
      <loc>https://www.pagalsongs.online/best-of-2021-dance-hits-dj-kiran-kamath-mp3-song-download</loc>
    </url>
    <url>
      <loc>https://www.pagalsongs.online/yaar-bhooke-nange-mp3-song-download</loc>
    </url>
    <url>
      <loc>https://www.pagalsongs.online/kala-suit-mp3-song-download</loc>
    </url>
    <url>
      <loc>https://www.pagalsongs.online/pasand-tu-ve-mp3-song-download</loc>
    </url>
    <url>
      <loc>https://www.pagalsongs.online/panic-room-mp3-song-download</loc>
    </url>
    <url>
      <loc>https://www.pagalsongs.online/you-my-bella-unconditional-love-mashup-2021-mp3-song-download</loc>
    </url>
    <url>
      <loc>https://www.pagalsongs.online/lit-guyz-mp3-song-download</loc>
    </url>
    <url>
      <loc>https://www.pagalsongs.online/iss-pyar-ko-reprise-mp3-song-download</loc>
    </url>
    <url>
      <loc>https://www.pagalsongs.online/gulu-gulu-mp3-song-download</loc>
    </url>
    <url>
      <loc>https://www.pagalsongs.online/lover-remix-dj-axonn-mp3-song-download</loc>
    </url>
    <url>
      <loc>https://www.pagalsongs.online/ve-dhola-mp3-song-download</loc>
    </url>
    <url>
      <loc>https://www.pagalsongs.online/sira-mp3-song-download</loc>
    </url>
    <url>
      <loc>https://www.pagalsongs.online/new-dance-meri-rani-song-download-pagalworld</loc>
    </url>
    <url>
      <loc>https://www.pagalsongs.online/yedechali-mp3-song-download</loc>
    </url>
    <url>
      <loc>https://www.pagalsongs.online/sade-hero-mp3-song-download</loc>
    </url>
    <url>
      <loc>https://www.pagalsongs.online/fateh-mp3-song-download</loc>
    </url>
    <url>
      <loc>https://www.pagalsongs.online/pav-dharia-saiyaan-mp3-song-download</loc>
    </url>
    <url>
      <loc>https://www.pagalsongs.online/saat-samundar-paar-mp3-song-download-1</loc>
    </url>
    <url>
      <loc>https://www.pagalsongs.online/pyaar-ke-saleeqe-mp3-song-download-1</loc>
    </url>
    <url>
      <loc>https://www.pagalsongs.online/midnight-mp3-song-download</loc>
    </url>
    <url>
      <loc>https://www.pagalsongs.online/teri-life-meri-life-mp3-songs-download</loc>
    </url>
    <url>
      <loc>https://www.pagalsongs.online/allah-meharbaan-mp3-song-download</loc>
    </url>
    <url>
      <loc>https://www.pagalsongs.online/elaan-mp3-song-download</loc>
    </url>
    <url>
      <loc>https://www.pagalsongs.online/jugnu-remix-dj-taral-mp3-song-download</loc>
    </url>
    <url>
      <loc>https://www.pagalsongs.online/street-talk-mp3-song-download</loc>
    </url>
    <url>
      <loc>https://www.pagalsongs.online/vardan-mp3-song-download</loc>
    </url>
    <url>
      <loc>https://www.pagalsongs.online/bollywood-wala-dance-mp3-song-download-1</loc>
    </url>
    <url>
      <loc>https://www.pagalsongs.online/na-na-na-mp3-song-download</loc>
    </url>
    <url>
      <loc>https://www.pagalsongs.online/peg-te-hanju-mp3-song-download</loc>
    </url>
    <url>
      <loc>https://www.pagalsongs.online/22-kehnda-mp3-song-download</loc>
    </url>
    <url>
      <loc>https://www.pagalsongs.online/kusu-kusu-remix-dj-axonn-mp3-song-download</loc>
    </url>
    <url>
      <loc>https://www.pagalsongs.online/bekaar-mp3-song-download-1</loc>
    </url>
    <url>
      <loc>https://www.pagalsongs.online/muchhan-khundian-mp3-song-download</loc>
    </url>
    <url>
      <loc>https://www.pagalsongs.online/nachlai-goriye-mp3-song-download</loc>
    </url>
    <url>
      <loc>https://www.pagalsongs.online/tera-ishq-mp3-song-download</loc>
    </url>
    <url>
      <loc>https://www.pagalsongs.online/what-ve-mp3-song-download</loc>
    </url>
    <url>
      <loc>https://www.pagalsongs.online/fursat-mp3-song-download</loc>
    </url>
    <url>
      <loc>https://www.pagalsongs.online/yeh-dil-merra-maane-kahaan-mp3-song-download</loc>
    </url>
    <url>
      <loc>https://www.pagalsongs.online/udd-jaa-parindey-mp3-song-download-1</loc>
    </url>
    <url>
      <loc>https://www.pagalsongs.online/hook-crook-mp3-song-download</loc>
    </url>
    <url>
      <loc>https://www.pagalsongs.online/munda-haan-da-mp3-song-download</loc>
    </url>
    <url>
      <loc>https://www.pagalsongs.online/do-lafzon-ki-hai-mp3-song-download</loc>
    </url>
    <url>
      <loc>https://www.pagalsongs.online/miracle-mp3-song-download</loc>
    </url>
    <url>
      <loc>https://www.pagalsongs.online/tere-jiha-hor-ni-koi-mp3-song-download</loc>
    </url>
    <url>
      <loc>https://www.pagalsongs.online/yo-yo-honey-singh-gaddi-neevi-mp3-song-download-1</loc>
    </url>
    <url>
      <loc>https://www.pagalsongs.online/mere-sohneya-mp3-song-download</loc>
    </url>
    <url>
      <loc>https://www.pagalsongs.online/muh-torh-dungi-mp3-song-download</loc>
    </url>
    <url>
      <loc>https://www.pagalsongs.online/dil-todna-mp3-song-download</loc>
    </url>
    <url>
      <loc>https://www.pagalsongs.online/aag-laga-do-mp3-song-download-2024</loc>
    </url>
    <url>
      <loc>https://www.pagalsongs.online/sookha-mp3-song-download</loc>
    </url>
    <url>
      <loc>https://www.pagalsongs.online/heartfail-mp3-song-download-1</loc>
    </url>
    <url>
      <loc>https://www.pagalsongs.online/gursewak-soni-feelings-mp3-song-download</loc>
    </url>
    <url>
      <loc>https://www.pagalsongs.online/mohabbat-hai-mp3-songs-download-1-2024</loc>
    </url>
    <url>
      <loc>https://www.pagalsongs.online/all-white-nakhro-mp3-song-download</loc>
    </url>
    <url>
      <loc>https://www.pagalsongs.online/snehithane-x-in-my-bed-remix-mp3-song---download-2024</loc>
    </url>
    <url>
      <loc>https://www.pagalsongs.online/najaa-remix-dj-dharak-mp3-song-download</loc>
    </url>
    <url>
      <loc>https://www.pagalsongs.online/chan-chanani-mp3-song-download</loc>
    </url>
    <url>
      <loc>https://www.pagalsongs.online/na-re-chhora-mp3-song-download</loc>
    </url>
    <url>
      <loc>https://www.pagalsongs.online/balma-mp3-song-download-0</loc>
    </url>
    <url>
      <loc>https://www.pagalsongs.online/wallah-wallah-mp3-song-download-1</loc>
    </url>
    <url>
      <loc>https://www.pagalsongs.online/saami-saami-mp3-song-download</loc>
    </url>
    <url>
      <loc>https://www.pagalsongs.online/humsafar-mp3-song-download-1</loc>
    </url>
    <url>
      <loc>https://www.pagalsongs.online/hay-r-mere-jigar-ke-chhale-mp3-song-download</loc>
    </url>
    <url>
      <loc>https://www.pagalsongs.online/laada-ka-lada-mp3-song-download</loc>
    </url>
    <url>
      <loc>https://www.pagalsongs.online/promises-mp3-song-download</loc>
    </url>
    <url>
      <loc>https://www.pagalsongs.online/jaada-mp3-song-download</loc>
    </url>
    <url>
      <loc>https://www.pagalsongs.online/uncha-lamba-kad-mp3-song-download-1</loc>
    </url>
    <url>
      <loc>https://www.pagalsongs.online/ram-tumhara-naam-mp3-song-download</loc>
    </url>
    <url>
      <loc>https://www.pagalsongs.online/classy-jatt-mp3-song-download</loc>
    </url>
    <url>
      <loc>https://www.pagalsongs.online/the-kacha-badam-mp3-song-download</loc>
    </url>
    <url>
      <loc>https://www.pagalsongs.online/kartoos-mp3-song-download</loc>
    </url>
    <url>
      <loc>https://www.pagalsongs.online/mere-sanam-mp3-song-download</loc>
    </url>
    <url>
      <loc>https://www.pagalsongs.online/fakir-mp3-song-download-</loc>
    </url>
    <url>
      <loc>https://www.pagalsongs.online/oo-bolega-ya-oo-oo-bolega-mp3-song-download</loc>
    </url>
    <url>
      <loc>https://www.pagalsongs.online/mere-humdum-mp3-song-download</loc>
    </url>
    <url>
      <loc>https://www.pagalsongs.online/jahangir-di-haveli-mp3--song-download</loc>
    </url>
    <url>
      <loc>https://www.pagalsongs.online/madhuban-mp3-song-download-1</loc>
    </url>
    <url>
      <loc>https://www.pagalsongs.online/paani-paani-bhojpuri-mp3-song-download</loc>
    </url>
    <url>
      <loc>https://www.pagalsongs.online/tumsa-koi-pyaara-mp3-song-download</loc>
    </url>
    <url>
      <loc>https://www.pagalsongs.online/ajib-dastaan-mp3-song-download-1</loc>
    </url>
    <url>
      <loc>https://www.pagalsongs.online/the-payal-dev-mashup-dj-kiran-kamath-mp3-song-download</loc>
    </url>
    <url>
      <loc>https://www.pagalsongs.online/gallan-dogaliyan-mp3-song-download</loc>
    </url>
    <url>
      <loc>https://www.pagalsongs.online/mr-haryana-mp3-song-download</loc>
    </url>
    <url>
      <loc>https://www.pagalsongs.online/nambardar-mp3-song-download-0</loc>
    </url>
    <url>
      <loc>https://www.pagalsongs.online/hanju-mp3-song-download</loc>
    </url>
    <url>
      <loc>https://www.pagalsongs.online/shukriya-mp3-song-download</loc>
    </url>
    <url>
      <loc>https://www.pagalsongs.online/sukhe-coco-mp3-song-download</loc>
    </url>
    <url>
      <loc>https://www.pagalsongs.online/nakkhre-mp3-song-download</loc>
    </url>
    <url>
      <loc>https://www.pagalsongs.online/sun-yaara-mp3-song-download</loc>
    </url>
    <url>
      <loc>https://www.pagalsongs.online/shaan-mp3-song-download</loc>
    </url>
    <url>
      <loc>https://www.pagalsongs.online/baahan-teriyan-mp3-song-download-0</loc>
    </url>
    <url>
      <loc>https://www.pagalsongs.online/soch-liya-mp3-song-download-1</loc>
    </url>
    <url>
      <loc>https://www.pagalsongs.online/saak-mp3-song-download</loc>
    </url>
    <url>
      <loc>https://www.pagalsongs.online/bijlee-bijlee-remix-dj-scorpio-dubai-mp3-song-download</loc>
    </url>
    <url>
      <loc>https://www.pagalsongs.online/tumhein-mohabbat-mp3-song-download</loc>
    </url>
    <url>
      <loc>https://www.pagalsongs.online/toofan-si-kudi-mp3-song-download</loc>
    </url>
    <url>
      <loc>https://www.pagalsongs.online/little-little-mp3-song-download</loc>
    </url>
    <url>
      <loc>https://www.pagalsongs.online/tere-rang-mp3--song-download</loc>
    </url>
    <url>
      <loc>https://www.pagalsongs.online/garda-mp3-song-download</loc>
    </url>
    <url>
      <loc>https://www.pagalsongs.online/jhoom-baraabar-jhoomm-mp3-song-download</loc>
    </url>
    <url>
      <loc>https://www.pagalsongs.online/slow-slow-mp3-song-download</loc>
    </url>
    <url>
      <loc>https://www.pagalsongs.online/pyaar-chahiye-mp3-song-download</loc>
    </url>
    <url>
      <loc>https://www.pagalsongs.online/rish-praise-mp3-song-download</loc>
    </url>
    <url>
      <loc>https://www.pagalsongs.online/chann-chann-mp3--songs-download-2024</loc>
    </url>
    <url>
      <loc>https://www.pagalsongs.online/karan-randhawa-raule-mp3--song-download</loc>
    </url>
    <url>
      <loc>https://www.pagalsongs.online/attraction-mp3-song-download</loc>
    </url>
    <url>
      <loc>https://www.pagalsongs.online/jindey-meriye-mp3-song-download</loc>
    </url>
    <url>
      <loc>https://www.pagalsongs.online/rait-zara-si-mp3-song-download</loc>
    </url>
    <url>
      <loc>https://www.pagalsongs.online/ruby-roman-mp3-song-download</loc>
    </url>
    <url>
      <loc>https://www.pagalsongs.online/kali-jotta-mp3-song-download-005</loc>
    </url>
    <url>
      <loc>https://www.pagalsongs.online/thats-how-i-feel-mp3-song-download</loc>
    </url>
    <url>
      <loc>https://www.pagalsongs.online/cheater-boy-mp3-song-download</loc>
    </url>
    <url>
      <loc>https://www.pagalsongs.online/tera-pyaar-mp3-song-download</loc>
    </url>
    <url>
      <loc>https://www.pagalsongs.online/dekh-ke-tujhko-dil-bole-hi-hai-mp3-songs-download-2024</loc>
    </url>
    <url>
      <loc>https://www.pagalsongs.online/tu-aake-dekh-le-remix-mp3-songs-download-2024</loc>
    </url>
    <url>
      <loc>https://www.pagalsongs.online/shiddat-reloaded-mp3-song-download</loc>
    </url>
    <url>
      <loc>https://www.pagalsongs.online/rug-amber-da-mp3-song-download</loc>
    </url>
    <url>
      <loc>https://www.pagalsongs.online/do-vali-mp3-song-download</loc>
    </url>
    <url>
      <loc>https://www.pagalsongs.online/jugnu-x-beggin-mashup-dj-missy-k-mp3-song-download</loc>
    </url>
    <url>
      <loc>https://www.pagalsongs.online/gunda-zone-mp3-song-download</loc>
    </url>
    <url>
      <loc>https://www.pagalsongs.online/hoye-ishq-na-female-version-mp3-song-download</loc>
    </url>
    <url>
      <loc>https://www.pagalsongs.online/tu-mera-hogaya-hai-encore-mp3--songs-download-2024</loc>
    </url>
    <url>
      <loc>https://www.pagalsongs.online/ae-dilla-marjaaniyaan-mp3-song-download</loc>
    </url>
    <url>
      <loc>https://www.pagalsongs.online/tere-siva-jag-mein-cafe-edit-mp3-song-download</loc>
    </url>
    <url>
      <loc>https://www.pagalsongs.online/hijaab-e-hyaa-mp3-song-download</loc>
    </url>
    <url>
      <loc>https://www.pagalsongs.online/king-kong-mp3-songs-download-2024</loc>
    </url>
    <url>
      <loc>https://www.pagalsongs.online/saccha-wala-love-mp3-song-download-1</loc>
    </url>
    <url>
      <loc>https://www.pagalsongs.online/aankhein-band-karke-mp3-song-download-1</loc>
    </url>
    <url>
      <loc>https://www.pagalsongs.online/galti-mp3-song-download</loc>
    </url>
    <url>
      <loc>https://www.pagalsongs.online/ek-mint-mp3-song-download</loc>
    </url>
    <url>
      <loc>https://www.pagalsongs.online/saajz-habibi-mp3-song-download</loc>
    </url>
    <url>
      <loc>https://www.pagalsongs.online/main-te-meri-gaddi-mp3--0-download</loc>
    </url>
    <url>
      <loc>https://www.pagalsongs.online/maafi-mp3-song-download</loc>
    </url>
    <url>
      <loc>https://www.pagalsongs.online/talda-ni-mp3-song-download</loc>
    </url>
    <url>
      <loc>https://www.pagalsongs.online/trending-jatt-mp3-song-download</loc>
    </url>
    <url>
      <loc>https://www.pagalsongs.online/heer-ranjha-mp3-song-download-</loc>
    </url>
    <url>
      <loc>https://www.pagalsongs.online/pehchan-mp3-song-download</loc>
    </url>
    <url>
      <loc>https://www.pagalsongs.online/chand-wala-mukhda-leke-mp3-song-download</loc>
    </url>
    <url>
      <loc>https://www.pagalsongs.online/badshah-sajna-mp3-song-download-1</loc>
    </url>
    <url>
      <loc>https://www.pagalsongs.online/aashiqui-aa-gayi-mp3-song-download</loc>
    </url>
    <url>
      <loc>https://www.pagalsongs.online/hadd-tod-da-mp3-song-download</loc>
    </url>
    <url>
      <loc>https://www.pagalsongs.online/scorpio-mp3--song-download</loc>
    </url>
    <url>
      <loc>https://www.pagalsongs.online/bad-munda-remix-dj-scorpio-dubai-mp3-song-download</loc>
    </url>
    <url>
      <loc>https://www.pagalsongs.online/loneliness-mashup-2021-bicky-official-mp3-song-download</loc>
    </url>
    <url>
      <loc>https://www.pagalsongs.online/undefined-love-mashup-2021-vinick-mp3-song-download</loc>
    </url>
    <url>
      <loc>https://www.pagalsongs.online/sirf-tu-mp3-song-download-1</loc>
    </url>
    <url>
      <loc>https://www.pagalsongs.online/mera-yaar-mp3-songs-download-2024</loc>
    </url>
    <url>
      <loc>https://www.pagalsongs.online/kacha-badam-mp3-song-download</loc>
    </url>
    <url>
      <loc>https://www.pagalsongs.online/naina-da-joda-mp3-song-download</loc>
    </url>
    <url>
      <loc>https://www.pagalsongs.online/goat-dekho-mp3-song-download</loc>
    </url>
    <url>
      <loc>https://www.pagalsongs.online/hello-mp3-song-download-nirvair-pannu</loc>
    </url>
    <url>
      <loc>https://www.pagalsongs.online/asla-karan-randhawa-mp3-song-download</loc>
    </url>
    <url>
      <loc>https://www.pagalsongs.online/parchayi-mp3-song-download</loc>
    </url>
    <url>
      <loc>https://www.pagalsongs.online/zindagi-khafa-khafa-mp3-song-download-1</loc>
    </url>
    <url>
      <loc>https://www.pagalsongs.online/aashiq-mud-na-jaawe-mp3-song-download</loc>
    </url>
    <url>
      <loc>https://www.pagalsongs.online/neeli-neeli-akhiyan-mp3-song-download</loc>
    </url>
    <url>
      <loc>https://www.pagalsongs.online/chaka-chak-mp3-song-download</loc>
    </url>
    <url>
      <loc>https://www.pagalsongs.online/do-dil-song-download-1</loc>
    </url>
    <url>
      <loc>https://www.pagalsongs.online/viyah-wali-jodi-mp3-song-download</loc>
    </url>
    <url>
      <loc>https://www.pagalsongs.online/heal-mp3-song-download</loc>
    </url>
    <url>
      <loc>https://www.pagalsongs.online/vidya-vox-nachle-mp3-song-download</loc>
    </url>
    <url>
      <loc>https://www.pagalsongs.online/humne-tumko-dil-ye-de-diya-cover-mp3-song-download</loc>
    </url>
    <url>
      <loc>https://www.pagalsongs.online/punjabi-mashup-2021-dip-sr-x-vdj-jakaria-mp3-song-download</loc>
    </url>
    <url>
      <loc>https://www.pagalsongs.online/hoye-ishq-na-mp3-song-download-tadap-b-praak-t-series-2021</loc>
    </url>
    <url>
      <loc>https://www.pagalsongs.online/score-mp3-song-download</loc>
    </url>
    <url>
      <loc>https://www.pagalsongs.online/pinch-mp3-song-download</loc>
    </url>
    <url>
      <loc>https://www.pagalsongs.online/man-on-the-moon-mp3--songs-download-2024</loc>
    </url>
    <url>
      <loc>https://www.pagalsongs.online/zalma-mp3-song-download</loc>
    </url>
    <url>
      <loc>https://www.pagalsongs.online/ranjit-bawa-hakam-mp3-song-download</loc>
    </url>
    <url>
      <loc>https://www.pagalsongs.online/saddi-car-nachdi-mp3-song-download-</loc>
    </url>
    <url>
      <loc>https://www.pagalsongs.online/rafta-rafta-mp3-song-download</loc>
    </url>
    <url>
      <loc>https://www.pagalsongs.online/aziyat-mp3-song-download-0</loc>
    </url>
    <url>
      <loc>https://www.pagalsongs.online/kheench-te-nach-mp3-song-download</loc>
    </url>
    <url>
      <loc>https://www.pagalsongs.online/kalam-mp3-song-download</loc>
    </url>
    <url>
      <loc>https://www.pagalsongs.online/shama-paiya-mp3-song-download</loc>
    </url>
    <url>
      <loc>https://www.pagalsongs.online/nai-chaidi-mp3-song-download</loc>
    </url>
    <url>
      <loc>https://www.pagalsongs.online/me-u-mp3--songs-download-1-2024</loc>
    </url>
    <url>
      <loc>https://www.pagalsongs.online/not-you-mp3-0s-download-2024</loc>
    </url>
    <url>
      <loc>https://www.pagalsongs.online/ok-mp3--song-download-2024-0</loc>
    </url>
    <url>
      <loc>https://www.pagalsongs.online/alan-walker-out-of-love-mp3--song-download-2024</loc>
    </url>
    <url>
      <loc>https://www.pagalsongs.online/aankh-hai-bhari-bhari-cover-mp3-song-download</loc>
    </url>
    <url>
      <loc>https://www.pagalsongs.online/makeup-wala-mukhda-mp3-song-download</loc>
    </url>
    <url>
      <loc>https://www.pagalsongs.online/mukammal-mp3-song-download</loc>
    </url>
    <url>
      <loc>https://www.pagalsongs.online/nahi-milni-mp3-song-download</loc>
    </url>
    <url>
      <loc>https://www.pagalsongs.online/doorie-mp3-song-download</loc>
    </url>
    <url>
      <loc>https://www.pagalsongs.online/duaa-mein-yaad-rakhhna-mp3-song-download</loc>
    </url>
    <url>
      <loc>https://www.pagalsongs.online/maaf-karde-mp3-song-download</loc>
    </url>
    <url>
      <loc>https://www.pagalsongs.online/bijlee-bijlee-remix-dj-axonn-mp3-song-download</loc>
    </url>
    <url>
      <loc>https://www.pagalsongs.online/pyaar-karte-ho-na-song-download-1</loc>
    </url>
    <url>
      <loc>https://www.pagalsongs.online/kulshan-sandhu-badmashi-mp3-song-download</loc>
    </url>
    <url>
      <loc>https://www.pagalsongs.online/ishq-story-mp3-song-download</loc>
    </url>
    <url>
      <loc>https://www.pagalsongs.online/evergreen-mp3-song-download</loc>
    </url>
    <url>
      <loc>https://www.pagalsongs.online/boom-boom-mp3-song-download</loc>
    </url>
    <url>
      <loc>https://www.pagalsongs.online/bin-bulaye-mp3-song-download</loc>
    </url>
    <url>
      <loc>https://www.pagalsongs.online/plan-mp3-song-download</loc>
    </url>
    <url>
      <loc>https://www.pagalsongs.online/shiv-panchakshar-stotra-mp3-song-download</loc>
    </url>
    <url>
      <loc>https://www.pagalsongs.online/gallan-chaandi-diyan-mp3-song-download</loc>
    </url>
    <url>
      <loc>https://www.pagalsongs.online/mujhe-pyaar-pyaar-hai-mp3-song-download</loc>
    </url>
    <url>
      <loc>https://www.pagalsongs.online/painda-umraan-da-mp3-song-download</loc>
    </url>
    <url>
      <loc>https://www.pagalsongs.online/mere-shankara-mp3-song-download</loc>
    </url>
    <url>
      <loc>https://www.pagalsongs.online/black-jays-mp3-songs-download-2024</loc>
    </url>
    <url>
      <loc>https://www.pagalsongs.online/maa-sherawali-mp3-song-download</loc>
    </url>
    <url>
      <loc>https://www.pagalsongs.online/sanwali-chhori-mp3---songs-download-2024-0-0</loc>
    </url>
    <url>
      <loc>https://www.pagalsongs.online/manlam-tumi-bhalobasoni-mp3-song-download</loc>
    </url>
    <url>
      <loc>https://www.pagalsongs.online/thaa-mp3-song-download</loc>
    </url>
    <url>
      <loc>https://www.pagalsongs.online/hasda-reha-kar-mp3-song-download</loc>
    </url>
    <url>
      <loc>https://www.pagalsongs.online/kalle-kalle-mp3-song-download</loc>
    </url>
    <url>
      <loc>https://www.pagalsongs.online/sapera-mp3-song-download</loc>
    </url>
    <url>
      <loc>https://www.pagalsongs.online/tu-mera-hogaya-hai-mp3-song-download</loc>
    </url>
    <url>
      <loc>https://www.pagalsongs.online/o-mere-channa-vey-mp3-song-download</loc>
    </url>
    <url>
      <loc>https://www.pagalsongs.online/chandrashekhar-mp3-song-download</loc>
    </url>
    <url>
      <loc>https://www.pagalsongs.online/picasso-mp3-song-download</loc>
    </url>
    <url>
      <loc>https://www.pagalsongs.online/naina-naal-mp3-song-download</loc>
    </url>
    <url>
      <loc>https://www.pagalsongs.online/salama-hundiyan-mp3-song-download</loc>
    </url>
    <url>
      <loc>https://www.pagalsongs.online/best-of-2021-love-mashup-vdj-royal-dvj-sahil-mp3-song-download</loc>
    </url>
    <url>
      <loc>https://www.pagalsongs.online/against-all-odds-mp3-song-download</loc>
    </url>
    <url>
      <loc>https://www.pagalsongs.online/desires-mp3-song-download</loc>
    </url>
    <url>
      <loc>https://www.pagalsongs.online/majhe-aale-mp3-song-download</loc>
    </url>
    <url>
      <loc>https://www.pagalsongs.online/spaceship-mp3-song-download-2024</loc>
    </url>
    <url>
      <loc>https://www.pagalsongs.online/war-mp3-song-download</loc>
    </url>
    <url>
      <loc>https://www.pagalsongs.online/tere-te-mp3-song-download-</loc>
    </url>
    <url>
      <loc>https://www.pagalsongs.online/dreamer-mp3-songs-download-2024</loc>
    </url>
    <url>
      <loc>https://www.pagalsongs.online/crowd-mp3-song-download</loc>
    </url>
    <url>
      <loc>https://www.pagalsongs.online/favourite-mp3-song-download</loc>
    </url>
    <url>
      <loc>https://www.pagalsongs.online/kina-chir-x-aadat-mp3-song-download</loc>
    </url>
    <url>
      <loc>https://www.pagalsongs.online/with-you-mp3-song-download-2024</loc>
    </url>
    <url>
      <loc>https://www.pagalsongs.online/borla-mp3-song-download</loc>
    </url>
    <url>
      <loc>https://www.pagalsongs.online/gal-karle-mp3-song-download</loc>
    </url>
    <url>
      <loc>https://www.pagalsongs.online/broken-heart-mashup-2021-chillout-mix-naresh-parmar-mp3-song-download</loc>
    </url>
    <url>
      <loc>https://www.pagalsongs.online/manzoor-dil-reprise-mp3-song-download</loc>
    </url>
    <url>
      <loc>https://www.pagalsongs.online/arjun-nikaah-mp3-song-download</loc>
    </url>
    <url>
      <loc>https://www.pagalsongs.online/russi-nu-mnaa-laina-mp3-song-download</loc>
    </url>
    <url>
      <loc>https://www.pagalsongs.online/badnam-rahn-de-mp3-song-download</loc>
    </url>
    <url>
      <loc>https://www.pagalsongs.online/tu-haske-bolelu-ye-jaan-mp3-song-download</loc>
    </url>
    <url>
      <loc>https://www.pagalsongs.online/laal-hari-peeli-choodiyan-mp3-song-download</loc>
    </url>
    <url>
      <loc>https://www.pagalsongs.online/kya-bolte-bro-mp3-song-download</loc>
    </url>
    <url>
      <loc>https://www.pagalsongs.online/dil-wapis-kardo-mp3-song-download</loc>
    </url>
    <url>
      <loc>https://www.pagalsongs.online/khumariyaan-mp3-song-download-1</loc>
    </url>
    <url>
      <loc>https://www.pagalsongs.online/mull-tardu-mp3-song-download</loc>
    </url>
    <url>
      <loc>https://www.pagalsongs.online/shukrana-mp3-song-download</loc>
    </url>
    <url>
      <loc>https://www.pagalsongs.online/payala-ka-joda-mp3---songs-download-2024</loc>
    </url>
    <url>
      <loc>https://www.pagalsongs.online/payal-mangwa-de-mp3-songs-download</loc>
    </url>
    <url>
      <loc>https://www.pagalsongs.online/sunakha-mp3-song-download</loc>
    </url>
    <url>
      <loc>https://www.pagalsongs.online/rotiyan-mp3-song-download</loc>
    </url>
    <url>
      <loc>https://www.pagalsongs.online/bohemia-ajnabi-mp3-song-download</loc>
    </url>
    <url>
      <loc>https://www.pagalsongs.online/will-you-marry-me-mp3-song-download-2024</loc>
    </url>
    <url>
      <loc>https://www.pagalsongs.online/socha-nahi-tha-mp3-song-download</loc>
    </url>
    <url>
      <loc>https://www.pagalsongs.online/koi-sehri-babu-mp3-song-download-1</loc>
    </url>
    <url>
      <loc>https://www.pagalsongs.online/shah-rukh-khan-mp3-song-download</loc>
    </url>
    <url>
      <loc>https://www.pagalsongs.online/mainu-nai-pehchaandi-mp3-song-download</loc>
    </url>
    <url>
      <loc>https://www.pagalsongs.online/dhiaan-dhar-mehsoos-kar-mp3-song-download</loc>
    </url>
    <url>
      <loc>https://www.pagalsongs.online/tumbe-te-zumba-mp3-song-download</loc>
    </url>
    <url>
      <loc>https://www.pagalsongs.online/tumse-pyaar-hai-subdue-mix-dj-yogii-mp3-song-download</loc>
    </url>
    <url>
      <loc>https://www.pagalsongs.online/satisfy-mp3--song-download-1</loc>
    </url>
    <url>
      <loc>https://www.pagalsongs.online/rehne-lage-tum-dil-mein-song-download-1</loc>
    </url>
    <url>
      <loc>https://www.pagalsongs.online/tu-mera-misra-hai-mp3-song-download-2024</loc>
    </url>
    <url>
      <loc>https://www.pagalsongs.online/jann-gann-mann-mp3-song-download</loc>
    </url>
    <url>
      <loc>https://www.pagalsongs.online/bhull-jaan-waaleya-mp3-song-download</loc>
    </url>
    <url>
      <loc>https://www.pagalsongs.online/samajaan-di-mp3-song-download</loc>
    </url>
    <url>
      <loc>https://www.pagalsongs.online/gotta-mp3-song-download</loc>
    </url>
    <url>
      <loc>https://www.pagalsongs.online/matko-mp3-song-download</loc>
    </url>
    <url>
      <loc>https://www.pagalsongs.online/dasmi-fail-mp3-song-download</loc>
    </url>
    <url>
      <loc>https://www.pagalsongs.online/mauja-hi-mauja-2021-arabic-drop-mix-2021-dj-lemon-mp3-song-download</loc>
    </url>
    <url>
      <loc>https://www.pagalsongs.online/shambu-teri-maya-mp3-song-download</loc>
    </url>
    <url>
      <loc>https://www.pagalsongs.online/barbaad-mp3-song-download-0</loc>
    </url>
    <url>
      <loc>https://www.pagalsongs.online/izmir-marsi-mp3--song-download</loc>
    </url>
    <url>
      <loc>https://www.pagalsongs.online/dead-sure-mp3-song-download-0</loc>
    </url>
    <url>
      <loc>https://www.pagalsongs.online/wah-kya-nazare-hai-mp3-songs-download</loc>
    </url>
    <url>
      <loc>https://www.pagalsongs.online/sachiyaan-mohabattan-mp3-song-download</loc>
    </url>
    <url>
      <loc>https://www.pagalsongs.online/ranjha-reprise-mp3-song-download-1-2024</loc>
    </url>
    <url>
      <loc>https://www.pagalsongs.online/paani-paani-pahari-version-song-download-1</loc>
    </url>
    <url>
      <loc>https://www.pagalsongs.online/kaali-range-mp3-song-download</loc>
    </url>
    <url>
      <loc>https://www.pagalsongs.online/raman-goyal-shopping-mp3---song-download</loc>
    </url>
    <url>
      <loc>https://www.pagalsongs.online/tu-jatta-ve-mp3-song-download</loc>
    </url>
    <url>
      <loc>https://www.pagalsongs.online/chann-mahiya-ve-mp3-song-download-1</loc>
    </url>
    <url>
      <loc>https://www.pagalsongs.online/saajz-mashoor-mp3-song-download</loc>
    </url>
    <url>
      <loc>https://www.pagalsongs.online/tu-mile-dil-khile-remix-mp3-song-download</loc>
    </url>
    <url>
      <loc>https://www.pagalsongs.online/gham-hai-ya-khushi-hai-tu-mp3-songs-download</loc>
    </url>
    <url>
      <loc>https://www.pagalsongs.online/tohmat-mp3-song-download</loc>
    </url>
    <url>
      <loc>https://www.pagalsongs.online/najaa-remix-dj-pami-sydney-mp3-song-download</loc>
    </url>
    <url>
      <loc>https://www.pagalsongs.online/welcome-mp3-song-download-0</loc>
    </url>
    <url>
      <loc>https://www.pagalsongs.online/jurat-mp3-song-download</loc>
    </url>
    <url>
      <loc>https://www.pagalsongs.online/nimrat-khaira-jaan-mp3-song-download</loc>
    </url>
    <url>
      <loc>https://www.pagalsongs.online/2-raflaan-mp3-song-download-pagalworld</loc>
    </url>
    <url>
      <loc>https://www.pagalsongs.online/chandigarh-kare-aashiqui-mp3-song-download</loc>
    </url>
    <url>
      <loc>https://www.pagalsongs.online/garry-sandhu-feelinga-mp3-song-download</loc>
    </url>
    <url>
      <loc>https://www.pagalsongs.online/world-we-used-to-know-mp3--songs-download</loc>
    </url>
    <url>
      <loc>https://www.pagalsongs.online/aila-re-aillaa-tapori-mix-dj-scoob-mp3-song-download</loc>
    </url>
    <url>
      <loc>https://www.pagalsongs.online/tu-meri-begum-main-tera-badshah-song-download</loc>
    </url>
    <url>
      <loc>https://www.pagalsongs.online/baat-saaf-hai-mp3--song-download-</loc>
    </url>
    <url>
      <loc>https://www.pagalsongs.online/morich-jhaal-mp3-song-download</loc>
    </url>
    <url>
      <loc>https://www.pagalsongs.online/aukaat-mp3-song-download</loc>
    </url>
    <url>
      <loc>https://www.pagalsongs.online/aish-karengi-mp3-song-download</loc>
    </url>
    <url>
      <loc>https://www.pagalsongs.online/meri-zindagi-mein-song-download-1</loc>
    </url>
    <url>
      <loc>https://www.pagalsongs.online/choti-choti-gallan-mp3-song-download</loc>
    </url>
    <url>
      <loc>https://www.pagalsongs.online/arijit-singh-tera-hua-mp3-0s-download-1-2024</loc>
    </url>
    <url>
      <loc>https://www.pagalsongs.online/moving-on-mp3--song-download-</loc>
    </url>
    <url>
      <loc>https://www.pagalsongs.online/adhi-tape-mp3--song-download</loc>
    </url>
    <url>
      <loc>https://www.pagalsongs.online/zoom-mp3-song-download</loc>
    </url>
    <url>
      <loc>https://www.pagalsongs.online/ye-lili-ye-lila-mp3-song-download</loc>
    </url>
    <url>
      <loc>https://www.pagalsongs.online/dj-ya-lili-ya-lila-song-download</loc>
    </url>
    <url>
      <loc>https://www.pagalsongs.online/after-party-6-mp3-song-download</loc>
    </url>
    <url>
      <loc>https://www.pagalsongs.online/mujhe-lagta-hai-ki-wo-mujhe-ab-chod-hi-dega-mp3-song-download</loc>
    </url>
    <url>
      <loc>https://www.pagalsongs.online/jhutha-balma-mp3-song-download</loc>
    </url>
    <url>
      <loc>https://www.pagalsongs.online/farq-nahi-padta-mp3-song-download</loc>
    </url>
    <url>
      <loc>https://www.pagalsongs.online/subha-hone-na-de-remix-dj-vicky-nyc-mp3-song-download</loc>
    </url>
    <url>
      <loc>https://www.pagalsongs.online/singga-bolda-mp3-song-download</loc>
    </url>
    <url>
      <loc>https://www.pagalsongs.online/mehndi-ka-rang-mp3-song-download</loc>
    </url>
    <url>
      <loc>https://www.pagalsongs.online/ye-dil-tere-naam-kiya-mp3-song-download</loc>
    </url>
    <url>
      <loc>https://www.pagalsongs.online/mehendi-ka-ranngg-mp3-song-download</loc>
    </url>
    <url>
      <loc>https://www.pagalsongs.online/wakh-na-hunde-mp3-song-download</loc>
    </url>
    <url>
      <loc>https://www.pagalsongs.online/ghana-kasoota-song-download-1</loc>
    </url>
    <url>
      <loc>https://www.pagalsongs.online/happy-birthday-jatta-ve-mp3-song-download</loc>
    </url>
    <url>
      <loc>https://www.pagalsongs.online/president-mp3-song-download</loc>
    </url>
    <url>
      <loc>https://www.pagalsongs.online/wang-da-bhaar-mp3-song-download</loc>
    </url>
    <url>
      <loc>https://www.pagalsongs.online/attention-2-0-sush-yohan-x-happy-pills-mashup-2021-mp3-song-download</loc>
    </url>
    <url>
      <loc>https://www.pagalsongs.online/tera-naam-lekar-ham-jiye-ja-rahe-hain-mp3-song-download</loc>
    </url>
    <url>
      <loc>https://www.pagalsongs.online/tip-tip-barsa-pani-2-0-mp3-song-download</loc>
    </url>
    <url>
      <loc>https://www.pagalsongs.online/kusu-kusu-mp3-song-download</loc>
    </url>
    <url>
      <loc>https://www.pagalsongs.online/the-landers-mashup-2021-conexxion-brothers-mp3---song-download-2024</loc>
    </url>
    <url>
      <loc>https://www.pagalsongs.online/nahi-nachna-mp3-song-download</loc>
    </url>
    <url>
      <loc>https://www.pagalsongs.online/gaddar-banda-mp3-song-download</loc>
    </url>
    <url>
      <loc>https://www.pagalsongs.online/come-back-again-mashup-2-naresh-parmar-mp3-song-download</loc>
    </url>
    <url>
      <loc>https://www.pagalsongs.online/tanha-dil-tanha-safar-mp3-song-download</loc>
    </url>
    <url>
      <loc>https://www.pagalsongs.online/you-lost-me-mp3-songs-download-2024</loc>
    </url>
    <url>
      <loc>https://www.pagalsongs.online/no-cap-mp3-song-download</loc>
    </url>
    <url>
      <loc>https://www.pagalsongs.online/ndee-kundu-7-janam-mp3-song-download</loc>
    </url>
    <url>
      <loc>https://www.pagalsongs.online/paapi-mp3-song-download</loc>
    </url>
    <url>
      <loc>https://www.pagalsongs.online/kinnia-choriyan-mp3-song-download</loc>
    </url>
    <url>
      <loc>https://www.pagalsongs.online/sach-chahida-mp3-song-download</loc>
    </url>
    <url>
      <loc>https://www.pagalsongs.online/dj-chetas-ranjha-remix-mp3-song-download</loc>
    </url>
    <url>
      <loc>https://www.pagalsongs.online/saiyaan-dil-me-aana-re-mp3-song-download</loc>
    </url>
    <url>
      <loc>https://www.pagalsongs.online/aakhri-mulaqat-mp3-song-download</loc>
    </url>
    <url>
      <loc>https://www.pagalsongs.online/soon-mp3-song-download</loc>
    </url>
    <url>
      <loc>https://www.pagalsongs.online/dil-yaar-da-mp3-song-download</loc>
    </url>
    <url>
      <loc>https://www.pagalsongs.online/hanuman-chalisa-mp3-song-download</loc>
    </url>
    <url>
      <loc>https://www.pagalsongs.online/shambhoo-re-mp3-song-download</loc>
    </url>
    <url>
      <loc>https://www.pagalsongs.online/jai-chhathi-maiya-mp3--song-download</loc>
    </url>
    <url>
      <loc>https://www.pagalsongs.online/jal-beech-khada-hoeeb-mp3-song-download</loc>
    </url>
    <url>
      <loc>https://www.pagalsongs.online/chhathi-maiya-karab-kanyadanwa-mp3-song-download</loc>
    </url>
    <url>
      <loc>https://www.pagalsongs.online/uga-hai-suraj-dev-mp3-songs-download</loc>
    </url>
    <url>
      <loc>https://www.pagalsongs.online/sample-yaara-ke-mp3--song-download</loc>
    </url>
    <url>
      <loc>https://www.pagalsongs.online/dabde-ni-mp3-song-download</loc>
    </url>
    <url>
      <loc>https://www.pagalsongs.online/saibo-x-baarish-mashup-mp3-song-download-2024</loc>
    </url>
    <url>
      <loc>https://www.pagalsongs.online/choorha-mp3-song-download</loc>
    </url>
    <url>
      <loc>https://www.pagalsongs.online/tip-tip-barsa-pani-sooryavanshi-mp3-song-download-0</loc>
    </url>
    <url>
      <loc>https://www.pagalsongs.online/himachal-da-seb-mp3-song-download</loc>
    </url>
    <url>
      <loc>https://www.pagalsongs.online/revlon-mp3-song-download</loc>
    </url>
    <url>
      <loc>https://www.pagalsongs.online/moh-mp3-song-download-0022</loc>
    </url>
    <url>
      <loc>https://www.pagalsongs.online/tumse-bhi-zyada-tadap-mp3-song-download</loc>
    </url>
    <url>
      <loc>https://www.pagalsongs.online/payal-tutgi-mp3-song-download</loc>
    </url>
    <url>
      <loc>https://www.pagalsongs.online/dilruba-mp3-song-download</loc>
    </url>
    <url>
      <loc>https://www.pagalsongs.online/aajaa-mp3-song-download-0</loc>
    </url>
    <url>
      <loc>https://www.pagalsongs.online/tenu-lehenga-mp3-song-download</loc>
    </url>
    <url>
      <loc>https://www.pagalsongs.online/hun-vailpunna-chalu-mp3-song-download</loc>
    </url>
    <url>
      <loc>https://www.pagalsongs.online/jhooth-mp3-song-download</loc>
    </url>
    <url>
      <loc>https://www.pagalsongs.online/chellakuttiye-mp3-song-download</loc>
    </url>
    <url>
      <loc>https://www.pagalsongs.online/double-barrel-mp3--song-download</loc>
    </url>
    <url>
      <loc>https://www.pagalsongs.online/tumse-bhi-jyada-tumse-pyar-kiya-arijit-singh-mp3-song-download</loc>
    </url>
    <url>
      <loc>https://www.pagalsongs.online/south-wala-dance-mp3-song-download</loc>
    </url>
    <url>
      <loc>https://www.pagalsongs.online/barbaadiyan-remix-dj-taral-mp3-song-download</loc>
    </url>
    <url>
      <loc>https://www.pagalsongs.online/kuwari-soniye-tu-mai-bhi-hu-kuwara-mp3-song-download</loc>
    </url>
    <url>
      <loc>https://www.pagalsongs.online/dua-kijiye-mp3-song-download-1</loc>
    </url>
    <url>
      <loc>https://www.pagalsongs.online/do-gallan-mp3-song-download</loc>
    </url>
    <url>
      <loc>https://www.pagalsongs.online/najaa-mp3-song-download-1</loc>
    </url>
    <url>
      <loc>https://www.pagalsongs.online/tu-yaheen-hai-mashup-tribute-sidharth-shukla-mp3-song-download</loc>
    </url>
    <url>
      <loc>https://www.pagalsongs.online/tumse-bhi-zyada-mp3-song-download</loc>
    </url>
    <url>
      <loc>https://www.pagalsongs.online/bunty-aur-babli-2-mp3-song-download</loc>
    </url>
    <url>
      <loc>https://www.pagalsongs.online/dhik-chik-mp3-song-download</loc>
    </url>
    <url>
      <loc>https://www.pagalsongs.online/reason-mp3-song-download</loc>
    </url>
    <url>
      <loc>https://www.pagalsongs.online/4-mint-mp3-song-download</loc>
    </url>
    <url>
      <loc>https://www.pagalsongs.online/france-mp3-song-download</loc>
    </url>
    <url>
      <loc>https://www.pagalsongs.online/chal-koi-na-mp3-song-download</loc>
    </url>
    <url>
      <loc>https://www.pagalsongs.online/do-ghoont-remix-dj-essam-mp3-song-download</loc>
    </url>
    <url>
      <loc>https://www.pagalsongs.online/arijit-singh-love-you-mp3--song-download</loc>
    </url>
    <url>
      <loc>https://www.pagalsongs.online/lov-ju-mp3-song-download</loc>
    </url>
    <url>
      <loc>https://www.pagalsongs.online/naman-shrivastava-jaan-mp3-song-download</loc>
    </url>
    <url>
      <loc>https://www.pagalsongs.online/sardara-mp3-song-download</loc>
    </url>
    <url>
      <loc>https://www.pagalsongs.online/jhoota-lagda-mp3-song-download</loc>
    </url>
    <url>
      <loc>https://www.pagalsongs.online/love-ju-mp3-song-download</loc>
    </url>
    <url>
      <loc>https://www.pagalsongs.online/kabootar-mp3-song-download</loc>
    </url>
    <url>
      <loc>https://www.pagalsongs.online/butterfly-wale-mp3-song-download</loc>
    </url>
    <url>
      <loc>https://www.pagalsongs.online/3-4-peg-mp3-song-download</loc>
    </url>
    <url>
      <loc>https://www.pagalsongs.online/kill-chori-mp3-songs-download-1-2024</loc>
    </url>
    <url>
      <loc>https://www.pagalsongs.online/shershaah-x-kabir-singh-mashup-2021-aftermorning-chillout-song-download</loc>
    </url>
    <url>
      <loc>https://www.pagalsongs.online/bijlee-bijlee-mp3-song-download-1</loc>
    </url>
    <url>
      <loc>https://www.pagalsongs.online/toona-mp3-song-download</loc>
    </url>
    <url>
      <loc>https://www.pagalsongs.online/shershaah-mashup-2021-dj-chetas-dj-lijo-mp3-song-download</loc>
    </url>
    <url>
      <loc>https://www.pagalsongs.online/tu-yaheen-hai-mp3-songs-download</loc>
    </url>
    <url>
      <loc>https://www.pagalsongs.online/bapu-tere-karke-mp3-song-download-</loc>
    </url>
    <url>
      <loc>https://www.pagalsongs.online/manzoor-dil-mp3-song-download</loc>
    </url>
    <url>
      <loc>https://www.pagalsongs.online/maujood-hai-mp3-song-download</loc>
    </url>
    <url>
      <loc>https://www.pagalsongs.online/kanjoos-mp3-song-download</loc>
    </url>
    <url>
      <loc>https://www.pagalsongs.online/jassie-gill-surma-mp3-song-download</loc>
    </url>
    <url>
      <loc>https://www.pagalsongs.online/limitless-love-mashup-2021-vinick-mp3-song-download</loc>
    </url>
    <url>
      <loc>https://www.pagalsongs.online/tattoo-waaliye-mp3-song-download</loc>
    </url>
    <url>
      <loc>https://www.pagalsongs.online/saans-mp3-song-download-0</loc>
    </url>
    <url>
      <loc>https://www.pagalsongs.online/ek-tu-hi-jaan-meri-mp3-song-download</loc>
    </url>
    <url>
      <loc>https://www.pagalsongs.online/leave-it-mp3-song-download</loc>
    </url>
    <url>
      <loc>https://www.pagalsongs.online/main-tera-hi-rahunga-mp3--song-download</loc>
    </url>
    <url>
      <loc>https://www.pagalsongs.online/woh-pehli-si-barish-banke-mp3-song-download</loc>
    </url>
    <url>
      <loc>https://www.pagalsongs.online/jab-tak-sanse-chalegi-mp3-song-download</loc>
    </url>
    <url>
      <loc>https://www.pagalsongs.online/mar-bhi-gaya-toh-bhi-tujhe-karunga-main-pyar-mp3-song-download</loc>
    </url>
    <url>
      <loc>https://www.pagalsongs.online/tumhari-mast-aankhon-ne-mp3-song-download</loc>
    </url>
    <url>
      <loc>https://www.pagalsongs.online/nati-nati-ghetto-mp3-song-download</loc>
    </url>
    <url>
      <loc>https://www.pagalsongs.online/je-deshe-ramdhanu-eke-mp3-song-download</loc>
    </url>
    <url>
      <loc>https://www.pagalsongs.online/bondhu-kala-chan-dj-remix-mp3-song-download</loc>
    </url>
    <url>
      <loc>https://www.pagalsongs.online/mere-yaaraa-mp3-song-download</loc>
    </url>
    <url>
      <loc>https://www.pagalsongs.online/lovesick-mp3-song-download</loc>
    </url>
    <url>
      <loc>https://www.pagalsongs.online/kulbir-jhinjer-og-mp3-song-download</loc>
    </url>
    <url>
      <loc>https://www.pagalsongs.online/dil-lai-la-mp3-song-download</loc>
    </url>
    <url>
      <loc>https://www.pagalsongs.online/no-more-shada-mp3-song-download</loc>
    </url>
    <url>
      <loc>https://www.pagalsongs.online/kithe-chaliye-tu-mp3-song-download</loc>
    </url>
    <url>
      <loc>https://www.pagalsongs.online/jab-tak-saans-chalegi-mp3-song-download</loc>
    </url>
    <url>
      <loc>https://www.pagalsongs.online/hass-ke-mp3-song-download</loc>
    </url>
    <url>
      <loc>https://www.pagalsongs.online/jugnu-mp3-song-download-1-0</loc>
    </url>
    <url>
      <loc>https://www.pagalsongs.online/laare-da-ki-kariye-mp3-song-download</loc>
    </url>
    <url>
      <loc>https://www.pagalsongs.online/piya-ke-angana-mein-party-mp3--song-download</loc>
    </url>
    <url>
      <loc>https://www.pagalsongs.online/tumpe-mar-jaaenge-mp3-song-download</loc>
    </url>
    <url>
      <loc>https://www.pagalsongs.online/filhal-x-woh-baarishein-x-main-aur-tum-lofi-mashup-2021-mp3-song---download</loc>
    </url>
    <url>
      <loc>https://www.pagalsongs.online/pind-pind-mp3-song-download</loc>
    </url>
    <url>
      <loc>https://www.pagalsongs.online/ishqzada-mp3-song-download</loc>
    </url>
    <url>
      <loc>https://www.pagalsongs.online/duniya-bhul-jau-x-grind-mp3-song-download-2024</loc>
    </url>
    <url>
      <loc>https://www.pagalsongs.online/one-sided-love-mashup-2021-amtee-mp3-song-download</loc>
    </url>
    <url>
      <loc>https://www.pagalsongs.online/block-na-kareya-kar-mp3-song-download</loc>
    </url>
    <url>
      <loc>https://www.pagalsongs.online/kol-hove-mp3-song-download</loc>
    </url>
    <url>
      <loc>https://www.pagalsongs.online/only-you-darshan-raval-vs-arijit-singh-mashup-2021-mp3--song-download</loc>
    </url>
    <url>
      <loc>https://www.pagalsongs.online/but-why-mp3-song-download</loc>
    </url>
    <url>
      <loc>https://www.pagalsongs.online/zaroori-taa-ni-mp3-song-download</loc>
    </url>
    <url>
      <loc>https://www.pagalsongs.online/gallan-bholiyan-mp3-song-download</loc>
    </url>
    <url>
      <loc>https://www.pagalsongs.online/walking-along-mp3-song-download</loc>
    </url>
    <url>
      <loc>https://www.pagalsongs.online/farmer-mp3---song-download-2x</loc>
    </url>
    <url>
      <loc>https://www.pagalsongs.online/om-jai-jagdish-hare-mp3-song-download</loc>
    </url>
    <url>
      <loc>https://www.pagalsongs.online/in-the-getto-mp3-song-download</loc>
    </url>
    <url>
      <loc>https://www.pagalsongs.online/aashiqui-ka-gam-ham-piye-ja-rahe-hain-mp3-song-download-1</loc>
    </url>
    <url>
      <loc>https://www.pagalsongs.online/phone-te-ishq-mp3-song-download</loc>
    </url>
    <url>
      <loc>https://www.pagalsongs.online/ranjha-tere-naal-song-download-1</loc>
    </url>
    <url>
      <loc>https://www.pagalsongs.online/ishq-da-rog-mp3-song-download-1</loc>
    </url>
    <url>
      <loc>https://www.pagalsongs.online/dil-nu-dildaar-mp3-song-download</loc>
    </url>
    <url>
      <loc>https://www.pagalsongs.online/aila-re-aillaa-mp3-song-download</loc>
    </url>
    <url>
      <loc>https://www.pagalsongs.online/pag-ghunghroo-baandh-mp3-song-download</loc>
    </url>
    <url>
      <loc>https://www.pagalsongs.online/jaanu-ji-mp3-song-download</loc>
    </url>
    <url>
      <loc>https://www.pagalsongs.online/keh-doon-tumhe-mp3-song-download</loc>
    </url>
    <url>
      <loc>https://www.pagalsongs.online/habit-song-download-1</loc>
    </url>
    <url>
      <loc>https://www.pagalsongs.online/thumke-mp3---songs-download</loc>
    </url>
    <url>
      <loc>https://www.pagalsongs.online/pyar-di-kahani-mp3-song-download</loc>
    </url>
    <url>
      <loc>https://www.pagalsongs.online/jean-mp3-song-download</loc>
    </url>
    <url>
      <loc>https://www.pagalsongs.online/my-city-mp3-song-download</loc>
    </url>
    <url>
      <loc>https://www.pagalsongs.online/jinna-pyaar-mp3-song-download</loc>
    </url>
    <url>
      <loc>https://www.pagalsongs.online/tose-naina-lofi-mashup-2021-dj-harsh-sharma-mp3-song-download</loc>
    </url>
    <url>
      <loc>https://www.pagalsongs.online/bindi-mp3-song-download</loc>
    </url>
    <url>
      <loc>https://www.pagalsongs.online/tera-hua-na-kabhii-mp3-0s-download-1-2024</loc>
    </url>
    <url>
      <loc>https://www.pagalsongs.online/kaali-car-mp3-song-download</loc>
    </url>
    <url>
      <loc>https://www.pagalsongs.online/tum-mere-mp3-song-download</loc>
    </url>
    <url>
      <loc>https://www.pagalsongs.online/aise-na-chhoro-song-download-1</loc>
    </url>
    <url>
      <loc>https://www.pagalsongs.online/chura-liya-x-teri-meri-prem-kahani-mp3-song-download</loc>
    </url>
    <url>
      <loc>https://www.pagalsongs.online/duniya-chhor-doon-song-download-1</loc>
    </url>
    <url>
      <loc>https://www.pagalsongs.online/joganiya-mp3-song-download-1</loc>
    </url>
    <url>
      <loc>https://www.pagalsongs.online/mickey-singh-sorry-mp3-song-download</loc>
    </url>
    <url>
      <loc>https://www.pagalsongs.online/tu-mp3-song-download</loc>
    </url>
    <url>
      <loc>https://www.pagalsongs.online/bye-darling-mp3-song-download</loc>
    </url>
    <url>
      <loc>https://www.pagalsongs.online/aadha-hi-rah-jaunga-mp3-song-download</loc>
    </url>
    <url>
      <loc>https://www.pagalsongs.online/affair-mp3-song-download</loc>
    </url>
    <url>
      <loc>https://www.pagalsongs.online/saat-samundar-v-s-topa-top-mp3-song-download</loc>
    </url>
    <url>
      <loc>https://www.pagalsongs.online/2021-party-dance-mashup-vdj-royal-dj-swar-mp3-song-download-2024</loc>
    </url>
    <url>
      <loc>https://www.pagalsongs.online/ishque-vich-aukha-mp3-song-download</loc>
    </url>
    <url>
      <loc>https://www.pagalsongs.online/phir-miloge-na-mp3--song-download</loc>
    </url>
    <url>
      <loc>https://www.pagalsongs.online/shershaah-ranjha-remix-aftermorning-chillout-mashup-mp3-song-download</loc>
    </url>
    <url>
      <loc>https://www.pagalsongs.online/namo-namo-shivaay-mp3-song-download</loc>
    </url>
    <url>
      <loc>https://www.pagalsongs.online/photowan-mp3-song-download-00</loc>
    </url>
    <url>
      <loc>https://www.pagalsongs.online/tagdi-dhunge-aali-mp3-song-download</loc>
    </url>
    <url>
      <loc>https://www.pagalsongs.online/koke-mp3-song-download</loc>
    </url>
    <url>
      <loc>https://www.pagalsongs.online/apsraa-mp3-song-download-1</loc>
    </url>
    <url>
      <loc>https://www.pagalsongs.online/fully-loaded-mp3-song-download</loc>
    </url>
    <url>
      <loc>https://www.pagalsongs.online/kala-chashma-2-song-download-1</loc>
    </url>
    <url>
      <loc>https://www.pagalsongs.online/tarsem-jassar-kingpin-mp3-song-download</loc>
    </url>
    <url>
      <loc>https://www.pagalsongs.online/lut-gaye-bhojpuri</loc>
    </url>
    <url>
      <loc>https://www.pagalsongs.online/patli-kamar-mp3-song-download</loc>
    </url>
    <url>
      <loc>https://www.pagalsongs.online/dilpreet-dhillon-shareef-mp3-song-download</loc>
    </url>
    <url>
      <loc>https://www.pagalsongs.online/razzi-bolja-mp3-song-download</loc>
    </url>
    <url>
      <loc>https://www.pagalsongs.online/mere-jigar-ka-challa-mp3-song-download</loc>
    </url>
    <url>
      <loc>https://www.pagalsongs.online/gustaakhiyan-mp3-song-download</loc>
    </url>
    <url>
      <loc>https://www.pagalsongs.online/main-toh-hero-hoon-tera-mp3-song-download-1</loc>
    </url>
    <url>
      <loc>https://www.pagalsongs.online/diljit-dosanjh-saroor-mp3-song-download</loc>
    </url>
    <url>
      <loc>https://www.pagalsongs.online/bell-bottom-mp3-song-download</loc>
    </url>
    <url>
      <loc>https://www.pagalsongs.online/touheen-mp3-song-download</loc>
    </url>
    <url>
      <loc>https://www.pagalsongs.online/tum-ho-mp3-song-download</loc>
    </url>
    <url>
      <loc>https://www.pagalsongs.online/she-on-it-mp3-song-download</loc>
    </url>
    <url>
      <loc>https://www.pagalsongs.online/gede-mp3-song-download-</loc>
    </url>
    <url>
      <loc>https://www.pagalsongs.online/introducing-her-mp3-song-download</loc>
    </url>
    <url>
      <loc>https://www.pagalsongs.online/jhoomka-gira-re-mp3---songs-download-2024</loc>
    </url>
    <url>
      <loc>https://www.pagalsongs.online/piya-ji-ke-sanng-mp3-song-download</loc>
    </url>
    <url>
      <loc>https://www.pagalsongs.online/straight-outta-mohali-returns-mp3-song-download</loc>
    </url>
    <url>
      <loc>https://www.pagalsongs.online/kar-sako-to-sanam-mp3-song-download</loc>
    </url>
    <url>
      <loc>https://www.pagalsongs.online/chori-da-pistol-mp3-song-download</loc>
    </url>
    <url>
      <loc>https://www.pagalsongs.online/lalkaare-honsla-rakh-mp3-song-download</loc>
    </url>
    <url>
      <loc>https://www.pagalsongs.online/mere-paas-ek-dil-tha-wo-bhi-tumne-chura-liya-mp3-song-download</loc>
    </url>
    <url>
      <loc>https://www.pagalsongs.online/chura-liya-mp3-song-download</loc>
    </url>
    <url>
      <loc>https://www.pagalsongs.online/og-mp3-song-download</loc>
    </url>
    <url>
      <loc>https://www.pagalsongs.online/nakhra-mp3-song-download</loc>
    </url>
    <url>
      <loc>https://www.pagalsongs.online/chumma-mp3-song-download-2024</loc>
    </url>
    <url>
      <loc>https://www.pagalsongs.online/zed-black-mp3-songs-download-2024</loc>
    </url>
    <url>
      <loc>https://www.pagalsongs.online/satrangi-piya-mp3-song-download</loc>
    </url>
    <url>
      <loc>https://www.pagalsongs.online/koonj-mp3-song-download</loc>
    </url>
    <url>
      <loc>https://www.pagalsongs.online/baari-mp3-song-download</loc>
    </url>
    <url>
      <loc>https://www.pagalsongs.online/jodaa-mp3-song-download</loc>
    </url>
    <url>
      <loc>https://www.pagalsongs.online/main-tera-ho-gaya-mp3-song-download-1</loc>
    </url>
    <url>
      <loc>https://www.pagalsongs.online/duji-vaar-pyar-x-sohnea-2-x-ehna-chauni-aa-lofi-mashup-dj-bks-mp3-song-download</loc>
    </url>
    <url>
      <loc>https://www.pagalsongs.online/broken-heart-mp3-song-download</loc>
    </url>
    <url>
      <loc>https://www.pagalsongs.online/family-song-download</loc>
    </url>
    <url>
      <loc>https://www.pagalsongs.online/leher-mp3-songs-download</loc>
    </url>
    <url>
      <loc>https://www.pagalsongs.online/kandh-mp3-song-download</loc>
    </url>
    <url>
      <loc>https://www.pagalsongs.online/taaz-mp3--song-download</loc>
    </url>
    <url>
      <loc>https://www.pagalsongs.online/elo-re-dugga-elo-re-mp3-song-download</loc>
    </url>
    <url>
      <loc>https://www.pagalsongs.online/chann-mahi-aaja-mp3-song-download</loc>
    </url>
    <url>
      <loc>https://www.pagalsongs.online/bablu-da-mp3-song-download</loc>
    </url>
    <url>
      <loc>https://www.pagalsongs.online/komolay-nritto-kore-mp3-song-download</loc>
    </url>
    <url>
      <loc>https://www.pagalsongs.online/thomkiya-thomkiya-mp3-song-download</loc>
    </url>
    <url>
      <loc>https://www.pagalsongs.online/chalte-firte-mp3-song-download</loc>
    </url>
    <url>
      <loc>https://www.pagalsongs.online/tum-kahan-the-mp3-song-download</loc>
    </url>
    <url>
      <loc>https://www.pagalsongs.online/ithin-adare-mp3-song-download</loc>
    </url>
    <url>
      <loc>https://www.pagalsongs.online/insaaf-mp3-song-download</loc>
    </url>
    <url>
      <loc>https://www.pagalsongs.online/iss-pyar-ko-mp3-song-download</loc>
    </url>
    <url>
      <loc>https://www.pagalsongs.online/komola-mp3-song-download</loc>
    </url>
    <url>
      <loc>https://www.pagalsongs.online/paagla-song-download-qismat-2</loc>
    </url>
    <url>
      <loc>https://www.pagalsongs.online/message-delete-mp3-song-download</loc>
    </url>
    <url>
      <loc>https://www.pagalsongs.online/underground-mashup-2021-dj-basque-mp3-song-download</loc>
    </url>
    <url>
      <loc>https://www.pagalsongs.online/dil-de-diya-hai-cover-mp3-song-download</loc>
    </url>
    <url>
      <loc>https://www.pagalsongs.online/diyari-mp3-song-download</loc>
    </url>
    <url>
      <loc>https://www.pagalsongs.online/ranbir-kapoor-broken-heart-mashup-2021-amtee-mp3-songs-download</loc>
    </url>
    <url>
      <loc>https://www.pagalsongs.online/dil-tera-deewana-mp3-song-download</loc>
    </url>
    <url>
      <loc>https://www.pagalsongs.online/joy-durga-maa-mp3-song-download</loc>
    </url>
    <url>
      <loc>https://www.pagalsongs.online/pehla-nasha-mp3-song-download-1</loc>
    </url>
    <url>
      <loc>https://www.pagalsongs.online/s-a-mp3--song-download-1-2024-0</loc>
    </url>
    <url>
      <loc>https://www.pagalsongs.online/garbe-ki-raat-mp3-song-download</loc>
    </url>
    <url>
      <loc>https://www.pagalsongs.online/ebar-amar-uma-ele-mp3-song-download</loc>
    </url>
    <url>
      <loc>https://www.pagalsongs.online/baddi-baje-mp3-song-download</loc>
    </url>
    <url>
      <loc>https://www.pagalsongs.online/tu-milta-hai-mujhe-mp3-songs-download-1</loc>
    </url>
    <url>
      <loc>https://www.pagalsongs.online/mithi-jahi-mp3-song-download</loc>
    </url>
    <url>
      <loc>https://www.pagalsongs.online/fateh-walia-surma-mp3-song-download</loc>
    </url>
    <url>
      <loc>https://www.pagalsongs.online/mureedan-mp3-song-download-1</loc>
    </url>
    <url>
      <loc>https://www.pagalsongs.online/elo-maa-dugga-mp3-song-download</loc>
    </url>
    <url>
      <loc>https://www.pagalsongs.online/mast-barsaat-mp3-song-download</loc>
    </url>
    <url>
      <loc>https://www.pagalsongs.online/elo-elo-ma-durga-mp3-songs-download-2024</loc>
    </url>
    <url>
      <loc>https://www.pagalsongs.online/halo-re-halo-mp3-song-download-1</loc>
    </url>
    <url>
      <loc>https://www.pagalsongs.online/haare-hum-haare-mp3-songs-download</loc>
    </url>
    <url>
      <loc>https://www.pagalsongs.online/laapata-mp3-song-download</loc>
    </url>
    <url>
      <loc>https://www.pagalsongs.online/bachcha-party-mp3-song-download-1</loc>
    </url>
    <url>
      <loc>https://www.pagalsongs.online/lifeline-mp3-song-download</loc>
    </url>
    <url>
      <loc>https://www.pagalsongs.online/qaidi-mp3-song-download</loc>
    </url>
    <url>
      <loc>https://www.pagalsongs.online/kabhii-tumhe-mashup-aftermorning-chillout-mp3-song-download</loc>
    </url>
    <url>
      <loc>https://www.pagalsongs.online/esho-dasabhuja-mp3-song-download</loc>
    </url>
    <url>
      <loc>https://www.pagalsongs.online/chambal-de-daaku-mp3-song-download</loc>
    </url>
    <url>
      <loc>https://www.pagalsongs.online/dastaan-e-ishq-mp3-song-download</loc>
    </url>
    <url>
      <loc>https://www.pagalsongs.online/mittran-de-pind-mp3-song-download</loc>
    </url>
    <url>
      <loc>https://www.pagalsongs.online/bhammariyo-mp3-song-download</loc>
    </url>
    <url>
      <loc>https://www.pagalsongs.online/tuktukir-maa-2-mp3-song-download</loc>
    </url>
    <url>
      <loc>https://www.pagalsongs.online/pyaar-ek-tarfaa-mp3-song-download-1-1</loc>
    </url>
    <url>
      <loc>https://www.pagalsongs.online/dugga-mai-ki-joy-mp3-song-download</loc>
    </url>
    <url>
      <loc>https://www.pagalsongs.online/ladeya-na-kar-mp3-song-download</loc>
    </url>
    <url>
      <loc>https://www.pagalsongs.online/dandiya-mashup-param-sundari-x-nadiyon-paar-mp3-song-download-2024</loc>
    </url>
    <url>
      <loc>https://www.pagalsongs.online/trace-mp3-song-download-00</loc>
    </url>
    <url>
      <loc>https://www.pagalsongs.online/lagann-laagii-sufi-version-mp3-song-download</loc>
    </url>
    <url>
      <loc>https://www.pagalsongs.online/darshan-raval-tera-naam-mp3-song-download</loc>
    </url>
    <url>
      <loc>https://www.pagalsongs.online/hug-mp3-song-download</loc>
    </url>
    <url>
      <loc>https://www.pagalsongs.online/junoon-mp3--song-download</loc>
    </url>
    <url>
      <loc>https://www.pagalsongs.online/jazbaati-bande-mp3-song-download</loc>
    </url>
    <url>
      <loc>https://www.pagalsongs.online/honsla-rakh-guitar-mp3-song-download</loc>
    </url>
    <url>
      <loc>https://www.pagalsongs.online/dardi-aa-mp3-song-download</loc>
    </url>
    <url>
      <loc>https://www.pagalsongs.online/lalkaare-mp3--song-download</loc>
    </url>
    <url>
      <loc>https://www.pagalsongs.online/gaal-kaddi-e-mp3-song-download</loc>
    </url>
    <url>
      <loc>https://www.pagalsongs.online/kingpin-mp3-song-download</loc>
    </url>
    <url>
      <loc>https://www.pagalsongs.online/mera-bhai-gulzaar-mp3-song-download</loc>
    </url>
    <url>
      <loc>https://www.pagalsongs.online/lucky-mp3-song-download</loc>
    </url>
    <url>
      <loc>https://www.pagalsongs.online/rahul-jain-tere-bina-mp3-song-download</loc>
    </url>
    <url>
      <loc>https://www.pagalsongs.online/bike-pe-tujhko-ghumaunga-mp3-song-download</loc>
    </url>
    <url>
      <loc>https://www.pagalsongs.online/dil-tod-ke-remix-mp3-song-download</loc>
    </url>
    <url>
      <loc>https://www.pagalsongs.online/spicy-freeverse-mp3-song-download</loc>
    </url>
    <url>
      <loc>https://www.pagalsongs.online/taara-tuttya-mp3--song-download</loc>
    </url>
    <url>
      <loc>https://www.pagalsongs.online/highlight-mp3-song-download</loc>
    </url>
    <url>
      <loc>https://www.pagalsongs.online/baare-baare-mp3-song-download</loc>
    </url>
    <url>
      <loc>https://www.pagalsongs.online/saans-lene-se-bhi-jyada-mp3-song-download</loc>
    </url>
    <url>
      <loc>https://www.pagalsongs.online/zindagi-chal-tera-shukriya-song-download</loc>
    </url>
    <url>
      <loc>https://www.pagalsongs.online/main-janta-hoon-mp3-song-download</loc>
    </url>
    <url>
      <loc>https://www.pagalsongs.online/o-saathi-mp3-song-download</loc>
    </url>
    <url>
      <loc>https://www.pagalsongs.online/mera-nai-hoya-mp3-song-download</loc>
    </url>
    <url>
      <loc>https://www.pagalsongs.online/bata-bata-bata-kya-hai-tu-mp3-song-download</loc>
    </url>
    <url>
      <loc>https://www.pagalsongs.online/tu-kabhi-son-pari-mp3-song-download</loc>
    </url>
    <url>
      <loc>https://www.pagalsongs.online/emraan-hashmi-broken-heart-mashup-2021-amtee-mp3-song-download</loc>
    </url>
    <url>
      <loc>https://www.pagalsongs.online/fulla-aali-car-mp3-song-download</loc>
    </url>
    <url>
      <loc>https://www.pagalsongs.online/stay-mp3-song-download-2024-0</loc>
    </url>
    <url>
      <loc>https://www.pagalsongs.online/kangna-mp3-song-download</loc>
    </url>
    <url>
      <loc>https://www.pagalsongs.online/lagann-laagii-mp3-song-download</loc>
    </url>
    <url>
      <loc>https://www.pagalsongs.online/without-weapon-mp3-song-download</loc>
    </url>
    <url>
      <loc>https://www.pagalsongs.online/haanne-mp3-song-download</loc>
    </url>
    <url>
      <loc>https://www.pagalsongs.online/suru-holo-pujo-prem-mp3-song-download</loc>
    </url>
    <url>
      <loc>https://www.pagalsongs.online/jeena-bhool-jaunga-mp3-song-download-1</loc>
    </url>
    <url>
      <loc>https://www.pagalsongs.online/the-bollywood-and-hollywood-romantic-mashup-11-2021-vdj-royal-dvj-sahil-mp3-songs-download</loc>
    </url>
    <url>
      <loc>https://www.pagalsongs.online/mast-maula-mp3-song-download</loc>
    </url>
    <url>
      <loc>https://www.pagalsongs.online/aashiqui-mp3-song-download</loc>
    </url>
    <url>
      <loc>https://www.pagalsongs.online/mera-pyaar-ek-tarfa-mp3-song-download</loc>
    </url>
    <url>
      <loc>https://www.pagalsongs.online/kaise-ho-aaj-kal-mujhe-chhod-kar-mp3-song-download</loc>
    </url>
    <url>
      <loc>https://www.pagalsongs.online/in-sanso-ki-chilman-me-mp3-song-download</loc>
    </url>
    <url>
      <loc>https://www.pagalsongs.online/ishq-ko-samjha-pyar-ko-jana-mp3-song-download</loc>
    </url>
    <url>
      <loc>https://www.pagalsongs.online/honsla-rakh-chanel-no-5-mp3-song-download</loc>
    </url>
    <url>
      <loc>https://www.pagalsongs.online/ziddi-mp3-song-download</loc>
    </url>
    <url>
      <loc>https://www.pagalsongs.online/habbit-mp3-song-download</loc>
    </url>
    <url>
      <loc>https://www.pagalsongs.online/kalli-sohni-mp3-song-download</loc>
    </url>
    <url>
      <loc>https://www.pagalsongs.online/dila-ve-mp3-song-download</loc>
    </url>
    <url>
      <loc>https://www.pagalsongs.online/le-gayi-le-gayi-recreate-cover-mp3-song-download</loc>
    </url>
    <url>
      <loc>https://www.pagalsongs.online/momma-mp3-song-download</loc>
    </url>
    <url>
      <loc>https://www.pagalsongs.online/miss-karda-mp3-song-download</loc>
    </url>
    <url>
      <loc>https://www.pagalsongs.online/jabb-se-tumko-dekhaa-mp3-song-download</loc>
    </url>
    <url>
      <loc>https://www.pagalsongs.online/majnu-mp3-song-download-+mellow-d</loc>
    </url>
    <url>
      <loc>https://www.pagalsongs.online/break-out-mp3-song-download</loc>
    </url>
    <url>
      <loc>https://www.pagalsongs.online/ishq-sufiyana-x-tere-bin-nai-lagda-mp3-song-download-2024</loc>
    </url>
    <url>
      <loc>https://www.pagalsongs.online/tere-naal-naal-mp3-song-download</loc>
    </url>
    <url>
      <loc>https://www.pagalsongs.online/era-mp3-songs-download-1-2024</loc>
    </url>
    <url>
      <loc>https://www.pagalsongs.online/sunroof-2-mp3-song-download</loc>
    </url>
    <url>
      <loc>https://www.pagalsongs.online/ruger-mp3-song-download-</loc>
    </url>
    <url>
      <loc>https://www.pagalsongs.online/aakad-mp3-song-download</loc>
    </url>
    <url>
      <loc>https://www.pagalsongs.online/melody-mp3--song-download</loc>
    </url>
    <url>
      <loc>https://www.pagalsongs.online/tohr-mp3-song-download</loc>
    </url>
    <url>
      <loc>https://www.pagalsongs.online/vaada-mp3-song-download</loc>
    </url>
    <url>
      <loc>https://www.pagalsongs.online/soul-of-love-mashup-2021-dj-bks-mp3-song-download-2024</loc>
    </url>
    <url>
      <loc>https://www.pagalsongs.online/badi-nazuk-mp3--song-download-1-</loc>
    </url>
    <url>
      <loc>https://www.pagalsongs.online/randhawa-mp3-song-download</loc>
    </url>
    <url>
      <loc>https://www.pagalsongs.online/feel-hai-mp3-song-download-2024</loc>
    </url>
    <url>
      <loc>https://www.pagalsongs.online/mil-mahiya-mp3-song-download-1</loc>
    </url>
    <url>
      <loc>https://www.pagalsongs.online/shiddat-title-track-cover-mp3-song-download</loc>
    </url>
    <url>
      <loc>https://www.pagalsongs.online/peene-lage-ho-mp3-song-download</loc>
    </url>
    <url>
      <loc>https://www.pagalsongs.online/ranjit-bawa-duniya-mp3-song-download</loc>
    </url>
    <url>
      <loc>https://www.pagalsongs.online/ishq-samundar-mp3-songs-download-2024</loc>
    </url>
    <url>
      <loc>https://www.pagalsongs.online/jaan-mp3-song-download</loc>
    </url>
    <url>
      <loc>https://www.pagalsongs.online/main-dhoondne-ko-zamaane-mein-chillout-mix-aftermorning-mp3-song-download</loc>
    </url>
    <url>
      <loc>https://www.pagalsongs.online/sawaal-mp3-song-download</loc>
    </url>
    <url>
      <loc>https://www.pagalsongs.online/shiddat-hum-dum-mp3-songs-download</loc>
    </url>
    <url>
      <loc>https://www.pagalsongs.online/angad-mahiya-mp3-song-download</loc>
    </url>
    <url>
      <loc>https://www.pagalsongs.online/pankha-bijli-mp3---songs-download-2024</loc>
    </url>
    <url>
      <loc>https://www.pagalsongs.online/aaj-bhi-lofi-remake-mp3-song-download</loc>
    </url>
    <url>
      <loc>https://www.pagalsongs.online/tittar-phangian-mp3-song-download</loc>
    </url>
    <url>
      <loc>https://www.pagalsongs.online/balam-mp3-song-download</loc>
    </url>
    <url>
      <loc>https://www.pagalsongs.online/sach-keh-raha-hai-deewana-lofi-mp3-song-download</loc>
    </url>
    <url>
      <loc>https://www.pagalsongs.online/hai-tu-kaun-mp3-song-download</loc>
    </url>
    <url>
      <loc>https://www.pagalsongs.online/punjabi-love-mashup-2021-dj-rahi-mp3-song-download</loc>
    </url>
    <url>
      <loc>https://www.pagalsongs.online/jigre-mp3-song-download</loc>
    </url>
    <url>
      <loc>https://www.pagalsongs.online/koi-ni-muqabla-mp3-song-download</loc>
    </url>
    <url>
      <loc>https://www.pagalsongs.online/gaani-mp3-song-download</loc>
    </url>
    <url>
      <loc>https://www.pagalsongs.online/gippy-grewal-birthday-mp3-song-download</loc>
    </url>
    <url>
      <loc>https://www.pagalsongs.online/oho-yaar-honi-aa-mp3-song-download</loc>
    </url>
    <url>
      <loc>https://www.pagalsongs.online/8vi-class-mp3-song-download</loc>
    </url>
    <url>
      <loc>https://www.pagalsongs.online/sardari-mp3-song-download</loc>
    </url>
    <url>
      <loc>https://www.pagalsongs.online/ilaaj-treatment-mp3-song-download</loc>
    </url>
    <url>
      <loc>https://www.pagalsongs.online/deewa-bali-rakhu-mp3-song-download</loc>
    </url>
    <url>
      <loc>https://www.pagalsongs.online/kam-poora-lout-hai-mp3-song-download</loc>
    </url>
    <url>
      <loc>https://www.pagalsongs.online/gippy-grewal-tor-mp3-song-download</loc>
    </url>
    <url>
      <loc>https://www.pagalsongs.online/strawberry-mp3-song-download</loc>
    </url>
    <url>
      <loc>https://www.pagalsongs.online/fark-mp3-song-download</loc>
    </url>
    <url>
      <loc>https://www.pagalsongs.online/shiv-panchakshar-stotram-x-hey-shiva-shiva-mp3-song-download</loc>
    </url>
    <url>
      <loc>https://www.pagalsongs.online/shershah-mashup-2021-mp3-song-download</loc>
    </url>
    <url>
      <loc>https://www.pagalsongs.online/darji-mp3-song-download</loc>
    </url>
    <url>
      <loc>https://www.pagalsongs.online/by-name-mp3-song-download</loc>
    </url>
    <url>
      <loc>https://www.pagalsongs.online/gippy-grewal-bandook-mp3-song-download</loc>
    </url>
    <url>
      <loc>https://www.pagalsongs.online/gippy-grewal-munda-grewala-da-mp3-song-download</loc>
    </url>
    <url>
      <loc>https://www.pagalsongs.online/neha-kakkar-dil-galti-kar-baitha-hai-mp3-song-download</loc>
    </url>
    <url>
      <loc>https://www.pagalsongs.online/ajnabi-mp3-song-download</loc>
    </url>
    <url>
      <loc>https://www.pagalsongs.online/bolo-maa-dugga-maa-mp3-song-download</loc>
    </url>
    <url>
      <loc>https://www.pagalsongs.online/main-dhoondne-ko-x-beetey-lamhe-mp3-song-download-2024</loc>
    </url>
    <url>
      <loc>https://www.pagalsongs.online/tere-naal-rehniya-mp3-song-download</loc>
    </url>
    <url>
      <loc>https://www.pagalsongs.online/gur-sidhu-goli-mp3-song-download</loc>
    </url>
    <url>
      <loc>https://www.pagalsongs.online/bol-kaffara-kya-hoga-mp3-song-download</loc>
    </url>
    <url>
      <loc>https://www.pagalsongs.online/tune-jo-na-kaha-mp3-song-download</loc>
    </url>
    <url>
      <loc>https://www.pagalsongs.online/banda-banke-mp3--song-download</loc>
    </url>
    <url>
      <loc>https://www.pagalsongs.online/heartfelt-mashup-2021-amtee-mp3-song-download</loc>
    </url>
    <url>
      <loc>https://www.pagalsongs.online/tu-kya-jaane-recreated-mp3-song-download</loc>
    </url>
    <url>
      <loc>https://www.pagalsongs.online/ishq-tumhara-mp3-song-download-1</loc>
    </url>
    <url>
      <loc>https://www.pagalsongs.online/churi-mp3-song-download</loc>
    </url>
    <url>
      <loc>https://www.pagalsongs.online/paradise-mp3-song-download-2024</loc>
    </url>
    <url>
      <loc>https://www.pagalsongs.online/kinna-sona-mp3-song-download-1</loc>
    </url>
    <url>
      <loc>https://www.pagalsongs.online/zindagi-ae-meri-mp3-song-download</loc>
    </url>
    <url>
      <loc>https://www.pagalsongs.online/tor-bhul-bhangabo-ki-kore-bol-mp3-song-download</loc>
    </url>
    <url>
      <loc>https://www.pagalsongs.online/panga-mp3-song-download</loc>
    </url>
    <url>
      <loc>https://www.pagalsongs.online/heavy-ghaghra-mp3-song-download-0</loc>
    </url>
    <url>
      <loc>https://www.pagalsongs.online/ankhya-ka-kajal-mp3--songs-download-2024</loc>
    </url>
    <url>
      <loc>https://www.pagalsongs.online/4-am-mp3-song-download</loc>
    </url>
    <url>
      <loc>https://www.pagalsongs.online/baani-bada-confuse-mp3-song-download</loc>
    </url>
    <url>
      <loc>https://www.pagalsongs.online/mann-bharryaa-2-cover-mp3-song-download</loc>
    </url>
    <url>
      <loc>https://www.pagalsongs.online/feel-the-punjabi-mashup-2021-mp3-song-download</loc>
    </url>
    <url>
      <loc>https://www.pagalsongs.online/armaan-malik-barsaat-mp3-song-download</loc>
    </url>
    <url>
      <loc>https://www.pagalsongs.online/main-bhi-barbaad-mp3-song-download-1</loc>
    </url>
    <url>
      <loc>https://www.pagalsongs.online/bewafayi-mp3-song-download</loc>
    </url>
    <url>
      <loc>https://www.pagalsongs.online/raunaq-shree-brar-goli-mp3-song-download</loc>
    </url>
    <url>
      <loc>https://www.pagalsongs.online/bas-terre-ho-gaye-mp3-song-download</loc>
    </url>
    <url>
      <loc>https://www.pagalsongs.online/moosa-jatt-thapian-mp3---songs-download</loc>
    </url>
    <url>
      <loc>https://www.pagalsongs.online/karan-aujla-here-there-mp3--song-download</loc>
    </url>
    <url>
      <loc>https://www.pagalsongs.online/lat-teri-lag-jayegi-mp3-song-download</loc>
    </url>
    <url>
      <loc>https://www.pagalsongs.online/mere-yaara-ve-qismat-2-mp3-song-download-1</loc>
    </url>
    <url>
      <loc>https://www.pagalsongs.online/shiddat-reprise-mp3-song-download</loc>
    </url>
    <url>
      <loc>https://www.pagalsongs.online/jug-jug-jeeve-mp3-song-download</loc>
    </url>
    <url>
      <loc>https://www.pagalsongs.online/chitta-mp3--song-download</loc>
    </url>
    <url>
      <loc>https://www.pagalsongs.online/hum-dum-mp3-song-download</loc>
    </url>
    <url>
      <loc>https://www.pagalsongs.online/barbaadiyan-mp3-song-download</loc>
    </url>
    <url>
      <loc>https://www.pagalsongs.online/manike-mage-hithe-x-noya-daman-cover-mp3-song-download</loc>
    </url>
    <url>
      <loc>https://www.pagalsongs.online/saibo-x-jashne-bahara-x-iktara-lofi-flip-mp3-song-download-2024</loc>
    </url>
    <url>
      <loc>https://www.pagalsongs.online/love-wala-dose-mp3-song-download</loc>
    </url>
    <url>
      <loc>https://www.pagalsongs.online/9-dandi-ka-bijna-mp3-song-download</loc>
    </url>
    <url>
      <loc>https://www.pagalsongs.online/closure-mp3-song-download</loc>
    </url>
    <url>
      <loc>https://www.pagalsongs.online/am-just-thinking-mp3-song-download</loc>
    </url>
    <url>
      <loc>https://www.pagalsongs.online/love-to-you-mp3-song-download-1</loc>
    </url>
    <url>
      <loc>https://www.pagalsongs.online/mehendi-mp3-song-download-2021</loc>
    </url>
    <url>
      <loc>https://www.pagalsongs.online/sun-zara-mp3--song-download</loc>
    </url>
    <url>
      <loc>https://www.pagalsongs.online/tera-hona-aaya-mp3-song-download</loc>
    </url>
    <url>
      <loc>https://www.pagalsongs.online/badshah-bad-boy-x-bad-girl-song---download-1-2024-pagalworld</loc>
    </url>
    <url>
      <loc>https://www.pagalsongs.online/running-out-of-roses-mp3-song-download-2024-0</loc>
    </url>
    <url>
      <loc>https://www.pagalsongs.online/tujh-mein-sukoon-mp3-song-download</loc>
    </url>
    <url>
      <loc>https://www.pagalsongs.online/qubool-mp3-song-download</loc>
    </url>
    <url>
      <loc>https://www.pagalsongs.online/shehzad-sheesha-mp3-song-download</loc>
    </url>
    <url>
      <loc>https://www.pagalsongs.online/shiddat-akhiyan-udeek-diyan-mp3-song-download</loc>
    </url>
    <url>
      <loc>https://www.pagalsongs.online/agarr-tumm-naa-hote-mp3-song-download</loc>
    </url>
    <url>
      <loc>https://www.pagalsongs.online/sajna-ve-sajna-mp3-song-download</loc>
    </url>
    <url>
      <loc>https://www.pagalsongs.online/mahalan-aali-bholenath-mp3-song-download</loc>
    </url>
    <url>
      <loc>https://www.pagalsongs.online/paltan-mp3-song-download</loc>
    </url>
    <url>
      <loc>https://www.pagalsongs.online/jai-baba-ki-mp3-song-download</loc>
    </url>
    <url>
      <loc>https://www.pagalsongs.online/mere-warga-kaka-song-download</loc>
    </url>
    <url>
      <loc>https://www.pagalsongs.online/shaunki-putt-mp3-song-download</loc>
    </url>
    <url>
      <loc>https://www.pagalsongs.online/hawa-warga-mp3-song-download</loc>
    </url>
    <url>
      <loc>https://www.pagalsongs.online/breakup-mashup-2021-dj-shadow-dubai-mp3-song-download</loc>
    </url>
    <url>
      <loc>https://www.pagalsongs.online/touchwood-mp3-song-download</loc>
    </url>
    <url>
      <loc>https://www.pagalsongs.online/mann-ja-ve-yaara-meriya-mp3-song-download</loc>
    </url>
    <url>
      <loc>https://www.pagalsongs.online/kis-morh-te-song-download-1-b-praak</loc>
    </url>
    <url>
      <loc>https://www.pagalsongs.online/gulaam-mp3---songs-download-2024-0</loc>
    </url>
    <url>
      <loc>https://www.pagalsongs.online/to-the-stars-mp3-song-download</loc>
    </url>
    <url>
      <loc>https://www.pagalsongs.online/ranjha-cover-mp3-song-download</loc>
    </url>
    <url>
      <loc>https://www.pagalsongs.online/apna-banauna-mp3-song-download</loc>
    </url>
    <url>
      <loc>https://www.pagalsongs.online/stebin-ben-qurbaan-mp3-song-download-1</loc>
    </url>
    <url>
      <loc>https://www.pagalsongs.online/ketna-rate-pe-fullena-nautanki-mp3-song-download</loc>
    </url>
    <url>
      <loc>https://www.pagalsongs.online/biana-mp3-song-download</loc>
    </url>
    <url>
      <loc>https://www.pagalsongs.online/gehne-naal-taur-mp3--song-download</loc>
    </url>
    <url>
      <loc>https://www.pagalsongs.online/cali-di-babe-mp3-song-download</loc>
    </url>
    <url>
      <loc>https://www.pagalsongs.online/pyar-hua-chupke-se-0-download-1-2024</loc>
    </url>
    <url>
      <loc>https://www.pagalsongs.online/is-tarah-na-dekho-yaara-mp3-song-download</loc>
    </url>
    <url>
      <loc>https://www.pagalsongs.online/raat-di-gedi-mp3-song-download</loc>
    </url>
    <url>
      <loc>https://www.pagalsongs.online/ask-about-me-mp3-song-download</loc>
    </url>
    <url>
      <loc>https://www.pagalsongs.online/80-degrees-mp3-song-download</loc>
    </url>
    <url>
      <loc>https://www.pagalsongs.online/feel-the-flava-itz-all-good-mp3-song-download</loc>
    </url>
    <url>
      <loc>https://www.pagalsongs.online/sharab-mp3-song-download</loc>
    </url>
    <url>
      <loc>https://www.pagalsongs.online/addi-sunni-mp3-song-download</loc>
    </url>
    <url>
      <loc>https://www.pagalsongs.online/ford-loud-af-mp3--songs-download</loc>
    </url>
    <url>
      <loc>https://www.pagalsongs.online/itz-a-hustle-mp3-song-download</loc>
    </url>
    <url>
      <loc>https://www.pagalsongs.online/boli-guns-up-mp3-song-download</loc>
    </url>
    <url>
      <loc>https://www.pagalsongs.online/it-aint-legal-mp3-song-download</loc>
    </url>
    <url>
      <loc>https://www.pagalsongs.online/here-there-mp3--song-download</loc>
    </url>
    <url>
      <loc>https://www.pagalsongs.online/sade-pind-de-mp3-song-download</loc>
    </url>
    <url>
      <loc>https://www.pagalsongs.online/pyaar-ho-jayega-mp3-song-download-1</loc>
    </url>
    <url>
      <loc>https://www.pagalsongs.online/shiddat-title-track-mp3-song-download</loc>
    </url>
    <url>
      <loc>https://www.pagalsongs.online/mainu-lagda-mp3-song-download-1</loc>
    </url>
    <url>
      <loc>https://www.pagalsongs.online/chaupai-sahib-mp3-song-download</loc>
    </url>
    <url>
      <loc>https://www.pagalsongs.online/mahal-mp3-song-download</loc>
    </url>
    <url>
      <loc>https://www.pagalsongs.online/trolley-mp3-song-download</loc>
    </url>
    <url>
      <loc>https://www.pagalsongs.online/ladki-badi-anjani-hai-remix-dj-aayush-mp3-song-download</loc>
    </url>
    <url>
      <loc>https://www.pagalsongs.online/sniff-mp3-song-download</loc>
    </url>
    <url>
      <loc>https://www.pagalsongs.online/jugnoo-mp3-song-download-1</loc>
    </url>
    <url>
      <loc>https://www.pagalsongs.online/sukhe-focus-mp3-song-download-1</loc>
    </url>
    <url>
      <loc>https://www.pagalsongs.online/o-saiyyonii-mp3-song-download</loc>
    </url>
    <url>
      <loc>https://www.pagalsongs.online/mere-pachhe-pachhe-mp3-song-download</loc>
    </url>
    <url>
      <loc>https://www.pagalsongs.online/rim-jhim-yeh-sawan-jubin-nautiyal</loc>
    </url>
    <url>
      <loc>https://www.pagalsongs.online/dhokha-mp3--song-download</loc>
    </url>
    <url>
      <loc>https://www.pagalsongs.online/rimjhim-gire-saawan-mp3-song-download-1</loc>
    </url>
    <url>
      <loc>https://www.pagalsongs.online/bhaag-thande-mp3-song-download</loc>
    </url>
    <url>
      <loc>https://www.pagalsongs.online/akh-lal-mp3-song-download</loc>
    </url>
    <url>
      <loc>https://www.pagalsongs.online/rim-jhim-song-download-jubin-nautiyal-1</loc>
    </url>
    <url>
      <loc>https://www.pagalsongs.online/teri-meri-jodi-mp3-song-download</loc>
    </url>
    <url>
      <loc>https://www.pagalsongs.online/radha-krishna-serial-mp3-song-download</loc>
    </url>
    <url>
      <loc>https://www.pagalsongs.online/raat-gayi-so-baat-gayi-mp3-song-download-1</loc>
    </url>
    <url>
      <loc>https://www.pagalsongs.online/durge-durge-durgatinashini-mp3-song-download</loc>
    </url>
    <url>
      <loc>https://www.pagalsongs.online/bajlo-tomar-alor-benu-mp3-song-download</loc>
    </url>
    <url>
      <loc>https://www.pagalsongs.online/dekhne-waalon-ne-cover-mp3-song-download</loc>
    </url>
    <url>
      <loc>https://www.pagalsongs.online/lal-pari-mp3-song-download</loc>
    </url>
    <url>
      <loc>https://www.pagalsongs.online/hor-dus-mp3-song-download</loc>
    </url>
    <url>
      <loc>https://www.pagalsongs.online/hasi-ban-gaye-2-mp3-song-download</loc>
    </url>
    <url>
      <loc>https://www.pagalsongs.online/2-saal-mp3-song-download</loc>
    </url>
    <url>
      <loc>https://www.pagalsongs.online/lor-mp3-song-download</loc>
    </url>
    <url>
      <loc>https://www.pagalsongs.online/sukoon-mp3---song-download</loc>
    </url>
    <url>
      <loc>https://www.pagalsongs.online/shree-ganesha-deva-mp3-song-download</loc>
    </url>
    <url>
      <loc>https://www.pagalsongs.online/ova-mp3-song-download</loc>
    </url>
    <url>
      <loc>https://www.pagalsongs.online/breakup-pain-mashup-2021-dj-sevix-x-dip-sr-mp3-song-download</loc>
    </url>
    <url>
      <loc>https://www.pagalsongs.online/diljit-dosanjh-vibe-mp3-song-download</loc>
    </url>
    <url>
      <loc>https://www.pagalsongs.online/teri-rooh-mp3-song-download</loc>
    </url>
    <url>
      <loc>https://www.pagalsongs.online/pink-pink-mp3-song-download</loc>
    </url>
    <url>
      <loc>https://www.pagalsongs.online/hor-koi-na-mp3-song-download</loc>
    </url>
    <url>
      <loc>https://www.pagalsongs.online/ganpati-mahamantra-jaap-108-times-mp3-song-download</loc>
    </url>
    <url>
      <loc>https://www.pagalsongs.online/dil-todne-se-pehle-mp3-song-download</loc>
    </url>
    <url>
      <loc>https://www.pagalsongs.online/2-seater-mp3-song-download</loc>
    </url>
    <url>
      <loc>https://www.pagalsongs.online/shri-ganesha-morya-mp3-song-download</loc>
    </url>
    <url>
      <loc>https://www.pagalsongs.online/dil-pe-phod-du-mp3-song-download-1</loc>
    </url>
    <url>
      <loc>https://www.pagalsongs.online/aur-is-dil-mein-mp3-song-download-1</loc>
    </url>
    <url>
      <loc>https://www.pagalsongs.online/wallpaper-maiyya-ka-mp3-song-download-1</loc>
    </url>
    <url>
      <loc>https://www.pagalsongs.online/besharam-aashiq-mp3-song-download-1</loc>
    </url>
    <url>
      <loc>https://www.pagalsongs.online/dil-kisi-se-mp3-song-download-1</loc>
    </url>
    <url>
      <loc>https://www.pagalsongs.online/mamta-singh-kahani-mp3-song-download</loc>
    </url>
    <url>
      <loc>https://www.pagalsongs.online/click-that-b-kickin-it-mp3-song-download-2021-karan</loc>
    </url>
    <url>
      <loc>https://www.pagalsongs.online/gajanan-mp3-song-download</loc>
    </url>
    <url>
      <loc>https://www.pagalsongs.online/hor-dus-parmish-verma-mp3-song-download</loc>
    </url>
    <url>
      <loc>https://www.pagalsongs.online/butterfly-mp3--song-download</loc>
    </url>
    <url>
      <loc>https://www.pagalsongs.online/bekhayali-mp3-song-download-0</loc>
    </url>
    <url>
      <loc>https://www.pagalsongs.online/aigiri-nandini-mp3--song-download</loc>
    </url>
    <url>
      <loc>https://www.pagalsongs.online/sultan-mp3--song-download</loc>
    </url>
    <url>
      <loc>https://www.pagalsongs.online/mundeer-mp3-song-download</loc>
    </url>
    <url>
      <loc>https://www.pagalsongs.online/kuch-paas-mere-mp3-song-download-1</loc>
    </url>
    <url>
      <loc>https://www.pagalsongs.online/viah-jatt-da-mp3-song-download</loc>
    </url>
    <url>
      <loc>https://www.pagalsongs.online/meri-maa-mp3-song-download</loc>
    </url>
    <url>
      <loc>https://www.pagalsongs.online/zb-meri-maa-mp3-song-download</loc>
    </url>
    <url>
      <loc>https://www.pagalsongs.online/kanta-laga-mp3-song-download</loc>
    </url>
    <url>
      <loc>https://www.pagalsongs.online/gundeyan-di-gaddi-mp3-song-download-r-nait</loc>
    </url>
    <url>
      <loc>https://www.pagalsongs.online/maine-royaan-song-download-pagalworld</loc>
    </url>
    <url>
      <loc>https://www.pagalsongs.online/khush-haan-badi-mp3-song-download</loc>
    </url>
    <url>
      <loc>https://www.pagalsongs.online/yeh-haalath-mp3-song-download-1</loc>
    </url>
    <url>
      <loc>https://www.pagalsongs.online/leke-pehla-pehla-pyar-mp3-song-download-1</loc>
    </url>
    <url>
      <loc>https://www.pagalsongs.online/ikk-duje-de-mp3-song-download-</loc>
    </url>
    <url>
      <loc>https://www.pagalsongs.online/patwaran-mp3-song-download</loc>
    </url>
    <url>
      <loc>https://www.pagalsongs.online/built-in-pain-mp3-song-download</loc>
    </url>
    <url>
      <loc>https://www.pagalsongs.online/losing-game-bollywood-sad-mashup-2021-dj-harsh-sharma-mp3-song-download</loc>
    </url>
    <url>
      <loc>https://www.pagalsongs.online/tere-mere-darmiyan-mp3-song-download</loc>
    </url>
    <url>
      <loc>https://www.pagalsongs.online/raazi-mp3-song-download-00</loc>
    </url>
    <url>
      <loc>https://www.pagalsongs.online/love-talks-mp3-song-download</loc>
    </url>
    <url>
      <loc>https://www.pagalsongs.online/jaidev-jaidev-aarti-mp3-song-download</loc>
    </url>
    <url>
      <loc>https://www.pagalsongs.online/shershaah-mashup-2021-dj-avi-x-dip-sr-song-download-2024</loc>
    </url>
    <url>
      <loc>https://www.pagalsongs.online/tere-luck-da-hulara-rara-riri-rara-mp3-song-download</loc>
    </url>
    <url>
      <loc>https://www.pagalsongs.online/kale-baal-ko-gold-karake-bijaliya-girati-hai-mp3-song-download</loc>
    </url>
    <url>
      <loc>https://www.pagalsongs.online/rara-riri-rara-reloaded-mp3-song-download</loc>
    </url>
    <url>
      <loc>https://www.pagalsongs.online/current-mp3-song-download-1</loc>
    </url>
    <url>
      <loc>https://www.pagalsongs.online/peg-maar-ke-mp3-song-download</loc>
    </url>
    <url>
      <loc>https://www.pagalsongs.online/down-to-earth-mp3-song-download</loc>
    </url>
    <url>
      <loc>https://www.pagalsongs.online/o-sajnaa-mp3-song-download</loc>
    </url>
    <url>
      <loc>https://www.pagalsongs.online/gallaan-teriyaan-mp3-song-download</loc>
    </url>
    <url>
      <loc>https://www.pagalsongs.online/poran-bondhure-mp3-song-download</loc>
    </url>
    <url>
      <loc>https://www.pagalsongs.online/vaat-laga-dungi-mp3-song-download</loc>
    </url>
    <url>
      <loc>https://www.pagalsongs.online/suitan-da-swag-mp3-song-download</loc>
    </url>
    <url>
      <loc>https://www.pagalsongs.online/different-mp3-song-download</loc>
    </url>
    <url>
      <loc>https://www.pagalsongs.online/jatt-bukda-fire-mp3-song-download</loc>
    </url>
    <url>
      <loc>https://www.pagalsongs.online/thalaivii-nain-bandhe-naino-se-mp3-song-download</loc>
    </url>
    <url>
      <loc>https://www.pagalsongs.online/my-dil-goes-mmmm-ladki-kyon-na-jaane-kyun-mp3-song-download</loc>
    </url>
    <url>
      <loc>https://www.pagalsongs.online/raah-mp3-song-download</loc>
    </url>
    <url>
      <loc>https://www.pagalsongs.online/bhoot-police-mujhe-pyaar-pyaar-hai-mp3-song-download-1</loc>
    </url>
    <url>
      <loc>https://www.pagalsongs.online/gabru-mashup-dj-basque-2021-mp3-song-download</loc>
    </url>
    <url>
      <loc>https://www.pagalsongs.online/doremon-mp3---songs-download-2024</loc>
    </url>
    <url>
      <loc>https://www.pagalsongs.online/mood-happy-mp3-song-download</loc>
    </url>
    <url>
      <loc>https://www.pagalsongs.online/meye-der-ke-val-lage-na-dj-sujit-babu-nadia-mp3-song-download</loc>
    </url>
    <url>
      <loc>https://www.pagalsongs.online/dil-mein-chhupa-loonga-mp3-song-download</loc>
    </url>
    <url>
      <loc>https://www.pagalsongs.online/dada-chalte-to-mass-mp3-song-download</loc>
    </url>
    <url>
      <loc>https://www.pagalsongs.online/le-ja-mujhe-sath-tere-mp3-song-download</loc>
    </url>
    <url>
      <loc>https://www.pagalsongs.online/gallan-teri-mp3-song-download</loc>
    </url>
    <url>
      <loc>https://www.pagalsongs.online/kya-yehi-pyar-hai-remix-mp3---0s-download-2024-0</loc>
    </url>
    <url>
      <loc>https://www.pagalsongs.online/chikni-chikni-patli-kamar-aise-na-hila-reels-trending-mix-mp3-song-download</loc>
    </url>
    <url>
      <loc>https://www.pagalsongs.online/janam-mp3-song-download-ammy-virk</loc>
    </url>
    <url>
      <loc>https://www.pagalsongs.online/qismat-2-mp3-song-download</loc>
    </url>
    <url>
      <loc>https://www.pagalsongs.online/oh-hubby-ji-mp3-song-download</loc>
    </url>
    <url>
      <loc>https://www.pagalsongs.online/manike-mage-hithe-vs-sairat-remix-dj-lemon-mp3-song-download</loc>
    </url>
    <url>
      <loc>https://www.pagalsongs.online/jine-de-mp3-song-download</loc>
    </url>
    <url>
      <loc>https://www.pagalsongs.online/ekjone-chobi-ake-mp3-song-download</loc>
    </url>
    <url>
      <loc>https://www.pagalsongs.online/o-rab-bhi-khel-hai-khele-song-download-2024</loc>
    </url>
    <url>
      <loc>https://www.pagalsongs.online/mere-mehboob-qayamat-hogi-mp3-song-download</loc>
    </url>
    <url>
      <loc>https://www.pagalsongs.online/ja-bewafa-ja-hame-pyar-nahi-karna-mp3-song-download</loc>
    </url>
    <url>
      <loc>https://www.pagalsongs.online/life-time-mp3-song-download-2024</loc>
    </url>
    <url>
      <loc>https://www.pagalsongs.online/ibadat-ban-gaye-ho-mp3-song-download</loc>
    </url>
    <url>
      <loc>https://www.pagalsongs.online/pegg-mp3-song-download</loc>
    </url>
    <url>
      <loc>https://www.pagalsongs.online/jinni-sohni-mp3-song-download</loc>
    </url>
    <url>
      <loc>https://www.pagalsongs.online/barbad-cover-mp3-song-download</loc>
    </url>
    <url>
      <loc>https://www.pagalsongs.online/o-meri-man-hari-mp3-song-download</loc>
    </url>
    <url>
      <loc>https://www.pagalsongs.online/enemy-mp3-song-download</loc>
    </url>
    <url>
      <loc>https://www.pagalsongs.online/girlfriend-boyfriend-mp3--song-download</loc>
    </url>
    <url>
      <loc>https://www.pagalsongs.online/take-chara-kichu-chaibo-na-mp3-song-download</loc>
    </url>
    <url>
      <loc>https://www.pagalsongs.online/swarga-da-jhoota-mp3-song-download</loc>
    </url>
    <url>
      <loc>https://www.pagalsongs.online/yaariyan-di-kasam-mp3-song-download</loc>
    </url>
    <url>
      <loc>https://www.pagalsongs.online/pagli-re-amar-moto-keu-ki-ache-tor-mp3-song-download</loc>
    </url>
    <url>
      <loc>https://www.pagalsongs.online/jubin-nautiyal-dil-ka-dariya-mp3-song-download</loc>
    </url>
    <url>
      <loc>https://www.pagalsongs.online/dil-ka-dariya-mp3-song-download-0</loc>
    </url>
    <url>
      <loc>https://www.pagalsongs.online/angrej-ali-afsana-khan-supna-mp3-song-download</loc>
    </url>
    <url>
      <loc>https://www.pagalsongs.online/ishq-mein-hum-tumhe-kya-bataye-mp3-song-download</loc>
    </url>
    <url>
      <loc>https://www.pagalsongs.online/wo-door-jaake-kahin-pe-aabaad-ho-gaye-mp3-song-download</loc>
    </url>
    <url>
      <loc>https://www.pagalsongs.online/do-ghoont-mp3-song-download-1</loc>
    </url>
    <url>
      <loc>https://www.pagalsongs.online/shershaah-vs-kabir-singh-mashup-vdj-royal-mp3-song-download-2024</loc>
    </url>
    <url>
      <loc>https://www.pagalsongs.online/ishq-mein-mp3-song-download</loc>
    </url>
    <url>
      <loc>https://www.pagalsongs.online/meri-kahaani-mp3--song-download</loc>
    </url>
    <url>
      <loc>https://www.pagalsongs.online/insta-mp3-song-download</loc>
    </url>
    <url>
      <loc>https://www.pagalsongs.online/jailaan-mp3--songs-download--2024</loc>
    </url>
    <url>
      <loc>https://www.pagalsongs.online/sachet-parampara-ishq-mein-mp3-song-download</loc>
    </url>
    <url>
      <loc>https://www.pagalsongs.online/btfu-intro-mp3-song-download</loc>
    </url>
    <url>
      <loc>https://www.pagalsongs.online/aao-milo-kya-mujhe-pyar-hai-mp3-song-download</loc>
    </url>
    <url>
      <loc>https://www.pagalsongs.online/mere-saiyaan-ji-mp3-song-download</loc>
    </url>
    <url>
      <loc>https://www.pagalsongs.online/band-darwaze-ballad-mp3---songs-download-2024</loc>
    </url>
    <url>
      <loc>https://www.pagalsongs.online/na-maar-mp3-song-download</loc>
    </url>
    <url>
      <loc>https://www.pagalsongs.online/amrinder-gill-necklace-mp3---songs-download-2024</loc>
    </url>
    <url>
      <loc>https://www.pagalsongs.online/wanga-mp3-song-download</loc>
    </url>
    <url>
      <loc>https://www.pagalsongs.online/zehar-e-ishq-mp3-song-download</loc>
    </url>
    <url>
      <loc>https://www.pagalsongs.online/peshi-mp3-song-download</loc>
    </url>
    <url>
      <loc>https://www.pagalsongs.online/kal-jo-main-tujhse-mila-na-hota-mp3-song-download</loc>
    </url>
    <url>
      <loc>https://www.pagalsongs.online/gussa-mp3--songs-download-2024</loc>
    </url>
    <url>
      <loc>https://www.pagalsongs.online/muqabla-mp3--song-download-2024</loc>
    </url>
    <url>
      <loc>https://www.pagalsongs.online/zid-kaisi-mp3--song-download-2024</loc>
    </url>
    <url>
      <loc>https://www.pagalsongs.online/pagg-ft-nseeb-mp3---songs-download-2024</loc>
    </url>
    <url>
      <loc>https://www.pagalsongs.online/band-darwaze-mp3---songs-download-2024</loc>
    </url>
    <url>
      <loc>https://www.pagalsongs.online/mohtarma-mp3--download</loc>
    </url>
    <url>
      <loc>https://www.pagalsongs.online/bahut-aayi-gayi-yaadein-mp3-song-download</loc>
    </url>
    <url>
      <loc>https://www.pagalsongs.online/tumhari-tasveer-ke-sahare-mp3-song-download</loc>
    </url>
    <url>
      <loc>https://www.pagalsongs.online/chain-sone-ki-song-download</loc>
    </url>
    <url>
      <loc>https://www.pagalsongs.online/bad-munda-remix-dj-shadow-dubai-mp3-song-download</loc>
    </url>
    <url>
      <loc>https://www.pagalsongs.online/kothi-mp3-song-download</loc>
    </url>
    <url>
      <loc>https://www.pagalsongs.online/manraj-ilzaam-mp3-song-download</loc>
    </url>
    <url>
      <loc>https://www.pagalsongs.online/changa-mp3-song-download-1</loc>
    </url>
    <url>
      <loc>https://www.pagalsongs.online/chale-aatein-hai-mp3-song-download-1</loc>
    </url>
    <url>
      <loc>https://www.pagalsongs.online/beat-do-mp3-song-download</loc>
    </url>
    <url>
      <loc>https://www.pagalsongs.online/mashup-heist-dj-harshal-sunix-thakor-mp3-song-download</loc>
    </url>
    <url>
      <loc>https://www.pagalsongs.online/3-aarhi-mp3-songs-download</loc>
    </url>
    <url>
      <loc>https://www.pagalsongs.online/masroof-hai-dil-kitna-mp3-songs-download-2024</loc>
    </url>
    <url>
      <loc>https://www.pagalsongs.online/kisi-shayar-ka-dil-banke-mp3-song-download</loc>
    </url>
    <url>
      <loc>https://www.pagalsongs.online/tu-dekhe-na-dekhe-hamen-gam-nahin-mp3-song-download</loc>
    </url>
    <url>
      <loc>https://www.pagalsongs.online/teri-meri-gallan-hogi-mashhur-mp3-song-download</loc>
    </url>
    <url>
      <loc>https://www.pagalsongs.online/dupatta-katal-kare-mp3-song-download</loc>
    </url>
    <url>
      <loc>https://www.pagalsongs.online/tomar-ghore-bosot-kore-koyjona-mp3-song-download</loc>
    </url>
    <url>
      <loc>https://www.pagalsongs.online/5-star-mp3-song-download</loc>
    </url>
    <url>
      <loc>https://www.pagalsongs.online/achyutam-keshavam-mp3-song-download</loc>
    </url>
    <url>
      <loc>https://www.pagalsongs.online/jis-din-da-shad-gayi-mp3-song-download</loc>
    </url>
    <url>
      <loc>https://www.pagalsongs.online/manike-mage-hithe-tomar-ghore-hrid-majhare-mp3-song-download</loc>
    </url>
    <url>
      <loc>https://www.pagalsongs.online/jaungi-pani-len-mp3-song-download</loc>
    </url>
    <url>
      <loc>https://www.pagalsongs.online/bheeg-jaunga-mp3-song-download</loc>
    </url>
    <url>
      <loc>https://www.pagalsongs.online/dont-you-hold-me-down-mp3-songs-download</loc>
    </url>
    <url>
      <loc>https://www.pagalsongs.online/pyarr-tumse-mp3-song-download</loc>
    </url>
    <url>
      <loc>https://www.pagalsongs.online/dard-tere-mp3-song-download-1</loc>
    </url>
    <url>
      <loc>https://www.pagalsongs.online/ghum-ghaghra-mp3-song-download</loc>
    </url>
    <url>
      <loc>https://www.pagalsongs.online/ravneet-jhanjar-mp3-song-download</loc>
    </url>
    <url>
      <loc>https://www.pagalsongs.online/des-malwa-mp3-song-download</loc>
    </url>
    <url>
      <loc>https://www.pagalsongs.online/bhai-bhai-remix-dj-vicky-nyc-mp3-song-download</loc>
    </url>
    <url>
      <loc>https://www.pagalsongs.online/siraa-hoya-peya-mp3-song-download</loc>
    </url>
    <url>
      <loc>https://www.pagalsongs.online/param-sundari-remix-dj-ash-x-chas-in-the-mix-mp3-song-download</loc>
    </url>
    <url>
      <loc>https://www.pagalsongs.online/russeya-karun-mp3-song-download</loc>
    </url>
    <url>
      <loc>https://www.pagalsongs.online/aayi-aayi-bhoot-police-mp3-song-download-1</loc>
    </url>
    <url>
      <loc>https://www.pagalsongs.online/jugraj-sandhu-surma-mp3-song-download</loc>
    </url>
    <url>
      <loc>https://www.pagalsongs.online/dil-de-naal-mp3-song-download</loc>
    </url>
    <url>
      <loc>https://www.pagalsongs.online/sushant-jyotica-tangri-zindagi-mp3-song-download-1</loc>
    </url>
    <url>
      <loc>https://www.pagalsongs.online/kabza-mp3-song-download</loc>
    </url>
    <url>
      <loc>https://www.pagalsongs.online/soh-kha-ke-mp3-song-download</loc>
    </url>
    <url>
      <loc>https://www.pagalsongs.online/hare-krishna-hare-rama-mp3-song-download-0</loc>
    </url>
    <url>
      <loc>https://www.pagalsongs.online/radha-reply-version-mp3-song-download</loc>
    </url>
    <url>
      <loc>https://www.pagalsongs.online/kinaare-mp3-song-download</loc>
    </url>
    <url>
      <loc>https://www.pagalsongs.online/radha-rani-mp3-song-download</loc>
    </url>
    <url>
      <loc>https://www.pagalsongs.online/bellbottom-khairmangde-mp3-song-download-1</loc>
    </url>
    <url>
      <loc>https://www.pagalsongs.online/khairmangde-female-version-bellbottom-mp3-song-download-1</loc>
    </url>
    <url>
      <loc>https://www.pagalsongs.online/sheersha-songs-mashup-vdj-royal-mp3-song-download</loc>
    </url>
    <url>
      <loc>https://www.pagalsongs.online/o-sanam-x-maine-payal-hai-chhankai-mp3-song-download</loc>
    </url>
    <url>
      <loc>https://www.pagalsongs.online/kidda-fer-hatero-mp3-song-download</loc>
    </url>
    <url>
      <loc>https://www.pagalsongs.online/humnavva-humsafar-mp3-song-download-2024-0</loc>
    </url>
    <url>
      <loc>https://www.pagalsongs.online/beetein-lamhe-madno-mp3-song-download</loc>
    </url>
    <url>
      <loc>https://www.pagalsongs.online/pistol-mp3-song-download</loc>
    </url>
    <url>
      <loc>https://www.pagalsongs.online/mai-tera-tu-meri-mp3-song-download</loc>
    </url>
    <url>
      <loc>https://www.pagalsongs.online/jatt-ni-tinka-mp3-song-download</loc>
    </url>
    <url>
      <loc>https://www.pagalsongs.online/forever-mashup-2021-dip-sr-x-acoustic-dipankar-mp3-song-download</loc>
    </url>
    <url>
      <loc>https://www.pagalsongs.online/oceana-mp3-song-download-1</loc>
    </url>
    <url>
      <loc>https://www.pagalsongs.online/ek-dafa-mp3-song-download</loc>
    </url>
    <url>
      <loc>https://www.pagalsongs.online/thodda-pyar-mp3-song-download</loc>
    </url>
    <url>
      <loc>https://www.pagalsongs.online/bepanah-ishq-mp3-song-download-1</loc>
    </url>
    <url>
      <loc>https://www.pagalsongs.online/mauja-mp3-song-download</loc>
    </url>
    <url>
      <loc>https://www.pagalsongs.online/kiss-me-baby-remix-dj-aayush-mp3-song-download-0</loc>
    </url>
    <url>
      <loc>https://www.pagalsongs.online/r-nait-roka-mp3-song-download</loc>
    </url>
    <url>
      <loc>https://www.pagalsongs.online/wait-hundi-na-mp3-song-download</loc>
    </url>
    <url>
      <loc>https://www.pagalsongs.online/khushi-jab-bhi-teri-mp3-song-download</loc>
    </url>
    <url>
      <loc>https://www.pagalsongs.online/ghungru-mp3-song-download-</loc>
    </url>
    <url>
      <loc>https://www.pagalsongs.online/hollywood-x-bollywood-mashup-2021-dj-parth-mp3-song---download-2024</loc>
    </url>
    <url>
      <loc>https://www.pagalsongs.online/ja-humse-juda-hoke-mp3-song-download</loc>
    </url>
    <url>
      <loc>https://www.pagalsongs.online/yuhi-nahi-tujhpe-dil-ye-fida-hai-mp3-songs-download</loc>
    </url>
    <url>
      <loc>https://www.pagalsongs.online/chup-mahi-chup-hai-ranjha-mp3-songs-download-2024</loc>
    </url>
    <url>
      <loc>https://www.pagalsongs.online/naam-tera-mp3-song-download</loc>
    </url>
    <url>
      <loc>https://www.pagalsongs.online/mere-bhai-mere-yaar-sare-nare-hathiyar-mp3-song-download</loc>
    </url>
    <url>
      <loc>https://www.pagalsongs.online/one-life-mp3-songs-download</loc>
    </url>
    <url>
      <loc>https://www.pagalsongs.online/rakhdi-mp3-song-download</loc>
    </url>
    <url>
      <loc>https://www.pagalsongs.online/da-crew-mp3-song-download</loc>
    </url>
    <url>
      <loc>https://www.pagalsongs.online/hoops-mp3-song-download</loc>
    </url>
    <url>
      <loc>https://www.pagalsongs.online/cali-mp3-song-download</loc>
    </url>
    <url>
      <loc>https://www.pagalsongs.online/void-mp3-song-download</loc>
    </url>
    <url>
      <loc>https://www.pagalsongs.online/champagne-mp3--song-download</loc>
    </url>
    <url>
      <loc>https://www.pagalsongs.online/black-white-mp3-songs-download-2024</loc>
    </url>
    <url>
      <loc>https://www.pagalsongs.online/luna-mp3-song-download-2024</loc>
    </url>
    <url>
      <loc>https://www.pagalsongs.online/littlle-boy-mp3-song-download</loc>
    </url>
    <url>
      <loc>https://www.pagalsongs.online/lover-mp3-song-download-2024</loc>
    </url>
    <url>
      <loc>https://www.pagalsongs.online/beparwah-mp3-song-download</loc>
    </url>
    <url>
      <loc>https://www.pagalsongs.online/love-cocktail-mp3-song-download</loc>
    </url>
    <url>
      <loc>https://www.pagalsongs.online/pro-jatts-mp3-songs-download-2024</loc>
    </url>
    <url>
      <loc>https://www.pagalsongs.online/terre-pyaar-mein-mp3-song-download</loc>
    </url>
    <url>
      <loc>https://www.pagalsongs.online/ki-lagdi-teri-mp3-song-download</loc>
    </url>
    <url>
      <loc>https://www.pagalsongs.online/duldi-sharab-mp3-song-download</loc>
    </url>
    <url>
      <loc>https://www.pagalsongs.online/dhadkan-mp3-song-download</loc>
    </url>
    <url>
      <loc>https://www.pagalsongs.online/naagin-dance-mp3-song-download-1</loc>
    </url>
    <url>
      <loc>https://www.pagalsongs.online/rakaan-mp3-song-download</loc>
    </url>
    <url>
      <loc>https://www.pagalsongs.online/starboy-mp3-song-download</loc>
    </url>
    <url>
      <loc>https://www.pagalsongs.online/teri-hogyi-aa-mp3-song-download</loc>
    </url>
    <url>
      <loc>https://www.pagalsongs.online/yummy-mp3-song-download</loc>
    </url>
    <url>
      <loc>https://www.pagalsongs.online/kami-mp3-song-download</loc>
    </url>
    <url>
      <loc>https://www.pagalsongs.online/mar-gayi-mp3-song-download</loc>
    </url>
    <url>
      <loc>https://www.pagalsongs.online/jaan-le-rakhi-mp3-song-download</loc>
    </url>
    <url>
      <loc>https://www.pagalsongs.online/tajmahal-mp3-song-download</loc>
    </url>
    <url>
      <loc>https://www.pagalsongs.online/shaka-laka-boom-boom-mp3-song-download</loc>
    </url>
    <url>
      <loc>https://www.pagalsongs.online/hathyar-2-mp3-song-download-0</loc>
    </url>
    <url>
      <loc>https://www.pagalsongs.online/da-boss-mp3-song-download</loc>
    </url>
    <url>
      <loc>https://www.pagalsongs.online/punjabi-workout-mashup-vol-4-dj-chirag-dubai-2021-mp3-song-download</loc>
    </url>
    <url>
      <loc>https://www.pagalsongs.online/b3-big-bang-bhangra-mp3-song-download</loc>
    </url>
    <url>
      <loc>https://www.pagalsongs.online/bas-yahin-mp3-song-download</loc>
    </url>
    <url>
      <loc>https://www.pagalsongs.online/rang-dariya-mp3-song-download-1</loc>
    </url>
    <url>
      <loc>https://www.pagalsongs.online/chandigarh-sold-out-mp3-song-download</loc>
    </url>
    <url>
      <loc>https://www.pagalsongs.online/main-teri-mohabbat-mein-jaane-jigar-mp3-song-download</loc>
    </url>
    <url>
      <loc>https://www.pagalsongs.online/kabhi-tumhe-mp3-song-download-1</loc>
    </url>
    <url>
      <loc>https://www.pagalsongs.online/farming-mp3-song-download-2022</loc>
    </url>
    <url>
      <loc>https://www.pagalsongs.online/bihaar-kee-tarah-doob-jaayenge-mp3-song-download</loc>
    </url>
    <url>
      <loc>https://www.pagalsongs.online/6-foot-ka-log-mp3-song-download</loc>
    </url>
    <url>
      <loc>https://www.pagalsongs.online/feel-me-mp3-song-download</loc>
    </url>
    <url>
      <loc>https://www.pagalsongs.online/manike-mage-hithe-tamil-mp3-song-download</loc>
    </url>
    <url>
      <loc>https://www.pagalsongs.online/manike-mage-hithe-song-download</loc>
    </url>
    <url>
      <loc>https://www.pagalsongs.online/dj-chetas-bachpan-ka-pyaar-remix-mp3-song-download</loc>
    </url>
    <url>
      <loc>https://www.pagalsongs.online/na-na-mp3-song-download</loc>
    </url>
    <url>
      <loc>https://www.pagalsongs.online/sheesha-mp3-song-download</loc>
    </url>
    <url>
      <loc>https://www.pagalsongs.online/rang-ishq-ka-mp3-song-download</loc>
    </url>
    <url>
      <loc>https://www.pagalsongs.online/shakalaka-boom-boom-mp3-song-download</loc>
    </url>
    <url>
      <loc>https://www.pagalsongs.online/maula-mp3-song-download</loc>
    </url>
    <url>
      <loc>https://www.pagalsongs.online/kabhi-tumhe-yaad-meri-aaye-mp3-song-download</loc>
    </url>
    <url>
      <loc>https://www.pagalsongs.online/kabhii-tumhhe-female-version-mp3-song-download-1</loc>
    </url>
    <url>
      <loc>https://www.pagalsongs.online/tum-aaogey-mp3-song-download-1</loc>
    </url>
    <url>
      <loc>https://www.pagalsongs.online/khud-ka-pata-mp3-song-download</loc>
    </url>
    <url>
      <loc>https://www.pagalsongs.online/chela-bholenath-ka-bholenath-mp3-song-download</loc>
    </url>
    <url>
      <loc>https://www.pagalsongs.online/galbat-mp3-song-download</loc>
    </url>
    <url>
      <loc>https://www.pagalsongs.online/old-to-new-bhangra-mashup-2021-mp3-song-download</loc>
    </url>
    <url>
      <loc>https://www.pagalsongs.online/nasha-mp3-song-download</loc>
    </url>
    <url>
      <loc>https://www.pagalsongs.online/nakhre-mp3-song-download</loc>
    </url>
    <url>
      <loc>https://www.pagalsongs.online/rondan-di-petti-mp3-song-download</loc>
    </url>
    <url>
      <loc>https://www.pagalsongs.online/degree-wale-yaar-mp3-song-download</loc>
    </url>
    <url>
      <loc>https://www.pagalsongs.online/you-are-not-mine-lofi-mashup-2021-dj-harsh-sharma-mp3-song-download</loc>
    </url>
    <url>
      <loc>https://www.pagalsongs.online/masla-mp3-song-download</loc>
    </url>
    <url>
      <loc>https://www.pagalsongs.online/laaiyan-laaiyan-mp3-song-download</loc>
    </url>
    <url>
      <loc>https://www.pagalsongs.online/deadly-eyes-mp3-song-download</loc>
    </url>
    <url>
      <loc>https://www.pagalsongs.online/jana-gana-mana-national-anthem-by-children-2021-mp3-song-download</loc>
    </url>
    <url>
      <loc>https://www.pagalsongs.online/jana-gana-mana-national-anthem-2021-mp3-song-download</loc>
    </url>
    <url>
      <loc>https://www.pagalsongs.online/mann-bharrya-2-song-download-1</loc>
    </url>
    <url>
      <loc>https://www.pagalsongs.online/punjabi-workout-mashup-vol-3-2021-dj-chirag-dubai-mp3-song-download</loc>
    </url>
    <url>
      <loc>https://www.pagalsongs.online/dil-door-door-mp3-song-download</loc>
    </url>
    <url>
      <loc>https://www.pagalsongs.online/dont-leave-me-mashup-2021-mp3-song-download-0</loc>
    </url>
    <url>
      <loc>https://www.pagalsongs.online/sathi-mp3-song-download</loc>
    </url>
    <url>
      <loc>https://www.pagalsongs.online/jass-manak-emiway-bantai-bad-munda-song-download</loc>
    </url>
    <url>
      <loc>https://www.pagalsongs.online/mauka-hai-mp3-songs-download</loc>
    </url>
    <url>
      <loc>https://www.pagalsongs.online/sohneya-ve-mp3-song-download</loc>
    </url>
    <url>
      <loc>https://www.pagalsongs.online/sakhiyan-2-mp3-song-download-1</loc>
    </url>
    <url>
      <loc>https://www.pagalsongs.online/dope-shope-remix-axonn-mp3-song-download</loc>
    </url>
    <url>
      <loc>https://www.pagalsongs.online/black-heart-mp3-songs-download-2024</loc>
    </url>
    <url>
      <loc>https://www.pagalsongs.online/the-legend-mp3-songs-download-2024</loc>
    </url>
    <url>
      <loc>https://www.pagalsongs.online/dil-tera-v-darda-mp3-song-download</loc>
    </url>
    <url>
      <loc>https://www.pagalsongs.online/puzzle-life-mp3-songs-download</loc>
    </url>
    <url>
      <loc>https://www.pagalsongs.online/mujhe-peene-do-2-mp3-song-download</loc>
    </url>
    <url>
      <loc>https://www.pagalsongs.online/baarish-lete-aana-2-mp3-song-download</loc>
    </url>
    <url>
      <loc>https://www.pagalsongs.online/ek-tarfa-2-mp3-song-download</loc>
    </url>
    <url>
      <loc>https://www.pagalsongs.online/birth-place-mp3-song-download</loc>
    </url>
    <url>
      <loc>https://www.pagalsongs.online/raanjhana-ve-mp3--song-download-1</loc>
    </url>
    <url>
      <loc>https://www.pagalsongs.online/dard-kitna-hai-mp3-song-download</loc>
    </url>
    <url>
      <loc>https://www.pagalsongs.online/bismillah-mp3--song-download-2024</loc>
    </url>
    <url>
      <loc>https://www.pagalsongs.online/darmi-cool-mp3-songs-download-2024-0</loc>
    </url>
    <url>
      <loc>https://www.pagalsongs.online/radha-unconditional-love-mp3-song-download</loc>
    </url>
    <url>
      <loc>https://www.pagalsongs.online/aaila-re-remix-dj-amit-saxena-mp3-song-download</loc>
    </url>
    <url>
      <loc>https://www.pagalsongs.online/ekbar-biday-de-maa-ghure-ashi-mp3-song-download</loc>
    </url>
    <url>
      <loc>https://www.pagalsongs.online/jai-hind-ki-senaa-mp3-song-download-1</loc>
    </url>
    <url>
      <loc>https://www.pagalsongs.online/asla-mp3-song-download</loc>
    </url>
    <url>
      <loc>https://www.pagalsongs.online/52-gaj-ka-daman-hindi-mp3-song-download</loc>
    </url>
    <url>
      <loc>https://www.pagalsongs.online/tumse-milna-is-kadar-mp3-song-download</loc>
    </url>
    <url>
      <loc>https://www.pagalsongs.online/my-game-mp3-song-download</loc>
    </url>
    <url>
      <loc>https://www.pagalsongs.online/i-told-you-mp3-song-download-2024</loc>
    </url>
    <url>
      <loc>https://www.pagalsongs.online/bachpan-ka-pyar-song-download-1</loc>
    </url>
    <url>
      <loc>https://www.pagalsongs.online/dhono-dhanno-pushpe-bhora-mp3-song-download</loc>
    </url>
    <url>
      <loc>https://www.pagalsongs.online/singga-raja-rani-mp3-song-download</loc>
    </url>
    <url>
      <loc>https://www.pagalsongs.online/dil-ko-karaar-aaya-mp3-song-download</loc>
    </url>
    <url>
      <loc>https://www.pagalsongs.online/love-you-mp3--song-download</loc>
    </url>
    <url>
      <loc>https://www.pagalsongs.online/rammo-rammo-mp3-song-download</loc>
    </url>
    <url>
      <loc>https://www.pagalsongs.online/gangster-mp3--songs-download-2024</loc>
    </url>
    <url>
      <loc>https://www.pagalsongs.online/vande-mataram-mp3-song-download</loc>
    </url>
    <url>
      <loc>https://www.pagalsongs.online/o-bhavre-remix-dj-shadow-dubai-mp3-song-download</loc>
    </url>
    <url>
      <loc>https://www.pagalsongs.online/jalya-na-karo-mp3-song-download</loc>
    </url>
    <url>
      <loc>https://www.pagalsongs.online/my-rulez-mp3--song-download</loc>
    </url>
    <url>
      <loc>https://www.pagalsongs.online/dil-tere-bin-mp3-song-download</loc>
    </url>
    <url>
      <loc>https://www.pagalsongs.online/cooldown-mp3-song-download</loc>
    </url>
    <url>
      <loc>https://www.pagalsongs.online/jhanjaran-mp3-song-download</loc>
    </url>
    <url>
      <loc>https://www.pagalsongs.online/bewafa-tera-muskurana-mp3-song-download-1</loc>
    </url>
    <url>
      <loc>https://www.pagalsongs.online/majak-thodi-ae-mp3-song-download</loc>
    </url>
    <url>
      <loc>https://www.pagalsongs.online/celebrity-killer-mp3-songs-download-2024-0</loc>
    </url>
    <url>
      <loc>https://www.pagalsongs.online/bewafa-tera-yun-muskurana-mp3-song-download</loc>
    </url>
    <url>
      <loc>https://www.pagalsongs.online/saath-kya-nibhaoge-mp3-song-download-2024</loc>
    </url>
    <url>
      <loc>https://www.pagalsongs.online/big-boss-mp3-song-download</loc>
    </url>
    <url>
      <loc>https://www.pagalsongs.online/kanjoos-maahi-mp3-song-download</loc>
    </url>
    <url>
      <loc>https://www.pagalsongs.online/amplifier-vs-kaiko-chedhta-hai-remix-dj-alphacue-mp3-song-download</loc>
    </url>
    <url>
      <loc>https://www.pagalsongs.online/dil-ko-karaar-aaya-mashup-aftermorning-chillout-mp3-song-download</loc>
    </url>
    <url>
      <loc>https://www.pagalsongs.online/cigar-mp3-song-download</loc>
    </url>
    <url>
      <loc>https://www.pagalsongs.online/dil-ko-karaar-aaya-reprise-cover-mp3-song-download</loc>
    </url>
    <url>
      <loc>https://www.pagalsongs.online/rubicon-mp3-songs-download</loc>
    </url>
    <url>
      <loc>https://www.pagalsongs.online/hollybolly-mashup-2021-dip-sr-x-dj-avi-mp3-song-download</loc>
    </url>
    <url>
      <loc>https://www.pagalsongs.online/ek-baat-batao-tum-mp3-song-download</loc>
    </url>
    <url>
      <loc>https://www.pagalsongs.online/catch-up-mp3-song-download</loc>
    </url>
    <url>
      <loc>https://www.pagalsongs.online/see-you-again-mp3--0s-2023-000-0</loc>
    </url>
    <url>
      <loc>https://www.pagalsongs.online/gedi-drip-mp3--song-download</loc>
    </url>
    <url>
      <loc>https://www.pagalsongs.online/yaar-hi-jhootha-c-mp3-song-download</loc>
    </url>
    <url>
      <loc>https://www.pagalsongs.online/pulkit-arora-jail-mp3-song-download</loc>
    </url>
    <url>
      <loc>https://www.pagalsongs.online/na-hona-tumse-door-mp3-song-download</loc>
    </url>
    <url>
      <loc>https://www.pagalsongs.online/desh-mere-mp3-song-download</loc>
    </url>
    <url>
      <loc>https://www.pagalsongs.online/bonde-maya-lagaichhe-mp3-song-download</loc>
    </url>
    <url>
      <loc>https://www.pagalsongs.online/sunanda-sharma-chori-chori-mp3-song-download</loc>
    </url>
    <url>
      <loc>https://www.pagalsongs.online/hart-singh-day-ones-mp3-song-download</loc>
    </url>
    <url>
      <loc>https://www.pagalsongs.online/dagaa-mp3-song-download-1</loc>
    </url>
    <url>
      <loc>https://www.pagalsongs.online/marjaawaan-mp3-song-download-1-0</loc>
    </url>
    <url>
      <loc>https://www.pagalsongs.online/shri-amarnath-ishwaram-mp3-song-download</loc>
    </url>
    <url>
      <loc>https://www.pagalsongs.online/suit-gulabi-mp3-song-download</loc>
    </url>
    <url>
      <loc>https://www.pagalsongs.online/feem-mp3-song-download</loc>
    </url>
    <url>
      <loc>https://www.pagalsongs.online/mazak-thodi-ae-mp3-song-download</loc>
    </url>
    <url>
      <loc>https://www.pagalsongs.online/ranjha-song-download-1-2024-pagalworld</loc>
    </url>
    <url>
      <loc>https://www.pagalsongs.online/mera-dil-bhi-kitna-pagal-hai-mp3-song-download-1</loc>
    </url>
    <url>
      <loc>https://www.pagalsongs.online/gustakhi-mp3-song-download</loc>
    </url>
    <url>
      <loc>https://www.pagalsongs.online/tumse-pyaar-hai-mp3-song-download-1</loc>
    </url>
    <url>
      <loc>https://www.pagalsongs.online/mulhajedaariyan-mp3-song-download</loc>
    </url>
    <url>
      <loc>https://www.pagalsongs.online/zinda-han-mai-mp3-song-download</loc>
    </url>
    <url>
      <loc>https://www.pagalsongs.online/yashomati-maiyya-x-ram-siya-ram-mp3-song-download-2024</loc>
    </url>
    <url>
      <loc>https://www.pagalsongs.online/galh-da-daag-mp3-song-download</loc>
    </url>
    <url>
      <loc>https://www.pagalsongs.online/pyar-kiya-toh-nibhana-wada-raha-mp3-song-download</loc>
    </url>
    <url>
      <loc>https://www.pagalsongs.online/lambarghinii-mp3-song-download</loc>
    </url>
    <url>
      <loc>https://www.pagalsongs.online/the-monsoon-mashup-2021-dj-yogii-mp3-song-download</loc>
    </url>
    <url>
      <loc>https://www.pagalsongs.online/tum-to-thehre-pardesi-mp3-song-download-2024</loc>
    </url>
    <url>
      <loc>https://www.pagalsongs.online/nonstop-lofi-mashup-2021-dj-harsh-sharma-mp3-song-download</loc>
    </url>
    <url>
      <loc>https://www.pagalsongs.online/mera-sardar-mp3-song-download</loc>
    </url>
    <url>
      <loc>https://www.pagalsongs.online/fallin-for-you-remix-dj-shiva-x-dj-shouki-mp3-0-download</loc>
    </url>
    <url>
      <loc>https://www.pagalsongs.online/mera-mahi-mp3-song-download</loc>
    </url>
    <url>
      <loc>https://www.pagalsongs.online/25-pind-mp3-song-download</loc>
    </url>
    <url>
      <loc>https://www.pagalsongs.online/dhoom-tara-mp3-song-download-1</loc>
    </url>
    <url>
      <loc>https://www.pagalsongs.online/simple-life-song-download-2024</loc>
    </url>
    <url>
      <loc>https://www.pagalsongs.online/nikaah-mp3-song-download</loc>
    </url>
    <url>
      <loc>https://www.pagalsongs.online/kithe-reh-gye-mp3-song-download</loc>
    </url>
    <url>
      <loc>https://www.pagalsongs.online/mehrbaniaan-mp3-song-download</loc>
    </url>
    <url>
      <loc>https://www.pagalsongs.online/mann-dolje-mp3-song-download</loc>
    </url>
    <url>
      <loc>https://www.pagalsongs.online/khair-allah-khair-mp3-song-download</loc>
    </url>
    <url>
      <loc>https://www.pagalsongs.online/tere-bagair-mp3-song-download</loc>
    </url>
    <url>
      <loc>https://www.pagalsongs.online/sound-de-mp3-song-download-1</loc>
    </url>
    <url>
      <loc>https://www.pagalsongs.online/dil-tudwa-ke-mp3-song-download</loc>
    </url>
    <url>
      <loc>https://www.pagalsongs.online/same-as-you-mp3-song-download</loc>
    </url>
    <url>
      <loc>https://www.pagalsongs.online/roko-roko-mp3-song-download-1</loc>
    </url>
    <url>
      <loc>https://www.pagalsongs.online/angelina-mp3-song-download</loc>
    </url>
    <url>
      <loc>https://www.pagalsongs.online/attitude-mp3--song-download</loc>
    </url>
    <url>
      <loc>https://www.pagalsongs.online/lalteniya-mp3-song-download</loc>
    </url>
    <url>
      <loc>https://www.pagalsongs.online/jai-jai-shiv-shankar-mp3-song-download</loc>
    </url>
    <url>
      <loc>https://www.pagalsongs.online/yeh-dosti-hum-nahi-todenge-mp3-song-download-2024</loc>
    </url>
    <url>
      <loc>https://www.pagalsongs.online/raatan-lambiyan-song-download-2024</loc>
    </url>
    <url>
      <loc>https://www.pagalsongs.online/landoor-return-mp3-song-download</loc>
    </url>
    <url>
      <loc>https://www.pagalsongs.online/dosti-music-mp3-song-download</loc>
    </url>
    <url>
      <loc>https://www.pagalsongs.online/dil-galti-bol-kaffara-x-maahi-ve-mp3-song---download</loc>
    </url>
    <url>
      <loc>https://www.pagalsongs.online/ek-dafa-dekh-le-mp3--song-download</loc>
    </url>
    <url>
      <loc>https://www.pagalsongs.online/comedy-mp3-song-download</loc>
    </url>
    <url>
      <loc>https://www.pagalsongs.online/jatt-mannya-mp3-song-download</loc>
    </url>
    <url>
      <loc>https://www.pagalsongs.online/mujhe-kaise-pata-na-chala-maana-ke-hum-yaar-nahin-mashup-mp3-song-download</loc>
    </url>
    <url>
      <loc>https://www.pagalsongs.online/haryana-anthem-mp3-song-download</loc>
    </url>
    <url>
      <loc>https://www.pagalsongs.online/xl-mp3-song-download</loc>
    </url>
    <url>
      <loc>https://www.pagalsongs.online/tears-in-eyes-mp3-song-download-2024</loc>
    </url>
    <url>
      <loc>https://www.pagalsongs.online/kulwinder-billa-laala-laala-mp3-song-download</loc>
    </url>
    <url>
      <loc>https://www.pagalsongs.online/te-amo-x-ayob-mp3-song-download-2024</loc>
    </url>
    <url>
      <loc>https://www.pagalsongs.online/amar-gorur-garite-2-mp3-song-download</loc>
    </url>
    <url>
      <loc>https://www.pagalsongs.online/ik-c-pagal-mp3-song-download</loc>
    </url>
    <url>
      <loc>https://www.pagalsongs.online/bol-na-halke-halke-unplugged-version-mp3-song-download</loc>
    </url>
    <url>
      <loc>https://www.pagalsongs.online/bhai-bhai-mp3-song-download</loc>
    </url>
    <url>
      <loc>https://www.pagalsongs.online/mujhko-mana-lena-mp3-song-download-1</loc>
    </url>
    <url>
      <loc>https://www.pagalsongs.online/munda-grewala-da-mp3-song-download</loc>
    </url>
    <url>
      <loc>https://www.pagalsongs.online/bachpan-ka-pyar-original-mp3-song-download</loc>
    </url>
    <url>
      <loc>https://www.pagalsongs.online/jane-meri-janeman-bachpan-ka-pyar-mp3-song-download</loc>
    </url>
    <url>
      <loc>https://www.pagalsongs.online/my-game-album-intro-mp3-songs-download</loc>
    </url>
    <url>
      <loc>https://www.pagalsongs.online/license-mp3-song-download</loc>
    </url>
    <url>
      <loc>https://www.pagalsongs.online/2-phone-mp3-song-download-neha-kakkar</loc>
    </url>
    <url>
      <loc>https://www.pagalsongs.online/baarish-ban-jaana-bhojpuri-mp3-song-download-1</loc>
    </url>
    <url>
      <loc>https://www.pagalsongs.online/befizool-mp3-song-download-1</loc>
    </url>
    <url>
      <loc>https://www.pagalsongs.online/mehendi-wale-haath-x-jugni-mp3-song-download-2024</loc>
    </url>
    <url>
      <loc>https://www.pagalsongs.online/baawla-mp3-song-download-1</loc>
    </url>
    <url>
      <loc>https://www.pagalsongs.online/friendship-day-mashup-2021-dj-hitesh-mp3-song-download</loc>
    </url>
    <url>
      <loc>https://www.pagalsongs.online/dil-lauta-do-mera-mp3-song-download</loc>
    </url>
    <url>
      <loc>https://www.pagalsongs.online/raataan-lambiyan-song-download-1-pagalworld</loc>
    </url>
    <url>
      <loc>https://www.pagalsongs.online/o-jaana-mp3-song-download</loc>
    </url>
    <url>
      <loc>https://www.pagalsongs.online/zalima-coca-cola-pila-de-song-download-pagalworld</loc>
    </url>
    <url>
      <loc>https://www.pagalsongs.online/gud-gudi-mp3---songs-download</loc>
    </url>
    <url>
      <loc>https://www.pagalsongs.online/zaalima-coca-cola-mp3-song-download-pagalworld-2022-1</loc>
    </url>
    <url>
      <loc>https://www.pagalsongs.online/giri-g-adhyayan-summan-jab-se-dekha-mp3-song-download</loc>
    </url>
    <url>
      <loc>https://www.pagalsongs.online/tagda-hoja-jatta-mp3-song-download</loc>
    </url>
    <url>
      <loc>https://www.pagalsongs.online/dil-hai-ki-manta-nahin-unplugged-mp3-song-download</loc>
    </url>
    <url>
      <loc>https://www.pagalsongs.online/saiyaan-re-mp3-song-download-</loc>
    </url>
    <url>
      <loc>https://www.pagalsongs.online/gentlemen-mp3-song-download</loc>
    </url>
    <url>
      <loc>https://www.pagalsongs.online/baithe-baithe-mp3-song-download-1-2021</loc>
    </url>
    <url>
      <loc>https://www.pagalsongs.online/aye-mere-humsafar-ab-mujhe-raat-din-mp3-song-download</loc>
    </url>
    <url>
      <loc>https://www.pagalsongs.online/bagdo-nachi-saman-me-mp3---songs-download-2024-0</loc>
    </url>
    <url>
      <loc>https://www.pagalsongs.online/gaam-ka-bteu-mp3---songs-download-2024</loc>
    </url>
    <url>
      <loc>https://www.pagalsongs.online/taakre-mp3-song-download-2021</loc>
    </url>
    <url>
      <loc>https://www.pagalsongs.online/36-mere-vargiya-mp3-song-download</loc>
    </url>
    <url>
      <loc>https://www.pagalsongs.online/dil-lutgayi-mp3-song-download</loc>
    </url>
    <url>
      <loc>https://www.pagalsongs.online/dil-lauta-do-mp3-song-download-jubin-nautiyal-pagalworld</loc>
    </url>
    <url>
      <loc>https://www.pagalsongs.online/aadat-ve-mp3-song-download</loc>
    </url>
    <url>
      <loc>https://www.pagalsongs.online/baby-doll-mp3-song-download</loc>
    </url>
    <url>
      <loc>https://www.pagalsongs.online/devon-ke-dev-mp3-song-download-0</loc>
    </url>
    <url>
      <loc>https://www.pagalsongs.online/shopping-karwade-akhil-mp3---songs-download-2024</loc>
    </url>
    <url>
      <loc>https://www.pagalsongs.online/mat-ched-balam-mp3-song-download</loc>
    </url>
    <url>
      <loc>https://www.pagalsongs.online/first-love-mp3-song-download</loc>
    </url>
    <url>
      <loc>https://www.pagalsongs.online/laala-laala-mp3-song-download</loc>
    </url>
    <url>
      <loc>https://www.pagalsongs.online/friendship-day-mashup-2021-dj-dave-p-mp3-song-download</loc>
    </url>
    <url>
      <loc>https://www.pagalsongs.online/sukh-karta-dukh-harta-x-tera-hi-naam-pukaaron-mp3-song-download-2024</loc>
    </url>
    <url>
      <loc>https://www.pagalsongs.online/hakikat-mp3-song-download</loc>
    </url>
    <url>
      <loc>https://www.pagalsongs.online/kala-jodda-mp3-song-download</loc>
    </url>
    <url>
      <loc>https://www.pagalsongs.online/varat-mp3-song-download</loc>
    </url>
    <url>
      <loc>https://www.pagalsongs.online/bhaga-aala-mp3-song-download-2021</loc>
    </url>
    <url>
      <loc>https://www.pagalsongs.online/goat-mp3---songs-download-2024-sidhu-moose-wala-2021</loc>
    </url>
    <url>
      <loc>https://www.pagalsongs.online/gagan-kokri-sohna-yaar-mp3-song-download</loc>
    </url>
    <url>
      <loc>https://www.pagalsongs.online/father-saab-mp3-songs-download-2024-king</loc>
    </url>
    <url>
      <loc>https://www.pagalsongs.online/nsane-remix-dj-vicky-nyc-mp3-song-download</loc>
    </url>
    <url>
      <loc>https://www.pagalsongs.online/ranjha-supna-mp3-song-download</loc>
    </url>
    <url>
      <loc>https://www.pagalsongs.online/sun-sun-barsat-ki-dhun-mp3-song-download-jubin-nautiyal-0</loc>
    </url>
    <url>
      <loc>https://www.pagalsongs.online/pyar-hoya-ae-mp3--song-download</loc>
    </url>
    <url>
      <loc>https://www.pagalsongs.online/akda-di-patti-mp3-song-download</loc>
    </url>
    <url>
      <loc>https://www.pagalsongs.online/terii-umeed-song-download-0</loc>
    </url>
    <url>
      <loc>https://www.pagalsongs.online/zara-zara-unplugged-mp3-song-download</loc>
    </url>
    <url>
      <loc>https://www.pagalsongs.online/hold-my-kamariya-mp3-song-download</loc>
    </url>
    <url>
      <loc>https://www.pagalsongs.online/shikaar-3-mp3-song-download</loc>
    </url>
    <url>
      <loc>https://www.pagalsongs.online/din-shagna-da-x-kabira-mp3-songs-download-2024</loc>
    </url>
    <url>
      <loc>https://www.pagalsongs.online/rangeeli-mp3-song-download</loc>
    </url>
    <url>
      <loc>https://www.pagalsongs.online/paani-paani-cover-mp3-song-download</loc>
    </url>
    <url>
      <loc>https://www.pagalsongs.online/mankirt-aulakh-badmashi-mp3-song-download</loc>
    </url>
    <url>
      <loc>https://www.pagalsongs.online/do-ghut-mujhe-bhi-pila-de-sharabi-remix-mp3-song-download</loc>
    </url>
    <url>
      <loc>https://www.pagalsongs.online/gal-changi-nahi-mp3-song-download</loc>
    </url>
    <url>
      <loc>https://www.pagalsongs.online/hungama-2-pehli-baar-mp3-song-download</loc>
    </url>
    <url>
      <loc>https://www.pagalsongs.online/100-gulab-mp3-song-download</loc>
    </url>
    <url>
      <loc>https://www.pagalsongs.online/keshab-dey-sorry-mp3-song-download</loc>
    </url>
    <url>
      <loc>https://www.pagalsongs.online/sanawar-mp3-song-download-0</loc>
    </url>
    <url>
      <loc>https://www.pagalsongs.online/jyada-jachdi-mp3-song-download</loc>
    </url>
    <url>
      <loc>https://www.pagalsongs.online/mera-haal-mp3-song-download</loc>
    </url>
    <url>
      <loc>https://www.pagalsongs.online/filhaal-2-mohabbat-remix-sparkz-brothers-mp3-song-download</loc>
    </url>
    <url>
      <loc>https://www.pagalsongs.online/power-mp3---download-2024-0</loc>
    </url>
    <url>
      <loc>https://www.pagalsongs.online/hanji-hanji-mp3-song-download</loc>
    </url>
    <url>
      <loc>https://www.pagalsongs.online/mimi-rock-a-bye-baby-mp3-song-download-1</loc>
    </url>
    <url>
      <loc>https://www.pagalsongs.online/mimi-choti-si-chiraiya-mp3--song-download-1</loc>
    </url>
    <url>
      <loc>https://www.pagalsongs.online/mimi-phuljhadiyon-mp3--song-download-1</loc>
    </url>
    <url>
      <loc>https://www.pagalsongs.online/mimi-hututu-mp3-song-download-1-0</loc>
    </url>
    <url>
      <loc>https://www.pagalsongs.online/mimi-yaane-yaane-mp3--song-download-1</loc>
    </url>
    <url>
      <loc>https://www.pagalsongs.online/mimi-rihaayi-de-mp3-song-download-1</loc>
    </url>
    <url>
      <loc>https://www.pagalsongs.online/hungama-2-hungama-ho-gaya-mp3-song-download</loc>
    </url>
    <url>
      <loc>https://www.pagalsongs.online/dil-hai-ki-manta-nahin-nazar-ke-samne-mp3-song-download</loc>
    </url>
    <url>
      <loc>https://www.pagalsongs.online/neha-kakkar-dil-ko-karaar-aaya-mp3-song-download</loc>
    </url>
    <url>
      <loc>https://www.pagalsongs.online/tears-the-breakup-mashup-2021-dj-harsh-sharma-mp3-song-download</loc>
    </url>
    <url>
      <loc>https://www.pagalsongs.online/filhal-x-filhall-2-mashup-neojazz-naresh-parmar-mp3-song-download-2024</loc>
    </url>
    <url>
      <loc>https://www.pagalsongs.online/pyar-ho-gaya-mp3-song-download</loc>
    </url>
    <url>
      <loc>https://www.pagalsongs.online/mastani-mp3-song-download</loc>
    </url>
    <url>
      <loc>https://www.pagalsongs.online/dj-chetas-tera-mera-pyaar-remix-mp3--song-download-2024</loc>
    </url>
    <url>
      <loc>https://www.pagalsongs.online/monsoon-mashup-2021-dj-syrah-x-dj-purvish-mp3-song-download-2024</loc>
    </url>
    <url>
      <loc>https://www.pagalsongs.online/na-cher-malangaan-nu-mp3---songs-download-2024</loc>
    </url>
    <url>
      <loc>https://www.pagalsongs.online/siraa-mp3-song-download</loc>
    </url>
    <url>
      <loc>https://www.pagalsongs.online/its-all-done-mp3-song-download</loc>
    </url>
    <url>
      <loc>https://www.pagalsongs.online/daru-hor-piyade-mp3-song-download-1</loc>
    </url>
    <url>
      <loc>https://www.pagalsongs.online/barsaat-ki-dhun-mp3-song-download-jubin-nautiyal</loc>
    </url>
    <url>
      <loc>https://www.pagalsongs.online/saath-mp3-song-download</loc>
    </url>
    <url>
      <loc>https://www.pagalsongs.online/ik-waari-mp3-song-download</loc>
    </url>
    <url>
      <loc>https://www.pagalsongs.online/sorry-darling-ji-mp3-song-download</loc>
    </url>
    <url>
      <loc>https://www.pagalsongs.online/hanjugam-mp3-song-download</loc>
    </url>
    <url>
      <loc>https://www.pagalsongs.online/reelan-mp3-song-download</loc>
    </url>
    <url>
      <loc>https://www.pagalsongs.online/pagg-wali-selfie-mp3-song-download</loc>
    </url>
    <url>
      <loc>https://www.pagalsongs.online/filhaal-2-mohabbat-remix-dj-dharak-x-dj-sukhi-mp3-song-download</loc>
    </url>
    <url>
      <loc>https://www.pagalsongs.online/desi-chora-mp3-song-download</loc>
    </url>
    <url>
      <loc>https://www.pagalsongs.online/math-mp3-song-download</loc>
    </url>
    <url>
      <loc>https://www.pagalsongs.online/vin-batth-time-mp3-song-download</loc>
    </url>
    <url>
      <loc>https://www.pagalsongs.online/dil-ko-karaar-aaya-reprise-mp3---song-download</loc>
    </url>
    <url>
      <loc>https://www.pagalsongs.online/bhole-shankar-mp3-song-download</loc>
    </url>
    <url>
      <loc>https://www.pagalsongs.online/jawab-de-mp3-song-download</loc>
    </url>
    <url>
      <loc>https://www.pagalsongs.online/bimariyan-mp3-song-download</loc>
    </url>
    <url>
      <loc>https://www.pagalsongs.online/baarish-ban-jaana-mashup-aftermorning-chillout-mp3-song-download</loc>
    </url>
    <url>
      <loc>https://www.pagalsongs.online/best-of-punjabi-pop-mashup-2021-dip-sr-x-vdj-jakaria-mp3-song-download</loc>
    </url>
    <url>
      <loc>https://www.pagalsongs.online/idgaf-mp3---songs-download-2021</loc>
    </url>
    <url>
      <loc>https://www.pagalsongs.online/jhuthi-soh-mp3-song-download</loc>
    </url>
    <url>
      <loc>https://www.pagalsongs.online/mandeer-maar-te-mp3-song-download</loc>
    </url>
    <url>
      <loc>https://www.pagalsongs.online/bichhu-kaat-khavega-mp3-song-download</loc>
    </url>
    <url>
      <loc>https://www.pagalsongs.online/khudgarze-mp3-song-download</loc>
    </url>
    <url>
      <loc>https://www.pagalsongs.online/jatt-naal-ni-mp3-song-download</loc>
    </url>
    <url>
      <loc>https://www.pagalsongs.online/challenger-mp3-song-download</loc>
    </url>
    <url>
      <loc>https://www.pagalsongs.online/babbu-maan-barsaat-mp3-song-download</loc>
    </url>
    <url>
      <loc>https://www.pagalsongs.online/monsoon-mashup-2021-dj-syrah-dj-purvish-mp3-song-download</loc>
    </url>
    <url>
      <loc>https://www.pagalsongs.online/nadiyon-paar-cover-mp3-song-download</loc>
    </url>
    <url>
      <loc>https://www.pagalsongs.online/param-sundari-mp3-song-download-1</loc>
    </url>
    <url>
      <loc>https://www.pagalsongs.online/fate-mp3-songs-download-2024</loc>
    </url>
    <url>
      <loc>https://www.pagalsongs.online/he-loves-me-mp3-song-download</loc>
    </url>
    <url>
      <loc>https://www.pagalsongs.online/gun-matters-mp3-song-download</loc>
    </url>
    <url>
      <loc>https://www.pagalsongs.online/good-night-mp3-song-download</loc>
    </url>
    <url>
      <loc>https://www.pagalsongs.online/loud-mp3-song-download</loc>
    </url>
    <url>
      <loc>https://www.pagalsongs.online/ma-belle-mp3-songs-download--2024</loc>
    </url>
    <url>
      <loc>https://www.pagalsongs.online/sky-high-mp3-song-download</loc>
    </url>
    <url>
      <loc>https://www.pagalsongs.online/falak-shabir-zindagi-mp3-song-download</loc>
    </url>
    <url>
      <loc>https://www.pagalsongs.online/majboor-ho-gaye-mp3-song-download</loc>
    </url>
    <url>
      <loc>https://www.pagalsongs.online/tera-hua-mp3-songs-download-1</loc>
    </url>
    <url>
      <loc>https://www.pagalsongs.online/brown-rang-remix-dj-zaff-mp3-song-download</loc>
    </url>
    <url>
      <loc>https://www.pagalsongs.online/billa-sonipat-ala-young-age-mp3-song-download</loc>
    </url>
    <url>
      <loc>https://www.pagalsongs.online/hindustani-way-mp3-song-download</loc>
    </url>
    <url>
      <loc>https://www.pagalsongs.online/nain-bengali-mp3-song-download</loc>
    </url>
    <url>
      <loc>https://www.pagalsongs.online/jag-janda-mp3-song-download</loc>
    </url>
    <url>
      <loc>https://www.pagalsongs.online/golden-era-romantic-mashup-2021-mp3-song-download</loc>
    </url>
    <url>
      <loc>https://www.pagalsongs.online/2-mp3--songs-download-2024-1</loc>
    </url>
    <url>
      <loc>https://www.pagalsongs.online/samjh-ni-aundi-mp3-song-download</loc>
    </url>
    <url>
      <loc>https://www.pagalsongs.online/pehli-pehli-baar-dheere-dheere-mp3-song-download</loc>
    </url>
    <url>
      <loc>https://www.pagalsongs.online/system-mp3-song-download-2022</loc>
    </url>
    <url>
      <loc>https://www.pagalsongs.online/kichu-golpo-tor-amar-2-mp3-song-download</loc>
    </url>
    <url>
      <loc>https://www.pagalsongs.online/disturb-mp3-song-download</loc>
    </url>
    <url>
      <loc>https://www.pagalsongs.online/chaar-panj-bande-mp3-song-download</loc>
    </url>
    <url>
      <loc>https://www.pagalsongs.online/shartan-mp3-song-download</loc>
    </url>
    <url>
      <loc>https://www.pagalsongs.online/beliya-unplugged-mp3-song-download</loc>
    </url>
    <url>
      <loc>https://www.pagalsongs.online/khuda-aur-mohabbat-cover-mp3-song-download</loc>
    </url>
    <url>
      <loc>https://www.pagalsongs.online/dagaa-mp3-song-download-2021</loc>
    </url>
    <url>
      <loc>https://www.pagalsongs.online/charged-up-mp3-song-download</loc>
    </url>
    <url>
      <loc>https://www.pagalsongs.online/jhoome-mp3-song-download-1</loc>
    </url>
    <url>
      <loc>https://www.pagalsongs.online/raule-rappte-mp3-song-download</loc>
    </url>
    <url>
      <loc>https://www.pagalsongs.online/lost-lofi-mashup-2021-dj-harsh-sharma-x-sunix-thakor-mp3-song-download</loc>
    </url>
    <url>
      <loc>https://www.pagalsongs.online/the-lockdown-mp3-song-download</loc>
    </url>
    <url>
      <loc>https://www.pagalsongs.online/mitran-da-naa-mp3-song-download</loc>
    </url>
    <url>
      <loc>https://www.pagalsongs.online/acting-mp3-song-download</loc>
    </url>
    <url>
      <loc>https://www.pagalsongs.online/daur-mp3-song-download</loc>
    </url>
    <url>
      <loc>https://www.pagalsongs.online/karan-randhawa-roka-mp3-song-download</loc>
    </url>
    <url>
      <loc>https://www.pagalsongs.online/chann-mp3-song-download</loc>
    </url>
    <url>
      <loc>https://www.pagalsongs.online/paune-12-mp3-song-download-karan-randhawa-mp3-song-2021</loc>
    </url>
    <url>
      <loc>https://www.pagalsongs.online/jatti-mp3-song-download-2024</loc>
    </url>
    <url>
      <loc>https://www.pagalsongs.online/slang-mp3-song-download</loc>
    </url>
    <url>
      <loc>https://www.pagalsongs.online/fair-mp3-song-download</loc>
    </url>
    <url>
      <loc>https://www.pagalsongs.online/marjana-mp3-song-download-2024</loc>
    </url>
    <url>
      <loc>https://www.pagalsongs.online/sharam-haya-mp3-song-download</loc>
    </url>
    <url>
      <loc>https://www.pagalsongs.online/rambo-mp3-song-download-2021</loc>
    </url>
    <url>
      <loc>https://www.pagalsongs.online/ishq-tera-mera-mp3-song-download</loc>
    </url>
    <url>
      <loc>https://www.pagalsongs.online/is-tarah-aashiqui-ka-mp3-song-download-1</loc>
    </url>
    <url>
      <loc>https://www.pagalsongs.online/qadar-na-jaani-song-download</loc>
    </url>
    <url>
      <loc>https://www.pagalsongs.online/toota-taara-mp3-song-download-1</loc>
    </url>
    <url>
      <loc>https://www.pagalsongs.online/zameena-mp3-song-download</loc>
    </url>
    <url>
      <loc>https://www.pagalsongs.online/kaalia-raatan-mp3-song-download</loc>
    </url>
    <url>
      <loc>https://www.pagalsongs.online/shining-koka-mp3--s-download</loc>
    </url>
    <url>
      <loc>https://www.pagalsongs.online/asla-once-again-mp3-song-download</loc>
    </url>
    <url>
      <loc>https://www.pagalsongs.online/filhaal-2-mohabbat-reprise-mp3-song-download-2024</loc>
    </url>
    <url>
      <loc>https://www.pagalsongs.online/filhaal-2-mohabbat-cover-mp3-song-download</loc>
    </url>
    <url>
      <loc>https://www.pagalsongs.online/kemzyy-vibe-mp3-song-download</loc>
    </url>
    <url>
      <loc>https://www.pagalsongs.online/circle-mp3-song-download</loc>
    </url>
    <url>
      <loc>https://www.pagalsongs.online/ghalat-fehmi-mashup-aftermorning-chillout-mp3-song-download</loc>
    </url>
    <url>
      <loc>https://www.pagalsongs.online/bewafa-remix-dj-alphacue-mp3-song-download</loc>
    </url>
    <url>
      <loc>https://www.pagalsongs.online/pachdi-ni-mp3-song-download</loc>
    </url>
    <url>
      <loc>https://www.pagalsongs.online/sufi-mashup-2021-vdj-royal-dj-mortal-mp3-song-download</loc>
    </url>
    <url>
      <loc>https://www.pagalsongs.online/calaboose-mp3--s-download-2024-2021</loc>
    </url>
    <url>
      <loc>https://www.pagalsongs.online/teriyaan-yadaan-mp3-song-download</loc>
    </url>
    <url>
      <loc>https://www.pagalsongs.online/karan-randhawa-surma-mp3-song-download</loc>
    </url>
    <url>
      <loc>https://www.pagalsongs.online/kasam-ki-kasam-x-pee-loon-mashup-mp3-song-download</loc>
    </url>
    <url>
      <loc>https://www.pagalsongs.online/mera-bhai-tu-2-0-mp3-song-download</loc>
    </url>
    <url>
      <loc>https://www.pagalsongs.online/tere-laare-mp3-song-download</loc>
    </url>
    <url>
      <loc>https://www.pagalsongs.online/unforgettable-1998-love-story-mp3-song-download</loc>
    </url>
    <url>
      <loc>https://www.pagalsongs.online/shiv-tandav-stotram-x-har-har-shiv-shankar-mp3-song---download-2024</loc>
    </url>
    <url>
      <loc>https://www.pagalsongs.online/classic-romantic-90s-mashup-2-dj-dharak-mp3-song-download</loc>
    </url>
    <url>
      <loc>https://www.pagalsongs.online/slay-mp3--song-download-1</loc>
    </url>
    <url>
      <loc>https://www.pagalsongs.online/b-d-mp3---songs-download-2024</loc>
    </url>
    <url>
      <loc>https://www.pagalsongs.online/underground-mp3-song-download</loc>
    </url>
    <url>
      <loc>https://www.pagalsongs.online/coffee-mp3-song-download</loc>
    </url>
    <url>
      <loc>https://www.pagalsongs.online/tu-nahi-aayega-mp3-songs-download</loc>
    </url>
    <url>
      <loc>https://www.pagalsongs.online/tere-ko-maloom-kya-mp3-song-download</loc>
    </url>
    <url>
      <loc>https://www.pagalsongs.online/tata-summo-mp3-song-download</loc>
    </url>
    <url>
      <loc>https://www.pagalsongs.online/mayein-ni-meriye-mp3-song-download</loc>
    </url>
    <url>
      <loc>https://www.pagalsongs.online/kolija-tui-amar-mp3-song-download</loc>
    </url>
    <url>
      <loc>https://www.pagalsongs.online/care-ni-karda-remix-dj-piyush-bajaj-x-dj-vaggy-mp3-song-download-2024</loc>
    </url>
    <url>
      <loc>https://www.pagalsongs.online/chu-gon-do-mp3-song-download</loc>
    </url>
    <url>
      <loc>https://www.pagalsongs.online/aye-khuda-remix-lofi-salmanxavier-mp3-song-download</loc>
    </url>
    <url>
      <loc>https://www.pagalsongs.online/kalli-kalli-gal-mp3-song-download</loc>
    </url>
    <url>
      <loc>https://www.pagalsongs.online/pyar-mera-mp3-song-download</loc>
    </url>
    <url>
      <loc>https://www.pagalsongs.online/punjabi-workout-mashup-vol-1-dj-chirag-dubai-mp3-song-download</loc>
    </url>
    <url>
      <loc>https://www.pagalsongs.online/tu-meri-zindagi-adayein-mp3-song-download</loc>
    </url>
    <url>
      <loc>https://www.pagalsongs.online/khasa-aala-chahar-kde-kde-song-download-2021</loc>
    </url>
    <url>
      <loc>https://www.pagalsongs.online/raja-ji-mp3-song-download</loc>
    </url>
    <url>
      <loc>https://www.pagalsongs.online/balle-balle-mp3-song-download</loc>
    </url>
    <url>
      <loc>https://www.pagalsongs.online/tokk-laagja-mp3-song-download</loc>
    </url>
    <url>
      <loc>https://www.pagalsongs.online/jaaneman-jaaneman-mp3-song-download</loc>
    </url>
    <url>
      <loc>https://www.pagalsongs.online/ishare-tere-karti-nigah-mp3--song-download</loc>
    </url>
    <url>
      <loc>https://www.pagalsongs.online/feelings-mp3--song-download</loc>
    </url>
    <url>
      <loc>https://www.pagalsongs.online/ding-dong-mp3-song-download</loc>
    </url>
    <url>
      <loc>https://www.pagalsongs.online/ye-meri-zindagi-mp3-song-download</loc>
    </url>
    <url>
      <loc>https://www.pagalsongs.online/saanson-ka-chalna-mp3-song-download</loc>
    </url>
    <url>
      <loc>https://www.pagalsongs.online/neha-kakkar-dilbar-mp3-song-download</loc>
    </url>
    <url>
      <loc>https://www.pagalsongs.online/vaaste-mp3-song-download-2024</loc>
    </url>
    <url>
      <loc>https://www.pagalsongs.online/rabb-wangu-mp3-song-download</loc>
    </url>
    <url>
      <loc>https://www.pagalsongs.online/ve-tainu-pata-hi-nahi-mp3-song-download</loc>
    </url>
    <url>
      <loc>https://www.pagalsongs.online/kya-tum-humse-ab-bhi-mohabbat-karte-ho-mp3-song-download</loc>
    </url>
    <url>
      <loc>https://www.pagalsongs.online/ek-baat-batao-toh-song-download-2021</loc>
    </url>
    <url>
      <loc>https://www.pagalsongs.online/filhaal-2-mohabbat-song-download-1-2021-b-praak</loc>
    </url>
    <url>
      <loc>https://www.pagalsongs.online/dil-da-showroom-mp3-song-download</loc>
    </url>
    <url>
      <loc>https://www.pagalsongs.online/laal-pari-mp3-song-download</loc>
    </url>
    <url>
      <loc>https://www.pagalsongs.online/kitna-pyaara-tujhe-rab-ne-banaya-remix-dj-mhd-mp3-song-download</loc>
    </url>
    <url>
      <loc>https://www.pagalsongs.online/chura-ke-dil-mera-mp3-song-download</loc>
    </url>
    <url>
      <loc>https://www.pagalsongs.online/nadiyon-paar-remix-dj-shadow-dubai-dj-piyush-bajaj-mp3-song-download</loc>
    </url>
    <url>
      <loc>https://www.pagalsongs.online/pakeezgi-mp3-song-download</loc>
    </url>
    <url>
      <loc>https://www.pagalsongs.online/naagni-mp3-song-download</loc>
    </url>
    <url>
      <loc>https://www.pagalsongs.online/always-for-you-mp3-0-download-2024</loc>
    </url>
    <url>
      <loc>https://www.pagalsongs.online/dj-pe-banadi-mp3-song-download</loc>
    </url>
    <url>
      <loc>https://www.pagalsongs.online/2-2-47-mp3-song-download</loc>
    </url>
    <url>
      <loc>https://www.pagalsongs.online/g-shit-mp3-songs-download-2021</loc>
    </url>
    <url>
      <loc>https://www.pagalsongs.online/chamber-mp3-song-download</loc>
    </url>
    <url>
      <loc>https://www.pagalsongs.online/she-dont-know-mp3-song-download</loc>
    </url>
    <url>
      <loc>https://www.pagalsongs.online/birthday-mp3-song-download</loc>
    </url>
    <url>
      <loc>https://www.pagalsongs.online/tum-hi-aana-mp3-song-download-</loc>
    </url>
    <url>
      <loc>https://www.pagalsongs.online/humnava-mere-mp3-song-download</loc>
    </url>
    <url>
      <loc>https://www.pagalsongs.online/despacito-mp3--song-download</loc>
    </url>
    <url>
      <loc>https://www.pagalsongs.online/pehli-peshi-mp3-song-download</loc>
    </url>
    <url>
      <loc>https://www.pagalsongs.online/haryana-k-desi-chore-mp3-song-download</loc>
    </url>
    <url>
      <loc>https://www.pagalsongs.online/dil-tod-ke-lofi-remix-aftermorning-mp3-song-download</loc>
    </url>
    <url>
      <loc>https://www.pagalsongs.online/tere-bin-cover-mp3-song-download</loc>
    </url>
    <url>
      <loc>https://www.pagalsongs.online/fly-high-mp3-song-download-2021</loc>
    </url>
    <url>
      <loc>https://www.pagalsongs.online/khaas-mp3-song-download-dino-james</loc>
    </url>
    <url>
      <loc>https://www.pagalsongs.online/jane-wale-laut-kar-aaya-kyon-nahi-mp3-song-download</loc>
    </url>
    <url>
      <loc>https://www.pagalsongs.online/tumhe-baarish-bada-yaad-karti-hai-mp3-song-download-2024</loc>
    </url>
    <url>
      <loc>https://www.pagalsongs.online/na-chain-se-jeene-degi-mp3-song-download</loc>
    </url>
    <url>
      <loc>https://www.pagalsongs.online/guzara-mp3-song-download</loc>
    </url>
    <url>
      <loc>https://www.pagalsongs.online/number-mp3-song-download</loc>
    </url>
    <url>
      <loc>https://www.pagalsongs.online/duniya-mp3-song-download-0</loc>
    </url>
    <url>
      <loc>https://www.pagalsongs.online/joker-mp3--song-download</loc>
    </url>
    <url>
      <loc>https://www.pagalsongs.online/este-loko-mp3-song-download</loc>
    </url>
    <url>
      <loc>https://www.pagalsongs.online/muqabla-remix-dj-piyush-bajaj-x-dj-tejas-mp3-song-download</loc>
    </url>
    <url>
      <loc>https://www.pagalsongs.online/sanseinn-mp3-song-download-2021</loc>
    </url>
    <url>
      <loc>https://www.pagalsongs.online/a-mp3---song-download-2024-85</loc>
    </url>
    <url>
      <loc>https://www.pagalsongs.online/ik-mauka-mp3-song-download</loc>
    </url>
    <url>
      <loc>https://www.pagalsongs.online/joru-ka-ghulam-mp3-song-download</loc>
    </url>
    <url>
      <loc>https://www.pagalsongs.online/mera-goodluck-mp3-song-download</loc>
    </url>
    <url>
      <loc>https://www.pagalsongs.online/umbrella-mp3-song-download</loc>
    </url>
    <url>
      <loc>https://www.pagalsongs.online/jaano-vadh-k-mp3-song-download</loc>
    </url>
    <url>
      <loc>https://www.pagalsongs.online/hamari-adhuri-kahani-title-track-mp3-song-download</loc>
    </url>
    <url>
      <loc>https://www.pagalsongs.online/sanam-re-mp3-song-download</loc>
    </url>
    <url>
      <loc>https://www.pagalsongs.online/khairiyat-mp3-song-download-00</loc>
    </url>
    <url>
      <loc>https://www.pagalsongs.online/ae-dil-hai-mushkil-mp3-song-download</loc>
    </url>
    <url>
      <loc>https://www.pagalsongs.online/balam-pichkari-mp3--song-download</loc>
    </url>
    <url>
      <loc>https://www.pagalsongs.online/baby-girl-mp3-song-download</loc>
    </url>
    <url>
      <loc>https://www.pagalsongs.online/agar-tum-saath-ho-mp3-song-download</loc>
    </url>
    <url>
      <loc>https://www.pagalsongs.online/emiway-bantai-paani-mai-song-download</loc>
    </url>
    <url>
      <loc>https://www.pagalsongs.online/lakeeran-mp3-song-download</loc>
    </url>
    <url>
      <loc>https://www.pagalsongs.online/kinni-kinni-vaari-mp3-song-download-1-1245</loc>
    </url>
    <url>
      <loc>https://www.pagalsongs.online/saari-saari-raat-mp3-song-download</loc>
    </url>
    <url>
      <loc>https://www.pagalsongs.online/pagla-pagli-2-mp3-song-download</loc>
    </url>
    <url>
      <loc>https://www.pagalsongs.online/pagla-pagli-1-mp3-song-download</loc>
    </url>
    <url>
      <loc>https://www.pagalsongs.online/pagla-pagli-3-mp3-song-download</loc>
    </url>
    <url>
      <loc>https://www.pagalsongs.online/rohit-nigam-sajna-mp3-song-download</loc>
    </url>
    <url>
      <loc>https://www.pagalsongs.online/backyard-mp3-song-download</loc>
    </url>
    <url>
      <loc>https://www.pagalsongs.online/yuvraaj-hans-suit-mp3-song-download</loc>
    </url>
    <url>
      <loc>https://www.pagalsongs.online/tera-chehra-jaan-meri-mp3-song-download</loc>
    </url>
    <url>
      <loc>https://www.pagalsongs.online/tumsa-nahi-mp3-song-download-1</loc>
    </url>
    <url>
      <loc>https://www.pagalsongs.online/ruchika-jangid-mp3---song-download-2024</loc>
    </url>
    <url>
      <loc>https://www.pagalsongs.online/tera-kardi-aa-mp3-song-download</loc>
    </url>
    <url>
      <loc>https://www.pagalsongs.online/biography-mp3-song-download</loc>
    </url>
    <url>
      <loc>https://www.pagalsongs.online/destroyed-mashup-dj-zaff-mp3-song-download</loc>
    </url>
    <url>
      <loc>https://www.pagalsongs.online/64-pedi-ki-heli-mp3--song-download</loc>
    </url>
    <url>
      <loc>https://www.pagalsongs.online/tu-lagdi-hot-mp3-song-download-1</loc>
    </url>
    <url>
      <loc>https://www.pagalsongs.online/yaaron-rab-se-dua-karo-mp3-song-download</loc>
    </url>
    <url>
      <loc>https://www.pagalsongs.online/k-haal-hai-mp3-song-download</loc>
    </url>
    <url>
      <loc>https://www.pagalsongs.online/takda-rainda-mp3-song-download</loc>
    </url>
    <url>
      <loc>https://www.pagalsongs.online/raund-2-0-mp3-song-download</loc>
    </url>
    <url>
      <loc>https://www.pagalsongs.online/brown-munde-remix-preskow-mp3-song-download</loc>
    </url>
    <url>
      <loc>https://www.pagalsongs.online/dupatte-ki-maar-mp3-song-download</loc>
    </url>
    <url>
      <loc>https://www.pagalsongs.online/dil-jalane-ki-baat-mp3-song-download</loc>
    </url>
    <url>
      <loc>https://www.pagalsongs.online/ron-na-deva-mp3-song-download</loc>
    </url>
    <url>
      <loc>https://www.pagalsongs.online/bandook-mp3-song-download</loc>
    </url>
    <url>
      <loc>https://www.pagalsongs.online/invincible-mp3-song-download-500</loc>
    </url>
    <url>
      <loc>https://www.pagalsongs.online/aashiq-mp3-song-download</loc>
    </url>
    <url>
      <loc>https://www.pagalsongs.online/uska-hi-banana-mp3-song-download</loc>
    </url>
    <url>
      <loc>https://www.pagalsongs.online/dj-chetas-paani-paani-remix-mp3-song-download</loc>
    </url>
    <url>
      <loc>https://www.pagalsongs.online/jatti-da-stand-mp3-song-download</loc>
    </url>
    <url>
      <loc>https://www.pagalsongs.online/gabru-da-naam-mp3-songs-download-2024</loc>
    </url>
    <url>
      <loc>https://www.pagalsongs.online/dhokhe-baaz-mp3-song-download</loc>
    </url>
    <url>
      <loc>https://www.pagalsongs.online/kya-mujhe-pyaar-hai-cover-mp3-song-download</loc>
    </url>
    <url>
      <loc>https://www.pagalsongs.online/ek-bewafaa-mashup-2021-aftermorning-mp3-song-download</loc>
    </url>
    <url>
      <loc>https://www.pagalsongs.online/jatta-mp3-song-download</loc>
    </url>
    <url>
      <loc>https://www.pagalsongs.online/begum-mp3-song-download-555</loc>
    </url>
    <url>
      <loc>https://www.pagalsongs.online/wajah-tum-ho-mp3-song-download</loc>
    </url>
    <url>
      <loc>https://www.pagalsongs.online/jalebi-baby-mp3-song-download</loc>
    </url>
    <url>
      <loc>https://www.pagalsongs.online/b-w-mp3-song-download-8858</loc>
    </url>
    <url>
      <loc>https://www.pagalsongs.online/milaa-yun-mp3-song-download</loc>
    </url>
    <url>
      <loc>https://www.pagalsongs.online/paagla-mp3-song-download-00</loc>
    </url>
    <url>
      <loc>https://www.pagalsongs.online/fanaa-mp3-song-download</loc>
    </url>
    <url>
      <loc>https://www.pagalsongs.online/oh-oh-jane-jaana-remix-dj-vicky-nyc-mp3-song-download</loc>
    </url>
    <url>
      <loc>https://www.pagalsongs.online/dhuan-mp3--song-download</loc>
    </url>
    <url>
      <loc>https://www.pagalsongs.online/ayush-talniya-shy-mp3-song-download</loc>
    </url>
    <url>
      <loc>https://www.pagalsongs.online/top-notch-gabru-song-download-vicky</loc>
    </url>
    <url>
      <loc>https://www.pagalsongs.online/pidho-mp3-song-download</loc>
    </url>
    <url>
      <loc>https://www.pagalsongs.online/armani-mp3-song-download</loc>
    </url>
    <url>
      <loc>https://www.pagalsongs.online/pyar-tera-mp3-song-download</loc>
    </url>
    <url>
      <loc>https://www.pagalsongs.online/na-hai-time-mp3-song-download</loc>
    </url>
    <url>
      <loc>https://www.pagalsongs.online/underrated-mp3-song-download</loc>
    </url>
    <url>
      <loc>https://www.pagalsongs.online/pyaar-acha-lagta-hai-mp3-song-download</loc>
    </url>
    <url>
      <loc>https://www.pagalsongs.online/roka-mp3-song-download</loc>
    </url>
    <url>
      <loc>https://www.pagalsongs.online/mere-daman-aali-jhol-mp3-song-download</loc>
    </url>
    <url>
      <loc>https://www.pagalsongs.online/mere-rashke-qamar-x-chhor-denge-mp3-song-download</loc>
    </url>
    <url>
      <loc>https://www.pagalsongs.online/tere-naalon-mp3-song-download</loc>
    </url>
    <url>
      <loc>https://www.pagalsongs.online/kitna-pyaara-cover-mp3-song-download</loc>
    </url>
    <url>
      <loc>https://www.pagalsongs.online/mera-good-luck-mp3-song-download</loc>
    </url>
    <url>
      <loc>https://www.pagalsongs.online/aabaad-barbaad-remix-dj-piyush-bajaj-x-dj-kiran-kamath-mp3-song-download-2024</loc>
    </url>
    <url>
      <loc>https://www.pagalsongs.online/saawan-mein-mp3-song-download</loc>
    </url>
    <url>
      <loc>https://www.pagalsongs.online/meri-jaan-mp3-song-download</loc>
    </url>
    <url>
      <loc>https://www.pagalsongs.online/tere-bagairr-mp3-song-download-himesh</loc>
    </url>
    <url>
      <loc>https://www.pagalsongs.online/m-b-mp3---songs-download-2024-55</loc>
    </url>
    <url>
      <loc>https://www.pagalsongs.online/saukha-nayio-mileya-mp3-song-download</loc>
    </url>
    <url>
      <loc>https://www.pagalsongs.online/jodhpur-mp3-song-download</loc>
    </url>
    <url>
      <loc>https://www.pagalsongs.online/jadi-buti-remix-dj-ravish-dj-chico-mp3-song-download</loc>
    </url>
    <url>
      <loc>https://www.pagalsongs.online/bahla-changa-mp3-song-download</loc>
    </url>
    <url>
      <loc>https://www.pagalsongs.online/ishqe-di-doriyan-mp3-song-download</loc>
    </url>
    <url>
      <loc>https://www.pagalsongs.online/sarthi-k-jaan-mp3-song-download</loc>
    </url>
    <url>
      <loc>https://www.pagalsongs.online/millind-gaba-shanti-mp3-song-download</loc>
    </url>
    <url>
      <loc>https://www.pagalsongs.online/feeling-mashup-2021-dj-hitesh-mp3-song-download</loc>
    </url>
    <url>
      <loc>https://www.pagalsongs.online/naaz-aulakh-laare-mp3-song-download</loc>
    </url>
    <url>
      <loc>https://www.pagalsongs.online/desi-haan-ji-mp3-song-download-6</loc>
    </url>
    <url>
      <loc>https://www.pagalsongs.online/g-p-mp3--songs-download--2024</loc>
    </url>
    <url>
      <loc>https://www.pagalsongs.online/pain-mashup-2021-dip-sr-mp3-song-download</loc>
    </url>
    <url>
      <loc>https://www.pagalsongs.online/naagin-remix-dj-piyush-bajaj-x-dj-paroma-mp3-song-download</loc>
    </url>
    <url>
      <loc>https://www.pagalsongs.online/ishqe-di-galliyan-mp3-song-download</loc>
    </url>
    <url>
      <loc>https://www.pagalsongs.online/dj-zaff-dulhe-ka-sehra-suhana-lagta-hai-remix-mp3-song-download</loc>
    </url>
    <url>
      <loc>https://www.pagalsongs.online/jam-with-jubin-live-mp3-song-download</loc>
    </url>
    <url>
      <loc>https://www.pagalsongs.online/phisal-jaa-tu-mp3-song-download</loc>
    </url>
    <url>
      <loc>https://www.pagalsongs.online/nainital-k-jhumke-mp3-song-download</loc>
    </url>
    <url>
      <loc>https://www.pagalsongs.online/rani-cypher-mp3-song-download-2024</loc>
    </url>
    <url>
      <loc>https://www.pagalsongs.online/jeep-mp3-song-download</loc>
    </url>
    <url>
      <loc>https://www.pagalsongs.online/dhila-jurha-mp3-song-download</loc>
    </url>
    <url>
      <loc>https://www.pagalsongs.online/gita-saar-x-yada-yada-hi-dharmasya-mp3-song-download</loc>
    </url>
    <url>
      <loc>https://www.pagalsongs.online/naam-lele-mp3-song-download</loc>
    </url>
    <url>
      <loc>https://www.pagalsongs.online/regret-mp3---song-download-2024--5555-0</loc>
    </url>
    <url>
      <loc>https://www.pagalsongs.online/my-time-mp3-song-download</loc>
    </url>
    <url>
      <loc>https://www.pagalsongs.online/juskeys-shehzada-mp3-song-download</loc>
    </url>
    <url>
      <loc>https://www.pagalsongs.online/broken-love-mashup-2021-aftermorning-chillout-mp3-song-download</loc>
    </url>
    <url>
      <loc>https://www.pagalsongs.online/canada-mp3-song-download</loc>
    </url>
    <url>
      <loc>https://www.pagalsongs.online/tujhe-yaad-na-meri-aayee-remix-dj-zaff-mp3-song-download</loc>
    </url>
    <url>
      <loc>https://www.pagalsongs.online/arvy-mustafa-oye-hoye-mp3--song-download</loc>
    </url>
    <url>
      <loc>https://www.pagalsongs.online/mere-wala-jatt-mp3-song-download</loc>
    </url>
    <url>
      <loc>https://www.pagalsongs.online/shiv-tandav-stotram-mp3-song-download</loc>
    </url>
    <url>
      <loc>https://www.pagalsongs.online/meera-ke-prabhu-giridhar-nagar-mp3-song-download</loc>
    </url>
    <url>
      <loc>https://www.pagalsongs.online/beder-meye-josna-2-0-mp3-song-download</loc>
    </url>
    <url>
      <loc>https://www.pagalsongs.online/viah-di-khabar-mp3-song-download</loc>
    </url>
    <url>
      <loc>https://www.pagalsongs.online/munde-mere-shehar-de-mp3-song-download</loc>
    </url>
    <url>
      <loc>https://www.pagalsongs.online/kat-ke-kaleja-dikha-denge-mp3-song-download</loc>
    </url>
    <url>
      <loc>https://www.pagalsongs.online/tujhse-shuru-mp3-song-download</loc>
    </url>
    <url>
      <loc>https://www.pagalsongs.online/masstaani-remix-dj-zaff-mp3-song-download</loc>
    </url>
    <url>
      <loc>https://www.pagalsongs.online/royega-mp3-song-download-0</loc>
    </url>
    <url>
      <loc>https://www.pagalsongs.online/billos-town-mp3-song-download</loc>
    </url>
    <url>
      <loc>https://www.pagalsongs.online/number-likh-mp3-song-download</loc>
    </url>
    <url>
      <loc>https://www.pagalsongs.online/joban-dhandra-zindagi-mp3-song-download</loc>
    </url>
    <url>
      <loc>https://www.pagalsongs.online/sun-sonio-mp3-song-download</loc>
    </url>
    <url>
      <loc>https://www.pagalsongs.online/tera-hissa-hoon-mp3-song-download</loc>
    </url>
    <url>
      <loc>https://www.pagalsongs.online/zara-zara-mp3-song-download-1-1</loc>
    </url>
    <url>
      <loc>https://www.pagalsongs.online/paagall-mp3-song-download</loc>
    </url>
    <url>
      <loc>https://www.pagalsongs.online/laung-laachi-x-kaala-doreya-mp3-song-download-2024</loc>
    </url>
    <url>
      <loc>https://www.pagalsongs.online/t-series-mixtape-rewind-2021-promo-mp3-song-download</loc>
    </url>
    <url>
      <loc>https://www.pagalsongs.online/badami-rang</loc>
    </url>
    <url>
      <loc>https://www.pagalsongs.online/bacdafucup-intro-mp3-song-download</loc>
    </url>
    <url>
      <loc>https://www.pagalsongs.online/chora-gaam-ka-mp3--song-download</loc>
    </url>
    <url>
      <loc>https://www.pagalsongs.online/so-high-mp3---0s-download-2024-0</loc>
    </url>
    <url>
      <loc>https://www.pagalsongs.online/bapu-banda-bomb-mp3-song-download</loc>
    </url>
    <url>
      <loc>https://www.pagalsongs.online/s-t-g-mp3---songs-download-2024</loc>
    </url>
    <url>
      <loc>https://www.pagalsongs.online/daaru-24x7-mp3-song-download</loc>
    </url>
    <url>
      <loc>https://www.pagalsongs.online/ultimatum-mp3---song-download</loc>
    </url>
    <url>
      <loc>https://www.pagalsongs.online/huye-judaa-kyun-mp3-song-download</loc>
    </url>
    <url>
      <loc>https://www.pagalsongs.online/dil-melt-karda-mp3-song-download</loc>
    </url>
    <url>
      <loc>https://www.pagalsongs.online/fall-off-mp3-song-download</loc>
    </url>
    <url>
      <loc>https://www.pagalsongs.online/bhinda-aujla-gurlej-akhtar-parche-mp3-song-download</loc>
    </url>
    <url>
      <loc>https://www.pagalsongs.online/roobaroo-mp3-song-download</loc>
    </url>
    <url>
      <loc>https://www.pagalsongs.online/main-bas-kehti-nahi-mp3-songs-download-1-2024</loc>
    </url>
    <url>
      <loc>https://www.pagalsongs.online/surma-mp3-song-download</loc>
    </url>
    <url>
      <loc>https://www.pagalsongs.online/twajjo-mp3-song-download</loc>
    </url>
    <url>
      <loc>https://www.pagalsongs.online/tenu-yaad-karaan-mp3-song-download</loc>
    </url>
    <url>
      <loc>https://www.pagalsongs.online/aaja-bapu-love-u-papa-mp3---song-download</loc>
    </url>
    <url>
      <loc>https://www.pagalsongs.online/memories-lofi-mashup-dj-harsh-sharma-sunix-thakor-mp3-song-download</loc>
    </url>
    <url>
      <loc>https://www.pagalsongs.online/mere-sohneya-x-tute-baajuband-mp3-song-download-2024</loc>
    </url>
    <url>
      <loc>https://www.pagalsongs.online/rangilo-maro-dholna-remix-dj-piyush-bajaj-x-dj-harshit-shah-mp3-song-download</loc>
    </url>
    <url>
      <loc>https://www.pagalsongs.online/good-luck-mp3-song-download</loc>
    </url>
    <url>
      <loc>https://www.pagalsongs.online/agg-lagdi-mp3-song-download</loc>
    </url>
    <url>
      <loc>https://www.pagalsongs.online/rok-lai-mp3-song-download</loc>
    </url>
    <url>
      <loc>https://www.pagalsongs.online/these-days-mp3--song-download-2024-00011-0</loc>
    </url>
    <url>
      <loc>https://www.pagalsongs.online/dilbar-dilbar-remix-dj-piyush-bajaj-x-dj-hani-dubai-mp3-song-download</loc>
    </url>
    <url>
      <loc>https://www.pagalsongs.online/achha-ve-achha-mp3-song-download</loc>
    </url>
    <url>
      <loc>https://www.pagalsongs.online/sucha-soorma-mp3-song-download</loc>
    </url>
    <url>
      <loc>https://www.pagalsongs.online/morni-mp3-song-download-renuka</loc>
    </url>
    <url>
      <loc>https://www.pagalsongs.online/sushant-singh-rajput-mashup-2021-amtee-song-download</loc>
    </url>
    <url>
      <loc>https://www.pagalsongs.online/romantically-yours-the-love-mashup-dj-paroma-mp3-song-download</loc>
    </url>
    <url>
      <loc>https://www.pagalsongs.online/dil-tod-ke-remix-aftermorning-mp3-song-download</loc>
    </url>
    <url>
      <loc>https://www.pagalsongs.online/spend-life-mp3-song-download-2024</loc>
    </url>
    <url>
      <loc>https://www.pagalsongs.online/fielding-mp3-song-download</loc>
    </url>
    <url>
      <loc>https://www.pagalsongs.online/rajdulaari-mp3-song-download-0</loc>
    </url>
    <url>
      <loc>https://www.pagalsongs.online/necklace-mp3-song-download</loc>
    </url>
    <url>
      <loc>https://www.pagalsongs.online/blackmail-mp3-song-download</loc>
    </url>
    <url>
      <loc>https://www.pagalsongs.online/sampreet-dutta-alvida-mp3-song-download</loc>
    </url>
    <url>
      <loc>https://www.pagalsongs.online/paranoid-mp3-song-download</loc>
    </url>
    <url>
      <loc>https://www.pagalsongs.online/kadir-thind-ik-din-mp3-song-download</loc>
    </url>
    <url>
      <loc>https://www.pagalsongs.online/kade-kade-mp3-song-download</loc>
    </url>
    <url>
      <loc>https://www.pagalsongs.online/naa-chalda-mp3-song-download</loc>
    </url>
    <url>
      <loc>https://www.pagalsongs.online/astronaut-in-the-ocean-cover-mp3-song-download</loc>
    </url>
    <url>
      <loc>https://www.pagalsongs.online/tainu-pata-e-aa-mp3-song-download</loc>
    </url>
    <url>
      <loc>https://www.pagalsongs.online/kitna-maza-hai-mp3-songs-download</loc>
    </url>
    <url>
      <loc>https://www.pagalsongs.online/main-teri-ho-gayi-x-humsafar-kunal-bojewar-cover-mp3-song-download-2024</loc>
    </url>
    <url>
      <loc>https://www.pagalsongs.online/prem-ratan-dhan-payo-x-is-kadar-mp3-song-download</loc>
    </url>
    <url>
      <loc>https://www.pagalsongs.online/prem-ratan-dhan-paayo-x-isqadar-mp3-song-download</loc>
    </url>
    <url>
      <loc>https://www.pagalsongs.online/dj-pe-nachungi-mp3-song-download</loc>
    </url>
    <url>
      <loc>https://www.pagalsongs.online/fake-yaar-mp3-song-download</loc>
    </url>
    <url>
      <loc>https://www.pagalsongs.online/fashion-di-definition-mp3-song-download-2024</loc>
    </url>
    <url>
      <loc>https://www.pagalsongs.online/dream-mein-entry-mp3-song-download-1</loc>
    </url>
    <url>
      <loc>https://www.pagalsongs.online/sun-sohneya-mp3--song-download</loc>
    </url>
    <url>
      <loc>https://www.pagalsongs.online/surroor-title-track-song-download-2021-new</loc>
    </url>
    <url>
      <loc>https://www.pagalsongs.online/geda-geda-mp3-song-download</loc>
    </url>
    <url>
      <loc>https://www.pagalsongs.online/aaya-jado-da-mp3-song-download</loc>
    </url>
    <url>
      <loc>https://www.pagalsongs.online/excuse-mp3-song-download</loc>
    </url>
    <url>
      <loc>https://www.pagalsongs.online/bedardi-se-pyar-ka-sahara-na-mila-mp3-song-download</loc>
    </url>
    <url>
      <loc>https://www.pagalsongs.online/kya-mujhe-pyaar-hai-x-tu-hi-meri-shab-mp3-song-download</loc>
    </url>
    <url>
      <loc>https://www.pagalsongs.online/jhanjhariya-remix-dj-shadow-dubai-mp3-song-download</loc>
    </url>
    <url>
      <loc>https://www.pagalsongs.online/yaad-na-aana-mp3-song-download-1</loc>
    </url>
    <url>
      <loc>https://www.pagalsongs.online/s-n-mp3-songs-download-2024-0</loc>
    </url>
    <url>
      <loc>https://www.pagalsongs.online/maahi-kithe-mp3-song-download-2021</loc>
    </url>
    <url>
      <loc>https://www.pagalsongs.online/brown-munde-x-pubg-ka-shokin-remix-dj-alphacue-mp3-song-download-2024</loc>
    </url>
    <url>
      <loc>https://www.pagalsongs.online/simar-dorraha-sorry-mp3--song-download</loc>
    </url>
    <url>
      <loc>https://www.pagalsongs.online/gol-mol-mp3-song-download</loc>
    </url>
    <url>
      <loc>https://www.pagalsongs.online/sweet-dreams-mp3-song-download-2024</loc>
    </url>
    <url>
      <loc>https://www.pagalsongs.online/kise-de-kol-gal-na-kari-mp3-song-download</loc>
    </url>
    <url>
      <loc>https://www.pagalsongs.online/fan-mp3-song-download</loc>
    </url>
    <url>
      <loc>https://www.pagalsongs.online/meri-parchayi-mp3-song-download</loc>
    </url>
    <url>
      <loc>https://www.pagalsongs.online/paani-paani-mp3-song-download-1</loc>
    </url>
    <url>
      <loc>https://www.pagalsongs.online/jaan-bhula-ke-mp3-song-download</loc>
    </url>
    <url>
      <loc>https://www.pagalsongs.online/aag-lagi-hai-mp3-song-download</loc>
    </url>
    <url>
      <loc>https://www.pagalsongs.online/bedardi-se-pyaar-ka-mp3-song-download</loc>
    </url>
    <url>
      <loc>https://www.pagalsongs.online/maye-ni-maye-munder-pe-teri-x-aa-jana-sajna-mp3-song-download</loc>
    </url>
    <url>
      <loc>https://www.pagalsongs.online/psycho-mp3-song-download</loc>
    </url>
    <url>
      <loc>https://www.pagalsongs.online/ek-ladki-bheegi-bhaagi-si-party-mix-aqeel-ali-mp3-song-download</loc>
    </url>
    <url>
      <loc>https://www.pagalsongs.online/khatri-lamborghini-mp3-song-download</loc>
    </url>
    <url>
      <loc>https://www.pagalsongs.online/all-bamb-mp3---song-download</loc>
    </url>
    <url>
      <loc>https://www.pagalsongs.online/jind-mp3-song-download</loc>
    </url>
    <url>
      <loc>https://www.pagalsongs.online/saiyaan-ji-remix-dj-purvish-mp3-song-download</loc>
    </url>
    <url>
      <loc>https://www.pagalsongs.online/chand-chand-mp3-song-download</loc>
    </url>
    <url>
      <loc>https://www.pagalsongs.online/bounce-back-mp3-song-download</loc>
    </url>
    <url>
      <loc>https://www.pagalsongs.online/beparwaiyan-mp3-song-download</loc>
    </url>
    <url>
      <loc>https://www.pagalsongs.online/juraban-mp3-song-download</loc>
    </url>
    <url>
      <loc>https://www.pagalsongs.online/genda-phool-mp3-song-download</loc>
    </url>
    <url>
      <loc>https://www.pagalsongs.online/shehar-ki-gali-mp3-song-download</loc>
    </url>
    <url>
      <loc>https://www.pagalsongs.online/m-g-f-mp3---song-download-2024-1</loc>
    </url>
    <url>
      <loc>https://www.pagalsongs.online/chacha-huu-mp3---songs-download-2024-1-0</loc>
    </url>
    <url>
      <loc>https://www.pagalsongs.online/acha-ve-acha-mp3-song-download</loc>
    </url>
    <url>
      <loc>https://www.pagalsongs.online/noya-daman-mp3-song-download</loc>
    </url>
    <url>
      <loc>https://www.pagalsongs.online/jaanein-bachayenge-mp3-song-download</loc>
    </url>
    <url>
      <loc>https://www.pagalsongs.online/parshawan-mp3-song-download-88888</loc>
    </url>
    <url>
      <loc>https://www.pagalsongs.online/kajra-mohabbat-wala-vs-jhoomka-gira-re-remix-dj-cracker-mp3-song-download</loc>
    </url>
    <url>
      <loc>https://www.pagalsongs.online/bahon-ke-darmiyan-cover-mp3-song-download</loc>
    </url>
    <url>
      <loc>https://www.pagalsongs.online/halka-halka-suroor-x-raabta-mp3-songs-download-2024-8</loc>
    </url>
    <url>
      <loc>https://www.pagalsongs.online/i-feel-mp3-song-download</loc>
    </url>
    <url>
      <loc>https://www.pagalsongs.online/dil-todeya-mp3-song-download</loc>
    </url>
    <url>
      <loc>https://www.pagalsongs.online/balle-mp3-song-download</loc>
    </url>
    <url>
      <loc>https://www.pagalsongs.online/papa-mp3-song-download-1</loc>
    </url>
    <url>
      <loc>https://www.pagalsongs.online/round-mp3-song-download</loc>
    </url>
    <url>
      <loc>https://www.pagalsongs.online/rim-mp3--song-download</loc>
    </url>
    <url>
      <loc>https://www.pagalsongs.online/dilwale-mp3-song-download</loc>
    </url>
    <url>
      <loc>https://www.pagalsongs.online/1984-mp3-song-download</loc>
    </url>
    <url>
      <loc>https://www.pagalsongs.online/sath-mai-mp3-song-download</loc>
    </url>
    <url>
      <loc>https://www.pagalsongs.online/good-4-u-cover-mp3-song-download</loc>
    </url>
    <url>
      <loc>https://www.pagalsongs.online/sham-mp3-song-download</loc>
    </url>
    <url>
      <loc>https://www.pagalsongs.online/laare-mp3-song-download</loc>
    </url>
    <url>
      <loc>https://www.pagalsongs.online/time-chakadu-mp3-song-download</loc>
    </url>
    <url>
      <loc>https://www.pagalsongs.online/farak-pe-geya-mp3-song-download</loc>
    </url>
    <url>
      <loc>https://www.pagalsongs.online/noya-daman-x-sarbatomangal-radhe-mp3-song-download-2024</loc>
    </url>
    <url>
      <loc>https://www.pagalsongs.online/heere-barga-mp3-song-download</loc>
    </url>
    <url>
      <loc>https://www.pagalsongs.online/vajood-mp3-song-download</loc>
    </url>
    <url>
      <loc>https://www.pagalsongs.online/jasmeen-akhtar-kalakaar-mp3-song-download</loc>
    </url>
    <url>
      <loc>https://www.pagalsongs.online/jab-main-badal-ban-jau-mp3-song-download-2</loc>
    </url>
    <url>
      <loc>https://www.pagalsongs.online/tu-kabhi-kabhi-mp3-song-download</loc>
    </url>
    <url>
      <loc>https://www.pagalsongs.online/jaan-bulake-mp3-song-download</loc>
    </url>
    <url>
      <loc>https://www.pagalsongs.online/dj-cracker-tune-o-rangeele-kaisa-jadoo-kiya-remix-mp3-song-download</loc>
    </url>
    <url>
      <loc>https://www.pagalsongs.online/baarish-ban-jana-song-download-payal-dev-stebin-ben-0</loc>
    </url>
    <url>
      <loc>https://www.pagalsongs.online/dakke-firde-mp3-song-download</loc>
    </url>
    <url>
      <loc>https://www.pagalsongs.online/jaaniya-mp3-song-download</loc>
    </url>
    <url>
      <loc>https://www.pagalsongs.online/on-and-on-mp3-song-download</loc>
    </url>
    <url>
      <loc>https://www.pagalsongs.online/landscape-mp3--song-download</loc>
    </url>
    <url>
      <loc>https://www.pagalsongs.online/kyon-mp3-song-download-00</loc>
    </url>
    <url>
      <loc>https://www.pagalsongs.online/dil-ali-baat-mp3-song-download</loc>
    </url>
    <url>
      <loc>https://www.pagalsongs.online/chhora-gaam-ka-mp3-song-download</loc>
    </url>
    <url>
      <loc>https://www.pagalsongs.online/impress-mp3-song-download</loc>
    </url>
    <url>
      <loc>https://www.pagalsongs.online/kabira-mp3-song-download-jubin-nautiyal</loc>
    </url>
    <url>
      <loc>https://www.pagalsongs.online/dj-purvish-kiya-kiya-remix-mp3-song-download</loc>
    </url>
    <url>
      <loc>https://www.pagalsongs.online/dj-chetas-ghalat-fehmi-remix-mp3-song-download</loc>
    </url>
    <url>
      <loc>https://www.pagalsongs.online/idhar-aane-ka-nahi-mp3-song-download</loc>
    </url>
    <url>
      <loc>https://www.pagalsongs.online/goa-wale-beach-pe-mp3-song-download</loc>
    </url>
    <url>
      <loc>https://www.pagalsongs.online/dheeme-dheeme-mp3-song-download</loc>
    </url>
    <url>
      <loc>https://www.pagalsongs.online/kati-jeher-mp3-song-download</loc>
    </url>
    <url>
      <loc>https://www.pagalsongs.online/gora-rang-song-download</loc>
    </url>
    <url>
      <loc>https://www.pagalsongs.online/nazar-mp3-song-download</loc>
    </url>
    <url>
      <loc>https://www.pagalsongs.online/risk-mp3--song-download</loc>
    </url>
    <url>
      <loc>https://www.pagalsongs.online/do-pal-cover-mp3-song-download</loc>
    </url>
    <url>
      <loc>https://www.pagalsongs.online/12345678-mp3-song-download</loc>
    </url>
    <url>
      <loc>https://www.pagalsongs.online/dil-hai-seedha-sadha-mp3-song-download</loc>
    </url>
    <url>
      <loc>https://www.pagalsongs.online/jeena-paauni-aa-mp3-song-download</loc>
    </url>
    <url>
      <loc>https://www.pagalsongs.online/rat-race-mp3-song-download</loc>
    </url>
    <url>
      <loc>https://www.pagalsongs.online/chor-mp3-song-download</loc>
    </url>
    <url>
      <loc>https://www.pagalsongs.online/anushka-gupta-cinderella-mp3-song-download</loc>
    </url>
    <url>
      <loc>https://www.pagalsongs.online/karan-bawa-bullet-mp3-song-download</loc>
    </url>
    <url>
      <loc>https://www.pagalsongs.online/pyaar-kari-jaane-o-mp3-song-download</loc>
    </url>
    <url>
      <loc>https://www.pagalsongs.online/pathar-mp3-song-download</loc>
    </url>
    <url>
      <loc>https://www.pagalsongs.online/setti-mp3-song-download</loc>
    </url>
    <url>
      <loc>https://www.pagalsongs.online/mera-jee-karda-mp3-song-download</loc>
    </url>
    <url>
      <loc>https://www.pagalsongs.online/dilbar-mere-cover-mp3-song-download</loc>
    </url>
    <url>
      <loc>https://www.pagalsongs.online/ki-tusi-jande-o-mp3-song-download</loc>
    </url>
    <url>
      <loc>https://www.pagalsongs.online/mere-saahiba-mp3-song-download</loc>
    </url>
    <url>
      <loc>https://www.pagalsongs.online/sneh-upadhya-mahi-mp3-song-download</loc>
    </url>
    <url>
      <loc>https://www.pagalsongs.online/balcony-mp3-song-download</loc>
    </url>
    <url>
      <loc>https://www.pagalsongs.online/bhalobasha-dhowate-orai-mp3-song-download</loc>
    </url>
    <url>
      <loc>https://www.pagalsongs.online/tohfe-mp3-song-download</loc>
    </url>
    <url>
      <loc>https://www.pagalsongs.online/tera-sheher-mp3-song-download</loc>
    </url>
    <url>
      <loc>https://www.pagalsongs.online/rooh-mp3-song-download</loc>
    </url>
    <url>
      <loc>https://www.pagalsongs.online/peera-mp3-song-download</loc>
    </url>
    <url>
      <loc>https://www.pagalsongs.online/supna-mp3-song-download</loc>
    </url>
    <url>
      <loc>https://www.pagalsongs.online/pindan-de-naa-mp3-song-download</loc>
    </url>
    <url>
      <loc>https://www.pagalsongs.online/bantai-ki-public-mp3-song-download</loc>
    </url>
    <url>
      <loc>https://www.pagalsongs.online/chaar-chooriya-mp3-song-download</loc>
    </url>
    <url>
      <loc>https://www.pagalsongs.online/fikar-kari-na-ammiye-mp3-song-download</loc>
    </url>
    <url>
      <loc>https://www.pagalsongs.online/8-parche-mp3-song-download-0</loc>
    </url>
    <url>
      <loc>https://www.pagalsongs.online/lehenga-mp3--song-download</loc>
    </url>
    <url>
      <loc>https://www.pagalsongs.online/sajnaa-aa-bhi-ja-lofi-aftermorning-remix-mp3-song-download</loc>
    </url>
    <url>
      <loc>https://www.pagalsongs.online/heere-warga-mp3-song-download</loc>
    </url>
    <url>
      <loc>https://www.pagalsongs.online/dog-we-are-back-mp3-songs-download-2024</loc>
    </url>
    <url>
      <loc>https://www.pagalsongs.online/amarinder-listen-jatta-mp3-song-download</loc>
    </url>
    <url>
      <loc>https://www.pagalsongs.online/yaad-jaaye-na-mp3-song-download</loc>
    </url>
    <url>
      <loc>https://www.pagalsongs.online/fearless-mp3-song-download-2024</loc>
    </url>
    <url>
      <loc>https://www.pagalsongs.online/game-over-mp3-song-download</loc>
    </url>
    <url>
      <loc>https://www.pagalsongs.online/brown-shortie-mp3-song-download-2024-0</loc>
    </url>
    <url>
      <loc>https://www.pagalsongs.online/chota-number-mp3-song-download</loc>
    </url>
    <url>
      <loc>https://www.pagalsongs.online/breathless-mp3-song-download</loc>
    </url>
    <url>
      <loc>https://www.pagalsongs.online/stand-with-you-mp3-song-download-2024</loc>
    </url>
    <url>
      <loc>https://www.pagalsongs.online/boo-call-skit-mp3---song-download-2024-12-12</loc>
    </url>
    <url>
      <loc>https://www.pagalsongs.online/bodi-wale-taare-takk-mp3---song-download</loc>
    </url>
    <url>
      <loc>https://www.pagalsongs.online/meme-machine-mp3-song-download</loc>
    </url>
    <url>
      <loc>https://www.pagalsongs.online/clever-mp3-song-download</loc>
    </url>
    <url>
      <loc>https://www.pagalsongs.online/tune-jo-na-kaha-cover-mp3-song-download</loc>
    </url>
    <url>
      <loc>https://www.pagalsongs.online/dj-vicky-nyc-brown-munde-remix-mp3-song-download</loc>
    </url>
    <url>
      <loc>https://www.pagalsongs.online/karha-2-mp3-song-download</loc>
    </url>
    <url>
      <loc>https://www.pagalsongs.online/kai-din-se-mujhe-mp3--song-download</loc>
    </url>
    <url>
      <loc>https://www.pagalsongs.online/sidhu-moose-wala-moosedrilla-mp3---song-download-2024-10</loc>
    </url>
    <url>
      <loc>https://www.pagalsongs.online/kamal-khan-gabru-mp3-song-download</loc>
    </url>
    <url>
      <loc>https://www.pagalsongs.online/mannda-ee-ni-mp3-song-download</loc>
    </url>
    <url>
      <loc>https://www.pagalsongs.online/puadh-mp3-song-download</loc>
    </url>
    <url>
      <loc>https://www.pagalsongs.online/deep-chahal-ki-tusi-jande-o-mp3-song-download</loc>
    </url>
    <url>
      <loc>https://www.pagalsongs.online/tune-kya-kiya-mp3-song-download</loc>
    </url>
    <url>
      <loc>https://www.pagalsongs.online/chaap-tilak-x-piya-se-naina-mp3-songs-download-2024-sachet-parampara</loc>
    </url>
    <url>
      <loc>https://www.pagalsongs.online/tum-se-hi-x-hare-krishna-mp3-song-download</loc>
    </url>
    <url>
      <loc>https://www.pagalsongs.online/tu-mera-dil-tu-meri-jaan-mp3-song-download</loc>
    </url>
    <url>
      <loc>https://www.pagalsongs.online/tere-jeya-hor-disda-x-meera-ke-prabhu-mp3-song-download</loc>
    </url>
    <url>
      <loc>https://www.pagalsongs.online/albela-x-aigiri-nandini-mp3-song---download</loc>
    </url>
    <url>
      <loc>https://www.pagalsongs.online/duma-dum-x-kothe-te-aa-mahiya-mp3-song-download</loc>
    </url>
    <url>
      <loc>https://www.pagalsongs.online/nagin-mp3-song-download</loc>
    </url>
    <url>
      <loc>https://www.pagalsongs.online/milon-hobe-koto-dine-mp3-song-download</loc>
    </url>
    <url>
      <loc>https://www.pagalsongs.online/breaking-the-rules-mp3-song-download</loc>
    </url>
    <url>
      <loc>https://www.pagalsongs.online/perfect-mp3-song-download</loc>
    </url>
    <url>
      <loc>https://www.pagalsongs.online/leave-before-you-love-me-mp3-0s-download-2024-0</loc>
    </url>
    <url>
      <loc>https://www.pagalsongs.online/kya-kiya-hain-tune-mp3-song-download</loc>
    </url>
    <url>
      <loc>https://www.pagalsongs.online/rabba-ve-mp3-song-download</loc>
    </url>
    <url>
      <loc>https://www.pagalsongs.online/befikra-mp3-song-download</loc>
    </url>
    <url>
      <loc>https://www.pagalsongs.online/ghav-mp3-song-download-2</loc>
    </url>
    <url>
      <loc>https://www.pagalsongs.online/challa-mp3-song-download</loc>
    </url>
    <url>
      <loc>https://www.pagalsongs.online/aabaad-barbaad-remix-dj-avi-x-dj-akd-mp3-songs-download-2024</loc>
    </url>
    <url>
      <loc>https://www.pagalsongs.online/baadshah-o-baadshah-remix-dj-shadow-dubai-dj-dharak-mp3-song-download</loc>
    </url>
    <url>
      <loc>https://www.pagalsongs.online/jeen-di-gal-mp3-song-download</loc>
    </url>
    <url>
      <loc>https://www.pagalsongs.online/lost-memories-mashup-2021-dip-sr-x-dj-ad-mp3-songs-download-2024</loc>
    </url>
    <url>
      <loc>https://www.pagalsongs.online/naiyo-lagna-mp3-song-download</loc>
    </url>
    <url>
      <loc>https://www.pagalsongs.online/madam-mp3--songs-download</loc>
    </url>
    <url>
      <loc>https://www.pagalsongs.online/kaali-kaali-kurti-mp3-song-download</loc>
    </url>
    <url>
      <loc>https://www.pagalsongs.online/bad-gabru-mp3-song-download</loc>
    </url>
    <url>
      <loc>https://www.pagalsongs.online/radio-remix-dj-shadow-dubai-mp3-song-download</loc>
    </url>
    <url>
      <loc>https://www.pagalsongs.online/turban-king-mp3-songs-download-2024</loc>
    </url>
    <url>
      <loc>https://www.pagalsongs.online/yaraane-mp3-song-download</loc>
    </url>
    <url>
      <loc>https://www.pagalsongs.online/kanth-kaler-dil-di-gal-mp3-song-download</loc>
    </url>
    <url>
      <loc>https://www.pagalsongs.online/win-mp3-song-download</loc>
    </url>
    <url>
      <loc>https://www.pagalsongs.online/maar-hi-dalogi-mp3-song-download</loc>
    </url>
    <url>
      <loc>https://www.pagalsongs.online/aly-mp3-song-download</loc>
    </url>
    <url>
      <loc>https://www.pagalsongs.online/tohfa-mp3-song-download-1</loc>
    </url>
    <url>
      <loc>https://www.pagalsongs.online/desi-dan-bilzerian-mp3-songs-download-1-2024</loc>
    </url>
    <url>
      <loc>https://www.pagalsongs.online/shakur-da-brar-mp3-song-download</loc>
    </url>
    <url>
      <loc>https://www.pagalsongs.online/ro-len-de-mp3-song-download</loc>
    </url>
    <url>
      <loc>https://www.pagalsongs.online/qurbaan-mp3-song-download</loc>
    </url>
    <url>
      <loc>https://www.pagalsongs.online/qatal-mp3-song-download</loc>
    </url>
    <url>
      <loc>https://www.pagalsongs.online/hostel-life-mp3-songs-download</loc>
    </url>
    <url>
      <loc>https://www.pagalsongs.online/maybelline-mp3-song-download</loc>
    </url>
    <url>
      <loc>https://www.pagalsongs.online/machayenge-mashup-dj-dave-p-mp3--song-download-2024</loc>
    </url>
    <url>
      <loc>https://www.pagalsongs.online/whos-back-mp3-song-download</loc>
    </url>
    <url>
      <loc>https://www.pagalsongs.online/sunday-suspense-prokhor-rudra-chhinnobhinno-chhinnomosta-mp3-song-download</loc>
    </url>
    <url>
      <loc>https://www.pagalsongs.online/lut-gaye-remix-dj-nyk-song-download</loc>
    </url>
    <url>
      <loc>https://www.pagalsongs.online/sidhu-moose-wala-us-mp3-songs-download-2024-in</loc>
    </url>
    <url>
      <loc>https://www.pagalsongs.online/giftaan-mp3-song-download-1</loc>
    </url>
    <url>
      <loc>https://www.pagalsongs.online/do-you-remember-remix-dj-farmeen-mp3-0-download</loc>
    </url>
    <url>
      <loc>https://www.pagalsongs.online/mahoul-mp3-song-download</loc>
    </url>
    <url>
      <loc>https://www.pagalsongs.online/koo-koo-mp3-songs-download-2024</loc>
    </url>
    <url>
      <loc>https://www.pagalsongs.online/nssha-mp3-song-download</loc>
    </url>
    <url>
      <loc>https://www.pagalsongs.online/beautiful-lies-mashup-aftermorning-chillout-mp3--song-download</loc>
    </url>
    <url>
      <loc>https://www.pagalsongs.online/raakhi-karda-mp3-song-download</loc>
    </url>
    <url>
      <loc>https://www.pagalsongs.online/dj-shadow-dubai-tumse-milne-ki-tamanna-hai-remix-mp3-song-download</loc>
    </url>
    <url>
      <loc>https://www.pagalsongs.online/seat-utte-paee-tedha-tedha-jhaakdi-mp3-song-download</loc>
    </url>
    <url>
      <loc>https://www.pagalsongs.online/russe-tu-mp3-song-download</loc>
    </url>
    <url>
      <loc>https://www.pagalsongs.online/yaara-cover-mp3-song-download</loc>
    </url>
    <url>
      <loc>https://www.pagalsongs.online/rab-kare-tujhko-bhi-pyar-ho-jaaye-mp3-song-download</loc>
    </url>
    <url>
      <loc>https://www.pagalsongs.online/pehli-dafa-mp3-song-download</loc>
    </url>
    <url>
      <loc>https://www.pagalsongs.online/jaa-bewafa-jaa-hame-pyar-nahi-karna-mp3-song-download</loc>
    </url>
    <url>
      <loc>https://www.pagalsongs.online/rack-and-round-mp3--song-download-1</loc>
    </url>
    <url>
      <loc>https://www.pagalsongs.online/echo-mp3-songs-download</loc>
    </url>
    <url>
      <loc>https://www.pagalsongs.online/r-r-mp3---song-download-2024-5</loc>
    </url>
    <url>
      <loc>https://www.pagalsongs.online/zindagi-ka-fasana-unplugged-version-mp3-song-download</loc>
    </url>
    <url>
      <loc>https://www.pagalsongs.online/ramayana-mp3--song-download</loc>
    </url>
    <url>
      <loc>https://www.pagalsongs.online/bandeya-mp3-song-download</loc>
    </url>
    <url>
      <loc>https://www.pagalsongs.online/bandook-wargi-remix-dj-kamra-mp3--song-download</loc>
    </url>
    <url>
      <loc>https://www.pagalsongs.online/sardar-mp3-song-download</loc>
    </url>
    <url>
      <loc>https://www.pagalsongs.online/famous-mp3-song-download</loc>
    </url>
    <url>
      <loc>https://www.pagalsongs.online/tenu-chete-karda-mp3-song-download</loc>
    </url>
    <url>
      <loc>https://www.pagalsongs.online/tere-bas-ka-nahi-mp3-song-download</loc>
    </url>
    <url>
      <loc>https://www.pagalsongs.online/tinak-tin-tana-remix-dj-sourabh-kewat-mp3-song-download</loc>
    </url>
    <url>
      <loc>https://www.pagalsongs.online/by-chance-mp3-song-download</loc>
    </url>
    <url>
      <loc>https://www.pagalsongs.online/sukh-sandhu-haal-mp3-song-download</loc>
    </url>
    <url>
      <loc>https://www.pagalsongs.online/shaamein-mp3-songs-download-2024</loc>
    </url>
    <url>
      <loc>https://www.pagalsongs.online/brown-munde-mp3-song-download</loc>
    </url>
    <url>
      <loc>https://www.pagalsongs.online/tanhaiyan-mp3-song-download</loc>
    </url>
    <url>
      <loc>https://www.pagalsongs.online/dil-mangdi-mp3-song-download-1</loc>
    </url>
    <url>
      <loc>https://www.pagalsongs.online/raat-kali-nagin-si-hui-hai-jawan-mp3-song-download-005</loc>
    </url>
    <url>
      <loc>https://www.pagalsongs.online/jalidar-mp3-song-download</loc>
    </url>
    <url>
      <loc>https://www.pagalsongs.online/khair-ki-jholi-mp3-song-download</loc>
    </url>
    <url>
      <loc>https://www.pagalsongs.online/gamdu-mp3-song-download</loc>
    </url>
    <url>
      <loc>https://www.pagalsongs.online/oo-champa-2-mp3-song-download</loc>
    </url>
    <url>
      <loc>https://www.pagalsongs.online/plastic-mp3-song-download</loc>
    </url>
    <url>
      <loc>https://www.pagalsongs.online/dil-deewana-cover-mp3-song-download</loc>
    </url>
    <url>
      <loc>https://www.pagalsongs.online/taa-vi-mardi-mp3-song-download</loc>
    </url>
    <url>
      <loc>https://www.pagalsongs.online/unfuckwithable-mp3---song-download-2024</loc>
    </url>
    <url>
      <loc>https://www.pagalsongs.online/vibhishan-mp3-song-download</loc>
    </url>
    <url>
      <loc>https://www.pagalsongs.online/khad-tainu-main-dassa-mp3-song-download</loc>
    </url>
    <url>
      <loc>https://www.pagalsongs.online/kohinoor-mp3-song-download</loc>
    </url>
    <url>
      <loc>https://www.pagalsongs.online/haqdaar-mp3-song-download</loc>
    </url>
    <url>
      <loc>https://www.pagalsongs.online/bapu-mp3-song-download</loc>
    </url>
    <url>
      <loc>https://www.pagalsongs.online/thats-it-mp3-song-download</loc>
    </url>
    <url>
      <loc>https://www.pagalsongs.online/garry-sandhu-ishq-mp3-song-download</loc>
    </url>
    <url>
      <loc>https://www.pagalsongs.online/b-r-mp3---song-download-2024-32</loc>
    </url>
    <url>
      <loc>https://www.pagalsongs.online/awaara-bhanware-mp3-song-download-1</loc>
    </url>
    <url>
      <loc>https://www.pagalsongs.online/u-s-mp3---song-download-2024</loc>
    </url>
    <url>
      <loc>https://www.pagalsongs.online/aap-se-mohabbat-hai-mp3-song-download</loc>
    </url>
    <url>
      <loc>https://www.pagalsongs.online/dil-ko-mere-mp3-song-download-1</loc>
    </url>
    <url>
      <loc>https://www.pagalsongs.online/aisa-kuch-shot-nahi-hai-remix-mp3-song-download</loc>
    </url>
    <url>
      <loc>https://www.pagalsongs.online/kyu-jane-de-mp3-song-download</loc>
    </url>
    <url>
      <loc>https://www.pagalsongs.online/believe-mp3-song-download-0</loc>
    </url>
    <url>
      <loc>https://www.pagalsongs.online/gum-ko-vata-mp3-song-download</loc>
    </url>
    <url>
      <loc>https://www.pagalsongs.online/freeverse-feast-2-mp3-song-download</loc>
    </url>
    <url>
      <loc>https://www.pagalsongs.online/always-on-top-mp3-song-download</loc>
    </url>
    <url>
      <loc>https://www.pagalsongs.online/jo-tera-vo-mera-mp3-song-download</loc>
    </url>
    <url>
      <loc>https://www.pagalsongs.online/dasi-na-mere-bare-mp3-song-download</loc>
    </url>
    <url>
      <loc>https://www.pagalsongs.online/new-vs-old-4-mashup-mp3-song-download</loc>
    </url>
    <url>
      <loc>https://www.pagalsongs.online/patthar-wargi-mp3-song-download</loc>
    </url>
    <url>
      <loc>https://www.pagalsongs.online/melt-in-my-touch-mp3-song-download</loc>
    </url>
    <url>
      <loc>https://www.pagalsongs.online/feelings-mashup-2-aftermorning-chillout-mp3-song-download</loc>
    </url>
    <url>
      <loc>https://www.pagalsongs.online/dil-na-tod-dai-mp3-song-download</loc>
    </url>
    <url>
      <loc>https://www.pagalsongs.online/b-i-0-mp3-song-download-2024</loc>
    </url>
    <url>
      <loc>https://www.pagalsongs.online/main-shiv-ka-shiv-mere-mp3-song-download</loc>
    </url>
    <url>
      <loc>https://www.pagalsongs.online/links-mp3-song-download</loc>
    </url>
    <url>
      <loc>https://www.pagalsongs.online/saggi-phull-mp3-song-download</loc>
    </url>
    <url>
      <loc>https://www.pagalsongs.online/kaali-gadi-mp3-song-download</loc>
    </url>
    <url>
      <loc>https://www.pagalsongs.online/m-o-t-mp3---songs-download-2024</loc>
    </url>
    <url>
      <loc>https://www.pagalsongs.online/chand-ne-kaha-mp3-song-download</loc>
    </url>
    <url>
      <loc>https://www.pagalsongs.online/duniya-sari-mp3-song-download</loc>
    </url>
    <url>
      <loc>https://www.pagalsongs.online/kabhi-to-nazar-milao-mp3-songs-download</loc>
    </url>
    <url>
      <loc>https://www.pagalsongs.online/girkana-mp3-song-download</loc>
    </url>
    <url>
      <loc>https://www.pagalsongs.online/alles-wat-ik-mis-mp3-song-download</loc>
    </url>
    <url>
      <loc>https://www.pagalsongs.online/let-me-show-you-my-love-mashup-dj-harsh-sharma-mp3-song-download</loc>
    </url>
    <url>
      <loc>https://www.pagalsongs.online/mohabat-mp3-song-download-</loc>
    </url>
    <url>
      <loc>https://www.pagalsongs.online/machayenge-3-mp3-song-download</loc>
    </url>
    <url>
      <loc>https://www.pagalsongs.online/bad-game-mp3-song-download</loc>
    </url>
    <url>
      <loc>https://www.pagalsongs.online/standard-girl-mp3-song-download</loc>
    </url>
    <url>
      <loc>https://www.pagalsongs.online/electric-mp3--song-download-2024-0</loc>
    </url>
    <url>
      <loc>https://www.pagalsongs.online/yamraj-mp3-song-download</loc>
    </url>
    <url>
      <loc>https://www.pagalsongs.online/believers-mp3---songs-download-2024</loc>
    </url>
    <url>
      <loc>https://www.pagalsongs.online/maahi-remix-dj-lemon-mp3-song-download</loc>
    </url>
    <url>
      <loc>https://www.pagalsongs.online/majnu-mp3-song-download-00</loc>
    </url>
    <url>
      <loc>https://www.pagalsongs.online/raflan-te-botlan-mp3-song-download</loc>
    </url>
    <url>
      <loc>https://www.pagalsongs.online/khyaal-mp3-song-download-jass-manak</loc>
    </url>
    <url>
      <loc>https://www.pagalsongs.online/deaf-n-dumb-mp3-song-download</loc>
    </url>
    <url>
      <loc>https://www.pagalsongs.online/salam-mp3-song-download</loc>
    </url>
    <url>
      <loc>https://www.pagalsongs.online/khainch-le-qashh-mp3-song-download</loc>
    </url>
    <url>
      <loc>https://www.pagalsongs.online/back-to-start-mp3-song-download</loc>
    </url>
    <url>
      <loc>https://www.pagalsongs.online/90s-bollywood-romantic-mashup-mp3-songs-download-2024</loc>
    </url>
    <url>
      <loc>https://www.pagalsongs.online/gagan-kokri-bohemia-kingdom-mp3-song-download</loc>
    </url>
    <url>
      <loc>https://www.pagalsongs.online/afeem-mp3--song-download</loc>
    </url>
    <url>
      <loc>https://www.pagalsongs.online/teri-meri-mp3-song-download</loc>
    </url>
    <url>
      <loc>https://www.pagalsongs.online/addiction-mp3-song-download-0</loc>
    </url>
    <url>
      <loc>https://www.pagalsongs.online/little-star-mp3-song-download</loc>
    </url>
    <url>
      <loc>https://www.pagalsongs.online/dil-nahin-todna-mp3-song-download</loc>
    </url>
    <url>
      <loc>https://www.pagalsongs.online/3-saal-mp3--song-download</loc>
    </url>
    <url>
      <loc>https://www.pagalsongs.online/gusse-da-nateeja-mp3-song-download</loc>
    </url>
    <url>
      <loc>https://www.pagalsongs.online/royi-na-mp3-song-download</loc>
    </url>
    <url>
      <loc>https://www.pagalsongs.online/jaagde-raho-mp3-song-download</loc>
    </url>
    <url>
      <loc>https://www.pagalsongs.online/bolde-ni-jyada-mp3-song-download</loc>
    </url>
    <url>
      <loc>https://www.pagalsongs.online/chota-sa-tu-mera-ek-kaam-kar-de-mp3-song-download</loc>
    </url>
    <url>
      <loc>https://www.pagalsongs.online/b-praak-mashup-amtee-mp3-song-download</loc>
    </url>
    <url>
      <loc>https://www.pagalsongs.online/jadon-nachdi-tu-mp3-song-download</loc>
    </url>
    <url>
      <loc>https://www.pagalsongs.online/beliya-mp3-song-download</loc>
    </url>
    <url>
      <loc>https://www.pagalsongs.online/my-amigos-mp3-song-download</loc>
    </url>
    <url>
      <loc>https://www.pagalsongs.online/nafrat-mp3-song-download</loc>
    </url>
    <url>
      <loc>https://www.pagalsongs.online/bapu-bamb-banda-mp3-song-download</loc>
    </url>
    <url>
      <loc>https://www.pagalsongs.online/purani-yaari-mp3--song-download</loc>
    </url>
    <url>
      <loc>https://www.pagalsongs.online/vardaat-mp3-song-download</loc>
    </url>
    <url>
      <loc>https://www.pagalsongs.online/ronda-di-mehak-mp3-song-download</loc>
    </url>
    <url>
      <loc>https://www.pagalsongs.online/cutie-pie-mp3-song-download</loc>
    </url>
    <url>
      <loc>https://www.pagalsongs.online/love-u-mp3-song-download</loc>
    </url>
    <url>
      <loc>https://www.pagalsongs.online/jatt-jatt-mp3-song-download</loc>
    </url>
    <url>
      <loc>https://www.pagalsongs.online/hatt-ja-passe-mp3-song-download</loc>
    </url>
    <url>
      <loc>https://www.pagalsongs.online/bad-habits-mp3-song-download</loc>
    </url>
    <url>
      <loc>https://www.pagalsongs.online/bajre-da-sitta-back-to-2000-remix-dj-msk-mp3-songs-download</loc>
    </url>
    <url>
      <loc>https://www.pagalsongs.online/glitch-mp3-song-download</loc>
    </url>
    <url>
      <loc>https://www.pagalsongs.online/dj-shadow-dubai-lut-gaye-remix-mp3-song-download</loc>
    </url>
    <url>
      <loc>https://www.pagalsongs.online/tujhe-sochta-hoon-x-deewana-kar-raha-hai-mp3-song-download-2024</loc>
    </url>
    <url>
      <loc>https://www.pagalsongs.online/tralla-mp3-song-download</loc>
    </url>
    <url>
      <loc>https://www.pagalsongs.online/akki-aryan-maa-mp3-song-download</loc>
    </url>
    <url>
      <loc>https://www.pagalsongs.online/salute-mp3-song-download</loc>
    </url>
    <url>
      <loc>https://www.pagalsongs.online/mafia-style-mp3-songs-download</loc>
    </url>
    <url>
      <loc>https://www.pagalsongs.online/moj-darling-mp3-song-download</loc>
    </url>
    <url>
      <loc>https://www.pagalsongs.online/tum-mile-unplugged-cover-mp3-song-download</loc>
    </url>
    <url>
      <loc>https://www.pagalsongs.online/kaala-chela-mp3-song-download</loc>
    </url>
    <url>
      <loc>https://www.pagalsongs.online/happy-birthday-yaara-mp3-song-download</loc>
    </url>
    <url>
      <loc>https://www.pagalsongs.online/surrender-mp3-song-download</loc>
    </url>
    <url>
      <loc>https://www.pagalsongs.online/dj-nyk-party-mashup-mp3-song-download</loc>
    </url>
    <url>
      <loc>https://www.pagalsongs.online/gutt-jatti-di-mp3-song-download</loc>
    </url>
    <url>
      <loc>https://www.pagalsongs.online/meri-marzi-mp3-song-download</loc>
    </url>
    <url>
      <loc>https://www.pagalsongs.online/bday-gift-mp3-song-download</loc>
    </url>
    <url>
      <loc>https://www.pagalsongs.online/ap-dhillon-mashup-dj-goddess-mp3-song-download</loc>
    </url>
    <url>
      <loc>https://www.pagalsongs.online/kaali-scorpio-mp3-song-download</loc>
    </url>
    <url>
      <loc>https://www.pagalsongs.online/ek-dekhay-mp3-song-download</loc>
    </url>
    <url>
      <loc>https://www.pagalsongs.online/rohab-mp3-song-download</loc>
    </url>
    <url>
      <loc>https://www.pagalsongs.online/trusted-jatti-mp3-song-download</loc>
    </url>
    <url>
      <loc>https://www.pagalsongs.online/sirr-polla-mp3-song-download</loc>
    </url>
    <url>
      <loc>https://www.pagalsongs.online/ghuggiyan-da-joda-mp3-song-download</loc>
    </url>
    <url>
      <loc>https://www.pagalsongs.online/behind-barz-mp3-song-download</loc>
    </url>
    <url>
      <loc>https://www.pagalsongs.online/gaon-ki-yaad-mp3-song-download</loc>
    </url>
    <url>
      <loc>https://www.pagalsongs.online/punjabi-love-mashup-2021-amtee-mp3-song-download</loc>
    </url>
    <url>
      <loc>https://www.pagalsongs.online/nazaraa-mp3-song-download</loc>
    </url>
    <url>
      <loc>https://www.pagalsongs.online/jee-ni-karda-remix-dj-chirag-dubai-mp3-song-download</loc>
    </url>
    <url>
      <loc>https://www.pagalsongs.online/main-teri-ho-gayi-mp3-song-download</loc>
    </url>
    <url>
      <loc>https://www.pagalsongs.online/kauli-khand-di-mp3-song-download</loc>
    </url>
    <url>
      <loc>https://www.pagalsongs.online/dil-sambh-lai-mp3-song-download</loc>
    </url>
    <url>
      <loc>https://www.pagalsongs.online/sardar-ka-grandson-main-teri-ho-gayi-mp3-song-download</loc>
    </url>
    <url>
      <loc>https://www.pagalsongs.online/runaway-mashup-2021-vdj-royal-mp3-songs-download-2024</loc>
    </url>
    <url>
      <loc>https://www.pagalsongs.online/kanak-mp3-song-download</loc>
    </url>
    <url>
      <loc>https://www.pagalsongs.online/tu-meri-jaan-hai-song-download</loc>
    </url>
    <url>
      <loc>https://www.pagalsongs.online/astronaut-mp3-song-download</loc>
    </url>
    <url>
      <loc>https://www.pagalsongs.online/distance-mp3--song-download</loc>
    </url>
    <url>
      <loc>https://www.pagalsongs.online/sanam-are-x-famous-mp3-song-download-2024</loc>
    </url>
    <url>
      <loc>https://www.pagalsongs.online/tu-bhi-sataya-jayega-remix-dj-shadow-dubai-mp3-song-download</loc>
    </url>
    <url>
      <loc>https://www.pagalsongs.online/ohh-yaara-mp3---songs-download-1</loc>
    </url>
    <url>
      <loc>https://www.pagalsongs.online/kai-saal-mp3-song-download</loc>
    </url>
    <url>
      <loc>https://www.pagalsongs.online/mobahhat-badnaam-mp3-song-download-jalraj</loc>
    </url>
    <url>
      <loc>https://www.pagalsongs.online/malum-hai-na-mp3-song-download</loc>
    </url>
    <url>
      <loc>https://www.pagalsongs.online/miss-you-mp3--song-download</loc>
    </url>
    <url>
      <loc>https://www.pagalsongs.online/kale-ho-kale-ho-mp3-song-download</loc>
    </url>
    <url>
      <loc>https://www.pagalsongs.online/umeedan-mp3-song-download</loc>
    </url>
    <url>
      <loc>https://www.pagalsongs.online/supne-mp3-song-download</loc>
    </url>
    <url>
      <loc>https://www.pagalsongs.online/try-kar-ke-mp3-song-download</loc>
    </url>
    <url>
      <loc>https://www.pagalsongs.online/tu-kya-jaane-mp3-song-download</loc>
    </url>
    <url>
      <loc>https://www.pagalsongs.online/ene-vair-mp3-song-download</loc>
    </url>
    <url>
      <loc>https://www.pagalsongs.online/still-standing-mp3-songs-download-2024</loc>
    </url>
    <url>
      <loc>https://www.pagalsongs.online/tere-karke-mp3-song-download</loc>
    </url>
    <url>
      <loc>https://www.pagalsongs.online/baarish-ki-jaaye-remix-dj-shadow-dubai-mp3-song-download</loc>
    </url>
    <url>
      <loc>https://www.pagalsongs.online/shehzada-mp3-song-download</loc>
    </url>
    <url>
      <loc>https://www.pagalsongs.online/fir-kabhi-mp3-song-download</loc>
    </url>
    <url>
      <loc>https://www.pagalsongs.online/jameson-mp3-song-download</loc>
    </url>
    <url>
      <loc>https://www.pagalsongs.online/doob-gaye-mp3-song-download</loc>
    </url>
    <url>
      <loc>https://www.pagalsongs.online/sufiyana-mp3-song-download-2024</loc>
    </url>
    <url>
      <loc>https://www.pagalsongs.online/busy-mp3-song-download</loc>
    </url>
    <url>
      <loc>https://www.pagalsongs.online/dabbang-mp3-song-download</loc>
    </url>
    <url>
      <loc>https://www.pagalsongs.online/shareeke-baazi-mp3-song-download</loc>
    </url>
    <url>
      <loc>https://www.pagalsongs.online/jatt-boot-mp3-song-download</loc>
    </url>
    <url>
      <loc>https://www.pagalsongs.online/hath-chumme-remix-dj-zaff-mp3-song-download</loc>
    </url>
    <url>
      <loc>https://www.pagalsongs.online/try-karke-mp3-song-download</loc>
    </url>
    <url>
      <loc>https://www.pagalsongs.online/gabru-mp3-song-download</loc>
    </url>
    <url>
      <loc>https://www.pagalsongs.online/moosetape-2021-mp3-song-download-00</loc>
    </url>
    <url>
      <loc>https://www.pagalsongs.online/chori-chori-mp3-song-download</loc>
    </url>
    <url>
      <loc>https://www.pagalsongs.online/chhadke-ni-jandi-mp3-song-download</loc>
    </url>
    <url>
      <loc>https://www.pagalsongs.online/yaaran-vich-rabb-mp3-song-download</loc>
    </url>
    <url>
      <loc>https://www.pagalsongs.online/davinder-dhillon-gallan-mp3-song-download-0</loc>
    </url>
    <url>
      <loc>https://www.pagalsongs.online/bebe-bapu-mp3-song-download</loc>
    </url>
    <url>
      <loc>https://www.pagalsongs.online/niven-niven-suit-mp3-song-download</loc>
    </url>
    <url>
      <loc>https://www.pagalsongs.online/kalli-reh-gayi-aa-mp3-song-download</loc>
    </url>
    <url>
      <loc>https://www.pagalsongs.online/feeling-mashup-dj-bks-mp3-song-download</loc>
    </url>
    <url>
      <loc>https://www.pagalsongs.online/kareeb-mp3-song-download</loc>
    </url>
    <url>
      <loc>https://www.pagalsongs.online/navi-bawa-galti-mp3-song-download</loc>
    </url>
    <url>
      <loc>https://www.pagalsongs.online/tu-bhi-sataya-jayega-mp3-song-download-1</loc>
    </url>
    <url>
      <loc>https://www.pagalsongs.online/ladki-bigad-gayi-mp3-song-download</loc>
    </url>
    <url>
      <loc>https://www.pagalsongs.online/rise-up-remix-dj-purvish-mp3-song-download-2024</loc>
    </url>
    <url>
      <loc>https://www.pagalsongs.online/mummy-ki-kasam-mp3-song-download</loc>
    </url>
    <url>
      <loc>https://www.pagalsongs.online/12-kille-mp3-song-download</loc>
    </url>
    <url>
      <loc>https://www.pagalsongs.online/2021-mp3-song-download</loc>
    </url>
    <url>
      <loc>https://www.pagalsongs.online/hawa-baji-mp3-song-download-1</loc>
    </url>
    <url>
      <loc>https://www.pagalsongs.online/majhail-vs-malvain-mp3-song-download</loc>
    </url>
    <url>
      <loc>https://www.pagalsongs.online/look-innocent-mp3-song-download-556</loc>
    </url>
    <url>
      <loc>https://www.pagalsongs.online/karan-khokhar-magazine-mp3-song-download</loc>
    </url>
    <url>
      <loc>https://www.pagalsongs.online/chan-vekhya-mp3--song-download</loc>
    </url>
    <url>
      <loc>https://www.pagalsongs.online/jameson-wargi-mp3-song-download</loc>
    </url>
    <url>
      <loc>https://www.pagalsongs.online/haal-mp3-song-download</loc>
    </url>
    <url>
      <loc>https://www.pagalsongs.online/be-ready-mp3-song-download</loc>
    </url>
    <url>
      <loc>https://www.pagalsongs.online/feelinga-mp3-song-download</loc>
    </url>
    <url>
      <loc>https://www.pagalsongs.online/jhidkan-mp3-song-download</loc>
    </url>
    <url>
      <loc>https://www.pagalsongs.online/jaan-jaan-mp3-song-download</loc>
    </url>
    <url>
      <loc>https://www.pagalsongs.online/dil-di-queen-mp3--song-download</loc>
    </url>
    <url>
      <loc>https://www.pagalsongs.online/wah-ji-waah-mp3-song-download</loc>
    </url>
    <url>
      <loc>https://www.pagalsongs.online/vichaar-mp3-song-download</loc>
    </url>
    <url>
      <loc>https://www.pagalsongs.online/dil-ne-mp3-song-download</loc>
    </url>
    <url>
      <loc>https://www.pagalsongs.online/rabb-manaya-mp3-song-download-1</loc>
    </url>
    <url>
      <loc>https://www.pagalsongs.online/abe-chup-mp3-song-download</loc>
    </url>
    <url>
      <loc>https://www.pagalsongs.online/hello-hi-mp3-song-download</loc>
    </url>
    <url>
      <loc>https://www.pagalsongs.online/sunny-malton-jattiye-mp3-song-download</loc>
    </url>
    <url>
      <loc>https://www.pagalsongs.online/pagglait-remix-dj-aangel-mp3-song-download</loc>
    </url>
    <url>
      <loc>https://www.pagalsongs.online/jee-ni-karda-mp3-song-download</loc>
    </url>
    <url>
      <loc>https://www.pagalsongs.online/taaron-ke-sheher-unplugged-mp3-song-download</loc>
    </url>
    <url>
      <loc>https://www.pagalsongs.online/duniya-haseeno-ka-mela-remix-dj-shadow-dubai-mp3-song-download</loc>
    </url>
    <url>
      <loc>https://www.pagalsongs.online/akhiyan-di-gal-mp3-song-download</loc>
    </url>
    <url>
      <loc>https://www.pagalsongs.online/na-karde-mp3-song-download</loc>
    </url>
    <url>
      <loc>https://www.pagalsongs.online/aakkdan-mp3-song-download</loc>
    </url>
    <url>
      <loc>https://www.pagalsongs.online/kurbaan-mp3-song-download</loc>
    </url>
    <url>
      <loc>https://www.pagalsongs.online/shy-mp3-song-download</loc>
    </url>
    <url>
      <loc>https://www.pagalsongs.online/duniya-haseeno-ka-mela-remix-dj-tny-dj-sfm-mp3-song-download</loc>
    </url>
    <url>
      <loc>https://www.pagalsongs.online/baarish-ki-jaaye-remix-dj-lemon-mp3-song-download</loc>
    </url>
    <url>
      <loc>https://www.pagalsongs.online/majhe-walde-mp3-song-download</loc>
    </url>
    <url>
      <loc>https://www.pagalsongs.online/sajna-mp3-song-download</loc>
    </url>
    <url>
      <loc>https://www.pagalsongs.online/sardar-ka-grandson-dhoor-mp3-song-download</loc>
    </url>
    <url>
      <loc>https://www.pagalsongs.online/goriyaan-goriyaan-mp3-song-download-555</loc>
    </url>
    <url>
      <loc>https://www.pagalsongs.online/rageshwar-mp3-song-download</loc>
    </url>
    <url>
      <loc>https://www.pagalsongs.online/asin-pindan-aaley-mp3-song-download</loc>
    </url>
    <url>
      <loc>https://www.pagalsongs.online/maachis-mp3-song-download</loc>
    </url>
    <url>
      <loc>https://www.pagalsongs.online/bazaar-mp3-song-download</loc>
    </url>
    <url>
      <loc>https://www.pagalsongs.online/kaka-mashup-dj-pami-mp3-song-download</loc>
    </url>
    <url>
      <loc>https://www.pagalsongs.online/roop-bhullar-mukhda-mp3-song-download</loc>
    </url>
    <url>
      <loc>https://www.pagalsongs.online/jatt-tur-de-mp3-song-download</loc>
    </url>
    <url>
      <loc>https://www.pagalsongs.online/stay-away-mp3-song-download</loc>
    </url>
    <url>
      <loc>https://www.pagalsongs.online/lut-gaye-remix-dj-dharak-mp3-song-download</loc>
    </url>
    <url>
      <loc>https://www.pagalsongs.online/kulbir-jhinjer-mexico-mp3-song-download</loc>
    </url>
    <url>
      <loc>https://www.pagalsongs.online/tera-mera-mp3-song-download</loc>
    </url>
    <url>
      <loc>https://www.pagalsongs.online/shikvay-mp3-song-download</loc>
    </url>
    <url>
      <loc>https://www.pagalsongs.online/vailpune-da-record-mp3-song-download</loc>
    </url>
    <url>
      <loc>https://www.pagalsongs.online/ghunghroo-song-download</loc>
    </url>
    <url>
      <loc>https://www.pagalsongs.online/bedard-mp3-song-download</loc>
    </url>
    <url>
      <loc>https://www.pagalsongs.online/dil-mera-naughty-mp3-song-download</loc>
    </url>
    <url>
      <loc>https://www.pagalsongs.online/wafa-na-raas-aayee-mp3-song-download</loc>
    </url>
    <url>
      <loc>https://www.pagalsongs.online/dil-tod-ke-remix-dj-vicky-nyc-mp3-song-download</loc>
    </url>
    <url>
      <loc>https://www.pagalsongs.online/udeek-mp3-song-download</loc>
    </url>
    <url>
      <loc>https://www.pagalsongs.online/8-ralde-mp3-song-download</loc>
    </url>
    <url>
      <loc>https://www.pagalsongs.online/jhake-mp3-song-download</loc>
    </url>
    <url>
      <loc>https://www.pagalsongs.online/sawal-he-nahi-mp3-song-download</loc>
    </url>
    <url>
      <loc>https://www.pagalsongs.online/madhanya-mp3-song-download-mp3</loc>
    </url>
    <url>
      <loc>https://www.pagalsongs.online/sada-time-mp3-song-download</loc>
    </url>
    <url>
      <loc>https://www.pagalsongs.online/daaru-mp3-song-download</loc>
    </url>
    <url>
      <loc>https://www.pagalsongs.online/har-funn-maula-remix-dj-essam-mp3-song-download</loc>
    </url>
    <url>
      <loc>https://www.pagalsongs.online/delhi-ki-chhori-mp3-song-download</loc>
    </url>
    <url>
      <loc>https://www.pagalsongs.online/sunroof-mp3-song-download</loc>
    </url>
    <url>
      <loc>https://www.pagalsongs.online/raja-rani-mp3-song-download</loc>
    </url>
    <url>
      <loc>https://www.pagalsongs.online/ik-geet-mp3-song-download</loc>
    </url>
    <url>
      <loc>https://www.pagalsongs.online/lut-gaye-reprise-mp3-song-download</loc>
    </url>
    <url>
      <loc>https://www.pagalsongs.online/haye-mera-dil-x-brown-rang-dj-akhil-talreja-remix-mp3-song-download</loc>
    </url>
    <url>
      <loc>https://www.pagalsongs.online/tum-mile-lofi-mix-aftermorning-mp3-song-download</loc>
    </url>
    <url>
      <loc>https://www.pagalsongs.online/dil-hai-deewana-mp3-song-download</loc>
    </url>
    <url>
      <loc>https://www.pagalsongs.online/poplin-ke-suit-mp3-song-download</loc>
    </url>
    <url>
      <loc>https://www.pagalsongs.online/hichki-mp3---songs-download</loc>
    </url>
    <url>
      <loc>https://www.pagalsongs.online/sharminda-haan-mp3-song-download</loc>
    </url>
    <url>
      <loc>https://www.pagalsongs.online/kyu-kehti-ho-mp3-song-download</loc>
    </url>
    <url>
      <loc>https://www.pagalsongs.online/karan-nawani-suraj-hua-maddham-mp3-song-download-2024</loc>
    </url>
    <url>
      <loc>https://www.pagalsongs.online/manjha-deephouse-mix-dj-riki-nairob-mp3-song-download</loc>
    </url>
    <url>
      <loc>https://www.pagalsongs.online/jhuth-bolde-bolde-mp3-song-download</loc>
    </url>
    <url>
      <loc>https://www.pagalsongs.online/aye-zindagi-gale-lagaa-le-mp3-song-download-1</loc>
    </url>
    <url>
      <loc>https://www.pagalsongs.online/dnyl-dont-need-your-love-mp3-song-download</loc>
    </url>
    <url>
      <loc>https://www.pagalsongs.online/kulshan-sandhu-tere-bina-mp3-song-download</loc>
    </url>
    <url>
      <loc>https://www.pagalsongs.online/suhe-tand-mp3-song-download</loc>
    </url>
    <url>
      <loc>https://www.pagalsongs.online/enjoy-enjaami-remix-dj-lemon-mp3-song-download</loc>
    </url>
    <url>
      <loc>https://www.pagalsongs.online/gutt-te-naa-mp3-song-download</loc>
    </url>
    <url>
      <loc>https://www.pagalsongs.online/do-or-die-mp3-song-download</loc>
    </url>
    <url>
      <loc>https://www.pagalsongs.online/titliaan-remix-dj-akhil-talreja-mp3-song-download</loc>
    </url>
    <url>
      <loc>https://www.pagalsongs.online/marjaani-remix-dj-ankit-rohida-mp3-song-download</loc>
    </url>
    <url>
      <loc>https://www.pagalsongs.online/dekhe-saare-khwab-mp3-song-download</loc>
    </url>
    <url>
      <loc>https://www.pagalsongs.online/are-are-ye-kya-hua-remix-dj-shadow-dubai-mp3-song-download-2024</loc>
    </url>
    <url>
      <loc>https://www.pagalsongs.online/mon-dubey-jaai-mp3-song-download</loc>
    </url>
    <url>
      <loc>https://www.pagalsongs.online/g-khan-teri-yaad-mp3-song-download</loc>
    </url>
    <url>
      <loc>https://www.pagalsongs.online/aaye-na-kache-re-song-download</loc>
    </url>
    <url>
      <loc>https://www.pagalsongs.online/viah-di-gal-mp3-song-download</loc>
    </url>
    <url>
      <loc>https://www.pagalsongs.online/group-photoan-mp3-song-download</loc>
    </url>
    <url>
      <loc>https://www.pagalsongs.online/ronna-hi-si-mp3-song-download</loc>
    </url>
    <url>
      <loc>https://www.pagalsongs.online/jassa-dhillon-talja-mp3-song-download</loc>
    </url>
    <url>
      <loc>https://www.pagalsongs.online/nadiyon-paar-remix-dj-pami-mp3-song-download</loc>
    </url>
    <url>
      <loc>https://www.pagalsongs.online/mohali-waliye-mp3-song-download</loc>
    </url>
    <url>
      <loc>https://www.pagalsongs.online/happy-banwait-dooriyan-mp3-song-download</loc>
    </url>
    <url>
      <loc>https://www.pagalsongs.online/kyun-ni-pata-mp3-song-download-1</loc>
    </url>
    <url>
      <loc>https://www.pagalsongs.online/jatta-ve-jatta-mp3-song-download</loc>
    </url>
    <url>
      <loc>https://www.pagalsongs.online/miss-punjaban-mp3-song-download</loc>
    </url>
    <url>
      <loc>https://www.pagalsongs.online/kami-kithe-reh-gayi-mp3-song-download</loc>
    </url>
    <url>
      <loc>https://www.pagalsongs.online/shola-mp3-song-download-1</loc>
    </url>
    <url>
      <loc>https://www.pagalsongs.online/khuda-na-kare-mp3-song-download</loc>
    </url>
    <url>
      <loc>https://www.pagalsongs.online/i-dont-know-mp3-song-download</loc>
    </url>
    <url>
      <loc>https://www.pagalsongs.online/pinda-jutti-mp3-song-download</loc>
    </url>
    <url>
      <loc>https://www.pagalsongs.online/babbu-maan-adab-punjabi-song-download</loc>
    </url>
    <url>
      <loc>https://www.pagalsongs.online/waistline-mp3-song-download</loc>
    </url>
    <url>
      <loc>https://www.pagalsongs.online/rabb-mehar-kre-mp3-song-download</loc>
    </url>
    <url>
      <loc>https://www.pagalsongs.online/goli-mp3-song-download</loc>
    </url>
    <url>
      <loc>https://www.pagalsongs.online/casanova-mp3-songs-download-2024</loc>
    </url>
    <url>
      <loc>https://www.pagalsongs.online/brown-munde-remix-dj-shadow-dubai-dj-shouki-mp3-song-download</loc>
    </url>
    <url>
      <loc>https://www.pagalsongs.online/chhora-chhori-club-mein-mp3-song-download</loc>
    </url>
    <url>
      <loc>https://www.pagalsongs.online/ab-bhi-yahin-hoon-mp3-song-download-2024</loc>
    </url>
    <url>
      <loc>https://www.pagalsongs.online/munde-desi-mp3-song-download</loc>
    </url>
    <url>
      <loc>https://www.pagalsongs.online/heer-saleti-mp3-song-download</loc>
    </url>
    <url>
      <loc>https://www.pagalsongs.online/young-age-mp3-song-download</loc>
    </url>
    <url>
      <loc>https://www.pagalsongs.online/munda-like-karda-mp3-song-download</loc>
    </url>
    <url>
      <loc>https://www.pagalsongs.online/khudka-mp3-song-download</loc>
    </url>
    <url>
      <loc>https://www.pagalsongs.online/a-kay-katal-mubarak-mp3-song-download</loc>
    </url>
    <url>
      <loc>https://www.pagalsongs.online/main-to-kahun-mp3-song-download</loc>
    </url>
    <url>
      <loc>https://www.pagalsongs.online/pehredaariyan-mp3-song-download</loc>
    </url>
    <url>
      <loc>https://www.pagalsongs.online/aila-re-ladki-mast-mast-tu-remix-dj-riki-nairobi-mp3-song-download</loc>
    </url>
    <url>
      <loc>https://www.pagalsongs.online/sajda-mp3-song-download</loc>
    </url>
    <url>
      <loc>https://www.pagalsongs.online/rider-song-download-divine</loc>
    </url>
    <url>
      <loc>https://www.pagalsongs.online/tere-aanshu-mp3-song-download</loc>
    </url>
    <url>
      <loc>https://www.pagalsongs.online/dekhe-saare-khwaab-mp3-song-download</loc>
    </url>
    <url>
      <loc>https://www.pagalsongs.online/dil-mp3-song-download</loc>
    </url>
    <url>
      <loc>https://www.pagalsongs.online/lut-gaye-remix-axonn-mp3-song-download</loc>
    </url>
    <url>
      <loc>https://www.pagalsongs.online/ki-pta-mp3--song-download</loc>
    </url>
    <url>
      <loc>https://www.pagalsongs.online/the-beginning-mp3-song-download</loc>
    </url>
    <url>
      <loc>https://www.pagalsongs.online/tanka-fit-mp3-song-download</loc>
    </url>
    <url>
      <loc>https://www.pagalsongs.online/aye-khuda-tu-bol-de-mp3-song-download</loc>
    </url>
    <url>
      <loc>https://www.pagalsongs.online/memories-mashup-2021-aftermorning-mp3-song-download</loc>
    </url>
    <url>
      <loc>https://www.pagalsongs.online/gun-x-kartoos-mp3-song-download-2024</loc>
    </url>
    <url>
      <loc>https://www.pagalsongs.online/r-nait-amrit-maan-mitha-mitha-mp3-song-download</loc>
    </url>
    <url>
      <loc>https://www.pagalsongs.online/jail-mp3-song-download</loc>
    </url>
    <url>
      <loc>https://www.pagalsongs.online/london-lahore-mp3-song-download</loc>
    </url>
    <url>
      <loc>https://www.pagalsongs.online/ikko-shehar-mp3-song-download</loc>
    </url>
    <url>
      <loc>https://www.pagalsongs.online/love-like-me-mp3-song-download</loc>
    </url>
    <url>
      <loc>https://www.pagalsongs.online/jamaica-to-india-mp3-song-download</loc>
    </url>
    <url>
      <loc>https://www.pagalsongs.online/black-whip-mp3-songs-download-2024</loc>
    </url>
    <url>
      <loc>https://www.pagalsongs.online/aye-zindagi-mp3-song-download</loc>
    </url>
    <url>
      <loc>https://www.pagalsongs.online/katal-mubarak-mp3-song-download</loc>
    </url>
    <url>
      <loc>https://www.pagalsongs.online/lincoln-mp3-song-download</loc>
    </url>
    <url>
      <loc>https://www.pagalsongs.online/kaancheck-mp3-song-download</loc>
    </url>
    <url>
      <loc>https://www.pagalsongs.online/lut-gaye-cover-mp3-song-download</loc>
    </url>
    <url>
      <loc>https://www.pagalsongs.online/jee-bhar-ke-mp3-song-download</loc>
    </url>
    <url>
      <loc>https://www.pagalsongs.online/ae-kash-ke-hum-mp3-songs-download-2024</loc>
    </url>
    <url>
      <loc>https://www.pagalsongs.online/vibe-mp3-song-download</loc>
    </url>
    <url>
      <loc>https://www.pagalsongs.online/different-feel-song-download-mp3</loc>
    </url>
    <url>
      <loc>https://www.pagalsongs.online/titliaan-warga-remix-axonn-mp3-song-download</loc>
    </url>
    <url>
      <loc>https://www.pagalsongs.online/bentley-mp3-song-download</loc>
    </url>
    <url>
      <loc>https://www.pagalsongs.online/bullet-mp3-song-download</loc>
    </url>
    <url>
      <loc>https://www.pagalsongs.online/baarish-ki-jaaye-cover-song-download-mp3</loc>
    </url>
    <url>
      <loc>https://www.pagalsongs.online/agg-att-koka-kehar-mp3-song-download-2024</loc>
    </url>
    <url>
      <loc>https://www.pagalsongs.online/mere-rang-mein-reprise-mp3-song-download</loc>
    </url>
    <url>
      <loc>https://www.pagalsongs.online/ladki-badi-anjaani-hai-remix-dj-shadow-dubai-mp3-song-download</loc>
    </url>
    <url>
      <loc>https://www.pagalsongs.online/ipl-song-2021-league-deewano-ki-mp3-song-download</loc>
    </url>
    <url>
      <loc>https://www.pagalsongs.online/jind-aali-jutti-mp3-song-download</loc>
    </url>
    <url>
      <loc>https://www.pagalsongs.online/time-2-mp3-song-download</loc>
    </url>
    <url>
      <loc>https://www.pagalsongs.online/patake-mp3-song-download</loc>
    </url>
    <url>
      <loc>https://www.pagalsongs.online/lamhe-wo-mp3-song-download</loc>
    </url>
    <url>
      <loc>https://www.pagalsongs.online/do-vaari-jatt-mp3-song-download</loc>
    </url>
    <url>
      <loc>https://www.pagalsongs.online/adha-jisam-mp3-song-download</loc>
    </url>
    <url>
      <loc>https://www.pagalsongs.online/chahat-mp3-song-download</loc>
    </url>
    <url>
      <loc>https://www.pagalsongs.online/tequila-mp3-songs-download</loc>
    </url>
    <url>
      <loc>https://www.pagalsongs.online/few-days-mp3-song-download</loc>
    </url>
    <url>
      <loc>https://www.pagalsongs.online/tu-ta-meri-jaan-ae-mp3-song-download</loc>
    </url>
    <url>
      <loc>https://www.pagalsongs.online/laila-remix-axonn-mp3-song-download</loc>
    </url>
    <url>
      <loc>https://www.pagalsongs.online/pinda-ale-jatt-mp3-song-download</loc>
    </url>
    <url>
      <loc>https://www.pagalsongs.online/bad-company-mp3-song-download</loc>
    </url>
    <url>
      <loc>https://www.pagalsongs.online/panjeb-mp3-song-download</loc>
    </url>
    <url>
      <loc>https://www.pagalsongs.online/haasyan-ch-jaan-mp3-song-download</loc>
    </url>
    <url>
      <loc>https://www.pagalsongs.online/we-are-in-this-together-song-download-2024</loc>
    </url>
    <url>
      <loc>https://www.pagalsongs.online/afraid-to-say-mp3--download-2024-0</loc>
    </url>
    <url>
      <loc>https://www.pagalsongs.online/all-she-wrote-mp3-song-download-0</loc>
    </url>
    <url>
      <loc>https://www.pagalsongs.online/where-do-i-fit-in-songs-download-2024</loc>
    </url>
    <url>
      <loc>https://www.pagalsongs.online/where-you-go-i-follow-song-download-2024</loc>
    </url>
    <url>
      <loc>https://www.pagalsongs.online/freedom-mp3-song-download-2024-0</loc>
    </url>
    <url>
      <loc>https://www.pagalsongs.online/the-world-we-left-behind-mp3-song-download</loc>
    </url>
    <url>
      <loc>https://www.pagalsongs.online/tera-deewana-mp3-song-download</loc>
    </url>
    <url>
      <loc>https://www.pagalsongs.online/shayad-mp3--song-download</loc>
    </url>
    <url>
      <loc>https://www.pagalsongs.online/zaroori-tha-cover-mp3-song-download</loc>
    </url>
    <url>
      <loc>https://www.pagalsongs.online/el-jatt-mp3-song-download</loc>
    </url>
    <url>
      <loc>https://www.pagalsongs.online/why-mp3-song-download</loc>
    </url>
    <url>
      <loc>https://www.pagalsongs.online/paris-mp3-song-download</loc>
    </url>
    <url>
      <loc>https://www.pagalsongs.online/taane-mp3-song-download</loc>
    </url>
    <url>
      <loc>https://www.pagalsongs.online/dj-shadow-dubai-aankhein-khuli-ho-ya-ho-band-remix-mp3-song-download</loc>
    </url>
    <url>
      <loc>https://www.pagalsongs.online/tere-bina-mp3-song-download</loc>
    </url>
    <url>
      <loc>https://www.pagalsongs.online/billa-mp3-song-download</loc>
    </url>
    <url>
      <loc>https://www.pagalsongs.online/asees-kaur-galat-mp3-song-download</loc>
    </url>
    <url>
      <loc>https://www.pagalsongs.online/sajjan-adeeb-tera-mera-pyar-mp3-song-download</loc>
    </url>
    <url>
      <loc>https://www.pagalsongs.online/jaa-bewafa-jaa-mp3-song-download</loc>
    </url>
    <url>
      <loc>https://www.pagalsongs.online/mridul-bow-down-mp3-song-download</loc>
    </url>
    <url>
      <loc>https://www.pagalsongs.online/fateh-ibarat-mp3-song-download-0</loc>
    </url>
    <url>
      <loc>https://www.pagalsongs.online/ignor-mp3-song-download</loc>
    </url>
    <url>
      <loc>https://www.pagalsongs.online/colgate-mp3-song-download</loc>
    </url>
    <url>
      <loc>https://www.pagalsongs.online/playboy-mp3-song-download</loc>
    </url>
    <url>
      <loc>https://www.pagalsongs.online/dil-ko-sukoon-mile-mp3-song-download-2024-0</loc>
    </url>
    <url>
      <loc>https://www.pagalsongs.online/cjay-its-over-mp3-song-download</loc>
    </url>
    <url>
      <loc>https://www.pagalsongs.online/girl-ur-dangerous-mp3-song-download</loc>
    </url>
    <url>
      <loc>https://www.pagalsongs.online/kahin-na-lage-mann-mp3-song-download</loc>
    </url>
    <url>
      <loc>https://www.pagalsongs.online/nadiyon-paar-remix-dj-essam-mp3-song-download</loc>
    </url>
    <url>
      <loc>https://www.pagalsongs.online/oh-sanam-mp3-song-download-</loc>
    </url>
    <url>
      <loc>https://www.pagalsongs.online/ziddi-sardar-mp3-song-download</loc>
    </url>
    <url>
      <loc>https://www.pagalsongs.online/safarnama-mp3-song-download</loc>
    </url>
    <url>
      <loc>https://www.pagalsongs.online/lamhe-mp3-song-download</loc>
    </url>
    <url>
      <loc>https://www.pagalsongs.online/tera-mera-pyaar-mp3-song-download</loc>
    </url>
    <url>
      <loc>https://www.pagalsongs.online/jwalamukhi-mp3-song-download-1</loc>
    </url>
    <url>
      <loc>https://www.pagalsongs.online/pyar-mp3-song-download</loc>
    </url>
    <url>
      <loc>https://www.pagalsongs.online/aik-naya-khuwab-mp3-song-download</loc>
    </url>
    <url>
      <loc>https://www.pagalsongs.online/shree-brar-booha-mp3-song-download</loc>
    </url>
    <url>
      <loc>https://www.pagalsongs.online/karan-juneja-bewafa-mp3-song-download</loc>
    </url>
    <url>
      <loc>https://www.pagalsongs.online/tokni-mp3-song-download-0</loc>
    </url>
    <url>
      <loc>https://www.pagalsongs.online/brown-munde-remix-axonn-mp3-song-download</loc>
    </url>
    <url>
      <loc>https://www.pagalsongs.online/mundri-mp3-song-download</loc>
    </url>
    <url>
      <loc>https://www.pagalsongs.online/tara-mp3-song-download</loc>
    </url>
    <url>
      <loc>https://www.pagalsongs.online/gun-vs-koka-mp3-song-download</loc>
    </url>
    <url>
      <loc>https://www.pagalsongs.online/away-from-you-mashup-aftermorning-mp3-song-download</loc>
    </url>
    <url>
      <loc>https://www.pagalsongs.online/is-qadar-mp3-song-download</loc>
    </url>
    <url>
      <loc>https://www.pagalsongs.online/sharry-maan-gumaan-mp3-song-download</loc>
    </url>
    <url>
      <loc>https://www.pagalsongs.online/aabaad-barbaad-remix-dj-chetas-mp3-song-download</loc>
    </url>
    <url>
      <loc>https://www.pagalsongs.online/nature-rude-mp3-song-download</loc>
    </url>
    <url>
      <loc>https://www.pagalsongs.online/college-life-mp3-song-download-2024</loc>
    </url>
    <url>
      <loc>https://www.pagalsongs.online/ena-na-staya-kar-mp3--song-download</loc>
    </url>
    <url>
      <loc>https://www.pagalsongs.online/sumit-goswami-yaara-mp3-song-download</loc>
    </url>
    <url>
      <loc>https://www.pagalsongs.online/tum-mil-gaye-ho-mp3-song-download</loc>
    </url>
    <url>
      <loc>https://www.pagalsongs.online/koi-jaane-na-rabb-manneya-mp3-song-download</loc>
    </url>
    <url>
      <loc>https://www.pagalsongs.online/first-kiss-remix-dj-labbeey-dj-vishav-mp3-song-download-0</loc>
    </url>
    <url>
      <loc>https://www.pagalsongs.online/intro-i-c-u--mp3-song-download</loc>
    </url>
    <url>
      <loc>https://www.pagalsongs.online/jhanjar-mp3-song-download</loc>
    </url>
    <url>
      <loc>https://www.pagalsongs.online/galat-mp3-song-download</loc>
    </url>
    <url>
      <loc>https://www.pagalsongs.online/katta-car-me-mp3-song-download</loc>
    </url>
    <url>
      <loc>https://www.pagalsongs.online/play-boy-mp3-song-download</loc>
    </url>
    <url>
      <loc>https://www.pagalsongs.online/khabbi-seat-mp3-song-download</loc>
    </url>
    <url>
      <loc>https://www.pagalsongs.online/mercedes-mp3-song-download</loc>
    </url>
    <url>
      <loc>https://www.pagalsongs.online/zara-zara-behekta-hai-remix-dj-sfm-mp3-song-download</loc>
    </url>
    <url>
      <loc>https://www.pagalsongs.online/koi-jaane-na-rabb-maneya-mp3-song-download</loc>
    </url>
    <url>
      <loc>https://www.pagalsongs.online/samjho-na-cover-mp3-song-download</loc>
    </url>
    <url>
      <loc>https://www.pagalsongs.online/front-fire-mp3-song-download</loc>
    </url>
    <url>
      <loc>https://www.pagalsongs.online/dead-girl-song-download-2024</loc>
    </url>
    <url>
      <loc>https://www.pagalsongs.online/butterfly-remix-dj-goddess-mp3-song-download</loc>
    </url>
    <url>
      <loc>https://www.pagalsongs.online/tarasti-hain-nigahen-cover-mp3-song-download</loc>
    </url>
    <url>
      <loc>https://www.pagalsongs.online/singhsta-yo-yo-honey-singh-modern-ranjha-mp3-song-download</loc>
    </url>
    <url>
      <loc>https://www.pagalsongs.online/grip-mp3-song-download</loc>
    </url>
    <url>
      <loc>https://www.pagalsongs.online/brown-munde-cover-mp3-song-download</loc>
    </url>
    <url>
      <loc>https://www.pagalsongs.online/gur-sidhu-gabru-mp3-song-download</loc>
    </url>
    <url>
      <loc>https://www.pagalsongs.online/feeling-punjabi-mashup-2021-neojazz-naresh-parmar-mp3-song-download</loc>
    </url>
    <url>
      <loc>https://www.pagalsongs.online/reality-check-mp3-songs-download-2024</loc>
    </url>
    <url>
      <loc>https://www.pagalsongs.online/rabb-manneya-mp3-song-download</loc>
    </url>
    <url>
      <loc>https://www.pagalsongs.online/gumaan-mp3-song-download</loc>
    </url>
    <url>
      <loc>https://www.pagalsongs.online/aadat-mp3-song-download</loc>
    </url>
    <url>
      <loc>https://www.pagalsongs.online/bhula-do-mujhe-mp3-song-download</loc>
    </url>
    <url>
      <loc>https://www.pagalsongs.online/intezaar-mp3-song-download</loc>
    </url>
    <url>
      <loc>https://www.pagalsongs.online/singga-weapon-mind-mp3-song-download</loc>
    </url>
    <url>
      <loc>https://www.pagalsongs.online/teri-meri-ladayi-mp3-song-download</loc>
    </url>
    <url>
      <loc>https://www.pagalsongs.online/saadh-banda-mp3-song-download</loc>
    </url>
    <url>
      <loc>https://www.pagalsongs.online/jab-se-dekha-mp3-song-download</loc>
    </url>
    <url>
      <loc>https://www.pagalsongs.online/gallan-ch-romance-mp3-song-download</loc>
    </url>
    <url>
      <loc>https://www.pagalsongs.online/the-love-mashup-2021-dj-harshal-mp3-song-download</loc>
    </url>
    <url>
      <loc>https://www.pagalsongs.online/mago-mp3-song-download</loc>
    </url>
    <url>
      <loc>https://www.pagalsongs.online/kingdom-mp3-song-download</loc>
    </url>
    <url>
      <loc>https://www.pagalsongs.online/galat-hai-hello-kon-mp3-song-download</loc>
    </url>
    <url>
      <loc>https://www.pagalsongs.online/king-godfather-mp3-songs-download-2024</loc>
    </url>
    <url>
      <loc>https://www.pagalsongs.online/konne-re-tor-moner-khobor-bol-mp3-song-download</loc>
    </url>
    <url>
      <loc>https://www.pagalsongs.online/nijjar-live-mp3-song-download</loc>
    </url>
    <url>
      <loc>https://www.pagalsongs.online/darani-jithani-2-mp3-song-download</loc>
    </url>
    <url>
      <loc>https://www.pagalsongs.online/thalaivi-chali-chali-mp3-song-download</loc>
    </url>
    <url>
      <loc>https://www.pagalsongs.online/farak-mp3-song-download</loc>
    </url>
    <url>
      <loc>https://www.pagalsongs.online/ankh-uthi-mohabbat-ne-mp3-song-download</loc>
    </url>
    <url>
      <loc>https://www.pagalsongs.online/waaka-mp3-song-download</loc>
    </url>
    <url>
      <loc>https://www.pagalsongs.online/town-mp3-song-download</loc>
    </url>
    <url>
      <loc>https://www.pagalsongs.online/sikandar-mp3-song-download</loc>
    </url>
    <url>
      <loc>https://www.pagalsongs.online/fikar-mp3-song-download</loc>
    </url>
    <url>
      <loc>https://www.pagalsongs.online/drunk-n-high-remix-dj-shadow-dubai-dj-shouki-mp3-song-download</loc>
    </url>
    <url>
      <loc>https://www.pagalsongs.online/vaibhav-kundra-rona-paina-mp3-song-download</loc>
    </url>
    <url>
      <loc>https://www.pagalsongs.online/lut-gaye-remix-dj-goddess-dj-jugal-mp3-song-download</loc>
    </url>
    <url>
      <loc>https://www.pagalsongs.online/haan-karde-mp3-song-download</loc>
    </url>
    <url>
      <loc>https://www.pagalsongs.online/junction-mp3-song-download</loc>
    </url>
    <url>
      <loc>https://www.pagalsongs.online/bamana-ka-chora-mp3-song-download</loc>
    </url>
    <url>
      <loc>https://www.pagalsongs.online/kinna-chir-mp3-song-download</loc>
    </url>
    <url>
      <loc>https://www.pagalsongs.online/kirdaar-mp3-song-download</loc>
    </url>
    <url>
      <loc>https://www.pagalsongs.online/pani-di-gal-mp3-song-download</loc>
    </url>
    <url>
      <loc>https://www.pagalsongs.online/k3-kaali-kaali-kurti-mp3-song-download</loc>
    </url>
    <url>
      <loc>https://www.pagalsongs.online/maninder-buttar-mombatiyaan-mp3-song-download</loc>
    </url>
    <url>
      <loc>https://www.pagalsongs.online/maninder-buttar-ohle-ohle-mp3-song-download</loc>
    </url>
    <url>
      <loc>https://www.pagalsongs.online/aakdan-mp3-song-download</loc>
    </url>
    <url>
      <loc>https://www.pagalsongs.online/maninder-buttar-birthday-mp3-song-download</loc>
    </url>
    <url>
      <loc>https://www.pagalsongs.online/love-me-someday-mp3-song-download</loc>
    </url>
    <url>
      <loc>https://www.pagalsongs.online/koi-jaane-na-zindagi-ki-yehi-reet-hai-mp3-song-download</loc>
    </url>
    <url>
      <loc>https://www.pagalsongs.online/modern-ranjha-mp3-song-download</loc>
    </url>
    <url>
      <loc>https://www.pagalsongs.online/pi-ke-likheya-ae-mp3-song-download</loc>
    </url>
    <url>
      <loc>https://www.pagalsongs.online/weapon-mind-mp3-song-download</loc>
    </url>
    <url>
      <loc>https://www.pagalsongs.online/pagla-mp3-song-download</loc>
    </url>
    <url>
      <loc>https://www.pagalsongs.online/ishq-nachaya-mp3-song-download</loc>
    </url>
    <url>
      <loc>https://www.pagalsongs.online/temporary-pyar-remix-axonn-mp3-song-download</loc>
    </url>
    <url>
      <loc>https://www.pagalsongs.online/10-kurhiya-mp3-song-download</loc>
    </url>
    <url>
      <loc>https://www.pagalsongs.online/naughty-mp3-song-download</loc>
    </url>
    <url>
      <loc>https://www.pagalsongs.online/rude-boy-mp3-song-download</loc>
    </url>
    <url>
      <loc>https://www.pagalsongs.online/roi-na-je-yaad-meri-aayi-ve-song-download</loc>
    </url>
    <url>
      <loc>https://www.pagalsongs.online/hum-teri-mohabbat-mein-mp3-song-download</loc>
    </url>
    <url>
      <loc>https://www.pagalsongs.online/look-at-me-mp3-song-download</loc>
    </url>
    <url>
      <loc>https://www.pagalsongs.online/naan-mp3-song-download</loc>
    </url>
    <url>
      <loc>https://www.pagalsongs.online/tujhe-bhoolna-toh-chaaha-mp3-song-download</loc>
    </url>
    <url>
      <loc>https://www.pagalsongs.online/nehru-jacketan-mp3-song-download</loc>
    </url>
    <url>
      <loc>https://www.pagalsongs.online/disco-rap-rs-dega-remix-dj-alphacue-mp3-song-download</loc>
    </url>
    <url>
      <loc>https://www.pagalsongs.online/holi-2021-jbl-dj-nonstop-mp3-song-download</loc>
    </url>
    <url>
      <loc>https://www.pagalsongs.online/holi-mix-2021-nonstop-mp3-song-download</loc>
    </url>
    <url>
      <loc>https://www.pagalsongs.online/holi-party-mix-2021-kedrock-sd-style-mp3-song-download-1</loc>
    </url>
    <url>
      <loc>https://www.pagalsongs.online/prem-dhillon-prahune-mp3-song-download</loc>
    </url>
    <url>
      <loc>https://www.pagalsongs.online/gaani-yaar-di-mp3-song-download</loc>
    </url>
    <url>
      <loc>https://www.pagalsongs.online/ranjit-bawa-koka-mp3-song-download</loc>
    </url>
    <url>
      <loc>https://www.pagalsongs.online/deja-vu-mp3-song-download</loc>
    </url>
    <url>
      <loc>https://www.pagalsongs.online/husnn-hai-suhaana-remix-dj-dharak-mp3-song-download</loc>
    </url>
    <url>
      <loc>https://www.pagalsongs.online/dont-know-nirvair-why-mp3-song-download</loc>
    </url>
    <url>
      <loc>https://www.pagalsongs.online/baaz-mp3-song-download</loc>
    </url>
    <url>
      <loc>https://www.pagalsongs.online/kolir-holi-mp3-song-download</loc>
    </url>
    <url>
      <loc>https://www.pagalsongs.online/free-fire-holi-music-hrithik-roshan-mp3-song-download</loc>
    </url>
    <url>
      <loc>https://www.pagalsongs.online/holi-rangili-holi-mp3-song-download</loc>
    </url>
    <url>
      <loc>https://www.pagalsongs.online/toh-phir-aao-x-tera-mera-rishta-cover-song-download</loc>
    </url>
    <url>
      <loc>https://www.pagalsongs.online/garari-mp3-song-download</loc>
    </url>
    <url>
      <loc>https://www.pagalsongs.online/babuni-holi-remix-dj-kiran-kamath-mp3-song-download</loc>
    </url>
    <url>
      <loc>https://www.pagalsongs.online/speed-mp3--song-download</loc>
    </url>
    <url>
      <loc>https://www.pagalsongs.online/kudi-chandigarh-di-mp3-song-download</loc>
    </url>
    <url>
      <loc>https://www.pagalsongs.online/shraab-wargi-mp3-song-download</loc>
    </url>
    <url>
      <loc>https://www.pagalsongs.online/parmish-verma-till-death-song-download-020</loc>
    </url>
    <url>
      <loc>https://www.pagalsongs.online/old-to-new-7-mp3-song-download</loc>
    </url>
    <url>
      <loc>https://www.pagalsongs.online/despacito-megamix-sush-yohan-mp3-song-download</loc>
    </url>
    <url>
      <loc>https://www.pagalsongs.online/nahio-dabde-mp3-song-download</loc>
    </url>
    <url>
      <loc>https://www.pagalsongs.online/akhiyan-mp3-song-download-2024</loc>
    </url>
    <url>
      <loc>https://www.pagalsongs.online/yaad-rakaane-mp3-song-download</loc>
    </url>
    <url>
      <loc>https://www.pagalsongs.online/baarish-ki-jaaye-mp3-song-download-2021</loc>
    </url>
    <url>
      <loc>https://www.pagalsongs.online/ro-ro-ke-mp3-song-download</loc>
    </url>
    <url>
      <loc>https://www.pagalsongs.online/holi-ke-bahane-remix-dj-sam3dm-sparkz-dj-prks-sparkz-mp3-song-download</loc>
    </url>
    <url>
      <loc>https://www.pagalsongs.online/holiya-mein-ude-re-gulab-dj-sam3dm-sparkz-dj-prks-sparkz-mp3-song-download</loc>
    </url>
    <url>
      <loc>https://www.pagalsongs.online/nishan-mp3-song-download</loc>
    </url>
    <url>
      <loc>https://www.pagalsongs.online/rail-me-dhakke-laage-se-mp3-song-download</loc>
    </url>
    <url>
      <loc>https://www.pagalsongs.online/harf-cheema-nakk-te-makhi-mp3--songs-download</loc>
    </url>
    <url>
      <loc>https://www.pagalsongs.online/sach-keh-raha-hai-deewana-cover-mp3-song-download</loc>
    </url>
    <url>
      <loc>https://www.pagalsongs.online/guess-mp3-song-download</loc>
    </url>
    <url>
      <loc>https://www.pagalsongs.online/khandani-vair-mp3-song-download</loc>
    </url>
    <url>
      <loc>https://www.pagalsongs.online/taarifein-cover-version-mp3-song-download</loc>
    </url>
    <url>
      <loc>https://www.pagalsongs.online/holi-mashup-2021-dj-rink-mp3-song-download</loc>
    </url>
    <url>
      <loc>https://www.pagalsongs.online/koi-jaane-na-title-track-mp3-song-download</loc>
    </url>
    <url>
      <loc>https://www.pagalsongs.online/yaarihood-mp3-song-download-2024</loc>
    </url>
    <url>
      <loc>https://www.pagalsongs.online/closed-eyes-kahaan-tum-kho-gaye-mp3-song-download</loc>
    </url>
    <url>
      <loc>https://www.pagalsongs.online/abar-basanto-elo-mp3-song-download</loc>
    </url>
    <url>
      <loc>https://www.pagalsongs.online/gunda-van-mp3-song-download</loc>
    </url>
    <url>
      <loc>https://www.pagalsongs.online/chhor-denge-remix-dj-alfa-mp3-song-download</loc>
    </url>
    <url>
      <loc>https://www.pagalsongs.online/bajre-da-sitta-cover-mp3-song-download</loc>
    </url>
    <url>
      <loc>https://www.pagalsongs.online/moina-cholat-cholat-mp3-song-download</loc>
    </url>
    <url>
      <loc>https://www.pagalsongs.online/aah-gal-mp3-song-download</loc>
    </url>
    <url>
      <loc>https://www.pagalsongs.online/dad-tera-mp3-song-download</loc>
    </url>
    <url>
      <loc>https://www.pagalsongs.online/behula-mp3-song-download</loc>
    </url>
    <url>
      <loc>https://www.pagalsongs.online/inder-chahal-kismat-teri-mp3-song-download</loc>
    </url>
    <url>
      <loc>https://www.pagalsongs.online/do-me-a-favour-lets-play-holi-remix-dj-essam-mp3-songs-download-2024</loc>
    </url>
    <url>
      <loc>https://www.pagalsongs.online/prahune-mp3-song-download-2024</loc>
    </url>
    <url>
      <loc>https://www.pagalsongs.online/first-crime-mp3-song-download</loc>
    </url>
    <url>
      <loc>https://www.pagalsongs.online/ki-kira-mp3-song-download</loc>
    </url>
    <url>
      <loc>https://www.pagalsongs.online/bp-high-song-download</loc>
    </url>
    <url>
      <loc>https://www.pagalsongs.online/till-death-song-download-55</loc>
    </url>
    <url>
      <loc>https://www.pagalsongs.online/risky-mp3-song-download</loc>
    </url>
    <url>
      <loc>https://www.pagalsongs.online/booha-mp3-song-download</loc>
    </url>
    <url>
      <loc>https://www.pagalsongs.online/monalisa-mp3--song-download</loc>
    </url>
    <url>
      <loc>https://www.pagalsongs.online/jubin-nautiyal-top-5-nonstop-mp3-song-download</loc>
    </url>
    <url>
      <loc>https://www.pagalsongs.online/jannat-mp3-song-download-0</loc>
    </url>
    <url>
      <loc>https://www.pagalsongs.online/akaal-photoan-mp3-song-download</loc>
    </url>
    <url>
      <loc>https://www.pagalsongs.online/lehja-mp3-song-download</loc>
    </url>
    <url>
      <loc>https://www.pagalsongs.online/lut-gaye-remix-dj-a-sen-mp3-song-download</loc>
    </url>
    <url>
      <loc>https://www.pagalsongs.online/bhalwani-gedi-mp3-song-download</loc>
    </url>
    <url>
      <loc>https://www.pagalsongs.online/bad-link-mp3-song-download</loc>
    </url>
    <url>
      <loc>https://www.pagalsongs.online/black-munde-mp3-songs-download-2024</loc>
    </url>
    <url>
      <loc>https://www.pagalsongs.online/makkhi-mp3-song-download</loc>
    </url>
    <url>
      <loc>https://www.pagalsongs.online/sapna-choudhary-jewadi-mp3-song-download</loc>
    </url>
    <url>
      <loc>https://www.pagalsongs.online/chief-guest-mp3-song-download</loc>
    </url>
    <url>
      <loc>https://www.pagalsongs.online/khan-bhaini-listen-bro-mp3-song-download</loc>
    </url>
    <url>
      <loc>https://www.pagalsongs.online/tu-hi-hai-mp3-song-download--2024</loc>
    </url>
    <url>
      <loc>https://www.pagalsongs.online/khauf-hai-mp3-song-download</loc>
    </url>
    <url>
      <loc>https://www.pagalsongs.online/jassa-dhillon-love-like-me-mp3-song-download</loc>
    </url>
    <url>
      <loc>https://www.pagalsongs.online/chandigarh-parhda-mp3-song-download</loc>
    </url>
    <url>
      <loc>https://www.pagalsongs.online/jhuthe-waade-mp3-song-download</loc>
    </url>
    <url>
      <loc>https://www.pagalsongs.online/shareef-mp3-song-download</loc>
    </url>
    <url>
      <loc>https://www.pagalsongs.online/kaise-juda-rahein-mp3-song-download</loc>
    </url>
    <url>
      <loc>https://www.pagalsongs.online/saiyaan-ji-remix-dj-shadow-dubai-mp3-song-download</loc>
    </url>
    <url>
      <loc>https://www.pagalsongs.online/laagi-lagan-shankara-mp3-song-download</loc>
    </url>
    <url>
      <loc>https://www.pagalsongs.online/payal-dev-yasser-desai-bepanah-pyaar-mp3-song-download</loc>
    </url>
    <url>
      <loc>https://www.pagalsongs.online/panj-satt-yaar-mp3-song-download</loc>
    </url>
    <url>
      <loc>https://www.pagalsongs.online/diva-mp3-song-download</loc>
    </url>
    <url>
      <loc>https://www.pagalsongs.online/milon-hobey-koto-diney-mp3-song-download</loc>
    </url>
    <url>
      <loc>https://www.pagalsongs.online/dil-tod-ke-remix-dj-twish-x-shameless-mani-mp3-song-download-2024</loc>
    </url>
    <url>
      <loc>https://www.pagalsongs.online/palazzo-2-mp3-song-download-00</loc>
    </url>
    <url>
      <loc>https://www.pagalsongs.online/talja-mp3-song-download-1</loc>
    </url>
    <url>
      <loc>https://www.pagalsongs.online/swagy-mp3-song-download</loc>
    </url>
    <url>
      <loc>https://www.pagalsongs.online/jatt-nikle-mp3-song-download</loc>
    </url>
    <url>
      <loc>https://www.pagalsongs.online/nakk-te-makhi-mp3--songs-download</loc>
    </url>
    <url>
      <loc>https://www.pagalsongs.online/kinne-saalan-baad-mp3-song-download</loc>
    </url>
    <url>
      <loc>https://www.pagalsongs.online/paranda-mp3-song-download</loc>
    </url>
    <url>
      <loc>https://www.pagalsongs.online/1-on-1-mp3-song-download</loc>
    </url>
    <url>
      <loc>https://www.pagalsongs.online/shopping-mp3---0s-download-2024</loc>
    </url>
    <url>
      <loc>https://www.pagalsongs.online/ego-mp3-song-download</loc>
    </url>
    <url>
      <loc>https://www.pagalsongs.online/alo-mp3-song-download</loc>
    </url>
    <url>
      <loc>https://www.pagalsongs.online/photoan-mp3-song-download</loc>
    </url>
    <url>
      <loc>https://www.pagalsongs.online/chal-wahin-chalein-mp3-song-download</loc>
    </url>
    <url>
      <loc>https://www.pagalsongs.online/joban-dhandra-maa-mp3-song-download</loc>
    </url>
    <url>
      <loc>https://www.pagalsongs.online/waalian-remix-axonn-x-shameless-mani-mp3---songs-download-1</loc>
    </url>
    <url>
      <loc>https://www.pagalsongs.online/pyaar-vaali-feeling-mp3-song-download</loc>
    </url>
    <url>
      <loc>https://www.pagalsongs.online/tarsem-jassar-soorme-mp3-song-download</loc>
    </url>
    <url>
      <loc>https://www.pagalsongs.online/teekhe-nain-mp3-song-download</loc>
    </url>
    <url>
      <loc>https://www.pagalsongs.online/baari-khohl-mp3-song-download</loc>
    </url>
    <url>
      <loc>https://www.pagalsongs.online/rising-mp3-song-download</loc>
    </url>
    <url>
      <loc>https://www.pagalsongs.online/listen-bro-mp3-song-download</loc>
    </url>
    <url>
      <loc>https://www.pagalsongs.online/thik-thak-mp3-song-download</loc>
    </url>
    <url>
      <loc>https://www.pagalsongs.online/jatti-teri-fan-mp3-song-download</loc>
    </url>
    <url>
      <loc>https://www.pagalsongs.online/birthday-pawri-mp3-song-download</loc>
    </url>
    <url>
      <loc>https://www.pagalsongs.online/feelings-of-love-mashup-dip-sr-x-jakaria-mp3-song-download-2024</loc>
    </url>
    <url>
      <loc>https://www.pagalsongs.online/chober-mp3-song-download</loc>
    </url>
    <url>
      <loc>https://www.pagalsongs.online/8-raflaan-mp3-song-download</loc>
    </url>
    <url>
      <loc>https://www.pagalsongs.online/be-asar-mp3-song-download</loc>
    </url>
    <url>
      <loc>https://www.pagalsongs.online/trigger-mp3-song-download</loc>
    </url>
    <url>
      <loc>https://www.pagalsongs.online/dhvani-bhanushali-radha-mp3-song-download</loc>
    </url>
    <url>
      <loc>https://www.pagalsongs.online/baazi-mp3-song-download</loc>
    </url>
    <url>
      <loc>https://www.pagalsongs.online/ranjha-jogi-mp3-song-download</loc>
    </url>
    <url>
      <loc>https://www.pagalsongs.online/darshan-raval-vilayati-sharaab-mp3-song-download</loc>
    </url>
    <url>
      <loc>https://www.pagalsongs.online/nachdi-mp3-song-download</loc>
    </url>
    <url>
      <loc>https://www.pagalsongs.online/thc-cypher-mp3-song-download</loc>
    </url>
    <url>
      <loc>https://www.pagalsongs.online/ladka-yeh-kehta-hai-ladki-se-cover-mp3-song-download</loc>
    </url>
    <url>
      <loc>https://www.pagalsongs.online/bol-hari-mp3-song-download</loc>
    </url>
    <url>
      <loc>https://www.pagalsongs.online/chale-to-kat-hi-jayega-mp3-song-download</loc>
    </url>
    <url>
      <loc>https://www.pagalsongs.online/chamak-dhoop-ki-mp3-song-download</loc>
    </url>
    <url>
      <loc>https://www.pagalsongs.online/gunda-touch-mp3-song-download</loc>
    </url>
    <url>
      <loc>https://www.pagalsongs.online/best-of-b-braak-mashup-dip-sr-x-vdj-jakaria-mp3-song-download-2024</loc>
    </url>
    <url>
      <loc>https://www.pagalsongs.online/ranjha-mp3-song-download-00</loc>
    </url>
    <url>
      <loc>https://www.pagalsongs.online/emptiness-mashup-aftermorning-chillout-mp3-song-download</loc>
    </url>
    <url>
      <loc>https://www.pagalsongs.online/thode-kam-ajnabi-mp3-song-download</loc>
    </url>
    <url>
      <loc>https://www.pagalsongs.online/dil-udd-ja-re-mp3-song-download</loc>
    </url>
    <url>
      <loc>https://www.pagalsongs.online/nakhra-80-degree-mp3-song-download</loc>
    </url>
    <url>
      <loc>https://www.pagalsongs.online/its-over-mp3-song-download</loc>
    </url>
    <url>
      <loc>https://www.pagalsongs.online/tere-siva-remix-dj-aqeel-mp3-song-download</loc>
    </url>
    <url>
      <loc>https://www.pagalsongs.online/jaan-ni-dindi-mp3-song-download</loc>
    </url>
    <url>
      <loc>https://www.pagalsongs.online/munde-mar-gaye-mp3-song-download</loc>
    </url>
    <url>
      <loc>https://www.pagalsongs.online/manne-babu-bol-mp3-song-download</loc>
    </url>
    <url>
      <loc>https://www.pagalsongs.online/tum-dil-ki-dhadkan-mein-cover-mp3-song-download</loc>
    </url>
    <url>
      <loc>https://www.pagalsongs.online/jbl-e-gaan-bajabo-mp3-song-download</loc>
    </url>
    <url>
      <loc>https://www.pagalsongs.online/jattan-de-jawaak-mp3-song-download</loc>
    </url>
    <url>
      <loc>https://www.pagalsongs.online/bepanah-pyaar-mp3-song-download</loc>
    </url>
    <url>
      <loc>https://www.pagalsongs.online/waiting-ore-nil-doriya-cover-mp3-song-download</loc>
    </url>
    <url>
      <loc>https://www.pagalsongs.online/tor-mp3-song-download</loc>
    </url>
    <url>
      <loc>https://www.pagalsongs.online/mutiyar-mp3-song-download</loc>
    </url>
    <url>
      <loc>https://www.pagalsongs.online/bahane-mp3-song-download</loc>
    </url>
    <url>
      <loc>https://www.pagalsongs.online/jee-bharke-umrbhar-mp3-song-download</loc>
    </url>
    <url>
      <loc>https://www.pagalsongs.online/gurjas-sidhu-madhubala-mp3-song-download</loc>
    </url>
    <url>
      <loc>https://www.pagalsongs.online/shashaa-tirupati-dheeme-dheeme-mp3-song-download</loc>
    </url>
    <url>
      <loc>https://www.pagalsongs.online/sorry-baby-mp3-song-download</loc>
    </url>
    <url>
      <loc>https://www.pagalsongs.online/guccci-boe-mp3-song-download</loc>
    </url>
    <url>
      <loc>https://www.pagalsongs.online/saza-e-maut-mp3-song-download</loc>
    </url>
    <url>
      <loc>https://www.pagalsongs.online/holi-mein-rangeele-dj-shadow-remix-mp3-song-download</loc>
    </url>
    <url>
      <loc>https://www.pagalsongs.online/the-little-voice-mp3-song-download</loc>
    </url>
    <url>
      <loc>https://www.pagalsongs.online/amrit-maan-divine-kaala-ghoda-mp3-song-download</loc>
    </url>
    <url>
      <loc>https://www.pagalsongs.online/adha-shehar-mp3-song-download</loc>
    </url>
    <url>
      <loc>https://www.pagalsongs.online/2-much-mp3--song-download-2024-0</loc>
    </url>
    <url>
      <loc>https://www.pagalsongs.online/loved-by-you-mp3-song-download-2024-0</loc>
    </url>
    <url>
      <loc>https://www.pagalsongs.online/somebody-mp3--song-download-2024-0</loc>
    </url>
    <url>
      <loc>https://www.pagalsongs.online/off-my-face-mp3--download-2024</loc>
    </url>
    <url>
      <loc>https://www.pagalsongs.online/unstable-mp3---song-download-2024-000</loc>
    </url>
    <url>
      <loc>https://www.pagalsongs.online/love-you-different-mp3-song-download-2024-0</loc>
    </url>
    <url>
      <loc>https://www.pagalsongs.online/jeeney-ki-wajah-mp3--song-download</loc>
    </url>
    <url>
      <loc>https://www.pagalsongs.online/gods-plan-mp3-song-download</loc>
    </url>
    <url>
      <loc>https://www.pagalsongs.online/jaane-de-mp3-song-download</loc>
    </url>
    <url>
      <loc>https://www.pagalsongs.online/radha-mp3-song-download</loc>
    </url>
    <url>
      <loc>https://www.pagalsongs.online/lut-gaye-remix-dj-s-f-m-mp3-song-download</loc>
    </url>
    <url>
      <loc>https://www.pagalsongs.online/cinderella-mp3--song-download</loc>
    </url>
    <url>
      <loc>https://www.pagalsongs.online/baapu-mp3-song-download</loc>
    </url>
    <url>
      <loc>https://www.pagalsongs.online/milli-1-mp3-song-download</loc>
    </url>
    <url>
      <loc>https://www.pagalsongs.online/12-dia-12-mp3-song-download</loc>
    </url>
    <url>
      <loc>https://www.pagalsongs.online/neha-kakkar-marjaneya-mp3-song-download</loc>
    </url>
    <url>
      <loc>https://www.pagalsongs.online/lucky-ali-o-sanam-dj-nyk-lofi-remix-mp3-song-download</loc>
    </url>
    <url>
      <loc>https://www.pagalsongs.online/kardi-aa-worry-mp3-song-download</loc>
    </url>
    <url>
      <loc>https://www.pagalsongs.online/shooter-kahlon-skookum-mp3-song-download</loc>
    </url>
    <url>
      <loc>https://www.pagalsongs.online/yaar-hathyaar-the-danger-zone-mp3-song-download</loc>
    </url>
    <url>
      <loc>https://www.pagalsongs.online/toronto-waliye-mp3-song-download</loc>
    </url>
    <url>
      <loc>https://www.pagalsongs.online/9x-smashup-mp3-song-download</loc>
    </url>
    <url>
      <loc>https://www.pagalsongs.online/main-hoon-na-tere-saath-mp3-song-download</loc>
    </url>
    <url>
      <loc>https://www.pagalsongs.online/pagglait-title-track-mp3-song-download</loc>
    </url>
    <url>
      <loc>https://www.pagalsongs.online/gur-sidhu-sau-putt-mp3-song-download</loc>
    </url>
    <url>
      <loc>https://www.pagalsongs.online/yasser-desai-saiyyonee-mp3-song-download</loc>
    </url>
    <url>
      <loc>https://www.pagalsongs.online/rolex-mp3-song-download</loc>
    </url>
    <url>
      <loc>https://www.pagalsongs.online/ami-achi-mp3-song-download</loc>
    </url>
    <url>
      <loc>https://www.pagalsongs.online/kala-tikka-mp3-song-download</loc>
    </url>
    <url>
      <loc>https://www.pagalsongs.online/time-to-dance-get-down-to-groove-mp3-song-download</loc>
    </url>
    <url>
      <loc>https://www.pagalsongs.online/lehnga-mp3-song-download</loc>
    </url>
    <url>
      <loc>https://www.pagalsongs.online/prabh-gill-waasta-mp3--song-download</loc>
    </url>
    <url>
      <loc>https://www.pagalsongs.online/enjoy-enjaami-mp3-song-download</loc>
    </url>
    <url>
      <loc>https://www.pagalsongs.online/bombay-to-punjab-remix-dj-goddess-mp3-song-download</loc>
    </url>
    <url>
      <loc>https://www.pagalsongs.online/tanishk-bagchi-patli-kamariya-mp3-song-download</loc>
    </url>
    <url>
      <loc>https://www.pagalsongs.online/sukh-e-patli-kamariya-mp3-song-download</loc>
    </url>
    <url>
      <loc>https://www.pagalsongs.online/dil-di-gal-mp3-song-download</loc>
    </url>
    <url>
      <loc>https://www.pagalsongs.online/tu-rovenga-mp3-song-download</loc>
    </url>
    <url>
      <loc>https://www.pagalsongs.online/badmashi-mp3-song-download</loc>
    </url>
    <url>
      <loc>https://www.pagalsongs.online/ohh-yeah-mp3-song-download</loc>
    </url>
    <url>
      <loc>https://www.pagalsongs.online/harmonica-andromeda-mp3-song-download-2024</loc>
    </url>
    <url>
      <loc>https://www.pagalsongs.online/naal-naal-mp3-song-download</loc>
    </url>
    <url>
      <loc>https://www.pagalsongs.online/happy-raikoti-mohabbtan-mp3-song-download</loc>
    </url>
    <url>
      <loc>https://www.pagalsongs.online/skookum-mp3-song-download</loc>
    </url>
    <url>
      <loc>https://www.pagalsongs.online/pagalpan-mp3-song-download</loc>
    </url>
    <url>
      <loc>https://www.pagalsongs.online/suhe-rang-mp3-song-download</loc>
    </url>
    <url>
      <loc>https://www.pagalsongs.online/sapna-choudhary-chamak-challo-mp3-song-download</loc>
    </url>
    <url>
      <loc>https://www.pagalsongs.online/senti-jatti-remix-dj-shadow-mp3-song-download</loc>
    </url>
    <url>
      <loc>https://www.pagalsongs.online/saiyyonee-mp3-song-download</loc>
    </url>
    <url>
      <loc>https://www.pagalsongs.online/siddharth-nigam-teri-aadat-mp3-song-download</loc>
    </url>
    <url>
      <loc>https://www.pagalsongs.online/javed-ali-yaara-mp3-0s-download</loc>
    </url>
    <url>
      <loc>https://www.pagalsongs.online/pav-dharia-mahiya-mp3-song-download</loc>
    </url>
    <url>
      <loc>https://www.pagalsongs.online/biba-mp3-song-download</loc>
    </url>
    <url>
      <loc>https://www.pagalsongs.online/shor-machega-mashup-dj-a-sen-mp3-song-download</loc>
    </url>
    <url>
      <loc>https://www.pagalsongs.online/loot-liya-mp3-song-download-1</loc>
    </url>
    <url>
      <loc>https://www.pagalsongs.online/jinde-mp3-song-download</loc>
    </url>
    <url>
      <loc>https://www.pagalsongs.online/saloot-mp3-song-download-2024</loc>
    </url>
    <url>
      <loc>https://www.pagalsongs.online/singga-badnam-munda-mp3-song-download</loc>
    </url>
    <url>
      <loc>https://www.pagalsongs.online/khesari-lal-yadav-holiya-me-hili-mp3-song-download</loc>
    </url>
    <url>
      <loc>https://www.pagalsongs.online/prateeksha-o-mahi-mere-mp3-song-download-1</loc>
    </url>
    <url>
      <loc>https://www.pagalsongs.online/she-mp3-song-download</loc>
    </url>
    <url>
      <loc>https://www.pagalsongs.online/tenu-soh-lagge-mp3-song-download</loc>
    </url>
    <url>
      <loc>https://www.pagalsongs.online/mohabbtaan-mp3-song-download</loc>
    </url>
    <url>
      <loc>https://www.pagalsongs.online/tauba-tauba-mp3-song-download</loc>
    </url>
    <url>
      <loc>https://www.pagalsongs.online/saheliyaan-mp3-song-download</loc>
    </url>
    <url>
      <loc>https://www.pagalsongs.online/dastakhat-mp3-song-download</loc>
    </url>
    <url>
      <loc>https://www.pagalsongs.online/mehndi-wale-hath-mp3-song-download-1</loc>
    </url>
    <url>
      <loc>https://www.pagalsongs.online/kale-je-libaas-di-mp3-song-download-2021</loc>
    </url>
    <url>
      <loc>https://www.pagalsongs.online/kitaab-mp3-song-download</loc>
    </url>
    <url>
      <loc>https://www.pagalsongs.online/phir-aaoge-mp3-song-download</loc>
    </url>
    <url>
      <loc>https://www.pagalsongs.online/waasta-mp3-song-download</loc>
    </url>
    <url>
      <loc>https://www.pagalsongs.online/ishq-karo-dil-se-mp3-song-download</loc>
    </url>
    <url>
      <loc>https://www.pagalsongs.online/sau-putt-mp3-song-download</loc>
    </url>
    <url>
      <loc>https://www.pagalsongs.online/kismat-teri-song-download</loc>
    </url>
    <url>
      <loc>https://www.pagalsongs.online/bhauji-mp3-song-download-1</loc>
    </url>
    <url>
      <loc>https://www.pagalsongs.online/bhootni-mp3-song-download-1</loc>
    </url>
    <url>
      <loc>https://www.pagalsongs.online/lost-moments-mashup-aftermorning-chillout-mp3-song-download-2024</loc>
    </url>
    <url>
      <loc>https://www.pagalsongs.online/babuni-tere-rang-mein-mp3-song-download</loc>
    </url>
    <url>
      <loc>https://www.pagalsongs.online/dard-viah-da-mp3-song-download</loc>
    </url>
    <url>
      <loc>https://www.pagalsongs.online/the-romantic-mashup-2021-vdj-royal-dj-mortal-mp3-song-download-2024</loc>
    </url>
    <url>
      <loc>https://www.pagalsongs.online/o-piya-ji-mp3-song-download</loc>
    </url>
    <url>
      <loc>https://www.pagalsongs.online/mtv-beats-house-party-with-dj-chetas-love-mix-15-mp3-song-download</loc>
    </url>
    <url>
      <loc>https://www.pagalsongs.online/ring-a-sign-of-love-mp3-song-download</loc>
    </url>
    <url>
      <loc>https://www.pagalsongs.online/naraan-2-mp3-song-download</loc>
    </url>
    <url>
      <loc>https://www.pagalsongs.online/jatt-naal-yaari-mp3-song-download</loc>
    </url>
    <url>
      <loc>https://www.pagalsongs.online/bawaal-mp3-song-download</loc>
    </url>
    <url>
      <loc>https://www.pagalsongs.online/praise-mp3-song-download</loc>
    </url>
    <url>
      <loc>https://www.pagalsongs.online/gaane-wale-raaper-mp3-song-download</loc>
    </url>
    <url>
      <loc>https://www.pagalsongs.online/darr-mp3-song-download</loc>
    </url>
    <url>
      <loc>https://www.pagalsongs.online/munde-pat-te-mp3-song-download</loc>
    </url>
    <url>
      <loc>https://www.pagalsongs.online/high-mp3-song-download</loc>
    </url>
    <url>
      <loc>https://www.pagalsongs.online/mahiya-mp3-song-download</loc>
    </url>
    <url>
      <loc>https://www.pagalsongs.online/dangerous-mp3-song-download-0</loc>
    </url>
    <url>
      <loc>https://www.pagalsongs.online/play-girl-mp3-song-download</loc>
    </url>
    <url>
      <loc>https://www.pagalsongs.online/tu-jo-haan-kahe-toh-haan-mp3-song-download</loc>
    </url>
    <url>
      <loc>https://www.pagalsongs.online/mulakaat-mp3-song-download</loc>
    </url>
    <url>
      <loc>https://www.pagalsongs.online/dimple-mp3--song-download</loc>
    </url>
    <url>
      <loc>https://www.pagalsongs.online/tu-hai-dariya-mp3-song-download</loc>
    </url>
    <url>
      <loc>https://www.pagalsongs.online/ambran-de-chann-warga-mp3-song-download</loc>
    </url>
    <url>
      <loc>https://www.pagalsongs.online/tesher-pawri-ho-rahi-hai-dj-aqeel-mp3-song-download</loc>
    </url>
    <url>
      <loc>https://www.pagalsongs.online/photo-mp3-song-download</loc>
    </url>
    <url>
      <loc>https://www.pagalsongs.online/jass-manak-mashup-2021-funky-boyz-mix-mp3-song-download</loc>
    </url>
    <url>
      <loc>https://www.pagalsongs.online/hold-on-mp3---songs-download-2024-320kbqs-55</loc>
    </url>
    <url>
      <loc>https://www.pagalsongs.online/saina-parinda-mp3-song-download</loc>
    </url>
    <url>
      <loc>https://www.pagalsongs.online/spaceman-mp3-song-download</loc>
    </url>
    <url>
      <loc>https://www.pagalsongs.online/hello-ji-mp3-song-download</loc>
    </url>
    <url>
      <loc>https://www.pagalsongs.online/babe-da-khooh-mp3-song-download</loc>
    </url>
    <url>
      <loc>https://www.pagalsongs.online/aaj-din-chadheya-cover-mp3-song-download</loc>
    </url>
    <url>
      <loc>https://www.pagalsongs.online/viah-mp3-song-download</loc>
    </url>
    <url>
      <loc>https://www.pagalsongs.online/grind-mp3-song-download-2024</loc>
    </url>
    <url>
      <loc>https://www.pagalsongs.online/patli-kamariya-mp3-song-download</loc>
    </url>
    <url>
      <loc>https://www.pagalsongs.online/beautiful-mistakes-mp3-song-download-0</loc>
    </url>
    <url>
      <loc>https://www.pagalsongs.online/badnam-munda-mp3-song-download</loc>
    </url>
    <url>
      <loc>https://www.pagalsongs.online/soulmate-mp3-song-download</loc>
    </url>
    <url>
      <loc>https://www.pagalsongs.online/ho-jayega-pyaar-mp3-song-download</loc>
    </url>
    <url>
      <loc>https://www.pagalsongs.online/hookah-mp3-song-download</loc>
    </url>
    <url>
      <loc>https://www.pagalsongs.online/ajay-hooda-tu-gori-mai-kala-mp3-song-download</loc>
    </url>
    <url>
      <loc>https://www.pagalsongs.online/gott-mp3-song-download</loc>
    </url>
    <url>
      <loc>https://www.pagalsongs.online/wait-mp3-song-download</loc>
    </url>
    <url>
      <loc>https://www.pagalsongs.online/beggane-sey-mp3-song-download</loc>
    </url>
    <url>
      <loc>https://www.pagalsongs.online/diff-life-mp3-song-download</loc>
    </url>
    <url>
      <loc>https://www.pagalsongs.online/teri-aadat-mp3-song-download</loc>
    </url>
    <url>
      <loc>https://www.pagalsongs.online/tanhaai-reprise-mp3-song-download</loc>
    </url>
    <url>
      <loc>https://www.pagalsongs.online/age-17-mp3-song-download</loc>
    </url>
    <url>
      <loc>https://www.pagalsongs.online/ishqe-diyan-bariyan-mp3-song-download</loc>
    </url>
    <url>
      <loc>https://www.pagalsongs.online/above-all-mp3-song-download</loc>
    </url>
    <url>
      <loc>https://www.pagalsongs.online/town-vich-mp3-song-download</loc>
    </url>
    <url>
      <loc>https://www.pagalsongs.online/oh-sochdi-ae-mp3-song-download</loc>
    </url>
    <url>
      <loc>https://www.pagalsongs.online/haye-ni-tere-mp3-song-download</loc>
    </url>
    <url>
      <loc>https://www.pagalsongs.online/ali-baba-mp3-song-download</loc>
    </url>
    <url>
      <loc>https://www.pagalsongs.online/pachtayenga-mp3-song-download</loc>
    </url>
    <url>
      <loc>https://www.pagalsongs.online/umesh-barot-bholenath-mp3-song-download</loc>
    </url>
    <url>
      <loc>https://www.pagalsongs.online/pehla-pyaar-mp3--song-download</loc>
    </url>
    <url>
      <loc>https://www.pagalsongs.online/ilzaam-mp3-song-download</loc>
    </url>
    <url>
      <loc>https://www.pagalsongs.online/har-funn-maula-song-download-mp3-song-download</loc>
    </url>
    <url>
      <loc>https://www.pagalsongs.online/saawan-mp3-song-download</loc>
    </url>
    <url>
      <loc>https://www.pagalsongs.online/surya-dooriyan-mp3-song-download</loc>
    </url>
    <url>
      <loc>https://www.pagalsongs.online/time-to-dance-title-track-mp3-song-download</loc>
    </url>
    <url>
      <loc>https://www.pagalsongs.online/danka-baja-mp3-song-download</loc>
    </url>
    <url>
      <loc>https://www.pagalsongs.online/marjaneya-mp3-song-download</loc>
    </url>
    <url>
      <loc>https://www.pagalsongs.online/kath-mp3-song-download-</loc>
    </url>
    <url>
      <loc>https://www.pagalsongs.online/mohabbat-phir-ho-jayegi-mp3-song-download</loc>
    </url>
    <url>
      <loc>https://www.pagalsongs.online/divine-love-shiv-parvati-ki-prem-kahani-mp3-song-download</loc>
    </url>
    <url>
      <loc>https://www.pagalsongs.online/bam-bhole-mp3---song-download-2024</loc>
    </url>
    <url>
      <loc>https://www.pagalsongs.online/mere-bhole-ko-mp3-song-download</loc>
    </url>
    <url>
      <loc>https://www.pagalsongs.online/shaawa-teri-tor-mp3-song-download</loc>
    </url>
    <url>
      <loc>https://www.pagalsongs.online/balam-main-teri-mp3-songs-download</loc>
    </url>
    <url>
      <loc>https://www.pagalsongs.online/payal-chandi-ki-mp3-song-download</loc>
    </url>
    <url>
      <loc>https://www.pagalsongs.online/prem-dhillon-copyright-mp3-song-download</loc>
    </url>
    <url>
      <loc>https://www.pagalsongs.online/akhaa-vich-mp3-song-download</loc>
    </url>
    <url>
      <loc>https://www.pagalsongs.online/close-mp3-song-download</loc>
    </url>
    <url>
      <loc>https://www.pagalsongs.online/mehngi-daru-mp3-song-download</loc>
    </url>
    <url>
      <loc>https://www.pagalsongs.online/om-namah-shivay-mp3-song-download</loc>
    </url>
    <url>
      <loc>https://www.pagalsongs.online/garmi-remix-dj-a-sen-mp3-song-download</loc>
    </url>
    <url>
      <loc>https://www.pagalsongs.online/cradles-mp3-song-download</loc>
    </url>
    <url>
      <loc>https://www.pagalsongs.online/moto-mp3-song-download</loc>
    </url>
    <url>
      <loc>https://www.pagalsongs.online/sona-lagda-remix-dj-scoob-mp3-song-download</loc>
    </url>
    <url>
      <loc>https://www.pagalsongs.online/your-love-mp3-song-download</loc>
    </url>
    <url>
      <loc>https://www.pagalsongs.online/madhubala-mp3-song-download</loc>
    </url>
    <url>
      <loc>https://www.pagalsongs.online/tu-gori-mai-kala-mp3-song-download</loc>
    </url>
    <url>
      <loc>https://www.pagalsongs.online/belafz-baatein-mp3-song-download</loc>
    </url>
    <url>
      <loc>https://www.pagalsongs.online/main-janu-na-mp3-song-download</loc>
    </url>
    <url>
      <loc>https://www.pagalsongs.online/kaala-ghoda-mp3-song-download</loc>
    </url>
    <url>
      <loc>https://www.pagalsongs.online/mashoor-mp3-song-download</loc>
    </url>
    <url>
      <loc>https://www.pagalsongs.online/golgappa-mp3-song-download</loc>
    </url>
    <url>
      <loc>https://www.pagalsongs.online/akhan-cho-paani-mp3-song-download</loc>
    </url>
    <url>
      <loc>https://www.pagalsongs.online/gaana-challe-ya-na-mp3-song-download</loc>
    </url>
    <url>
      <loc>https://www.pagalsongs.online/kabzaw-mp3-song-download</loc>
    </url>
    <url>
      <loc>https://www.pagalsongs.online/hide-karke-mp3-song-download</loc>
    </url>
    <url>
      <loc>https://www.pagalsongs.online/kaabil-e-tareef-mp3-song-download</loc>
    </url>
    <url>
      <loc>https://www.pagalsongs.online/sharara-mp3-song-download</loc>
    </url>
    <url>
      <loc>https://www.pagalsongs.online/aapke-pyaar-mein-x-kitna-bechain-mp3-song-download-2024</loc>
    </url>
    <url>
      <loc>https://www.pagalsongs.online/halwa-sareer-mp3-song-download</loc>
    </url>
    <url>
      <loc>https://www.pagalsongs.online/sira-bande-mp3-song-download</loc>
    </url>
    <url>
      <loc>https://www.pagalsongs.online/wada-na-tod-cover-mp3-song-download</loc>
    </url>
    <url>
      <loc>https://www.pagalsongs.online/main-jis-din-bhulaa-du-tera-pyar-dil-se-cover-mp3-song-download</loc>
    </url>
    <url>
      <loc>https://www.pagalsongs.online/akke-hoye-mp3-song-download</loc>
    </url>
    <url>
      <loc>https://www.pagalsongs.online/dollar-te-gandhi-mp3-song-download</loc>
    </url>
    <url>
      <loc>https://www.pagalsongs.online/oye-hoye-hoye-mp3-song-download</loc>
    </url>
    <url>
      <loc>https://www.pagalsongs.online/leave-me-alone-emotional-mashup-aftermorning-chillout-mp3-song-download</loc>
    </url>
    <url>
      <loc>https://www.pagalsongs.online/im-not-mad-mp3-song-download</loc>
    </url>
    <url>
      <loc>https://www.pagalsongs.online/heels-mp3-song-download</loc>
    </url>
    <url>
      <loc>https://www.pagalsongs.online/bholenath-ki-shadi-mp3-song-download</loc>
    </url>
    <url>
      <loc>https://www.pagalsongs.online/cheater-mp3-song-download</loc>
    </url>
    <url>
      <loc>https://www.pagalsongs.online/dil-tune-toda-hai-female-mp3-song-download</loc>
    </url>
    <url>
      <loc>https://www.pagalsongs.online/kde-kde-mp3-song-download</loc>
    </url>
    <url>
      <loc>https://www.pagalsongs.online/out-with-doubt-mp3-song-download</loc>
    </url>
    <url>
      <loc>https://www.pagalsongs.online/kya-karu-remix-dj-piyu-mp3-song-download</loc>
    </url>
    <url>
      <loc>https://www.pagalsongs.online/if-u-know-u-know-mp3-song-download</loc>
    </url>
    <url>
      <loc>https://www.pagalsongs.online/satane-lage-ho-cover-mp3-song-download</loc>
    </url>
    <url>
      <loc>https://www.pagalsongs.online/har-funn-maula-mp3-song-download</loc>
    </url>
    <url>
      <loc>https://www.pagalsongs.online/keede-mp3-song-download</loc>
    </url>
    <url>
      <loc>https://www.pagalsongs.online/tera-suit-mp3-song-download</loc>
    </url>
    <url>
      <loc>https://www.pagalsongs.online/chanda-jhaanke-mp3-song-download</loc>
    </url>
    <url>
      <loc>https://www.pagalsongs.online/tere-naal-mp3-song-download</loc>
    </url>
    <url>
      <loc>https://www.pagalsongs.online/din-ase-din-jai-mp3-song-download</loc>
    </url>
    <url>
      <loc>https://www.pagalsongs.online/satya-mp3-song-download</loc>
    </url>
    <url>
      <loc>https://www.pagalsongs.online/beedi-mp3-song-download</loc>
    </url>
    <url>
      <loc>https://www.pagalsongs.online/aahun-aahun-cover-mp3-song-download</loc>
    </url>
    <url>
      <loc>https://www.pagalsongs.online/kashmiri-loyi-mp3-song-download</loc>
    </url>
    <url>
      <loc>https://www.pagalsongs.online/mexico-koka-mp3-song-download</loc>
    </url>
    <url>
      <loc>https://www.pagalsongs.online/shor-machega-remix-dj-purvish-mp3--song-download</loc>
    </url>
    <url>
      <loc>https://www.pagalsongs.online/selfish-love-songs-download-mp3-</loc>
    </url>
    <url>
      <loc>https://www.pagalsongs.online/aur-pyaar-karna-hai-song-download-pagalworld</loc>
    </url>
    <url>
      <loc>https://www.pagalsongs.online/aashiq-tera-mp3-song-download</loc>
    </url>
    <url>
      <loc>https://www.pagalsongs.online/tu-meri-ki-lagdi-mp3-song-download</loc>
    </url>
    <url>
      <loc>https://www.pagalsongs.online/tere-jism-4-mp3-song-download</loc>
    </url>
    <url>
      <loc>https://www.pagalsongs.online/tum-to-thehre-pardesi-cover-mp3-song-download</loc>
    </url>
    <url>
      <loc>https://www.pagalsongs.online/thok-de-killi-mp3-song-download</loc>
    </url>
    <url>
      <loc>https://www.pagalsongs.online/homecoming-mp3-song-download</loc>
    </url>
    <url>
      <loc>https://www.pagalsongs.online/5-note-song-download</loc>
    </url>
    <url>
      <loc>https://www.pagalsongs.online/laarey-mp3-song-download</loc>
    </url>
    <url>
      <loc>https://www.pagalsongs.online/titliaan-warga-mashup-dj-shadow-dubai-mp3-song-download</loc>
    </url>
    <url>
      <loc>https://www.pagalsongs.online/nadiyon-paar-mp3-song-download-1</loc>
    </url>
    <url>
      <loc>https://www.pagalsongs.online/kala-kala-chasma-mp3-song-download</loc>
    </url>
    <url>
      <loc>https://www.pagalsongs.online/soniye-dil-nahi-lagda-remix-dj-shadow-dubai-mp3-song-download</loc>
    </url>
    <url>
      <loc>https://www.pagalsongs.online/patwari-mp3-song-download</loc>
    </url>
    <url>
      <loc>https://www.pagalsongs.online/mangda-main-mannat-mp3-song-download</loc>
    </url>
    <url>
      <loc>https://www.pagalsongs.online/na-nai-sunna-mp3-song-download</loc>
    </url>
    <url>
      <loc>https://www.pagalsongs.online/jee-nahiyo-lagda-mera-mp3-song-download</loc>
    </url>
    <url>
      <loc>https://www.pagalsongs.online/khyaal-kar-lo-mp3-song-download</loc>
    </url>
    <url>
      <loc>https://www.pagalsongs.online/suit-plazoo-mp3-song-download</loc>
    </url>
    <url>
      <loc>https://www.pagalsongs.online/taqdeer-mp3-song-download</loc>
    </url>
    <url>
      <loc>https://www.pagalsongs.online/mere-tum-mp3-song-download</loc>
    </url>
    <url>
      <loc>https://www.pagalsongs.online/till-i-die-mp3-song-download</loc>
    </url>
    <url>
      <loc>https://www.pagalsongs.online/holly-bolly-mashup-2021-vdj-royal-mp3-song-download-2024</loc>
    </url>
    <url>
      <loc>https://www.pagalsongs.online/deepa-bilaspuri-afsana-khan-vailpuna-mp3-songs-download-2024</loc>
    </url>
    <url>
      <loc>https://www.pagalsongs.online/5-taara-remix-dj-rink-mp3-song-download</loc>
    </url>
    <url>
      <loc>https://www.pagalsongs.online/chakve-suit-mp3-song-download</loc>
    </url>
    <url>
      <loc>https://www.pagalsongs.online/trophy-mp3-song-download</loc>
    </url>
    <url>
      <loc>https://www.pagalsongs.online/copyright-mp3-song-download</loc>
    </url>
    <url>
      <loc>https://www.pagalsongs.online/r-nait-daaku-mp3-song-download</loc>
    </url>
    <url>
      <loc>https://www.pagalsongs.online/raghav-chaitanya-dooriyan-mp3-song-download</loc>
    </url>
    <url>
      <loc>https://www.pagalsongs.online/mexico-mp3-song-download</loc>
    </url>
    <url>
      <loc>https://www.pagalsongs.online/big-life-mp3-song-download-2024</loc>
    </url>
    <url>
      <loc>https://www.pagalsongs.online/blanko-mp3-songs-download-2024-00</loc>
    </url>
    <url>
      <loc>https://www.pagalsongs.online/viah-ch-gaah-mp3-song-download</loc>
    </url>
    <url>
      <loc>https://www.pagalsongs.online/jo-bheji-thi-duaa-x-jaane-wale-mashup-dj-vishtech-mp3-song-download</loc>
    </url>
    <url>
      <loc>https://www.pagalsongs.online/sache-wala-luv-mp3-song-download</loc>
    </url>
    <url>
      <loc>https://www.pagalsongs.online/dil-mera-mp3-song-download</loc>
    </url>
    <url>
      <loc>https://www.pagalsongs.online/tu-hi-hai-cover-mp3-song-download</loc>
    </url>
    <url>
      <loc>https://www.pagalsongs.online/haad-masala-mp3-song-download</loc>
    </url>
    <url>
      <loc>https://www.pagalsongs.online/baby-tu-na-jaa-mp3-song-download</loc>
    </url>
    <url>
      <loc>https://www.pagalsongs.online/shaadi-hone-wali-hai-mp3-song-download-2024</loc>
    </url>
    <url>
      <loc>https://www.pagalsongs.online/banna-re-mp3--song-download</loc>
    </url>
    <url>
      <loc>https://www.pagalsongs.online/mitha-mitha-mp3-song-download</loc>
    </url>
    <url>
      <loc>https://www.pagalsongs.online/kashmir-mp3-song-download</loc>
    </url>
    <url>
      <loc>https://www.pagalsongs.online/no-love-mp3-song-download</loc>
    </url>
    <url>
      <loc>https://www.pagalsongs.online/zaroori-tha-mp3--song-download</loc>
    </url>
    <url>
      <loc>https://www.pagalsongs.online/vilen-ek-raat-mp3-song-download</loc>
    </url>
    <url>
      <loc>https://www.pagalsongs.online/riyasat-mp3-song-download</loc>
    </url>
    <url>
      <loc>https://www.pagalsongs.online/grow-mp3-song-download</loc>
    </url>
    <url>
      <loc>https://www.pagalsongs.online/mehnge-suit-mp3-song-download</loc>
    </url>
    <url>
      <loc>https://www.pagalsongs.online/ma-g-mp3-song-download-0</loc>
    </url>
    <url>
      <loc>https://www.pagalsongs.online/bheegi-bheegi-raaton-mein-reprise-mp3-song-download-2023</loc>
    </url>
    <url>
      <loc>https://www.pagalsongs.online/look-back-no-more-mashup-aftermorning-chillout-mp3-song-download</loc>
    </url>
    <url>
      <loc>https://www.pagalsongs.online/saiyaan-ji-remix-groovedev-dj-shilpi-sharma-mp3-song-download</loc>
    </url>
    <url>
      <loc>https://www.pagalsongs.online/magazine-mp3-song-download</loc>
    </url>
    <url>
      <loc>https://www.pagalsongs.online/dum-mp3-song-download</loc>
    </url>
    <url>
      <loc>https://www.pagalsongs.online/out-of-love-mp3-song-download</loc>
    </url>
    <url>
      <loc>https://www.pagalsongs.online/tenu-kinna-pyaar-kara-mp3-song-download</loc>
    </url>
    <url>
      <loc>https://www.pagalsongs.online/adhura-ishq-mp3-song-download</loc>
    </url>
    <url>
      <loc>https://www.pagalsongs.online/majhe-wale-mp3-song-download</loc>
    </url>
    <url>
      <loc>https://www.pagalsongs.online/dhanyawad-mp3-song-download</loc>
    </url>
    <url>
      <loc>https://www.pagalsongs.online/nature-mp3-song-download</loc>
    </url>
    <url>
      <loc>https://www.pagalsongs.online/lut-gaye-mp3-song-download-320</loc>
    </url>
    <url>
      <loc>https://www.pagalsongs.online/mujhe-bhula-na-sakoge-mp3-song-download</loc>
    </url>
    <url>
      <loc>https://www.pagalsongs.online/disco-82-remix-dj-paroma-dj-ay-mp3-song-download</loc>
    </url>
    <url>
      <loc>https://www.pagalsongs.online/atif-aslam-raat-mp3-song-download</loc>
    </url>
    <url>
      <loc>https://www.pagalsongs.online/chor-denge-song-download-mp3-download</loc>
    </url>
    <url>
      <loc>https://www.pagalsongs.online/jubin-nautiyal-lut-gaye-song-download</loc>
    </url>
    <url>
      <loc>https://www.pagalsongs.online/parampara-tandon-chor-denge-mp3-song-download</loc>
    </url>
    <url>
      <loc>https://www.pagalsongs.online/cholo-kori-prem-mp3-song-download</loc>
    </url>
    <url>
      <loc>https://www.pagalsongs.online/shimmy-that-mp3-song-download</loc>
    </url>
    <url>
      <loc>https://www.pagalsongs.online/baggage-mp3-song-download</loc>
    </url>
    <url>
      <loc>https://www.pagalsongs.online/mai-aagya-hoon-mp3-song-download</loc>
    </url>
    <url>
      <loc>https://www.pagalsongs.online/aisa-sama-na-hota-mp3-song-download</loc>
    </url>
    <url>
      <loc>https://www.pagalsongs.online/jetha-ji-mp3-song-download</loc>
    </url>
    <url>
      <loc>https://www.pagalsongs.online/like-this-mp3-song-download</loc>
    </url>
    <url>
      <loc>https://www.pagalsongs.online/bahana-unplugged-mp3-song-download</loc>
    </url>
    <url>
      <loc>https://www.pagalsongs.online/kiston-mp3-song-download-1</loc>
    </url>
    <url>
      <loc>https://www.pagalsongs.online/aaye-haaye-mp3-song-download</loc>
    </url>
    <url>
      <loc>https://www.pagalsongs.online/tenu-ni-pata-mp3-song-download</loc>
    </url>
    <url>
      <loc>https://www.pagalsongs.online/fire-chalde-mp3-song-download</loc>
    </url>
    <url>
      <loc>https://www.pagalsongs.online/brown-munde-club-mix-dj-a-sen-mp3-song-download</loc>
    </url>
    <url>
      <loc>https://www.pagalsongs.online/dawood-mp3-song-download</loc>
    </url>
    <url>
      <loc>https://www.pagalsongs.online/para-rum-pa-mp3-song-download</loc>
    </url>
    <url>
      <loc>https://www.pagalsongs.online/sass-da-jaya-mp3-song-download</loc>
    </url>
    <url>
      <loc>https://www.pagalsongs.online/chitte-baane-mp3-song-download</loc>
    </url>
    <url>
      <loc>https://www.pagalsongs.online/bewafa-tera-masoom-chehra-cover-mp3-song-download</loc>
    </url>
    <url>
      <loc>https://www.pagalsongs.online/aakhri-khwaish-mp3-song-download</loc>
    </url>
    <url>
      <loc>https://www.pagalsongs.online/md-desi-rockstar-renuka-panwar-kadar-mp3-song-download</loc>
    </url>
    <url>
      <loc>https://www.pagalsongs.online/shor-machega-mp3-song-download</loc>
    </url>
    <url>
      <loc>https://www.pagalsongs.online/aaj-tor-biye-mp3-song-download</loc>
    </url>
    <url>
      <loc>https://www.pagalsongs.online/viral-remix-dj-piyu-mp3-song-download</loc>
    </url>
    <url>
      <loc>https://www.pagalsongs.online/na-na-na-na-mp3-song-download</loc>
    </url>
    <url>
      <loc>https://www.pagalsongs.online/bahaane-song-download</loc>
    </url>
    <url>
      <loc>https://www.pagalsongs.online/main-sharabi-remix-dj-goddess-dj-jugal-mp3-song-download</loc>
    </url>
    <url>
      <loc>https://www.pagalsongs.online/arsh-punia-bhabi-mp3-song-download</loc>
    </url>
    <url>
      <loc>https://www.pagalsongs.online/ishq-ka-itar-mp3-song-download</loc>
    </url>
    <url>
      <loc>https://www.pagalsongs.online/karan-aujla-jatt-te-jawani-mp3--song-download--2024</loc>
    </url>
    <url>
      <loc>https://www.pagalsongs.online/chitthiyaan-mp3-song-download</loc>
    </url>
    <url>
      <loc>https://www.pagalsongs.online/asees-kaur-goli-maar-de-mp3-song-download</loc>
    </url>
    <url>
      <loc>https://www.pagalsongs.online/pawri-party-ho-rai-hai-mp3-song-download</loc>
    </url>
    <url>
      <loc>https://www.pagalsongs.online/mika-singh-glassiyan-mp3-song-download</loc>
    </url>
    <url>
      <loc>https://www.pagalsongs.online/milky-mp3---song-download-2024-0</loc>
    </url>
    <url>
      <loc>https://www.pagalsongs.online/mahi-mp3-song-download</loc>
    </url>
    <url>
      <loc>https://www.pagalsongs.online/ghat-bolde-mp3-song-download</loc>
    </url>
    <url>
      <loc>https://www.pagalsongs.online/marda-chhod-gaya-mp3-song-download</loc>
    </url>
    <url>
      <loc>https://www.pagalsongs.online/1-adha-vairi-mp3-song-download</loc>
    </url>
    <url>
      <loc>https://www.pagalsongs.online/chup-mp3-song-download</loc>
    </url>
    <url>
      <loc>https://www.pagalsongs.online/fly-mp3-song-download-0</loc>
    </url>
    <url>
      <loc>https://www.pagalsongs.online/aahi-gallan-teriyan-mp3-song-download</loc>
    </url>
    <url>
      <loc>https://www.pagalsongs.online/mai-aa-gya-hoon-mp3-song-download</loc>
    </url>
    <url>
      <loc>https://www.pagalsongs.online/mazaa-aa-gaya-song-download</loc>
    </url>
    <url>
      <loc>https://www.pagalsongs.online/sach-keh-raha-hai-deewana-dj-shadow-dubai-remix-mp3-song-download</loc>
    </url>
    <url>
      <loc>https://www.pagalsongs.online/apni-to-jaise-taise-mp3-song-download</loc>
    </url>
    <url>
      <loc>https://www.pagalsongs.online/deewane-hum-nahi-hote-ringtone-download-2024-0</loc>
    </url>
    <url>
      <loc>https://www.pagalsongs.online/deewane-hum-nahi-hote-mp3-song-download-2024</loc>
    </url>
    <url>
      <loc>https://www.pagalsongs.online/kattey-mp3-song-download</loc>
    </url>
    <url>
      <loc>https://www.pagalsongs.online/punjabi-pop-mashup-2021-debb-mp3-song-download</loc>
    </url>
    <url>
      <loc>https://www.pagalsongs.online/hello-kaun-wali-girl-mp3-song-download</loc>
    </url>
    <url>
      <loc>https://www.pagalsongs.online/may-be-mp3-song-download</loc>
    </url>
    <url>
      <loc>https://www.pagalsongs.online/saans-unplugged-cover-mp3-song-download</loc>
    </url>
    <url>
      <loc>https://www.pagalsongs.online/jutti-kasuri-mp3-song-download</loc>
    </url>
    <url>
      <loc>https://www.pagalsongs.online/a-kay-taare-mp3-song-download</loc>
    </url>
    <url>
      <loc>https://www.pagalsongs.online/bin-tere-mp3-song-download</loc>
    </url>
    <url>
      <loc>https://www.pagalsongs.online/shiddat-mp3---song-download-2024</loc>
    </url>
    <url>
      <loc>https://www.pagalsongs.online/around-the-world-mp3-song-download</loc>
    </url>
    <url>
      <loc>https://www.pagalsongs.online/rotate-mp3-song-download-2024</loc>
    </url>
    <url>
      <loc>https://www.pagalsongs.online/glassiyan-mp3-song-download</loc>
    </url>
    <url>
      <loc>https://www.pagalsongs.online/janam-song-download</loc>
    </url>
    <url>
      <loc>https://www.pagalsongs.online/sara-din-mp3-song-download</loc>
    </url>
    <url>
      <loc>https://www.pagalsongs.online/note-gulabi-mp3-song-download</loc>
    </url>
    <url>
      <loc>https://www.pagalsongs.online/student-union-mp3-song-download</loc>
    </url>
    <url>
      <loc>https://www.pagalsongs.online/meherbaniyan-mp3-song-download</loc>
    </url>
    <url>
      <loc>https://www.pagalsongs.online/laadu-mp3-song-download</loc>
    </url>
    <url>
      <loc>https://www.pagalsongs.online/sach-keh-raha-hai-deewana-aftermorning-chillout-mashup-mp3-song-download</loc>
    </url>
    <url>
      <loc>https://www.pagalsongs.online/5911-mp3-song-download</loc>
    </url>
    <url>
      <loc>https://www.pagalsongs.online/never-die-mp3-song-download</loc>
    </url>
    <url>
      <loc>https://www.pagalsongs.online/pyar-ni-karda-mp3-song-download</loc>
    </url>
    <url>
      <loc>https://www.pagalsongs.online/panghat-mp3-song-download-1-0</loc>
    </url>
    <url>
      <loc>https://www.pagalsongs.online/dollar-mp3-song-download</loc>
    </url>
    <url>
      <loc>https://www.pagalsongs.online/man-bhar-gaya-hai-jo-humse-mp3-songs-download</loc>
    </url>
    <url>
      <loc>https://www.pagalsongs.online/yeh-kasoor-mera-hai-cover-mp3-song-download</loc>
    </url>
    <url>
      <loc>https://www.pagalsongs.online/saiyaan-ji-remix-dj-amit-das-mp3-song-download</loc>
    </url>
    <url>
      <loc>https://www.pagalsongs.online/inaam-5-lakh-ka-mp3-song-download</loc>
    </url>
    <url>
      <loc>https://www.pagalsongs.online/daman-bojh-ka-mp3-song-download</loc>
    </url>
    <url>
      <loc>https://www.pagalsongs.online/neat-song-download</loc>
    </url>
    <url>
      <loc>https://www.pagalsongs.online/mere-dil-vich-mp3-song-download</loc>
    </url>
    <url>
      <loc>https://www.pagalsongs.online/romantic-mashup-2021-dip-sr-x-vdj-jakaria-mp3-song-download-2024</loc>
    </url>
    <url>
      <loc>https://www.pagalsongs.online/pra-te-machucar-mp3-song-download</loc>
    </url>
    <url>
      <loc>https://www.pagalsongs.online/aya-nakamura-copines-cover-mp3-song-download</loc>
    </url>
    <url>
      <loc>https://www.pagalsongs.online/sin-mp3-song-download</loc>
    </url>
    <url>
      <loc>https://www.pagalsongs.online/downtown-mp3-song-download</loc>
    </url>
    <url>
      <loc>https://www.pagalsongs.online/ki-chahida-mp3-song-download</loc>
    </url>
    <url>
      <loc>https://www.pagalsongs.online/gaadi-meri-2-seater-mp3-song-download</loc>
    </url>
    <url>
      <loc>https://www.pagalsongs.online/toder-jolbe-amar-tatei-cholbe-mp3-song-download</loc>
    </url>
    <url>
      <loc>https://www.pagalsongs.online/o-crush-tumi-pote-jao-na-please-mp3-song-download</loc>
    </url>
    <url>
      <loc>https://www.pagalsongs.online/onek-chilam-single-ebar-dao-na-kore-mingle-mp3-song-download</loc>
    </url>
    <url>
      <loc>https://www.pagalsongs.online/villain-mp3-song-download</loc>
    </url>
    <url>
      <loc>https://www.pagalsongs.online/o-piya-re-song-download</loc>
    </url>
    <url>
      <loc>https://www.pagalsongs.online/ex-er-kahini-mp3-song-download</loc>
    </url>
    <url>
      <loc>https://www.pagalsongs.online/singaar-mp3-song-download</loc>
    </url>
    <url>
      <loc>https://www.pagalsongs.online/savan-mp3-song-download</loc>
    </url>
    <url>
      <loc>https://www.pagalsongs.online/fake-a-smile-mp3--songs-download-2024</loc>
    </url>
    <url>
      <loc>https://www.pagalsongs.online/kichi-rakh-mp3-song-download</loc>
    </url>
    <url>
      <loc>https://www.pagalsongs.online/aatmvishvas-mp3-song-download</loc>
    </url>
    <url>
      <loc>https://www.pagalsongs.online/mann-bharrya-cover-mp3-song-download</loc>
    </url>
    <url>
      <loc>https://www.pagalsongs.online/majhe-aala-jatt-mp3-song-download</loc>
    </url>
    <url>
      <loc>https://www.pagalsongs.online/gabhru-mp3-song-download</loc>
    </url>
    <url>
      <loc>https://www.pagalsongs.online/koi-hor-mp3-song-download</loc>
    </url>
    <url>
      <loc>https://www.pagalsongs.online/ghalat-fehmi-x-jo-tu-na-mila-mp3-song-download-2024</loc>
    </url>
    <url>
      <loc>https://www.pagalsongs.online/jutti-mp3-song-download</loc>
    </url>
    <url>
      <loc>https://www.pagalsongs.online/black-car-return-mp3-songs-download-2024</loc>
    </url>
    <url>
      <loc>https://www.pagalsongs.online/wajje-ringtone-download</loc>
    </url>
    <url>
      <loc>https://www.pagalsongs.online/saiyaan-ji-remix-dj-goddess-dj-jugal-dubai-mp3-song-download</loc>
    </url>
    <url>
      <loc>https://www.pagalsongs.online/tumse-milke-dilka-jo-haal-remix-dj-lucky-mp3-song-download</loc>
    </url>
    <url>
      <loc>https://www.pagalsongs.online/teeji-seat-ringtone-download-0</loc>
    </url>
    <url>
      <loc>https://www.pagalsongs.online/dhund-di-khushboo-mp3-song-download</loc>
    </url>
    <url>
      <loc>https://www.pagalsongs.online/dhoor-pendi-mp3-song-download</loc>
    </url>
    <url>
      <loc>https://www.pagalsongs.online/khichi-rakh-mp3-song-download</loc>
    </url>
    <url>
      <loc>https://www.pagalsongs.online/solo-laila-mp3-song-download</loc>
    </url>
    <url>
      <loc>https://www.pagalsongs.online/jatt-te-jawani-mp3--song-download-</loc>
    </url>
    <url>
      <loc>https://www.pagalsongs.online/dhund-di-khushbu-mp3-song-download</loc>
    </url>
    <url>
      <loc>https://www.pagalsongs.online/evergreen-heartless-sad-mashup-part-2-mp3--song-download-2024</loc>
    </url>
    <url>
      <loc>https://www.pagalsongs.online/tu-rahe-mp3-song-download</loc>
    </url>
    <url>
      <loc>https://www.pagalsongs.online/laali-tham-ja-mp3-song-download-renuka-panwar</loc>
    </url>
    <url>
      <loc>https://www.pagalsongs.online/awaaz-cover-mp3-song-download</loc>
    </url>
    <url>
      <loc>https://www.pagalsongs.online/karnama-mp3-song-download</loc>
    </url>
    <url>
      <loc>https://www.pagalsongs.online/khan-bhaini-dilbar-mp3-song-download</loc>
    </url>
    <url>
      <loc>https://www.pagalsongs.online/buhe-bariyan-mp3-song-download-2024</loc>
    </url>
    <url>
      <loc>https://www.pagalsongs.online/jhidkaan-mp3-song-download</loc>
    </url>
    <url>
      <loc>https://www.pagalsongs.online/dil-mera-tut-jayega-song-download</loc>
    </url>
    <url>
      <loc>https://www.pagalsongs.online/o-saajna-mp3-song-download</loc>
    </url>
    <url>
      <loc>https://www.pagalsongs.online/coco-mp3-song-download</loc>
    </url>
    <url>
      <loc>https://www.pagalsongs.online/tum-jahan-raho-mp3-song-download</loc>
    </url>
    <url>
      <loc>https://www.pagalsongs.online/tere-jeya-hor-disda-mp3-song-download</loc>
    </url>
    <url>
      <loc>https://www.pagalsongs.online/varinder-brar-muchhan-wale-mp3-song-download</loc>
    </url>
    <url>
      <loc>https://www.pagalsongs.online/o-beta-ji-o-babu-ji-remix-dj-sway-mp3-song-download</loc>
    </url>
    <url>
      <loc>https://www.pagalsongs.online/talli-song-download</loc>
    </url>
    <url>
      <loc>https://www.pagalsongs.online/valentine-2021-mashup-mp3-song-download</loc>
    </url>
    <url>
      <loc>https://www.pagalsongs.online/apne-ku-bhai-bolte-mp3-song-download</loc>
    </url>
    <url>
      <loc>https://www.pagalsongs.online/dil-wali-gal-mp3-song-download</loc>
    </url>
    <url>
      <loc>https://www.pagalsongs.online/tere-bin-zindagi-mp3-song-download</loc>
    </url>
    <url>
      <loc>https://www.pagalsongs.online/happy-valentines-day-remix-mashup-dj-nitish-gulyani-mp3-song-download</loc>
    </url>
    <url>
      <loc>https://www.pagalsongs.online/tera-hoon-na-mp3-song-download</loc>
    </url>
    <url>
      <loc>https://www.pagalsongs.online/valentine-mashup-2021-dj-dackton-dj-saquib-mp3-song-download</loc>
    </url>
    <url>
      <loc>https://www.pagalsongs.online/aaj-phir-se-mp3-song-download</loc>
    </url>
    <url>
      <loc>https://www.pagalsongs.online/chosen-mp3-song-download</loc>
    </url>
    <url>
      <loc>https://www.pagalsongs.online/dilaan-de-rajya-mp3-song-download</loc>
    </url>
    <url>
      <loc>https://www.pagalsongs.online/valentine-mashup-2021-dj-basque-mp3-song-download</loc>
    </url>
    <url>
      <loc>https://www.pagalsongs.online/mera-saiyaan-pyaar-ni-karda-mp3-song-download</loc>
    </url>
    <url>
      <loc>https://www.pagalsongs.online/gutt-mp3-song-download</loc>
    </url>
    <url>
      <loc>https://www.pagalsongs.online/abhi-na-jao-reprise-mp3-song-download</loc>
    </url>
    <url>
      <loc>https://www.pagalsongs.online/meri-dava-hai-tu-mp3-song-download</loc>
    </url>
    <url>
      <loc>https://www.pagalsongs.online/rabba-mehar-kari-mp3-song-download</loc>
    </url>
    <url>
      <loc>https://www.pagalsongs.online/surma-bole-mp3-song-download</loc>
    </url>
    <url>
      <loc>https://www.pagalsongs.online/ringtone-mp3-song-download-free00</loc>
    </url>
    <url>
      <loc>https://www.pagalsongs.online/goli-maar-de-mp3-song-download</loc>
    </url>
    <url>
      <loc>https://www.pagalsongs.online/hansraj-raghuwanshi-bedu-pako-mp3-song-download</loc>
    </url>
    <url>
      <loc>https://www.pagalsongs.online/tum-mile-dil-khile-jeeya-mar-ke-dj-shadow-dubai-remix-mp3-song-download</loc>
    </url>
    <url>
      <loc>https://www.pagalsongs.online/the-golgappa-mp3-song-download</loc>
    </url>
    <url>
      <loc>https://www.pagalsongs.online/hanjuaan-mp3-song-download</loc>
    </url>
    <url>
      <loc>https://www.pagalsongs.online/desilicious-104-valentine-edition-2021-dj-shadow-dubai-audio-jukebox-mp3-song-download</loc>
    </url>
    <url>
      <loc>https://www.pagalsongs.online/nachle-mp3-song-download</loc>
    </url>
    <url>
      <loc>https://www.pagalsongs.online/rafa-dafa-mp3-song-download</loc>
    </url>
    <url>
      <loc>https://www.pagalsongs.online/thumak-mp3-song-download</loc>
    </url>
    <url>
      <loc>https://www.pagalsongs.online/takeover-mp3-song-download</loc>
    </url>
    <url>
      <loc>https://www.pagalsongs.online/listen-jatta-mp3-song-download</loc>
    </url>
    <url>
      <loc>https://www.pagalsongs.online/jannat-ka-tukda-mp3--song-download</loc>
    </url>
    <url>
      <loc>https://www.pagalsongs.online/viah-de-vaade-mp3-song-download</loc>
    </url>
    <url>
      <loc>https://www.pagalsongs.online/ghalat-fehmi-cover-mp3-song-download</loc>
    </url>
    <url>
      <loc>https://www.pagalsongs.online/laali-thamja-mp3-song-download-renuka-panwar</loc>
    </url>
    <url>
      <loc>https://www.pagalsongs.online/valentine-mashup-2021-dj-harshit-shah-mp3-song-download</loc>
    </url>
    <url>
      <loc>https://www.pagalsongs.online/jalebi-baby-vs-jalebi-bai-mashup-mp3-song-download</loc>
    </url>
    <url>
      <loc>https://www.pagalsongs.online/kya-baat-aa-mp3-song-download</loc>
    </url>
    <url>
      <loc>https://www.pagalsongs.online/mann-mera-reprise-mp3-song-download</loc>
    </url>
    <url>
      <loc>https://www.pagalsongs.online/only-you-valentines-mashup-2021-aftermorning-dj-shadow-dubai-mp3-song-download</loc>
    </url>
    <url>
      <loc>https://www.pagalsongs.online/dont-judge-mp3-song-download</loc>
    </url>
    <url>
      <loc>https://www.pagalsongs.online/day-ones-mp3-song-download</loc>
    </url>
    <url>
      <loc>https://www.pagalsongs.online/kya-dil-ne-kaha-cover-mp3-song-download</loc>
    </url>
    <url>
      <loc>https://www.pagalsongs.online/golu-majhe-wala-mp3-song-download</loc>
    </url>
    <url>
      <loc>https://www.pagalsongs.online/sweater-mp3-song-download</loc>
    </url>
    <url>
      <loc>https://www.pagalsongs.online/tera-ghata-2021-dj-lemon-mp3-song-download</loc>
    </url>
    <url>
      <loc>https://www.pagalsongs.online/carrom-ki-rani-mp3-song-download</loc>
    </url>
    <url>
      <loc>https://www.pagalsongs.online/v-jatta-mp3-song-download</loc>
    </url>
    <url>
      <loc>https://www.pagalsongs.online/sharabi-mp3--song-download</loc>
    </url>
    <url>
      <loc>https://www.pagalsongs.online/hutt-hutt-mp3-song-download</loc>
    </url>
    <url>
      <loc>https://www.pagalsongs.online/jhaaj-jeya-jatt-mp3-song-download</loc>
    </url>
    <url>
      <loc>https://www.pagalsongs.online/g-deep-tera-naam-mp3-song-download</loc>
    </url>
    <url>
      <loc>https://www.pagalsongs.online/tere-hatha-cho-mp3-song-download</loc>
    </url>
    <url>
      <loc>https://www.pagalsongs.online/rahe-rahe-mp3-song-download</loc>
    </url>
    <url>
      <loc>https://www.pagalsongs.online/mere-bina-mp3-song-download</loc>
    </url>
    <url>
      <loc>https://www.pagalsongs.online/one-only-mp3-song-download</loc>
    </url>
    <url>
      <loc>https://www.pagalsongs.online/muchha-wale-mp3-song-download</loc>
    </url>
    <url>
      <loc>https://www.pagalsongs.online/saiyaan-song-download-mp3-0</loc>
    </url>
    <url>
      <loc>https://www.pagalsongs.online/raat-mp3-song-download</loc>
    </url>
    <url>
      <loc>https://www.pagalsongs.online/dada-ravan-ka-pujari-rakhe-mp3-song-download</loc>
    </url>
    <url>
      <loc>https://www.pagalsongs.online/baby-sweet-hai-dj-barkha-kaul-mp3-song-download</loc>
    </url>
    <url>
      <loc>https://www.pagalsongs.online/laage-na-nazar-mp3--song-download</loc>
    </url>
    <url>
      <loc>https://www.pagalsongs.online/valentine-mashup-2021-haryanvi-remix-dj-kamra-mp3-song-download</loc>
    </url>
    <url>
      <loc>https://www.pagalsongs.online/sira-e-hou-mp3--song-download-2024</loc>
    </url>
    <url>
      <loc>https://www.pagalsongs.online/haryanvi-songs-jukebox-2021-mp3-song-download</loc>
    </url>
    <url>
      <loc>https://www.pagalsongs.online/fidaa-mp3-song-download</loc>
    </url>
    <url>
      <loc>https://www.pagalsongs.online/dhak-dhak-karta-karej-mp3-song-download</loc>
    </url>
    <url>
      <loc>https://www.pagalsongs.online/saali-rangwaihe-tao-se-mp3-song-download</loc>
    </url>
    <url>
      <loc>https://www.pagalsongs.online/extra-color-mp3--song-download</loc>
    </url>
    <url>
      <loc>https://www.pagalsongs.online/dekhi-pichkari-bhauji-kanpatiya-mp3-song-download</loc>
    </url>
    <url>
      <loc>https://www.pagalsongs.online/shadow-mp3-song-download</loc>
    </url>
    <url>
      <loc>https://www.pagalsongs.online/theme-of-love-redefined-x-memoirs-of-broken-heart-mp3-song-download-2024</loc>
    </url>
    <url>
      <loc>https://www.pagalsongs.online/busy-jatt-mp3-song-download</loc>
    </url>
    <url>
      <loc>https://www.pagalsongs.online/valentines-day-mp3-song-download</loc>
    </url>
    <url>
      <loc>https://www.pagalsongs.online/valentine-mashup-2021-vdj-royal-dj-mortal-mp3-song-download-2024</loc>
    </url>
    <url>
      <loc>https://www.pagalsongs.online/funky-mohabbat-mp3-song-download</loc>
    </url>
    <url>
      <loc>https://www.pagalsongs.online/tutti-bole-mp3-song-download</loc>
    </url>
    <url>
      <loc>https://www.pagalsongs.online/gajendra-verma-pehla-pyar-song-download</loc>
    </url>
    <url>
      <loc>https://www.pagalsongs.online/boudi-khela-hobe-mp3-song-download</loc>
    </url>
    <url>
      <loc>https://www.pagalsongs.online/holi-me-suchna-jari-ba-nirahu-se-badhiya-mp3-song-download</loc>
    </url>
    <url>
      <loc>https://www.pagalsongs.online/taaron-ke-shehar-mein-mp3-song-download</loc>
    </url>
    <url>
      <loc>https://www.pagalsongs.online/dil-tod-ke-song-download-b-praak</loc>
    </url>
    <url>
      <loc>https://www.pagalsongs.online/pasand-bangi-mp3-song-download-666</loc>
    </url>
    <url>
      <loc>https://www.pagalsongs.online/suit-purane-mp3-song-download</loc>
    </url>
    <url>
      <loc>https://www.pagalsongs.online/mtv-beats-house-party-dj-chetas-love-mix-01-mp3-song-download</loc>
    </url>
    <url>
      <loc>https://www.pagalsongs.online/danger-song-download</loc>
    </url>
    <url>
      <loc>https://www.pagalsongs.online/amar-jaan-song-download</loc>
    </url>
    <url>
      <loc>https://www.pagalsongs.online/shreaam-songs-download</loc>
    </url>
    <url>
      <loc>https://www.pagalsongs.online/bharosaa-utheyaa-song-download</loc>
    </url>
    <url>
      <loc>https://www.pagalsongs.online/parche-song-download-mp3</loc>
    </url>
    <url>
      <loc>https://www.pagalsongs.online/miss-call-title-track-song-download</loc>
    </url>
    <url>
      <loc>https://www.pagalsongs.online/main-jis-din-bhulaa-du-ringtone-download-0</loc>
    </url>
    <url>
      <loc>https://www.pagalsongs.online/aise-na-mujhe-tum-dekho-cover-mp3-song-download</loc>
    </url>
    <url>
      <loc>https://www.pagalsongs.online/dil-laya-nahi-mp3-song-download</loc>
    </url>
    <url>
      <loc>https://www.pagalsongs.online/hukam-mp3-song-download</loc>
    </url>
    <url>
      <loc>https://www.pagalsongs.online/desi-desi-mp3-song-download</loc>
    </url>
    <url>
      <loc>https://www.pagalsongs.online/jass-manak-mashup-dj-shadow-dubai-mp3-song-download</loc>
    </url>
    <url>
      <loc>https://www.pagalsongs.online/liers-mp3-song-download</loc>
    </url>
    <url>
      <loc>https://www.pagalsongs.online/let-it-go-mp3-song-download</loc>
    </url>
    <url>
      <loc>https://www.pagalsongs.online/musafir-mp3-song-download</loc>
    </url>
    <url>
      <loc>https://www.pagalsongs.online/raule-mp3-song-download</loc>
    </url>
    <url>
      <loc>https://www.pagalsongs.online/ae-re-sakhi-mp3-song-download</loc>
    </url>
    <url>
      <loc>https://www.pagalsongs.online/kehva-de-mp3-song-download</loc>
    </url>
    <url>
      <loc>https://www.pagalsongs.online/lekh-mp3-song-download</loc>
    </url>
    <url>
      <loc>https://www.pagalsongs.online/zara-zara-chillout-love-mashup-mp3-song-download</loc>
    </url>
    <url>
      <loc>https://www.pagalsongs.online/killer-queen-mp3-song-download-2024</loc>
    </url>
    <url>
      <loc>https://www.pagalsongs.online/sumit-goswami-wish-mp3-song-download</loc>
    </url>
    <url>
      <loc>https://www.pagalsongs.online/kaali-raat-song-download-0</loc>
    </url>
    <url>
      <loc>https://www.pagalsongs.online/pagalpan-revisited-mp3-song-download</loc>
    </url>
    <url>
      <loc>https://www.pagalsongs.online/tera-naam-mp3-song-download</loc>
    </url>
    <url>
      <loc>https://www.pagalsongs.online/tumhe-dekh-ke-mp3-song-download</loc>
    </url>
    <url>
      <loc>https://www.pagalsongs.online/gal-baap-di-mp3-song-download</loc>
    </url>
    <url>
      <loc>https://www.pagalsongs.online/top-tucker-download</loc>
    </url>
    <url>
      <loc>https://www.pagalsongs.online/taara-mp3-song-download</loc>
    </url>
    <url>
      <loc>https://www.pagalsongs.online/gal-dil-di-mp3-song-download</loc>
    </url>
    <url>
      <loc>https://www.pagalsongs.online/yeh-mera-dill-remix-dj-aqeel-ali-mp3-song-download</loc>
    </url>
    <url>
      <loc>https://www.pagalsongs.online/zakham-mp3-song-download</loc>
    </url>
    <url>
      <loc>https://www.pagalsongs.online/kothe-uper-kothri-mp3-song-download</loc>
    </url>
    <url>
      <loc>https://www.pagalsongs.online/valentine-mashup-2021-dj-dave-nyc-mp3-songs-download</loc>
    </url>
    <url>
      <loc>https://www.pagalsongs.online/sunset-mp3---songs-download-2024</loc>
    </url>
    <url>
      <loc>https://www.pagalsongs.online/ye-jo-halka-halka-suroor-lofi-mix-mp3-song-download</loc>
    </url>
    <url>
      <loc>https://www.pagalsongs.online/je-jon-premer-vab-jane-na-rock-version-song-download</loc>
    </url>
    <url>
      <loc>https://www.pagalsongs.online/titliaan-dj-nyk-remix-mp3-song-download</loc>
    </url>
    <url>
      <loc>https://www.pagalsongs.online/saiyaan-ji-remix-dj-dharak-mp3-song-download</loc>
    </url>
    <url>
      <loc>https://www.pagalsongs.online/liars-mp3-song-download</loc>
    </url>
    <url>
      <loc>https://www.pagalsongs.online/ratjage-mp3-song-download</loc>
    </url>
    <url>
      <loc>https://www.pagalsongs.online/chhor-denge-ringtone-download-00</loc>
    </url>
    <url>
      <loc>https://www.pagalsongs.online/sohne-sohne-rang-mp3-song-download</loc>
    </url>
    <url>
      <loc>https://www.pagalsongs.online/lost-love-mp3-song-download</loc>
    </url>
    <url>
      <loc>https://www.pagalsongs.online/akhiyaan-mp3-song-download-2024</loc>
    </url>
    <url>
      <loc>https://www.pagalsongs.online/main-jis-din-bhula-du-mp3-song-download</loc>
    </url>
    <url>
      <loc>https://www.pagalsongs.online/khandani-bande-mp3-song-download</loc>
    </url>
    <url>
      <loc>https://www.pagalsongs.online/sohnea-remix-dj-rink-mp3-song-download</loc>
    </url>
    <url>
      <loc>https://www.pagalsongs.online/need-your-love-mashup-aftermorning-chillout-mp3-song-download</loc>
    </url>
    <url>
      <loc>https://www.pagalsongs.online/chhail-mp3-song-download</loc>
    </url>
    <url>
      <loc>https://www.pagalsongs.online/vrath-mp3-song-download</loc>
    </url>
    <url>
      <loc>https://www.pagalsongs.online/e-naamey-se-naamey-song-download</loc>
    </url>
    <url>
      <loc>https://www.pagalsongs.online/aankhon-ke-sagar-remix-debb-mp3-song-download</loc>
    </url>
    <url>
      <loc>https://www.pagalsongs.online/chamkila-mp3-song-download</loc>
    </url>
    <url>
      <loc>https://www.pagalsongs.online/sona-lagda-mp3-song-download</loc>
    </url>
    <url>
      <loc>https://www.pagalsongs.online/parinda-xubaan-mp3-song-download</loc>
    </url>
    <url>
      <loc>https://www.pagalsongs.online/something-stupid-mp3-song-download-0</loc>
    </url>
    <url>
      <loc>https://www.pagalsongs.online/black-sheep-mp3-songs-download-2024</loc>
    </url>
    <url>
      <loc>https://www.pagalsongs.online/waalian-mp3-song-download-x</loc>
    </url>
    <url>
      <loc>https://www.pagalsongs.online/top-boy-mp3-song-download</loc>
    </url>
    <url>
      <loc>https://www.pagalsongs.online/phone-mein-teri-photo-mp3-song-download</loc>
    </url>
    <url>
      <loc>https://www.pagalsongs.online/i-love-you-unplugged-mp3--song-download</loc>
    </url>
    <url>
      <loc>https://www.pagalsongs.online/ik-tere-bina-mp3-song-download</loc>
    </url>
    <url>
      <loc>https://www.pagalsongs.online/possessive-mp3-song-download</loc>
    </url>
    <url>
      <loc>https://www.pagalsongs.online/charche-jazzy-b-neha-malik-mp3---song-download</loc>
    </url>
    <url>
      <loc>https://www.pagalsongs.online/china-made-pyar-mp3-song-download</loc>
    </url>
    <url>
      <loc>https://www.pagalsongs.online/sugar-brownies-cover-mp3-song-download</loc>
    </url>
    <url>
      <loc>https://www.pagalsongs.online/mutiyaar-mp3-song-download-0</loc>
    </url>
    <url>
      <loc>https://www.pagalsongs.online/mujhe-neend-na-aaye-mp3-song-download</loc>
    </url>
    <url>
      <loc>https://www.pagalsongs.online/splendor-mp3-song-download</loc>
    </url>
    <url>
      <loc>https://www.pagalsongs.online/hadd-kar-di-aapne-govinda-refix-mp3-song-download</loc>
    </url>
    <url>
      <loc>https://www.pagalsongs.online/dada-ravan-song-download-</loc>
    </url>
    <url>
      <loc>https://www.pagalsongs.online/kamlee-mp3-song-download</loc>
    </url>
    <url>
      <loc>https://www.pagalsongs.online/yaaron-mp3-songs-download-2024-0</loc>
    </url>
    <url>
      <loc>https://www.pagalsongs.online/valentines-mashup-2021-dj-shadow-dubai-dj-ansh-mp3-song-download</loc>
    </url>
    <url>
      <loc>https://www.pagalsongs.online/jab-kisiki-taraf-dil-cover-mp3-song-download</loc>
    </url>
    <url>
      <loc>https://www.pagalsongs.online/kangana-mp3-song-download</loc>
    </url>
    <url>
      <loc>https://www.pagalsongs.online/kitna-maza-aayega-mp3-song-download</loc>
    </url>
    <url>
      <loc>https://www.pagalsongs.online/titliyan-warga-mp3-song-download-1</loc>
    </url>
    <url>
      <loc>https://www.pagalsongs.online/yaar-mera-titliyan-warga-mp3-song-download-1</loc>
    </url>
    <url>
      <loc>https://www.pagalsongs.online/haan-karde-meri-moto-mp3-song-download</loc>
    </url>
    <url>
      <loc>https://www.pagalsongs.online/lakh-te-crore-mp3-song-download</loc>
    </url>
    <url>
      <loc>https://www.pagalsongs.online/nirbhau-nirvair-mp3-song-download</loc>
    </url>
    <url>
      <loc>https://www.pagalsongs.online/hasdi-reya-kar-mp3-song-download</loc>
    </url>
    <url>
      <loc>https://www.pagalsongs.online/tu-shayar-banaagi-mp3-song-download</loc>
    </url>
    <url>
      <loc>https://www.pagalsongs.online/riri-rihanna-mp3---songs-download-0</loc>
    </url>
    <url>
      <loc>https://www.pagalsongs.online/le-jaana-mp3-song-download</loc>
    </url>
    <url>
      <loc>https://www.pagalsongs.online/rovaan-layi-mp3-song-download</loc>
    </url>
    <url>
      <loc>https://www.pagalsongs.online/angana-morey-mp3-song-download</loc>
    </url>
    <url>
      <loc>https://www.pagalsongs.online/booty-shake-mp3-song-download</loc>
    </url>
    <url>
      <loc>https://www.pagalsongs.online/chhor-denge-mp3-song-download</loc>
    </url>
    <url>
      <loc>https://www.pagalsongs.online/honey-lagdi-dj-shadow-dubai-mp3--song-download</loc>
    </url>
    <url>
      <loc>https://www.pagalsongs.online/fakira-song-download-mp3</loc>
    </url>
    <url>
      <loc>https://www.pagalsongs.online/ashleel-mp3-song-download</loc>
    </url>
    <url>
      <loc>https://www.pagalsongs.online/pehle-pyaar-ka-pehla-gham-unplugged-mp3-song-download</loc>
    </url>
    <url>
      <loc>https://www.pagalsongs.online/insane-love-mashup-2021-dj-harsh-sharma-mp3-song-download</loc>
    </url>
    <url>
      <loc>https://www.pagalsongs.online/de-ijaazat-mp3-song-download</loc>
    </url>
    <url>
      <loc>https://www.pagalsongs.online/hawa-mp3-song-download</loc>
    </url>
    <url>
      <loc>https://www.pagalsongs.online/laal-chunariya-remix-dj-piyu-mp3-song-download</loc>
    </url>
    <url>
      <loc>https://www.pagalsongs.online/moscow-mashuka-mp3-song-download</loc>
    </url>
    <url>
      <loc>https://www.pagalsongs.online/care-ni-karda-mp3-song-download</loc>
    </url>
    <url>
      <loc>https://www.pagalsongs.online/loca-mp3-song-download</loc>
    </url>
    <url>
      <loc>https://www.pagalsongs.online/peele-peele-mp3-song-download</loc>
    </url>
    <url>
      <loc>https://www.pagalsongs.online/yaadan-teriyan-mp3-song-download</loc>
    </url>
    <url>
      <loc>https://www.pagalsongs.online/yakeen-mp3-song-download</loc>
    </url>
    <url>
      <loc>https://www.pagalsongs.online/lala-lori-mp3-song-download</loc>
    </url>
    <url>
      <loc>https://www.pagalsongs.online/mushkil-badi-mp3-song-download</loc>
    </url>
    <url>
      <loc>https://www.pagalsongs.online/khaadku-mp3-song-download</loc>
    </url>
    <url>
      <loc>https://www.pagalsongs.online/maafi-fuloos-mp3-song-download</loc>
    </url>
    <url>
      <loc>https://www.pagalsongs.online/chhod-denge-mp3</loc>
    </url>
    <url>
      <loc>https://www.pagalsongs.online/forgive-me-mashup-aftermorning-chillout-mp3-song-download</loc>
    </url>
    <url>
      <loc>https://www.pagalsongs.online/new-year-dance-mashup-2021-mp3-song-download</loc>
    </url>
    <url>
      <loc>https://www.pagalsongs.online/my-lady-song-download</loc>
    </url>
    <url>
      <loc>https://www.pagalsongs.online/summary-mp3-song-download</loc>
    </url>
    <url>
      <loc>https://www.pagalsongs.online/dholna-mp3-song-download</loc>
    </url>
    <url>
      <loc>https://www.pagalsongs.online/what-can-i-do-mp3-song-download</loc>
    </url>
    <url>
      <loc>https://www.pagalsongs.online/higher-mp3---song-download</loc>
    </url>
    <url>
      <loc>https://www.pagalsongs.online/hai-mera-dil-remix-dj-dharak-mp3-song-download</loc>
    </url>
    <url>
      <loc>https://www.pagalsongs.online/tumhe-kya-milta-hain-mp3-song-download</loc>
    </url>
    <url>
      <loc>https://www.pagalsongs.online/sajanaa-mp3-songs-download-2024</loc>
    </url>
    <url>
      <loc>https://www.pagalsongs.online/mustang-mp3-song-download</loc>
    </url>
    <url>
      <loc>https://www.pagalsongs.online/show-match-mp3-song-download</loc>
    </url>
    <url>
      <loc>https://www.pagalsongs.online/demanda-mp3-song-download</loc>
    </url>
    <url>
      <loc>https://www.pagalsongs.online/guilty-cover-mp3-song-download</loc>
    </url>
    <url>
      <loc>https://www.pagalsongs.online/yaar-dua-mp3-song-download</loc>
    </url>
    <url>
      <loc>https://www.pagalsongs.online/bheegi-bheegi-raaton-mein-mp3-song-download</loc>
    </url>
    <url>
      <loc>https://www.pagalsongs.online/koka-mp3-song-download</loc>
    </url>
    <url>
      <loc>https://www.pagalsongs.online/sun-meri-shehzadi-mp3-song-download-0</loc>
    </url>
    <url>
      <loc>https://www.pagalsongs.online/kala-daman-mp3-song-download</loc>
    </url>
    <url>
      <loc>https://www.pagalsongs.online/satyajeet-jena-teri-yaad-mp3-song-download</loc>
    </url>
    <url>
      <loc>https://www.pagalsongs.online/manzoor-mp3-song-download</loc>
    </url>
    <url>
      <loc>https://www.pagalsongs.online/route-bewafai-mp3-song-download</loc>
    </url>
    <url>
      <loc>https://www.pagalsongs.online/roll-up-mp3-song-download</loc>
    </url>
    <url>
      <loc>https://www.pagalsongs.online/satane-lage-ho-mp3-song-download</loc>
    </url>
    <url>
      <loc>https://www.pagalsongs.online/chhan-chhan-pai-mp3-song-download</loc>
    </url>
    <url>
      <loc>https://www.pagalsongs.online/shooting-star-song-download</loc>
    </url>
    <url>
      <loc>https://www.pagalsongs.online/humein-tumse-pyaar-kitna-cover-mp3-song-download</loc>
    </url>
    <url>
      <loc>https://www.pagalsongs.online/drunk-n-high-mp3-song-download</loc>
    </url>
    <url>
      <loc>https://www.pagalsongs.online/shera-di-kaum-mp3-song-download</loc>
    </url>
    <url>
      <loc>https://www.pagalsongs.online/punjabi-slow-jam-breakup-mashup-2021-deejay-jsg-dj-harshal-mp3-song-download</loc>
    </url>
    <url>
      <loc>https://www.pagalsongs.online/mon-anmone-magic-song-download</loc>
    </url>
    <url>
      <loc>https://www.pagalsongs.online/leak-mp3--song-download</loc>
    </url>
    <url>
      <loc>https://www.pagalsongs.online/titliaan-remix-dj-chirag-dubai-mp3-song-download</loc>
    </url>
    <url>
      <loc>https://www.pagalsongs.online/confused-jatt-mp3-song-download</loc>
    </url>
    <url>
      <loc>https://www.pagalsongs.online/fallin-for-you-mp3-0-download-2024</loc>
    </url>
    <url>
      <loc>https://www.pagalsongs.online/kaka-mashup-2021-dj-danish-mp3-song-download</loc>
    </url>
    <url>
      <loc>https://www.pagalsongs.online/chaha-tumhe-mp3-song-download</loc>
    </url>
    <url>
      <loc>https://www.pagalsongs.online/bhai-mp3-song-download</loc>
    </url>
    <url>
      <loc>https://www.pagalsongs.online/main-kardi-pyar-tenu-mp3-song-download</loc>
    </url>
    <url>
      <loc>https://www.pagalsongs.online/porsche-mp3-song-download</loc>
    </url>
    <url>
      <loc>https://www.pagalsongs.online/teri-meri-ikk-jindri-mp3-song-download</loc>
    </url>
    <url>
      <loc>https://www.pagalsongs.online/zila-moga-mp3-song-download</loc>
    </url>
    <url>
      <loc>https://www.pagalsongs.online/bad-remix-dj-rink-mp3---songs-download-2024</loc>
    </url>
    <url>
      <loc>https://www.pagalsongs.online/chain-mujhe-ab-aaye-na-cover-mp3-song-download</loc>
    </url>
    <url>
      <loc>https://www.pagalsongs.online/jubin-nautiyal-mashup-dj-vishtech-mp3-song-download</loc>
    </url>
    <url>
      <loc>https://www.pagalsongs.online/care-ni-karda-cover-mp3-song-download</loc>
    </url>
    <url>
      <loc>https://www.pagalsongs.online/tanha-hoon-reprise-mp3-song-download</loc>
    </url>
    <url>
      <loc>https://www.pagalsongs.online/prothom-dekhate-mp3-song-download</loc>
    </url>
    <url>
      <loc>https://www.pagalsongs.online/glock-bee-2-mp3-song-download</loc>
    </url>
    <url>
      <loc>https://www.pagalsongs.online/satisfya-english-version-mp3-song-download</loc>
    </url>
    <url>
      <loc>https://www.pagalsongs.online/dil-janiya-mp3-song-download</loc>
    </url>
    <url>
      <loc>https://www.pagalsongs.online/insaan-bann-mp3-song-download</loc>
    </url>
    <url>
      <loc>https://www.pagalsongs.online/raabta-remix-dj-aqeel-ali-mp3-song-download</loc>
    </url>
    <url>
      <loc>https://www.pagalsongs.online/skin-mp3-0s-download-2024-0</loc>
    </url>
    <url>
      <loc>https://www.pagalsongs.online/antes-mp3-song-download</loc>
    </url>
    <url>
      <loc>https://www.pagalsongs.online/laash-mp3-song-download</loc>
    </url>
    <url>
      <loc>https://www.pagalsongs.online/glock-mp3-song-download</loc>
    </url>
    <url>
      <loc>https://www.pagalsongs.online/bewafa-mp3-song-download-</loc>
    </url>
    <url>
      <loc>https://www.pagalsongs.online/confession-mp3-song-download</loc>
    </url>
    <url>
      <loc>https://www.pagalsongs.online/tum-mile-mp3-song-download</loc>
    </url>
    <url>
      <loc>https://www.pagalsongs.online/jiounda-kide-lai-mp3-song-download</loc>
    </url>
    <url>
      <loc>https://www.pagalsongs.online/da-kamaal-kari-jane-o-mp3-song-download</loc>
    </url>
    <url>
      <loc>https://www.pagalsongs.online/vaddi-galbaat-mp3-song-download</loc>
    </url>
    <url>
      <loc>https://www.pagalsongs.online/feel-hai-ki-nahi-mp3-song-download</loc>
    </url>
    <url>
      <loc>https://www.pagalsongs.online/sunn-mp3-song-download</loc>
    </url>
    <url>
      <loc>https://www.pagalsongs.online/antidote-mp3-song-download</loc>
    </url>
    <url>
      <loc>https://www.pagalsongs.online/sun-baliye-mp3-song-download</loc>
    </url>
    <url>
      <loc>https://www.pagalsongs.online/just-a-dream-mp3--song-download</loc>
    </url>
    <url>
      <loc>https://www.pagalsongs.online/titliaan-aftermorning-remix-mp3-song-download</loc>
    </url>
    <url>
      <loc>https://www.pagalsongs.online/ishq-mp3-song-download-0</loc>
    </url>
    <url>
      <loc>https://www.pagalsongs.online/mohabbat-phir-ho-jaayegi-mp3-song-download</loc>
    </url>
    <url>
      <loc>https://www.pagalsongs.online/tanha-hoon-mp3-song-download</loc>
    </url>
    <url>
      <loc>https://www.pagalsongs.online/kadar-mp3-song-download</loc>
    </url>
    <url>
      <loc>https://www.pagalsongs.online/smile-mp3-song-download-00</loc>
    </url>
    <url>
      <loc>https://www.pagalsongs.online/old-to-new-6-mp3-song-download</loc>
    </url>
    <url>
      <loc>https://www.pagalsongs.online/unfaithful-love-mashup-dj-bks-song-download</loc>
    </url>
    <url>
      <loc>https://www.pagalsongs.online/titliaan-remix-dj-chetas-mp3-song-download</loc>
    </url>
    <url>
      <loc>https://www.pagalsongs.online/bow-down-mp3-song-download</loc>
    </url>
    <url>
      <loc>https://www.pagalsongs.online/jiska-chata-ta-hai-usi-ko-katata-hai-mp3-songs-download</loc>
    </url>
    <url>
      <loc>https://www.pagalsongs.online/khoye-se-mp3-song-download</loc>
    </url>
    <url>
      <loc>https://www.pagalsongs.online/vardaan-mp3-song-download</loc>
    </url>
    <url>
      <loc>https://www.pagalsongs.online/bachalo-remix-dj-farmeen-mp3-song-download</loc>
    </url>
    <url>
      <loc>https://www.pagalsongs.online/chhuti-mp3-song-download</loc>
    </url>
    <url>
      <loc>https://www.pagalsongs.online/mere-bhai-log-mp3-song-download</loc>
    </url>
    <url>
      <loc>https://www.pagalsongs.online/titliaan-female-cover-mp3-song-download</loc>
    </url>
    <url>
      <loc>https://www.pagalsongs.online/different-opinion-mp3-song-download</loc>
    </url>
    <url>
      <loc>https://www.pagalsongs.online/chemicals-mp3--song-download</loc>
    </url>
    <url>
      <loc>https://www.pagalsongs.online/tutte-dil-wala-mp3-song-download</loc>
    </url>
    <url>
      <loc>https://www.pagalsongs.online/18-18-mp3-song-download</loc>
    </url>
    <url>
      <loc>https://www.pagalsongs.online/heart-beat-mp3-song-download-0</loc>
    </url>
    <url>
      <loc>https://www.pagalsongs.online/darling-renuka-panwar-mp3-song-download</loc>
    </url>
    <url>
      <loc>https://www.pagalsongs.online/laila-remix-dj-ashu-indore-mp3-song-download</loc>
    </url>
    <url>
      <loc>https://www.pagalsongs.online/black-life-mp3-songs-download-2024</loc>
    </url>
    <url>
      <loc>https://www.pagalsongs.online/rang-mp3-song-download</loc>
    </url>
    <url>
      <loc>https://www.pagalsongs.online/dil-na-todunga-female-version-mp3-song-download</loc>
    </url>
    <url>
      <loc>https://www.pagalsongs.online/mehendi-wale-haath-ringtone-download-0</loc>
    </url>
    <url>
      <loc>https://www.pagalsongs.online/meri-chunar-udd-udd-jaye-cover-mp3-song-download</loc>
    </url>
    <url>
      <loc>https://www.pagalsongs.online/hawa-aane-de-song-download</loc>
    </url>
    <url>
      <loc>https://www.pagalsongs.online/zidbazian-mp3-song-download</loc>
    </url>
    <url>
      <loc>https://www.pagalsongs.online/pehle-pyaar-ka-pehla-gham-mp3-song-download</loc>
    </url>
    <url>
      <loc>https://www.pagalsongs.online/aaja-morey-sang-mp3-song-download</loc>
    </url>
    <url>
      <loc>https://www.pagalsongs.online/100-vichon-100-mp3-song-download</loc>
    </url>
    <url>
      <loc>https://www.pagalsongs.online/raabta-dholna-agar-tum-saath-ho-mp3-song-download</loc>
    </url>
    <url>
      <loc>https://www.pagalsongs.online/tujhe-kitna-chahein-aur-acoustic-mp3-song-download</loc>
    </url>
    <url>
      <loc>https://www.pagalsongs.online/jungle-mantra-mp3-song-download</loc>
    </url>
    <url>
      <loc>https://www.pagalsongs.online/bardaashth-mp3-song-download</loc>
    </url>
    <url>
      <loc>https://www.pagalsongs.online/yeye-remix-dj-tripti-mp3-song-download</loc>
    </url>
    <url>
      <loc>https://www.pagalsongs.online/dilbar-mp3-song-download</loc>
    </url>
    <url>
      <loc>https://www.pagalsongs.online/yaariyan-mp3-song-download</loc>
    </url>
    <url>
      <loc>https://www.pagalsongs.online/mere-aala-jatt-mp3-song-download</loc>
    </url>
    <url>
      <loc>https://www.pagalsongs.online/jaandi-waari-mp3-song-download</loc>
    </url>
    <url>
      <loc>https://www.pagalsongs.online/solace-mp3-song-download</loc>
    </url>
    <url>
      <loc>https://www.pagalsongs.online/sambh-mp3-song-download</loc>
    </url>
    <url>
      <loc>https://www.pagalsongs.online/teri-yaad-mp3-song-download</loc>
    </url>
    <url>
      <loc>https://www.pagalsongs.online/yaara-reloaded-mp3-song-download</loc>
    </url>
    <url>
      <loc>https://www.pagalsongs.online/bilionera-cover-mp3-song-download</loc>
    </url>
    <url>
      <loc>https://www.pagalsongs.online/bajre-da-sitta-mp3-song-download</loc>
    </url>
    <url>
      <loc>https://www.pagalsongs.online/aankhein-mp3-song-download</loc>
    </url>
    <url>
      <loc>https://www.pagalsongs.online/billboard-mp3--song-download</loc>
    </url>
    <url>
      <loc>https://www.pagalsongs.online/girlfriend-mp3-song-download</loc>
    </url>
    <url>
      <loc>https://www.pagalsongs.online/je-main-kehna-mp3-song-download</loc>
    </url>
    <url>
      <loc>https://www.pagalsongs.online/braat-guri-song-download</loc>
    </url>
    <url>
      <loc>https://www.pagalsongs.online/heera-mp3-song-download</loc>
    </url>
    <url>
      <loc>https://www.pagalsongs.online/9x-tashan-smashup-lohri-special-dj-montz-mp3-song-download</loc>
    </url>
    <url>
      <loc>https://www.pagalsongs.online/tera-hi-bas-hona-chahoon-cover-mp3-song-download</loc>
    </url>
    <url>
      <loc>https://www.pagalsongs.online/proof-mp3-song-download</loc>
    </url>
    <url>
      <loc>https://www.pagalsongs.online/faraar-akull-song-download--0</loc>
    </url>
    <url>
      <loc>https://www.pagalsongs.online/gale-lagana-hai-song-download</loc>
    </url>
    <url>
      <loc>https://www.pagalsongs.online/jack-n-jill-mp3--download-2024</loc>
    </url>
    <url>
      <loc>https://www.pagalsongs.online/dooja-pyaar-mp3-song-download</loc>
    </url>
    <url>
      <loc>https://www.pagalsongs.online/filhall-remix-o2srk-mp3-song-download</loc>
    </url>
    <url>
      <loc>https://www.pagalsongs.online/sapna-jahan-unplugged-cover-mp3-song-download</loc>
    </url>
    <url>
      <loc>https://www.pagalsongs.online/singga-sher-mp3-song-download</loc>
    </url>
    <url>
      <loc>https://www.pagalsongs.online/khadke-mp3-song-download</loc>
    </url>
    <url>
      <loc>https://www.pagalsongs.online/ignore-song-download-mp3</loc>
    </url>
    <url>
      <loc>https://www.pagalsongs.online/daaku-mp3-song-download</loc>
    </url>
    <url>
      <loc>https://www.pagalsongs.online/yaara-mp3-song-download</loc>
    </url>
    <url>
      <loc>https://www.pagalsongs.online/daru-de-record-mp3-song-download</loc>
    </url>
    <url>
      <loc>https://www.pagalsongs.online/aawara-hawa-ka-jhonka-hoon-cover-mp3-song-download</loc>
    </url>
    <url>
      <loc>https://www.pagalsongs.online/kahani-mp3-song-download</loc>
    </url>
    <url>
      <loc>https://www.pagalsongs.online/mull-pyar-da-mp3-song-download</loc>
    </url>
    <url>
      <loc>https://www.pagalsongs.online/pata-nahin-mp3-song-download</loc>
    </url>
    <url>
      <loc>https://www.pagalsongs.online/pagal-nahi-hona-mp3-song-download</loc>
    </url>
    <url>
      <loc>https://www.pagalsongs.online/tu-ki-jaane-mp3-song-download</loc>
    </url>
    <url>
      <loc>https://www.pagalsongs.online/sick-vibe-mp3-song-download</loc>
    </url>
    <url>
      <loc>https://www.pagalsongs.online/beautiful-mp3-song-download-0</loc>
    </url>
    <url>
      <loc>https://www.pagalsongs.online/sunday-suspense-prayaschitta-baishali-dasgupta-nandi-mp3-song-download</loc>
    </url>
    <url>
      <loc>https://www.pagalsongs.online/tu-bhi-gol-main-bhi-gol-mp3-song-download</loc>
    </url>
    <url>
      <loc>https://www.pagalsongs.online/lahanga-lakhnauwa-2-mp3-song-download</loc>
    </url>
    <url>
      <loc>https://www.pagalsongs.online/never-say-goodbye-aftermorning-chillout-mashup-mp3--0s-download-2024</loc>
    </url>
    <url>
      <loc>https://www.pagalsongs.online/soniyo-cover-mp3-song-download</loc>
    </url>
    <url>
      <loc>https://www.pagalsongs.online/waalian-harnoor-cover-mp3-song-download</loc>
    </url>
    <url>
      <loc>https://www.pagalsongs.online/attention-mp3-song-download-</loc>
    </url>
    <url>
      <loc>https://www.pagalsongs.online/main-duniya-bhula-dunga-cover-mp3-song-download</loc>
    </url>
    <url>
      <loc>https://www.pagalsongs.online/dhooma-mp3-song-download</loc>
    </url>
    <url>
      <loc>https://www.pagalsongs.online/qatra-mp3-song-download-1-2024</loc>
    </url>
    <url>
      <loc>https://www.pagalsongs.online/pati-door-tha-rajai-mai-kukur-tha-mp3-song-download</loc>
    </url>
    <url>
      <loc>https://www.pagalsongs.online/gajban-pani-ne-chali-mp3-song-download</loc>
    </url>
    <url>
      <loc>https://www.pagalsongs.online/pandeyji-ka-beta-hoon-mp3---0s-download-2024</loc>
    </url>
    <url>
      <loc>https://www.pagalsongs.online/tere-wali-mp3-song-download</loc>
    </url>
    <url>
      <loc>https://www.pagalsongs.online/hello-koun-mp3-song-download</loc>
    </url>
    <url>
      <loc>https://www.pagalsongs.online/le-photo-le-mp3-song-download</loc>
    </url>
    <url>
      <loc>https://www.pagalsongs.online/halka-dupatta-tera-muh-dikhe-mp3-song-download</loc>
    </url>
    <url>
      <loc>https://www.pagalsongs.online/bholenath-song-download</loc>
    </url>
    <url>
      <loc>https://www.pagalsongs.online/chatak-matak-song-download-mp3</loc>
    </url>
    <url>
      <loc>https://www.pagalsongs.online/chaar-chudiyaan-mp3-song-download</loc>
    </url>
    <url>
      <loc>https://www.pagalsongs.online/sab-range-tui-song-download</loc>
    </url>
    <url>
      <loc>https://www.pagalsongs.online/khabar-tenu-koi-na-cover-mp3-song-download</loc>
    </url>
    <url>
      <loc>https://www.pagalsongs.online/sukh-naal-mp3-song-download</loc>
    </url>
    <url>
      <loc>https://www.pagalsongs.online/mama-mp3-song-download</loc>
    </url>
    <url>
      <loc>https://www.pagalsongs.online/lamborghini-mp3-song-download</loc>
    </url>
    <url>
      <loc>https://www.pagalsongs.online/kala-jora-lockdown-mp3-song-download</loc>
    </url>
    <url>
      <loc>https://www.pagalsongs.online/zero-hour-2021-mashup-dj-avi-mp3-song-download</loc>
    </url>
    <url>
      <loc>https://www.pagalsongs.online/punjabi-mashup-2-dj-hitesh-2021-mp3-song-download</loc>
    </url>
    <url>
      <loc>https://www.pagalsongs.online/stubborn-mp3-song-download</loc>
    </url>
    <url>
      <loc>https://www.pagalsongs.online/range-mp3-song-download</loc>
    </url>
    <url>
      <loc>https://www.pagalsongs.online/haye-re-meri-moto-mp3-song-download</loc>
    </url>
    <url>
      <loc>https://www.pagalsongs.online/coco-cola-layo-mp3---songs-download-2024</loc>
    </url>
    <url>
      <loc>https://www.pagalsongs.online/shona-meri-shona-shona-mp3-song-download</loc>
    </url>
    <url>
      <loc>https://www.pagalsongs.online/o-pata-nahi-ji-konsa-nasha-karta-hai-mp3-songs-download</loc>
    </url>
    <url>
      <loc>https://www.pagalsongs.online/mera-bhola-hai-bhandari-mp3-songs-download-2024</loc>
    </url>
    <url>
      <loc>https://www.pagalsongs.online/banni-tharo-banno-diwano-mp3-song-download</loc>
    </url>
    <url>
      <loc>https://www.pagalsongs.online/vacation-mp3--song-download</loc>
    </url>
    <url>
      <loc>https://www.pagalsongs.online/mere-samne-wali-khidki-mein-mp3-song-download</loc>
    </url>
    <url>
      <loc>https://www.pagalsongs.online/52-gaj-ka-daman-mp3-song-download</loc>
    </url>
    <url>
      <loc>https://www.pagalsongs.online/mere-hisse-mp3-song-download-2024</loc>
    </url>
    <url>
      <loc>https://www.pagalsongs.online/tum-se-hi-reloaded-mp3-song-download</loc>
    </url>
    <url>
      <loc>https://www.pagalsongs.online/khush-rahi-mp3-song-download</loc>
    </url>
    <url>
      <loc>https://www.pagalsongs.online/limtan-mp3-song-download</loc>
    </url>
    <url>
      <loc>https://www.pagalsongs.online/care-ni-karda-remix-dj-dharak-mp3-song-download</loc>
    </url>
    <url>
      <loc>https://www.pagalsongs.online/toh-aagaye-hum-ringtone-download-0</loc>
    </url>
    <url>
      <loc>https://www.pagalsongs.online/u-turn-song-download-mp3</loc>
    </url>
    <url>
      <loc>https://www.pagalsongs.online/yaar-mera-dulha-mp3-song-download</loc>
    </url>
    <url>
      <loc>https://www.pagalsongs.online/kangna-2-mp3-song-download</loc>
    </url>
    <url>
      <loc>https://www.pagalsongs.online/wayout-mp3-song-download</loc>
    </url>
    <url>
      <loc>https://www.pagalsongs.online/tu-jane-kartar-mp3-song-download</loc>
    </url>
    <url>
      <loc>https://www.pagalsongs.online/shiv-sama-rahe-song-download</loc>
    </url>
    <url>
      <loc>https://www.pagalsongs.online/shomaj-daekho-mp3-song-download</loc>
    </url>
    <url>
      <loc>https://www.pagalsongs.online/barsaat-mashup-bks-mp3-song-download</loc>
    </url>
    <url>
      <loc>https://www.pagalsongs.online/bhabi-mp3-song-download</loc>
    </url>
    <url>
      <loc>https://www.pagalsongs.online/cheti-cheti-mp3-song-download</loc>
    </url>
    <url>
      <loc>https://www.pagalsongs.online/titliaan-warga-mp3-song-download</loc>
    </url>
    <url>
      <loc>https://www.pagalsongs.online/1-am-song-download-pagalworld</loc>
    </url>
    <url>
      <loc>https://www.pagalsongs.online/maine-chaaha-tha-tujhko-mp3-song-download</loc>
    </url>
    <url>
      <loc>https://www.pagalsongs.online/chaal-mp3-song-download</loc>
    </url>
    <url>
      <loc>https://www.pagalsongs.online/mohali-shehar-song-download-mp3</loc>
    </url>
    <url>
      <loc>https://www.pagalsongs.online/sohna-yaar-mp3-song-download</loc>
    </url>
    <url>
      <loc>https://www.pagalsongs.online/sajte-ho-mp3-song-download</loc>
    </url>
    <url>
      <loc>https://www.pagalsongs.online/haryanvi-beat-song-download</loc>
    </url>
    <url>
      <loc>https://www.pagalsongs.online/mirchi-mirchi-nazrein-tirchi-remix-alphacue-mp3-song-download</loc>
    </url>
    <url>
      <loc>https://www.pagalsongs.online/night-drive-mashup-2021-aftermorning-mp3-song-download</loc>
    </url>
    <url>
      <loc>https://www.pagalsongs.online/lekar-yaad-teri-reprise-mp3-song-download</loc>
    </url>
    <url>
      <loc>https://www.pagalsongs.online/meri-mohobbat-mp3-song-download</loc>
    </url>
    <url>
      <loc>https://www.pagalsongs.online/lo-maan-liya-cover-mp3-song-download</loc>
    </url>
    <url>
      <loc>https://www.pagalsongs.online/toh-aagaye-hum-mp3-song-download</loc>
    </url>
    <url>
      <loc>https://www.pagalsongs.online/hit-songs-mashup-2020-mashup-mp3-song-download</loc>
    </url>
    <url>
      <loc>https://www.pagalsongs.online/waalian-female-version-cover-mp3-song-download</loc>
    </url>
    <url>
      <loc>https://www.pagalsongs.online/waalian-english-version-cover-mp3-song-download</loc>
    </url>
    <url>
      <loc>https://www.pagalsongs.online/zehar-mp3-song-download</loc>
    </url>
    <url>
      <loc>https://www.pagalsongs.online/jo-tu-chahega-believe-mp3-song-download</loc>
    </url>
    <url>
      <loc>https://www.pagalsongs.online/kabe-dekha-pabo-tor-song-download</loc>
    </url>
    <url>
      <loc>https://www.pagalsongs.online/baba-tomar-dorbare-mp3-song-download</loc>
    </url>
    <url>
      <loc>https://www.pagalsongs.online/jass-manak-mashup-dj-piyu-mp3-song-download</loc>
    </url>
    <url>
      <loc>https://www.pagalsongs.online/royal-rumble-mp3-song-download</loc>
    </url>
    <url>
      <loc>https://www.pagalsongs.online/mirchi-lagi-toh-tapori-mix-dj-dharak-mp3-song-download</loc>
    </url>
    <url>
      <loc>https://www.pagalsongs.online/dard-mp3--song-download-1</loc>
    </url>
    <url>
      <loc>https://www.pagalsongs.online/tu-lagdi-ferrari-mp3-song-download</loc>
    </url>
    <url>
      <loc>https://www.pagalsongs.online/heartbreak-mashup-2020-dj-yogii-mp3-song-download</loc>
    </url>
    <url>
      <loc>https://www.pagalsongs.online/bohot-sahi-mp3-song-download</loc>
    </url>
    <url>
      <loc>https://www.pagalsongs.online/too-notorious-mp3-song-download</loc>
    </url>
    <url>
      <loc>https://www.pagalsongs.online/soorme-mp3-song-download</loc>
    </url>
    <url>
      <loc>https://www.pagalsongs.online/mujhse-bura-na-koi-mp3-song-download</loc>
    </url>
    <url>
      <loc>https://www.pagalsongs.online/peg-sheg-mp3-song-download</loc>
    </url>
    <url>
      <loc>https://www.pagalsongs.online/best-of-19-20-mashup-dj-parth-mp3-song-download</loc>
    </url>
    <url>
      <loc>https://www.pagalsongs.online/godfather-mp3-song-download</loc>
    </url>
    <url>
      <loc>https://www.pagalsongs.online/arijit-singh-emotional-mashup-aftermorning-chillout-mp3-song-download</loc>
    </url>
    <url>
      <loc>https://www.pagalsongs.online/the-zack-knight-mashup-mp3-song-download</loc>
    </url>
    <url>
      <loc>https://www.pagalsongs.online/main-aur-tu-remix-dj-basque-song-download</loc>
    </url>
    <url>
      <loc>https://www.pagalsongs.online/sunday-suspense-lot-no-249-sir-arthur-conan-doyle-mp3--song-download</loc>
    </url>
    <url>
      <loc>https://www.pagalsongs.online/best-of-2020-mega-mashup-dj-dave-nyc-mp3-song-download-2024</loc>
    </url>
    <url>
      <loc>https://www.pagalsongs.online/tere-nashe-mein-remix-dj-basque-mp3-song-download</loc>
    </url>
    <url>
      <loc>https://www.pagalsongs.online/ab-aaja-remix-dj-basque-mp3-song-download</loc>
    </url>
    <url>
      <loc>https://www.pagalsongs.online/shona-shona-english-cover-mp3-song-download</loc>
    </url>
    <url>
      <loc>https://www.pagalsongs.online/ja-ja-ja-remix-dj-basque-mp3-song-download</loc>
    </url>
    <url>
      <loc>https://www.pagalsongs.online/titliaan-remix-dj-yash-mp3-song-download</loc>
    </url>
    <url>
      <loc>https://www.pagalsongs.online/aansu-banke-mp3-song-download</loc>
    </url>
    <url>
      <loc>https://www.pagalsongs.online/kinna-kinna-sona-sona-mp3-song-download</loc>
    </url>
    <url>
      <loc>https://www.pagalsongs.online/reeja-todiya-mp3-song-download</loc>
    </url>
    <url>
      <loc>https://www.pagalsongs.online/putki-vai-mp3-song-download</loc>
    </url>
    <url>
      <loc>https://www.pagalsongs.online/panjab-mp3-song-download</loc>
    </url>
    <url>
      <loc>https://www.pagalsongs.online/attachment-mp3-song-download</loc>
    </url>
    <url>
      <loc>https://www.pagalsongs.online/desi-jatt-mp3-song-download</loc>
    </url>
    <url>
      <loc>https://www.pagalsongs.online/best-of-2020-mashup-dj-shadow-dubai-dj-ansh-mp3-song-download</loc>
    </url>
    <url>
      <loc>https://www.pagalsongs.online/ride-it-kya-yehi-pyar-hai-cover-mp3-song-download</loc>
    </url>
    <url>
      <loc>https://www.pagalsongs.online/jingle-bell-mp3-song-download</loc>
    </url>
    <url>
      <loc>https://www.pagalsongs.online/medallo-city-mp3-song-download</loc>
    </url>
    <url>
      <loc>https://www.pagalsongs.online/lagaya-dil-mp3--song-download</loc>
    </url>
    <url>
      <loc>https://www.pagalsongs.online/holly-bolly-mashup-2020-dj-alfaa-mp3-song-download</loc>
    </url>
    <url>
      <loc>https://www.pagalsongs.online/sawan-mein-lag-gayi-aag-remix-dj-chirag-dubai-mp3-song-download</loc>
    </url>
    <url>
      <loc>https://www.pagalsongs.online/knock-knock-mp3-song-download</loc>
    </url>
    <url>
      <loc>https://www.pagalsongs.online/beh-ja-mp3-song-download-1</loc>
    </url>
    <url>
      <loc>https://www.pagalsongs.online/jogan-mp3-song-download</loc>
    </url>
    <url>
      <loc>https://www.pagalsongs.online/moonlight-mp3--song-download</loc>
    </url>
    <url>
      <loc>https://www.pagalsongs.online/titliaan-cover-shreya-karmakar-mp3-song-download</loc>
    </url>
    <url>
      <loc>https://www.pagalsongs.online/nachunga-aise-mp3-song-download</loc>
    </url>
    <url>
      <loc>https://www.pagalsongs.online/kaun-tujhe-finding-the-light-mp3-song-download</loc>
    </url>
    <url>
      <loc>https://www.pagalsongs.online/marda-saara-india-song-download-pagalworld</loc>
    </url>
    <url>
      <loc>https://www.pagalsongs.online/kasam-mp3-song-download</loc>
    </url>
    <url>
      <loc>https://www.pagalsongs.online/ramjhol-mp3-song-download-1</loc>
    </url>
    <url>
      <loc>https://www.pagalsongs.online/jatt-fatte-chak-mp3-song-download</loc>
    </url>
    <url>
      <loc>https://www.pagalsongs.online/tum-jo-aaye-remix-elvin-nair-dj-rajneel-mp3-song-download</loc>
    </url>
    <url>
      <loc>https://www.pagalsongs.online/tennu-ni-khabran-mp3-song-download</loc>
    </url>
    <url>
      <loc>https://www.pagalsongs.online/aashiq-purana-mp3-song-download</loc>
    </url>
    <url>
      <loc>https://www.pagalsongs.online/teeji-seat-mp3-song-download</loc>
    </url>
    <url>
      <loc>https://www.pagalsongs.online/keh-len-de-mp3-song-download</loc>
    </url>
    <url>
      <loc>https://www.pagalsongs.online/coolie-no-1-title-track-mp3-song-download-1</loc>
    </url>
    <url>
      <loc>https://www.pagalsongs.online/tomar-khola-hawa-mp3-song-download</loc>
    </url>
    <url>
      <loc>https://www.pagalsongs.online/tode-taare-mp3-song-download</loc>
    </url>
    <url>
      <loc>https://www.pagalsongs.online/taaron-ke-shehar-mein-chillout-mix-aftermorning-mp3-song-download</loc>
    </url>
    <url>
      <loc>https://www.pagalsongs.online/behoshi-mp3-song-download</loc>
    </url>
    <url>
      <loc>https://www.pagalsongs.online/wah-guru-mp3-song-download</loc>
    </url>
    <url>
      <loc>https://www.pagalsongs.online/dil-ye-dil-mp3-songs-download-1</loc>
    </url>
    <url>
      <loc>https://www.pagalsongs.online/atrangi-re-mp3-song-download</loc>
    </url>
    <url>
      <loc>https://www.pagalsongs.online/dooriyan-mp3-download</loc>
    </url>
    <url>
      <loc>https://www.pagalsongs.online/main-nahi-jaunga-mp3-song-download</loc>
    </url>
    <url>
      <loc>https://www.pagalsongs.online/ruhama-reprise-mp3-song-download</loc>
    </url>
    <url>
      <loc>https://www.pagalsongs.online/panchi-mp3-song-download</loc>
    </url>
    <url>
      <loc>https://www.pagalsongs.online/ki-kore-bhule-thakbo-toke-song-download</loc>
    </url>
    <url>
      <loc>https://www.pagalsongs.online/senti-jatti-mp3-song-download</loc>
    </url>
    <url>
      <loc>https://www.pagalsongs.online/hot-launde-mp3-song-download</loc>
    </url>
    <url>
      <loc>https://www.pagalsongs.online/uchiyaan-dewaraan-baari-2-remix-dj-shadow-dubai-mp3-song-download</loc>
    </url>
    <url>
      <loc>https://www.pagalsongs.online/punjabiyan-de-dil-warga-mp3-song-download</loc>
    </url>
    <url>
      <loc>https://www.pagalsongs.online/rehnuma-mp3-song-download</loc>
    </url>
    <url>
      <loc>https://www.pagalsongs.online/waada-hai-reprise-mp3-song-download</loc>
    </url>
    <url>
      <loc>https://www.pagalsongs.online/jannat-remix-dj-chirag-dubai-dj-goddess-mp3-song-download</loc>
    </url>
    <url>
      <loc>https://www.pagalsongs.online/race-car-di-mp3-song-download</loc>
    </url>
    <url>
      <loc>https://www.pagalsongs.online/dont-be-the-one-mp3-song-download</loc>
    </url>
    <url>
      <loc>https://www.pagalsongs.online/hussan-mp3--song-download</loc>
    </url>
    <url>
      <loc>https://www.pagalsongs.online/khyaal-rakhya-kar-mp3-song-download</loc>
    </url>
    <url>
      <loc>https://www.pagalsongs.online/ek-raat-mp3-song-download</loc>
    </url>
    <url>
      <loc>https://www.pagalsongs.online/m-l-t-mp3--s-download-1-0</loc>
    </url>
    <url>
      <loc>https://www.pagalsongs.online/rab-se-pehle-hai-tu-mp3-song-download</loc>
    </url>
    <url>
      <loc>https://www.pagalsongs.online/khoma-kore-dilam-tomay-mp3-song-download</loc>
    </url>
    <url>
      <loc>https://www.pagalsongs.online/suit-mp3--song-download</loc>
    </url>
    <url>
      <loc>https://www.pagalsongs.online/una-locura-mp3-song-download</loc>
    </url>
    <url>
      <loc>https://www.pagalsongs.online/darling-mp3-song-download</loc>
    </url>
    <url>
      <loc>https://www.pagalsongs.online/2020-hits-roundup-dj-kiran-kamath-mp3-song-download</loc>
    </url>
    <url>
      <loc>https://www.pagalsongs.online/tomay-amay-mile-cover-mp3-song-download</loc>
    </url>
    <url>
      <loc>https://www.pagalsongs.online/mera-baalam-mp3-song-download-1</loc>
    </url>
    <url>
      <loc>https://www.pagalsongs.online/lol-remix-dj-suketu-mp3-song-download</loc>
    </url>
    <url>
      <loc>https://www.pagalsongs.online/temporary-pyar-mp3-song-download</loc>
    </url>
    <url>
      <loc>https://www.pagalsongs.online/fakiri-mp3-song-download-1</loc>
    </url>
    <url>
      <loc>https://www.pagalsongs.online/all-i-want-for-christmas-is-you-cover-mp3-songs-download-2024</loc>
    </url>
    <url>
      <loc>https://www.pagalsongs.online/oo-champa-mp3-song-download</loc>
    </url>
    <url>
      <loc>https://www.pagalsongs.online/aankhein-meri-mp3-song-download</loc>
    </url>
    <url>
      <loc>https://www.pagalsongs.online/aye-khuda-mp3-song-download</loc>
    </url>
    <url>
      <loc>https://www.pagalsongs.online/pata-nahi-ji-kaun-sa-nasha-karta-hai-ringtone-download-0</loc>
    </url>
    <url>
      <loc>https://www.pagalsongs.online/titliaan-ringtone-download-00</loc>
    </url>
    <url>
      <loc>https://www.pagalsongs.online/besharam-bewaffa-ringtone-download-0</loc>
    </url>
    <url>
      <loc>https://www.pagalsongs.online/veham-ringtone-download-0</loc>
    </url>
    <url>
      <loc>https://www.pagalsongs.online/dil-na-todunga-ringtone-download-0</loc>
    </url>
    <url>
      <loc>https://www.pagalsongs.online/kaisa-hai-bhai-mp3-song-download-1</loc>
    </url>
    <url>
      <loc>https://www.pagalsongs.online/akhiyaan-nu-rehn-de-mp3-song-download</loc>
    </url>
    <url>
      <loc>https://www.pagalsongs.online/move-your-lakk-remix-dj-chirag-dubai-mp3-song-download</loc>
    </url>
    <url>
      <loc>https://www.pagalsongs.online/wow-baby-mp3-song-download</loc>
    </url>
    <url>
      <loc>https://www.pagalsongs.online/talja-talja-mp3-song-download</loc>
    </url>
    <url>
      <loc>https://www.pagalsongs.online/calendar-mp3-song-download</loc>
    </url>
    <url>
      <loc>https://www.pagalsongs.online/tu-mera-nahi-remix-dj-shadow-dubai-mp3-song-download</loc>
    </url>
    <url>
      <loc>https://www.pagalsongs.online/sawan-mein-lag-gayi-aag-remix-dj-aqeel-mp3-song-download</loc>
    </url>
    <url>
      <loc>https://www.pagalsongs.online/gallan-mp3-song-download-1</loc>
    </url>
    <url>
      <loc>https://www.pagalsongs.online/maseeha-mp3-song-download</loc>
    </url>
    <url>
      <loc>https://www.pagalsongs.online/taaron-ke-shehar-mp3-song-download</loc>
    </url>
    <url>
      <loc>https://www.pagalsongs.online/tum-aur-main-mp3-song-download-1</loc>
    </url>
    <url>
      <loc>https://www.pagalsongs.online/awazaan-mp3-song-download</loc>
    </url>
    <url>
      <loc>https://www.pagalsongs.online/akela-tha-mp3-song-download</loc>
    </url>
    <url>
      <loc>https://www.pagalsongs.online/sun-le-zara-mp3-song-download</loc>
    </url>
    <url>
      <loc>https://www.pagalsongs.online/mohabbat-ajnabee-mp3-song-download</loc>
    </url>
    <url>
      <loc>https://www.pagalsongs.online/baari-remix-dj-shadow-dubai-mp3-song-download</loc>
    </url>
    <url>
      <loc>https://www.pagalsongs.online/noor-mp3-song-download</loc>
    </url>
    <url>
      <loc>https://www.pagalsongs.online/uss-gali-mp3-song-download</loc>
    </url>
    <url>
      <loc>https://www.pagalsongs.online/saiyaan-ji-song-download</loc>
    </url>
    <url>
      <loc>https://www.pagalsongs.online/dil-na-todunga-mp3-song-download-1</loc>
    </url>
    <url>
      <loc>https://www.pagalsongs.online/dj-bajwadungi-3-mp3-song-download</loc>
    </url>
    <url>
      <loc>https://www.pagalsongs.online/sajan-ghar-aana-tha-cover-mp3-song-download</loc>
    </url>
    <url>
      <loc>https://www.pagalsongs.online/sun-jara-reprise-mp3--song-download</loc>
    </url>
    <url>
      <loc>https://www.pagalsongs.online/je-tu-na-bulawe-mp3-song-download-pagalworld</loc>
    </url>
    <url>
      <loc>https://www.pagalsongs.online/jattiye-mp3-song-download</loc>
    </url>
    <url>
      <loc>https://www.pagalsongs.online/saajanji-ghar-aaye-cover-mp3-song-download</loc>
    </url>
    <url>
      <loc>https://www.pagalsongs.online/single-hai-g-mp3-song-download</loc>
    </url>
    <url>
      <loc>https://www.pagalsongs.online/sun-nandi-ke-bir-mp3-song-download</loc>
    </url>
    <url>
      <loc>https://www.pagalsongs.online/7-janam-mp3-song-download</loc>
    </url>
    <url>
      <loc>https://www.pagalsongs.online/hey-shona-reloaded-mp3-song-download</loc>
    </url>
    <url>
      <loc>https://www.pagalsongs.online/space-melody-mp3---song-download</loc>
    </url>
    <url>
      <loc>https://www.pagalsongs.online/jaano-vadh-mp3-song-download</loc>
    </url>
    <url>
      <loc>https://www.pagalsongs.online/statue-mp3-song-download-1</loc>
    </url>
    <url>
      <loc>https://www.pagalsongs.online/titliaan-titliyan-english-cover-mp3-song-download</loc>
    </url>
    <url>
      <loc>https://www.pagalsongs.online/yaqeen-mp3-song-download</loc>
    </url>
    <url>
      <loc>https://www.pagalsongs.online/teri-sardarni-mp3-song-download</loc>
    </url>
    <url>
      <loc>https://www.pagalsongs.online/setting-mp3-song-download</loc>
    </url>
    <url>
      <loc>https://www.pagalsongs.online/shona-shona-cover-mp3-song-download</loc>
    </url>
    <url>
      <loc>https://www.pagalsongs.online/taarifein-mp3-song-download-1</loc>
    </url>
    <url>
      <loc>https://www.pagalsongs.online/ek-pappi-mp3-song-download</loc>
    </url>
    <url>
      <loc>https://www.pagalsongs.online/tu-tu-hai-wahi-cover-mp3-song-download</loc>
    </url>
    <url>
      <loc>https://www.pagalsongs.online/taaron-ke-shehar-cover-mp3-song-download</loc>
    </url>
    <url>
      <loc>https://www.pagalsongs.online/veham-mp3-song-download</loc>
    </url>
    <url>
      <loc>https://www.pagalsongs.online/aankh-uthi-mp3-song-download</loc>
    </url>
    <url>
      <loc>https://www.pagalsongs.online/titliaan-cover-mp3-song-download</loc>
    </url>
    <url>
      <loc>https://www.pagalsongs.online/besharam-bewaffa-cover-mp3-song-download</loc>
    </url>
    <url>
      <loc>https://www.pagalsongs.online/intzaar-mp3-song-download</loc>
    </url>
    <url>
      <loc>https://www.pagalsongs.online/heer-mp3-song-download</loc>
    </url>
    <url>
      <loc>https://www.pagalsongs.online/kithe-cover-mp3-song-download</loc>
    </url>
    <url>
      <loc>https://www.pagalsongs.online/asool-mp3-song-download</loc>
    </url>
    <url>
      <loc>https://www.pagalsongs.online/dil-galti-kar-baitha-hai-cover-mp3-song-download</loc>
    </url>
    <url>
      <loc>https://www.pagalsongs.online/pehlan-tere-karke-mp3-song-download</loc>
    </url>
    <url>
      <loc>https://www.pagalsongs.online/haseena-mp3-song-download</loc>
    </url>
    <url>
      <loc>https://www.pagalsongs.online/tu-phir-se-aana-mp3-song-download</loc>
    </url>
    <url>
      <loc>https://www.pagalsongs.online/juda-kar-diya-mp3--songs-download</loc>
    </url>
    <url>
      <loc>https://www.pagalsongs.online/baras-baras-mp3-song-download</loc>
    </url>
    <url>
      <loc>https://www.pagalsongs.online/collarbone-mp3-song-download</loc>
    </url>
    <url>
      <loc>https://www.pagalsongs.online/jhalak-dikhla-ja-x-aashiq-banaya-aapne-cover-mp3-song-download</loc>
    </url>
    <url>
      <loc>https://www.pagalsongs.online/uchiyaan-dewaraan-baari-2-mp3-song-download</loc>
    </url>
    <url>
      <loc>https://www.pagalsongs.online/3-59-am-mp3-song-download</loc>
    </url>
    <url>
      <loc>https://www.pagalsongs.online/ek-dua-mp3-song-download-1</loc>
    </url>
    <url>
      <loc>https://www.pagalsongs.online/mitraan-di-jaan-mp3-song-download</loc>
    </url>
    <url>
      <loc>https://www.pagalsongs.online/yo-yo-honey-singh-first-kiss-song-download-pagalworld</loc>
    </url>
    <url>
      <loc>https://www.pagalsongs.online/nayan-mp3-song-download</loc>
    </url>
    <url>
      <loc>https://www.pagalsongs.online/waade-wafa-ke-mp3--song-download</loc>
    </url>
    <url>
      <loc>https://www.pagalsongs.online/first-kiss-song-download-pagalworld-</loc>
    </url>
    <url>
      <loc>https://www.pagalsongs.online/mohabbat-mp3-song-download</loc>
    </url>
    <url>
      <loc>https://www.pagalsongs.online/fitrat-mp3-song-download</loc>
    </url>
    <url>
      <loc>https://www.pagalsongs.online/yeh-dil-mp3-song-download</loc>
    </url>
    <url>
      <loc>https://www.pagalsongs.online/hamari-kahani-mp3-song-download</loc>
    </url>
    <url>
      <loc>https://www.pagalsongs.online/dil-tera-mp3-song-download</loc>
    </url>
    <url>
      <loc>https://www.pagalsongs.online/guilty-song-download</loc>
    </url>
    <url>
      <loc>https://www.pagalsongs.online/milna-nahi-mp3-song-download</loc>
    </url>
    <url>
      <loc>https://www.pagalsongs.online/ek-din-mp3--song-download</loc>
    </url>
    <url>
      <loc>https://www.pagalsongs.online/akela-dil-mp3-song-download-1</loc>
    </url>
    <url>
      <loc>https://www.pagalsongs.online/mukkiea-mp3-song-download</loc>
    </url>
    <url>
      <loc>https://www.pagalsongs.online/husn-hai-suhana-mp3-song-download-1-2024</loc>
    </url>
    <url>
      <loc>https://www.pagalsongs.online/hum-tum-acoustic-mp3-songs-download-1</loc>
    </url>
    <url>
      <loc>https://www.pagalsongs.online/kamaal-karte-ho-mp3-song-download</loc>
    </url>
    <url>
      <loc>https://www.pagalsongs.online/adhura-song-download-mp3</loc>
    </url>
    <url>
      <loc>https://www.pagalsongs.online/tere-naam-mp3-song-download</loc>
    </url>
    <url>
      <loc>https://www.pagalsongs.online/ring-ring-mp3-song-download</loc>
    </url>
    <url>
      <loc>https://www.pagalsongs.online/first-kiss-mp3-song-download-pagalworld-12-0-0</loc>
    </url>
    <url>
      <loc>https://www.pagalsongs.online/pyar-pehla-wangu-mp3-song-download-1</loc>
    </url>
    <url>
      <loc>https://www.pagalsongs.online/mai-manna-ni-yaara-mp3-song-download</loc>
    </url>
    <url>
      <loc>https://www.pagalsongs.online/tere-intezar-me-mp3--song-download-1</loc>
    </url>
    <url>
      <loc>https://www.pagalsongs.online/beautiful-to-me-mp3-song-download</loc>
    </url>
    <url>
      <loc>https://www.pagalsongs.online/heelein-toot-gayi-mp3-song-download</loc>
    </url>
    <url>
      <loc>https://www.pagalsongs.online/dil-julaha-mp3-song-download</loc>
    </url>
    <url>
      <loc>https://www.pagalsongs.online/sun-fer-mp3-song-download</loc>
    </url>
    <url>
      <loc>https://www.pagalsongs.online/taare-mp3-song-download</loc>
    </url>
    <url>
      <loc>https://www.pagalsongs.online/tumpa-mp3-song-download-2024</loc>
    </url>
    <url>
      <loc>https://www.pagalsongs.online/oye-hoye-mp3-song-download</loc>
    </url>
    <url>
      <loc>https://www.pagalsongs.online/jaane-meri-mp3-song-download-1</loc>
    </url>
    <url>
      <loc>https://www.pagalsongs.online/dream-mp3-song-download</loc>
    </url>
    <url>
      <loc>https://www.pagalsongs.online/crazy-lady-mp3-song-download-1</loc>
    </url>
    <url>
      <loc>https://www.pagalsongs.online/dil-naal-salah-mp3-song-download</loc>
    </url>
    <url>
      <loc>https://www.pagalsongs.online/besharam-bewaffa-mp3-song-download</loc>
    </url>
    <url>
      <loc>https://www.pagalsongs.online/dont-follow-mp3-song-download</loc>
    </url>
    <url>
      <loc>https://www.pagalsongs.online/woh-chaand-kahan-se-laogi-mp3-song-download-1</loc>
    </url>
    <url>
      <loc>https://www.pagalsongs.online/lambo-car-mp3-song-download</loc>
    </url>
    <url>
      <loc>https://www.pagalsongs.online/tere-liye-mp3-song-download</loc>
    </url>
    <url>
      <loc>https://www.pagalsongs.online/mera-dil-mp3-song-download</loc>
    </url>
    <url>
      <loc>https://www.pagalsongs.online/shona-shona-song-download-shehnaz-gill-pagalworld</loc>
    </url>
    <url>
      <loc>https://www.pagalsongs.online/gucci-wala-sapp-mp3-song-download</loc>
    </url>
    <url>
      <loc>https://www.pagalsongs.online/meri-tum-ho-mp3-song-download-2024</loc>
    </url>
    <url>
      <loc>https://www.pagalsongs.online/vailpuna-mp3-song-download</loc>
    </url>
    <url>
      <loc>https://www.pagalsongs.online/do-nain-mp3-song-download</loc>
    </url>
    <url>
      <loc>https://www.pagalsongs.online/aabaad-barbaad-mp3-song-download</loc>
    </url>
    <url>
      <loc>https://www.pagalsongs.online/ki-kita-mp3-song-download</loc>
    </url>
    <url>
      <loc>https://www.pagalsongs.online/gulabi-rang-mp3-song-download</loc>
    </url>
    <url>
      <loc>https://www.pagalsongs.online/des-ae-tera-mp3-song-download</loc>
    </url>
    <url>
      <loc>https://www.pagalsongs.online/how-many-mp3--song-download</loc>
    </url>
    <url>
      <loc>https://www.pagalsongs.online/yaari-sardari-mp3-song-download</loc>
    </url>
    <url>
      <loc>https://www.pagalsongs.online/challiya-mp3-song-download</loc>
    </url>
    <url>
      <loc>https://www.pagalsongs.online/wish-mp3-song-download</loc>
    </url>
    <url>
      <loc>https://www.pagalsongs.online/majha-block-mp3-song-download</loc>
    </url>
    <url>
      <loc>https://www.pagalsongs.online/charche-mp3-song-download</loc>
    </url>
    <url>
      <loc>https://www.pagalsongs.online/good-time-mp3-song-download</loc>
    </url>
    <url>
      <loc>https://www.pagalsongs.online/same-here-mp3-song-download</loc>
    </url>
    <url>
      <loc>https://www.pagalsongs.online/teri-load-ve-mp3-song-download</loc>
    </url>
    <url>
      <loc>https://www.pagalsongs.online/rona-likha-tha-mp3-song-download</loc>
    </url>
    <url>
      <loc>https://www.pagalsongs.online/waareys-mp3-song-download-1-00</loc>
    </url>
    <url>
      <loc>https://www.pagalsongs.online/mere-naal-nachna-mp3-song-download</loc>
    </url>
    <url>
      <loc>https://www.pagalsongs.online/first-kiss-mp3-song-download-120</loc>
    </url>
    <url>
      <loc>https://www.pagalsongs.online/tere-ton-bina-mp3-song-download</loc>
    </url>
    <url>
      <loc>https://www.pagalsongs.online/all-about-gang-mp3-song-download</loc>
    </url>
    <url>
      <loc>https://www.pagalsongs.online/bol-jatt-da-mp3-song-download</loc>
    </url>
    <url>
      <loc>https://www.pagalsongs.online/zero-to-rise-mp3-song-download</loc>
    </url>
    <url>
      <loc>https://www.pagalsongs.online/ohhhhhhh-mp3-song-download</loc>
    </url>
    <url>
      <loc>https://www.pagalsongs.online/bewafa-tera-masoom-chehra-mp3-song-download</loc>
    </url>
    <url>
      <loc>https://www.pagalsongs.online/hon-nhi-dena-mp3-song-download</loc>
    </url>
    <url>
      <loc>https://www.pagalsongs.online/khatam-hue-waande-mp3-song-download</loc>
    </url>
    <url>
      <loc>https://www.pagalsongs.online/suit-majenta-mp3-song-download</loc>
    </url>
    <url>
      <loc>https://www.pagalsongs.online/gold-di-jutti-mp3-song-download</loc>
    </url>
    <url>
      <loc>https://www.pagalsongs.online/kalakaar-mp3-song-download</loc>
    </url>
    <url>
      <loc>https://www.pagalsongs.online/alvida-mp3-song-download</loc>
    </url>
    <url>
      <loc>https://www.pagalsongs.online/haami-teri-mp3-song-download</loc>
    </url>
    <url>
      <loc>https://www.pagalsongs.online/mukhda-mp3-song-download</loc>
    </url>
    <url>
      <loc>https://www.pagalsongs.online/oh-ki-lagche-2-mp3-song-download</loc>
    </url>
    <url>
      <loc>https://www.pagalsongs.online/fida-mp3-song-download</loc>
    </url>
    <url>
      <loc>https://www.pagalsongs.online/berukhi-mp3-song-download</loc>
    </url>
    <url>
      <loc>https://www.pagalsongs.online/awaara-mp3-song-download</loc>
    </url>
    <url>
      <loc>https://www.pagalsongs.online/tom-cruise-mp3-song-download</loc>
    </url>
    <url>
      <loc>https://www.pagalsongs.online/chithiyaan-mp3-song-download</loc>
    </url>
    <url>
      <loc>https://www.pagalsongs.online/deedar-de-mp3-song-download</loc>
    </url>
    <url>
      <loc>https://www.pagalsongs.online/ex-calling-mp3-song-download</loc>
    </url>
    <url>
      <loc>https://www.pagalsongs.online/phulkari-mp3-song-download</loc>
    </url>
    <url>
      <loc>https://www.pagalsongs.online/titliaan-mp3-song-download-</loc>
    </url>
    <url>
      <loc>https://www.pagalsongs.online/main-kisi-aur-ka-mp3-song-download</loc>
    </url>
    <url>
      <loc>https://www.pagalsongs.online/barsaat-mp3-song-download</loc>
    </url>
    <url>
      <loc>https://www.pagalsongs.online/judaiyaan-reprise-darshan-raval-mp3-song-download</loc>
    </url>
    <url>
      <loc>https://www.pagalsongs.online/mascarey-wali-akh-mp3-song-download</loc>
    </url>
    <url>
      <loc>https://www.pagalsongs.online/mahindra-thar-song-download</loc>
    </url>
    <url>
      <loc>https://www.pagalsongs.online/face-to-face-song-download</loc>
    </url>
    <url>
      <loc>https://www.pagalsongs.online/tu-mera-nahi-mp3-song-download-1</loc>
    </url>
    <url>
      <loc>https://www.pagalsongs.online/gabru-dream-varga</loc>
    </url>
    <url>
      <loc>https://www.pagalsongs.online/log-kya-kahenge-song-download</loc>
    </url>
    <url>
      <loc>https://www.pagalsongs.online/maa-song-download</loc>
    </url>
    <url>
      <loc>https://www.pagalsongs.online/sayonee-song-download</loc>
    </url>
    <url>
      <loc>https://www.pagalsongs.online/parmish-verma-shadgi-song</loc>
    </url>
    <url>
      <loc>https://www.pagalsongs.online/tu-khuda-to-nah-songs</loc>
    </url>
    <url>
      <loc>https://www.pagalsongs.online/hardum-humdum</loc>
    </url>
    <url>
      <loc>https://www.pagalsongs.online/khona-hai-song-donload</loc>
    </url>
    <url>
      <loc>https://www.pagalsongs.online/zara-aur-pass</loc>
    </url>
    <url>
      <loc>https://www.pagalsongs.online/date-kar-le-song-download</loc>
    </url>
    <url>
      <loc>https://www.pagalsongs.online/arjun-kanungo-waada-hai-song-download</loc>
    </url>
    <url>
      <loc>https://www.pagalsongs.online/thehra-shreya-jain</loc>
    </url>
    <url>
      <loc>https://www.pagalsongs.online/zindgi-song-download-punjabi</loc>
    </url>
    <url>
      <loc>https://www.pagalsongs.online/mujhe-peene-do</loc>
    </url>
    <url>
      <loc>https://www.pagalsongs.online/kehnde-rehnde</loc>
    </url>
    <url>
      <loc>https://www.pagalsongs.online/guru-randhawa-teri-choriyaan-song-download</loc>
    </url>
    <url>
      <loc>https://www.pagalsongs.online/jatti</loc>
    </url>
    <url>
      <loc>https://www.pagalsongs.online/all-good-song-download</loc>
    </url>
    <url>
      <loc>https://www.pagalsongs.online/jaan-song-download</loc>
    </url>
    <url>
      <loc>https://www.pagalsongs.online/tumse-mohabbat-hai-mp3-song-0</loc>
    </url>
    <url>
      <loc>https://www.pagalsongs.online/tulsi-kumar-tanhaai-song-download</loc>
    </url>
    <url>
      <loc>https://www.pagalsongs.online/hypnotic-eyes</loc>
    </url>
    <url>
      <loc>https://www.pagalsongs.online/r-nait-goli-song-download</loc>
    </url>
    <url>
      <loc>https://www.pagalsongs.online/sohna-sohna-munda-mp3</loc>
    </url>
    <url>
      <loc>https://www.pagalsongs.online/100-kadam-pe</loc>
    </url>
    <url>
      <loc>https://www.pagalsongs.online/bachalo-song-download</loc>
    </url>
    <url>
      <loc>https://www.pagalsongs.online/care-ni-karda</loc>
    </url>
    <url>
      <loc>https://www.pagalsongs.online/dil-kissko-du-song-download</loc>
    </url>
    <url>
      <loc>https://www.pagalsongs.online/pia-song-download</loc>
    </url>
    <url>
      <loc>https://www.pagalsongs.online/tony-kakkar-laila-song-download</loc>
    </url>
    <url>
      <loc>https://www.pagalsongs.online/maney-na</loc>
    </url>
    <url>
      <loc>https://www.pagalsongs.online/nehu-da-vyah</loc>
    </url>
    <url>
      <loc>https://www.pagalsongs.online/naach-meri-rani-0</loc>
    </url>
    <url>
      <loc>https://www.pagalsongs.online/banglow-song-download</loc>
    </url>
    <url>
      <loc>https://www.pagalsongs.online/milke-tujhe-song-download</loc>
    </url>
    <url>
      <loc>https://www.pagalsongs.online/darshan-raval-judaiyaan-song-download</loc>
    </url>
    <url>
      <loc>https://www.pagalsongs.online/karan-aujla-math-song-download</loc>
    </url>
    <url>
      <loc>https://www.pagalsongs.online/divine-mirchi--mp3-song-download</loc>
    </url>
    <url>
      <loc>https://www.pagalsongs.online/time-chakda</loc>
    </url>
    <url>
      <loc>https://www.pagalsongs.online/kya-karu-song-download</loc>
    </url>
    <url>
      <loc>https://www.pagalsongs.online/mukto-kore-dao-arijit-singh</loc>
    </url>
    <url>
      <loc>https://www.pagalsongs.online/genda-phool-tabla-folk-mix-download</loc>
    </url>
    <url>
      <loc>https://www.pagalsongs.online/tu-zaheen-hai-mp3-song-download-1-2024</loc>
    </url>
    <url>
      <loc>https://www.pagalsongs.online/tere-siva-0</loc>
    </url>
    <url>
      <loc>https://www.pagalsongs.online/ankhiyaan-song-download</loc>
    </url>
    <url>
      <loc>https://www.pagalsongs.online/bhulbo-kemoney</loc>
    </url>
    <url>
      <loc>https://www.pagalsongs.online/teri-aankhon-mein</loc>
    </url>
    <url>
      <loc>https://www.pagalsongs.online/fix-match-song-download</loc>
    </url></urlset>